forrtl: error (78): process killed (SIGTERM)
Image              PC                Routine            Line        Source             
pw.x               00000000010225FA  Unknown               Unknown  Unknown
libpthread-2.17.s  00002AD034E555E0  Unknown               Unknown  Unknown
libmpi.so.12       00002AD033E5FEB8  PMPIDI_CH3I_Progr     Unknown  Unknown
libmpi.so.12.0     00002AD034003243  Unknown               Unknown  Unknown
libmpi.so.12.0     00002AD033E12F46  Unknown               Unknown  Unknown
libmpi.so.12       00002AD033E150BF  MPI_Alltoall          Unknown  Unknown
libmpifort.so.12.  00002AD0339C042E  mpi_alltoall__        Unknown  Unknown
pw.x               0000000000E3E3E6  fft_scatter_2d_mp         123  fft_scatter_2d.f90
pw.x               0000000000E55397  fft_parallel_2d_m         172  fft_parallel_2d.f90
pw.x               0000000000E40685  invfft_y_                  91  fft_fwinv.f90
pw.x               0000000000A30430  fft_wave_mp_wave_         152  fft_wave.f90
pw.x               000000000082BE7A  vloc_psi_k_               259  vloc_psi.f90
pw.x               00000000007AC2F1  h_psi__                   221  h_psi.f90
pw.x               00000000007ABD66  h_psi_                     71  h_psi.f90
pw.x               000000000086DDE3  pcegterg_                1021  cegterg.f90
pw.x               0000000000687E53  diag_bands_IP_dia        1028  c_bands.f90
pw.x               000000000068663C  diag_bands_               322  c_bands.f90
pw.x               0000000000685075  c_bands_                  132  c_bands.f90
pw.x               000000000040DEAE  electrons_scf_            689  electrons.f90
pw.x               000000000040B14D  electrons_                192  electrons.f90
pw.x               00000000005888D2  run_pwscf_                189  run_pwscf.f90
pw.x               00000000004084B4  MAIN__                     85  pwscf.f90
pw.x               000000000040831E  Unknown               Unknown  Unknown
libc-2.17.so       00002AD035729C05  __libc_start_main     Unknown  Unknown
pw.x               0000000000408229  Unknown               Unknown  Unknown
forrtl: error (78): process killed (SIGTERM)
Image              PC                Routine            Line        Source             
pw.x               00000000010225FA  Unknown               Unknown  Unknown
libpthread-2.17.s  00002B8D676BB5E0  Unknown               Unknown  Unknown
libmpi.so.12       00002B8D666C624F  PMPIDI_CH3I_Progr     Unknown  Unknown
libmpi.so.12.0     00002B8D66869243  Unknown               Unknown  Unknown
libmpi.so.12.0     00002B8D66678F46  Unknown               Unknown  Unknown
libmpi.so.12       00002B8D6667B0BF  MPI_Alltoall          Unknown  Unknown
libmpifort.so.12.  00002B8D6622642E  mpi_alltoall__        Unknown  Unknown
pw.x               0000000000E3E3E6  fft_scatter_2d_mp         123  fft_scatter_2d.f90
pw.x               0000000000E55397  fft_parallel_2d_m         172  fft_parallel_2d.f90
pw.x               0000000000E40685  invfft_y_                  91  fft_fwinv.f90
pw.x               0000000000A30430  fft_wave_mp_wave_         152  fft_wave.f90
pw.x               000000000082BE7A  vloc_psi_k_               259  vloc_psi.f90
pw.x               00000000007AC2F1  h_psi__                   221  h_psi.f90
pw.x               00000000007ABD66  h_psi_                     71  h_psi.f90
pw.x               000000000086DDE3  pcegterg_                1021  cegterg.f90
pw.x               0000000000687E53  diag_bands_IP_dia        1028  c_bands.f90
pw.x               000000000068663C  diag_bands_               322  c_bands.f90
pw.x               0000000000685075  c_bands_                  132  c_bands.f90
pw.x               000000000040DEAE  electrons_scf_            689  electrons.f90
pw.x               000000000040B14D  electrons_                192  electrons.f90
pw.x               00000000005888D2  run_pwscf_                189  run_pwscf.f90
pw.x               00000000004084B4  MAIN__                     85  pwscf.f90
pw.x               000000000040831E  Unknown               Unknown  Unknown
libc-2.17.so       00002B8D67F8FC05  __libc_start_main     Unknown  Unknown
pw.x               0000000000408229  Unknown               Unknown  Unknown
forrtl: error (78): process killed (SIGTERM)
Image              PC                Routine            Line        Source             
pw.x               00000000010225FA  Unknown               Unknown  Unknown
libpthread-2.17.s  00002B81AC04B5E0  Unknown               Unknown  Unknown
libmpi.so.12       00002B81AB055EB8  PMPIDI_CH3I_Progr     Unknown  Unknown
libmpi.so.12.0     00002B81AB1F9243  Unknown               Unknown  Unknown
libmpi.so.12.0     00002B81AB008F46  Unknown               Unknown  Unknown
libmpi.so.12       00002B81AB00B0BF  MPI_Alltoall          Unknown  Unknown
libmpifort.so.12.  00002B81AABB642E  mpi_alltoall__        Unknown  Unknown
pw.x               0000000000E3E3E6  fft_scatter_2d_mp         123  fft_scatter_2d.f90
pw.x               0000000000E55397  fft_parallel_2d_m         172  fft_parallel_2d.f90
pw.x               0000000000E40685  invfft_y_                  91  fft_fwinv.f90
pw.x               0000000000A30430  fft_wave_mp_wave_         152  fft_wave.f90
pw.x               000000000082BE7A  vloc_psi_k_               259  vloc_psi.f90
pw.x               00000000007AC2F1  h_psi__                   221  h_psi.f90
pw.x               00000000007ABD66  h_psi_                     71  h_psi.f90
pw.x               000000000086DDE3  pcegterg_                1021  cegterg.f90
pw.x               0000000000687E53  diag_bands_IP_dia        1028  c_bands.f90
pw.x               000000000068663C  diag_bands_               322  c_bands.f90
pw.x               0000000000685075  c_bands_                  132  c_bands.f90
pw.x               000000000040DEAE  electrons_scf_            689  electrons.f90
pw.x               000000000040B14D  electrons_                192  electrons.f90
pw.x               00000000005888D2  run_pwscf_                189  run_pwscf.f90
pw.x               00000000004084B4  MAIN__                     85  pwscf.f90
pw.x               000000000040831E  Unknown               Unknown  Unknown
libc-2.17.so       00002B81AC91FC05  __libc_start_main     Unknown  Unknown
pw.x               0000000000408229  Unknown               Unknown  Unknown
forrtl: error (78): process killed (SIGTERM)
Image              PC                Routine            Line        Source             
pw.x               00000000010225FA  Unknown               Unknown  Unknown
libpthread-2.17.s  00002AE7502C55E0  Unknown               Unknown  Unknown
libmpi.so.12       00002AE74F2CFEBF  PMPIDI_CH3I_Progr     Unknown  Unknown
libmpi.so.12.0     00002AE74F473243  Unknown               Unknown  Unknown
libmpi.so.12.0     00002AE74F282F46  Unknown               Unknown  Unknown
libmpi.so.12       00002AE74F2850BF  MPI_Alltoall          Unknown  Unknown
libmpifort.so.12.  00002AE74EE3042E  mpi_alltoall__        Unknown  Unknown
pw.x               0000000000E3E3E6  fft_scatter_2d_mp         123  fft_scatter_2d.f90
pw.x               0000000000E55397  fft_parallel_2d_m         172  fft_parallel_2d.f90
pw.x               0000000000E40685  invfft_y_                  91  fft_fwinv.f90
pw.x               0000000000A30430  fft_wave_mp_wave_         152  fft_wave.f90
pw.x               000000000082BE7A  vloc_psi_k_               259  vloc_psi.f90
pw.x               00000000007AC2F1  h_psi__                   221  h_psi.f90
pw.x               00000000007ABD66  h_psi_                     71  h_psi.f90
pw.x               000000000086DDE3  pcegterg_                1021  cegterg.f90
pw.x               0000000000687E53  diag_bands_IP_dia        1028  c_bands.f90
pw.x               000000000068663C  diag_bands_               322  c_bands.f90
pw.x               0000000000685075  c_bands_                  132  c_bands.f90
pw.x               000000000040DEAE  electrons_scf_            689  electrons.f90
pw.x               000000000040B14D  electrons_                192  electrons.f90
pw.x               00000000005888D2  run_pwscf_                189  run_pwscf.f90
pw.x               00000000004084B4  MAIN__                     85  pwscf.f90
pw.x               000000000040831E  Unknown               Unknown  Unknown
libc-2.17.so       00002AE750B99C05  __libc_start_main     Unknown  Unknown
pw.x               0000000000408229  Unknown               Unknown  Unknown
forrtl: error (78): process killed (SIGTERM)
Image              PC                Routine            Line        Source             
pw.x               00000000010225FA  Unknown               Unknown  Unknown
libpthread-2.17.s  00002B92E1B9F5E0  Unknown               Unknown  Unknown
libmpi.so.12       00002B92E0BA9EB8  PMPIDI_CH3I_Progr     Unknown  Unknown
libmpi.so.12.0     00002B92E0D4D243  Unknown               Unknown  Unknown
libmpi.so.12.0     00002B92E0B5CF46  Unknown               Unknown  Unknown
libmpi.so.12       00002B92E0B5F0BF  MPI_Alltoall          Unknown  Unknown
libmpifort.so.12.  00002B92E070A42E  mpi_alltoall__        Unknown  Unknown
pw.x               0000000000E3E3E6  fft_scatter_2d_mp         123  fft_scatter_2d.f90
pw.x               0000000000E55397  fft_parallel_2d_m         172  fft_parallel_2d.f90
pw.x               0000000000E40685  invfft_y_                  91  fft_fwinv.f90
pw.x               0000000000A30430  fft_wave_mp_wave_         152  fft_wave.f90
pw.x               000000000082BE7A  vloc_psi_k_               259  vloc_psi.f90
pw.x               00000000007AC2F1  h_psi__                   221  h_psi.f90
pw.x               00000000007ABD66  h_psi_                     71  h_psi.f90
pw.x               000000000086DDE3  pcegterg_                1021  cegterg.f90
pw.x               0000000000687E53  diag_bands_IP_dia        1028  c_bands.f90
pw.x               000000000068663C  diag_bands_               322  c_bands.f90
pw.x               0000000000685075  c_bands_                  132  c_bands.f90
pw.x               000000000040DEAE  electrons_scf_            689  electrons.f90
pw.x               000000000040B14D  electrons_                192  electrons.f90
pw.x               00000000005888D2  run_pwscf_                189  run_pwscf.f90
pw.x               00000000004084B4  MAIN__                     85  pwscf.f90
pw.x               000000000040831E  Unknown               Unknown  Unknown
libc-2.17.so       00002B92E2473C05  __libc_start_main     Unknown  Unknown
pw.x               0000000000408229  Unknown               Unknown  Unknown
forrtl: error (78): process killed (SIGTERM)
Image              PC                Routine            Line        Source             
pw.x               00000000010225FA  Unknown               Unknown  Unknown
libpthread-2.17.s  00002B236A32C5E0  Unknown               Unknown  Unknown
libmpi.so.12       00002B236933739B  PMPIDI_CH3I_Progr     Unknown  Unknown
libmpi.so.12.0     00002B23694DA243  Unknown               Unknown  Unknown
libmpi.so.12.0     00002B23692E9F46  Unknown               Unknown  Unknown
libmpi.so.12       00002B23692EC0BF  MPI_Alltoall          Unknown  Unknown
libmpifort.so.12.  00002B2368E9742E  mpi_alltoall__        Unknown  Unknown
pw.x               0000000000E3E3E6  fft_scatter_2d_mp         123  fft_scatter_2d.f90
pw.x               0000000000E55397  fft_parallel_2d_m         172  fft_parallel_2d.f90
pw.x               0000000000E40685  invfft_y_                  91  fft_fwinv.f90
pw.x               0000000000A30430  fft_wave_mp_wave_         152  fft_wave.f90
pw.x               000000000082BE7A  vloc_psi_k_               259  vloc_psi.f90
pw.x               00000000007AC2F1  h_psi__                   221  h_psi.f90
pw.x               00000000007ABD66  h_psi_                     71  h_psi.f90
pw.x               000000000086DDE3  pcegterg_                1021  cegterg.f90
pw.x               0000000000687E53  diag_bands_IP_dia        1028  c_bands.f90
pw.x               000000000068663C  diag_bands_               322  c_bands.f90
pw.x               0000000000685075  c_bands_                  132  c_bands.f90
pw.x               000000000040DEAE  electrons_scf_            689  electrons.f90
pw.x               000000000040B14D  electrons_                192  electrons.f90
pw.x               00000000005888D2  run_pwscf_                189  run_pwscf.f90
pw.x               00000000004084B4  MAIN__                     85  pwscf.f90
pw.x               000000000040831E  Unknown               Unknown  Unknown
libc-2.17.so       00002B236AC00C05  __libc_start_main     Unknown  Unknown
pw.x               0000000000408229  Unknown               Unknown  Unknown
forrtl: error (78): process killed (SIGTERM)
Image              PC                Routine            Line        Source             
pw.x               00000000010225FA  Unknown               Unknown  Unknown
libpthread-2.17.s  00002B8B306E45E0  Unknown               Unknown  Unknown
pw.x               0000000001022490  Unknown               Unknown  Unknown
libpthread-2.17.s  00002B8B306E45E0  Unknown               Unknown  Unknown
libmpi.so.12       00002B8B2F6EEEC5  PMPIDI_CH3I_Progr     Unknown  Unknown
libmpi.so.12.0     00002B8B2F892243  Unknown               Unknown  Unknown
libmpi.so.12.0     00002B8B2F6A1F46  Unknown               Unknown  Unknown
libmpi.so.12       00002B8B2F6A40BF  MPI_Alltoall          Unknown  Unknown
libmpifort.so.12.  00002B8B2F24F42E  mpi_alltoall__        Unknown  Unknown
pw.x               0000000000E3E3E6  fft_scatter_2d_mp         123  fft_scatter_2d.f90
pw.x               0000000000E55397  fft_parallel_2d_m         172  fft_parallel_2d.f90
pw.x               0000000000E40685  invfft_y_                  91  fft_fwinv.f90
pw.x               0000000000A30430  fft_wave_mp_wave_         152  fft_wave.f90
pw.x               000000000082BE7A  vloc_psi_k_               259  vloc_psi.f90
pw.x               00000000007AC2F1  h_psi__                   221  h_psi.f90
pw.x               00000000007ABD66  h_psi_                     71  h_psi.f90
pw.x               000000000086DDE3  pcegterg_                1021  cegterg.f90
pw.x               0000000000687E53  diag_bands_IP_dia        1028  c_bands.f90
pw.x               000000000068663C  diag_bands_               322  c_bands.f90
pw.x               0000000000685075  c_bands_                  132  c_bands.f90
pw.x               000000000040DEAE  electrons_scf_            689  electrons.f90
pw.x               000000000040B14D  electrons_                192  electrons.f90
pw.x               00000000005888D2  run_pwscf_                189  run_pwscf.f90
pw.x               00000000004084B4  MAIN__                     85  pwscf.f90
pw.x               000000000040831E  Unknown               Unknown  Unknown
libc-2.17.so       00002B8B30FB8C05  __libc_start_main     Unknown  Unknown
pw.x               0000000000408229  Unknown               Unknown  Unknown
forrtl: error (78): process killed (SIGTERM)
Image              PC                Routine            Line        Source             
pw.x               00000000010225FA  Unknown               Unknown  Unknown
libpthread-2.17.s  00002ACFEF5EB5E0  Unknown               Unknown  Unknown
libmpi.so.12       00002ACFEE5F5EB8  PMPIDI_CH3I_Progr     Unknown  Unknown
libmpi.so.12.0     00002ACFEE799243  Unknown               Unknown  Unknown
libmpi.so.12.0     00002ACFEE5A8F46  Unknown               Unknown  Unknown
libmpi.so.12       00002ACFEE5AB0BF  MPI_Alltoall          Unknown  Unknown
libmpifort.so.12.  00002ACFEE15642E  mpi_alltoall__        Unknown  Unknown
pw.x               0000000000E3E3E6  fft_scatter_2d_mp         123  fft_scatter_2d.f90
pw.x               0000000000E55397  fft_parallel_2d_m         172  fft_parallel_2d.f90
pw.x               0000000000E40685  invfft_y_                  91  fft_fwinv.f90
pw.x               0000000000A30430  fft_wave_mp_wave_         152  fft_wave.f90
pw.x               000000000082BE7A  vloc_psi_k_               259  vloc_psi.f90
pw.x               00000000007AC2F1  h_psi__                   221  h_psi.f90
pw.x               00000000007ABD66  h_psi_                     71  h_psi.f90
pw.x               000000000086DDE3  pcegterg_                1021  cegterg.f90
pw.x               0000000000687E53  diag_bands_IP_dia        1028  c_bands.f90
pw.x               000000000068663C  diag_bands_               322  c_bands.f90
pw.x               0000000000685075  c_bands_                  132  c_bands.f90
pw.x               000000000040DEAE  electrons_scf_            689  electrons.f90
pw.x               000000000040B14D  electrons_                192  electrons.f90
pw.x               00000000005888D2  run_pwscf_                189  run_pwscf.f90
pw.x               00000000004084B4  MAIN__                     85  pwscf.f90
pw.x               000000000040831E  Unknown               Unknown  Unknown
libc-2.17.so       00002ACFEFEBFC05  __libc_start_main     Unknown  Unknown
pw.x               0000000000408229  Unknown               Unknown  Unknown
forrtl: error (78): process killed (SIGTERM)
Image              PC                Routine            Line        Source             
pw.x               00000000010225FA  Unknown               Unknown  Unknown
libpthread-2.17.s  00002B85C10075E0  Unknown               Unknown  Unknown
pw.x               0000000001022490  Unknown               Unknown  Unknown
libpthread-2.17.s  00002B85C10075E0  Unknown               Unknown  Unknown
libmpi.so.12       00002B85C0012128  PMPIDI_CH3I_Progr     Unknown  Unknown
libmpi.so.12.0     00002B85C01B5243  Unknown               Unknown  Unknown
libmpi.so.12.0     00002B85BFFC4F46  Unknown               Unknown  Unknown
libmpi.so.12       00002B85BFFC70BF  MPI_Alltoall          Unknown  Unknown
libmpifort.so.12.  00002B85BFB7242E  mpi_alltoall__        Unknown  Unknown
pw.x               0000000000E3E3E6  fft_scatter_2d_mp         123  fft_scatter_2d.f90
pw.x               0000000000E55397  fft_parallel_2d_m         172  fft_parallel_2d.f90
pw.x               0000000000E40685  invfft_y_                  91  fft_fwinv.f90
pw.x               0000000000A30430  fft_wave_mp_wave_         152  fft_wave.f90
pw.x               000000000082BE7A  vloc_psi_k_               259  vloc_psi.f90
pw.x               00000000007AC2F1  h_psi__                   221  h_psi.f90
pw.x               00000000007ABD66  h_psi_                     71  h_psi.f90
pw.x               000000000086DDE3  pcegterg_                1021  cegterg.f90
pw.x               0000000000687E53  diag_bands_IP_dia        1028  c_bands.f90
pw.x               000000000068663C  diag_bands_               322  c_bands.f90
pw.x               0000000000685075  c_bands_                  132  c_bands.f90
pw.x               000000000040DEAE  electrons_scf_            689  electrons.f90
pw.x               000000000040B14D  electrons_                192  electrons.f90
pw.x               00000000005888D2  run_pwscf_                189  run_pwscf.f90
pw.x               00000000004084B4  MAIN__                     85  pwscf.f90
pw.x               000000000040831E  Unknown               Unknown  Unknown
libc-2.17.so       00002B85C18DBC05  __libc_start_main     Unknown  Unknown
pw.x               0000000000408229  Unknown               Unknown  Unknown
forrtl: error (78): process killed (SIGTERM)
Image              PC                Routine            Line        Source             
pw.x               00000000010225FA  Unknown               Unknown  Unknown
libpthread-2.17.s  00002B02BAB325E0  Unknown               Unknown  Unknown
libmpi.so.12       00002B02B9B3CEB8  PMPIDI_CH3I_Progr     Unknown  Unknown
libmpi.so.12.0     00002B02B9CE0243  Unknown               Unknown  Unknown
libmpi.so.12.0     00002B02B9AEFF46  Unknown               Unknown  Unknown
libmpi.so.12       00002B02B9AF20BF  MPI_Alltoall          Unknown  Unknown
libmpifort.so.12.  00002B02B969D42E  mpi_alltoall__        Unknown  Unknown
pw.x               0000000000E3E3E6  fft_scatter_2d_mp         123  fft_scatter_2d.f90
pw.x               0000000000E55397  fft_parallel_2d_m         172  fft_parallel_2d.f90
pw.x               0000000000E40685  invfft_y_                  91  fft_fwinv.f90
pw.x               0000000000A30430  fft_wave_mp_wave_         152  fft_wave.f90
pw.x               000000000082BE7A  vloc_psi_k_               259  vloc_psi.f90
pw.x               00000000007AC2F1  h_psi__                   221  h_psi.f90
pw.x               00000000007ABD66  h_psi_                     71  h_psi.f90
pw.x               000000000086DDE3  pcegterg_                1021  cegterg.f90
pw.x               0000000000687E53  diag_bands_IP_dia        1028  c_bands.f90
pw.x               000000000068663C  diag_bands_               322  c_bands.f90
pw.x               0000000000685075  c_bands_                  132  c_bands.f90
pw.x               000000000040DEAE  electrons_scf_            689  electrons.f90
pw.x               000000000040B14D  electrons_                192  electrons.f90
pw.x               00000000005888D2  run_pwscf_                189  run_pwscf.f90
pw.x               00000000004084B4  MAIN__                     85  pwscf.f90
pw.x               000000000040831E  Unknown               Unknown  Unknown
libc-2.17.so       00002B02BB406C05  __libc_start_main     Unknown  Unknown
pw.x               0000000000408229  Unknown               Unknown  Unknown
forrtl: error (78): process killed (SIGTERM)
Image              PC                Routine            Line        Source             
pw.x               00000000010225FA  Unknown               Unknown  Unknown
libpthread-2.17.s  00002B267F75A5E0  Unknown               Unknown  Unknown
pw.x               0000000001022490  Unknown               Unknown  Unknown
libpthread-2.17.s  00002B267F75A5E0  Unknown               Unknown  Unknown
libmpi.so.12       00002B267E764EB8  PMPIDI_CH3I_Progr     Unknown  Unknown
libmpi.so.12.0     00002B267E908243  Unknown               Unknown  Unknown
libmpi.so.12.0     00002B267E717F46  Unknown               Unknown  Unknown
libmpi.so.12       00002B267E71A0BF  MPI_Alltoall          Unknown  Unknown
libmpifort.so.12.  00002B267E2C542E  mpi_alltoall__        Unknown  Unknown
pw.x               0000000000E3E3E6  fft_scatter_2d_mp         123  fft_scatter_2d.f90
pw.x               0000000000E55397  fft_parallel_2d_m         172  fft_parallel_2d.f90
pw.x               0000000000E40685  invfft_y_                  91  fft_fwinv.f90
pw.x               0000000000A30430  fft_wave_mp_wave_         152  fft_wave.f90
pw.x               000000000082BE7A  vloc_psi_k_               259  vloc_psi.f90
pw.x               00000000007AC2F1  h_psi__                   221  h_psi.f90
pw.x               00000000007ABD66  h_psi_                     71  h_psi.f90
pw.x               000000000086DDE3  pcegterg_                1021  cegterg.f90
pw.x               0000000000687E53  diag_bands_IP_dia        1028  c_bands.f90
pw.x               000000000068663C  diag_bands_               322  c_bands.f90
pw.x               0000000000685075  c_bands_                  132  c_bands.f90
pw.x               000000000040DEAE  electrons_scf_            689  electrons.f90
pw.x               000000000040B14D  electrons_                192  electrons.f90
pw.x               00000000005888D2  run_pwscf_                189  run_pwscf.f90
pw.x               00000000004084B4  MAIN__                     85  pwscf.f90
pw.x               000000000040831E  Unknown               Unknown  Unknown
libc-2.17.so       00002B268002EC05  __libc_start_main     Unknown  Unknown
pw.x               0000000000408229  Unknown               Unknown  Unknown
forrtl: error (78): process killed (SIGTERM)
Image              PC                Routine            Line        Source             
pw.x               00000000010225FA  Unknown               Unknown  Unknown
libpthread-2.17.s  00002AE3965DF5E0  Unknown               Unknown  Unknown
libmpi.so.12       00002AE3955E9EB8  PMPIDI_CH3I_Progr     Unknown  Unknown
libmpi.so.12.0     00002AE39578D243  Unknown               Unknown  Unknown
libmpi.so.12.0     00002AE39559CF46  Unknown               Unknown  Unknown
libmpi.so.12       00002AE39559F0BF  MPI_Alltoall          Unknown  Unknown
libmpifort.so.12.  00002AE39514A42E  mpi_alltoall__        Unknown  Unknown
pw.x               0000000000E3E3E6  fft_scatter_2d_mp         123  fft_scatter_2d.f90
pw.x               0000000000E55397  fft_parallel_2d_m         172  fft_parallel_2d.f90
pw.x               0000000000E40685  invfft_y_                  91  fft_fwinv.f90
pw.x               0000000000A30430  fft_wave_mp_wave_         152  fft_wave.f90
pw.x               000000000082BE7A  vloc_psi_k_               259  vloc_psi.f90
pw.x               00000000007AC2F1  h_psi__                   221  h_psi.f90
pw.x               00000000007ABD66  h_psi_                     71  h_psi.f90
pw.x               000000000086DDE3  pcegterg_                1021  cegterg.f90
pw.x               0000000000687E53  diag_bands_IP_dia        1028  c_bands.f90
pw.x               000000000068663C  diag_bands_               322  c_bands.f90
pw.x               0000000000685075  c_bands_                  132  c_bands.f90
pw.x               000000000040DEAE  electrons_scf_            689  electrons.f90
pw.x               000000000040B14D  electrons_                192  electrons.f90
pw.x               00000000005888D2  run_pwscf_                189  run_pwscf.f90
pw.x               00000000004084B4  MAIN__                     85  pwscf.f90
pw.x               000000000040831E  Unknown               Unknown  Unknown
libc-2.17.so       00002AE396EB3C05  __libc_start_main     Unknown  Unknown
pw.x               0000000000408229  Unknown               Unknown  Unknown
forrtl: error (78): process killed (SIGTERM)
Image              PC                Routine            Line        Source             
pw.x               00000000010225FA  Unknown               Unknown  Unknown
libpthread-2.17.s  00002ABBA15775E0  Unknown               Unknown  Unknown
pw.x               0000000001022490  Unknown               Unknown  Unknown
libpthread-2.17.s  00002ABBA15775E0  Unknown               Unknown  Unknown
libmpi.so.12       00002ABBA0581EB8  PMPIDI_CH3I_Progr     Unknown  Unknown
libmpi.so.12.0     00002ABBA0725243  Unknown               Unknown  Unknown
libmpi.so.12.0     00002ABBA0534F46  Unknown               Unknown  Unknown
libmpi.so.12       00002ABBA05370BF  MPI_Alltoall          Unknown  Unknown
libmpifort.so.12.  00002ABBA00E242E  mpi_alltoall__        Unknown  Unknown
pw.x               0000000000E3E3E6  fft_scatter_2d_mp         123  fft_scatter_2d.f90
pw.x               0000000000E55397  fft_parallel_2d_m         172  fft_parallel_2d.f90
pw.x               0000000000E40685  invfft_y_                  91  fft_fwinv.f90
pw.x               0000000000A30430  fft_wave_mp_wave_         152  fft_wave.f90
pw.x               000000000082BE7A  vloc_psi_k_               259  vloc_psi.f90
pw.x               00000000007AC2F1  h_psi__                   221  h_psi.f90
pw.x               00000000007ABD66  h_psi_                     71  h_psi.f90
pw.x               000000000086DDE3  pcegterg_                1021  cegterg.f90
pw.x               0000000000687E53  diag_bands_IP_dia        1028  c_bands.f90
pw.x               000000000068663C  diag_bands_               322  c_bands.f90
pw.x               0000000000685075  c_bands_                  132  c_bands.f90
pw.x               000000000040DEAE  electrons_scf_            689  electrons.f90
pw.x               000000000040B14D  electrons_                192  electrons.f90
pw.x               00000000005888D2  run_pwscf_                189  run_pwscf.f90
pw.x               00000000004084B4  MAIN__                     85  pwscf.f90
pw.x               000000000040831E  Unknown               Unknown  Unknown
libc-2.17.so       00002ABBA1E4BC05  __libc_start_main     Unknown  Unknown
pw.x               0000000000408229  Unknown               Unknown  Unknown
forrtl: error (78): process killed (SIGTERM)
Image              PC                Routine            Line        Source             
pw.x               00000000010225FA  Unknown               Unknown  Unknown
libpthread-2.17.s  00002B9CE4B545E0  Unknown               Unknown  Unknown
libmpi.so.12       00002B9CE3B5EEB8  PMPIDI_CH3I_Progr     Unknown  Unknown
libmpi.so.12.0     00002B9CE3D02243  Unknown               Unknown  Unknown
libmpi.so.12.0     00002B9CE3B11F46  Unknown               Unknown  Unknown
libmpi.so.12       00002B9CE3B140BF  MPI_Alltoall          Unknown  Unknown
libmpifort.so.12.  00002B9CE36BF42E  mpi_alltoall__        Unknown  Unknown
pw.x               0000000000E3E3E6  fft_scatter_2d_mp         123  fft_scatter_2d.f90
pw.x               0000000000E55397  fft_parallel_2d_m         172  fft_parallel_2d.f90
pw.x               0000000000E40685  invfft_y_                  91  fft_fwinv.f90
pw.x               0000000000A30430  fft_wave_mp_wave_         152  fft_wave.f90
pw.x               000000000082BE7A  vloc_psi_k_               259  vloc_psi.f90
pw.x               00000000007AC2F1  h_psi__                   221  h_psi.f90
pw.x               00000000007ABD66  h_psi_                     71  h_psi.f90
pw.x               000000000086DDE3  pcegterg_                1021  cegterg.f90
pw.x               0000000000687E53  diag_bands_IP_dia        1028  c_bands.f90
pw.x               000000000068663C  diag_bands_               322  c_bands.f90
pw.x               0000000000685075  c_bands_                  132  c_bands.f90
pw.x               000000000040DEAE  electrons_scf_            689  electrons.f90
pw.x               000000000040B14D  electrons_                192  electrons.f90
pw.x               00000000005888D2  run_pwscf_                189  run_pwscf.f90
pw.x               00000000004084B4  MAIN__                     85  pwscf.f90
pw.x               000000000040831E  Unknown               Unknown  Unknown
libc-2.17.so       00002B9CE5428C05  __libc_start_main     Unknown  Unknown
pw.x               0000000000408229  Unknown               Unknown  Unknown
forrtl: error (78): process killed (SIGTERM)
Image              PC                Routine            Line        Source             
pw.x               00000000010225FA  Unknown               Unknown  Unknown
libpthread-2.17.s  00002B5CE7E4D5E0  Unknown               Unknown  Unknown
libmpi.so.12       00002B5CE6E57EB8  PMPIDI_CH3I_Progr     Unknown  Unknown
libmpi.so.12.0     00002B5CE6FFB243  Unknown               Unknown  Unknown
libmpi.so.12.0     00002B5CE6E0AF46  Unknown               Unknown  Unknown
libmpi.so.12       00002B5CE6E0D0BF  MPI_Alltoall          Unknown  Unknown
libmpifort.so.12.  00002B5CE69B842E  mpi_alltoall__        Unknown  Unknown
pw.x               0000000000E3E3E6  fft_scatter_2d_mp         123  fft_scatter_2d.f90
pw.x               0000000000E55397  fft_parallel_2d_m         172  fft_parallel_2d.f90
pw.x               0000000000E40685  invfft_y_                  91  fft_fwinv.f90
pw.x               0000000000A30430  fft_wave_mp_wave_         152  fft_wave.f90
pw.x               000000000082BE7A  vloc_psi_k_               259  vloc_psi.f90
pw.x               00000000007AC2F1  h_psi__                   221  h_psi.f90
pw.x               00000000007ABD66  h_psi_                     71  h_psi.f90
pw.x               000000000086DDE3  pcegterg_                1021  cegterg.f90
pw.x               0000000000687E53  diag_bands_IP_dia        1028  c_bands.f90
pw.x               000000000068663C  diag_bands_               322  c_bands.f90
pw.x               0000000000685075  c_bands_                  132  c_bands.f90
pw.x               000000000040DEAE  electrons_scf_            689  electrons.f90
pw.x               000000000040B14D  electrons_                192  electrons.f90
pw.x               00000000005888D2  run_pwscf_                189  run_pwscf.f90
pw.x               00000000004084B4  MAIN__                     85  pwscf.f90
pw.x               000000000040831E  Unknown               Unknown  Unknown
libc-2.17.so       00002B5CE8721C05  __libc_start_main     Unknown  Unknown
pw.x               0000000000408229  Unknown               Unknown  Unknown
forrtl: error (78): process killed (SIGTERM)
Image              PC                Routine            Line        Source             
pw.x               00000000010225FA  Unknown               Unknown  Unknown
libpthread-2.17.s  00002AAF0FFAF5E0  Unknown               Unknown  Unknown
libmpi.so.12       00002AAF0EFB9EB8  PMPIDI_CH3I_Progr     Unknown  Unknown
libmpi.so.12.0     00002AAF0F15D243  Unknown               Unknown  Unknown
libmpi.so.12.0     00002AAF0EF6CF46  Unknown               Unknown  Unknown
libmpi.so.12       00002AAF0EF6F0BF  MPI_Alltoall          Unknown  Unknown
libmpifort.so.12.  00002AAF0EB1A42E  mpi_alltoall__        Unknown  Unknown
pw.x               0000000000E3E3E6  fft_scatter_2d_mp         123  fft_scatter_2d.f90
pw.x               0000000000E55397  fft_parallel_2d_m         172  fft_parallel_2d.f90
pw.x               0000000000E40685  invfft_y_                  91  fft_fwinv.f90
pw.x               0000000000A30430  fft_wave_mp_wave_         152  fft_wave.f90
pw.x               000000000082BE7A  vloc_psi_k_               259  vloc_psi.f90
pw.x               00000000007AC2F1  h_psi__                   221  h_psi.f90
pw.x               00000000007ABD66  h_psi_                     71  h_psi.f90
pw.x               000000000086DDE3  pcegterg_                1021  cegterg.f90
pw.x               0000000000687E53  diag_bands_IP_dia        1028  c_bands.f90
pw.x               000000000068663C  diag_bands_               322  c_bands.f90
pw.x               0000000000685075  c_bands_                  132  c_bands.f90
pw.x               000000000040DEAE  electrons_scf_            689  electrons.f90
pw.x               000000000040B14D  electrons_                192  electrons.f90
pw.x               00000000005888D2  run_pwscf_                189  run_pwscf.f90
pw.x               00000000004084B4  MAIN__                     85  pwscf.f90
pw.x               000000000040831E  Unknown               Unknown  Unknown
libc-2.17.so       00002AAF10883C05  __libc_start_main     Unknown  Unknown
pw.x               0000000000408229  Unknown               Unknown  Unknown
forrtl: error (78): process killed (SIGTERM)
Image              PC                Routine            Line        Source             
pw.x               00000000010225FA  Unknown               Unknown  Unknown
libpthread-2.17.s  00002B0D55EE95E0  Unknown               Unknown  Unknown
pw.x               000000000112A70D  Unknown               Unknown  Unknown
pw.x               0000000000E3EC89  fft_scatter_2d_mp         243  fft_scatter_2d.f90
pw.x               0000000000E55C59  fft_parallel_2d_m         193  fft_parallel_2d.f90
pw.x               0000000000E40DE8  fwfft_y_                  194  fft_fwinv.f90
pw.x               0000000000A30160  fft_wave_mp_wave_          66  fft_wave.f90
pw.x               000000000082C007  vloc_psi_k_               273  vloc_psi.f90
pw.x               00000000007AC2F1  h_psi__                   221  h_psi.f90
pw.x               00000000007ABD66  h_psi_                     71  h_psi.f90
pw.x               000000000086DDE3  pcegterg_                1021  cegterg.f90
pw.x               0000000000687E53  diag_bands_IP_dia        1028  c_bands.f90
pw.x               000000000068663C  diag_bands_               322  c_bands.f90
pw.x               0000000000685075  c_bands_                  132  c_bands.f90
pw.x               000000000040DEAE  electrons_scf_            689  electrons.f90
pw.x               000000000040B14D  electrons_                192  electrons.f90
pw.x               00000000005888D2  run_pwscf_                189  run_pwscf.f90
pw.x               00000000004084B4  MAIN__                     85  pwscf.f90
pw.x               000000000040831E  Unknown               Unknown  Unknown
libc-2.17.so       00002B0D567BDC05  __libc_start_main     Unknown  Unknown
pw.x               0000000000408229  Unknown               Unknown  Unknown
forrtl: error (78): process killed (SIGTERM)
Image              PC                Routine            Line        Source             
pw.x               00000000010225FA  Unknown               Unknown  Unknown
libpthread-2.17.s  00002B46A22255E0  Unknown               Unknown  Unknown
libmpi.so.12       00002B46A122FEB8  PMPIDI_CH3I_Progr     Unknown  Unknown
libmpi.so.12.0     00002B46A13D3243  Unknown               Unknown  Unknown
libmpi.so.12.0     00002B46A11E2F46  Unknown               Unknown  Unknown
libmpi.so.12       00002B46A11E50BF  MPI_Alltoall          Unknown  Unknown
libmpifort.so.12.  00002B46A0D9042E  mpi_alltoall__        Unknown  Unknown
pw.x               0000000000E3E3E6  fft_scatter_2d_mp         123  fft_scatter_2d.f90
pw.x               0000000000E55397  fft_parallel_2d_m         172  fft_parallel_2d.f90
pw.x               0000000000E40685  invfft_y_                  91  fft_fwinv.f90
pw.x               0000000000A30430  fft_wave_mp_wave_         152  fft_wave.f90
pw.x               000000000082BE7A  vloc_psi_k_               259  vloc_psi.f90
pw.x               00000000007AC2F1  h_psi__                   221  h_psi.f90
pw.x               00000000007ABD66  h_psi_                     71  h_psi.f90
pw.x               000000000086DDE3  pcegterg_                1021  cegterg.f90
pw.x               0000000000687E53  diag_bands_IP_dia        1028  c_bands.f90
pw.x               000000000068663C  diag_bands_               322  c_bands.f90
pw.x               0000000000685075  c_bands_                  132  c_bands.f90
pw.x               000000000040DEAE  electrons_scf_            689  electrons.f90
pw.x               000000000040B14D  electrons_                192  electrons.f90
pw.x               00000000005888D2  run_pwscf_                189  run_pwscf.f90
pw.x               00000000004084B4  MAIN__                     85  pwscf.f90
pw.x               000000000040831E  Unknown               Unknown  Unknown
libc-2.17.so       00002B46A2AF9C05  __libc_start_main     Unknown  Unknown
pw.x               0000000000408229  Unknown               Unknown  Unknown
forrtl: error (78): process killed (SIGTERM)
Image              PC                Routine            Line        Source             
pw.x               00000000010225FA  Unknown               Unknown  Unknown
libpthread-2.17.s  00002B3497F3C5E0  Unknown               Unknown  Unknown
libmpi.so.12       00002B3496F4724F  PMPIDI_CH3I_Progr     Unknown  Unknown
libmpi.so.12.0     00002B34970EA243  Unknown               Unknown  Unknown
libmpi.so.12.0     00002B3496EF9F46  Unknown               Unknown  Unknown
libmpi.so.12       00002B3496EFC0BF  MPI_Alltoall          Unknown  Unknown
libmpifort.so.12.  00002B3496AA742E  mpi_alltoall__        Unknown  Unknown
pw.x               0000000000E3E3E6  fft_scatter_2d_mp         123  fft_scatter_2d.f90
pw.x               0000000000E55397  fft_parallel_2d_m         172  fft_parallel_2d.f90
pw.x               0000000000E40685  invfft_y_                  91  fft_fwinv.f90
pw.x               0000000000A30430  fft_wave_mp_wave_         152  fft_wave.f90
pw.x               000000000082BE7A  vloc_psi_k_               259  vloc_psi.f90
pw.x               00000000007AC2F1  h_psi__                   221  h_psi.f90
pw.x               00000000007ABD66  h_psi_                     71  h_psi.f90
pw.x               000000000086DDE3  pcegterg_                1021  cegterg.f90
pw.x               0000000000687E53  diag_bands_IP_dia        1028  c_bands.f90
pw.x               000000000068663C  diag_bands_               322  c_bands.f90
pw.x               0000000000685075  c_bands_                  132  c_bands.f90
pw.x               000000000040DEAE  electrons_scf_            689  electrons.f90
pw.x               000000000040B14D  electrons_                192  electrons.f90
pw.x               00000000005888D2  run_pwscf_                189  run_pwscf.f90
pw.x               00000000004084B4  MAIN__                     85  pwscf.f90
pw.x               000000000040831E  Unknown               Unknown  Unknown
libc-2.17.so       00002B3498810C05  __libc_start_main     Unknown  Unknown
pw.x               0000000000408229  Unknown               Unknown  Unknown
forrtl: error (78): process killed (SIGTERM)
Image              PC                Routine            Line        Source             
pw.x               00000000010225FA  Unknown               Unknown  Unknown
libpthread-2.17.s  00002B1C2BBC95E0  Unknown               Unknown  Unknown
libmpi.so.12       00002B1C2ABD3EB8  PMPIDI_CH3I_Progr     Unknown  Unknown
libmpi.so.12.0     00002B1C2AD77243  Unknown               Unknown  Unknown
libmpi.so.12.0     00002B1C2AB86F46  Unknown               Unknown  Unknown
libmpi.so.12       00002B1C2AB890BF  MPI_Alltoall          Unknown  Unknown
libmpifort.so.12.  00002B1C2A73442E  mpi_alltoall__        Unknown  Unknown
pw.x               0000000000E3E3E6  fft_scatter_2d_mp         123  fft_scatter_2d.f90
pw.x               0000000000E55397  fft_parallel_2d_m         172  fft_parallel_2d.f90
pw.x               0000000000E40685  invfft_y_                  91  fft_fwinv.f90
pw.x               0000000000A30430  fft_wave_mp_wave_         152  fft_wave.f90
pw.x               000000000082BE7A  vloc_psi_k_               259  vloc_psi.f90
pw.x               00000000007AC2F1  h_psi__                   221  h_psi.f90
pw.x               00000000007ABD66  h_psi_                     71  h_psi.f90
pw.x               000000000086DDE3  pcegterg_                1021  cegterg.f90
pw.x               0000000000687E53  diag_bands_IP_dia        1028  c_bands.f90
pw.x               000000000068663C  diag_bands_               322  c_bands.f90
pw.x               0000000000685075  c_bands_                  132  c_bands.f90
pw.x               000000000040DEAE  electrons_scf_            689  electrons.f90
pw.x               000000000040B14D  electrons_                192  electrons.f90
pw.x               00000000005888D2  run_pwscf_                189  run_pwscf.f90
pw.x               00000000004084B4  MAIN__                     85  pwscf.f90
pw.x               000000000040831E  Unknown               Unknown  Unknown
libc-2.17.so       00002B1C2C49DC05  __libc_start_main     Unknown  Unknown
pw.x               0000000000408229  Unknown               Unknown  Unknown
forrtl: error (78): process killed (SIGTERM)
Image              PC                Routine            Line        Source             
pw.x               00000000010225FA  Unknown               Unknown  Unknown
libpthread-2.17.s  00002B862FCC05E0  Unknown               Unknown  Unknown
libmpi.so.12       00002B862ECCAEB8  PMPIDI_CH3I_Progr     Unknown  Unknown
libmpi.so.12.0     00002B862EE6E243  Unknown               Unknown  Unknown
libmpi.so.12.0     00002B862EC7DF46  Unknown               Unknown  Unknown
libmpi.so.12       00002B862EC800BF  MPI_Alltoall          Unknown  Unknown
libmpifort.so.12.  00002B862E82B42E  mpi_alltoall__        Unknown  Unknown
pw.x               0000000000E3E3E6  fft_scatter_2d_mp         123  fft_scatter_2d.f90
pw.x               0000000000E55397  fft_parallel_2d_m         172  fft_parallel_2d.f90
pw.x               0000000000E40685  invfft_y_                  91  fft_fwinv.f90
pw.x               0000000000A30430  fft_wave_mp_wave_         152  fft_wave.f90
pw.x               000000000082BE7A  vloc_psi_k_               259  vloc_psi.f90
pw.x               00000000007AC2F1  h_psi__                   221  h_psi.f90
pw.x               00000000007ABD66  h_psi_                     71  h_psi.f90
pw.x               000000000086DDE3  pcegterg_                1021  cegterg.f90
pw.x               0000000000687E53  diag_bands_IP_dia        1028  c_bands.f90
pw.x               000000000068663C  diag_bands_               322  c_bands.f90
pw.x               0000000000685075  c_bands_                  132  c_bands.f90
pw.x               000000000040DEAE  electrons_scf_            689  electrons.f90
pw.x               000000000040B14D  electrons_                192  electrons.f90
pw.x               00000000005888D2  run_pwscf_                189  run_pwscf.f90
pw.x               00000000004084B4  MAIN__                     85  pwscf.f90
pw.x               000000000040831E  Unknown               Unknown  Unknown
libc-2.17.so       00002B8630594C05  __libc_start_main     Unknown  Unknown
pw.x               0000000000408229  Unknown               Unknown  Unknown
forrtl: error (78): process killed (SIGTERM)
Image              PC                Routine            Line        Source             
pw.x               00000000010225FA  Unknown               Unknown  Unknown
libpthread-2.17.s  00002B2BB7B0F5E0  Unknown               Unknown  Unknown
libmpi.so.12       00002B2BB6B19F72  PMPIDI_CH3I_Progr     Unknown  Unknown
libmpi.so.12.0     00002B2BB6CBD243  Unknown               Unknown  Unknown
libmpi.so.12.0     00002B2BB6ACCF46  Unknown               Unknown  Unknown
libmpi.so.12       00002B2BB6ACF0BF  MPI_Alltoall          Unknown  Unknown
libmpifort.so.12.  00002B2BB667A42E  mpi_alltoall__        Unknown  Unknown
pw.x               0000000000E3E3E6  fft_scatter_2d_mp         123  fft_scatter_2d.f90
pw.x               0000000000E55397  fft_parallel_2d_m         172  fft_parallel_2d.f90
pw.x               0000000000E40685  invfft_y_                  91  fft_fwinv.f90
pw.x               0000000000A30430  fft_wave_mp_wave_         152  fft_wave.f90
pw.x               000000000082BE7A  vloc_psi_k_               259  vloc_psi.f90
pw.x               00000000007AC2F1  h_psi__                   221  h_psi.f90
pw.x               00000000007ABD66  h_psi_                     71  h_psi.f90
pw.x               000000000086DDE3  pcegterg_                1021  cegterg.f90
pw.x               0000000000687E53  diag_bands_IP_dia        1028  c_bands.f90
pw.x               000000000068663C  diag_bands_               322  c_bands.f90
pw.x               0000000000685075  c_bands_                  132  c_bands.f90
pw.x               000000000040DEAE  electrons_scf_            689  electrons.f90
pw.x               000000000040B14D  electrons_                192  electrons.f90
pw.x               00000000005888D2  run_pwscf_                189  run_pwscf.f90
pw.x               00000000004084B4  MAIN__                     85  pwscf.f90
pw.x               000000000040831E  Unknown               Unknown  Unknown
libc-2.17.so       00002B2BB83E3C05  __libc_start_main     Unknown  Unknown
pw.x               0000000000408229  Unknown               Unknown  Unknown
forrtl: error (78): process killed (SIGTERM)
Image              PC                Routine            Line        Source             
pw.x               00000000010225FA  Unknown               Unknown  Unknown
libpthread-2.17.s  00002B430346E5E0  Unknown               Unknown  Unknown
libmpi.so.12       00002B4302478EB8  PMPIDI_CH3I_Progr     Unknown  Unknown
libmpi.so.12.0     00002B430261C243  Unknown               Unknown  Unknown
libmpi.so.12.0     00002B430242BF46  Unknown               Unknown  Unknown
libmpi.so.12       00002B430242E0BF  MPI_Alltoall          Unknown  Unknown
libmpifort.so.12.  00002B4301FD942E  mpi_alltoall__        Unknown  Unknown
pw.x               0000000000E3E3E6  fft_scatter_2d_mp         123  fft_scatter_2d.f90
pw.x               0000000000E55397  fft_parallel_2d_m         172  fft_parallel_2d.f90
pw.x               0000000000E40685  invfft_y_                  91  fft_fwinv.f90
pw.x               0000000000A30430  fft_wave_mp_wave_         152  fft_wave.f90
pw.x               000000000082BE7A  vloc_psi_k_               259  vloc_psi.f90
pw.x               00000000007AC2F1  h_psi__                   221  h_psi.f90
pw.x               00000000007ABD66  h_psi_                     71  h_psi.f90
pw.x               000000000086DDE3  pcegterg_                1021  cegterg.f90
pw.x               0000000000687E53  diag_bands_IP_dia        1028  c_bands.f90
pw.x               000000000068663C  diag_bands_               322  c_bands.f90
pw.x               0000000000685075  c_bands_                  132  c_bands.f90
pw.x               000000000040DEAE  electrons_scf_            689  electrons.f90
pw.x               000000000040B14D  electrons_                192  electrons.f90
pw.x               00000000005888D2  run_pwscf_                189  run_pwscf.f90
pw.x               00000000004084B4  MAIN__                     85  pwscf.f90
pw.x               000000000040831E  Unknown               Unknown  Unknown
libc-2.17.so       00002B4303D42C05  __libc_start_main     Unknown  Unknown
pw.x               0000000000408229  Unknown               Unknown  Unknown
forrtl: error (78): process killed (SIGTERM)
Image              PC                Routine            Line        Source             
pw.x               00000000010225FA  Unknown               Unknown  Unknown
libpthread-2.17.s  00002B647EA755E0  Unknown               Unknown  Unknown
libmpi.so.12       00002B647DA7FEEF  PMPIDI_CH3I_Progr     Unknown  Unknown
libmpi.so.12.0     00002B647DC23243  Unknown               Unknown  Unknown
libmpi.so.12.0     00002B647DA32F46  Unknown               Unknown  Unknown
libmpi.so.12       00002B647DA350BF  MPI_Alltoall          Unknown  Unknown
libmpifort.so.12.  00002B647D5E042E  mpi_alltoall__        Unknown  Unknown
pw.x               0000000000E3E3E6  fft_scatter_2d_mp         123  fft_scatter_2d.f90
pw.x               0000000000E55397  fft_parallel_2d_m         172  fft_parallel_2d.f90
pw.x               0000000000E40685  invfft_y_                  91  fft_fwinv.f90
pw.x               0000000000A30430  fft_wave_mp_wave_         152  fft_wave.f90
pw.x               000000000082BE7A  vloc_psi_k_               259  vloc_psi.f90
pw.x               00000000007AC2F1  h_psi__                   221  h_psi.f90
pw.x               00000000007ABD66  h_psi_                     71  h_psi.f90
pw.x               000000000086DDE3  pcegterg_                1021  cegterg.f90
pw.x               0000000000687E53  diag_bands_IP_dia        1028  c_bands.f90
pw.x               000000000068663C  diag_bands_               322  c_bands.f90
pw.x               0000000000685075  c_bands_                  132  c_bands.f90
pw.x               000000000040DEAE  electrons_scf_            689  electrons.f90
pw.x               000000000040B14D  electrons_                192  electrons.f90
pw.x               00000000005888D2  run_pwscf_                189  run_pwscf.f90
pw.x               00000000004084B4  MAIN__                     85  pwscf.f90
pw.x               000000000040831E  Unknown               Unknown  Unknown
libc-2.17.so       00002B647F349C05  __libc_start_main     Unknown  Unknown
pw.x               0000000000408229  Unknown               Unknown  Unknown
forrtl: error (78): process killed (SIGTERM)
Image              PC                Routine            Line        Source             
pw.x               00000000010225FA  Unknown               Unknown  Unknown
libpthread-2.17.s  00002B7B9742D5E0  Unknown               Unknown  Unknown
libmpi.so.12       00002B7B96437EB8  PMPIDI_CH3I_Progr     Unknown  Unknown
libmpi.so.12.0     00002B7B965DB243  Unknown               Unknown  Unknown
libmpi.so.12.0     00002B7B963EAF46  Unknown               Unknown  Unknown
libmpi.so.12       00002B7B963ED0BF  MPI_Alltoall          Unknown  Unknown
libmpifort.so.12.  00002B7B95F9842E  mpi_alltoall__        Unknown  Unknown
pw.x               0000000000E3E3E6  fft_scatter_2d_mp         123  fft_scatter_2d.f90
pw.x               0000000000E55397  fft_parallel_2d_m         172  fft_parallel_2d.f90
pw.x               0000000000E40685  invfft_y_                  91  fft_fwinv.f90
pw.x               0000000000A30430  fft_wave_mp_wave_         152  fft_wave.f90
pw.x               000000000082BE7A  vloc_psi_k_               259  vloc_psi.f90
pw.x               00000000007AC2F1  h_psi__                   221  h_psi.f90
pw.x               00000000007ABD66  h_psi_                     71  h_psi.f90
pw.x               000000000086DDE3  pcegterg_                1021  cegterg.f90
pw.x               0000000000687E53  diag_bands_IP_dia        1028  c_bands.f90
pw.x               000000000068663C  diag_bands_               322  c_bands.f90
pw.x               0000000000685075  c_bands_                  132  c_bands.f90
pw.x               000000000040DEAE  electrons_scf_            689  electrons.f90
pw.x               000000000040B14D  electrons_                192  electrons.f90
pw.x               00000000005888D2  run_pwscf_                189  run_pwscf.f90
pw.x               00000000004084B4  MAIN__                     85  pwscf.f90
pw.x               000000000040831E  Unknown               Unknown  Unknown
libc-2.17.so       00002B7B97D01C05  __libc_start_main     Unknown  Unknown
pw.x               0000000000408229  Unknown               Unknown  Unknown
forrtl: error (78): process killed (SIGTERM)
Image              PC                Routine            Line        Source             
pw.x               00000000010225FA  Unknown               Unknown  Unknown
libpthread-2.17.s  00002B7C104C75E0  Unknown               Unknown  Unknown
libmpi.so.12       00002B7C0F4D1EB8  PMPIDI_CH3I_Progr     Unknown  Unknown
libmpi.so.12.0     00002B7C0F675243  Unknown               Unknown  Unknown
libmpi.so.12.0     00002B7C0F484F46  Unknown               Unknown  Unknown
libmpi.so.12       00002B7C0F4870BF  MPI_Alltoall          Unknown  Unknown
libmpifort.so.12.  00002B7C0F03242E  mpi_alltoall__        Unknown  Unknown
pw.x               0000000000E3E3E6  fft_scatter_2d_mp         123  fft_scatter_2d.f90
pw.x               0000000000E55397  fft_parallel_2d_m         172  fft_parallel_2d.f90
pw.x               0000000000E40685  invfft_y_                  91  fft_fwinv.f90
pw.x               0000000000A30430  fft_wave_mp_wave_         152  fft_wave.f90
pw.x               000000000082BE7A  vloc_psi_k_               259  vloc_psi.f90
pw.x               00000000007AC2F1  h_psi__                   221  h_psi.f90
pw.x               00000000007ABD66  h_psi_                     71  h_psi.f90
pw.x               000000000086DDE3  pcegterg_                1021  cegterg.f90
pw.x               0000000000687E53  diag_bands_IP_dia        1028  c_bands.f90
pw.x               000000000068663C  diag_bands_               322  c_bands.f90
pw.x               0000000000685075  c_bands_                  132  c_bands.f90
pw.x               000000000040DEAE  electrons_scf_            689  electrons.f90
pw.x               000000000040B14D  electrons_                192  electrons.f90
pw.x               00000000005888D2  run_pwscf_                189  run_pwscf.f90
pw.x               00000000004084B4  MAIN__                     85  pwscf.f90
pw.x               000000000040831E  Unknown               Unknown  Unknown
libc-2.17.so       00002B7C10D9BC05  __libc_start_main     Unknown  Unknown
pw.x               0000000000408229  Unknown               Unknown  Unknown
forrtl: error (78): process killed (SIGTERM)
Image              PC                Routine            Line        Source             
pw.x               00000000010225FA  Unknown               Unknown  Unknown
libpthread-2.17.s  00002AE1E61C25E0  Unknown               Unknown  Unknown
libmpi.so.12       00002AE1E51CDB7E  PMPIDI_CH3I_Progr     Unknown  Unknown
libmpi.so.12.0     00002AE1E5370243  Unknown               Unknown  Unknown
libmpi.so.12.0     00002AE1E517FF46  Unknown               Unknown  Unknown
libmpi.so.12       00002AE1E51820BF  MPI_Alltoall          Unknown  Unknown
libmpifort.so.12.  00002AE1E4D2D42E  mpi_alltoall__        Unknown  Unknown
pw.x               0000000000E3E3E6  fft_scatter_2d_mp         123  fft_scatter_2d.f90
pw.x               0000000000E55397  fft_parallel_2d_m         172  fft_parallel_2d.f90
pw.x               0000000000E40685  invfft_y_                  91  fft_fwinv.f90
pw.x               0000000000A30430  fft_wave_mp_wave_         152  fft_wave.f90
pw.x               000000000082BE7A  vloc_psi_k_               259  vloc_psi.f90
pw.x               00000000007AC2F1  h_psi__                   221  h_psi.f90
pw.x               00000000007ABD66  h_psi_                     71  h_psi.f90
pw.x               000000000086DDE3  pcegterg_                1021  cegterg.f90
pw.x               0000000000687E53  diag_bands_IP_dia        1028  c_bands.f90
pw.x               000000000068663C  diag_bands_               322  c_bands.f90
pw.x               0000000000685075  c_bands_                  132  c_bands.f90
pw.x               000000000040DEAE  electrons_scf_            689  electrons.f90
pw.x               000000000040B14D  electrons_                192  electrons.f90
pw.x               00000000005888D2  run_pwscf_                189  run_pwscf.f90
pw.x               00000000004084B4  MAIN__                     85  pwscf.f90
pw.x               000000000040831E  Unknown               Unknown  Unknown
libc-2.17.so       00002AE1E6A96C05  __libc_start_main     Unknown  Unknown
pw.x               0000000000408229  Unknown               Unknown  Unknown
forrtl: error (78): process killed (SIGTERM)
Image              PC                Routine            Line        Source             
pw.x               00000000010225FA  Unknown               Unknown  Unknown
libpthread-2.17.s  00002AD1DFB9A5E0  Unknown               Unknown  Unknown
libmpi.so.12       00002AD1DEBA5B78  PMPIDI_CH3I_Progr     Unknown  Unknown
libmpi.so.12.0     00002AD1DED48243  Unknown               Unknown  Unknown
libmpi.so.12.0     00002AD1DEB57F46  Unknown               Unknown  Unknown
libmpi.so.12       00002AD1DEB5A0BF  MPI_Alltoall          Unknown  Unknown
libmpifort.so.12.  00002AD1DE70542E  mpi_alltoall__        Unknown  Unknown
pw.x               0000000000E3E3E6  fft_scatter_2d_mp         123  fft_scatter_2d.f90
pw.x               0000000000E55397  fft_parallel_2d_m         172  fft_parallel_2d.f90
pw.x               0000000000E40685  invfft_y_                  91  fft_fwinv.f90
pw.x               0000000000A30430  fft_wave_mp_wave_         152  fft_wave.f90
pw.x               000000000082BE7A  vloc_psi_k_               259  vloc_psi.f90
pw.x               00000000007AC2F1  h_psi__                   221  h_psi.f90
pw.x               00000000007ABD66  h_psi_                     71  h_psi.f90
pw.x               000000000086DDE3  pcegterg_                1021  cegterg.f90
pw.x               0000000000687E53  diag_bands_IP_dia        1028  c_bands.f90
pw.x               000000000068663C  diag_bands_               322  c_bands.f90
pw.x               0000000000685075  c_bands_                  132  c_bands.f90
pw.x               000000000040DEAE  electrons_scf_            689  electrons.f90
pw.x               000000000040B14D  electrons_                192  electrons.f90
pw.x               00000000005888D2  run_pwscf_                189  run_pwscf.f90
pw.x               00000000004084B4  MAIN__                     85  pwscf.f90
pw.x               000000000040831E  Unknown               Unknown  Unknown
libc-2.17.so       00002AD1E046EC05  __libc_start_main     Unknown  Unknown
pw.x               0000000000408229  Unknown               Unknown  Unknown
forrtl: error (78): process killed (SIGTERM)
Image              PC                Routine            Line        Source             
pw.x               00000000010225FA  Unknown               Unknown  Unknown
libpthread-2.17.s  00002ADB2DC675E0  Unknown               Unknown  Unknown
libmpi.so.12       00002ADB2CC72573  PMPIDI_CH3I_Progr     Unknown  Unknown
libmpi.so.12.0     00002ADB2CE15243  Unknown               Unknown  Unknown
libmpi.so.12.0     00002ADB2CC24F46  Unknown               Unknown  Unknown
libmpi.so.12       00002ADB2CC270BF  MPI_Alltoall          Unknown  Unknown
libmpifort.so.12.  00002ADB2C7D242E  mpi_alltoall__        Unknown  Unknown
pw.x               0000000000E3E3E6  fft_scatter_2d_mp         123  fft_scatter_2d.f90
pw.x               0000000000E55397  fft_parallel_2d_m         172  fft_parallel_2d.f90
pw.x               0000000000E40685  invfft_y_                  91  fft_fwinv.f90
pw.x               0000000000A30430  fft_wave_mp_wave_         152  fft_wave.f90
pw.x               000000000082BE7A  vloc_psi_k_               259  vloc_psi.f90
pw.x               00000000007AC2F1  h_psi__                   221  h_psi.f90
pw.x               00000000007ABD66  h_psi_                     71  h_psi.f90
pw.x               000000000086DDE3  pcegterg_                1021  cegterg.f90
pw.x               0000000000687E53  diag_bands_IP_dia        1028  c_bands.f90
pw.x               000000000068663C  diag_bands_               322  c_bands.f90
pw.x               0000000000685075  c_bands_                  132  c_bands.f90
pw.x               000000000040DEAE  electrons_scf_            689  electrons.f90
pw.x               000000000040B14D  electrons_                192  electrons.f90
pw.x               00000000005888D2  run_pwscf_                189  run_pwscf.f90
pw.x               00000000004084B4  MAIN__                     85  pwscf.f90
pw.x               000000000040831E  Unknown               Unknown  Unknown
libc-2.17.so       00002ADB2E53BC05  __libc_start_main     Unknown  Unknown
pw.x               0000000000408229  Unknown               Unknown  Unknown
forrtl: error (78): process killed (SIGTERM)
Image              PC                Routine            Line        Source             
pw.x               00000000010225FA  Unknown               Unknown  Unknown
libpthread-2.17.s  00002B023F7895E0  Unknown               Unknown  Unknown
libmpi.so.12       00002B023E793EB8  PMPIDI_CH3I_Progr     Unknown  Unknown
libmpi.so.12.0     00002B023E937243  Unknown               Unknown  Unknown
libmpi.so.12.0     00002B023E746F46  Unknown               Unknown  Unknown
libmpi.so.12       00002B023E7490BF  MPI_Alltoall          Unknown  Unknown
libmpifort.so.12.  00002B023E2F442E  mpi_alltoall__        Unknown  Unknown
pw.x               0000000000E3E3E6  fft_scatter_2d_mp         123  fft_scatter_2d.f90
pw.x               0000000000E55397  fft_parallel_2d_m         172  fft_parallel_2d.f90
pw.x               0000000000E40685  invfft_y_                  91  fft_fwinv.f90
pw.x               0000000000A30430  fft_wave_mp_wave_         152  fft_wave.f90
pw.x               000000000082BE7A  vloc_psi_k_               259  vloc_psi.f90
pw.x               00000000007AC2F1  h_psi__                   221  h_psi.f90
pw.x               00000000007ABD66  h_psi_                     71  h_psi.f90
pw.x               000000000086DDE3  pcegterg_                1021  cegterg.f90
pw.x               0000000000687E53  diag_bands_IP_dia        1028  c_bands.f90
pw.x               000000000068663C  diag_bands_               322  c_bands.f90
pw.x               0000000000685075  c_bands_                  132  c_bands.f90
pw.x               000000000040DEAE  electrons_scf_            689  electrons.f90
pw.x               000000000040B14D  electrons_                192  electrons.f90
pw.x               00000000005888D2  run_pwscf_                189  run_pwscf.f90
pw.x               00000000004084B4  MAIN__                     85  pwscf.f90
pw.x               000000000040831E  Unknown               Unknown  Unknown
libc-2.17.so       00002B024005DC05  __libc_start_main     Unknown  Unknown
pw.x               0000000000408229  Unknown               Unknown  Unknown
forrtl: error (78): process killed (SIGTERM)
Image              PC                Routine            Line        Source             
pw.x               00000000010225FA  Unknown               Unknown  Unknown
libpthread-2.17.s  00002B579E6A75E0  Unknown               Unknown  Unknown
libmpi.so.12       00002B579D6B1EB8  PMPIDI_CH3I_Progr     Unknown  Unknown
libmpi.so.12.0     00002B579D855243  Unknown               Unknown  Unknown
libmpi.so.12.0     00002B579D664F46  Unknown               Unknown  Unknown
libmpi.so.12       00002B579D6670BF  MPI_Alltoall          Unknown  Unknown
libmpifort.so.12.  00002B579D21242E  mpi_alltoall__        Unknown  Unknown
pw.x               0000000000E3E3E6  fft_scatter_2d_mp         123  fft_scatter_2d.f90
pw.x               0000000000E55397  fft_parallel_2d_m         172  fft_parallel_2d.f90
pw.x               0000000000E40685  invfft_y_                  91  fft_fwinv.f90
pw.x               0000000000A30430  fft_wave_mp_wave_         152  fft_wave.f90
pw.x               000000000082BE7A  vloc_psi_k_               259  vloc_psi.f90
pw.x               00000000007AC2F1  h_psi__                   221  h_psi.f90
pw.x               00000000007ABD66  h_psi_                     71  h_psi.f90
pw.x               000000000086DDE3  pcegterg_                1021  cegterg.f90
pw.x               0000000000687E53  diag_bands_IP_dia        1028  c_bands.f90
pw.x               000000000068663C  diag_bands_               322  c_bands.f90
pw.x               0000000000685075  c_bands_                  132  c_bands.f90
pw.x               000000000040DEAE  electrons_scf_            689  electrons.f90
pw.x               000000000040B14D  electrons_                192  electrons.f90
pw.x               00000000005888D2  run_pwscf_                189  run_pwscf.f90
pw.x               00000000004084B4  MAIN__                     85  pwscf.f90
pw.x               000000000040831E  Unknown               Unknown  Unknown
libc-2.17.so       00002B579EF7BC05  __libc_start_main     Unknown  Unknown
pw.x               0000000000408229  Unknown               Unknown  Unknown
forrtl: error (78): process killed (SIGTERM)
Image              PC                Routine            Line        Source             
pw.x               00000000010225FA  Unknown               Unknown  Unknown
libpthread-2.17.s  00002BA28F3A45E0  Unknown               Unknown  Unknown
libmpi.so.12       00002BA28E3AEF0F  PMPIDI_CH3I_Progr     Unknown  Unknown
libmpi.so.12.0     00002BA28E552243  Unknown               Unknown  Unknown
libmpi.so.12.0     00002BA28E361F46  Unknown               Unknown  Unknown
libmpi.so.12       00002BA28E3640BF  MPI_Alltoall          Unknown  Unknown
libmpifort.so.12.  00002BA28DF0F42E  mpi_alltoall__        Unknown  Unknown
pw.x               0000000000E3E3E6  fft_scatter_2d_mp         123  fft_scatter_2d.f90
pw.x               0000000000E55397  fft_parallel_2d_m         172  fft_parallel_2d.f90
pw.x               0000000000E40685  invfft_y_                  91  fft_fwinv.f90
pw.x               0000000000A30430  fft_wave_mp_wave_         152  fft_wave.f90
pw.x               000000000082BE7A  vloc_psi_k_               259  vloc_psi.f90
pw.x               00000000007AC2F1  h_psi__                   221  h_psi.f90
pw.x               00000000007ABD66  h_psi_                     71  h_psi.f90
pw.x               000000000086DDE3  pcegterg_                1021  cegterg.f90
pw.x               0000000000687E53  diag_bands_IP_dia        1028  c_bands.f90
pw.x               000000000068663C  diag_bands_               322  c_bands.f90
pw.x               0000000000685075  c_bands_                  132  c_bands.f90
pw.x               000000000040DEAE  electrons_scf_            689  electrons.f90
pw.x               000000000040B14D  electrons_                192  electrons.f90
pw.x               00000000005888D2  run_pwscf_                189  run_pwscf.f90
pw.x               00000000004084B4  MAIN__                     85  pwscf.f90
pw.x               000000000040831E  Unknown               Unknown  Unknown
libc-2.17.so       00002BA28FC78C05  __libc_start_main     Unknown  Unknown
pw.x               0000000000408229  Unknown               Unknown  Unknown
forrtl: error (78): process killed (SIGTERM)
Image              PC                Routine            Line        Source             
pw.x               00000000010225FA  Unknown               Unknown  Unknown
libpthread-2.17.s  00002AE72662F5E0  Unknown               Unknown  Unknown
pw.x               0000000001022490  Unknown               Unknown  Unknown
libpthread-2.17.s  00002AE72662F5E0  Unknown               Unknown  Unknown
libmpi.so.12       00002AE725639EB8  PMPIDI_CH3I_Progr     Unknown  Unknown
libmpi.so.12.0     00002AE7257DD243  Unknown               Unknown  Unknown
libmpi.so.12.0     00002AE7255ECF46  Unknown               Unknown  Unknown
libmpi.so.12       00002AE7255EF0BF  MPI_Alltoall          Unknown  Unknown
libmpifort.so.12.  00002AE72519A42E  mpi_alltoall__        Unknown  Unknown
pw.x               0000000000E3E3E6  fft_scatter_2d_mp         123  fft_scatter_2d.f90
pw.x               0000000000E55397  fft_parallel_2d_m         172  fft_parallel_2d.f90
pw.x               0000000000E40685  invfft_y_                  91  fft_fwinv.f90
pw.x               0000000000A30430  fft_wave_mp_wave_         152  fft_wave.f90
pw.x               000000000082BE7A  vloc_psi_k_               259  vloc_psi.f90
pw.x               00000000007AC2F1  h_psi__                   221  h_psi.f90
pw.x               00000000007ABD66  h_psi_                     71  h_psi.f90
pw.x               000000000086DDE3  pcegterg_                1021  cegterg.f90
pw.x               0000000000687E53  diag_bands_IP_dia        1028  c_bands.f90
pw.x               000000000068663C  diag_bands_               322  c_bands.f90
pw.x               0000000000685075  c_bands_                  132  c_bands.f90
pw.x               000000000040DEAE  electrons_scf_            689  electrons.f90
pw.x               000000000040B14D  electrons_                192  electrons.f90
pw.x               00000000005888D2  run_pwscf_                189  run_pwscf.f90
pw.x               00000000004084B4  MAIN__                     85  pwscf.f90
pw.x               000000000040831E  Unknown               Unknown  Unknown
libc-2.17.so       00002AE726F03C05  __libc_start_main     Unknown  Unknown
pw.x               0000000000408229  Unknown               Unknown  Unknown
forrtl: error (78): process killed (SIGTERM)
Image              PC                Routine            Line        Source             
pw.x               00000000010225FA  Unknown               Unknown  Unknown
libpthread-2.17.s  00002B895E7215E0  Unknown               Unknown  Unknown
pw.x               0000000001022490  Unknown               Unknown  Unknown
libpthread-2.17.s  00002B895E7215E0  Unknown               Unknown  Unknown
libmpi.so.12       00002B895D72BEB8  PMPIDI_CH3I_Progr     Unknown  Unknown
libmpi.so.12.0     00002B895D8CF243  Unknown               Unknown  Unknown
libmpi.so.12.0     00002B895D6DEF46  Unknown               Unknown  Unknown
libmpi.so.12       00002B895D6E10BF  MPI_Alltoall          Unknown  Unknown
libmpifort.so.12.  00002B895D28C42E  mpi_alltoall__        Unknown  Unknown
pw.x               0000000000E3E3E6  fft_scatter_2d_mp         123  fft_scatter_2d.f90
pw.x               0000000000E55397  fft_parallel_2d_m         172  fft_parallel_2d.f90
pw.x               0000000000E40685  invfft_y_                  91  fft_fwinv.f90
pw.x               0000000000A30430  fft_wave_mp_wave_         152  fft_wave.f90
pw.x               000000000082BE7A  vloc_psi_k_               259  vloc_psi.f90
pw.x               00000000007AC2F1  h_psi__                   221  h_psi.f90
pw.x               00000000007ABD66  h_psi_                     71  h_psi.f90
pw.x               000000000086DDE3  pcegterg_                1021  cegterg.f90
pw.x               0000000000687E53  diag_bands_IP_dia        1028  c_bands.f90
pw.x               000000000068663C  diag_bands_               322  c_bands.f90
pw.x               0000000000685075  c_bands_                  132  c_bands.f90
pw.x               000000000040DEAE  electrons_scf_            689  electrons.f90
pw.x               000000000040B14D  electrons_                192  electrons.f90
pw.x               00000000005888D2  run_pwscf_                189  run_pwscf.f90
pw.x               00000000004084B4  MAIN__                     85  pwscf.f90
pw.x               000000000040831E  Unknown               Unknown  Unknown
libc-2.17.so       00002B895EFF5C05  __libc_start_main     Unknown  Unknown
pw.x               0000000000408229  Unknown               Unknown  Unknown
forrtl: error (78): process killed (SIGTERM)
Image              PC                Routine            Line        Source             
pw.x               00000000010225FA  Unknown               Unknown  Unknown
libpthread-2.17.s  00002B0CB64515E0  Unknown               Unknown  Unknown
libmpi.so.12.0     00002B0CB56E4407  Unknown               Unknown  Unknown
libmpi.so.12       00002B0CB545CB65  PMPIDI_CH3I_Progr     Unknown  Unknown
libmpi.so.12.0     00002B0CB55FF243  Unknown               Unknown  Unknown
libmpi.so.12.0     00002B0CB540EF46  Unknown               Unknown  Unknown
libmpi.so.12       00002B0CB54110BF  MPI_Alltoall          Unknown  Unknown
libmpifort.so.12.  00002B0CB4FBC42E  mpi_alltoall__        Unknown  Unknown
pw.x               0000000000E3E3E6  fft_scatter_2d_mp         123  fft_scatter_2d.f90
pw.x               0000000000E55397  fft_parallel_2d_m         172  fft_parallel_2d.f90
pw.x               0000000000E40685  invfft_y_                  91  fft_fwinv.f90
pw.x               0000000000A30430  fft_wave_mp_wave_         152  fft_wave.f90
pw.x               000000000082BE7A  vloc_psi_k_               259  vloc_psi.f90
pw.x               00000000007AC2F1  h_psi__                   221  h_psi.f90
pw.x               00000000007ABD66  h_psi_                     71  h_psi.f90
pw.x               000000000086DDE3  pcegterg_                1021  cegterg.f90
pw.x               0000000000687E53  diag_bands_IP_dia        1028  c_bands.f90
pw.x               000000000068663C  diag_bands_               322  c_bands.f90
pw.x               0000000000685075  c_bands_                  132  c_bands.f90
pw.x               000000000040DEAE  electrons_scf_            689  electrons.f90
pw.x               000000000040B14D  electrons_                192  electrons.f90
pw.x               00000000005888D2  run_pwscf_                189  run_pwscf.f90
pw.x               00000000004084B4  MAIN__                     85  pwscf.f90
pw.x               000000000040831E  Unknown               Unknown  Unknown
libc-2.17.so       00002B0CB6D25C05  __libc_start_main     Unknown  Unknown
pw.x               0000000000408229  Unknown               Unknown  Unknown
forrtl: error (78): process killed (SIGTERM)
Image              PC                Routine            Line        Source             
pw.x               00000000010225FA  Unknown               Unknown  Unknown
libpthread-2.17.s  00002B57D862F5E0  Unknown               Unknown  Unknown
pw.x               0000000001022490  Unknown               Unknown  Unknown
libpthread-2.17.s  00002B57D862F5E0  Unknown               Unknown  Unknown
libmpi.so.12       00002B57D7639EB8  PMPIDI_CH3I_Progr     Unknown  Unknown
libmpi.so.12.0     00002B57D77DD243  Unknown               Unknown  Unknown
libmpi.so.12.0     00002B57D75ECF46  Unknown               Unknown  Unknown
libmpi.so.12       00002B57D75EF0BF  MPI_Alltoall          Unknown  Unknown
libmpifort.so.12.  00002B57D719A42E  mpi_alltoall__        Unknown  Unknown
pw.x               0000000000E3E3E6  fft_scatter_2d_mp         123  fft_scatter_2d.f90
pw.x               0000000000E55397  fft_parallel_2d_m         172  fft_parallel_2d.f90
pw.x               0000000000E40685  invfft_y_                  91  fft_fwinv.f90
pw.x               0000000000A30430  fft_wave_mp_wave_         152  fft_wave.f90
pw.x               000000000082BE7A  vloc_psi_k_               259  vloc_psi.f90
pw.x               00000000007AC2F1  h_psi__                   221  h_psi.f90
pw.x               00000000007ABD66  h_psi_                     71  h_psi.f90
pw.x               000000000086DDE3  pcegterg_                1021  cegterg.f90
pw.x               0000000000687E53  diag_bands_IP_dia        1028  c_bands.f90
pw.x               000000000068663C  diag_bands_               322  c_bands.f90
pw.x               0000000000685075  c_bands_                  132  c_bands.f90
pw.x               000000000040DEAE  electrons_scf_            689  electrons.f90
pw.x               000000000040B14D  electrons_                192  electrons.f90
pw.x               00000000005888D2  run_pwscf_                189  run_pwscf.f90
pw.x               00000000004084B4  MAIN__                     85  pwscf.f90
pw.x               000000000040831E  Unknown               Unknown  Unknown
libc-2.17.so       00002B57D8F03C05  __libc_start_main     Unknown  Unknown
pw.x               0000000000408229  Unknown               Unknown  Unknown
