forrtl: error (78): process killed (SIGTERM)
Image              PC                Routine            Line        Source             
pw.x               00000000010225FA  Unknown               Unknown  Unknown
libpthread-2.17.s  00002AE400B795E0  Unknown               Unknown  Unknown
libmpi.so.12.0     00002AE3FFB59979  Unknown               Unknown  Unknown
libmpi.so.12.0     00002AE3FFB569DF  Unknown               Unknown  Unknown
libmpi.so.12.0     00002AE3FFB609DE  Unknown               Unknown  Unknown
libmpi.so.12       00002AE3FFB5FEE3  MPI_Bcast             Unknown  Unknown
libmkl_blacs_inte  00002AE3FB4472E2  MKLMPI_Bcast          Unknown  Unknown
libmkl_blacs_inte  00002AE3FB42A068  dgebs2d_              Unknown  Unknown
libmkl_scalapack_  00002AE3FAB9F78C  pdlared1d_            Unknown  Unknown
libmkl_scalapack_  00002AE3FADE4EEA  pzheevd_              Unknown  Unknown
pw.x               0000000000F268EA  zhpev_module_mp_p        1561  zhpev_drv.f90
pw.x               0000000000EF393A  laxlib_pcdiaghg_          587  cdiaghg.f90
pw.x               000000000086E00C  pcegterg_                1087  cegterg.f90
pw.x               0000000000687E53  diag_bands_IP_dia        1028  c_bands.f90
pw.x               000000000068663C  diag_bands_               322  c_bands.f90
pw.x               0000000000685075  c_bands_                  132  c_bands.f90
pw.x               000000000040DEAE  electrons_scf_            689  electrons.f90
pw.x               000000000040B14D  electrons_                192  electrons.f90
pw.x               00000000005888D2  run_pwscf_                189  run_pwscf.f90
pw.x               00000000004084B4  MAIN__                     85  pwscf.f90
pw.x               000000000040831E  Unknown               Unknown  Unknown
libc-2.17.so       00002AE40144DC05  __libc_start_main     Unknown  Unknown
pw.x               0000000000408229  Unknown               Unknown  Unknown
forrtl: error (78): process killed (SIGTERM)
Image              PC                Routine            Line        Source             
pw.x               00000000010225FA  Unknown               Unknown  Unknown
libpthread-2.17.s  00002B20B6AC05E0  Unknown               Unknown  Unknown
libmpi.so.12.0     00002B20B5A9E03B  Unknown               Unknown  Unknown
libmpi.so.12.0     00002B20B5A9DA1B  Unknown               Unknown  Unknown
libmpi.so.12.0     00002B20B5AA79DE  Unknown               Unknown  Unknown
libmpi.so.12       00002B20B5AA6EE3  MPI_Bcast             Unknown  Unknown
libmkl_blacs_inte  00002B20B138E2E2  MKLMPI_Bcast          Unknown  Unknown
libmkl_blacs_inte  00002B20B137204E  dgebr2d_              Unknown  Unknown
libmkl_scalapack_  00002B20B0AE67DA  pdlared1d_            Unknown  Unknown
libmkl_scalapack_  00002B20B0D2BEEA  pzheevd_              Unknown  Unknown
pw.x               0000000000F268EA  zhpev_module_mp_p        1561  zhpev_drv.f90
pw.x               0000000000EF393A  laxlib_pcdiaghg_          587  cdiaghg.f90
pw.x               000000000086E00C  pcegterg_                1087  cegterg.f90
pw.x               0000000000687E53  diag_bands_IP_dia        1028  c_bands.f90
pw.x               000000000068663C  diag_bands_               322  c_bands.f90
pw.x               0000000000685075  c_bands_                  132  c_bands.f90
pw.x               000000000040DEAE  electrons_scf_            689  electrons.f90
pw.x               000000000040B14D  electrons_                192  electrons.f90
pw.x               00000000005888D2  run_pwscf_                189  run_pwscf.f90
pw.x               00000000004084B4  MAIN__                     85  pwscf.f90
pw.x               000000000040831E  Unknown               Unknown  Unknown
libc-2.17.so       00002B20B7394C05  __libc_start_main     Unknown  Unknown
pw.x               0000000000408229  Unknown               Unknown  Unknown
forrtl: error (78): process killed (SIGTERM)
Image              PC                Routine            Line        Source             
pw.x               00000000010225FA  Unknown               Unknown  Unknown
libpthread-2.17.s  00002B197E9385E0  Unknown               Unknown  Unknown
libmpi.so.12       00002B197D942F0D  PMPIDI_CH3I_Progr     Unknown  Unknown
libmpi.so.12       00002B197DCA2C7B  MPI_Recv              Unknown  Unknown
libmkl_blacs_inte  00002B1979207995  MKLMPI_Recv           Unknown  Unknown
libmkl_blacs_inte  00002B197920B329  BI_Srecv              Unknown  Unknown
libmkl_blacs_inte  00002B19791F6E6B  Czgerv2d              Unknown  Unknown
libmkl_scalapack_  00002B1978DC7921  PB_Cpaxpby            Unknown  Unknown
libmkl_scalapack_  00002B1978DA866C  PB_CInV               Unknown  Unknown
libmkl_scalapack_  00002B1978E55F4B  pzhemv_               Unknown  Unknown
libmkl_scalapack_  00002B1978C05AA5  pzlatrd_              Unknown  Unknown
libmkl_scalapack_  00002B1978BB3371  pzhetrd_              Unknown  Unknown
libmkl_scalapack_  00002B1978BA350F  pzheevd_              Unknown  Unknown
pw.x               0000000000F268EA  zhpev_module_mp_p        1561  zhpev_drv.f90
pw.x               0000000000EF393A  laxlib_pcdiaghg_          587  cdiaghg.f90
pw.x               000000000086E00C  pcegterg_                1087  cegterg.f90
pw.x               0000000000687E53  diag_bands_IP_dia        1028  c_bands.f90
pw.x               000000000068663C  diag_bands_               322  c_bands.f90
pw.x               0000000000685075  c_bands_                  132  c_bands.f90
pw.x               000000000040DEAE  electrons_scf_            689  electrons.f90
pw.x               000000000040B14D  electrons_                192  electrons.f90
pw.x               00000000005888D2  run_pwscf_                189  run_pwscf.f90
pw.x               00000000004084B4  MAIN__                     85  pwscf.f90
pw.x               000000000040831E  Unknown               Unknown  Unknown
libc-2.17.so       00002B197F20CC05  __libc_start_main     Unknown  Unknown
pw.x               0000000000408229  Unknown               Unknown  Unknown
forrtl: error (78): process killed (SIGTERM)
Image              PC                Routine            Line        Source             
pw.x               00000000010225FA  Unknown               Unknown  Unknown
libpthread-2.17.s  00002B65F137A5E0  Unknown               Unknown  Unknown
libmpi.so.12       00002B65F0384EB8  PMPIDI_CH3I_Progr     Unknown  Unknown
libmpi.so.12       00002B65F06E4C7B  MPI_Recv              Unknown  Unknown
libmkl_blacs_inte  00002B65EBC49995  MKLMPI_Recv           Unknown  Unknown
libmkl_blacs_inte  00002B65EBC4D329  BI_Srecv              Unknown  Unknown
libmkl_blacs_inte  00002B65EBC38E6B  Czgerv2d              Unknown  Unknown
libmkl_scalapack_  00002B65EB809921  PB_Cpaxpby            Unknown  Unknown
libmkl_scalapack_  00002B65EB7EA66C  PB_CInV               Unknown  Unknown
libmkl_scalapack_  00002B65EB897F4B  pzhemv_               Unknown  Unknown
libmkl_scalapack_  00002B65EB647AA5  pzlatrd_              Unknown  Unknown
libmkl_scalapack_  00002B65EB5F5371  pzhetrd_              Unknown  Unknown
libmkl_scalapack_  00002B65EB5E550F  pzheevd_              Unknown  Unknown
pw.x               0000000000F268EA  zhpev_module_mp_p        1561  zhpev_drv.f90
pw.x               0000000000EF393A  laxlib_pcdiaghg_          587  cdiaghg.f90
pw.x               000000000086E00C  pcegterg_                1087  cegterg.f90
pw.x               0000000000687E53  diag_bands_IP_dia        1028  c_bands.f90
pw.x               000000000068663C  diag_bands_               322  c_bands.f90
pw.x               0000000000685075  c_bands_                  132  c_bands.f90
pw.x               000000000040DEAE  electrons_scf_            689  electrons.f90
pw.x               000000000040B14D  electrons_                192  electrons.f90
pw.x               00000000005888D2  run_pwscf_                189  run_pwscf.f90
pw.x               00000000004084B4  MAIN__                     85  pwscf.f90
pw.x               000000000040831E  Unknown               Unknown  Unknown
libc-2.17.so       00002B65F1C4EC05  __libc_start_main     Unknown  Unknown
pw.x               0000000000408229  Unknown               Unknown  Unknown
forrtl: error (78): process killed (SIGTERM)
Image              PC                Routine            Line        Source             
pw.x               00000000010225FA  Unknown               Unknown  Unknown
libpthread-2.17.s  00002B242D1B55E0  Unknown               Unknown  Unknown
libmpi.so.12       00002B242C1C02D8  PMPIDI_CH3I_Progr     Unknown  Unknown
libmpi.so.12       00002B242C51FC7B  MPI_Recv              Unknown  Unknown
libmkl_blacs_inte  00002B2427A84995  MKLMPI_Recv           Unknown  Unknown
libmkl_blacs_inte  00002B2427A88329  BI_Srecv              Unknown  Unknown
libmkl_blacs_inte  00002B2427A886ED  BI_TreeComb           Unknown  Unknown
libmkl_blacs_inte  00002B2427A79DC4  Czgsum2d              Unknown  Unknown
libmkl_scalapack_  00002B24276D3B61  pzhemv_               Unknown  Unknown
libmkl_scalapack_  00002B2427482AA5  pzlatrd_              Unknown  Unknown
libmkl_scalapack_  00002B2427430371  pzhetrd_              Unknown  Unknown
libmkl_scalapack_  00002B242742050F  pzheevd_              Unknown  Unknown
pw.x               0000000000F268EA  zhpev_module_mp_p        1561  zhpev_drv.f90
pw.x               0000000000EF393A  laxlib_pcdiaghg_          587  cdiaghg.f90
pw.x               000000000086E00C  pcegterg_                1087  cegterg.f90
pw.x               0000000000687E53  diag_bands_IP_dia        1028  c_bands.f90
pw.x               000000000068663C  diag_bands_               322  c_bands.f90
pw.x               0000000000685075  c_bands_                  132  c_bands.f90
pw.x               000000000040DEAE  electrons_scf_            689  electrons.f90
pw.x               000000000040B14D  electrons_                192  electrons.f90
pw.x               00000000005888D2  run_pwscf_                189  run_pwscf.f90
pw.x               00000000004084B4  MAIN__                     85  pwscf.f90
pw.x               000000000040831E  Unknown               Unknown  Unknown
libc-2.17.so       00002B242DA89C05  __libc_start_main     Unknown  Unknown
pw.x               0000000000408229  Unknown               Unknown  Unknown
forrtl: error (78): process killed (SIGTERM)
Image              PC                Routine            Line        Source             
pw.x               00000000010225FA  Unknown               Unknown  Unknown
libpthread-2.17.s  00002B298A71F5E0  Unknown               Unknown  Unknown
libmpi.so.12       00002B2989729EB8  PMPIDI_CH3I_Progr     Unknown  Unknown
libmpi.so.12       00002B2989A89C7B  MPI_Recv              Unknown  Unknown
libmkl_blacs_inte  00002B2984FEE995  MKLMPI_Recv           Unknown  Unknown
libmkl_blacs_inte  00002B2984FF2329  BI_Srecv              Unknown  Unknown
libmkl_blacs_inte  00002B2984FDDE6B  Czgerv2d              Unknown  Unknown
libmkl_scalapack_  00002B2984BAE921  PB_Cpaxpby            Unknown  Unknown
libmkl_scalapack_  00002B2984B8F66C  PB_CInV               Unknown  Unknown
libmkl_scalapack_  00002B2984C3CF4B  pzhemv_               Unknown  Unknown
libmkl_scalapack_  00002B29849ECAA5  pzlatrd_              Unknown  Unknown
libmkl_scalapack_  00002B298499A371  pzhetrd_              Unknown  Unknown
libmkl_scalapack_  00002B298498A50F  pzheevd_              Unknown  Unknown
pw.x               0000000000F268EA  zhpev_module_mp_p        1561  zhpev_drv.f90
pw.x               0000000000EF393A  laxlib_pcdiaghg_          587  cdiaghg.f90
pw.x               000000000086E00C  pcegterg_                1087  cegterg.f90
pw.x               0000000000687E53  diag_bands_IP_dia        1028  c_bands.f90
pw.x               000000000068663C  diag_bands_               322  c_bands.f90
pw.x               0000000000685075  c_bands_                  132  c_bands.f90
pw.x               000000000040DEAE  electrons_scf_            689  electrons.f90
pw.x               000000000040B14D  electrons_                192  electrons.f90
pw.x               00000000005888D2  run_pwscf_                189  run_pwscf.f90
pw.x               00000000004084B4  MAIN__                     85  pwscf.f90
pw.x               000000000040831E  Unknown               Unknown  Unknown
libc-2.17.so       00002B298AFF3C05  __libc_start_main     Unknown  Unknown
pw.x               0000000000408229  Unknown               Unknown  Unknown
forrtl: error (78): process killed (SIGTERM)
Image              PC                Routine            Line        Source             
pw.x               00000000010225FA  Unknown               Unknown  Unknown
libpthread-2.17.s  00002B769FE455E0  Unknown               Unknown  Unknown
libmpi.so.12       00002B769EE4FEB8  PMPIDI_CH3I_Progr     Unknown  Unknown
libmpi.so.12       00002B769F1AFC7B  MPI_Recv              Unknown  Unknown
libmkl_blacs_inte  00002B769A714995  MKLMPI_Recv           Unknown  Unknown
libmkl_blacs_inte  00002B769A718329  BI_Srecv              Unknown  Unknown
libmkl_blacs_inte  00002B769A703E6B  Czgerv2d              Unknown  Unknown
libmkl_scalapack_  00002B769A2D4921  PB_Cpaxpby            Unknown  Unknown
libmkl_scalapack_  00002B769A2B566C  PB_CInV               Unknown  Unknown
libmkl_scalapack_  00002B769A362F4B  pzhemv_               Unknown  Unknown
libmkl_scalapack_  00002B769A112AA5  pzlatrd_              Unknown  Unknown
libmkl_scalapack_  00002B769A0C0371  pzhetrd_              Unknown  Unknown
libmkl_scalapack_  00002B769A0B050F  pzheevd_              Unknown  Unknown
pw.x               0000000000F268EA  zhpev_module_mp_p        1561  zhpev_drv.f90
pw.x               0000000000EF393A  laxlib_pcdiaghg_          587  cdiaghg.f90
pw.x               000000000086E00C  pcegterg_                1087  cegterg.f90
pw.x               0000000000687E53  diag_bands_IP_dia        1028  c_bands.f90
pw.x               000000000068663C  diag_bands_               322  c_bands.f90
pw.x               0000000000685075  c_bands_                  132  c_bands.f90
pw.x               000000000040DEAE  electrons_scf_            689  electrons.f90
pw.x               000000000040B14D  electrons_                192  electrons.f90
pw.x               00000000005888D2  run_pwscf_                189  run_pwscf.f90
pw.x               00000000004084B4  MAIN__                     85  pwscf.f90
pw.x               000000000040831E  Unknown               Unknown  Unknown
libc-2.17.so       00002B76A0719C05  __libc_start_main     Unknown  Unknown
pw.x               0000000000408229  Unknown               Unknown  Unknown
forrtl: error (78): process killed (SIGTERM)
Image              PC                Routine            Line        Source             
pw.x               00000000010225FA  Unknown               Unknown  Unknown
libpthread-2.17.s  00002B3CB57475E0  Unknown               Unknown  Unknown
libmpi.so.12       00002B3CB4751EB8  PMPIDI_CH3I_Progr     Unknown  Unknown
libmpi.so.12       00002B3CB4AB1C7B  MPI_Recv              Unknown  Unknown
libmkl_blacs_inte  00002B3CB0016995  MKLMPI_Recv           Unknown  Unknown
libmkl_blacs_inte  00002B3CB001A329  BI_Srecv              Unknown  Unknown
libmkl_blacs_inte  00002B3CB0005E6B  Czgerv2d              Unknown  Unknown
libmkl_scalapack_  00002B3CAFBD6921  PB_Cpaxpby            Unknown  Unknown
libmkl_scalapack_  00002B3CAFBB766C  PB_CInV               Unknown  Unknown
libmkl_scalapack_  00002B3CAFC64F4B  pzhemv_               Unknown  Unknown
libmkl_scalapack_  00002B3CAFA14AA5  pzlatrd_              Unknown  Unknown
libmkl_scalapack_  00002B3CAF9C2371  pzhetrd_              Unknown  Unknown
libmkl_scalapack_  00002B3CAF9B250F  pzheevd_              Unknown  Unknown
pw.x               0000000000F268EA  zhpev_module_mp_p        1561  zhpev_drv.f90
pw.x               0000000000EF393A  laxlib_pcdiaghg_          587  cdiaghg.f90
pw.x               000000000086E00C  pcegterg_                1087  cegterg.f90
pw.x               0000000000687E53  diag_bands_IP_dia        1028  c_bands.f90
pw.x               000000000068663C  diag_bands_               322  c_bands.f90
pw.x               0000000000685075  c_bands_                  132  c_bands.f90
pw.x               000000000040DEAE  electrons_scf_            689  electrons.f90
pw.x               000000000040B14D  electrons_                192  electrons.f90
pw.x               00000000005888D2  run_pwscf_                189  run_pwscf.f90
pw.x               00000000004084B4  MAIN__                     85  pwscf.f90
pw.x               000000000040831E  Unknown               Unknown  Unknown
libc-2.17.so       00002B3CB601BC05  __libc_start_main     Unknown  Unknown
pw.x               0000000000408229  Unknown               Unknown  Unknown
forrtl: error (78): process killed (SIGTERM)
Image              PC                Routine            Line        Source             
pw.x               00000000010225FA  Unknown               Unknown  Unknown
libpthread-2.17.s  00002AF1CC4CA5E0  Unknown               Unknown  Unknown
libmpi.so.12       00002AF1CB4D4EB8  PMPIDI_CH3I_Progr     Unknown  Unknown
libmpi.so.12       00002AF1CB834C7B  MPI_Recv              Unknown  Unknown
libmkl_blacs_inte  00002AF1C6D99995  MKLMPI_Recv           Unknown  Unknown
libmkl_blacs_inte  00002AF1C6D9D329  BI_Srecv              Unknown  Unknown
libmkl_blacs_inte  00002AF1C6D9D6ED  BI_TreeComb           Unknown  Unknown
libmkl_blacs_inte  00002AF1C6D8EDC4  Czgsum2d              Unknown  Unknown
libmkl_scalapack_  00002AF1C69E8BF1  pzhemv_               Unknown  Unknown
libmkl_scalapack_  00002AF1C6797AA5  pzlatrd_              Unknown  Unknown
libmkl_scalapack_  00002AF1C6745371  pzhetrd_              Unknown  Unknown
libmkl_scalapack_  00002AF1C673550F  pzheevd_              Unknown  Unknown
pw.x               0000000000F268EA  zhpev_module_mp_p        1561  zhpev_drv.f90
pw.x               0000000000EF393A  laxlib_pcdiaghg_          587  cdiaghg.f90
pw.x               000000000086E00C  pcegterg_                1087  cegterg.f90
pw.x               0000000000687E53  diag_bands_IP_dia        1028  c_bands.f90
pw.x               000000000068663C  diag_bands_               322  c_bands.f90
pw.x               0000000000685075  c_bands_                  132  c_bands.f90
pw.x               000000000040DEAE  electrons_scf_            689  electrons.f90
pw.x               000000000040B14D  electrons_                192  electrons.f90
pw.x               00000000005888D2  run_pwscf_                189  run_pwscf.f90
pw.x               00000000004084B4  MAIN__                     85  pwscf.f90
pw.x               000000000040831E  Unknown               Unknown  Unknown
libc-2.17.so       00002AF1CCD9EC05  __libc_start_main     Unknown  Unknown
pw.x               0000000000408229  Unknown               Unknown  Unknown
forrtl: error (78): process killed (SIGTERM)
Image              PC                Routine            Line        Source             
pw.x               00000000010225FA  Unknown               Unknown  Unknown
libpthread-2.17.s  00002AC62BB2C5E0  Unknown               Unknown  Unknown
libmpi.so.12       00002AC62AB372B1  PMPIDI_CH3I_Progr     Unknown  Unknown
libmpi.so.12       00002AC62AE96C7B  MPI_Recv              Unknown  Unknown
libmkl_blacs_inte  00002AC6263FB995  MKLMPI_Recv           Unknown  Unknown
libmkl_blacs_inte  00002AC6263FF329  BI_Srecv              Unknown  Unknown
libmkl_blacs_inte  00002AC6263FF6ED  BI_TreeComb           Unknown  Unknown
libmkl_blacs_inte  00002AC6263F0DC4  Czgsum2d              Unknown  Unknown
libmkl_scalapack_  00002AC62604ABF1  pzhemv_               Unknown  Unknown
libmkl_scalapack_  00002AC625DF9AA5  pzlatrd_              Unknown  Unknown
libmkl_scalapack_  00002AC625DA7371  pzhetrd_              Unknown  Unknown
libmkl_scalapack_  00002AC625D9750F  pzheevd_              Unknown  Unknown
pw.x               0000000000F268EA  zhpev_module_mp_p        1561  zhpev_drv.f90
pw.x               0000000000EF393A  laxlib_pcdiaghg_          587  cdiaghg.f90
pw.x               000000000086E00C  pcegterg_                1087  cegterg.f90
pw.x               0000000000687E53  diag_bands_IP_dia        1028  c_bands.f90
pw.x               000000000068663C  diag_bands_               322  c_bands.f90
pw.x               0000000000685075  c_bands_                  132  c_bands.f90
pw.x               000000000040DEAE  electrons_scf_            689  electrons.f90
pw.x               000000000040B14D  electrons_                192  electrons.f90
pw.x               00000000005888D2  run_pwscf_                189  run_pwscf.f90
pw.x               00000000004084B4  MAIN__                     85  pwscf.f90
pw.x               000000000040831E  Unknown               Unknown  Unknown
libc-2.17.so       00002AC62C400C05  __libc_start_main     Unknown  Unknown
pw.x               0000000000408229  Unknown               Unknown  Unknown
forrtl: error (78): process killed (SIGTERM)
Image              PC                Routine            Line        Source             
pw.x               00000000010225FA  Unknown               Unknown  Unknown
libpthread-2.17.s  00002B0ECD4675E0  Unknown               Unknown  Unknown
libmpi.so.12       00002B0ECC471F95  PMPIDI_CH3I_Progr     Unknown  Unknown
libmpi.so.12       00002B0ECC7D1C7B  MPI_Recv              Unknown  Unknown
libmkl_blacs_inte  00002B0EC7D36995  MKLMPI_Recv           Unknown  Unknown
libmkl_blacs_inte  00002B0EC7D3A329  BI_Srecv              Unknown  Unknown
libmkl_blacs_inte  00002B0EC7D3A6ED  BI_TreeComb           Unknown  Unknown
libmkl_blacs_inte  00002B0EC7D2BDC4  Czgsum2d              Unknown  Unknown
libmkl_scalapack_  00002B0EC7985B61  pzhemv_               Unknown  Unknown
libmkl_scalapack_  00002B0EC7734AA5  pzlatrd_              Unknown  Unknown
libmkl_scalapack_  00002B0EC76E2371  pzhetrd_              Unknown  Unknown
libmkl_scalapack_  00002B0EC76D250F  pzheevd_              Unknown  Unknown
pw.x               0000000000F268EA  zhpev_module_mp_p        1561  zhpev_drv.f90
pw.x               0000000000EF393A  laxlib_pcdiaghg_          587  cdiaghg.f90
pw.x               000000000086E00C  pcegterg_                1087  cegterg.f90
pw.x               0000000000687E53  diag_bands_IP_dia        1028  c_bands.f90
pw.x               000000000068663C  diag_bands_               322  c_bands.f90
pw.x               0000000000685075  c_bands_                  132  c_bands.f90
pw.x               000000000040DEAE  electrons_scf_            689  electrons.f90
pw.x               000000000040B14D  electrons_                192  electrons.f90
pw.x               00000000005888D2  run_pwscf_                189  run_pwscf.f90
pw.x               00000000004084B4  MAIN__                     85  pwscf.f90
pw.x               000000000040831E  Unknown               Unknown  Unknown
libc-2.17.so       00002B0ECDD3BC05  __libc_start_main     Unknown  Unknown
pw.x               0000000000408229  Unknown               Unknown  Unknown
forrtl: error (78): process killed (SIGTERM)
Image              PC                Routine            Line        Source             
pw.x               00000000010225FA  Unknown               Unknown  Unknown
libpthread-2.17.s  00002B0EB34A65E0  Unknown               Unknown  Unknown
libmpi.so.12       00002B0EB24B12B1  PMPIDI_CH3I_Progr     Unknown  Unknown
libmpi.so.12       00002B0EB2810C7B  MPI_Recv              Unknown  Unknown
libmkl_blacs_inte  00002B0EADD75995  MKLMPI_Recv           Unknown  Unknown
libmkl_blacs_inte  00002B0EADD79329  BI_Srecv              Unknown  Unknown
libmkl_blacs_inte  00002B0EADD796ED  BI_TreeComb           Unknown  Unknown
libmkl_blacs_inte  00002B0EADD6ADC4  Czgsum2d              Unknown  Unknown
libmkl_scalapack_  00002B0EAD9C4BF1  pzhemv_               Unknown  Unknown
libmkl_scalapack_  00002B0EAD773AA5  pzlatrd_              Unknown  Unknown
libmkl_scalapack_  00002B0EAD721371  pzhetrd_              Unknown  Unknown
libmkl_scalapack_  00002B0EAD71150F  pzheevd_              Unknown  Unknown
pw.x               0000000000F268EA  zhpev_module_mp_p        1561  zhpev_drv.f90
pw.x               0000000000EF393A  laxlib_pcdiaghg_          587  cdiaghg.f90
pw.x               000000000086E00C  pcegterg_                1087  cegterg.f90
pw.x               0000000000687E53  diag_bands_IP_dia        1028  c_bands.f90
pw.x               000000000068663C  diag_bands_               322  c_bands.f90
pw.x               0000000000685075  c_bands_                  132  c_bands.f90
pw.x               000000000040DEAE  electrons_scf_            689  electrons.f90
pw.x               000000000040B14D  electrons_                192  electrons.f90
pw.x               00000000005888D2  run_pwscf_                189  run_pwscf.f90
pw.x               00000000004084B4  MAIN__                     85  pwscf.f90
pw.x               000000000040831E  Unknown               Unknown  Unknown
libc-2.17.so       00002B0EB3D7AC05  __libc_start_main     Unknown  Unknown
pw.x               0000000000408229  Unknown               Unknown  Unknown
forrtl: error (78): process killed (SIGTERM)
Image              PC                Routine            Line        Source             
pw.x               00000000010225FA  Unknown               Unknown  Unknown
libpthread-2.17.s  00002AE8FD5B25E0  Unknown               Unknown  Unknown
libmpi.so.12       00002AE8FC5BD2B1  PMPIDI_CH3I_Progr     Unknown  Unknown
libmpi.so.12       00002AE8FC91CC7B  MPI_Recv              Unknown  Unknown
libmkl_blacs_inte  00002AE8F7E81995  MKLMPI_Recv           Unknown  Unknown
libmkl_blacs_inte  00002AE8F7E85329  BI_Srecv              Unknown  Unknown
libmkl_blacs_inte  00002AE8F7E856ED  BI_TreeComb           Unknown  Unknown
libmkl_blacs_inte  00002AE8F7E76DC4  Czgsum2d              Unknown  Unknown
libmkl_scalapack_  00002AE8F7AD0BF1  pzhemv_               Unknown  Unknown
libmkl_scalapack_  00002AE8F787FAA5  pzlatrd_              Unknown  Unknown
libmkl_scalapack_  00002AE8F782D371  pzhetrd_              Unknown  Unknown
libmkl_scalapack_  00002AE8F781D50F  pzheevd_              Unknown  Unknown
pw.x               0000000000F268EA  zhpev_module_mp_p        1561  zhpev_drv.f90
pw.x               0000000000EF393A  laxlib_pcdiaghg_          587  cdiaghg.f90
pw.x               000000000086E00C  pcegterg_                1087  cegterg.f90
pw.x               0000000000687E53  diag_bands_IP_dia        1028  c_bands.f90
pw.x               000000000068663C  diag_bands_               322  c_bands.f90
pw.x               0000000000685075  c_bands_                  132  c_bands.f90
pw.x               000000000040DEAE  electrons_scf_            689  electrons.f90
pw.x               000000000040B14D  electrons_                192  electrons.f90
pw.x               00000000005888D2  run_pwscf_                189  run_pwscf.f90
pw.x               00000000004084B4  MAIN__                     85  pwscf.f90
pw.x               000000000040831E  Unknown               Unknown  Unknown
libc-2.17.so       00002AE8FDE86C05  __libc_start_main     Unknown  Unknown
pw.x               0000000000408229  Unknown               Unknown  Unknown
forrtl: error (78): process killed (SIGTERM)
Image              PC                Routine            Line        Source             
pw.x               00000000010225FA  Unknown               Unknown  Unknown
libpthread-2.17.s  00002AC7D19835E0  Unknown               Unknown  Unknown
libmpi.so.12       00002AC7D098EB7E  PMPIDI_CH3I_Progr     Unknown  Unknown
libmpi.so.12       00002AC7D0CEDC7B  MPI_Recv              Unknown  Unknown
libmkl_blacs_inte  00002AC7CC252995  MKLMPI_Recv           Unknown  Unknown
libmkl_blacs_inte  00002AC7CC256329  BI_Srecv              Unknown  Unknown
libmkl_blacs_inte  00002AC7CC2566ED  BI_TreeComb           Unknown  Unknown
libmkl_blacs_inte  00002AC7CC247DC4  Czgsum2d              Unknown  Unknown
libmkl_scalapack_  00002AC7CBEA1BF1  pzhemv_               Unknown  Unknown
libmkl_scalapack_  00002AC7CBC50AA5  pzlatrd_              Unknown  Unknown
libmkl_scalapack_  00002AC7CBBFE371  pzhetrd_              Unknown  Unknown
libmkl_scalapack_  00002AC7CBBEE50F  pzheevd_              Unknown  Unknown
pw.x               0000000000F268EA  zhpev_module_mp_p        1561  zhpev_drv.f90
pw.x               0000000000EF393A  laxlib_pcdiaghg_          587  cdiaghg.f90
pw.x               000000000086E00C  pcegterg_                1087  cegterg.f90
pw.x               0000000000687E53  diag_bands_IP_dia        1028  c_bands.f90
pw.x               000000000068663C  diag_bands_               322  c_bands.f90
pw.x               0000000000685075  c_bands_                  132  c_bands.f90
pw.x               000000000040DEAE  electrons_scf_            689  electrons.f90
pw.x               000000000040B14D  electrons_                192  electrons.f90
pw.x               00000000005888D2  run_pwscf_                189  run_pwscf.f90
pw.x               00000000004084B4  MAIN__                     85  pwscf.f90
pw.x               000000000040831E  Unknown               Unknown  Unknown
libc-2.17.so       00002AC7D2257C05  __libc_start_main     Unknown  Unknown
pw.x               0000000000408229  Unknown               Unknown  Unknown
forrtl: error (78): process killed (SIGTERM)
Image              PC                Routine            Line        Source             
pw.x               00000000010225FA  Unknown               Unknown  Unknown
libpthread-2.17.s  00002ACDAA14D5E0  Unknown               Unknown  Unknown
libmpi.so.12       00002ACDA9157EB8  PMPIDI_CH3I_Progr     Unknown  Unknown
libmpi.so.12       00002ACDA94B7C7B  MPI_Recv              Unknown  Unknown
libmkl_blacs_inte  00002ACDA4A1C995  MKLMPI_Recv           Unknown  Unknown
libmkl_blacs_inte  00002ACDA4A20329  BI_Srecv              Unknown  Unknown
libmkl_blacs_inte  00002ACDA4A206ED  BI_TreeComb           Unknown  Unknown
libmkl_blacs_inte  00002ACDA4A11DC4  Czgsum2d              Unknown  Unknown
libmkl_scalapack_  00002ACDA466BB61  pzhemv_               Unknown  Unknown
libmkl_scalapack_  00002ACDA441AAA5  pzlatrd_              Unknown  Unknown
libmkl_scalapack_  00002ACDA43C8371  pzhetrd_              Unknown  Unknown
libmkl_scalapack_  00002ACDA43B850F  pzheevd_              Unknown  Unknown
pw.x               0000000000F268EA  zhpev_module_mp_p        1561  zhpev_drv.f90
pw.x               0000000000EF393A  laxlib_pcdiaghg_          587  cdiaghg.f90
pw.x               000000000086E00C  pcegterg_                1087  cegterg.f90
pw.x               0000000000687E53  diag_bands_IP_dia        1028  c_bands.f90
pw.x               000000000068663C  diag_bands_               322  c_bands.f90
pw.x               0000000000685075  c_bands_                  132  c_bands.f90
pw.x               000000000040DEAE  electrons_scf_            689  electrons.f90
pw.x               000000000040B14D  electrons_                192  electrons.f90
pw.x               00000000005888D2  run_pwscf_                189  run_pwscf.f90
pw.x               00000000004084B4  MAIN__                     85  pwscf.f90
pw.x               000000000040831E  Unknown               Unknown  Unknown
libc-2.17.so       00002ACDAAA21C05  __libc_start_main     Unknown  Unknown
pw.x               0000000000408229  Unknown               Unknown  Unknown
forrtl: error (78): process killed (SIGTERM)
Image              PC                Routine            Line        Source             
pw.x               00000000010225FA  Unknown               Unknown  Unknown
libpthread-2.17.s  00002B9CDF0EF5E0  Unknown               Unknown  Unknown
libmpi.so.12       00002B9CDE0FA2D8  PMPIDI_CH3I_Progr     Unknown  Unknown
libmpi.so.12       00002B9CDE459C7B  MPI_Recv              Unknown  Unknown
libmkl_blacs_inte  00002B9CD99BE995  MKLMPI_Recv           Unknown  Unknown
libmkl_blacs_inte  00002B9CD99C2329  BI_Srecv              Unknown  Unknown
libmkl_blacs_inte  00002B9CD99C26ED  BI_TreeComb           Unknown  Unknown
libmkl_blacs_inte  00002B9CD99B3DC4  Czgsum2d              Unknown  Unknown
libmkl_scalapack_  00002B9CD960DBF1  pzhemv_               Unknown  Unknown
libmkl_scalapack_  00002B9CD93BCAA5  pzlatrd_              Unknown  Unknown
libmkl_scalapack_  00002B9CD936A371  pzhetrd_              Unknown  Unknown
libmkl_scalapack_  00002B9CD935A50F  pzheevd_              Unknown  Unknown
pw.x               0000000000F268EA  zhpev_module_mp_p        1561  zhpev_drv.f90
pw.x               0000000000EF393A  laxlib_pcdiaghg_          587  cdiaghg.f90
pw.x               000000000086E00C  pcegterg_                1087  cegterg.f90
pw.x               0000000000687E53  diag_bands_IP_dia        1028  c_bands.f90
pw.x               000000000068663C  diag_bands_               322  c_bands.f90
pw.x               0000000000685075  c_bands_                  132  c_bands.f90
pw.x               000000000040DEAE  electrons_scf_            689  electrons.f90
pw.x               000000000040B14D  electrons_                192  electrons.f90
pw.x               00000000005888D2  run_pwscf_                189  run_pwscf.f90
pw.x               00000000004084B4  MAIN__                     85  pwscf.f90
pw.x               000000000040831E  Unknown               Unknown  Unknown
libc-2.17.so       00002B9CDF9C3C05  __libc_start_main     Unknown  Unknown
pw.x               0000000000408229  Unknown               Unknown  Unknown
forrtl: error (78): process killed (SIGTERM)
Image              PC                Routine            Line        Source             
pw.x               00000000010225FA  Unknown               Unknown  Unknown
libpthread-2.17.s  00002B8D36F605E0  Unknown               Unknown  Unknown
libmpi.so.12       00002B8D35F6AEFC  PMPIDI_CH3I_Progr     Unknown  Unknown
libmpi.so.12       00002B8D362CAC7B  MPI_Recv              Unknown  Unknown
libmkl_blacs_inte  00002B8D3182F995  MKLMPI_Recv           Unknown  Unknown
libmkl_blacs_inte  00002B8D31833329  BI_Srecv              Unknown  Unknown
libmkl_blacs_inte  00002B8D3181EE6B  Czgerv2d              Unknown  Unknown
libmkl_scalapack_  00002B8D313EF921  PB_Cpaxpby            Unknown  Unknown
libmkl_scalapack_  00002B8D313D066C  PB_CInV               Unknown  Unknown
libmkl_scalapack_  00002B8D3147DF4B  pzhemv_               Unknown  Unknown
libmkl_scalapack_  00002B8D3122DAA5  pzlatrd_              Unknown  Unknown
libmkl_scalapack_  00002B8D311DB371  pzhetrd_              Unknown  Unknown
libmkl_scalapack_  00002B8D311CB50F  pzheevd_              Unknown  Unknown
pw.x               0000000000F268EA  zhpev_module_mp_p        1561  zhpev_drv.f90
pw.x               0000000000EF393A  laxlib_pcdiaghg_          587  cdiaghg.f90
pw.x               000000000086E00C  pcegterg_                1087  cegterg.f90
pw.x               0000000000687E53  diag_bands_IP_dia        1028  c_bands.f90
pw.x               000000000068663C  diag_bands_               322  c_bands.f90
pw.x               0000000000685075  c_bands_                  132  c_bands.f90
pw.x               000000000040DEAE  electrons_scf_            689  electrons.f90
pw.x               000000000040B14D  electrons_                192  electrons.f90
pw.x               00000000005888D2  run_pwscf_                189  run_pwscf.f90
pw.x               00000000004084B4  MAIN__                     85  pwscf.f90
pw.x               000000000040831E  Unknown               Unknown  Unknown
libc-2.17.so       00002B8D37834C05  __libc_start_main     Unknown  Unknown
pw.x               0000000000408229  Unknown               Unknown  Unknown
forrtl: error (78): process killed (SIGTERM)
Image              PC                Routine            Line        Source             
pw.x               00000000010225FA  Unknown               Unknown  Unknown
libpthread-2.17.s  00002AB02BEF95E0  Unknown               Unknown  Unknown
libmpi.so.12       00002AB02AF03EB8  PMPIDI_CH3I_Progr     Unknown  Unknown
libmpi.so.12.0     00002AB02B0A83D0  Unknown               Unknown  Unknown
libmpi.so.12.0     00002AB02AED67B4  Unknown               Unknown  Unknown
libmpi.so.12.0     00002AB02AEE09DE  Unknown               Unknown  Unknown
libmpi.so.12       00002AB02AEDFEE3  MPI_Bcast             Unknown  Unknown
libmkl_blacs_inte  00002AB0267C72E2  MKLMPI_Bcast          Unknown  Unknown
libmkl_blacs_inte  00002AB0267BA161  Czgebr2d              Unknown  Unknown
libmkl_scalapack_  00002AB02636A4BA  PB_CInV               Unknown  Unknown
libmkl_scalapack_  00002AB0264151DB  pzgemv_               Unknown  Unknown
libmkl_scalapack_  00002AB0261C6C3B  pzlatrd_              Unknown  Unknown
libmkl_scalapack_  00002AB026174371  pzhetrd_              Unknown  Unknown
libmkl_scalapack_  00002AB02616450F  pzheevd_              Unknown  Unknown
pw.x               0000000000F268EA  zhpev_module_mp_p        1561  zhpev_drv.f90
pw.x               0000000000EF393A  laxlib_pcdiaghg_          587  cdiaghg.f90
pw.x               000000000086E00C  pcegterg_                1087  cegterg.f90
pw.x               0000000000687E53  diag_bands_IP_dia        1028  c_bands.f90
pw.x               000000000068663C  diag_bands_               322  c_bands.f90
pw.x               0000000000685075  c_bands_                  132  c_bands.f90
pw.x               000000000040DEAE  electrons_scf_            689  electrons.f90
pw.x               000000000040B14D  electrons_                192  electrons.f90
pw.x               00000000005888D2  run_pwscf_                189  run_pwscf.f90
pw.x               00000000004084B4  MAIN__                     85  pwscf.f90
pw.x               000000000040831E  Unknown               Unknown  Unknown
libc-2.17.so       00002AB02C7CDC05  __libc_start_main     Unknown  Unknown
pw.x               0000000000408229  Unknown               Unknown  Unknown
forrtl: error (78): process killed (SIGTERM)
Image              PC                Routine            Line        Source             
pw.x               00000000010225FA  Unknown               Unknown  Unknown
libpthread-2.17.s  00002AE1D9FDF5E0  Unknown               Unknown  Unknown
libmpi.so.12.0     00002AE1D8FBF979  Unknown               Unknown  Unknown
libmpi.so.12.0     00002AE1D8FBC9DF  Unknown               Unknown  Unknown
libmpi.so.12.0     00002AE1D8FC69DE  Unknown               Unknown  Unknown
libmpi.so.12       00002AE1D8FC5EE3  MPI_Bcast             Unknown  Unknown
libmkl_blacs_inte  00002AE1D48AD2E2  MKLMPI_Bcast          Unknown  Unknown
libmkl_blacs_inte  00002AE1D4890068  dgebs2d_              Unknown  Unknown
libmkl_scalapack_  00002AE1D400578C  pdlared1d_            Unknown  Unknown
libmkl_scalapack_  00002AE1D424AEEA  pzheevd_              Unknown  Unknown
pw.x               0000000000F268EA  zhpev_module_mp_p        1561  zhpev_drv.f90
pw.x               0000000000EF393A  laxlib_pcdiaghg_          587  cdiaghg.f90
pw.x               000000000086E00C  pcegterg_                1087  cegterg.f90
pw.x               0000000000687E53  diag_bands_IP_dia        1028  c_bands.f90
pw.x               000000000068663C  diag_bands_               322  c_bands.f90
pw.x               0000000000685075  c_bands_                  132  c_bands.f90
pw.x               000000000040DEAE  electrons_scf_            689  electrons.f90
pw.x               000000000040B14D  electrons_                192  electrons.f90
pw.x               00000000005888D2  run_pwscf_                189  run_pwscf.f90
pw.x               00000000004084B4  MAIN__                     85  pwscf.f90
pw.x               000000000040831E  Unknown               Unknown  Unknown
libc-2.17.so       00002AE1DA8B3C05  __libc_start_main     Unknown  Unknown
pw.x               0000000000408229  Unknown               Unknown  Unknown
forrtl: error (78): process killed (SIGTERM)
Image              PC                Routine            Line        Source             
pw.x               00000000010225FA  Unknown               Unknown  Unknown
libpthread-2.17.s  00002B5453E4A5E0  Unknown               Unknown  Unknown
libmpi.so.12.0     00002B5452E2803B  Unknown               Unknown  Unknown
libmpi.so.12.0     00002B5452E27A1B  Unknown               Unknown  Unknown
libmpi.so.12.0     00002B5452E319DE  Unknown               Unknown  Unknown
libmpi.so.12       00002B5452E30EE3  MPI_Bcast             Unknown  Unknown
libmkl_blacs_inte  00002B544E7182E2  MKLMPI_Bcast          Unknown  Unknown
libmkl_blacs_inte  00002B544E6FC04E  dgebr2d_              Unknown  Unknown
libmkl_scalapack_  00002B544DE707DA  pdlared1d_            Unknown  Unknown
libmkl_scalapack_  00002B544E0B5EEA  pzheevd_              Unknown  Unknown
pw.x               0000000000F268EA  zhpev_module_mp_p        1561  zhpev_drv.f90
pw.x               0000000000EF393A  laxlib_pcdiaghg_          587  cdiaghg.f90
pw.x               000000000086E00C  pcegterg_                1087  cegterg.f90
pw.x               0000000000687E53  diag_bands_IP_dia        1028  c_bands.f90
pw.x               000000000068663C  diag_bands_               322  c_bands.f90
pw.x               0000000000685075  c_bands_                  132  c_bands.f90
pw.x               000000000040DEAE  electrons_scf_            689  electrons.f90
pw.x               000000000040B14D  electrons_                192  electrons.f90
pw.x               00000000005888D2  run_pwscf_                189  run_pwscf.f90
pw.x               00000000004084B4  MAIN__                     85  pwscf.f90
pw.x               000000000040831E  Unknown               Unknown  Unknown
libc-2.17.so       00002B545471EC05  __libc_start_main     Unknown  Unknown
pw.x               0000000000408229  Unknown               Unknown  Unknown
forrtl: error (78): process killed (SIGTERM)
Image              PC                Routine            Line        Source             
pw.x               00000000010225FA  Unknown               Unknown  Unknown
libpthread-2.17.s  00002AB5DC1455E0  Unknown               Unknown  Unknown
libmpi.so.12.0     00002AB5DB12303B  Unknown               Unknown  Unknown
libmpi.so.12.0     00002AB5DB122A1B  Unknown               Unknown  Unknown
libmpi.so.12.0     00002AB5DB12C9DE  Unknown               Unknown  Unknown
libmpi.so.12       00002AB5DB12BEE3  MPI_Bcast             Unknown  Unknown
libmkl_blacs_inte  00002AB5D6A132E2  MKLMPI_Bcast          Unknown  Unknown
libmkl_blacs_inte  00002AB5D6A06161  Czgebr2d              Unknown  Unknown
libmkl_scalapack_  00002AB5D65B64BA  PB_CInV               Unknown  Unknown
libmkl_scalapack_  00002AB5D66611DB  pzgemv_               Unknown  Unknown
libmkl_scalapack_  00002AB5D6412C3B  pzlatrd_              Unknown  Unknown
libmkl_scalapack_  00002AB5D63C0371  pzhetrd_              Unknown  Unknown
libmkl_scalapack_  00002AB5D63B050F  pzheevd_              Unknown  Unknown
pw.x               0000000000F268EA  zhpev_module_mp_p        1561  zhpev_drv.f90
pw.x               0000000000EF393A  laxlib_pcdiaghg_          587  cdiaghg.f90
pw.x               000000000086E00C  pcegterg_                1087  cegterg.f90
pw.x               0000000000687E53  diag_bands_IP_dia        1028  c_bands.f90
pw.x               000000000068663C  diag_bands_               322  c_bands.f90
pw.x               0000000000685075  c_bands_                  132  c_bands.f90
pw.x               000000000040DEAE  electrons_scf_            689  electrons.f90
pw.x               000000000040B14D  electrons_                192  electrons.f90
pw.x               00000000005888D2  run_pwscf_                189  run_pwscf.f90
pw.x               00000000004084B4  MAIN__                     85  pwscf.f90
pw.x               000000000040831E  Unknown               Unknown  Unknown
libc-2.17.so       00002AB5DCA19C05  __libc_start_main     Unknown  Unknown
pw.x               0000000000408229  Unknown               Unknown  Unknown
forrtl: error (78): process killed (SIGTERM)
Image              PC                Routine            Line        Source             
pw.x               00000000010225FA  Unknown               Unknown  Unknown
libpthread-2.17.s  00002B28593BB5E0  Unknown               Unknown  Unknown
libmpi.so.12       00002B28583C5EB8  PMPIDI_CH3I_Progr     Unknown  Unknown
libmpi.so.12.0     00002B285856A3D0  Unknown               Unknown  Unknown
libmpi.so.12.0     00002B28583987B4  Unknown               Unknown  Unknown
libmpi.so.12.0     00002B28583A29DE  Unknown               Unknown  Unknown
libmpi.so.12       00002B28583A1EE3  MPI_Bcast             Unknown  Unknown
libmkl_blacs_inte  00002B2853C892E2  MKLMPI_Bcast          Unknown  Unknown
libmkl_blacs_inte  00002B2853C7C161  Czgebr2d              Unknown  Unknown
libmkl_scalapack_  00002B285382BBCC  PB_CInV               Unknown  Unknown
libmkl_scalapack_  00002B28538D8EC0  pzhemv_               Unknown  Unknown
libmkl_scalapack_  00002B2853688AA5  pzlatrd_              Unknown  Unknown
libmkl_scalapack_  00002B2853636371  pzhetrd_              Unknown  Unknown
libmkl_scalapack_  00002B285362650F  pzheevd_              Unknown  Unknown
pw.x               0000000000F268EA  zhpev_module_mp_p        1561  zhpev_drv.f90
pw.x               0000000000EF393A  laxlib_pcdiaghg_          587  cdiaghg.f90
pw.x               000000000086E00C  pcegterg_                1087  cegterg.f90
pw.x               0000000000687E53  diag_bands_IP_dia        1028  c_bands.f90
pw.x               000000000068663C  diag_bands_               322  c_bands.f90
pw.x               0000000000685075  c_bands_                  132  c_bands.f90
pw.x               000000000040DEAE  electrons_scf_            689  electrons.f90
pw.x               000000000040B14D  electrons_                192  electrons.f90
pw.x               00000000005888D2  run_pwscf_                189  run_pwscf.f90
pw.x               00000000004084B4  MAIN__                     85  pwscf.f90
pw.x               000000000040831E  Unknown               Unknown  Unknown
libc-2.17.so       00002B2859C8FC05  __libc_start_main     Unknown  Unknown
pw.x               0000000000408229  Unknown               Unknown  Unknown
forrtl: error (78): process killed (SIGTERM)
Image              PC                Routine            Line        Source             
pw.x               00000000010225FA  Unknown               Unknown  Unknown
libpthread-2.17.s  00002B93A9D545E0  Unknown               Unknown  Unknown
libmpi.so.12.0     00002B93A8D3476C  Unknown               Unknown  Unknown
libmpi.so.12.0     00002B93A8D318F4  Unknown               Unknown  Unknown
libmpi.so.12.0     00002B93A8D3B9DE  Unknown               Unknown  Unknown
libmpi.so.12       00002B93A8D3AEE3  MPI_Bcast             Unknown  Unknown
libmkl_blacs_inte  00002B93A46222E2  MKLMPI_Bcast          Unknown  Unknown
libmkl_blacs_inte  00002B93A4615161  Czgebr2d              Unknown  Unknown
libmkl_scalapack_  00002B93A41C4BCC  PB_CInV               Unknown  Unknown
libmkl_scalapack_  00002B93A4271EC0  pzhemv_               Unknown  Unknown
libmkl_scalapack_  00002B93A4021AA5  pzlatrd_              Unknown  Unknown
libmkl_scalapack_  00002B93A3FCF371  pzhetrd_              Unknown  Unknown
libmkl_scalapack_  00002B93A3FBF50F  pzheevd_              Unknown  Unknown
pw.x               0000000000F268EA  zhpev_module_mp_p        1561  zhpev_drv.f90
pw.x               0000000000EF393A  laxlib_pcdiaghg_          587  cdiaghg.f90
pw.x               000000000086E00C  pcegterg_                1087  cegterg.f90
pw.x               0000000000687E53  diag_bands_IP_dia        1028  c_bands.f90
pw.x               000000000068663C  diag_bands_               322  c_bands.f90
pw.x               0000000000685075  c_bands_                  132  c_bands.f90
pw.x               000000000040DEAE  electrons_scf_            689  electrons.f90
pw.x               000000000040B14D  electrons_                192  electrons.f90
pw.x               00000000005888D2  run_pwscf_                189  run_pwscf.f90
pw.x               00000000004084B4  MAIN__                     85  pwscf.f90
pw.x               000000000040831E  Unknown               Unknown  Unknown
libc-2.17.so       00002B93AA628C05  __libc_start_main     Unknown  Unknown
pw.x               0000000000408229  Unknown               Unknown  Unknown
forrtl: error (78): process killed (SIGTERM)
Image              PC                Routine            Line        Source             
pw.x               00000000010225FA  Unknown               Unknown  Unknown
libpthread-2.17.s  00002B0B1D60A5E0  Unknown               Unknown  Unknown
libmpi.so.12.0     00002B0B1C5E8C50  Unknown               Unknown  Unknown
libmpi.so.12.0     00002B0B1C5E7939  Unknown               Unknown  Unknown
libmpi.so.12.0     00002B0B1C5F19DE  Unknown               Unknown  Unknown
libmpi.so.12       00002B0B1C5F0EE3  MPI_Bcast             Unknown  Unknown
libmkl_blacs_inte  00002B0B17ED82E2  MKLMPI_Bcast          Unknown  Unknown
libmkl_blacs_inte  00002B0B17ECB161  Czgebr2d              Unknown  Unknown
libmkl_scalapack_  00002B0B17A7ABCC  PB_CInV               Unknown  Unknown
libmkl_scalapack_  00002B0B17B27EC0  pzhemv_               Unknown  Unknown
libmkl_scalapack_  00002B0B178D7AA5  pzlatrd_              Unknown  Unknown
libmkl_scalapack_  00002B0B17885371  pzhetrd_              Unknown  Unknown
libmkl_scalapack_  00002B0B1787550F  pzheevd_              Unknown  Unknown
pw.x               0000000000F268EA  zhpev_module_mp_p        1561  zhpev_drv.f90
pw.x               0000000000EF393A  laxlib_pcdiaghg_          587  cdiaghg.f90
pw.x               000000000086E00C  pcegterg_                1087  cegterg.f90
pw.x               0000000000687E53  diag_bands_IP_dia        1028  c_bands.f90
pw.x               000000000068663C  diag_bands_               322  c_bands.f90
pw.x               0000000000685075  c_bands_                  132  c_bands.f90
pw.x               000000000040DEAE  electrons_scf_            689  electrons.f90
pw.x               000000000040B14D  electrons_                192  electrons.f90
pw.x               00000000005888D2  run_pwscf_                189  run_pwscf.f90
pw.x               00000000004084B4  MAIN__                     85  pwscf.f90
pw.x               000000000040831E  Unknown               Unknown  Unknown
libc-2.17.so       00002B0B1DEDEC05  __libc_start_main     Unknown  Unknown
pw.x               0000000000408229  Unknown               Unknown  Unknown
forrtl: error (78): process killed (SIGTERM)
Image              PC                Routine            Line        Source             
pw.x               00000000010225FA  Unknown               Unknown  Unknown
libpthread-2.17.s  00002B64C86275E0  Unknown               Unknown  Unknown
libmpi.so.12.0     00002B64C760534C  Unknown               Unknown  Unknown
libmpi.so.12.0     00002B64C7604A1B  Unknown               Unknown  Unknown
libmpi.so.12.0     00002B64C760E9DE  Unknown               Unknown  Unknown
libmpi.so.12       00002B64C760DEE3  MPI_Bcast             Unknown  Unknown
libmkl_blacs_inte  00002B64C2EF52E2  MKLMPI_Bcast          Unknown  Unknown
libmkl_blacs_inte  00002B64C2EE8161  Czgebr2d              Unknown  Unknown
libmkl_scalapack_  00002B64C2A97BCC  PB_CInV               Unknown  Unknown
libmkl_scalapack_  00002B64C2B44EC0  pzhemv_               Unknown  Unknown
libmkl_scalapack_  00002B64C28F4AA5  pzlatrd_              Unknown  Unknown
libmkl_scalapack_  00002B64C28A2371  pzhetrd_              Unknown  Unknown
libmkl_scalapack_  00002B64C289250F  pzheevd_              Unknown  Unknown
pw.x               0000000000F268EA  zhpev_module_mp_p        1561  zhpev_drv.f90
pw.x               0000000000EF393A  laxlib_pcdiaghg_          587  cdiaghg.f90
pw.x               000000000086E00C  pcegterg_                1087  cegterg.f90
pw.x               0000000000687E53  diag_bands_IP_dia        1028  c_bands.f90
pw.x               000000000068663C  diag_bands_               322  c_bands.f90
pw.x               0000000000685075  c_bands_                  132  c_bands.f90
pw.x               000000000040DEAE  electrons_scf_            689  electrons.f90
pw.x               000000000040B14D  electrons_                192  electrons.f90
pw.x               00000000005888D2  run_pwscf_                189  run_pwscf.f90
pw.x               00000000004084B4  MAIN__                     85  pwscf.f90
pw.x               000000000040831E  Unknown               Unknown  Unknown
libc-2.17.so       00002B64C8EFBC05  __libc_start_main     Unknown  Unknown
pw.x               0000000000408229  Unknown               Unknown  Unknown
forrtl: error (78): process killed (SIGTERM)
Image              PC                Routine            Line        Source             
pw.x               00000000010225FA  Unknown               Unknown  Unknown
libpthread-2.17.s  00002AFFA9B795E0  Unknown               Unknown  Unknown
libmpi.so.12.0     00002AFFA8B5703B  Unknown               Unknown  Unknown
libmpi.so.12.0     00002AFFA8B56A1B  Unknown               Unknown  Unknown
libmpi.so.12.0     00002AFFA8B609DE  Unknown               Unknown  Unknown
libmpi.so.12       00002AFFA8B5FEE3  MPI_Bcast             Unknown  Unknown
libmkl_blacs_inte  00002AFFA44472E2  MKLMPI_Bcast          Unknown  Unknown
libmkl_blacs_inte  00002AFFA443A161  Czgebr2d              Unknown  Unknown
libmkl_scalapack_  00002AFFA3FE9BCC  PB_CInV               Unknown  Unknown
libmkl_scalapack_  00002AFFA4096EC0  pzhemv_               Unknown  Unknown
libmkl_scalapack_  00002AFFA3E46AA5  pzlatrd_              Unknown  Unknown
libmkl_scalapack_  00002AFFA3DF4371  pzhetrd_              Unknown  Unknown
libmkl_scalapack_  00002AFFA3DE450F  pzheevd_              Unknown  Unknown
pw.x               0000000000F268EA  zhpev_module_mp_p        1561  zhpev_drv.f90
pw.x               0000000000EF393A  laxlib_pcdiaghg_          587  cdiaghg.f90
pw.x               000000000086E00C  pcegterg_                1087  cegterg.f90
pw.x               0000000000687E53  diag_bands_IP_dia        1028  c_bands.f90
pw.x               000000000068663C  diag_bands_               322  c_bands.f90
pw.x               0000000000685075  c_bands_                  132  c_bands.f90
pw.x               000000000040DEAE  electrons_scf_            689  electrons.f90
pw.x               000000000040B14D  electrons_                192  electrons.f90
pw.x               00000000005888D2  run_pwscf_                189  run_pwscf.f90
pw.x               00000000004084B4  MAIN__                     85  pwscf.f90
pw.x               000000000040831E  Unknown               Unknown  Unknown
libc-2.17.so       00002AFFAA44DC05  __libc_start_main     Unknown  Unknown
pw.x               0000000000408229  Unknown               Unknown  Unknown
forrtl: error (78): process killed (SIGTERM)
Image              PC                Routine            Line        Source             
pw.x               00000000010225FA  Unknown               Unknown  Unknown
libpthread-2.17.s  00002AC364C885E0  Unknown               Unknown  Unknown
libmpi.so.12.0     00002AC363C6603B  Unknown               Unknown  Unknown
libmpi.so.12.0     00002AC363C65A1B  Unknown               Unknown  Unknown
libmpi.so.12.0     00002AC363C6F9DE  Unknown               Unknown  Unknown
libmpi.so.12       00002AC363C6EEE3  MPI_Bcast             Unknown  Unknown
libmkl_blacs_inte  00002AC35F5562E2  MKLMPI_Bcast          Unknown  Unknown
libmkl_blacs_inte  00002AC35F549161  Czgebr2d              Unknown  Unknown
libmkl_scalapack_  00002AC35F0F8BCC  PB_CInV               Unknown  Unknown
libmkl_scalapack_  00002AC35F1A5EC0  pzhemv_               Unknown  Unknown
libmkl_scalapack_  00002AC35EF55AA5  pzlatrd_              Unknown  Unknown
libmkl_scalapack_  00002AC35EF03371  pzhetrd_              Unknown  Unknown
libmkl_scalapack_  00002AC35EEF350F  pzheevd_              Unknown  Unknown
pw.x               0000000000F268EA  zhpev_module_mp_p        1561  zhpev_drv.f90
pw.x               0000000000EF393A  laxlib_pcdiaghg_          587  cdiaghg.f90
pw.x               000000000086E00C  pcegterg_                1087  cegterg.f90
pw.x               0000000000687E53  diag_bands_IP_dia        1028  c_bands.f90
pw.x               000000000068663C  diag_bands_               322  c_bands.f90
pw.x               0000000000685075  c_bands_                  132  c_bands.f90
pw.x               000000000040DEAE  electrons_scf_            689  electrons.f90
pw.x               000000000040B14D  electrons_                192  electrons.f90
pw.x               00000000005888D2  run_pwscf_                189  run_pwscf.f90
pw.x               00000000004084B4  MAIN__                     85  pwscf.f90
pw.x               000000000040831E  Unknown               Unknown  Unknown
libc-2.17.so       00002AC36555CC05  __libc_start_main     Unknown  Unknown
pw.x               0000000000408229  Unknown               Unknown  Unknown
forrtl: error (78): process killed (SIGTERM)
Image              PC                Routine            Line        Source             
pw.x               00000000010225FA  Unknown               Unknown  Unknown
libpthread-2.17.s  00002AE9FB19F5E0  Unknown               Unknown  Unknown
libmpi.so.12.0     00002AE9FA17D03B  Unknown               Unknown  Unknown
libmpi.so.12.0     00002AE9FA17CA1B  Unknown               Unknown  Unknown
libmpi.so.12.0     00002AE9FA1869DE  Unknown               Unknown  Unknown
libmpi.so.12       00002AE9FA185EE3  MPI_Bcast             Unknown  Unknown
libmkl_blacs_inte  00002AE9F5A6D2E2  MKLMPI_Bcast          Unknown  Unknown
libmkl_blacs_inte  00002AE9F5A60161  Czgebr2d              Unknown  Unknown
libmkl_scalapack_  00002AE9F560FBCC  PB_CInV               Unknown  Unknown
libmkl_scalapack_  00002AE9F56BCEC0  pzhemv_               Unknown  Unknown
libmkl_scalapack_  00002AE9F546CAA5  pzlatrd_              Unknown  Unknown
libmkl_scalapack_  00002AE9F541A371  pzhetrd_              Unknown  Unknown
libmkl_scalapack_  00002AE9F540A50F  pzheevd_              Unknown  Unknown
pw.x               0000000000F268EA  zhpev_module_mp_p        1561  zhpev_drv.f90
pw.x               0000000000EF393A  laxlib_pcdiaghg_          587  cdiaghg.f90
pw.x               000000000086E00C  pcegterg_                1087  cegterg.f90
pw.x               0000000000687E53  diag_bands_IP_dia        1028  c_bands.f90
pw.x               000000000068663C  diag_bands_               322  c_bands.f90
pw.x               0000000000685075  c_bands_                  132  c_bands.f90
pw.x               000000000040DEAE  electrons_scf_            689  electrons.f90
pw.x               000000000040B14D  electrons_                192  electrons.f90
pw.x               00000000005888D2  run_pwscf_                189  run_pwscf.f90
pw.x               00000000004084B4  MAIN__                     85  pwscf.f90
pw.x               000000000040831E  Unknown               Unknown  Unknown
libc-2.17.so       00002AE9FBA73C05  __libc_start_main     Unknown  Unknown
pw.x               0000000000408229  Unknown               Unknown  Unknown
forrtl: error (78): process killed (SIGTERM)
Image              PC                Routine            Line        Source             
pw.x               00000000010225FA  Unknown               Unknown  Unknown
libpthread-2.17.s  00002B68726B95E0  Unknown               Unknown  Unknown
libmpi.so.12       00002B68716C3EBF  PMPIDI_CH3I_Progr     Unknown  Unknown
libmpi.so.12.0     00002B68718683D0  Unknown               Unknown  Unknown
libmpi.so.12.0     00002B68716967B4  Unknown               Unknown  Unknown
libmpi.so.12.0     00002B68716A09DE  Unknown               Unknown  Unknown
libmpi.so.12       00002B687169FEE3  MPI_Bcast             Unknown  Unknown
libmkl_blacs_inte  00002B686CF872E2  MKLMPI_Bcast          Unknown  Unknown
libmkl_blacs_inte  00002B686CF7A161  Czgebr2d              Unknown  Unknown
libmkl_scalapack_  00002B686CB29BCC  PB_CInV               Unknown  Unknown
libmkl_scalapack_  00002B686CBD6EC0  pzhemv_               Unknown  Unknown
libmkl_scalapack_  00002B686C986AA5  pzlatrd_              Unknown  Unknown
libmkl_scalapack_  00002B686C934371  pzhetrd_              Unknown  Unknown
libmkl_scalapack_  00002B686C92450F  pzheevd_              Unknown  Unknown
pw.x               0000000000F268EA  zhpev_module_mp_p        1561  zhpev_drv.f90
pw.x               0000000000EF393A  laxlib_pcdiaghg_          587  cdiaghg.f90
pw.x               000000000086E00C  pcegterg_                1087  cegterg.f90
pw.x               0000000000687E53  diag_bands_IP_dia        1028  c_bands.f90
pw.x               000000000068663C  diag_bands_               322  c_bands.f90
pw.x               0000000000685075  c_bands_                  132  c_bands.f90
pw.x               000000000040DEAE  electrons_scf_            689  electrons.f90
pw.x               000000000040B14D  electrons_                192  electrons.f90
pw.x               00000000005888D2  run_pwscf_                189  run_pwscf.f90
pw.x               00000000004084B4  MAIN__                     85  pwscf.f90
pw.x               000000000040831E  Unknown               Unknown  Unknown
libc-2.17.so       00002B6872F8DC05  __libc_start_main     Unknown  Unknown
pw.x               0000000000408229  Unknown               Unknown  Unknown
forrtl: error (78): process killed (SIGTERM)
Image              PC                Routine            Line        Source             
pw.x               00000000010225FA  Unknown               Unknown  Unknown
libpthread-2.17.s  00002ADB232A95E0  Unknown               Unknown  Unknown
libmpi.so.12.0     00002ADB2228703B  Unknown               Unknown  Unknown
libmpi.so.12.0     00002ADB22286A1B  Unknown               Unknown  Unknown
libmpi.so.12.0     00002ADB222909DE  Unknown               Unknown  Unknown
libmpi.so.12       00002ADB2228FEE3  MPI_Bcast             Unknown  Unknown
libmkl_blacs_inte  00002ADB1DB772E2  MKLMPI_Bcast          Unknown  Unknown
libmkl_blacs_inte  00002ADB1DB6A161  Czgebr2d              Unknown  Unknown
libmkl_scalapack_  00002ADB1D719BCC  PB_CInV               Unknown  Unknown
libmkl_scalapack_  00002ADB1D7C6EC0  pzhemv_               Unknown  Unknown
libmkl_scalapack_  00002ADB1D576AA5  pzlatrd_              Unknown  Unknown
libmkl_scalapack_  00002ADB1D524371  pzhetrd_              Unknown  Unknown
libmkl_scalapack_  00002ADB1D51450F  pzheevd_              Unknown  Unknown
pw.x               0000000000F268EA  zhpev_module_mp_p        1561  zhpev_drv.f90
pw.x               0000000000EF393A  laxlib_pcdiaghg_          587  cdiaghg.f90
pw.x               000000000086E00C  pcegterg_                1087  cegterg.f90
pw.x               0000000000687E53  diag_bands_IP_dia        1028  c_bands.f90
pw.x               000000000068663C  diag_bands_               322  c_bands.f90
pw.x               0000000000685075  c_bands_                  132  c_bands.f90
pw.x               000000000040DEAE  electrons_scf_            689  electrons.f90
pw.x               000000000040B14D  electrons_                192  electrons.f90
pw.x               00000000005888D2  run_pwscf_                189  run_pwscf.f90
pw.x               00000000004084B4  MAIN__                     85  pwscf.f90
pw.x               000000000040831E  Unknown               Unknown  Unknown
libc-2.17.so       00002ADB23B7DC05  __libc_start_main     Unknown  Unknown
pw.x               0000000000408229  Unknown               Unknown  Unknown
forrtl: error (78): process killed (SIGTERM)
Image              PC                Routine            Line        Source             
pw.x               00000000010225FA  Unknown               Unknown  Unknown
libpthread-2.17.s  00002B27128235E0  Unknown               Unknown  Unknown
libmpi.so.12.0     00002B2711801039  Unknown               Unknown  Unknown
libmpi.so.12.0     00002B2711800A1B  Unknown               Unknown  Unknown
libmpi.so.12.0     00002B271180A9DE  Unknown               Unknown  Unknown
libmpi.so.12       00002B2711809EE3  MPI_Bcast             Unknown  Unknown
libmkl_blacs_inte  00002B270D0F12E2  MKLMPI_Bcast          Unknown  Unknown
libmkl_blacs_inte  00002B270D0E4161  Czgebr2d              Unknown  Unknown
libmkl_scalapack_  00002B270CC93BCC  PB_CInV               Unknown  Unknown
libmkl_scalapack_  00002B270CD40EC0  pzhemv_               Unknown  Unknown
libmkl_scalapack_  00002B270CAF0AA5  pzlatrd_              Unknown  Unknown
libmkl_scalapack_  00002B270CA9E371  pzhetrd_              Unknown  Unknown
libmkl_scalapack_  00002B270CA8E50F  pzheevd_              Unknown  Unknown
pw.x               0000000000F268EA  zhpev_module_mp_p        1561  zhpev_drv.f90
pw.x               0000000000EF393A  laxlib_pcdiaghg_          587  cdiaghg.f90
pw.x               000000000086E00C  pcegterg_                1087  cegterg.f90
pw.x               0000000000687E53  diag_bands_IP_dia        1028  c_bands.f90
pw.x               000000000068663C  diag_bands_               322  c_bands.f90
pw.x               0000000000685075  c_bands_                  132  c_bands.f90
pw.x               000000000040DEAE  electrons_scf_            689  electrons.f90
pw.x               000000000040B14D  electrons_                192  electrons.f90
pw.x               00000000005888D2  run_pwscf_                189  run_pwscf.f90
pw.x               00000000004084B4  MAIN__                     85  pwscf.f90
pw.x               000000000040831E  Unknown               Unknown  Unknown
libc-2.17.so       00002B27130F7C05  __libc_start_main     Unknown  Unknown
pw.x               0000000000408229  Unknown               Unknown  Unknown
forrtl: error (78): process killed (SIGTERM)
Image              PC                Routine            Line        Source             
pw.x               00000000010225FA  Unknown               Unknown  Unknown
libpthread-2.17.s  00002B7CF73F95E0  Unknown               Unknown  Unknown
libmpi.so.12.0     00002B7CF63D703B  Unknown               Unknown  Unknown
libmpi.so.12.0     00002B7CF63D6A1B  Unknown               Unknown  Unknown
libmpi.so.12.0     00002B7CF63E09DE  Unknown               Unknown  Unknown
libmpi.so.12       00002B7CF63DFEE3  MPI_Bcast             Unknown  Unknown
libmkl_blacs_inte  00002B7CF1CC72E2  MKLMPI_Bcast          Unknown  Unknown
libmkl_blacs_inte  00002B7CF1CBA161  Czgebr2d              Unknown  Unknown
libmkl_scalapack_  00002B7CF1869BCC  PB_CInV               Unknown  Unknown
libmkl_scalapack_  00002B7CF1916EC0  pzhemv_               Unknown  Unknown
libmkl_scalapack_  00002B7CF16C6AA5  pzlatrd_              Unknown  Unknown
libmkl_scalapack_  00002B7CF1674371  pzhetrd_              Unknown  Unknown
libmkl_scalapack_  00002B7CF166450F  pzheevd_              Unknown  Unknown
pw.x               0000000000F268EA  zhpev_module_mp_p        1561  zhpev_drv.f90
pw.x               0000000000EF393A  laxlib_pcdiaghg_          587  cdiaghg.f90
pw.x               000000000086E00C  pcegterg_                1087  cegterg.f90
pw.x               0000000000687E53  diag_bands_IP_dia        1028  c_bands.f90
pw.x               000000000068663C  diag_bands_               322  c_bands.f90
pw.x               0000000000685075  c_bands_                  132  c_bands.f90
pw.x               000000000040DEAE  electrons_scf_            689  electrons.f90
pw.x               000000000040B14D  electrons_                192  electrons.f90
pw.x               00000000005888D2  run_pwscf_                189  run_pwscf.f90
pw.x               00000000004084B4  MAIN__                     85  pwscf.f90
pw.x               000000000040831E  Unknown               Unknown  Unknown
libc-2.17.so       00002B7CF7CCDC05  __libc_start_main     Unknown  Unknown
pw.x               0000000000408229  Unknown               Unknown  Unknown
forrtl: error (78): process killed (SIGTERM)
Image              PC                Routine            Line        Source             
pw.x               00000000010225FA  Unknown               Unknown  Unknown
libpthread-2.17.s  00002B568B85B5E0  Unknown               Unknown  Unknown
libmpi.so.12       00002B568A865EB8  PMPIDI_CH3I_Progr     Unknown  Unknown
libmpi.so.12.0     00002B568AA0A3D0  Unknown               Unknown  Unknown
libmpi.so.12.0     00002B568A8387B4  Unknown               Unknown  Unknown
libmpi.so.12.0     00002B568A8429DE  Unknown               Unknown  Unknown
libmpi.so.12       00002B568A841EE3  MPI_Bcast             Unknown  Unknown
libmkl_blacs_inte  00002B56861292E2  MKLMPI_Bcast          Unknown  Unknown
libmkl_blacs_inte  00002B568611C161  Czgebr2d              Unknown  Unknown
libmkl_scalapack_  00002B5685CCBBCC  PB_CInV               Unknown  Unknown
libmkl_scalapack_  00002B5685D78EC0  pzhemv_               Unknown  Unknown
libmkl_scalapack_  00002B5685B28AA5  pzlatrd_              Unknown  Unknown
libmkl_scalapack_  00002B5685AD6371  pzhetrd_              Unknown  Unknown
libmkl_scalapack_  00002B5685AC650F  pzheevd_              Unknown  Unknown
pw.x               0000000000F268EA  zhpev_module_mp_p        1561  zhpev_drv.f90
pw.x               0000000000EF393A  laxlib_pcdiaghg_          587  cdiaghg.f90
pw.x               000000000086E00C  pcegterg_                1087  cegterg.f90
pw.x               0000000000687E53  diag_bands_IP_dia        1028  c_bands.f90
pw.x               000000000068663C  diag_bands_               322  c_bands.f90
pw.x               0000000000685075  c_bands_                  132  c_bands.f90
pw.x               000000000040DEAE  electrons_scf_            689  electrons.f90
pw.x               000000000040B14D  electrons_                192  electrons.f90
pw.x               00000000005888D2  run_pwscf_                189  run_pwscf.f90
pw.x               00000000004084B4  MAIN__                     85  pwscf.f90
pw.x               000000000040831E  Unknown               Unknown  Unknown
libc-2.17.so       00002B568C12FC05  __libc_start_main     Unknown  Unknown
pw.x               0000000000408229  Unknown               Unknown  Unknown
forrtl: error (78): process killed (SIGTERM)
Image              PC                Routine            Line        Source             
pw.x               00000000010225FA  Unknown               Unknown  Unknown
libpthread-2.17.s  00002B96C4A105E0  Unknown               Unknown  Unknown
libmpi.so.12.0     00002B96C39EE03B  Unknown               Unknown  Unknown
libmpi.so.12.0     00002B96C39EDA1B  Unknown               Unknown  Unknown
libmpi.so.12.0     00002B96C39F79DE  Unknown               Unknown  Unknown
libmpi.so.12       00002B96C39F6EE3  MPI_Bcast             Unknown  Unknown
libmkl_blacs_inte  00002B96BF2DE2E2  MKLMPI_Bcast          Unknown  Unknown
libmkl_blacs_inte  00002B96BF2D1161  Czgebr2d              Unknown  Unknown
libmkl_scalapack_  00002B96BEE80BCC  PB_CInV               Unknown  Unknown
libmkl_scalapack_  00002B96BEF2DEC0  pzhemv_               Unknown  Unknown
libmkl_scalapack_  00002B96BECDDAA5  pzlatrd_              Unknown  Unknown
libmkl_scalapack_  00002B96BEC8B371  pzhetrd_              Unknown  Unknown
libmkl_scalapack_  00002B96BEC7B50F  pzheevd_              Unknown  Unknown
pw.x               0000000000F268EA  zhpev_module_mp_p        1561  zhpev_drv.f90
pw.x               0000000000EF393A  laxlib_pcdiaghg_          587  cdiaghg.f90
pw.x               000000000086E00C  pcegterg_                1087  cegterg.f90
pw.x               0000000000687E53  diag_bands_IP_dia        1028  c_bands.f90
pw.x               000000000068663C  diag_bands_               322  c_bands.f90
pw.x               0000000000685075  c_bands_                  132  c_bands.f90
pw.x               000000000040DEAE  electrons_scf_            689  electrons.f90
pw.x               000000000040B14D  electrons_                192  electrons.f90
pw.x               00000000005888D2  run_pwscf_                189  run_pwscf.f90
pw.x               00000000004084B4  MAIN__                     85  pwscf.f90
pw.x               000000000040831E  Unknown               Unknown  Unknown
libc-2.17.so       00002B96C52E4C05  __libc_start_main     Unknown  Unknown
pw.x               0000000000408229  Unknown               Unknown  Unknown
forrtl: error (78): process killed (SIGTERM)
Image              PC                Routine            Line        Source             
pw.x               00000000010225FA  Unknown               Unknown  Unknown
libpthread-2.17.s  00002B70E03175E0  Unknown               Unknown  Unknown
libmpi.so.12.0     00002B70DF2F503B  Unknown               Unknown  Unknown
libmpi.so.12.0     00002B70DF2F4A1B  Unknown               Unknown  Unknown
libmpi.so.12.0     00002B70DF2FE9DE  Unknown               Unknown  Unknown
libmpi.so.12       00002B70DF2FDEE3  MPI_Bcast             Unknown  Unknown
libmkl_blacs_inte  00002B70DABE52E2  MKLMPI_Bcast          Unknown  Unknown
libmkl_blacs_inte  00002B70DABD8161  Czgebr2d              Unknown  Unknown
libmkl_scalapack_  00002B70DA787BCC  PB_CInV               Unknown  Unknown
libmkl_scalapack_  00002B70DA834EC0  pzhemv_               Unknown  Unknown
libmkl_scalapack_  00002B70DA5E4AA5  pzlatrd_              Unknown  Unknown
libmkl_scalapack_  00002B70DA592371  pzhetrd_              Unknown  Unknown
libmkl_scalapack_  00002B70DA58250F  pzheevd_              Unknown  Unknown
pw.x               0000000000F268EA  zhpev_module_mp_p        1561  zhpev_drv.f90
pw.x               0000000000EF393A  laxlib_pcdiaghg_          587  cdiaghg.f90
pw.x               000000000086E00C  pcegterg_                1087  cegterg.f90
pw.x               0000000000687E53  diag_bands_IP_dia        1028  c_bands.f90
pw.x               000000000068663C  diag_bands_               322  c_bands.f90
pw.x               0000000000685075  c_bands_                  132  c_bands.f90
pw.x               000000000040DEAE  electrons_scf_            689  electrons.f90
pw.x               000000000040B14D  electrons_                192  electrons.f90
pw.x               00000000005888D2  run_pwscf_                189  run_pwscf.f90
pw.x               00000000004084B4  MAIN__                     85  pwscf.f90
pw.x               000000000040831E  Unknown               Unknown  Unknown
libc-2.17.so       00002B70E0BEBC05  __libc_start_main     Unknown  Unknown
pw.x               0000000000408229  Unknown               Unknown  Unknown
forrtl: error (78): process killed (SIGTERM)
Image              PC                Routine            Line        Source             
pw.x               00000000010225FA  Unknown               Unknown  Unknown
libpthread-2.17.s  00002AD4AE95C5E0  Unknown               Unknown  Unknown
libmpi.so.12.0     00002AD4AD93A03B  Unknown               Unknown  Unknown
libmpi.so.12.0     00002AD4AD939A1B  Unknown               Unknown  Unknown
libmpi.so.12.0     00002AD4AD9439DE  Unknown               Unknown  Unknown
libmpi.so.12       00002AD4AD942EE3  MPI_Bcast             Unknown  Unknown
libmkl_blacs_inte  00002AD4A922A2E2  MKLMPI_Bcast          Unknown  Unknown
libmkl_blacs_inte  00002AD4A921D161  Czgebr2d              Unknown  Unknown
libmkl_scalapack_  00002AD4A8DCCBCC  PB_CInV               Unknown  Unknown
libmkl_scalapack_  00002AD4A8E79EC0  pzhemv_               Unknown  Unknown
libmkl_scalapack_  00002AD4A8C29AA5  pzlatrd_              Unknown  Unknown
libmkl_scalapack_  00002AD4A8BD7371  pzhetrd_              Unknown  Unknown
libmkl_scalapack_  00002AD4A8BC750F  pzheevd_              Unknown  Unknown
pw.x               0000000000F268EA  zhpev_module_mp_p        1561  zhpev_drv.f90
pw.x               0000000000EF393A  laxlib_pcdiaghg_          587  cdiaghg.f90
pw.x               000000000086E00C  pcegterg_                1087  cegterg.f90
pw.x               0000000000687E53  diag_bands_IP_dia        1028  c_bands.f90
pw.x               000000000068663C  diag_bands_               322  c_bands.f90
pw.x               0000000000685075  c_bands_                  132  c_bands.f90
pw.x               000000000040DEAE  electrons_scf_            689  electrons.f90
pw.x               000000000040B14D  electrons_                192  electrons.f90
pw.x               00000000005888D2  run_pwscf_                189  run_pwscf.f90
pw.x               00000000004084B4  MAIN__                     85  pwscf.f90
pw.x               000000000040831E  Unknown               Unknown  Unknown
libc-2.17.so       00002AD4AF230C05  __libc_start_main     Unknown  Unknown
pw.x               0000000000408229  Unknown               Unknown  Unknown
