forrtl: error (78): process killed (SIGTERM)
Image              PC                Routine            Line        Source             
pw.x               00000000010225FA  Unknown               Unknown  Unknown
libpthread-2.17.s  00002B8328C2C5E0  Unknown               Unknown  Unknown
libmkl_avx512.so   00002B8342E81C10  mkl_blas_avx512_z     Unknown  Unknown
forrtl: error (78): process killed (SIGTERM)
Image              PC                Routine            Line        Source             
pw.x               00000000010225FA  Unknown               Unknown  Unknown
libpthread-2.17.s  00002B8CD9F625E0  Unknown               Unknown  Unknown
libmpi.so.12.0     00002B8CD8F343AA  Unknown               Unknown  Unknown
libmpi.so.12.0     00002B8CD8F350C5  Unknown               Unknown  Unknown
libmpi.so.12       00002B8CD8F38C2D  MPI_Barrier           Unknown  Unknown
libmpifort.so.12.  00002B8CD8ACE72C  pmpi_barrier          Unknown  Unknown
pw.x               0000000000F59F97  bcast_real_                60  mp_base.f90
pw.x               0000000000F39848  mp_mp_mp_bcast_cm         660  mp.f90
pw.x               00000000008736EF  pcegterg_IP_refre        1420  cegterg.f90
pw.x               000000000086E63E  pcegterg_                1125  cegterg.f90
pw.x               0000000000687E53  diag_bands_IP_dia        1028  c_bands.f90
pw.x               000000000068663C  diag_bands_               322  c_bands.f90
pw.x               0000000000685075  c_bands_                  132  c_bands.f90
pw.x               000000000040DEAE  electrons_scf_            689  electrons.f90
pw.x               000000000040B14D  electrons_                192  electrons.f90
pw.x               00000000005888D2  run_pwscf_                189  run_pwscf.f90
pw.x               00000000004084B4  MAIN__                     85  pwscf.f90
pw.x               000000000040831E  Unknown               Unknown  Unknown
libc-2.17.so       00002B8CDA836C05  __libc_start_main     Unknown  Unknown
pw.x               0000000000408229  Unknown               Unknown  Unknown
forrtl: error (78): process killed (SIGTERM)
Image              PC                Routine            Line        Source             
pw.x               00000000010225FA  Unknown               Unknown  Unknown
libpthread-2.17.s  00002B88CDE625E0  Unknown               Unknown  Unknown
libmpi.so.12.0     00002B88CCE343AA  Unknown               Unknown  Unknown
libmpi.so.12.0     00002B88CCE350C5  Unknown               Unknown  Unknown
libmpi.so.12       00002B88CCE38C2D  MPI_Barrier           Unknown  Unknown
libmpifort.so.12.  00002B88CC9CE72C  pmpi_barrier          Unknown  Unknown
pw.x               0000000000F59F97  bcast_real_                60  mp_base.f90
pw.x               0000000000F39848  mp_mp_mp_bcast_cm         660  mp.f90
pw.x               00000000008736EF  pcegterg_IP_refre        1420  cegterg.f90
pw.x               000000000086E63E  pcegterg_                1125  cegterg.f90
pw.x               0000000000687E53  diag_bands_IP_dia        1028  c_bands.f90
pw.x               000000000068663C  diag_bands_               322  c_bands.f90
pw.x               0000000000685075  c_bands_                  132  c_bands.f90
pw.x               000000000040DEAE  electrons_scf_            689  electrons.f90
pw.x               000000000040B14D  electrons_                192  electrons.f90
pw.x               00000000005888D2  run_pwscf_                189  run_pwscf.f90
pw.x               00000000004084B4  MAIN__                     85  pwscf.f90
pw.x               000000000040831E  Unknown               Unknown  Unknown
libc-2.17.so       00002B88CE736C05  __libc_start_main     Unknown  Unknown
pw.x               0000000000408229  Unknown               Unknown  Unknown
forrtl: error (78): process killed (SIGTERM)
Image              PC                Routine            Line        Source             
pw.x               00000000010225FA  Unknown               Unknown  Unknown
libpthread-2.17.s  00002ABEBF7855E0  Unknown               Unknown  Unknown
libmpi.so.12.0     00002ABEBE7573AA  Unknown               Unknown  Unknown
libmpi.so.12.0     00002ABEBE7580C5  Unknown               Unknown  Unknown
libmpi.so.12       00002ABEBE75BC2D  MPI_Barrier           Unknown  Unknown
libmpifort.so.12.  00002ABEBE2F172C  pmpi_barrier          Unknown  Unknown
pw.x               0000000000F59F97  bcast_real_                60  mp_base.f90
pw.x               0000000000F39848  mp_mp_mp_bcast_cm         660  mp.f90
pw.x               00000000008736EF  pcegterg_IP_refre        1420  cegterg.f90
pw.x               000000000086E63E  pcegterg_                1125  cegterg.f90
pw.x               0000000000687E53  diag_bands_IP_dia        1028  c_bands.f90
pw.x               000000000068663C  diag_bands_               322  c_bands.f90
pw.x               0000000000685075  c_bands_                  132  c_bands.f90
pw.x               000000000040DEAE  electrons_scf_            689  electrons.f90
pw.x               000000000040B14D  electrons_                192  electrons.f90
pw.x               00000000005888D2  run_pwscf_                189  run_pwscf.f90
pw.x               00000000004084B4  MAIN__                     85  pwscf.f90
pw.x               000000000040831E  Unknown               Unknown  Unknown
libc-2.17.so       00002ABEC0059C05  __libc_start_main     Unknown  Unknown
pw.x               0000000000408229  Unknown               Unknown  Unknown
forrtl: error (78): process killed (SIGTERM)
Image              PC                Routine            Line        Source             
pw.x               00000000010225FA  Unknown               Unknown  Unknown
libpthread-2.17.s  00002B99D45375E0  Unknown               Unknown  Unknown
libmpi.so.12.0     00002B99D35093AA  Unknown               Unknown  Unknown
libmpi.so.12.0     00002B99D350A0C5  Unknown               Unknown  Unknown
libmpi.so.12       00002B99D350DC2D  MPI_Barrier           Unknown  Unknown
libmpifort.so.12.  00002B99D30A372C  pmpi_barrier          Unknown  Unknown
pw.x               0000000000F59F97  bcast_real_                60  mp_base.f90
pw.x               0000000000F39848  mp_mp_mp_bcast_cm         660  mp.f90
pw.x               00000000008736EF  pcegterg_IP_refre        1420  cegterg.f90
pw.x               000000000086E63E  pcegterg_                1125  cegterg.f90
pw.x               0000000000687E53  diag_bands_IP_dia        1028  c_bands.f90
pw.x               000000000068663C  diag_bands_               322  c_bands.f90
pw.x               0000000000685075  c_bands_                  132  c_bands.f90
pw.x               000000000040DEAE  electrons_scf_            689  electrons.f90
pw.x               000000000040B14D  electrons_                192  electrons.f90
pw.x               00000000005888D2  run_pwscf_                189  run_pwscf.f90
pw.x               00000000004084B4  MAIN__                     85  pwscf.f90
pw.x               000000000040831E  Unknown               Unknown  Unknown
libc-2.17.so       00002B99D4E0BC05  __libc_start_main     Unknown  Unknown
pw.x               0000000000408229  Unknown               Unknown  Unknown
forrtl: error (78): process killed (SIGTERM)
Image              PC                Routine            Line        Source             
pw.x               00000000010225FA  Unknown               Unknown  Unknown
libpthread-2.17.s  00002ABD37CD85E0  Unknown               Unknown  Unknown
libmpi.so.12.0     00002ABD36CAA0C9  Unknown               Unknown  Unknown
libmpi.so.12.0     00002ABD36CAAFAE  Unknown               Unknown  Unknown
libmpi.so.12       00002ABD36CAEC2D  MPI_Barrier           Unknown  Unknown
libmpifort.so.12.  00002ABD3684472C  pmpi_barrier          Unknown  Unknown
pw.x               0000000000F59F97  bcast_real_                60  mp_base.f90
pw.x               0000000000F39848  mp_mp_mp_bcast_cm         660  mp.f90
pw.x               00000000008736EF  pcegterg_IP_refre        1420  cegterg.f90
pw.x               000000000086E63E  pcegterg_                1125  cegterg.f90
pw.x               0000000000687E53  diag_bands_IP_dia        1028  c_bands.f90
pw.x               000000000068663C  diag_bands_               322  c_bands.f90
pw.x               0000000000685075  c_bands_                  132  c_bands.f90
pw.x               000000000040DEAE  electrons_scf_            689  electrons.f90
pw.x               000000000040B14D  electrons_                192  electrons.f90
pw.x               00000000005888D2  run_pwscf_                189  run_pwscf.f90
pw.x               00000000004084B4  MAIN__                     85  pwscf.f90
pw.x               000000000040831E  Unknown               Unknown  Unknown
libc-2.17.so       00002ABD385ACC05  __libc_start_main     Unknown  Unknown
pw.x               0000000000408229  Unknown               Unknown  Unknown
forrtl: error (78): process killed (SIGTERM)
Image              PC                Routine            Line        Source             
pw.x               00000000010225FA  Unknown               Unknown  Unknown
libpthread-2.17.s  00002ADD09E7C5E0  Unknown               Unknown  Unknown
libmpi.so.12.0     00002ADD08E4E3AA  Unknown               Unknown  Unknown
libmpi.so.12.0     00002ADD08E4F0C5  Unknown               Unknown  Unknown
libmpi.so.12       00002ADD08E52C2D  MPI_Barrier           Unknown  Unknown
libmpifort.so.12.  00002ADD089E872C  pmpi_barrier          Unknown  Unknown
pw.x               0000000000F59F97  bcast_real_                60  mp_base.f90
pw.x               0000000000F39848  mp_mp_mp_bcast_cm         660  mp.f90
pw.x               00000000008736EF  pcegterg_IP_refre        1420  cegterg.f90
pw.x               000000000086E63E  pcegterg_                1125  cegterg.f90
pw.x               0000000000687E53  diag_bands_IP_dia        1028  c_bands.f90
pw.x               000000000068663C  diag_bands_               322  c_bands.f90
pw.x               0000000000685075  c_bands_                  132  c_bands.f90
pw.x               000000000040DEAE  electrons_scf_            689  electrons.f90
pw.x               000000000040B14D  electrons_                192  electrons.f90
pw.x               00000000005888D2  run_pwscf_                189  run_pwscf.f90
pw.x               00000000004084B4  MAIN__                     85  pwscf.f90
pw.x               000000000040831E  Unknown               Unknown  Unknown
libc-2.17.so       00002ADD0A750C05  __libc_start_main     Unknown  Unknown
pw.x               0000000000408229  Unknown               Unknown  Unknown
forrtl: error (78): process killed (SIGTERM)
Image              PC                Routine            Line        Source             
pw.x               00000000010225FA  Unknown               Unknown  Unknown
libpthread-2.17.s  00002AC2679E15E0  Unknown               Unknown  Unknown
libmpi.so.12.0     00002AC2669B33AA  Unknown               Unknown  Unknown
libmpi.so.12.0     00002AC2669B40C5  Unknown               Unknown  Unknown
libmpi.so.12       00002AC2669B7C2D  MPI_Barrier           Unknown  Unknown
libmpifort.so.12.  00002AC26654D72C  pmpi_barrier          Unknown  Unknown
pw.x               0000000000F59F97  bcast_real_                60  mp_base.f90
pw.x               0000000000F39848  mp_mp_mp_bcast_cm         660  mp.f90
pw.x               00000000008736EF  pcegterg_IP_refre        1420  cegterg.f90
pw.x               000000000086E63E  pcegterg_                1125  cegterg.f90
pw.x               0000000000687E53  diag_bands_IP_dia        1028  c_bands.f90
pw.x               000000000068663C  diag_bands_               322  c_bands.f90
pw.x               0000000000685075  c_bands_                  132  c_bands.f90
pw.x               000000000040DEAE  electrons_scf_            689  electrons.f90
pw.x               000000000040B14D  electrons_                192  electrons.f90
pw.x               00000000005888D2  run_pwscf_                189  run_pwscf.f90
pw.x               00000000004084B4  MAIN__                     85  pwscf.f90
pw.x               000000000040831E  Unknown               Unknown  Unknown
libc-2.17.so       00002AC2682B5C05  __libc_start_main     Unknown  Unknown
pw.x               0000000000408229  Unknown               Unknown  Unknown
forrtl: error (78): process killed (SIGTERM)
Image              PC                Routine            Line        Source             
pw.x               00000000010225FA  Unknown               Unknown  Unknown
libpthread-2.17.s  00002B2A595B85E0  Unknown               Unknown  Unknown
libmpi.so.12.0     00002B2A5858A3AA  Unknown               Unknown  Unknown
libmpi.so.12.0     00002B2A5858B0C5  Unknown               Unknown  Unknown
libmpi.so.12       00002B2A5858EC2D  MPI_Barrier           Unknown  Unknown
libmpifort.so.12.  00002B2A5812472C  pmpi_barrier          Unknown  Unknown
pw.x               0000000000F59F97  bcast_real_                60  mp_base.f90
pw.x               0000000000F39848  mp_mp_mp_bcast_cm         660  mp.f90
pw.x               00000000008736EF  pcegterg_IP_refre        1420  cegterg.f90
pw.x               000000000086E63E  pcegterg_                1125  cegterg.f90
pw.x               0000000000687E53  diag_bands_IP_dia        1028  c_bands.f90
pw.x               000000000068663C  diag_bands_               322  c_bands.f90
pw.x               0000000000685075  c_bands_                  132  c_bands.f90
pw.x               000000000040DEAE  electrons_scf_            689  electrons.f90
pw.x               000000000040B14D  electrons_                192  electrons.f90
pw.x               00000000005888D2  run_pwscf_                189  run_pwscf.f90
pw.x               00000000004084B4  MAIN__                     85  pwscf.f90
pw.x               000000000040831E  Unknown               Unknown  Unknown
libc-2.17.so       00002B2A59E8CC05  __libc_start_main     Unknown  Unknown
pw.x               0000000000408229  Unknown               Unknown  Unknown
forrtl: error (78): process killed (SIGTERM)
Image              PC                Routine            Line        Source             
pw.x               00000000010225FA  Unknown               Unknown  Unknown
libpthread-2.17.s  00002B901D7145E0  Unknown               Unknown  Unknown
libmpi.so.12.0     00002B901C6E63AA  Unknown               Unknown  Unknown
libmpi.so.12.0     00002B901C6E70C5  Unknown               Unknown  Unknown
libmpi.so.12       00002B901C6EAC2D  MPI_Barrier           Unknown  Unknown
libmpifort.so.12.  00002B901C28072C  pmpi_barrier          Unknown  Unknown
pw.x               0000000000F59F97  bcast_real_                60  mp_base.f90
pw.x               0000000000F39848  mp_mp_mp_bcast_cm         660  mp.f90
pw.x               00000000008736EF  pcegterg_IP_refre        1420  cegterg.f90
pw.x               000000000086E63E  pcegterg_                1125  cegterg.f90
pw.x               0000000000687E53  diag_bands_IP_dia        1028  c_bands.f90
pw.x               000000000068663C  diag_bands_               322  c_bands.f90
pw.x               0000000000685075  c_bands_                  132  c_bands.f90
pw.x               000000000040DEAE  electrons_scf_            689  electrons.f90
pw.x               000000000040B14D  electrons_                192  electrons.f90
pw.x               00000000005888D2  run_pwscf_                189  run_pwscf.f90
pw.x               00000000004084B4  MAIN__                     85  pwscf.f90
pw.x               000000000040831E  Unknown               Unknown  Unknown
libc-2.17.so       00002B901DFE8C05  __libc_start_main     Unknown  Unknown
pw.x               0000000000408229  Unknown               Unknown  Unknown
forrtl: error (78): process killed (SIGTERM)
Image              PC                Routine            Line        Source             
pw.x               00000000010225FA  Unknown               Unknown  Unknown
libpthread-2.17.s  00002AC4E80605E0  Unknown               Unknown  Unknown
libmpi.so.12.0     00002AC4E70323AA  Unknown               Unknown  Unknown
libmpi.so.12.0     00002AC4E70330C5  Unknown               Unknown  Unknown
libmpi.so.12       00002AC4E7036C2D  MPI_Barrier           Unknown  Unknown
libmpifort.so.12.  00002AC4E6BCC72C  pmpi_barrier          Unknown  Unknown
pw.x               0000000000F59F97  bcast_real_                60  mp_base.f90
pw.x               0000000000F39848  mp_mp_mp_bcast_cm         660  mp.f90
pw.x               00000000008736EF  pcegterg_IP_refre        1420  cegterg.f90
pw.x               000000000086E63E  pcegterg_                1125  cegterg.f90
pw.x               0000000000687E53  diag_bands_IP_dia        1028  c_bands.f90
pw.x               000000000068663C  diag_bands_               322  c_bands.f90
pw.x               0000000000685075  c_bands_                  132  c_bands.f90
pw.x               000000000040DEAE  electrons_scf_            689  electrons.f90
pw.x               000000000040B14D  electrons_                192  electrons.f90
pw.x               00000000005888D2  run_pwscf_                189  run_pwscf.f90
pw.x               00000000004084B4  MAIN__                     85  pwscf.f90
pw.x               000000000040831E  Unknown               Unknown  Unknown
libc-2.17.so       00002AC4E8934C05  __libc_start_main     Unknown  Unknown
pw.x               0000000000408229  Unknown               Unknown  Unknown
forrtl: error (78): process killed (SIGTERM)
Image              PC                Routine            Line        Source             
pw.x               00000000010225FA  Unknown               Unknown  Unknown
libpthread-2.17.s  00002AB61627D5E0  Unknown               Unknown  Unknown
libmpi.so.12.0     00002AB61524F3AA  Unknown               Unknown  Unknown
libmpi.so.12.0     00002AB6152500C5  Unknown               Unknown  Unknown
libmpi.so.12       00002AB615253C2D  MPI_Barrier           Unknown  Unknown
libmpifort.so.12.  00002AB614DE972C  pmpi_barrier          Unknown  Unknown
pw.x               0000000000F59F97  bcast_real_                60  mp_base.f90
pw.x               0000000000F39848  mp_mp_mp_bcast_cm         660  mp.f90
pw.x               00000000008736EF  pcegterg_IP_refre        1420  cegterg.f90
pw.x               000000000086E63E  pcegterg_                1125  cegterg.f90
pw.x               0000000000687E53  diag_bands_IP_dia        1028  c_bands.f90
pw.x               000000000068663C  diag_bands_               322  c_bands.f90
pw.x               0000000000685075  c_bands_                  132  c_bands.f90
pw.x               000000000040DEAE  electrons_scf_            689  electrons.f90
pw.x               000000000040B14D  electrons_                192  electrons.f90
pw.x               00000000005888D2  run_pwscf_                189  run_pwscf.f90
pw.x               00000000004084B4  MAIN__                     85  pwscf.f90
pw.x               000000000040831E  Unknown               Unknown  Unknown
libc-2.17.so       00002AB616B51C05  __libc_start_main     Unknown  Unknown
pw.x               0000000000408229  Unknown               Unknown  Unknown
forrtl: error (78): process killed (SIGTERM)
Image              PC                Routine            Line        Source             
pw.x               00000000010225FA  Unknown               Unknown  Unknown
libpthread-2.17.s  00002B47BD2AF5E0  Unknown               Unknown  Unknown
libmpi.so.12.0     00002B47BC2813AA  Unknown               Unknown  Unknown
libmpi.so.12.0     00002B47BC2820C5  Unknown               Unknown  Unknown
libmpi.so.12       00002B47BC285C2D  MPI_Barrier           Unknown  Unknown
libmpifort.so.12.  00002B47BBE1B72C  pmpi_barrier          Unknown  Unknown
pw.x               0000000000F59F97  bcast_real_                60  mp_base.f90
pw.x               0000000000F39848  mp_mp_mp_bcast_cm         660  mp.f90
pw.x               00000000008736EF  pcegterg_IP_refre        1420  cegterg.f90
pw.x               000000000086E63E  pcegterg_                1125  cegterg.f90
pw.x               0000000000687E53  diag_bands_IP_dia        1028  c_bands.f90
pw.x               000000000068663C  diag_bands_               322  c_bands.f90
pw.x               0000000000685075  c_bands_                  132  c_bands.f90
pw.x               000000000040DEAE  electrons_scf_            689  electrons.f90
pw.x               000000000040B14D  electrons_                192  electrons.f90
pw.x               00000000005888D2  run_pwscf_                189  run_pwscf.f90
pw.x               00000000004084B4  MAIN__                     85  pwscf.f90
pw.x               000000000040831E  Unknown               Unknown  Unknown
libc-2.17.so       00002B47BDB83C05  __libc_start_main     Unknown  Unknown
pw.x               0000000000408229  Unknown               Unknown  Unknown
forrtl: error (78): process killed (SIGTERM)
Image              PC                Routine            Line        Source             
pw.x               00000000010225FA  Unknown               Unknown  Unknown
libpthread-2.17.s  00002B19EB8AA5E0  Unknown               Unknown  Unknown
libmpi.so.12.0     00002B19EA87C3AA  Unknown               Unknown  Unknown
libmpi.so.12.0     00002B19EA87D0C5  Unknown               Unknown  Unknown
libmpi.so.12       00002B19EA880C2D  MPI_Barrier           Unknown  Unknown
libmpifort.so.12.  00002B19EA41672C  pmpi_barrier          Unknown  Unknown
pw.x               0000000000F59F97  bcast_real_                60  mp_base.f90
pw.x               0000000000F39848  mp_mp_mp_bcast_cm         660  mp.f90
pw.x               00000000008736EF  pcegterg_IP_refre        1420  cegterg.f90
pw.x               000000000086E63E  pcegterg_                1125  cegterg.f90
pw.x               0000000000687E53  diag_bands_IP_dia        1028  c_bands.f90
pw.x               000000000068663C  diag_bands_               322  c_bands.f90
pw.x               0000000000685075  c_bands_                  132  c_bands.f90
pw.x               000000000040DEAE  electrons_scf_            689  electrons.f90
pw.x               000000000040B14D  electrons_                192  electrons.f90
pw.x               00000000005888D2  run_pwscf_                189  run_pwscf.f90
pw.x               00000000004084B4  MAIN__                     85  pwscf.f90
pw.x               000000000040831E  Unknown               Unknown  Unknown
libc-2.17.so       00002B19EC17EC05  __libc_start_main     Unknown  Unknown
pw.x               0000000000408229  Unknown               Unknown  Unknown
forrtl: error (78): process killed (SIGTERM)
Image              PC                Routine            Line        Source             
pw.x               00000000010225FA  Unknown               Unknown  Unknown
libpthread-2.17.s  00002B1BB08855E0  Unknown               Unknown  Unknown
libmpi.so.12.0     00002B1BAF8573AA  Unknown               Unknown  Unknown
libmpi.so.12.0     00002B1BAF8580C5  Unknown               Unknown  Unknown
libmpi.so.12       00002B1BAF85BC2D  MPI_Barrier           Unknown  Unknown
libmpifort.so.12.  00002B1BAF3F172C  pmpi_barrier          Unknown  Unknown
pw.x               0000000000F59F97  bcast_real_                60  mp_base.f90
pw.x               0000000000F39848  mp_mp_mp_bcast_cm         660  mp.f90
pw.x               00000000008736EF  pcegterg_IP_refre        1420  cegterg.f90
pw.x               000000000086E63E  pcegterg_                1125  cegterg.f90
pw.x               0000000000687E53  diag_bands_IP_dia        1028  c_bands.f90
pw.x               000000000068663C  diag_bands_               322  c_bands.f90
pw.x               0000000000685075  c_bands_                  132  c_bands.f90
pw.x               000000000040DEAE  electrons_scf_            689  electrons.f90
pw.x               000000000040B14D  electrons_                192  electrons.f90
pw.x               00000000005888D2  run_pwscf_                189  run_pwscf.f90
pw.x               00000000004084B4  MAIN__                     85  pwscf.f90
pw.x               000000000040831E  Unknown               Unknown  Unknown
libc-2.17.so       00002B1BB1159C05  __libc_start_main     Unknown  Unknown
pw.x               0000000000408229  Unknown               Unknown  Unknown
forrtl: error (78): process killed (SIGTERM)
Image              PC                Routine            Line        Source             
pw.x               00000000010225FA  Unknown               Unknown  Unknown
libpthread-2.17.s  00002B6459C0C5E0  Unknown               Unknown  Unknown
libmpi.so.12.0     00002B6458BDE3AA  Unknown               Unknown  Unknown
libmpi.so.12.0     00002B6458BDF0C5  Unknown               Unknown  Unknown
libmpi.so.12       00002B6458BE2C2D  MPI_Barrier           Unknown  Unknown
libmpifort.so.12.  00002B645877872C  pmpi_barrier          Unknown  Unknown
pw.x               0000000000F59F97  bcast_real_                60  mp_base.f90
pw.x               0000000000F39848  mp_mp_mp_bcast_cm         660  mp.f90
pw.x               00000000008736EF  pcegterg_IP_refre        1420  cegterg.f90
pw.x               000000000086E63E  pcegterg_                1125  cegterg.f90
pw.x               0000000000687E53  diag_bands_IP_dia        1028  c_bands.f90
pw.x               000000000068663C  diag_bands_               322  c_bands.f90
pw.x               0000000000685075  c_bands_                  132  c_bands.f90
pw.x               000000000040DEAE  electrons_scf_            689  electrons.f90
pw.x               000000000040B14D  electrons_                192  electrons.f90
pw.x               00000000005888D2  run_pwscf_                189  run_pwscf.f90
pw.x               00000000004084B4  MAIN__                     85  pwscf.f90
pw.x               000000000040831E  Unknown               Unknown  Unknown
libc-2.17.so       00002B645A4E0C05  __libc_start_main     Unknown  Unknown
pw.x               0000000000408229  Unknown               Unknown  Unknown
forrtl: error (78): process killed (SIGTERM)
Image              PC                Routine            Line        Source             
pw.x               00000000010225FA  Unknown               Unknown  Unknown
libpthread-2.17.s  00002ACB04D8B5E0  Unknown               Unknown  Unknown
libmpi.so.12.0     00002ACB03D5D3AA  Unknown               Unknown  Unknown
libmpi.so.12.0     00002ACB03D5E0C5  Unknown               Unknown  Unknown
libmpi.so.12       00002ACB03D61C2D  MPI_Barrier           Unknown  Unknown
libmpifort.so.12.  00002ACB038F772C  pmpi_barrier          Unknown  Unknown
pw.x               0000000000F59F97  bcast_real_                60  mp_base.f90
pw.x               0000000000F39848  mp_mp_mp_bcast_cm         660  mp.f90
pw.x               00000000008736EF  pcegterg_IP_refre        1420  cegterg.f90
pw.x               000000000086E63E  pcegterg_                1125  cegterg.f90
pw.x               0000000000687E53  diag_bands_IP_dia        1028  c_bands.f90
pw.x               000000000068663C  diag_bands_               322  c_bands.f90
pw.x               0000000000685075  c_bands_                  132  c_bands.f90
pw.x               000000000040DEAE  electrons_scf_            689  electrons.f90
pw.x               000000000040B14D  electrons_                192  electrons.f90
pw.x               00000000005888D2  run_pwscf_                189  run_pwscf.f90
pw.x               00000000004084B4  MAIN__                     85  pwscf.f90
pw.x               000000000040831E  Unknown               Unknown  Unknown
libc-2.17.so       00002ACB0565FC05  __libc_start_main     Unknown  Unknown
pw.x               0000000000408229  Unknown               Unknown  Unknown
forrtl: error (78): process killed (SIGTERM)
Image              PC                Routine            Line        Source             
pw.x               00000000010225FA  Unknown               Unknown  Unknown
libpthread-2.17.s  00002B36ECE025E0  Unknown               Unknown  Unknown
libmpi.so.12.0     00002B36EBDD43AA  Unknown               Unknown  Unknown
libmpi.so.12.0     00002B36EBDD50C5  Unknown               Unknown  Unknown
libmpi.so.12       00002B36EBDD8C2D  MPI_Barrier           Unknown  Unknown
libmpifort.so.12.  00002B36EB96E72C  pmpi_barrier          Unknown  Unknown
pw.x               0000000000F59F97  bcast_real_                60  mp_base.f90
pw.x               0000000000F39848  mp_mp_mp_bcast_cm         660  mp.f90
pw.x               00000000008736EF  pcegterg_IP_refre        1420  cegterg.f90
pw.x               000000000086E63E  pcegterg_                1125  cegterg.f90
pw.x               0000000000687E53  diag_bands_IP_dia        1028  c_bands.f90
pw.x               000000000068663C  diag_bands_               322  c_bands.f90
pw.x               0000000000685075  c_bands_                  132  c_bands.f90
pw.x               000000000040DEAE  electrons_scf_            689  electrons.f90
pw.x               000000000040B14D  electrons_                192  electrons.f90
pw.x               00000000005888D2  run_pwscf_                189  run_pwscf.f90
pw.x               00000000004084B4  MAIN__                     85  pwscf.f90
pw.x               000000000040831E  Unknown               Unknown  Unknown
libc-2.17.so       00002B36ED6D6C05  __libc_start_main     Unknown  Unknown
pw.x               0000000000408229  Unknown               Unknown  Unknown
forrtl: error (78): process killed (SIGTERM)
Image              PC                Routine            Line        Source             
pw.x               00000000010225FA  Unknown               Unknown  Unknown
libpthread-2.17.s  00002ABCD4C375E0  Unknown               Unknown  Unknown
libmpi.so.12.0     00002ABCD3C093AA  Unknown               Unknown  Unknown
libmpi.so.12.0     00002ABCD3C0A0C5  Unknown               Unknown  Unknown
libmpi.so.12       00002ABCD3C0DC2D  MPI_Barrier           Unknown  Unknown
libmpifort.so.12.  00002ABCD37A372C  pmpi_barrier          Unknown  Unknown
pw.x               0000000000F59F97  bcast_real_                60  mp_base.f90
pw.x               0000000000F39848  mp_mp_mp_bcast_cm         660  mp.f90
pw.x               00000000008736EF  pcegterg_IP_refre        1420  cegterg.f90
pw.x               000000000086E63E  pcegterg_                1125  cegterg.f90
pw.x               0000000000687E53  diag_bands_IP_dia        1028  c_bands.f90
pw.x               000000000068663C  diag_bands_               322  c_bands.f90
pw.x               0000000000685075  c_bands_                  132  c_bands.f90
pw.x               000000000040DEAE  electrons_scf_            689  electrons.f90
pw.x               000000000040B14D  electrons_                192  electrons.f90
pw.x               00000000005888D2  run_pwscf_                189  run_pwscf.f90
pw.x               00000000004084B4  MAIN__                     85  pwscf.f90
pw.x               000000000040831E  Unknown               Unknown  Unknown
libc-2.17.so       00002ABCD550BC05  __libc_start_main     Unknown  Unknown
pw.x               0000000000408229  Unknown               Unknown  Unknown
forrtl: error (78): process killed (SIGTERM)
Image              PC                Routine            Line        Source             
pw.x               00000000010225FA  Unknown               Unknown  Unknown
libpthread-2.17.s  00002AD265AD35E0  Unknown               Unknown  Unknown
libmpi.so.12.0     00002AD264AA53AA  Unknown               Unknown  Unknown
libmpi.so.12.0     00002AD264AA60C5  Unknown               Unknown  Unknown
libmpi.so.12       00002AD264AA9C2D  MPI_Barrier           Unknown  Unknown
libmpifort.so.12.  00002AD26463F72C  pmpi_barrier          Unknown  Unknown
pw.x               0000000000F59F97  bcast_real_                60  mp_base.f90
pw.x               0000000000F39848  mp_mp_mp_bcast_cm         660  mp.f90
pw.x               00000000008736EF  pcegterg_IP_refre        1420  cegterg.f90
pw.x               000000000086E63E  pcegterg_                1125  cegterg.f90
pw.x               0000000000687E53  diag_bands_IP_dia        1028  c_bands.f90
pw.x               000000000068663C  diag_bands_               322  c_bands.f90
pw.x               0000000000685075  c_bands_                  132  c_bands.f90
pw.x               000000000040DEAE  electrons_scf_            689  electrons.f90
pw.x               000000000040B14D  electrons_                192  electrons.f90
pw.x               00000000005888D2  run_pwscf_                189  run_pwscf.f90
pw.x               00000000004084B4  MAIN__                     85  pwscf.f90
pw.x               000000000040831E  Unknown               Unknown  Unknown
libc-2.17.so       00002AD2663A7C05  __libc_start_main     Unknown  Unknown
pw.x               0000000000408229  Unknown               Unknown  Unknown
forrtl: error (78): process killed (SIGTERM)
Image              PC                Routine            Line        Source             
pw.x               00000000010225FA  Unknown               Unknown  Unknown
libpthread-2.17.s  00002B428C1A25E0  Unknown               Unknown  Unknown
libmpi.so.12.0     00002B428B1743AA  Unknown               Unknown  Unknown
libmpi.so.12.0     00002B428B1750C5  Unknown               Unknown  Unknown
libmpi.so.12       00002B428B178C2D  MPI_Barrier           Unknown  Unknown
libmpifort.so.12.  00002B428AD0E72C  pmpi_barrier          Unknown  Unknown
pw.x               0000000000F59F97  bcast_real_                60  mp_base.f90
pw.x               0000000000F39848  mp_mp_mp_bcast_cm         660  mp.f90
pw.x               00000000008736EF  pcegterg_IP_refre        1420  cegterg.f90
pw.x               000000000086E63E  pcegterg_                1125  cegterg.f90
pw.x               0000000000687E53  diag_bands_IP_dia        1028  c_bands.f90
pw.x               000000000068663C  diag_bands_               322  c_bands.f90
pw.x               0000000000685075  c_bands_                  132  c_bands.f90
pw.x               000000000040DEAE  electrons_scf_            689  electrons.f90
pw.x               000000000040B14D  electrons_                192  electrons.f90
pw.x               00000000005888D2  run_pwscf_                189  run_pwscf.f90
pw.x               00000000004084B4  MAIN__                     85  pwscf.f90
pw.x               000000000040831E  Unknown               Unknown  Unknown
libc-2.17.so       00002B428CA76C05  __libc_start_main     Unknown  Unknown
pw.x               0000000000408229  Unknown               Unknown  Unknown
forrtl: error (78): process killed (SIGTERM)
Image              PC                Routine            Line        Source             
pw.x               00000000010225FA  Unknown               Unknown  Unknown
libpthread-2.17.s  00002AC2381DE5E0  Unknown               Unknown  Unknown
libmpi.so.12.0     00002AC2371B03AF  Unknown               Unknown  Unknown
libmpi.so.12.0     00002AC2371B10C5  Unknown               Unknown  Unknown
libmpi.so.12       00002AC2371B4C2D  MPI_Barrier           Unknown  Unknown
libmpifort.so.12.  00002AC236D4A72C  pmpi_barrier          Unknown  Unknown
pw.x               0000000000F59F97  bcast_real_                60  mp_base.f90
pw.x               0000000000F39848  mp_mp_mp_bcast_cm         660  mp.f90
pw.x               00000000008736EF  pcegterg_IP_refre        1420  cegterg.f90
pw.x               000000000086E63E  pcegterg_                1125  cegterg.f90
pw.x               0000000000687E53  diag_bands_IP_dia        1028  c_bands.f90
pw.x               000000000068663C  diag_bands_               322  c_bands.f90
pw.x               0000000000685075  c_bands_                  132  c_bands.f90
pw.x               000000000040DEAE  electrons_scf_            689  electrons.f90
pw.x               000000000040B14D  electrons_                192  electrons.f90
pw.x               00000000005888D2  run_pwscf_                189  run_pwscf.f90
pw.x               00000000004084B4  MAIN__                     85  pwscf.f90
pw.x               000000000040831E  Unknown               Unknown  Unknown
libc-2.17.so       00002AC238AB2C05  __libc_start_main     Unknown  Unknown
pw.x               0000000000408229  Unknown               Unknown  Unknown
forrtl: error (78): process killed (SIGTERM)
Image              PC                Routine            Line        Source             
pw.x               00000000010225FA  Unknown               Unknown  Unknown
libpthread-2.17.s  00002AF6C08E75E0  Unknown               Unknown  Unknown
libmpi.so.12.0     00002AF6BF8B91A2  Unknown               Unknown  Unknown
libmpi.so.12.0     00002AF6BF8B9FAE  Unknown               Unknown  Unknown
libmpi.so.12       00002AF6BF8BDC2D  MPI_Barrier           Unknown  Unknown
libmpifort.so.12.  00002AF6BF45372C  pmpi_barrier          Unknown  Unknown
pw.x               0000000000F59F97  bcast_real_                60  mp_base.f90
pw.x               0000000000F39848  mp_mp_mp_bcast_cm         660  mp.f90
pw.x               00000000008736EF  pcegterg_IP_refre        1420  cegterg.f90
pw.x               000000000086E63E  pcegterg_                1125  cegterg.f90
pw.x               0000000000687E53  diag_bands_IP_dia        1028  c_bands.f90
pw.x               000000000068663C  diag_bands_               322  c_bands.f90
pw.x               0000000000685075  c_bands_                  132  c_bands.f90
pw.x               000000000040DEAE  electrons_scf_            689  electrons.f90
pw.x               000000000040B14D  electrons_                192  electrons.f90
pw.x               00000000005888D2  run_pwscf_                189  run_pwscf.f90
pw.x               00000000004084B4  MAIN__                     85  pwscf.f90
pw.x               000000000040831E  Unknown               Unknown  Unknown
libc-2.17.so       00002AF6C11BBC05  __libc_start_main     Unknown  Unknown
pw.x               0000000000408229  Unknown               Unknown  Unknown
forrtl: error (78): process killed (SIGTERM)
Image              PC                Routine            Line        Source             
pw.x               00000000010225FA  Unknown               Unknown  Unknown
libpthread-2.17.s  00002AB8F237E5E0  Unknown               Unknown  Unknown
libmpi.so.12.0     00002AB8F13503AA  Unknown               Unknown  Unknown
libmpi.so.12.0     00002AB8F13510C5  Unknown               Unknown  Unknown
libmpi.so.12       00002AB8F1354C2D  MPI_Barrier           Unknown  Unknown
libmpifort.so.12.  00002AB8F0EEA72C  pmpi_barrier          Unknown  Unknown
pw.x               0000000000F59F97  bcast_real_                60  mp_base.f90
pw.x               0000000000F39848  mp_mp_mp_bcast_cm         660  mp.f90
pw.x               00000000008736EF  pcegterg_IP_refre        1420  cegterg.f90
pw.x               000000000086E63E  pcegterg_                1125  cegterg.f90
pw.x               0000000000687E53  diag_bands_IP_dia        1028  c_bands.f90
pw.x               000000000068663C  diag_bands_               322  c_bands.f90
pw.x               0000000000685075  c_bands_                  132  c_bands.f90
pw.x               000000000040DEAE  electrons_scf_            689  electrons.f90
pw.x               000000000040B14D  electrons_                192  electrons.f90
pw.x               00000000005888D2  run_pwscf_                189  run_pwscf.f90
pw.x               00000000004084B4  MAIN__                     85  pwscf.f90
pw.x               000000000040831E  Unknown               Unknown  Unknown
libc-2.17.so       00002AB8F2C52C05  __libc_start_main     Unknown  Unknown
pw.x               0000000000408229  Unknown               Unknown  Unknown
forrtl: error (78): process killed (SIGTERM)
Image              PC                Routine            Line        Source             
pw.x               00000000010225FA  Unknown               Unknown  Unknown
libpthread-2.17.s  00002B9474B7E5E0  Unknown               Unknown  Unknown
libmpi.so.12.0     00002B9473B503AA  Unknown               Unknown  Unknown
libmpi.so.12.0     00002B9473B510C5  Unknown               Unknown  Unknown
libmpi.so.12       00002B9473B54C2D  MPI_Barrier           Unknown  Unknown
libmpifort.so.12.  00002B94736EA72C  pmpi_barrier          Unknown  Unknown
pw.x               0000000000F59F97  bcast_real_                60  mp_base.f90
pw.x               0000000000F39848  mp_mp_mp_bcast_cm         660  mp.f90
pw.x               00000000008736EF  pcegterg_IP_refre        1420  cegterg.f90
pw.x               000000000086E63E  pcegterg_                1125  cegterg.f90
pw.x               0000000000687E53  diag_bands_IP_dia        1028  c_bands.f90
pw.x               000000000068663C  diag_bands_               322  c_bands.f90
pw.x               0000000000685075  c_bands_                  132  c_bands.f90
pw.x               000000000040DEAE  electrons_scf_            689  electrons.f90
pw.x               000000000040B14D  electrons_                192  electrons.f90
pw.x               00000000005888D2  run_pwscf_                189  run_pwscf.f90
pw.x               00000000004084B4  MAIN__                     85  pwscf.f90
pw.x               000000000040831E  Unknown               Unknown  Unknown
libc-2.17.so       00002B9475452C05  __libc_start_main     Unknown  Unknown
pw.x               0000000000408229  Unknown               Unknown  Unknown
forrtl: error (78): process killed (SIGTERM)
Image              PC                Routine            Line        Source             
pw.x               00000000010225FA  Unknown               Unknown  Unknown
libpthread-2.17.s  00002BA191AED5E0  Unknown               Unknown  Unknown
libmpi.so.12.0     00002BA190ABF3AA  Unknown               Unknown  Unknown
libmpi.so.12.0     00002BA190AC00C5  Unknown               Unknown  Unknown
libmpi.so.12       00002BA190AC3C2D  MPI_Barrier           Unknown  Unknown
libmpifort.so.12.  00002BA19065972C  pmpi_barrier          Unknown  Unknown
pw.x               0000000000F59F97  bcast_real_                60  mp_base.f90
pw.x               0000000000F39848  mp_mp_mp_bcast_cm         660  mp.f90
pw.x               00000000008736EF  pcegterg_IP_refre        1420  cegterg.f90
pw.x               000000000086E63E  pcegterg_                1125  cegterg.f90
pw.x               0000000000687E53  diag_bands_IP_dia        1028  c_bands.f90
pw.x               000000000068663C  diag_bands_               322  c_bands.f90
pw.x               0000000000685075  c_bands_                  132  c_bands.f90
pw.x               000000000040DEAE  electrons_scf_            689  electrons.f90
pw.x               000000000040B14D  electrons_                192  electrons.f90
pw.x               00000000005888D2  run_pwscf_                189  run_pwscf.f90
pw.x               00000000004084B4  MAIN__                     85  pwscf.f90
pw.x               000000000040831E  Unknown               Unknown  Unknown
libc-2.17.so       00002BA1923C1C05  __libc_start_main     Unknown  Unknown
pw.x               0000000000408229  Unknown               Unknown  Unknown
forrtl: error (78): process killed (SIGTERM)
Image              PC                Routine            Line        Source             
pw.x               00000000010225FA  Unknown               Unknown  Unknown
libpthread-2.17.s  00002B84236EE5E0  Unknown               Unknown  Unknown
libmpi.so.12.0     00002B84226C03AA  Unknown               Unknown  Unknown
libmpi.so.12.0     00002B84226C10C5  Unknown               Unknown  Unknown
libmpi.so.12       00002B84226C4C2D  MPI_Barrier           Unknown  Unknown
libmpifort.so.12.  00002B842225A72C  pmpi_barrier          Unknown  Unknown
pw.x               0000000000F59F97  bcast_real_                60  mp_base.f90
pw.x               0000000000F39848  mp_mp_mp_bcast_cm         660  mp.f90
pw.x               00000000008736EF  pcegterg_IP_refre        1420  cegterg.f90
pw.x               000000000086E63E  pcegterg_                1125  cegterg.f90
pw.x               0000000000687E53  diag_bands_IP_dia        1028  c_bands.f90
pw.x               000000000068663C  diag_bands_               322  c_bands.f90
pw.x               0000000000685075  c_bands_                  132  c_bands.f90
pw.x               000000000040DEAE  electrons_scf_            689  electrons.f90
pw.x               000000000040B14D  electrons_                192  electrons.f90
pw.x               00000000005888D2  run_pwscf_                189  run_pwscf.f90
pw.x               00000000004084B4  MAIN__                     85  pwscf.f90
pw.x               000000000040831E  Unknown               Unknown  Unknown
libc-2.17.so       00002B8423FC2C05  __libc_start_main     Unknown  Unknown
pw.x               0000000000408229  Unknown               Unknown  Unknown
forrtl: error (78): process killed (SIGTERM)
Image              PC                Routine            Line        Source             
pw.x               00000000010225FA  Unknown               Unknown  Unknown
libpthread-2.17.s  00002ADCB8BEF5E0  Unknown               Unknown  Unknown
libmpi.so.12.0     00002ADCB7BC13AA  Unknown               Unknown  Unknown
libmpi.so.12.0     00002ADCB7BC20C5  Unknown               Unknown  Unknown
libmpi.so.12       00002ADCB7BC5C2D  MPI_Barrier           Unknown  Unknown
libmpifort.so.12.  00002ADCB775B72C  pmpi_barrier          Unknown  Unknown
pw.x               0000000000F59F97  bcast_real_                60  mp_base.f90
pw.x               0000000000F39848  mp_mp_mp_bcast_cm         660  mp.f90
pw.x               00000000008736EF  pcegterg_IP_refre        1420  cegterg.f90
pw.x               000000000086E63E  pcegterg_                1125  cegterg.f90
pw.x               0000000000687E53  diag_bands_IP_dia        1028  c_bands.f90
pw.x               000000000068663C  diag_bands_               322  c_bands.f90
pw.x               0000000000685075  c_bands_                  132  c_bands.f90
pw.x               000000000040DEAE  electrons_scf_            689  electrons.f90
pw.x               000000000040B14D  electrons_                192  electrons.f90
pw.x               00000000005888D2  run_pwscf_                189  run_pwscf.f90
pw.x               00000000004084B4  MAIN__                     85  pwscf.f90
pw.x               000000000040831E  Unknown               Unknown  Unknown
libc-2.17.so       00002ADCB94C3C05  __libc_start_main     Unknown  Unknown
pw.x               0000000000408229  Unknown               Unknown  Unknown
forrtl: error (78): process killed (SIGTERM)
Image              PC                Routine            Line        Source             
pw.x               00000000010225FA  Unknown               Unknown  Unknown
libpthread-2.17.s  00002B717A5795E0  Unknown               Unknown  Unknown
libmpi.so.12.0     00002B717954B3AA  Unknown               Unknown  Unknown
libmpi.so.12.0     00002B717954C0C5  Unknown               Unknown  Unknown
libmpi.so.12       00002B717954FC2D  MPI_Barrier           Unknown  Unknown
libmpifort.so.12.  00002B71790E572C  pmpi_barrier          Unknown  Unknown
pw.x               0000000000F59F97  bcast_real_                60  mp_base.f90
pw.x               0000000000F39848  mp_mp_mp_bcast_cm         660  mp.f90
pw.x               00000000008736EF  pcegterg_IP_refre        1420  cegterg.f90
pw.x               000000000086E63E  pcegterg_                1125  cegterg.f90
pw.x               0000000000687E53  diag_bands_IP_dia        1028  c_bands.f90
pw.x               000000000068663C  diag_bands_               322  c_bands.f90
pw.x               0000000000685075  c_bands_                  132  c_bands.f90
pw.x               000000000040DEAE  electrons_scf_            689  electrons.f90
pw.x               000000000040B14D  electrons_                192  electrons.f90
pw.x               00000000005888D2  run_pwscf_                189  run_pwscf.f90
pw.x               00000000004084B4  MAIN__                     85  pwscf.f90
pw.x               000000000040831E  Unknown               Unknown  Unknown
libc-2.17.so       00002B717AE4DC05  __libc_start_main     Unknown  Unknown
pw.x               0000000000408229  Unknown               Unknown  Unknown
forrtl: error (78): process killed (SIGTERM)
Image              PC                Routine            Line        Source             
pw.x               00000000010225FA  Unknown               Unknown  Unknown
libpthread-2.17.s  00002AC2CFA0C5E0  Unknown               Unknown  Unknown
libmpi.so.12.0     00002AC2CE9DE3AF  Unknown               Unknown  Unknown
libmpi.so.12.0     00002AC2CE9DF0C5  Unknown               Unknown  Unknown
libmpi.so.12       00002AC2CE9E2C2D  MPI_Barrier           Unknown  Unknown
libmpifort.so.12.  00002AC2CE57872C  pmpi_barrier          Unknown  Unknown
pw.x               0000000000F59F97  bcast_real_                60  mp_base.f90
pw.x               0000000000F39848  mp_mp_mp_bcast_cm         660  mp.f90
pw.x               00000000008736EF  pcegterg_IP_refre        1420  cegterg.f90
pw.x               000000000086E63E  pcegterg_                1125  cegterg.f90
pw.x               0000000000687E53  diag_bands_IP_dia        1028  c_bands.f90
pw.x               000000000068663C  diag_bands_               322  c_bands.f90
pw.x               0000000000685075  c_bands_                  132  c_bands.f90
pw.x               000000000040DEAE  electrons_scf_            689  electrons.f90
pw.x               000000000040B14D  electrons_                192  electrons.f90
pw.x               00000000005888D2  run_pwscf_                189  run_pwscf.f90
pw.x               00000000004084B4  MAIN__                     85  pwscf.f90
pw.x               000000000040831E  Unknown               Unknown  Unknown
libc-2.17.so       00002AC2D02E0C05  __libc_start_main     Unknown  Unknown
pw.x               0000000000408229  Unknown               Unknown  Unknown
forrtl: error (78): process killed (SIGTERM)
Image              PC                Routine            Line        Source             
pw.x               00000000010225FA  Unknown               Unknown  Unknown
libpthread-2.17.s  00002B5FDD2155E0  Unknown               Unknown  Unknown
libmpi.so.12.0     00002B5FDC1E73AA  Unknown               Unknown  Unknown
libmpi.so.12.0     00002B5FDC1E80C5  Unknown               Unknown  Unknown
libmpi.so.12       00002B5FDC1EBC2D  MPI_Barrier           Unknown  Unknown
libmpifort.so.12.  00002B5FDBD8172C  pmpi_barrier          Unknown  Unknown
pw.x               0000000000F59F97  bcast_real_                60  mp_base.f90
pw.x               0000000000F39848  mp_mp_mp_bcast_cm         660  mp.f90
pw.x               00000000008736EF  pcegterg_IP_refre        1420  cegterg.f90
pw.x               000000000086E63E  pcegterg_                1125  cegterg.f90
pw.x               0000000000687E53  diag_bands_IP_dia        1028  c_bands.f90
pw.x               000000000068663C  diag_bands_               322  c_bands.f90
pw.x               0000000000685075  c_bands_                  132  c_bands.f90
pw.x               000000000040DEAE  electrons_scf_            689  electrons.f90
pw.x               000000000040B14D  electrons_                192  electrons.f90
pw.x               00000000005888D2  run_pwscf_                189  run_pwscf.f90
pw.x               00000000004084B4  MAIN__                     85  pwscf.f90
pw.x               000000000040831E  Unknown               Unknown  Unknown
libc-2.17.so       00002B5FDDAE9C05  __libc_start_main     Unknown  Unknown
pw.x               0000000000408229  Unknown               Unknown  Unknown
forrtl: error (78): process killed (SIGTERM)
Image              PC                Routine            Line        Source             
pw.x               00000000010225FA  Unknown               Unknown  Unknown
libpthread-2.17.s  00002AE14C9005E0  Unknown               Unknown  Unknown
libmpi.so.12.0     00002AE14B8D23AA  Unknown               Unknown  Unknown
libmpi.so.12.0     00002AE14B8D30C5  Unknown               Unknown  Unknown
libmpi.so.12       00002AE14B8D6C2D  MPI_Barrier           Unknown  Unknown
libmpifort.so.12.  00002AE14B46C72C  pmpi_barrier          Unknown  Unknown
pw.x               0000000000F59F97  bcast_real_                60  mp_base.f90
pw.x               0000000000F39848  mp_mp_mp_bcast_cm         660  mp.f90
pw.x               000000000087361D  pcegterg_IP_refre        1413  cegterg.f90
pw.x               000000000086E63E  pcegterg_                1125  cegterg.f90
pw.x               0000000000687E53  diag_bands_IP_dia        1028  c_bands.f90
pw.x               000000000068663C  diag_bands_               322  c_bands.f90
pw.x               0000000000685075  c_bands_                  132  c_bands.f90
pw.x               000000000040DEAE  electrons_scf_            689  electrons.f90
pw.x               000000000040B14D  electrons_                192  electrons.f90
pw.x               00000000005888D2  run_pwscf_                189  run_pwscf.f90
pw.x               00000000004084B4  MAIN__                     85  pwscf.f90
pw.x               000000000040831E  Unknown               Unknown  Unknown
libc-2.17.so       00002AE14D1D4C05  __libc_start_main     Unknown  Unknown
pw.x               0000000000408229  Unknown               Unknown  Unknown
forrtl: error (78): process killed (SIGTERM)
Image              PC                Routine            Line        Source             
pw.x               00000000010225FA  Unknown               Unknown  Unknown
libpthread-2.17.s  00002AC5E2A0C5E0  Unknown               Unknown  Unknown
libmpi.so.12.0     00002AC5E19DE3AF  Unknown               Unknown  Unknown
libmpi.so.12.0     00002AC5E19DF0C5  Unknown               Unknown  Unknown
libmpi.so.12       00002AC5E19E2C2D  MPI_Barrier           Unknown  Unknown
libmpifort.so.12.  00002AC5E157872C  pmpi_barrier          Unknown  Unknown
pw.x               0000000000F59F97  bcast_real_                60  mp_base.f90
pw.x               0000000000F39848  mp_mp_mp_bcast_cm         660  mp.f90
pw.x               00000000008736EF  pcegterg_IP_refre        1420  cegterg.f90
pw.x               000000000086E63E  pcegterg_                1125  cegterg.f90
pw.x               0000000000687E53  diag_bands_IP_dia        1028  c_bands.f90
pw.x               000000000068663C  diag_bands_               322  c_bands.f90
pw.x               0000000000685075  c_bands_                  132  c_bands.f90
pw.x               000000000040DEAE  electrons_scf_            689  electrons.f90
pw.x               000000000040B14D  electrons_                192  electrons.f90
pw.x               00000000005888D2  run_pwscf_                189  run_pwscf.f90
pw.x               00000000004084B4  MAIN__                     85  pwscf.f90
pw.x               000000000040831E  Unknown               Unknown  Unknown
libc-2.17.so       00002AC5E32E0C05  __libc_start_main     Unknown  Unknown
pw.x               0000000000408229  Unknown               Unknown  Unknown
forrtl: error (78): process killed (SIGTERM)
Image              PC                Routine            Line        Source             
pw.x               00000000010225FA  Unknown               Unknown  Unknown
libpthread-2.17.s  00002B6D55EA15E0  Unknown               Unknown  Unknown
libmpi.so.12.0     00002B6D54E733AA  Unknown               Unknown  Unknown
libmpi.so.12.0     00002B6D54E740C5  Unknown               Unknown  Unknown
libmpi.so.12       00002B6D54E77C2D  MPI_Barrier           Unknown  Unknown
libmpifort.so.12.  00002B6D54A0D72C  pmpi_barrier          Unknown  Unknown
pw.x               0000000000F59F97  bcast_real_                60  mp_base.f90
pw.x               0000000000F39848  mp_mp_mp_bcast_cm         660  mp.f90
pw.x               00000000008736EF  pcegterg_IP_refre        1420  cegterg.f90
pw.x               000000000086E63E  pcegterg_                1125  cegterg.f90
pw.x               0000000000687E53  diag_bands_IP_dia        1028  c_bands.f90
pw.x               000000000068663C  diag_bands_               322  c_bands.f90
pw.x               0000000000685075  c_bands_                  132  c_bands.f90
pw.x               000000000040DEAE  electrons_scf_            689  electrons.f90
pw.x               000000000040B14D  electrons_                192  electrons.f90
pw.x               00000000005888D2  run_pwscf_                189  run_pwscf.f90
pw.x               00000000004084B4  MAIN__                     85  pwscf.f90
pw.x               000000000040831E  Unknown               Unknown  Unknown
libc-2.17.so       00002B6D56775C05  __libc_start_main     Unknown  Unknown
pw.x               0000000000408229  Unknown               Unknown  Unknown
forrtl: error (78): process killed (SIGTERM)
Image              PC                Routine            Line        Source             
pw.x               00000000010225FA  Unknown               Unknown  Unknown
libpthread-2.17.s  00002B0ABD0EB5E0  Unknown               Unknown  Unknown
libmpi.so.12.0     00002B0ABC0BD3AA  Unknown               Unknown  Unknown
libmpi.so.12.0     00002B0ABC0BE0C5  Unknown               Unknown  Unknown
libmpi.so.12       00002B0ABC0C1C2D  MPI_Barrier           Unknown  Unknown
libmpifort.so.12.  00002B0ABBC5772C  pmpi_barrier          Unknown  Unknown
pw.x               0000000000F59F97  bcast_real_                60  mp_base.f90
pw.x               0000000000F39848  mp_mp_mp_bcast_cm         660  mp.f90
pw.x               00000000008736EF  pcegterg_IP_refre        1420  cegterg.f90
pw.x               000000000086E63E  pcegterg_                1125  cegterg.f90
pw.x               0000000000687E53  diag_bands_IP_dia        1028  c_bands.f90
pw.x               000000000068663C  diag_bands_               322  c_bands.f90
pw.x               0000000000685075  c_bands_                  132  c_bands.f90
pw.x               000000000040DEAE  electrons_scf_            689  electrons.f90
pw.x               000000000040B14D  electrons_                192  electrons.f90
pw.x               00000000005888D2  run_pwscf_                189  run_pwscf.f90
pw.x               00000000004084B4  MAIN__                     85  pwscf.f90
pw.x               000000000040831E  Unknown               Unknown  Unknown
libc-2.17.so       00002B0ABD9BFC05  __libc_start_main     Unknown  Unknown
pw.x               0000000000408229  Unknown               Unknown  Unknown
forrtl: error (78): process killed (SIGTERM)
Image              PC                Routine            Line        Source             
pw.x               00000000010225FA  Unknown               Unknown  Unknown
libpthread-2.17.s  00002B7B214435E0  Unknown               Unknown  Unknown
libmpi.so.12.0     00002B7B204153AF  Unknown               Unknown  Unknown
libmpi.so.12.0     00002B7B204160C5  Unknown               Unknown  Unknown
libmpi.so.12       00002B7B20419C2D  MPI_Barrier           Unknown  Unknown
libmpifort.so.12.  00002B7B1FFAF72C  pmpi_barrier          Unknown  Unknown
pw.x               0000000000F59F97  bcast_real_                60  mp_base.f90
pw.x               0000000000F39848  mp_mp_mp_bcast_cm         660  mp.f90
pw.x               00000000008736EF  pcegterg_IP_refre        1420  cegterg.f90
pw.x               000000000086E63E  pcegterg_                1125  cegterg.f90
pw.x               0000000000687E53  diag_bands_IP_dia        1028  c_bands.f90
pw.x               000000000068663C  diag_bands_               322  c_bands.f90
pw.x               0000000000685075  c_bands_                  132  c_bands.f90
pw.x               000000000040DEAE  electrons_scf_            689  electrons.f90
pw.x               000000000040B14D  electrons_                192  electrons.f90
pw.x               00000000005888D2  run_pwscf_                189  run_pwscf.f90
pw.x               00000000004084B4  MAIN__                     85  pwscf.f90
pw.x               000000000040831E  Unknown               Unknown  Unknown
libc-2.17.so       00002B7B21D17C05  __libc_start_main     Unknown  Unknown
pw.x               0000000000408229  Unknown               Unknown  Unknown
