forrtl: error (78): process killed (SIGTERM)
Image              PC                Routine            Line        Source             
pw.x               00000000010225FA  Unknown               Unknown  Unknown
libpthread-2.17.s  00002AFCE68545E0  Unknown               Unknown  Unknown
pw.x               0000000000E7251E  fft_helper_subrou         499  fft_helper_subroutines.f90
pw.x               0000000000A304E0  fft_wave_mp_wave_         142  fft_wave.f90
pw.x               000000000082BE7A  vloc_psi_k_               259  vloc_psi.f90
pw.x               00000000007AC2F1  h_psi__                   221  h_psi.f90
pw.x               00000000007ABD66  h_psi_                     71  h_psi.f90
pw.x               000000000086D8F3  pcegterg_                 905  cegterg.f90
pw.x               0000000000687E53  diag_bands_IP_dia        1028  c_bands.f90
pw.x               000000000068663C  diag_bands_               322  c_bands.f90
pw.x               0000000000685075  c_bands_                  132  c_bands.f90
pw.x               000000000040DEAE  electrons_scf_            689  electrons.f90
pw.x               000000000040B14D  electrons_                192  electrons.f90
pw.x               00000000005888D2  run_pwscf_                189  run_pwscf.f90
pw.x               00000000004084B4  MAIN__                     85  pwscf.f90
pw.x               000000000040831E  Unknown               Unknown  Unknown
libc-2.17.so       00002AFCE7128C05  __libc_start_main     Unknown  Unknown
pw.x               0000000000408229  Unknown               Unknown  Unknown
forrtl: error (78): process killed (SIGTERM)
Image              PC                Routine            Line        Source             
pw.x               00000000010225FA  Unknown               Unknown  Unknown
libpthread-2.17.s  00002B1EAD7915E0  Unknown               Unknown  Unknown
libmpi.so.12       00002B1EAC79BF0D  PMPIDI_CH3I_Progr     Unknown  Unknown
libmpi.so.12.0     00002B1EAC93F243  Unknown               Unknown  Unknown
libmpi.so.12.0     00002B1EAC74EF46  Unknown               Unknown  Unknown
libmpi.so.12       00002B1EAC7510BF  MPI_Alltoall          Unknown  Unknown
libmpifort.so.12.  00002B1EAC2FC42E  mpi_alltoall__        Unknown  Unknown
pw.x               0000000000E3E3E6  fft_scatter_2d_mp         123  fft_scatter_2d.f90
pw.x               0000000000E55397  fft_parallel_2d_m         172  fft_parallel_2d.f90
pw.x               0000000000E40685  invfft_y_                  91  fft_fwinv.f90
pw.x               0000000000A30430  fft_wave_mp_wave_         152  fft_wave.f90
pw.x               000000000082BE7A  vloc_psi_k_               259  vloc_psi.f90
pw.x               00000000007AC2F1  h_psi__                   221  h_psi.f90
pw.x               00000000007ABD66  h_psi_                     71  h_psi.f90
pw.x               000000000086D8F3  pcegterg_                 905  cegterg.f90
pw.x               0000000000687E53  diag_bands_IP_dia        1028  c_bands.f90
pw.x               000000000068663C  diag_bands_               322  c_bands.f90
pw.x               0000000000685075  c_bands_                  132  c_bands.f90
pw.x               000000000040DEAE  electrons_scf_            689  electrons.f90
pw.x               000000000040B14D  electrons_                192  electrons.f90
pw.x               00000000005888D2  run_pwscf_                189  run_pwscf.f90
pw.x               00000000004084B4  MAIN__                     85  pwscf.f90
pw.x               000000000040831E  Unknown               Unknown  Unknown
libc-2.17.so       00002B1EAE065C05  __libc_start_main     Unknown  Unknown
pw.x               0000000000408229  Unknown               Unknown  Unknown
forrtl: error (78): process killed (SIGTERM)
Image              PC                Routine            Line        Source             
pw.x               00000000010225FA  Unknown               Unknown  Unknown
libpthread-2.17.s  00002B42B98F85E0  Unknown               Unknown  Unknown
libmpi.so.12       00002B42B8902EB8  PMPIDI_CH3I_Progr     Unknown  Unknown
libmpi.so.12.0     00002B42B8AA6243  Unknown               Unknown  Unknown
libmpi.so.12.0     00002B42B88B5F46  Unknown               Unknown  Unknown
libmpi.so.12       00002B42B88B80BF  MPI_Alltoall          Unknown  Unknown
libmpifort.so.12.  00002B42B846342E  mpi_alltoall__        Unknown  Unknown
pw.x               0000000000E3E3E6  fft_scatter_2d_mp         123  fft_scatter_2d.f90
pw.x               0000000000E55397  fft_parallel_2d_m         172  fft_parallel_2d.f90
pw.x               0000000000E40685  invfft_y_                  91  fft_fwinv.f90
pw.x               0000000000A30430  fft_wave_mp_wave_         152  fft_wave.f90
pw.x               000000000082BE7A  vloc_psi_k_               259  vloc_psi.f90
pw.x               00000000007AC2F1  h_psi__                   221  h_psi.f90
pw.x               00000000007ABD66  h_psi_                     71  h_psi.f90
pw.x               000000000086D8F3  pcegterg_                 905  cegterg.f90
pw.x               0000000000687E53  diag_bands_IP_dia        1028  c_bands.f90
pw.x               000000000068663C  diag_bands_               322  c_bands.f90
pw.x               0000000000685075  c_bands_                  132  c_bands.f90
pw.x               000000000040DEAE  electrons_scf_            689  electrons.f90
pw.x               000000000040B14D  electrons_                192  electrons.f90
pw.x               00000000005888D2  run_pwscf_                189  run_pwscf.f90
pw.x               00000000004084B4  MAIN__                     85  pwscf.f90
pw.x               000000000040831E  Unknown               Unknown  Unknown
libc-2.17.so       00002B42BA1CCC05  __libc_start_main     Unknown  Unknown
pw.x               0000000000408229  Unknown               Unknown  Unknown
forrtl: error (78): process killed (SIGTERM)
Image              PC                Routine            Line        Source             
pw.x               00000000010225FA  Unknown               Unknown  Unknown
libpthread-2.17.s  00002B1FF4BCD5E0  Unknown               Unknown  Unknown
libmpi.so.12       00002B1FF3BD7EB8  PMPIDI_CH3I_Progr     Unknown  Unknown
libmpi.so.12.0     00002B1FF3D7B243  Unknown               Unknown  Unknown
libmpi.so.12.0     00002B1FF3B8AF46  Unknown               Unknown  Unknown
libmpi.so.12       00002B1FF3B8D0BF  MPI_Alltoall          Unknown  Unknown
libmpifort.so.12.  00002B1FF373842E  mpi_alltoall__        Unknown  Unknown
pw.x               0000000000E3E3E6  fft_scatter_2d_mp         123  fft_scatter_2d.f90
pw.x               0000000000E55397  fft_parallel_2d_m         172  fft_parallel_2d.f90
pw.x               0000000000E40685  invfft_y_                  91  fft_fwinv.f90
pw.x               0000000000A30430  fft_wave_mp_wave_         152  fft_wave.f90
pw.x               000000000082BE7A  vloc_psi_k_               259  vloc_psi.f90
pw.x               00000000007AC2F1  h_psi__                   221  h_psi.f90
pw.x               00000000007ABD66  h_psi_                     71  h_psi.f90
pw.x               000000000086D8F3  pcegterg_                 905  cegterg.f90
pw.x               0000000000687E53  diag_bands_IP_dia        1028  c_bands.f90
pw.x               000000000068663C  diag_bands_               322  c_bands.f90
pw.x               0000000000685075  c_bands_                  132  c_bands.f90
pw.x               000000000040DEAE  electrons_scf_            689  electrons.f90
pw.x               000000000040B14D  electrons_                192  electrons.f90
pw.x               00000000005888D2  run_pwscf_                189  run_pwscf.f90
pw.x               00000000004084B4  MAIN__                     85  pwscf.f90
pw.x               000000000040831E  Unknown               Unknown  Unknown
libc-2.17.so       00002B1FF54A1C05  __libc_start_main     Unknown  Unknown
pw.x               0000000000408229  Unknown               Unknown  Unknown
forrtl: error (78): process killed (SIGTERM)
Image              PC                Routine            Line        Source             
pw.x               00000000010225FA  Unknown               Unknown  Unknown
libpthread-2.17.s  00002AB14DB675E0  Unknown               Unknown  Unknown
libmpi.so.12       00002AB14CB71EB8  PMPIDI_CH3I_Progr     Unknown  Unknown
libmpi.so.12.0     00002AB14CD15243  Unknown               Unknown  Unknown
libmpi.so.12.0     00002AB14CB24F46  Unknown               Unknown  Unknown
libmpi.so.12       00002AB14CB270BF  MPI_Alltoall          Unknown  Unknown
libmpifort.so.12.  00002AB14C6D242E  mpi_alltoall__        Unknown  Unknown
pw.x               0000000000E3E3E6  fft_scatter_2d_mp         123  fft_scatter_2d.f90
pw.x               0000000000E55397  fft_parallel_2d_m         172  fft_parallel_2d.f90
pw.x               0000000000E40685  invfft_y_                  91  fft_fwinv.f90
pw.x               0000000000A30430  fft_wave_mp_wave_         152  fft_wave.f90
pw.x               000000000082BE7A  vloc_psi_k_               259  vloc_psi.f90
pw.x               00000000007AC2F1  h_psi__                   221  h_psi.f90
pw.x               00000000007ABD66  h_psi_                     71  h_psi.f90
pw.x               000000000086D8F3  pcegterg_                 905  cegterg.f90
pw.x               0000000000687E53  diag_bands_IP_dia        1028  c_bands.f90
pw.x               000000000068663C  diag_bands_               322  c_bands.f90
pw.x               0000000000685075  c_bands_                  132  c_bands.f90
pw.x               000000000040DEAE  electrons_scf_            689  electrons.f90
pw.x               000000000040B14D  electrons_                192  electrons.f90
pw.x               00000000005888D2  run_pwscf_                189  run_pwscf.f90
pw.x               00000000004084B4  MAIN__                     85  pwscf.f90
pw.x               000000000040831E  Unknown               Unknown  Unknown
libc-2.17.so       00002AB14E43BC05  __libc_start_main     Unknown  Unknown
pw.x               0000000000408229  Unknown               Unknown  Unknown
forrtl: error (78): process killed (SIGTERM)
Image              PC                Routine            Line        Source             
pw.x               00000000010225FA  Unknown               Unknown  Unknown
libpthread-2.17.s  00002ABEBA43C5E0  Unknown               Unknown  Unknown
libmpi.so.12       00002ABEB9446EB8  PMPIDI_CH3I_Progr     Unknown  Unknown
libmpi.so.12.0     00002ABEB95EA243  Unknown               Unknown  Unknown
libmpi.so.12.0     00002ABEB93F9F46  Unknown               Unknown  Unknown
libmpi.so.12       00002ABEB93FC0BF  MPI_Alltoall          Unknown  Unknown
libmpifort.so.12.  00002ABEB8FA742E  mpi_alltoall__        Unknown  Unknown
pw.x               0000000000E3E3E6  fft_scatter_2d_mp         123  fft_scatter_2d.f90
pw.x               0000000000E55397  fft_parallel_2d_m         172  fft_parallel_2d.f90
pw.x               0000000000E40685  invfft_y_                  91  fft_fwinv.f90
pw.x               0000000000A30430  fft_wave_mp_wave_         152  fft_wave.f90
pw.x               000000000082BE7A  vloc_psi_k_               259  vloc_psi.f90
pw.x               00000000007AC2F1  h_psi__                   221  h_psi.f90
pw.x               00000000007ABD66  h_psi_                     71  h_psi.f90
pw.x               000000000086D8F3  pcegterg_                 905  cegterg.f90
pw.x               0000000000687E53  diag_bands_IP_dia        1028  c_bands.f90
pw.x               000000000068663C  diag_bands_               322  c_bands.f90
pw.x               0000000000685075  c_bands_                  132  c_bands.f90
pw.x               000000000040DEAE  electrons_scf_            689  electrons.f90
pw.x               000000000040B14D  electrons_                192  electrons.f90
pw.x               00000000005888D2  run_pwscf_                189  run_pwscf.f90
pw.x               00000000004084B4  MAIN__                     85  pwscf.f90
pw.x               000000000040831E  Unknown               Unknown  Unknown
libc-2.17.so       00002ABEBAD10C05  __libc_start_main     Unknown  Unknown
pw.x               0000000000408229  Unknown               Unknown  Unknown
forrtl: error (78): process killed (SIGTERM)
Image              PC                Routine            Line        Source             
pw.x               00000000010225FA  Unknown               Unknown  Unknown
libpthread-2.17.s  00002AEFFAF3D5E0  Unknown               Unknown  Unknown
libmpi.so.12       00002AEFF9F47EB8  PMPIDI_CH3I_Progr     Unknown  Unknown
libmpi.so.12.0     00002AEFFA0EB243  Unknown               Unknown  Unknown
libmpi.so.12.0     00002AEFF9EFAF46  Unknown               Unknown  Unknown
libmpi.so.12       00002AEFF9EFD0BF  MPI_Alltoall          Unknown  Unknown
libmpifort.so.12.  00002AEFF9AA842E  mpi_alltoall__        Unknown  Unknown
pw.x               0000000000E3E3E6  fft_scatter_2d_mp         123  fft_scatter_2d.f90
pw.x               0000000000E55397  fft_parallel_2d_m         172  fft_parallel_2d.f90
pw.x               0000000000E40685  invfft_y_                  91  fft_fwinv.f90
pw.x               0000000000A30430  fft_wave_mp_wave_         152  fft_wave.f90
pw.x               000000000082BE7A  vloc_psi_k_               259  vloc_psi.f90
pw.x               00000000007AC2F1  h_psi__                   221  h_psi.f90
pw.x               00000000007ABD66  h_psi_                     71  h_psi.f90
pw.x               000000000086D8F3  pcegterg_                 905  cegterg.f90
pw.x               0000000000687E53  diag_bands_IP_dia        1028  c_bands.f90
pw.x               000000000068663C  diag_bands_               322  c_bands.f90
pw.x               0000000000685075  c_bands_                  132  c_bands.f90
pw.x               000000000040DEAE  electrons_scf_            689  electrons.f90
pw.x               000000000040B14D  electrons_                192  electrons.f90
pw.x               00000000005888D2  run_pwscf_                189  run_pwscf.f90
pw.x               00000000004084B4  MAIN__                     85  pwscf.f90
pw.x               000000000040831E  Unknown               Unknown  Unknown
libc-2.17.so       00002AEFFB811C05  __libc_start_main     Unknown  Unknown
pw.x               0000000000408229  Unknown               Unknown  Unknown
forrtl: error (78): process killed (SIGTERM)
Image              PC                Routine            Line        Source             
pw.x               00000000010225FA  Unknown               Unknown  Unknown
libpthread-2.17.s  00002AD7952635E0  Unknown               Unknown  Unknown
libmpi.so.12       00002AD79426DF0F  PMPIDI_CH3I_Progr     Unknown  Unknown
libmpi.so.12.0     00002AD794411243  Unknown               Unknown  Unknown
libmpi.so.12.0     00002AD794220F46  Unknown               Unknown  Unknown
libmpi.so.12       00002AD7942230BF  MPI_Alltoall          Unknown  Unknown
libmpifort.so.12.  00002AD793DCE42E  mpi_alltoall__        Unknown  Unknown
pw.x               0000000000E3E3E6  fft_scatter_2d_mp         123  fft_scatter_2d.f90
pw.x               0000000000E55397  fft_parallel_2d_m         172  fft_parallel_2d.f90
pw.x               0000000000E40685  invfft_y_                  91  fft_fwinv.f90
pw.x               0000000000A30430  fft_wave_mp_wave_         152  fft_wave.f90
pw.x               000000000082BE7A  vloc_psi_k_               259  vloc_psi.f90
pw.x               00000000007AC2F1  h_psi__                   221  h_psi.f90
pw.x               00000000007ABD66  h_psi_                     71  h_psi.f90
pw.x               000000000086D8F3  pcegterg_                 905  cegterg.f90
pw.x               0000000000687E53  diag_bands_IP_dia        1028  c_bands.f90
pw.x               000000000068663C  diag_bands_               322  c_bands.f90
pw.x               0000000000685075  c_bands_                  132  c_bands.f90
pw.x               000000000040DEAE  electrons_scf_            689  electrons.f90
pw.x               000000000040B14D  electrons_                192  electrons.f90
pw.x               00000000005888D2  run_pwscf_                189  run_pwscf.f90
pw.x               00000000004084B4  MAIN__                     85  pwscf.f90
pw.x               000000000040831E  Unknown               Unknown  Unknown
libc-2.17.so       00002AD795B37C05  __libc_start_main     Unknown  Unknown
pw.x               0000000000408229  Unknown               Unknown  Unknown
forrtl: error (78): process killed (SIGTERM)
Image              PC                Routine            Line        Source             
pw.x               00000000010225FA  Unknown               Unknown  Unknown
libpthread-2.17.s  00002B6B6F8305E0  Unknown               Unknown  Unknown
libmpi.so.12       00002B6B6E83AEB8  PMPIDI_CH3I_Progr     Unknown  Unknown
libmpi.so.12.0     00002B6B6E9DE243  Unknown               Unknown  Unknown
libmpi.so.12.0     00002B6B6E7EDF46  Unknown               Unknown  Unknown
libmpi.so.12       00002B6B6E7F00BF  MPI_Alltoall          Unknown  Unknown
libmpifort.so.12.  00002B6B6E39B42E  mpi_alltoall__        Unknown  Unknown
pw.x               0000000000E3E3E6  fft_scatter_2d_mp         123  fft_scatter_2d.f90
pw.x               0000000000E55397  fft_parallel_2d_m         172  fft_parallel_2d.f90
pw.x               0000000000E40685  invfft_y_                  91  fft_fwinv.f90
pw.x               0000000000A30430  fft_wave_mp_wave_         152  fft_wave.f90
pw.x               000000000082BE7A  vloc_psi_k_               259  vloc_psi.f90
pw.x               00000000007AC2F1  h_psi__                   221  h_psi.f90
pw.x               00000000007ABD66  h_psi_                     71  h_psi.f90
pw.x               000000000086D8F3  pcegterg_                 905  cegterg.f90
pw.x               0000000000687E53  diag_bands_IP_dia        1028  c_bands.f90
pw.x               000000000068663C  diag_bands_               322  c_bands.f90
pw.x               0000000000685075  c_bands_                  132  c_bands.f90
pw.x               000000000040DEAE  electrons_scf_            689  electrons.f90
pw.x               000000000040B14D  electrons_                192  electrons.f90
pw.x               00000000005888D2  run_pwscf_                189  run_pwscf.f90
pw.x               00000000004084B4  MAIN__                     85  pwscf.f90
pw.x               000000000040831E  Unknown               Unknown  Unknown
libc-2.17.so       00002B6B70104C05  __libc_start_main     Unknown  Unknown
pw.x               0000000000408229  Unknown               Unknown  Unknown
forrtl: error (78): process killed (SIGTERM)
Image              PC                Routine            Line        Source             
pw.x               00000000010225FA  Unknown               Unknown  Unknown
libpthread-2.17.s  00002AD3CBB0E5E0  Unknown               Unknown  Unknown
libmpi.so.12       00002AD3CAB18EB8  PMPIDI_CH3I_Progr     Unknown  Unknown
libmpi.so.12.0     00002AD3CACBC243  Unknown               Unknown  Unknown
libmpi.so.12.0     00002AD3CAACBF46  Unknown               Unknown  Unknown
libmpi.so.12       00002AD3CAACE0BF  MPI_Alltoall          Unknown  Unknown
libmpifort.so.12.  00002AD3CA67942E  mpi_alltoall__        Unknown  Unknown
pw.x               0000000000E3E3E6  fft_scatter_2d_mp         123  fft_scatter_2d.f90
pw.x               0000000000E55397  fft_parallel_2d_m         172  fft_parallel_2d.f90
pw.x               0000000000E40685  invfft_y_                  91  fft_fwinv.f90
pw.x               0000000000A30430  fft_wave_mp_wave_         152  fft_wave.f90
pw.x               000000000082BE7A  vloc_psi_k_               259  vloc_psi.f90
pw.x               00000000007AC2F1  h_psi__                   221  h_psi.f90
pw.x               00000000007ABD66  h_psi_                     71  h_psi.f90
pw.x               000000000086D8F3  pcegterg_                 905  cegterg.f90
pw.x               0000000000687E53  diag_bands_IP_dia        1028  c_bands.f90
pw.x               000000000068663C  diag_bands_               322  c_bands.f90
pw.x               0000000000685075  c_bands_                  132  c_bands.f90
pw.x               000000000040DEAE  electrons_scf_            689  electrons.f90
pw.x               000000000040B14D  electrons_                192  electrons.f90
pw.x               00000000005888D2  run_pwscf_                189  run_pwscf.f90
pw.x               00000000004084B4  MAIN__                     85  pwscf.f90
pw.x               000000000040831E  Unknown               Unknown  Unknown
libc-2.17.so       00002AD3CC3E2C05  __libc_start_main     Unknown  Unknown
pw.x               0000000000408229  Unknown               Unknown  Unknown
forrtl: error (78): process killed (SIGTERM)
Image              PC                Routine            Line        Source             
pw.x               00000000010225FA  Unknown               Unknown  Unknown
libpthread-2.17.s  00002B3BD94965E0  Unknown               Unknown  Unknown
libmpi.so.12       00002B3BD84A0EBF  PMPIDI_CH3I_Progr     Unknown  Unknown
libmpi.so.12.0     00002B3BD8644243  Unknown               Unknown  Unknown
libmpi.so.12.0     00002B3BD8453F46  Unknown               Unknown  Unknown
libmpi.so.12       00002B3BD84560BF  MPI_Alltoall          Unknown  Unknown
libmpifort.so.12.  00002B3BD800142E  mpi_alltoall__        Unknown  Unknown
pw.x               0000000000E3E3E6  fft_scatter_2d_mp         123  fft_scatter_2d.f90
pw.x               0000000000E55397  fft_parallel_2d_m         172  fft_parallel_2d.f90
pw.x               0000000000E40685  invfft_y_                  91  fft_fwinv.f90
pw.x               0000000000A30430  fft_wave_mp_wave_         152  fft_wave.f90
pw.x               000000000082BE7A  vloc_psi_k_               259  vloc_psi.f90
pw.x               00000000007AC2F1  h_psi__                   221  h_psi.f90
pw.x               00000000007ABD66  h_psi_                     71  h_psi.f90
pw.x               000000000086D8F3  pcegterg_                 905  cegterg.f90
pw.x               0000000000687E53  diag_bands_IP_dia        1028  c_bands.f90
pw.x               000000000068663C  diag_bands_               322  c_bands.f90
pw.x               0000000000685075  c_bands_                  132  c_bands.f90
pw.x               000000000040DEAE  electrons_scf_            689  electrons.f90
pw.x               000000000040B14D  electrons_                192  electrons.f90
pw.x               00000000005888D2  run_pwscf_                189  run_pwscf.f90
pw.x               00000000004084B4  MAIN__                     85  pwscf.f90
pw.x               000000000040831E  Unknown               Unknown  Unknown
libc-2.17.so       00002B3BD9D6AC05  __libc_start_main     Unknown  Unknown
pw.x               0000000000408229  Unknown               Unknown  Unknown
forrtl: error (78): process killed (SIGTERM)
Image              PC                Routine            Line        Source             
pw.x               00000000010225FA  Unknown               Unknown  Unknown
libpthread-2.17.s  00002B540682E5E0  Unknown               Unknown  Unknown
libmpi.so.12       00002B5405838EB8  PMPIDI_CH3I_Progr     Unknown  Unknown
libmpi.so.12.0     00002B54059DC243  Unknown               Unknown  Unknown
libmpi.so.12.0     00002B54057EBF46  Unknown               Unknown  Unknown
libmpi.so.12       00002B54057EE0BF  MPI_Alltoall          Unknown  Unknown
libmpifort.so.12.  00002B540539942E  mpi_alltoall__        Unknown  Unknown
pw.x               0000000000E3E3E6  fft_scatter_2d_mp         123  fft_scatter_2d.f90
pw.x               0000000000E55397  fft_parallel_2d_m         172  fft_parallel_2d.f90
pw.x               0000000000E40685  invfft_y_                  91  fft_fwinv.f90
pw.x               0000000000A30430  fft_wave_mp_wave_         152  fft_wave.f90
pw.x               000000000082BE7A  vloc_psi_k_               259  vloc_psi.f90
pw.x               00000000007AC2F1  h_psi__                   221  h_psi.f90
pw.x               00000000007ABD66  h_psi_                     71  h_psi.f90
pw.x               000000000086D8F3  pcegterg_                 905  cegterg.f90
pw.x               0000000000687E53  diag_bands_IP_dia        1028  c_bands.f90
pw.x               000000000068663C  diag_bands_               322  c_bands.f90
pw.x               0000000000685075  c_bands_                  132  c_bands.f90
pw.x               000000000040DEAE  electrons_scf_            689  electrons.f90
pw.x               000000000040B14D  electrons_                192  electrons.f90
pw.x               00000000005888D2  run_pwscf_                189  run_pwscf.f90
pw.x               00000000004084B4  MAIN__                     85  pwscf.f90
pw.x               000000000040831E  Unknown               Unknown  Unknown
libc-2.17.so       00002B5407102C05  __libc_start_main     Unknown  Unknown
pw.x               0000000000408229  Unknown               Unknown  Unknown
forrtl: error (78): process killed (SIGTERM)
Image              PC                Routine            Line        Source             
pw.x               00000000010225FA  Unknown               Unknown  Unknown
libpthread-2.17.s  00002B2CFA1585E0  Unknown               Unknown  Unknown
libmpi.so.12       00002B2CF9162EB8  PMPIDI_CH3I_Progr     Unknown  Unknown
libmpi.so.12.0     00002B2CF9306243  Unknown               Unknown  Unknown
libmpi.so.12.0     00002B2CF9115F46  Unknown               Unknown  Unknown
libmpi.so.12       00002B2CF91180BF  MPI_Alltoall          Unknown  Unknown
libmpifort.so.12.  00002B2CF8CC342E  mpi_alltoall__        Unknown  Unknown
pw.x               0000000000E3E3E6  fft_scatter_2d_mp         123  fft_scatter_2d.f90
pw.x               0000000000E55397  fft_parallel_2d_m         172  fft_parallel_2d.f90
pw.x               0000000000E40685  invfft_y_                  91  fft_fwinv.f90
pw.x               0000000000A30430  fft_wave_mp_wave_         152  fft_wave.f90
pw.x               000000000082BE7A  vloc_psi_k_               259  vloc_psi.f90
pw.x               00000000007AC2F1  h_psi__                   221  h_psi.f90
pw.x               00000000007ABD66  h_psi_                     71  h_psi.f90
pw.x               000000000086D8F3  pcegterg_                 905  cegterg.f90
pw.x               0000000000687E53  diag_bands_IP_dia        1028  c_bands.f90
pw.x               000000000068663C  diag_bands_               322  c_bands.f90
pw.x               0000000000685075  c_bands_                  132  c_bands.f90
pw.x               000000000040DEAE  electrons_scf_            689  electrons.f90
pw.x               000000000040B14D  electrons_                192  electrons.f90
pw.x               00000000005888D2  run_pwscf_                189  run_pwscf.f90
pw.x               00000000004084B4  MAIN__                     85  pwscf.f90
pw.x               000000000040831E  Unknown               Unknown  Unknown
libc-2.17.so       00002B2CFAA2CC05  __libc_start_main     Unknown  Unknown
pw.x               0000000000408229  Unknown               Unknown  Unknown
forrtl: error (78): process killed (SIGTERM)
Image              PC                Routine            Line        Source             
pw.x               00000000010225FA  Unknown               Unknown  Unknown
libpthread-2.17.s  00002BA84C06A5E0  Unknown               Unknown  Unknown
libmpi.so.12       00002BA84B074EB8  PMPIDI_CH3I_Progr     Unknown  Unknown
libmpi.so.12.0     00002BA84B218243  Unknown               Unknown  Unknown
libmpi.so.12.0     00002BA84B027F46  Unknown               Unknown  Unknown
libmpi.so.12       00002BA84B02A0BF  MPI_Alltoall          Unknown  Unknown
libmpifort.so.12.  00002BA84ABD542E  mpi_alltoall__        Unknown  Unknown
pw.x               0000000000E3E3E6  fft_scatter_2d_mp         123  fft_scatter_2d.f90
pw.x               0000000000E55397  fft_parallel_2d_m         172  fft_parallel_2d.f90
pw.x               0000000000E40685  invfft_y_                  91  fft_fwinv.f90
pw.x               0000000000A30430  fft_wave_mp_wave_         152  fft_wave.f90
pw.x               000000000082BE7A  vloc_psi_k_               259  vloc_psi.f90
pw.x               00000000007AC2F1  h_psi__                   221  h_psi.f90
pw.x               00000000007ABD66  h_psi_                     71  h_psi.f90
pw.x               000000000086D8F3  pcegterg_                 905  cegterg.f90
pw.x               0000000000687E53  diag_bands_IP_dia        1028  c_bands.f90
pw.x               000000000068663C  diag_bands_               322  c_bands.f90
pw.x               0000000000685075  c_bands_                  132  c_bands.f90
pw.x               000000000040DEAE  electrons_scf_            689  electrons.f90
pw.x               000000000040B14D  electrons_                192  electrons.f90
pw.x               00000000005888D2  run_pwscf_                189  run_pwscf.f90
pw.x               00000000004084B4  MAIN__                     85  pwscf.f90
pw.x               000000000040831E  Unknown               Unknown  Unknown
libc-2.17.so       00002BA84C93EC05  __libc_start_main     Unknown  Unknown
pw.x               0000000000408229  Unknown               Unknown  Unknown
forrtl: error (78): process killed (SIGTERM)
Image              PC                Routine            Line        Source             
pw.x               00000000010225FA  Unknown               Unknown  Unknown
libpthread-2.17.s  00002AAD2E4BB5E0  Unknown               Unknown  Unknown
libmpi.so.12       00002AAD2D4C5EB8  PMPIDI_CH3I_Progr     Unknown  Unknown
libmpi.so.12.0     00002AAD2D669243  Unknown               Unknown  Unknown
libmpi.so.12.0     00002AAD2D478F46  Unknown               Unknown  Unknown
libmpi.so.12       00002AAD2D47B0BF  MPI_Alltoall          Unknown  Unknown
libmpifort.so.12.  00002AAD2D02642E  mpi_alltoall__        Unknown  Unknown
pw.x               0000000000E3E3E6  fft_scatter_2d_mp         123  fft_scatter_2d.f90
pw.x               0000000000E55397  fft_parallel_2d_m         172  fft_parallel_2d.f90
pw.x               0000000000E40685  invfft_y_                  91  fft_fwinv.f90
pw.x               0000000000A30430  fft_wave_mp_wave_         152  fft_wave.f90
pw.x               000000000082BE7A  vloc_psi_k_               259  vloc_psi.f90
pw.x               00000000007AC2F1  h_psi__                   221  h_psi.f90
pw.x               00000000007ABD66  h_psi_                     71  h_psi.f90
pw.x               000000000086D8F3  pcegterg_                 905  cegterg.f90
pw.x               0000000000687E53  diag_bands_IP_dia        1028  c_bands.f90
pw.x               000000000068663C  diag_bands_               322  c_bands.f90
pw.x               0000000000685075  c_bands_                  132  c_bands.f90
pw.x               000000000040DEAE  electrons_scf_            689  electrons.f90
pw.x               000000000040B14D  electrons_                192  electrons.f90
pw.x               00000000005888D2  run_pwscf_                189  run_pwscf.f90
pw.x               00000000004084B4  MAIN__                     85  pwscf.f90
pw.x               000000000040831E  Unknown               Unknown  Unknown
libc-2.17.so       00002AAD2ED8FC05  __libc_start_main     Unknown  Unknown
pw.x               0000000000408229  Unknown               Unknown  Unknown
forrtl: error (78): process killed (SIGTERM)
Image              PC                Routine            Line        Source             
pw.x               00000000010225FA  Unknown               Unknown  Unknown
libpthread-2.17.s  00002AE8E39B25E0  Unknown               Unknown  Unknown
libmpi.so.12       00002AE8E29BCEB8  PMPIDI_CH3I_Progr     Unknown  Unknown
libmpi.so.12.0     00002AE8E2B60243  Unknown               Unknown  Unknown
libmpi.so.12.0     00002AE8E296FF46  Unknown               Unknown  Unknown
libmpi.so.12       00002AE8E29720BF  MPI_Alltoall          Unknown  Unknown
libmpifort.so.12.  00002AE8E251D42E  mpi_alltoall__        Unknown  Unknown
pw.x               0000000000E3E3E6  fft_scatter_2d_mp         123  fft_scatter_2d.f90
pw.x               0000000000E55397  fft_parallel_2d_m         172  fft_parallel_2d.f90
pw.x               0000000000E40685  invfft_y_                  91  fft_fwinv.f90
pw.x               0000000000A30430  fft_wave_mp_wave_         152  fft_wave.f90
pw.x               000000000082BE7A  vloc_psi_k_               259  vloc_psi.f90
pw.x               00000000007AC2F1  h_psi__                   221  h_psi.f90
pw.x               00000000007ABD66  h_psi_                     71  h_psi.f90
pw.x               000000000086D8F3  pcegterg_                 905  cegterg.f90
pw.x               0000000000687E53  diag_bands_IP_dia        1028  c_bands.f90
pw.x               000000000068663C  diag_bands_               322  c_bands.f90
pw.x               0000000000685075  c_bands_                  132  c_bands.f90
pw.x               000000000040DEAE  electrons_scf_            689  electrons.f90
pw.x               000000000040B14D  electrons_                192  electrons.f90
pw.x               00000000005888D2  run_pwscf_                189  run_pwscf.f90
pw.x               00000000004084B4  MAIN__                     85  pwscf.f90
pw.x               000000000040831E  Unknown               Unknown  Unknown
libc-2.17.so       00002AE8E4286C05  __libc_start_main     Unknown  Unknown
pw.x               0000000000408229  Unknown               Unknown  Unknown
forrtl: error (78): process killed (SIGTERM)
Image              PC                Routine            Line        Source             
pw.x               00000000010225FA  Unknown               Unknown  Unknown
libpthread-2.17.s  00002B13638DF5E0  Unknown               Unknown  Unknown
libmpi.so.12       00002B13628E9EB8  PMPIDI_CH3I_Progr     Unknown  Unknown
libmpi.so.12.0     00002B1362A8D243  Unknown               Unknown  Unknown
libmpi.so.12.0     00002B136289CF46  Unknown               Unknown  Unknown
libmpi.so.12       00002B136289F0BF  MPI_Alltoall          Unknown  Unknown
libmpifort.so.12.  00002B136244A42E  mpi_alltoall__        Unknown  Unknown
pw.x               0000000000E3E3E6  fft_scatter_2d_mp         123  fft_scatter_2d.f90
pw.x               0000000000E55397  fft_parallel_2d_m         172  fft_parallel_2d.f90
pw.x               0000000000E40685  invfft_y_                  91  fft_fwinv.f90
pw.x               0000000000A30430  fft_wave_mp_wave_         152  fft_wave.f90
pw.x               000000000082BE7A  vloc_psi_k_               259  vloc_psi.f90
pw.x               00000000007AC2F1  h_psi__                   221  h_psi.f90
pw.x               00000000007ABD66  h_psi_                     71  h_psi.f90
pw.x               000000000086D8F3  pcegterg_                 905  cegterg.f90
pw.x               0000000000687E53  diag_bands_IP_dia        1028  c_bands.f90
pw.x               000000000068663C  diag_bands_               322  c_bands.f90
pw.x               0000000000685075  c_bands_                  132  c_bands.f90
pw.x               000000000040DEAE  electrons_scf_            689  electrons.f90
pw.x               000000000040B14D  electrons_                192  electrons.f90
pw.x               00000000005888D2  run_pwscf_                189  run_pwscf.f90
pw.x               00000000004084B4  MAIN__                     85  pwscf.f90
pw.x               000000000040831E  Unknown               Unknown  Unknown
libc-2.17.so       00002B13641B3C05  __libc_start_main     Unknown  Unknown
pw.x               0000000000408229  Unknown               Unknown  Unknown
forrtl: error (78): process killed (SIGTERM)
Image              PC                Routine            Line        Source             
pw.x               00000000010225FA  Unknown               Unknown  Unknown
libpthread-2.17.s  00002B77089AE5E0  Unknown               Unknown  Unknown
libmpi.so.12       00002B77079B8EB8  PMPIDI_CH3I_Progr     Unknown  Unknown
libmpi.so.12.0     00002B7707B5C243  Unknown               Unknown  Unknown
libmpi.so.12.0     00002B770796BF46  Unknown               Unknown  Unknown
libmpi.so.12       00002B770796E0BF  MPI_Alltoall          Unknown  Unknown
libmpifort.so.12.  00002B770751942E  mpi_alltoall__        Unknown  Unknown
pw.x               0000000000E3E3E6  fft_scatter_2d_mp         123  fft_scatter_2d.f90
pw.x               0000000000E55397  fft_parallel_2d_m         172  fft_parallel_2d.f90
pw.x               0000000000E40685  invfft_y_                  91  fft_fwinv.f90
pw.x               0000000000A30430  fft_wave_mp_wave_         152  fft_wave.f90
pw.x               000000000082BE7A  vloc_psi_k_               259  vloc_psi.f90
pw.x               00000000007AC2F1  h_psi__                   221  h_psi.f90
pw.x               00000000007ABD66  h_psi_                     71  h_psi.f90
pw.x               000000000086D8F3  pcegterg_                 905  cegterg.f90
pw.x               0000000000687E53  diag_bands_IP_dia        1028  c_bands.f90
pw.x               000000000068663C  diag_bands_               322  c_bands.f90
pw.x               0000000000685075  c_bands_                  132  c_bands.f90
pw.x               000000000040DEAE  electrons_scf_            689  electrons.f90
pw.x               000000000040B14D  electrons_                192  electrons.f90
pw.x               00000000005888D2  run_pwscf_                189  run_pwscf.f90
pw.x               00000000004084B4  MAIN__                     85  pwscf.f90
pw.x               000000000040831E  Unknown               Unknown  Unknown
libc-2.17.so       00002B7709282C05  __libc_start_main     Unknown  Unknown
pw.x               0000000000408229  Unknown               Unknown  Unknown
forrtl: error (78): process killed (SIGTERM)
Image              PC                Routine            Line        Source             
pw.x               00000000010225FA  Unknown               Unknown  Unknown
libpthread-2.17.s  00002B80BDC3F5E0  Unknown               Unknown  Unknown
libmpi.so.12       00002B80BCC49EB8  PMPIDI_CH3I_Progr     Unknown  Unknown
libmpi.so.12.0     00002B80BCDED243  Unknown               Unknown  Unknown
libmpi.so.12.0     00002B80BCBFCF46  Unknown               Unknown  Unknown
libmpi.so.12       00002B80BCBFF0BF  MPI_Alltoall          Unknown  Unknown
libmpifort.so.12.  00002B80BC7AA42E  mpi_alltoall__        Unknown  Unknown
pw.x               0000000000E3E3E6  fft_scatter_2d_mp         123  fft_scatter_2d.f90
pw.x               0000000000E55397  fft_parallel_2d_m         172  fft_parallel_2d.f90
pw.x               0000000000E40685  invfft_y_                  91  fft_fwinv.f90
pw.x               0000000000A30430  fft_wave_mp_wave_         152  fft_wave.f90
pw.x               000000000082BE7A  vloc_psi_k_               259  vloc_psi.f90
pw.x               00000000007AC2F1  h_psi__                   221  h_psi.f90
pw.x               00000000007ABD66  h_psi_                     71  h_psi.f90
pw.x               000000000086D8F3  pcegterg_                 905  cegterg.f90
pw.x               0000000000687E53  diag_bands_IP_dia        1028  c_bands.f90
pw.x               000000000068663C  diag_bands_               322  c_bands.f90
pw.x               0000000000685075  c_bands_                  132  c_bands.f90
pw.x               000000000040DEAE  electrons_scf_            689  electrons.f90
pw.x               000000000040B14D  electrons_                192  electrons.f90
pw.x               00000000005888D2  run_pwscf_                189  run_pwscf.f90
pw.x               00000000004084B4  MAIN__                     85  pwscf.f90
pw.x               000000000040831E  Unknown               Unknown  Unknown
libc-2.17.so       00002B80BE513C05  __libc_start_main     Unknown  Unknown
pw.x               0000000000408229  Unknown               Unknown  Unknown
forrtl: error (78): process killed (SIGTERM)
Image              PC                Routine            Line        Source             
pw.x               00000000010225FA  Unknown               Unknown  Unknown
libpthread-2.17.s  00002B9A273D75E0  Unknown               Unknown  Unknown
libmpi.so.12       00002B9A263E1EB8  PMPIDI_CH3I_Progr     Unknown  Unknown
libmpi.so.12.0     00002B9A26585243  Unknown               Unknown  Unknown
libmpi.so.12.0     00002B9A26394F46  Unknown               Unknown  Unknown
libmpi.so.12       00002B9A263970BF  MPI_Alltoall          Unknown  Unknown
libmpifort.so.12.  00002B9A25F4242E  mpi_alltoall__        Unknown  Unknown
pw.x               0000000000E3E3E6  fft_scatter_2d_mp         123  fft_scatter_2d.f90
pw.x               0000000000E55397  fft_parallel_2d_m         172  fft_parallel_2d.f90
pw.x               0000000000E40685  invfft_y_                  91  fft_fwinv.f90
pw.x               0000000000A30430  fft_wave_mp_wave_         152  fft_wave.f90
pw.x               000000000082BE7A  vloc_psi_k_               259  vloc_psi.f90
pw.x               00000000007AC2F1  h_psi__                   221  h_psi.f90
pw.x               00000000007ABD66  h_psi_                     71  h_psi.f90
pw.x               000000000086D8F3  pcegterg_                 905  cegterg.f90
pw.x               0000000000687E53  diag_bands_IP_dia        1028  c_bands.f90
pw.x               000000000068663C  diag_bands_               322  c_bands.f90
pw.x               0000000000685075  c_bands_                  132  c_bands.f90
pw.x               000000000040DEAE  electrons_scf_            689  electrons.f90
pw.x               000000000040B14D  electrons_                192  electrons.f90
pw.x               00000000005888D2  run_pwscf_                189  run_pwscf.f90
pw.x               00000000004084B4  MAIN__                     85  pwscf.f90
pw.x               000000000040831E  Unknown               Unknown  Unknown
libc-2.17.so       00002B9A27CABC05  __libc_start_main     Unknown  Unknown
pw.x               0000000000408229  Unknown               Unknown  Unknown
forrtl: error (78): process killed (SIGTERM)
Image              PC                Routine            Line        Source             
pw.x               00000000010225FA  Unknown               Unknown  Unknown
libpthread-2.17.s  00002ADFDCB835E0  Unknown               Unknown  Unknown
libmpi.so.12       00002ADFDBB8DEB8  PMPIDI_CH3I_Progr     Unknown  Unknown
libmpi.so.12.0     00002ADFDBD31243  Unknown               Unknown  Unknown
libmpi.so.12.0     00002ADFDBB40F46  Unknown               Unknown  Unknown
libmpi.so.12       00002ADFDBB430BF  MPI_Alltoall          Unknown  Unknown
libmpifort.so.12.  00002ADFDB6EE42E  mpi_alltoall__        Unknown  Unknown
pw.x               0000000000E3E3E6  fft_scatter_2d_mp         123  fft_scatter_2d.f90
pw.x               0000000000E55397  fft_parallel_2d_m         172  fft_parallel_2d.f90
pw.x               0000000000E40685  invfft_y_                  91  fft_fwinv.f90
pw.x               0000000000A30430  fft_wave_mp_wave_         152  fft_wave.f90
pw.x               000000000082BE7A  vloc_psi_k_               259  vloc_psi.f90
pw.x               00000000007AC2F1  h_psi__                   221  h_psi.f90
pw.x               00000000007ABD66  h_psi_                     71  h_psi.f90
pw.x               000000000086D8F3  pcegterg_                 905  cegterg.f90
pw.x               0000000000687E53  diag_bands_IP_dia        1028  c_bands.f90
pw.x               000000000068663C  diag_bands_               322  c_bands.f90
pw.x               0000000000685075  c_bands_                  132  c_bands.f90
pw.x               000000000040DEAE  electrons_scf_            689  electrons.f90
pw.x               000000000040B14D  electrons_                192  electrons.f90
pw.x               00000000005888D2  run_pwscf_                189  run_pwscf.f90
pw.x               00000000004084B4  MAIN__                     85  pwscf.f90
pw.x               000000000040831E  Unknown               Unknown  Unknown
libc-2.17.so       00002ADFDD457C05  __libc_start_main     Unknown  Unknown
pw.x               0000000000408229  Unknown               Unknown  Unknown
forrtl: error (78): process killed (SIGTERM)
Image              PC                Routine            Line        Source             
pw.x               00000000010225FA  Unknown               Unknown  Unknown
libpthread-2.17.s  00002AD7201B85E0  Unknown               Unknown  Unknown
libmpi.so.12       00002AD71F1C2EB8  PMPIDI_CH3I_Progr     Unknown  Unknown
libmpi.so.12.0     00002AD71F366243  Unknown               Unknown  Unknown
libmpi.so.12.0     00002AD71F175F46  Unknown               Unknown  Unknown
libmpi.so.12       00002AD71F1780BF  MPI_Alltoall          Unknown  Unknown
libmpifort.so.12.  00002AD71ED2342E  mpi_alltoall__        Unknown  Unknown
pw.x               0000000000E3E3E6  fft_scatter_2d_mp         123  fft_scatter_2d.f90
pw.x               0000000000E55397  fft_parallel_2d_m         172  fft_parallel_2d.f90
pw.x               0000000000E40685  invfft_y_                  91  fft_fwinv.f90
pw.x               0000000000A30430  fft_wave_mp_wave_         152  fft_wave.f90
pw.x               000000000082BE7A  vloc_psi_k_               259  vloc_psi.f90
pw.x               00000000007AC2F1  h_psi__                   221  h_psi.f90
pw.x               00000000007ABD66  h_psi_                     71  h_psi.f90
pw.x               000000000086D8F3  pcegterg_                 905  cegterg.f90
pw.x               0000000000687E53  diag_bands_IP_dia        1028  c_bands.f90
pw.x               000000000068663C  diag_bands_               322  c_bands.f90
pw.x               0000000000685075  c_bands_                  132  c_bands.f90
pw.x               000000000040DEAE  electrons_scf_            689  electrons.f90
pw.x               000000000040B14D  electrons_                192  electrons.f90
pw.x               00000000005888D2  run_pwscf_                189  run_pwscf.f90
pw.x               00000000004084B4  MAIN__                     85  pwscf.f90
pw.x               000000000040831E  Unknown               Unknown  Unknown
libc-2.17.so       00002AD720A8CC05  __libc_start_main     Unknown  Unknown
pw.x               0000000000408229  Unknown               Unknown  Unknown
forrtl: error (78): process killed (SIGTERM)
Image              PC                Routine            Line        Source             
pw.x               00000000010225FA  Unknown               Unknown  Unknown
libpthread-2.17.s  00002ADACED235E0  Unknown               Unknown  Unknown
libmpi.so.12       00002ADACDD2DEB8  PMPIDI_CH3I_Progr     Unknown  Unknown
libmpi.so.12.0     00002ADACDED1243  Unknown               Unknown  Unknown
libmpi.so.12.0     00002ADACDCE0F46  Unknown               Unknown  Unknown
libmpi.so.12       00002ADACDCE30BF  MPI_Alltoall          Unknown  Unknown
libmpifort.so.12.  00002ADACD88E42E  mpi_alltoall__        Unknown  Unknown
pw.x               0000000000E3E3E6  fft_scatter_2d_mp         123  fft_scatter_2d.f90
pw.x               0000000000E55397  fft_parallel_2d_m         172  fft_parallel_2d.f90
pw.x               0000000000E40685  invfft_y_                  91  fft_fwinv.f90
pw.x               0000000000A30430  fft_wave_mp_wave_         152  fft_wave.f90
pw.x               000000000082BE7A  vloc_psi_k_               259  vloc_psi.f90
pw.x               00000000007AC2F1  h_psi__                   221  h_psi.f90
pw.x               00000000007ABD66  h_psi_                     71  h_psi.f90
pw.x               000000000086D8F3  pcegterg_                 905  cegterg.f90
pw.x               0000000000687E53  diag_bands_IP_dia        1028  c_bands.f90
pw.x               000000000068663C  diag_bands_               322  c_bands.f90
pw.x               0000000000685075  c_bands_                  132  c_bands.f90
pw.x               000000000040DEAE  electrons_scf_            689  electrons.f90
pw.x               000000000040B14D  electrons_                192  electrons.f90
pw.x               00000000005888D2  run_pwscf_                189  run_pwscf.f90
pw.x               00000000004084B4  MAIN__                     85  pwscf.f90
pw.x               000000000040831E  Unknown               Unknown  Unknown
libc-2.17.so       00002ADACF5F7C05  __libc_start_main     Unknown  Unknown
pw.x               0000000000408229  Unknown               Unknown  Unknown
forrtl: error (78): process killed (SIGTERM)
Image              PC                Routine            Line        Source             
pw.x               00000000010225FA  Unknown               Unknown  Unknown
libpthread-2.17.s  00002B023B3E35E0  Unknown               Unknown  Unknown
libmpi.so.12       00002B023A3EDEB8  PMPIDI_CH3I_Progr     Unknown  Unknown
libmpi.so.12.0     00002B023A591243  Unknown               Unknown  Unknown
libmpi.so.12.0     00002B023A3A0F46  Unknown               Unknown  Unknown
libmpi.so.12       00002B023A3A30BF  MPI_Alltoall          Unknown  Unknown
libmpifort.so.12.  00002B0239F4E42E  mpi_alltoall__        Unknown  Unknown
pw.x               0000000000E3E3E6  fft_scatter_2d_mp         123  fft_scatter_2d.f90
pw.x               0000000000E55397  fft_parallel_2d_m         172  fft_parallel_2d.f90
pw.x               0000000000E40685  invfft_y_                  91  fft_fwinv.f90
pw.x               0000000000A30430  fft_wave_mp_wave_         152  fft_wave.f90
pw.x               000000000082BE7A  vloc_psi_k_               259  vloc_psi.f90
pw.x               00000000007AC2F1  h_psi__                   221  h_psi.f90
pw.x               00000000007ABD66  h_psi_                     71  h_psi.f90
pw.x               000000000086D8F3  pcegterg_                 905  cegterg.f90
pw.x               0000000000687E53  diag_bands_IP_dia        1028  c_bands.f90
pw.x               000000000068663C  diag_bands_               322  c_bands.f90
pw.x               0000000000685075  c_bands_                  132  c_bands.f90
pw.x               000000000040DEAE  electrons_scf_            689  electrons.f90
pw.x               000000000040B14D  electrons_                192  electrons.f90
pw.x               00000000005888D2  run_pwscf_                189  run_pwscf.f90
pw.x               00000000004084B4  MAIN__                     85  pwscf.f90
pw.x               000000000040831E  Unknown               Unknown  Unknown
libc-2.17.so       00002B023BCB7C05  __libc_start_main     Unknown  Unknown
pw.x               0000000000408229  Unknown               Unknown  Unknown
forrtl: error (78): process killed (SIGTERM)
Image              PC                Routine            Line        Source             
pw.x               00000000010225FA  Unknown               Unknown  Unknown
libpthread-2.17.s  00002BA749F705E0  Unknown               Unknown  Unknown
libmpi.so.12       00002BA748F7AEB8  PMPIDI_CH3I_Progr     Unknown  Unknown
libmpi.so.12.0     00002BA74911E243  Unknown               Unknown  Unknown
libmpi.so.12.0     00002BA748F2DF46  Unknown               Unknown  Unknown
libmpi.so.12       00002BA748F300BF  MPI_Alltoall          Unknown  Unknown
libmpifort.so.12.  00002BA748ADB42E  mpi_alltoall__        Unknown  Unknown
pw.x               0000000000E3E3E6  fft_scatter_2d_mp         123  fft_scatter_2d.f90
pw.x               0000000000E55397  fft_parallel_2d_m         172  fft_parallel_2d.f90
pw.x               0000000000E40685  invfft_y_                  91  fft_fwinv.f90
pw.x               0000000000A30430  fft_wave_mp_wave_         152  fft_wave.f90
pw.x               000000000082BE7A  vloc_psi_k_               259  vloc_psi.f90
pw.x               00000000007AC2F1  h_psi__                   221  h_psi.f90
pw.x               00000000007ABD66  h_psi_                     71  h_psi.f90
pw.x               000000000086D8F3  pcegterg_                 905  cegterg.f90
pw.x               0000000000687E53  diag_bands_IP_dia        1028  c_bands.f90
pw.x               000000000068663C  diag_bands_               322  c_bands.f90
pw.x               0000000000685075  c_bands_                  132  c_bands.f90
pw.x               000000000040DEAE  electrons_scf_            689  electrons.f90
pw.x               000000000040B14D  electrons_                192  electrons.f90
pw.x               00000000005888D2  run_pwscf_                189  run_pwscf.f90
pw.x               00000000004084B4  MAIN__                     85  pwscf.f90
pw.x               000000000040831E  Unknown               Unknown  Unknown
libc-2.17.so       00002BA74A844C05  __libc_start_main     Unknown  Unknown
pw.x               0000000000408229  Unknown               Unknown  Unknown
forrtl: error (78): process killed (SIGTERM)
Image              PC                Routine            Line        Source             
pw.x               00000000010225FA  Unknown               Unknown  Unknown
libpthread-2.17.s  00002AABE6E1E5E0  Unknown               Unknown  Unknown
libmpi.so.12       00002AABE5E28EB8  PMPIDI_CH3I_Progr     Unknown  Unknown
libmpi.so.12.0     00002AABE5FCC243  Unknown               Unknown  Unknown
libmpi.so.12.0     00002AABE5DDBF46  Unknown               Unknown  Unknown
libmpi.so.12       00002AABE5DDE0BF  MPI_Alltoall          Unknown  Unknown
libmpifort.so.12.  00002AABE598942E  mpi_alltoall__        Unknown  Unknown
pw.x               0000000000E3E3E6  fft_scatter_2d_mp         123  fft_scatter_2d.f90
pw.x               0000000000E55397  fft_parallel_2d_m         172  fft_parallel_2d.f90
pw.x               0000000000E40685  invfft_y_                  91  fft_fwinv.f90
pw.x               0000000000A30430  fft_wave_mp_wave_         152  fft_wave.f90
pw.x               000000000082BE7A  vloc_psi_k_               259  vloc_psi.f90
pw.x               00000000007AC2F1  h_psi__                   221  h_psi.f90
pw.x               00000000007ABD66  h_psi_                     71  h_psi.f90
pw.x               000000000086D8F3  pcegterg_                 905  cegterg.f90
pw.x               0000000000687E53  diag_bands_IP_dia        1028  c_bands.f90
pw.x               000000000068663C  diag_bands_               322  c_bands.f90
pw.x               0000000000685075  c_bands_                  132  c_bands.f90
pw.x               000000000040DEAE  electrons_scf_            689  electrons.f90
pw.x               000000000040B14D  electrons_                192  electrons.f90
pw.x               00000000005888D2  run_pwscf_                189  run_pwscf.f90
pw.x               00000000004084B4  MAIN__                     85  pwscf.f90
pw.x               000000000040831E  Unknown               Unknown  Unknown
libc-2.17.so       00002AABE76F2C05  __libc_start_main     Unknown  Unknown
pw.x               0000000000408229  Unknown               Unknown  Unknown
forrtl: error (78): process killed (SIGTERM)
Image              PC                Routine            Line        Source             
pw.x               00000000010225FA  Unknown               Unknown  Unknown
libpthread-2.17.s  00002B6579CD25E0  Unknown               Unknown  Unknown
libmpi.so.12       00002B6578CDCEB8  PMPIDI_CH3I_Progr     Unknown  Unknown
libmpi.so.12.0     00002B6578E80243  Unknown               Unknown  Unknown
libmpi.so.12.0     00002B6578C8FF46  Unknown               Unknown  Unknown
libmpi.so.12       00002B6578C920BF  MPI_Alltoall          Unknown  Unknown
libmpifort.so.12.  00002B657883D42E  mpi_alltoall__        Unknown  Unknown
pw.x               0000000000E3E3E6  fft_scatter_2d_mp         123  fft_scatter_2d.f90
pw.x               0000000000E55397  fft_parallel_2d_m         172  fft_parallel_2d.f90
pw.x               0000000000E40685  invfft_y_                  91  fft_fwinv.f90
pw.x               0000000000A30430  fft_wave_mp_wave_         152  fft_wave.f90
pw.x               000000000082BE7A  vloc_psi_k_               259  vloc_psi.f90
pw.x               00000000007AC2F1  h_psi__                   221  h_psi.f90
pw.x               00000000007ABD66  h_psi_                     71  h_psi.f90
pw.x               000000000086D8F3  pcegterg_                 905  cegterg.f90
pw.x               0000000000687E53  diag_bands_IP_dia        1028  c_bands.f90
pw.x               000000000068663C  diag_bands_               322  c_bands.f90
pw.x               0000000000685075  c_bands_                  132  c_bands.f90
pw.x               000000000040DEAE  electrons_scf_            689  electrons.f90
pw.x               000000000040B14D  electrons_                192  electrons.f90
pw.x               00000000005888D2  run_pwscf_                189  run_pwscf.f90
pw.x               00000000004084B4  MAIN__                     85  pwscf.f90
pw.x               000000000040831E  Unknown               Unknown  Unknown
libc-2.17.so       00002B657A5A6C05  __libc_start_main     Unknown  Unknown
pw.x               0000000000408229  Unknown               Unknown  Unknown
forrtl: error (78): process killed (SIGTERM)
Image              PC                Routine            Line        Source             
pw.x               00000000010225FA  Unknown               Unknown  Unknown
libpthread-2.17.s  00002AB00DC595E0  Unknown               Unknown  Unknown
libmpi.so.12       00002AB00CC63EB8  PMPIDI_CH3I_Progr     Unknown  Unknown
libmpi.so.12.0     00002AB00CE07243  Unknown               Unknown  Unknown
libmpi.so.12.0     00002AB00CC16F46  Unknown               Unknown  Unknown
libmpi.so.12       00002AB00CC190BF  MPI_Alltoall          Unknown  Unknown
libmpifort.so.12.  00002AB00C7C442E  mpi_alltoall__        Unknown  Unknown
pw.x               0000000000E3E3E6  fft_scatter_2d_mp         123  fft_scatter_2d.f90
pw.x               0000000000E55397  fft_parallel_2d_m         172  fft_parallel_2d.f90
pw.x               0000000000E40685  invfft_y_                  91  fft_fwinv.f90
pw.x               0000000000A30430  fft_wave_mp_wave_         152  fft_wave.f90
pw.x               000000000082BE7A  vloc_psi_k_               259  vloc_psi.f90
pw.x               00000000007AC2F1  h_psi__                   221  h_psi.f90
pw.x               00000000007ABD66  h_psi_                     71  h_psi.f90
pw.x               000000000086D8F3  pcegterg_                 905  cegterg.f90
pw.x               0000000000687E53  diag_bands_IP_dia        1028  c_bands.f90
pw.x               000000000068663C  diag_bands_               322  c_bands.f90
pw.x               0000000000685075  c_bands_                  132  c_bands.f90
pw.x               000000000040DEAE  electrons_scf_            689  electrons.f90
pw.x               000000000040B14D  electrons_                192  electrons.f90
pw.x               00000000005888D2  run_pwscf_                189  run_pwscf.f90
pw.x               00000000004084B4  MAIN__                     85  pwscf.f90
pw.x               000000000040831E  Unknown               Unknown  Unknown
libc-2.17.so       00002AB00E52DC05  __libc_start_main     Unknown  Unknown
pw.x               0000000000408229  Unknown               Unknown  Unknown
forrtl: error (78): process killed (SIGTERM)
Image              PC                Routine            Line        Source             
pw.x               00000000010225FA  Unknown               Unknown  Unknown
libpthread-2.17.s  00002B7EE9DE85E0  Unknown               Unknown  Unknown
libmpi.so.12       00002B7EE8DF2EB8  PMPIDI_CH3I_Progr     Unknown  Unknown
libmpi.so.12.0     00002B7EE8F96243  Unknown               Unknown  Unknown
libmpi.so.12.0     00002B7EE8DA5F46  Unknown               Unknown  Unknown
libmpi.so.12       00002B7EE8DA80BF  MPI_Alltoall          Unknown  Unknown
libmpifort.so.12.  00002B7EE895342E  mpi_alltoall__        Unknown  Unknown
pw.x               0000000000E3E3E6  fft_scatter_2d_mp         123  fft_scatter_2d.f90
pw.x               0000000000E55397  fft_parallel_2d_m         172  fft_parallel_2d.f90
pw.x               0000000000E40685  invfft_y_                  91  fft_fwinv.f90
pw.x               0000000000A30430  fft_wave_mp_wave_         152  fft_wave.f90
pw.x               000000000082BE7A  vloc_psi_k_               259  vloc_psi.f90
pw.x               00000000007AC2F1  h_psi__                   221  h_psi.f90
pw.x               00000000007ABD66  h_psi_                     71  h_psi.f90
pw.x               000000000086D8F3  pcegterg_                 905  cegterg.f90
pw.x               0000000000687E53  diag_bands_IP_dia        1028  c_bands.f90
pw.x               000000000068663C  diag_bands_               322  c_bands.f90
pw.x               0000000000685075  c_bands_                  132  c_bands.f90
pw.x               000000000040DEAE  electrons_scf_            689  electrons.f90
pw.x               000000000040B14D  electrons_                192  electrons.f90
pw.x               00000000005888D2  run_pwscf_                189  run_pwscf.f90
pw.x               00000000004084B4  MAIN__                     85  pwscf.f90
pw.x               000000000040831E  Unknown               Unknown  Unknown
libc-2.17.so       00002B7EEA6BCC05  __libc_start_main     Unknown  Unknown
pw.x               0000000000408229  Unknown               Unknown  Unknown
forrtl: error (78): process killed (SIGTERM)
Image              PC                Routine            Line        Source             
pw.x               00000000010225FA  Unknown               Unknown  Unknown
libpthread-2.17.s  00002B87189A25E0  Unknown               Unknown  Unknown
libmpi.so.12       00002B87179ACEB8  PMPIDI_CH3I_Progr     Unknown  Unknown
libmpi.so.12.0     00002B8717B50243  Unknown               Unknown  Unknown
libmpi.so.12.0     00002B871795FF46  Unknown               Unknown  Unknown
libmpi.so.12       00002B87179620BF  MPI_Alltoall          Unknown  Unknown
libmpifort.so.12.  00002B871750D42E  mpi_alltoall__        Unknown  Unknown
pw.x               0000000000E3E3E6  fft_scatter_2d_mp         123  fft_scatter_2d.f90
pw.x               0000000000E55397  fft_parallel_2d_m         172  fft_parallel_2d.f90
pw.x               0000000000E40685  invfft_y_                  91  fft_fwinv.f90
pw.x               0000000000A30430  fft_wave_mp_wave_         152  fft_wave.f90
pw.x               000000000082BE7A  vloc_psi_k_               259  vloc_psi.f90
pw.x               00000000007AC2F1  h_psi__                   221  h_psi.f90
pw.x               00000000007ABD66  h_psi_                     71  h_psi.f90
pw.x               000000000086D8F3  pcegterg_                 905  cegterg.f90
pw.x               0000000000687E53  diag_bands_IP_dia        1028  c_bands.f90
pw.x               000000000068663C  diag_bands_               322  c_bands.f90
pw.x               0000000000685075  c_bands_                  132  c_bands.f90
pw.x               000000000040DEAE  electrons_scf_            689  electrons.f90
pw.x               000000000040B14D  electrons_                192  electrons.f90
pw.x               00000000005888D2  run_pwscf_                189  run_pwscf.f90
pw.x               00000000004084B4  MAIN__                     85  pwscf.f90
pw.x               000000000040831E  Unknown               Unknown  Unknown
libc-2.17.so       00002B8719276C05  __libc_start_main     Unknown  Unknown
pw.x               0000000000408229  Unknown               Unknown  Unknown
forrtl: error (78): process killed (SIGTERM)
Image              PC                Routine            Line        Source             
pw.x               00000000010225FA  Unknown               Unknown  Unknown
libpthread-2.17.s  00002B72336F65E0  Unknown               Unknown  Unknown
libmpi.so.12       00002B723270159A  PMPIDI_CH3I_Progr     Unknown  Unknown
libmpi.so.12.0     00002B72328A4243  Unknown               Unknown  Unknown
libmpi.so.12.0     00002B72326B3F46  Unknown               Unknown  Unknown
libmpi.so.12       00002B72326B60BF  MPI_Alltoall          Unknown  Unknown
libmpifort.so.12.  00002B723226142E  mpi_alltoall__        Unknown  Unknown
pw.x               0000000000E3E3E6  fft_scatter_2d_mp         123  fft_scatter_2d.f90
pw.x               0000000000E55397  fft_parallel_2d_m         172  fft_parallel_2d.f90
pw.x               0000000000E40685  invfft_y_                  91  fft_fwinv.f90
pw.x               0000000000A30430  fft_wave_mp_wave_         152  fft_wave.f90
pw.x               000000000082BE7A  vloc_psi_k_               259  vloc_psi.f90
pw.x               00000000007AC2F1  h_psi__                   221  h_psi.f90
pw.x               00000000007ABD66  h_psi_                     71  h_psi.f90
pw.x               000000000086D8F3  pcegterg_                 905  cegterg.f90
pw.x               0000000000687E53  diag_bands_IP_dia        1028  c_bands.f90
pw.x               000000000068663C  diag_bands_               322  c_bands.f90
pw.x               0000000000685075  c_bands_                  132  c_bands.f90
pw.x               000000000040DEAE  electrons_scf_            689  electrons.f90
pw.x               000000000040B14D  electrons_                192  electrons.f90
pw.x               00000000005888D2  run_pwscf_                189  run_pwscf.f90
pw.x               00000000004084B4  MAIN__                     85  pwscf.f90
pw.x               000000000040831E  Unknown               Unknown  Unknown
libc-2.17.so       00002B7233FCAC05  __libc_start_main     Unknown  Unknown
pw.x               0000000000408229  Unknown               Unknown  Unknown
forrtl: error (78): process killed (SIGTERM)
Image              PC                Routine            Line        Source             
pw.x               00000000010225FA  Unknown               Unknown  Unknown
libpthread-2.17.s  00002B080FC5D5E0  Unknown               Unknown  Unknown
libmpi.so.12       00002B080EC67EB8  PMPIDI_CH3I_Progr     Unknown  Unknown
libmpi.so.12.0     00002B080EE0B243  Unknown               Unknown  Unknown
libmpi.so.12.0     00002B080EC1AF46  Unknown               Unknown  Unknown
libmpi.so.12       00002B080EC1D0BF  MPI_Alltoall          Unknown  Unknown
libmpifort.so.12.  00002B080E7C842E  mpi_alltoall__        Unknown  Unknown
pw.x               0000000000E3E3E6  fft_scatter_2d_mp         123  fft_scatter_2d.f90
pw.x               0000000000E55397  fft_parallel_2d_m         172  fft_parallel_2d.f90
pw.x               0000000000E40685  invfft_y_                  91  fft_fwinv.f90
pw.x               0000000000A30430  fft_wave_mp_wave_         152  fft_wave.f90
pw.x               000000000082BE7A  vloc_psi_k_               259  vloc_psi.f90
pw.x               00000000007AC2F1  h_psi__                   221  h_psi.f90
pw.x               00000000007ABD66  h_psi_                     71  h_psi.f90
pw.x               000000000086D8F3  pcegterg_                 905  cegterg.f90
pw.x               0000000000687E53  diag_bands_IP_dia        1028  c_bands.f90
pw.x               000000000068663C  diag_bands_               322  c_bands.f90
pw.x               0000000000685075  c_bands_                  132  c_bands.f90
pw.x               000000000040DEAE  electrons_scf_            689  electrons.f90
pw.x               000000000040B14D  electrons_                192  electrons.f90
pw.x               00000000005888D2  run_pwscf_                189  run_pwscf.f90
pw.x               00000000004084B4  MAIN__                     85  pwscf.f90
pw.x               000000000040831E  Unknown               Unknown  Unknown
libc-2.17.so       00002B0810531C05  __libc_start_main     Unknown  Unknown
pw.x               0000000000408229  Unknown               Unknown  Unknown
forrtl: error (78): process killed (SIGTERM)
Image              PC                Routine            Line        Source             
pw.x               00000000010225FA  Unknown               Unknown  Unknown
libpthread-2.17.s  00002B0B4B0995E0  Unknown               Unknown  Unknown
libmpi.so.12       00002B0B4A0A3EB8  PMPIDI_CH3I_Progr     Unknown  Unknown
libmpi.so.12.0     00002B0B4A247243  Unknown               Unknown  Unknown
libmpi.so.12.0     00002B0B4A056F46  Unknown               Unknown  Unknown
libmpi.so.12       00002B0B4A0590BF  MPI_Alltoall          Unknown  Unknown
libmpifort.so.12.  00002B0B49C0442E  mpi_alltoall__        Unknown  Unknown
pw.x               0000000000E3E3E6  fft_scatter_2d_mp         123  fft_scatter_2d.f90
pw.x               0000000000E55397  fft_parallel_2d_m         172  fft_parallel_2d.f90
pw.x               0000000000E40685  invfft_y_                  91  fft_fwinv.f90
pw.x               0000000000A30430  fft_wave_mp_wave_         152  fft_wave.f90
pw.x               000000000082BE7A  vloc_psi_k_               259  vloc_psi.f90
pw.x               00000000007AC2F1  h_psi__                   221  h_psi.f90
pw.x               00000000007ABD66  h_psi_                     71  h_psi.f90
pw.x               000000000086D8F3  pcegterg_                 905  cegterg.f90
pw.x               0000000000687E53  diag_bands_IP_dia        1028  c_bands.f90
pw.x               000000000068663C  diag_bands_               322  c_bands.f90
pw.x               0000000000685075  c_bands_                  132  c_bands.f90
pw.x               000000000040DEAE  electrons_scf_            689  electrons.f90
pw.x               000000000040B14D  electrons_                192  electrons.f90
pw.x               00000000005888D2  run_pwscf_                189  run_pwscf.f90
pw.x               00000000004084B4  MAIN__                     85  pwscf.f90
pw.x               000000000040831E  Unknown               Unknown  Unknown
libc-2.17.so       00002B0B4B96DC05  __libc_start_main     Unknown  Unknown
pw.x               0000000000408229  Unknown               Unknown  Unknown
forrtl: error (78): process killed (SIGTERM)
Image              PC                Routine            Line        Source             
pw.x               00000000010225FA  Unknown               Unknown  Unknown
libpthread-2.17.s  00002B32466005E0  Unknown               Unknown  Unknown
libmpi.so.12       00002B324560AEB8  PMPIDI_CH3I_Progr     Unknown  Unknown
libmpi.so.12.0     00002B32457AE243  Unknown               Unknown  Unknown
libmpi.so.12.0     00002B32455BDF46  Unknown               Unknown  Unknown
libmpi.so.12       00002B32455C00BF  MPI_Alltoall          Unknown  Unknown
libmpifort.so.12.  00002B324516B42E  mpi_alltoall__        Unknown  Unknown
pw.x               0000000000E3E3E6  fft_scatter_2d_mp         123  fft_scatter_2d.f90
pw.x               0000000000E55397  fft_parallel_2d_m         172  fft_parallel_2d.f90
pw.x               0000000000E40685  invfft_y_                  91  fft_fwinv.f90
pw.x               0000000000A30430  fft_wave_mp_wave_         152  fft_wave.f90
pw.x               000000000082BE7A  vloc_psi_k_               259  vloc_psi.f90
pw.x               00000000007AC2F1  h_psi__                   221  h_psi.f90
pw.x               00000000007ABD66  h_psi_                     71  h_psi.f90
pw.x               000000000086D8F3  pcegterg_                 905  cegterg.f90
pw.x               0000000000687E53  diag_bands_IP_dia        1028  c_bands.f90
pw.x               000000000068663C  diag_bands_               322  c_bands.f90
pw.x               0000000000685075  c_bands_                  132  c_bands.f90
pw.x               000000000040DEAE  electrons_scf_            689  electrons.f90
pw.x               000000000040B14D  electrons_                192  electrons.f90
pw.x               00000000005888D2  run_pwscf_                189  run_pwscf.f90
pw.x               00000000004084B4  MAIN__                     85  pwscf.f90
pw.x               000000000040831E  Unknown               Unknown  Unknown
libc-2.17.so       00002B3246ED4C05  __libc_start_main     Unknown  Unknown
pw.x               0000000000408229  Unknown               Unknown  Unknown
forrtl: error (78): process killed (SIGTERM)
Image              PC                Routine            Line        Source             
pw.x               00000000010225FA  Unknown               Unknown  Unknown
libpthread-2.17.s  00002B9F4C3535E0  Unknown               Unknown  Unknown
libmpi.so.12       00002B9F4B35DEB8  PMPIDI_CH3I_Progr     Unknown  Unknown
libmpi.so.12.0     00002B9F4B501243  Unknown               Unknown  Unknown
libmpi.so.12.0     00002B9F4B310F46  Unknown               Unknown  Unknown
libmpi.so.12       00002B9F4B3130BF  MPI_Alltoall          Unknown  Unknown
libmpifort.so.12.  00002B9F4AEBE42E  mpi_alltoall__        Unknown  Unknown
pw.x               0000000000E3E3E6  fft_scatter_2d_mp         123  fft_scatter_2d.f90
pw.x               0000000000E55397  fft_parallel_2d_m         172  fft_parallel_2d.f90
pw.x               0000000000E40685  invfft_y_                  91  fft_fwinv.f90
pw.x               0000000000A30430  fft_wave_mp_wave_         152  fft_wave.f90
pw.x               000000000082BE7A  vloc_psi_k_               259  vloc_psi.f90
pw.x               00000000007AC2F1  h_psi__                   221  h_psi.f90
pw.x               00000000007ABD66  h_psi_                     71  h_psi.f90
pw.x               000000000086D8F3  pcegterg_                 905  cegterg.f90
pw.x               0000000000687E53  diag_bands_IP_dia        1028  c_bands.f90
pw.x               000000000068663C  diag_bands_               322  c_bands.f90
pw.x               0000000000685075  c_bands_                  132  c_bands.f90
pw.x               000000000040DEAE  electrons_scf_            689  electrons.f90
pw.x               000000000040B14D  electrons_                192  electrons.f90
pw.x               00000000005888D2  run_pwscf_                189  run_pwscf.f90
pw.x               00000000004084B4  MAIN__                     85  pwscf.f90
pw.x               000000000040831E  Unknown               Unknown  Unknown
libc-2.17.so       00002B9F4CC27C05  __libc_start_main     Unknown  Unknown
pw.x               0000000000408229  Unknown               Unknown  Unknown
forrtl: error (78): process killed (SIGTERM)
Image              PC                Routine            Line        Source             
pw.x               00000000010225FA  Unknown               Unknown  Unknown
libpthread-2.17.s  00002B549323D5E0  Unknown               Unknown  Unknown
libmpi.so.12       00002B5492247EB8  PMPIDI_CH3I_Progr     Unknown  Unknown
libmpi.so.12.0     00002B54923EB243  Unknown               Unknown  Unknown
libmpi.so.12.0     00002B54921FAF46  Unknown               Unknown  Unknown
libmpi.so.12       00002B54921FD0BF  MPI_Alltoall          Unknown  Unknown
libmpifort.so.12.  00002B5491DA842E  mpi_alltoall__        Unknown  Unknown
pw.x               0000000000E3E3E6  fft_scatter_2d_mp         123  fft_scatter_2d.f90
pw.x               0000000000E55397  fft_parallel_2d_m         172  fft_parallel_2d.f90
pw.x               0000000000E40685  invfft_y_                  91  fft_fwinv.f90
pw.x               0000000000A30430  fft_wave_mp_wave_         152  fft_wave.f90
pw.x               000000000082BE7A  vloc_psi_k_               259  vloc_psi.f90
pw.x               00000000007AC2F1  h_psi__                   221  h_psi.f90
pw.x               00000000007ABD66  h_psi_                     71  h_psi.f90
pw.x               000000000086D8F3  pcegterg_                 905  cegterg.f90
pw.x               0000000000687E53  diag_bands_IP_dia        1028  c_bands.f90
pw.x               000000000068663C  diag_bands_               322  c_bands.f90
pw.x               0000000000685075  c_bands_                  132  c_bands.f90
pw.x               000000000040DEAE  electrons_scf_            689  electrons.f90
pw.x               000000000040B14D  electrons_                192  electrons.f90
pw.x               00000000005888D2  run_pwscf_                189  run_pwscf.f90
pw.x               00000000004084B4  MAIN__                     85  pwscf.f90
pw.x               000000000040831E  Unknown               Unknown  Unknown
libc-2.17.so       00002B5493B11C05  __libc_start_main     Unknown  Unknown
pw.x               0000000000408229  Unknown               Unknown  Unknown
