  #  Energy Occ
  1 -11.1859 2
  2 -11.1849 2
  3 -11.1833 2
  4 -11.1829 2
  5 -11.1793 2
  6 -11.1785 2
  7 -11.1781 2
  8 -11.1778 2
  9 -11.1775 2
 10 -11.1773 2
 11 -11.1773 2
 12 -11.1770 2
 13 -11.1766 2
 14 -11.1760 2
 15 -11.1751 2
 16 -11.1745 2
 17 -11.1729 2
 18 -11.1723 2
 19 -11.1713 2
 20 -11.1707 2
 21  -1.1717 2
 22  -1.1660 2
 23  -1.1052 2
 24  -1.1020 2
 25  -1.0435 2
 26  -1.0400 2
 27  -1.0010 2
 28  -0.9984 2
 29  -0.9744 2
 30  -0.9724 2
 31  -0.8483 2
 32  -0.8457 2
 33  -0.8315 2
 34  -0.8291 2
 35  -0.8068 2
 36  -0.8044 2
 37  -0.6992 2
 38  -0.6988 2
 39  -0.6966 2
 40  -0.6964 2
 41  -0.6765 2
 42  -0.6741 2
 43  -0.6165 2
 44  -0.6140 2
 45  -0.6094 2
 46  -0.6069 2
 47  -0.5813 2
 48  -0.5801 2
 49  -0.5790 2
 50  -0.5780 2
 51  -0.5585 2
 52  -0.5562 2
 53  -0.5486 2
 54  -0.5183 2
 55  -0.5155 2
 56  -0.5103 2
 57  -0.4804 2
 58  -0.4779 2
 59  -0.4674 2
 60  -0.4649 2
 61  -0.4514 2
 62  -0.4361 2
 63  -0.3875 2
 64  -0.3703 2
 65  -0.3159 2
 66  -0.3091 2
 67  -0.2822 2
 68  -0.2767 2
 69   0.0993 0
 70   0.1056 0
 71   0.1364 0
 72   0.1390 0
 73   0.2029 0
 74   0.2053 0
 75   0.2564 0
 76   0.2675 0
 77   0.2814 0
 78   0.2835 0
 79   0.2920 0
 80   0.2950 0
 81   0.2976 0
 82   0.3034 0
 83   0.3453 0
 84   0.3477 0
 85   0.3555 0
 86   0.3571 0
 87   0.3605 0
 88   0.3648 0
 89   0.3706 0
 90   0.3723 0
 91   0.3892 0
 92   0.3963 0
 93   0.4278 0
 94   0.4346 0
 95   0.4451 0
 96   0.4484 0
 97   0.4804 0
 98   0.4841 0
 99   0.5147 0
100   0.5165 0
101   0.5175 0
102   0.5198 0
103   0.5402 0
104   0.5443 0
105   0.5549 0
106   0.5575 0
107   0.5860 0
108   0.5887 0
109   0.7550 0
110   0.7585 0
111   0.7717 0
112   0.7760 0
113   0.8175 0
114   0.8213 0
115   0.8471 0
116   0.8556 0
117   0.8564 0
118   0.8750 0
119   0.8770 0
120   0.8947 0
121   0.9055 0
122   0.9132 0
123   0.9315 0
124   0.9659 0
125   0.9722 0
126   0.9773 0
127   0.9909 0
128   1.0001 0
129   1.0102 0
130   1.0134 0
131   1.0186 0
132   1.0337 0
133   1.0446 0
134   1.0540 0
135   1.0599 0
136   1.0639 0
137   1.0753 0
138   1.0785 0
139   1.0808 0
140   1.0842 0
141   1.0875 0
142   1.1011 0
143   1.1051 0
144   1.1148 0
145   1.1247 0
146   1.1422 0
147   1.1652 0
148   1.1672 0
149   1.1836 0
150   1.2035 0
151   1.2136 0
152   1.2256 0
153   1.2532 0
154   1.2688 0
155   1.2705 0
156   1.2782 0
157   1.2817 0
158   1.2836 0
159   1.2912 0
160   1.3111 0
161   1.3163 0
162   1.3231 0
163   1.3261 0
164   1.3328 0
165   1.3409 0
166   1.3450 0
167   1.3642 0
168   1.3673 0
169   1.4606 0
170   1.4672 0
171   1.4703 0
172   1.4756 0
173   1.4775 0
174   1.4832 0
175   1.5255 0
176   1.5459 0
177   1.5916 0
178   1.5996 0
179   1.6115 0
180   1.6240 0
181   1.6315 0
182   1.6386 0
183   1.6896 0
184   1.7061 0
185   1.7079 0
186   1.7125 0
187   1.7154 0
188   1.7222 0
189   1.7535 0
190   1.7953 0
191   1.8013 0
192   1.8130 0
193   1.8216 0
194   1.8312 0
195   1.8440 0
196   1.8679 0
197   1.8738 0
198   1.8873 0
199   1.9142 0
200   1.9447 0
201   2.0643 0
202   2.1106 0
203   2.1965 0
204   2.2165 0
205   2.2260 0
206   2.2483 0
207   2.2601 0
208   2.2802 0
209   2.7133 0
210   2.7421 0
211   2.7685 0
212   2.8519 0
Number of active electrons: 4
Number of active orbtials: 4
Singlet State 0 has energy -762.178883793392
Singlet State 1 has energy -762.4259833287953
Singlet State 2 has energy -754.2682837886553
State 0 has S^2 = 0.749687579568757
State 1 has S^2 = 0.00033027374273675303
State 2 has S^2 = 0.7500257324195451
Singlet State 0 	 MC-VQE energy = -762.4260839870624
Singlet State 1 	 MC-VQE energy = -762.1787831351247
Singlet State 2 	 MC-VQE energy = -754.2682837886553
