forrtl: error (78): process killed (SIGTERM)
Image              PC                Routine            Line        Source             
pw.x               00000000010225FA  Unknown               Unknown  Unknown
libpthread-2.17.s  00002ADBA69D55E0  Unknown               Unknown  Unknown
libmpi.so.12       00002ADBA59DFEB8  PMPIDI_CH3I_Progr     Unknown  Unknown
libmpi.so.12.0     00002ADBA5B83243  Unknown               Unknown  Unknown
libmpi.so.12.0     00002ADBA5992F46  Unknown               Unknown  Unknown
libmpi.so.12       00002ADBA59950BF  MPI_Alltoall          Unknown  Unknown
libmpifort.so.12.  00002ADBA554042E  mpi_alltoall__        Unknown  Unknown
pw.x               0000000000E3EB5D  fft_scatter_2d_mp         226  fft_scatter_2d.f90
pw.x               0000000000E55C59  fft_parallel_2d_m         193  fft_parallel_2d.f90
pw.x               0000000000E40DE8  fwfft_y_                  194  fft_fwinv.f90
pw.x               0000000000A30160  fft_wave_mp_wave_          66  fft_wave.f90
pw.x               000000000082C007  vloc_psi_k_               273  vloc_psi.f90
pw.x               00000000007AC2F1  h_psi__                   221  h_psi.f90
pw.x               00000000007ABD66  h_psi_                     71  h_psi.f90
pw.x               000000000086D8F3  pcegterg_                 905  cegterg.f90
pw.x               0000000000687E53  diag_bands_IP_dia        1028  c_bands.f90
pw.x               000000000068663C  diag_bands_               322  c_bands.f90
pw.x               0000000000685075  c_bands_                  132  c_bands.f90
pw.x               000000000040DEAE  electrons_scf_            689  electrons.f90
pw.x               000000000040B14D  electrons_                192  electrons.f90
pw.x               00000000005888D2  run_pwscf_                189  run_pwscf.f90
pw.x               00000000004084B4  MAIN__                     85  pwscf.f90
pw.x               000000000040831E  Unknown               Unknown  Unknown
libc-2.17.so       00002ADBA72A9C05  __libc_start_main     Unknown  Unknown
pw.x               0000000000408229  Unknown               Unknown  Unknown
forrtl: error (78): process killed (SIGTERM)
Image              PC                Routine            Line        Source             
pw.x               00000000010225FA  Unknown               Unknown  Unknown
libpthread-2.17.s  00002B0A76CB35E0  Unknown               Unknown  Unknown
libmpi.so.12       00002B0A75CBDEB8  PMPIDI_CH3I_Progr     Unknown  Unknown
libmpi.so.12.0     00002B0A75E61243  Unknown               Unknown  Unknown
libmpi.so.12.0     00002B0A75C70F46  Unknown               Unknown  Unknown
libmpi.so.12       00002B0A75C730BF  MPI_Alltoall          Unknown  Unknown
libmpifort.so.12.  00002B0A7581E42E  mpi_alltoall__        Unknown  Unknown
pw.x               0000000000E3EB5D  fft_scatter_2d_mp         226  fft_scatter_2d.f90
pw.x               0000000000E55C59  fft_parallel_2d_m         193  fft_parallel_2d.f90
pw.x               0000000000E40DE8  fwfft_y_                  194  fft_fwinv.f90
pw.x               0000000000A30160  fft_wave_mp_wave_          66  fft_wave.f90
pw.x               000000000082C007  vloc_psi_k_               273  vloc_psi.f90
pw.x               00000000007AC2F1  h_psi__                   221  h_psi.f90
pw.x               00000000007ABD66  h_psi_                     71  h_psi.f90
pw.x               000000000086D8F3  pcegterg_                 905  cegterg.f90
pw.x               0000000000687E53  diag_bands_IP_dia        1028  c_bands.f90
pw.x               000000000068663C  diag_bands_               322  c_bands.f90
pw.x               0000000000685075  c_bands_                  132  c_bands.f90
pw.x               000000000040DEAE  electrons_scf_            689  electrons.f90
pw.x               000000000040B14D  electrons_                192  electrons.f90
pw.x               00000000005888D2  run_pwscf_                189  run_pwscf.f90
pw.x               00000000004084B4  MAIN__                     85  pwscf.f90
pw.x               000000000040831E  Unknown               Unknown  Unknown
libc-2.17.so       00002B0A77587C05  __libc_start_main     Unknown  Unknown
pw.x               0000000000408229  Unknown               Unknown  Unknown
forrtl: error (78): process killed (SIGTERM)
Image              PC                Routine            Line        Source             
pw.x               00000000010225FA  Unknown               Unknown  Unknown
libpthread-2.17.s  00002B95BA1765E0  Unknown               Unknown  Unknown
libmpi.so.12       00002B95B9180EB8  PMPIDI_CH3I_Progr     Unknown  Unknown
libmpi.so.12.0     00002B95B9324243  Unknown               Unknown  Unknown
libmpi.so.12.0     00002B95B9133F46  Unknown               Unknown  Unknown
libmpi.so.12       00002B95B91360BF  MPI_Alltoall          Unknown  Unknown
libmpifort.so.12.  00002B95B8CE142E  mpi_alltoall__        Unknown  Unknown
pw.x               0000000000E3EB5D  fft_scatter_2d_mp         226  fft_scatter_2d.f90
pw.x               0000000000E55C59  fft_parallel_2d_m         193  fft_parallel_2d.f90
pw.x               0000000000E40DE8  fwfft_y_                  194  fft_fwinv.f90
pw.x               0000000000A30160  fft_wave_mp_wave_          66  fft_wave.f90
pw.x               000000000082C007  vloc_psi_k_               273  vloc_psi.f90
pw.x               00000000007AC2F1  h_psi__                   221  h_psi.f90
pw.x               00000000007ABD66  h_psi_                     71  h_psi.f90
pw.x               000000000086D8F3  pcegterg_                 905  cegterg.f90
pw.x               0000000000687E53  diag_bands_IP_dia        1028  c_bands.f90
pw.x               000000000068663C  diag_bands_               322  c_bands.f90
pw.x               0000000000685075  c_bands_                  132  c_bands.f90
pw.x               000000000040DEAE  electrons_scf_            689  electrons.f90
pw.x               000000000040B14D  electrons_                192  electrons.f90
pw.x               00000000005888D2  run_pwscf_                189  run_pwscf.f90
pw.x               00000000004084B4  MAIN__                     85  pwscf.f90
pw.x               000000000040831E  Unknown               Unknown  Unknown
libc-2.17.so       00002B95BAA4AC05  __libc_start_main     Unknown  Unknown
pw.x               0000000000408229  Unknown               Unknown  Unknown
forrtl: error (78): process killed (SIGTERM)
Image              PC                Routine            Line        Source             
pw.x               00000000010225FA  Unknown               Unknown  Unknown
libpthread-2.17.s  00002AD76A02F5E0  Unknown               Unknown  Unknown
libmkl_avx512.so   00002AD786428A83  mkl_dft_avx512_ip     Unknown  Unknown
libmkl_avx512.so   00002AD7864077D9  mkl_dft_avx512_ip     Unknown  Unknown
libmkl_avx512.so   00002AD7863FCD48  mkl_dft_avx512_ip     Unknown  Unknown
libmkl_avx512.so   00002AD784C18989  mkl_dft_avx512_xi     Unknown  Unknown
libmkl_avx512.so   00002AD784C38315  mkl_dft_avx512_xz     Unknown  Unknown
libmkl_avx512.so   00002AD784CE07FD  mkl_dft_avx512_xz     Unknown  Unknown
libmkl_avx512.so   00002AD784A3042A  mkl_dft_avx512_co     Unknown  Unknown
pw.x               0000000000E42AC1  fft_scalar_dfti_m         312  fft_scalar.DFTI.f90
pw.x               0000000000E55875  fft_parallel_2d_m         117  fft_parallel_2d.f90
pw.x               0000000000E40685  invfft_y_                  91  fft_fwinv.f90
pw.x               0000000000A30430  fft_wave_mp_wave_         152  fft_wave.f90
pw.x               000000000082BE7A  vloc_psi_k_               259  vloc_psi.f90
pw.x               00000000007AC2F1  h_psi__                   221  h_psi.f90
pw.x               00000000007ABD66  h_psi_                     71  h_psi.f90
pw.x               000000000086D8F3  pcegterg_                 905  cegterg.f90
pw.x               0000000000687E53  diag_bands_IP_dia        1028  c_bands.f90
pw.x               000000000068663C  diag_bands_               322  c_bands.f90
pw.x               0000000000685075  c_bands_                  132  c_bands.f90
pw.x               000000000040DEAE  electrons_scf_            689  electrons.f90
pw.x               000000000040B14D  electrons_                192  electrons.f90
pw.x               00000000005888D2  run_pwscf_                189  run_pwscf.f90
pw.x               00000000004084B4  MAIN__                     85  pwscf.f90
pw.x               000000000040831E  Unknown               Unknown  Unknown
libc-2.17.so       00002AD76A903C05  __libc_start_main     Unknown  Unknown
pw.x               0000000000408229  Unknown               Unknown  Unknown
forrtl: error (78): process killed (SIGTERM)
Image              PC                Routine            Line        Source             
pw.x               00000000010225FA  Unknown               Unknown  Unknown
libpthread-2.17.s  00002B613F6465E0  Unknown               Unknown  Unknown
libmpi.so.12       00002B613E650EB8  PMPIDI_CH3I_Progr     Unknown  Unknown
libmpi.so.12.0     00002B613E7F4243  Unknown               Unknown  Unknown
libmpi.so.12.0     00002B613E603F46  Unknown               Unknown  Unknown
libmpi.so.12       00002B613E6060BF  MPI_Alltoall          Unknown  Unknown
libmpifort.so.12.  00002B613E1B142E  mpi_alltoall__        Unknown  Unknown
pw.x               0000000000E3EB5D  fft_scatter_2d_mp         226  fft_scatter_2d.f90
pw.x               0000000000E55C59  fft_parallel_2d_m         193  fft_parallel_2d.f90
pw.x               0000000000E40DE8  fwfft_y_                  194  fft_fwinv.f90
pw.x               0000000000A30160  fft_wave_mp_wave_          66  fft_wave.f90
pw.x               000000000082C007  vloc_psi_k_               273  vloc_psi.f90
pw.x               00000000007AC2F1  h_psi__                   221  h_psi.f90
pw.x               00000000007ABD66  h_psi_                     71  h_psi.f90
pw.x               000000000086D8F3  pcegterg_                 905  cegterg.f90
pw.x               0000000000687E53  diag_bands_IP_dia        1028  c_bands.f90
pw.x               000000000068663C  diag_bands_               322  c_bands.f90
pw.x               0000000000685075  c_bands_                  132  c_bands.f90
pw.x               000000000040DEAE  electrons_scf_            689  electrons.f90
pw.x               000000000040B14D  electrons_                192  electrons.f90
pw.x               00000000005888D2  run_pwscf_                189  run_pwscf.f90
pw.x               00000000004084B4  MAIN__                     85  pwscf.f90
pw.x               000000000040831E  Unknown               Unknown  Unknown
libc-2.17.so       00002B613FF1AC05  __libc_start_main     Unknown  Unknown
pw.x               0000000000408229  Unknown               Unknown  Unknown
forrtl: error (78): process killed (SIGTERM)
Image              PC                Routine            Line        Source             
pw.x               00000000010225FA  Unknown               Unknown  Unknown
libpthread-2.17.s  00002B9904FD45E0  Unknown               Unknown  Unknown
libmpi.so.12       00002B9903FDEEBF  PMPIDI_CH3I_Progr     Unknown  Unknown
libmpi.so.12.0     00002B9904182243  Unknown               Unknown  Unknown
libmpi.so.12.0     00002B9903F91F46  Unknown               Unknown  Unknown
libmpi.so.12       00002B9903F940BF  MPI_Alltoall          Unknown  Unknown
libmpifort.so.12.  00002B9903B3F42E  mpi_alltoall__        Unknown  Unknown
pw.x               0000000000E3EB5D  fft_scatter_2d_mp         226  fft_scatter_2d.f90
pw.x               0000000000E55C59  fft_parallel_2d_m         193  fft_parallel_2d.f90
pw.x               0000000000E40DE8  fwfft_y_                  194  fft_fwinv.f90
pw.x               0000000000A30160  fft_wave_mp_wave_          66  fft_wave.f90
pw.x               000000000082C007  vloc_psi_k_               273  vloc_psi.f90
pw.x               00000000007AC2F1  h_psi__                   221  h_psi.f90
pw.x               00000000007ABD66  h_psi_                     71  h_psi.f90
pw.x               000000000086D8F3  pcegterg_                 905  cegterg.f90
pw.x               0000000000687E53  diag_bands_IP_dia        1028  c_bands.f90
pw.x               000000000068663C  diag_bands_               322  c_bands.f90
pw.x               0000000000685075  c_bands_                  132  c_bands.f90
pw.x               000000000040DEAE  electrons_scf_            689  electrons.f90
pw.x               000000000040B14D  electrons_                192  electrons.f90
pw.x               00000000005888D2  run_pwscf_                189  run_pwscf.f90
pw.x               00000000004084B4  MAIN__                     85  pwscf.f90
pw.x               000000000040831E  Unknown               Unknown  Unknown
libc-2.17.so       00002B99058A8C05  __libc_start_main     Unknown  Unknown
pw.x               0000000000408229  Unknown               Unknown  Unknown
forrtl: error (78): process killed (SIGTERM)
Image              PC                Routine            Line        Source             
pw.x               00000000010225FA  Unknown               Unknown  Unknown
libpthread-2.17.s  00002B12D5C8E5E0  Unknown               Unknown  Unknown
libmpi.so.12       00002B12D4C98EBF  PMPIDI_CH3I_Progr     Unknown  Unknown
libmpi.so.12.0     00002B12D4E3C243  Unknown               Unknown  Unknown
libmpi.so.12.0     00002B12D4C4BF46  Unknown               Unknown  Unknown
libmpi.so.12       00002B12D4C4E0BF  MPI_Alltoall          Unknown  Unknown
libmpifort.so.12.  00002B12D47F942E  mpi_alltoall__        Unknown  Unknown
pw.x               0000000000E3EB5D  fft_scatter_2d_mp         226  fft_scatter_2d.f90
pw.x               0000000000E55C59  fft_parallel_2d_m         193  fft_parallel_2d.f90
pw.x               0000000000E40DE8  fwfft_y_                  194  fft_fwinv.f90
pw.x               0000000000A30160  fft_wave_mp_wave_          66  fft_wave.f90
pw.x               000000000082C007  vloc_psi_k_               273  vloc_psi.f90
pw.x               00000000007AC2F1  h_psi__                   221  h_psi.f90
pw.x               00000000007ABD66  h_psi_                     71  h_psi.f90
pw.x               000000000086D8F3  pcegterg_                 905  cegterg.f90
pw.x               0000000000687E53  diag_bands_IP_dia        1028  c_bands.f90
pw.x               000000000068663C  diag_bands_               322  c_bands.f90
pw.x               0000000000685075  c_bands_                  132  c_bands.f90
pw.x               000000000040DEAE  electrons_scf_            689  electrons.f90
pw.x               000000000040B14D  electrons_                192  electrons.f90
pw.x               00000000005888D2  run_pwscf_                189  run_pwscf.f90
pw.x               00000000004084B4  MAIN__                     85  pwscf.f90
pw.x               000000000040831E  Unknown               Unknown  Unknown
libc-2.17.so       00002B12D6562C05  __libc_start_main     Unknown  Unknown
pw.x               0000000000408229  Unknown               Unknown  Unknown
forrtl: error (78): process killed (SIGTERM)
Image              PC                Routine            Line        Source             
pw.x               00000000010225FA  Unknown               Unknown  Unknown
libpthread-2.17.s  00002B9E8D51C5E0  Unknown               Unknown  Unknown
libmpi.so.12       00002B9E8C5273B6  PMPIDI_CH3I_Progr     Unknown  Unknown
libmpi.so.12.0     00002B9E8C6CA243  Unknown               Unknown  Unknown
libmpi.so.12.0     00002B9E8C4D9F46  Unknown               Unknown  Unknown
libmpi.so.12       00002B9E8C4DC0BF  MPI_Alltoall          Unknown  Unknown
libmpifort.so.12.  00002B9E8C08742E  mpi_alltoall__        Unknown  Unknown
pw.x               0000000000E3EB5D  fft_scatter_2d_mp         226  fft_scatter_2d.f90
pw.x               0000000000E55C59  fft_parallel_2d_m         193  fft_parallel_2d.f90
pw.x               0000000000E40DE8  fwfft_y_                  194  fft_fwinv.f90
pw.x               0000000000A30160  fft_wave_mp_wave_          66  fft_wave.f90
pw.x               000000000082C007  vloc_psi_k_               273  vloc_psi.f90
pw.x               00000000007AC2F1  h_psi__                   221  h_psi.f90
pw.x               00000000007ABD66  h_psi_                     71  h_psi.f90
pw.x               000000000086D8F3  pcegterg_                 905  cegterg.f90
pw.x               0000000000687E53  diag_bands_IP_dia        1028  c_bands.f90
pw.x               000000000068663C  diag_bands_               322  c_bands.f90
pw.x               0000000000685075  c_bands_                  132  c_bands.f90
pw.x               000000000040DEAE  electrons_scf_            689  electrons.f90
pw.x               000000000040B14D  electrons_                192  electrons.f90
pw.x               00000000005888D2  run_pwscf_                189  run_pwscf.f90
pw.x               00000000004084B4  MAIN__                     85  pwscf.f90
pw.x               000000000040831E  Unknown               Unknown  Unknown
libc-2.17.so       00002B9E8DDF0C05  __libc_start_main     Unknown  Unknown
pw.x               0000000000408229  Unknown               Unknown  Unknown
forrtl: error (78): process killed (SIGTERM)
Image              PC                Routine            Line        Source             
pw.x               00000000010225FA  Unknown               Unknown  Unknown
libpthread-2.17.s  00002B16ABE395E0  Unknown               Unknown  Unknown
libmpi.so.12       00002B16AAE43EB8  PMPIDI_CH3I_Progr     Unknown  Unknown
libmpi.so.12.0     00002B16AAFE7243  Unknown               Unknown  Unknown
libmpi.so.12.0     00002B16AADF6F46  Unknown               Unknown  Unknown
libmpi.so.12       00002B16AADF90BF  MPI_Alltoall          Unknown  Unknown
libmpifort.so.12.  00002B16AA9A442E  mpi_alltoall__        Unknown  Unknown
pw.x               0000000000E3EB5D  fft_scatter_2d_mp         226  fft_scatter_2d.f90
pw.x               0000000000E55C59  fft_parallel_2d_m         193  fft_parallel_2d.f90
pw.x               0000000000E40DE8  fwfft_y_                  194  fft_fwinv.f90
pw.x               0000000000A30160  fft_wave_mp_wave_          66  fft_wave.f90
pw.x               000000000082C007  vloc_psi_k_               273  vloc_psi.f90
pw.x               00000000007AC2F1  h_psi__                   221  h_psi.f90
pw.x               00000000007ABD66  h_psi_                     71  h_psi.f90
pw.x               000000000086D8F3  pcegterg_                 905  cegterg.f90
pw.x               0000000000687E53  diag_bands_IP_dia        1028  c_bands.f90
pw.x               000000000068663C  diag_bands_               322  c_bands.f90
pw.x               0000000000685075  c_bands_                  132  c_bands.f90
pw.x               000000000040DEAE  electrons_scf_            689  electrons.f90
pw.x               000000000040B14D  electrons_                192  electrons.f90
pw.x               00000000005888D2  run_pwscf_                189  run_pwscf.f90
pw.x               00000000004084B4  MAIN__                     85  pwscf.f90
pw.x               000000000040831E  Unknown               Unknown  Unknown
libc-2.17.so       00002B16AC70DC05  __libc_start_main     Unknown  Unknown
pw.x               0000000000408229  Unknown               Unknown  Unknown
forrtl: error (78): process killed (SIGTERM)
Image              PC                Routine            Line        Source             
pw.x               00000000010225FA  Unknown               Unknown  Unknown
libpthread-2.17.s  00002AAD01EA45E0  Unknown               Unknown  Unknown
libmpi.so.12       00002AAD00EAEEB8  PMPIDI_CH3I_Progr     Unknown  Unknown
libmpi.so.12.0     00002AAD01052243  Unknown               Unknown  Unknown
libmpi.so.12.0     00002AAD00E61F46  Unknown               Unknown  Unknown
libmpi.so.12       00002AAD00E640BF  MPI_Alltoall          Unknown  Unknown
libmpifort.so.12.  00002AAD00A0F42E  mpi_alltoall__        Unknown  Unknown
pw.x               0000000000E3EB5D  fft_scatter_2d_mp         226  fft_scatter_2d.f90
pw.x               0000000000E55C59  fft_parallel_2d_m         193  fft_parallel_2d.f90
pw.x               0000000000E40DE8  fwfft_y_                  194  fft_fwinv.f90
pw.x               0000000000A30160  fft_wave_mp_wave_          66  fft_wave.f90
pw.x               000000000082C007  vloc_psi_k_               273  vloc_psi.f90
pw.x               00000000007AC2F1  h_psi__                   221  h_psi.f90
pw.x               00000000007ABD66  h_psi_                     71  h_psi.f90
pw.x               000000000086D8F3  pcegterg_                 905  cegterg.f90
pw.x               0000000000687E53  diag_bands_IP_dia        1028  c_bands.f90
pw.x               000000000068663C  diag_bands_               322  c_bands.f90
pw.x               0000000000685075  c_bands_                  132  c_bands.f90
pw.x               000000000040DEAE  electrons_scf_            689  electrons.f90
pw.x               000000000040B14D  electrons_                192  electrons.f90
pw.x               00000000005888D2  run_pwscf_                189  run_pwscf.f90
pw.x               00000000004084B4  MAIN__                     85  pwscf.f90
pw.x               000000000040831E  Unknown               Unknown  Unknown
libc-2.17.so       00002AAD02778C05  __libc_start_main     Unknown  Unknown
pw.x               0000000000408229  Unknown               Unknown  Unknown
forrtl: error (78): process killed (SIGTERM)
Image              PC                Routine            Line        Source             
pw.x               00000000010225FA  Unknown               Unknown  Unknown
libpthread-2.17.s  00002B5A17C175E0  Unknown               Unknown  Unknown
libmpi.so.12       00002B5A16C21EB8  PMPIDI_CH3I_Progr     Unknown  Unknown
libmpi.so.12.0     00002B5A16DC5243  Unknown               Unknown  Unknown
libmpi.so.12.0     00002B5A16BD4F46  Unknown               Unknown  Unknown
libmpi.so.12       00002B5A16BD70BF  MPI_Alltoall          Unknown  Unknown
libmpifort.so.12.  00002B5A1678242E  mpi_alltoall__        Unknown  Unknown
pw.x               0000000000E3EB5D  fft_scatter_2d_mp         226  fft_scatter_2d.f90
pw.x               0000000000E55C59  fft_parallel_2d_m         193  fft_parallel_2d.f90
pw.x               0000000000E40DE8  fwfft_y_                  194  fft_fwinv.f90
pw.x               0000000000A30160  fft_wave_mp_wave_          66  fft_wave.f90
pw.x               000000000082C007  vloc_psi_k_               273  vloc_psi.f90
pw.x               00000000007AC2F1  h_psi__                   221  h_psi.f90
pw.x               00000000007ABD66  h_psi_                     71  h_psi.f90
pw.x               000000000086D8F3  pcegterg_                 905  cegterg.f90
pw.x               0000000000687E53  diag_bands_IP_dia        1028  c_bands.f90
pw.x               000000000068663C  diag_bands_               322  c_bands.f90
pw.x               0000000000685075  c_bands_                  132  c_bands.f90
pw.x               000000000040DEAE  electrons_scf_            689  electrons.f90
pw.x               000000000040B14D  electrons_                192  electrons.f90
pw.x               00000000005888D2  run_pwscf_                189  run_pwscf.f90
pw.x               00000000004084B4  MAIN__                     85  pwscf.f90
pw.x               000000000040831E  Unknown               Unknown  Unknown
libc-2.17.so       00002B5A184EBC05  __libc_start_main     Unknown  Unknown
pw.x               0000000000408229  Unknown               Unknown  Unknown
forrtl: error (78): process killed (SIGTERM)
Image              PC                Routine            Line        Source             
pw.x               00000000010225FA  Unknown               Unknown  Unknown
libpthread-2.17.s  00002AE4A3BE95E0  Unknown               Unknown  Unknown
libmpi.so.12       00002AE4A2BF3EB8  PMPIDI_CH3I_Progr     Unknown  Unknown
libmpi.so.12.0     00002AE4A2D97243  Unknown               Unknown  Unknown
libmpi.so.12.0     00002AE4A2BA6F46  Unknown               Unknown  Unknown
libmpi.so.12       00002AE4A2BA90BF  MPI_Alltoall          Unknown  Unknown
libmpifort.so.12.  00002AE4A275442E  mpi_alltoall__        Unknown  Unknown
pw.x               0000000000E3EB5D  fft_scatter_2d_mp         226  fft_scatter_2d.f90
pw.x               0000000000E55C59  fft_parallel_2d_m         193  fft_parallel_2d.f90
pw.x               0000000000E40DE8  fwfft_y_                  194  fft_fwinv.f90
pw.x               0000000000A30160  fft_wave_mp_wave_          66  fft_wave.f90
pw.x               000000000082C007  vloc_psi_k_               273  vloc_psi.f90
pw.x               00000000007AC2F1  h_psi__                   221  h_psi.f90
pw.x               00000000007ABD66  h_psi_                     71  h_psi.f90
pw.x               000000000086D8F3  pcegterg_                 905  cegterg.f90
pw.x               0000000000687E53  diag_bands_IP_dia        1028  c_bands.f90
pw.x               000000000068663C  diag_bands_               322  c_bands.f90
pw.x               0000000000685075  c_bands_                  132  c_bands.f90
pw.x               000000000040DEAE  electrons_scf_            689  electrons.f90
pw.x               000000000040B14D  electrons_                192  electrons.f90
pw.x               00000000005888D2  run_pwscf_                189  run_pwscf.f90
pw.x               00000000004084B4  MAIN__                     85  pwscf.f90
pw.x               000000000040831E  Unknown               Unknown  Unknown
libc-2.17.so       00002AE4A44BDC05  __libc_start_main     Unknown  Unknown
pw.x               0000000000408229  Unknown               Unknown  Unknown
forrtl: error (78): process killed (SIGTERM)
Image              PC                Routine            Line        Source             
pw.x               00000000010225FA  Unknown               Unknown  Unknown
libpthread-2.17.s  00002AFF7B72C5E0  Unknown               Unknown  Unknown
libmpi.so.12       00002AFF7A736EB8  PMPIDI_CH3I_Progr     Unknown  Unknown
libmpi.so.12.0     00002AFF7A8DA243  Unknown               Unknown  Unknown
libmpi.so.12.0     00002AFF7A6E9F46  Unknown               Unknown  Unknown
libmpi.so.12       00002AFF7A6EC0BF  MPI_Alltoall          Unknown  Unknown
libmpifort.so.12.  00002AFF7A29742E  mpi_alltoall__        Unknown  Unknown
pw.x               0000000000E3EB5D  fft_scatter_2d_mp         226  fft_scatter_2d.f90
pw.x               0000000000E55C59  fft_parallel_2d_m         193  fft_parallel_2d.f90
pw.x               0000000000E40DE8  fwfft_y_                  194  fft_fwinv.f90
pw.x               0000000000A30160  fft_wave_mp_wave_          66  fft_wave.f90
pw.x               000000000082C007  vloc_psi_k_               273  vloc_psi.f90
pw.x               00000000007AC2F1  h_psi__                   221  h_psi.f90
pw.x               00000000007ABD66  h_psi_                     71  h_psi.f90
pw.x               000000000086D8F3  pcegterg_                 905  cegterg.f90
pw.x               0000000000687E53  diag_bands_IP_dia        1028  c_bands.f90
pw.x               000000000068663C  diag_bands_               322  c_bands.f90
pw.x               0000000000685075  c_bands_                  132  c_bands.f90
pw.x               000000000040DEAE  electrons_scf_            689  electrons.f90
pw.x               000000000040B14D  electrons_                192  electrons.f90
pw.x               00000000005888D2  run_pwscf_                189  run_pwscf.f90
pw.x               00000000004084B4  MAIN__                     85  pwscf.f90
pw.x               000000000040831E  Unknown               Unknown  Unknown
libc-2.17.so       00002AFF7C000C05  __libc_start_main     Unknown  Unknown
pw.x               0000000000408229  Unknown               Unknown  Unknown
forrtl: error (78): process killed (SIGTERM)
Image              PC                Routine            Line        Source             
pw.x               00000000010225FA  Unknown               Unknown  Unknown
libpthread-2.17.s  00002B67FE9615E0  Unknown               Unknown  Unknown
libmpi.so.12       00002B67FD96C292  PMPIDI_CH3I_Progr     Unknown  Unknown
libmpi.so.12.0     00002B67FDB0F243  Unknown               Unknown  Unknown
libmpi.so.12.0     00002B67FD91EF46  Unknown               Unknown  Unknown
libmpi.so.12       00002B67FD9210BF  MPI_Alltoall          Unknown  Unknown
libmpifort.so.12.  00002B67FD4CC42E  mpi_alltoall__        Unknown  Unknown
pw.x               0000000000E3EB5D  fft_scatter_2d_mp         226  fft_scatter_2d.f90
pw.x               0000000000E55C59  fft_parallel_2d_m         193  fft_parallel_2d.f90
pw.x               0000000000E40DE8  fwfft_y_                  194  fft_fwinv.f90
pw.x               0000000000A30160  fft_wave_mp_wave_          66  fft_wave.f90
pw.x               000000000082C007  vloc_psi_k_               273  vloc_psi.f90
pw.x               00000000007AC2F1  h_psi__                   221  h_psi.f90
pw.x               00000000007ABD66  h_psi_                     71  h_psi.f90
pw.x               000000000086D8F3  pcegterg_                 905  cegterg.f90
pw.x               0000000000687E53  diag_bands_IP_dia        1028  c_bands.f90
pw.x               000000000068663C  diag_bands_               322  c_bands.f90
pw.x               0000000000685075  c_bands_                  132  c_bands.f90
pw.x               000000000040DEAE  electrons_scf_            689  electrons.f90
pw.x               000000000040B14D  electrons_                192  electrons.f90
pw.x               00000000005888D2  run_pwscf_                189  run_pwscf.f90
pw.x               00000000004084B4  MAIN__                     85  pwscf.f90
pw.x               000000000040831E  Unknown               Unknown  Unknown
libc-2.17.so       00002B67FF235C05  __libc_start_main     Unknown  Unknown
pw.x               0000000000408229  Unknown               Unknown  Unknown
forrtl: error (78): process killed (SIGTERM)
Image              PC                Routine            Line        Source             
pw.x               00000000010225FA  Unknown               Unknown  Unknown
libpthread-2.17.s  00002BA46D7EC5E0  Unknown               Unknown  Unknown
libmpi.so.12       00002BA46C7F6EBF  PMPIDI_CH3I_Progr     Unknown  Unknown
libmpi.so.12.0     00002BA46C99A243  Unknown               Unknown  Unknown
libmpi.so.12.0     00002BA46C7A9F46  Unknown               Unknown  Unknown
libmpi.so.12       00002BA46C7AC0BF  MPI_Alltoall          Unknown  Unknown
libmpifort.so.12.  00002BA46C35742E  mpi_alltoall__        Unknown  Unknown
pw.x               0000000000E3EB5D  fft_scatter_2d_mp         226  fft_scatter_2d.f90
pw.x               0000000000E55C59  fft_parallel_2d_m         193  fft_parallel_2d.f90
pw.x               0000000000E40DE8  fwfft_y_                  194  fft_fwinv.f90
pw.x               0000000000A30160  fft_wave_mp_wave_          66  fft_wave.f90
pw.x               000000000082C007  vloc_psi_k_               273  vloc_psi.f90
pw.x               00000000007AC2F1  h_psi__                   221  h_psi.f90
pw.x               00000000007ABD66  h_psi_                     71  h_psi.f90
pw.x               000000000086D8F3  pcegterg_                 905  cegterg.f90
pw.x               0000000000687E53  diag_bands_IP_dia        1028  c_bands.f90
pw.x               000000000068663C  diag_bands_               322  c_bands.f90
pw.x               0000000000685075  c_bands_                  132  c_bands.f90
pw.x               000000000040DEAE  electrons_scf_            689  electrons.f90
pw.x               000000000040B14D  electrons_                192  electrons.f90
pw.x               00000000005888D2  run_pwscf_                189  run_pwscf.f90
pw.x               00000000004084B4  MAIN__                     85  pwscf.f90
pw.x               000000000040831E  Unknown               Unknown  Unknown
libc-2.17.so       00002BA46E0C0C05  __libc_start_main     Unknown  Unknown
pw.x               0000000000408229  Unknown               Unknown  Unknown
forrtl: error (78): process killed (SIGTERM)
Image              PC                Routine            Line        Source             
pw.x               00000000010225FA  Unknown               Unknown  Unknown
libpthread-2.17.s  00002ACF5B04C5E0  Unknown               Unknown  Unknown
libmpi.so.12       00002ACF5A056EB8  PMPIDI_CH3I_Progr     Unknown  Unknown
libmpi.so.12.0     00002ACF5A1FA243  Unknown               Unknown  Unknown
libmpi.so.12.0     00002ACF5A009F46  Unknown               Unknown  Unknown
libmpi.so.12       00002ACF5A00C0BF  MPI_Alltoall          Unknown  Unknown
libmpifort.so.12.  00002ACF59BB742E  mpi_alltoall__        Unknown  Unknown
pw.x               0000000000E3EB5D  fft_scatter_2d_mp         226  fft_scatter_2d.f90
pw.x               0000000000E55C59  fft_parallel_2d_m         193  fft_parallel_2d.f90
pw.x               0000000000E40DE8  fwfft_y_                  194  fft_fwinv.f90
pw.x               0000000000A30160  fft_wave_mp_wave_          66  fft_wave.f90
pw.x               000000000082C007  vloc_psi_k_               273  vloc_psi.f90
pw.x               00000000007AC2F1  h_psi__                   221  h_psi.f90
pw.x               00000000007ABD66  h_psi_                     71  h_psi.f90
pw.x               000000000086D8F3  pcegterg_                 905  cegterg.f90
pw.x               0000000000687E53  diag_bands_IP_dia        1028  c_bands.f90
pw.x               000000000068663C  diag_bands_               322  c_bands.f90
pw.x               0000000000685075  c_bands_                  132  c_bands.f90
pw.x               000000000040DEAE  electrons_scf_            689  electrons.f90
pw.x               000000000040B14D  electrons_                192  electrons.f90
pw.x               00000000005888D2  run_pwscf_                189  run_pwscf.f90
pw.x               00000000004084B4  MAIN__                     85  pwscf.f90
pw.x               000000000040831E  Unknown               Unknown  Unknown
libc-2.17.so       00002ACF5B920C05  __libc_start_main     Unknown  Unknown
pw.x               0000000000408229  Unknown               Unknown  Unknown
forrtl: error (78): process killed (SIGTERM)
Image              PC                Routine            Line        Source             
pw.x               00000000010225FA  Unknown               Unknown  Unknown
libpthread-2.17.s  00002AD6807815E0  Unknown               Unknown  Unknown
libmpi.so.12       00002AD67F78BEB8  PMPIDI_CH3I_Progr     Unknown  Unknown
libmpi.so.12.0     00002AD67F92F243  Unknown               Unknown  Unknown
libmpi.so.12.0     00002AD67F73EF46  Unknown               Unknown  Unknown
libmpi.so.12       00002AD67F7410BF  MPI_Alltoall          Unknown  Unknown
libmpifort.so.12.  00002AD67F2EC42E  mpi_alltoall__        Unknown  Unknown
pw.x               0000000000E3EB5D  fft_scatter_2d_mp         226  fft_scatter_2d.f90
pw.x               0000000000E55C59  fft_parallel_2d_m         193  fft_parallel_2d.f90
pw.x               0000000000E40DE8  fwfft_y_                  194  fft_fwinv.f90
pw.x               0000000000A30160  fft_wave_mp_wave_          66  fft_wave.f90
pw.x               000000000082C007  vloc_psi_k_               273  vloc_psi.f90
pw.x               00000000007AC2F1  h_psi__                   221  h_psi.f90
pw.x               00000000007ABD66  h_psi_                     71  h_psi.f90
pw.x               000000000086D8F3  pcegterg_                 905  cegterg.f90
pw.x               0000000000687E53  diag_bands_IP_dia        1028  c_bands.f90
pw.x               000000000068663C  diag_bands_               322  c_bands.f90
pw.x               0000000000685075  c_bands_                  132  c_bands.f90
pw.x               000000000040DEAE  electrons_scf_            689  electrons.f90
pw.x               000000000040B14D  electrons_                192  electrons.f90
pw.x               00000000005888D2  run_pwscf_                189  run_pwscf.f90
pw.x               00000000004084B4  MAIN__                     85  pwscf.f90
pw.x               000000000040831E  Unknown               Unknown  Unknown
libc-2.17.so       00002AD681055C05  __libc_start_main     Unknown  Unknown
pw.x               0000000000408229  Unknown               Unknown  Unknown
forrtl: error (78): process killed (SIGTERM)
Image              PC                Routine            Line        Source             
pw.x               00000000010225FA  Unknown               Unknown  Unknown
libpthread-2.17.s  00002AB9F46FC5E0  Unknown               Unknown  Unknown
libmpi.so.12       00002AB9F3706EB8  PMPIDI_CH3I_Progr     Unknown  Unknown
libmpi.so.12.0     00002AB9F38AA243  Unknown               Unknown  Unknown
libmpi.so.12.0     00002AB9F36B9F46  Unknown               Unknown  Unknown
libmpi.so.12       00002AB9F36BC0BF  MPI_Alltoall          Unknown  Unknown
libmpifort.so.12.  00002AB9F326742E  mpi_alltoall__        Unknown  Unknown
pw.x               0000000000E3EB5D  fft_scatter_2d_mp         226  fft_scatter_2d.f90
pw.x               0000000000E55C59  fft_parallel_2d_m         193  fft_parallel_2d.f90
pw.x               0000000000E40DE8  fwfft_y_                  194  fft_fwinv.f90
pw.x               0000000000A30160  fft_wave_mp_wave_          66  fft_wave.f90
pw.x               000000000082C007  vloc_psi_k_               273  vloc_psi.f90
pw.x               00000000007AC2F1  h_psi__                   221  h_psi.f90
pw.x               00000000007ABD66  h_psi_                     71  h_psi.f90
pw.x               000000000086D8F3  pcegterg_                 905  cegterg.f90
pw.x               0000000000687E53  diag_bands_IP_dia        1028  c_bands.f90
pw.x               000000000068663C  diag_bands_               322  c_bands.f90
pw.x               0000000000685075  c_bands_                  132  c_bands.f90
pw.x               000000000040DEAE  electrons_scf_            689  electrons.f90
pw.x               000000000040B14D  electrons_                192  electrons.f90
pw.x               00000000005888D2  run_pwscf_                189  run_pwscf.f90
pw.x               00000000004084B4  MAIN__                     85  pwscf.f90
pw.x               000000000040831E  Unknown               Unknown  Unknown
libc-2.17.so       00002AB9F4FD0C05  __libc_start_main     Unknown  Unknown
pw.x               0000000000408229  Unknown               Unknown  Unknown
forrtl: error (78): process killed (SIGTERM)
Image              PC                Routine            Line        Source             
pw.x               00000000010225FA  Unknown               Unknown  Unknown
libpthread-2.17.s  00002B9B09A355E0  Unknown               Unknown  Unknown
libmpi.so.12       00002B9B08A3FEBF  PMPIDI_CH3I_Progr     Unknown  Unknown
libmpi.so.12.0     00002B9B08BE3243  Unknown               Unknown  Unknown
libmpi.so.12.0     00002B9B089F2F46  Unknown               Unknown  Unknown
libmpi.so.12       00002B9B089F50BF  MPI_Alltoall          Unknown  Unknown
libmpifort.so.12.  00002B9B085A042E  mpi_alltoall__        Unknown  Unknown
pw.x               0000000000E3EB5D  fft_scatter_2d_mp         226  fft_scatter_2d.f90
pw.x               0000000000E55C59  fft_parallel_2d_m         193  fft_parallel_2d.f90
pw.x               0000000000E40DE8  fwfft_y_                  194  fft_fwinv.f90
pw.x               0000000000A30160  fft_wave_mp_wave_          66  fft_wave.f90
pw.x               000000000082C007  vloc_psi_k_               273  vloc_psi.f90
pw.x               00000000007AC2F1  h_psi__                   221  h_psi.f90
pw.x               00000000007ABD66  h_psi_                     71  h_psi.f90
pw.x               000000000086D8F3  pcegterg_                 905  cegterg.f90
pw.x               0000000000687E53  diag_bands_IP_dia        1028  c_bands.f90
pw.x               000000000068663C  diag_bands_               322  c_bands.f90
pw.x               0000000000685075  c_bands_                  132  c_bands.f90
pw.x               000000000040DEAE  electrons_scf_            689  electrons.f90
pw.x               000000000040B14D  electrons_                192  electrons.f90
pw.x               00000000005888D2  run_pwscf_                189  run_pwscf.f90
pw.x               00000000004084B4  MAIN__                     85  pwscf.f90
pw.x               000000000040831E  Unknown               Unknown  Unknown
libc-2.17.so       00002B9B0A309C05  __libc_start_main     Unknown  Unknown
pw.x               0000000000408229  Unknown               Unknown  Unknown
forrtl: error (78): process killed (SIGTERM)
Image              PC                Routine            Line        Source             
pw.x               00000000010225FA  Unknown               Unknown  Unknown
libpthread-2.17.s  00002B699B22B5E0  Unknown               Unknown  Unknown
libmpi.so.12       00002B699A235EB8  PMPIDI_CH3I_Progr     Unknown  Unknown
libmpi.so.12.0     00002B699A3D9243  Unknown               Unknown  Unknown
libmpi.so.12.0     00002B699A1E8F46  Unknown               Unknown  Unknown
libmpi.so.12       00002B699A1EB0BF  MPI_Alltoall          Unknown  Unknown
libmpifort.so.12.  00002B6999D9642E  mpi_alltoall__        Unknown  Unknown
pw.x               0000000000E3EB5D  fft_scatter_2d_mp         226  fft_scatter_2d.f90
pw.x               0000000000E55C59  fft_parallel_2d_m         193  fft_parallel_2d.f90
pw.x               0000000000E40DE8  fwfft_y_                  194  fft_fwinv.f90
pw.x               0000000000A30160  fft_wave_mp_wave_          66  fft_wave.f90
pw.x               000000000082C007  vloc_psi_k_               273  vloc_psi.f90
pw.x               00000000007AC2F1  h_psi__                   221  h_psi.f90
pw.x               00000000007ABD66  h_psi_                     71  h_psi.f90
pw.x               000000000086D8F3  pcegterg_                 905  cegterg.f90
pw.x               0000000000687E53  diag_bands_IP_dia        1028  c_bands.f90
pw.x               000000000068663C  diag_bands_               322  c_bands.f90
pw.x               0000000000685075  c_bands_                  132  c_bands.f90
pw.x               000000000040DEAE  electrons_scf_            689  electrons.f90
pw.x               000000000040B14D  electrons_                192  electrons.f90
pw.x               00000000005888D2  run_pwscf_                189  run_pwscf.f90
pw.x               00000000004084B4  MAIN__                     85  pwscf.f90
pw.x               000000000040831E  Unknown               Unknown  Unknown
libc-2.17.so       00002B699BAFFC05  __libc_start_main     Unknown  Unknown
pw.x               0000000000408229  Unknown               Unknown  Unknown
forrtl: error (78): process killed (SIGTERM)
Image              PC                Routine            Line        Source             
pw.x               00000000010225FA  Unknown               Unknown  Unknown
libpthread-2.17.s  00002B77D9AD15E0  Unknown               Unknown  Unknown
libmpi.so.12       00002B77D8ADBEB8  PMPIDI_CH3I_Progr     Unknown  Unknown
libmpi.so.12.0     00002B77D8C7F243  Unknown               Unknown  Unknown
libmpi.so.12.0     00002B77D8A8EF46  Unknown               Unknown  Unknown
libmpi.so.12       00002B77D8A910BF  MPI_Alltoall          Unknown  Unknown
libmpifort.so.12.  00002B77D863C42E  mpi_alltoall__        Unknown  Unknown
pw.x               0000000000E3EB5D  fft_scatter_2d_mp         226  fft_scatter_2d.f90
pw.x               0000000000E55C59  fft_parallel_2d_m         193  fft_parallel_2d.f90
pw.x               0000000000E40DE8  fwfft_y_                  194  fft_fwinv.f90
pw.x               0000000000A30160  fft_wave_mp_wave_          66  fft_wave.f90
pw.x               000000000082C007  vloc_psi_k_               273  vloc_psi.f90
pw.x               00000000007AC2F1  h_psi__                   221  h_psi.f90
pw.x               00000000007ABD66  h_psi_                     71  h_psi.f90
pw.x               000000000086D8F3  pcegterg_                 905  cegterg.f90
pw.x               0000000000687E53  diag_bands_IP_dia        1028  c_bands.f90
pw.x               000000000068663C  diag_bands_               322  c_bands.f90
pw.x               0000000000685075  c_bands_                  132  c_bands.f90
pw.x               000000000040DEAE  electrons_scf_            689  electrons.f90
pw.x               000000000040B14D  electrons_                192  electrons.f90
pw.x               00000000005888D2  run_pwscf_                189  run_pwscf.f90
pw.x               00000000004084B4  MAIN__                     85  pwscf.f90
pw.x               000000000040831E  Unknown               Unknown  Unknown
libc-2.17.so       00002B77DA3A5C05  __libc_start_main     Unknown  Unknown
pw.x               0000000000408229  Unknown               Unknown  Unknown
forrtl: error (78): process killed (SIGTERM)
Image              PC                Routine            Line        Source             
pw.x               00000000010225FA  Unknown               Unknown  Unknown
libpthread-2.17.s  00002ADD543555E0  Unknown               Unknown  Unknown
libmpi.so.12       00002ADD5335FEBF  PMPIDI_CH3I_Progr     Unknown  Unknown
libmpi.so.12.0     00002ADD53503243  Unknown               Unknown  Unknown
libmpi.so.12.0     00002ADD53312F46  Unknown               Unknown  Unknown
libmpi.so.12       00002ADD533150BF  MPI_Alltoall          Unknown  Unknown
libmpifort.so.12.  00002ADD52EC042E  mpi_alltoall__        Unknown  Unknown
pw.x               0000000000E3EB5D  fft_scatter_2d_mp         226  fft_scatter_2d.f90
pw.x               0000000000E55C59  fft_parallel_2d_m         193  fft_parallel_2d.f90
pw.x               0000000000E40DE8  fwfft_y_                  194  fft_fwinv.f90
pw.x               0000000000A30160  fft_wave_mp_wave_          66  fft_wave.f90
pw.x               000000000082C007  vloc_psi_k_               273  vloc_psi.f90
pw.x               00000000007AC2F1  h_psi__                   221  h_psi.f90
pw.x               00000000007ABD66  h_psi_                     71  h_psi.f90
pw.x               000000000086D8F3  pcegterg_                 905  cegterg.f90
pw.x               0000000000687E53  diag_bands_IP_dia        1028  c_bands.f90
pw.x               000000000068663C  diag_bands_               322  c_bands.f90
pw.x               0000000000685075  c_bands_                  132  c_bands.f90
pw.x               000000000040DEAE  electrons_scf_            689  electrons.f90
pw.x               000000000040B14D  electrons_                192  electrons.f90
pw.x               00000000005888D2  run_pwscf_                189  run_pwscf.f90
pw.x               00000000004084B4  MAIN__                     85  pwscf.f90
pw.x               000000000040831E  Unknown               Unknown  Unknown
libc-2.17.so       00002ADD54C29C05  __libc_start_main     Unknown  Unknown
pw.x               0000000000408229  Unknown               Unknown  Unknown
forrtl: error (78): process killed (SIGTERM)
Image              PC                Routine            Line        Source             
pw.x               00000000010225FA  Unknown               Unknown  Unknown
libpthread-2.17.s  00002B638B3415E0  Unknown               Unknown  Unknown
libmpi.so.12       00002B638A34BEB8  PMPIDI_CH3I_Progr     Unknown  Unknown
libmpi.so.12.0     00002B638A4EF243  Unknown               Unknown  Unknown
libmpi.so.12.0     00002B638A2FEF46  Unknown               Unknown  Unknown
libmpi.so.12       00002B638A3010BF  MPI_Alltoall          Unknown  Unknown
libmpifort.so.12.  00002B6389EAC42E  mpi_alltoall__        Unknown  Unknown
pw.x               0000000000E3EB5D  fft_scatter_2d_mp         226  fft_scatter_2d.f90
pw.x               0000000000E55C59  fft_parallel_2d_m         193  fft_parallel_2d.f90
pw.x               0000000000E40DE8  fwfft_y_                  194  fft_fwinv.f90
pw.x               0000000000A30160  fft_wave_mp_wave_          66  fft_wave.f90
pw.x               000000000082C007  vloc_psi_k_               273  vloc_psi.f90
pw.x               00000000007AC2F1  h_psi__                   221  h_psi.f90
pw.x               00000000007ABD66  h_psi_                     71  h_psi.f90
pw.x               000000000086D8F3  pcegterg_                 905  cegterg.f90
pw.x               0000000000687E53  diag_bands_IP_dia        1028  c_bands.f90
pw.x               000000000068663C  diag_bands_               322  c_bands.f90
pw.x               0000000000685075  c_bands_                  132  c_bands.f90
pw.x               000000000040DEAE  electrons_scf_            689  electrons.f90
pw.x               000000000040B14D  electrons_                192  electrons.f90
pw.x               00000000005888D2  run_pwscf_                189  run_pwscf.f90
pw.x               00000000004084B4  MAIN__                     85  pwscf.f90
pw.x               000000000040831E  Unknown               Unknown  Unknown
libc-2.17.so       00002B638BC15C05  __libc_start_main     Unknown  Unknown
pw.x               0000000000408229  Unknown               Unknown  Unknown
forrtl: error (78): process killed (SIGTERM)
Image              PC                Routine            Line        Source             
pw.x               00000000010225FA  Unknown               Unknown  Unknown
libpthread-2.17.s  00002B2CE17EC5E0  Unknown               Unknown  Unknown
libmpi.so.12       00002B2CE07F6EB8  PMPIDI_CH3I_Progr     Unknown  Unknown
libmpi.so.12.0     00002B2CE099A243  Unknown               Unknown  Unknown
libmpi.so.12.0     00002B2CE07A9F46  Unknown               Unknown  Unknown
libmpi.so.12       00002B2CE07AC0BF  MPI_Alltoall          Unknown  Unknown
libmpifort.so.12.  00002B2CE035742E  mpi_alltoall__        Unknown  Unknown
pw.x               0000000000E3EB5D  fft_scatter_2d_mp         226  fft_scatter_2d.f90
pw.x               0000000000E55C59  fft_parallel_2d_m         193  fft_parallel_2d.f90
pw.x               0000000000E40DE8  fwfft_y_                  194  fft_fwinv.f90
pw.x               0000000000A30160  fft_wave_mp_wave_          66  fft_wave.f90
pw.x               000000000082C007  vloc_psi_k_               273  vloc_psi.f90
pw.x               00000000007AC2F1  h_psi__                   221  h_psi.f90
pw.x               00000000007ABD66  h_psi_                     71  h_psi.f90
pw.x               000000000086D8F3  pcegterg_                 905  cegterg.f90
pw.x               0000000000687E53  diag_bands_IP_dia        1028  c_bands.f90
pw.x               000000000068663C  diag_bands_               322  c_bands.f90
pw.x               0000000000685075  c_bands_                  132  c_bands.f90
pw.x               000000000040DEAE  electrons_scf_            689  electrons.f90
pw.x               000000000040B14D  electrons_                192  electrons.f90
pw.x               00000000005888D2  run_pwscf_                189  run_pwscf.f90
pw.x               00000000004084B4  MAIN__                     85  pwscf.f90
pw.x               000000000040831E  Unknown               Unknown  Unknown
libc-2.17.so       00002B2CE20C0C05  __libc_start_main     Unknown  Unknown
pw.x               0000000000408229  Unknown               Unknown  Unknown
forrtl: error (78): process killed (SIGTERM)
Image              PC                Routine            Line        Source             
pw.x               00000000010225FA  Unknown               Unknown  Unknown
libpthread-2.17.s  00002B344CE6F5E0  Unknown               Unknown  Unknown
libmpi.so.12       00002B344BE79EB8  PMPIDI_CH3I_Progr     Unknown  Unknown
libmpi.so.12.0     00002B344C01D243  Unknown               Unknown  Unknown
libmpi.so.12.0     00002B344BE2CF46  Unknown               Unknown  Unknown
libmpi.so.12       00002B344BE2F0BF  MPI_Alltoall          Unknown  Unknown
libmpifort.so.12.  00002B344B9DA42E  mpi_alltoall__        Unknown  Unknown
pw.x               0000000000E3EB5D  fft_scatter_2d_mp         226  fft_scatter_2d.f90
pw.x               0000000000E55C59  fft_parallel_2d_m         193  fft_parallel_2d.f90
pw.x               0000000000E40DE8  fwfft_y_                  194  fft_fwinv.f90
pw.x               0000000000A30160  fft_wave_mp_wave_          66  fft_wave.f90
pw.x               000000000082C007  vloc_psi_k_               273  vloc_psi.f90
pw.x               00000000007AC2F1  h_psi__                   221  h_psi.f90
pw.x               00000000007ABD66  h_psi_                     71  h_psi.f90
pw.x               000000000086D8F3  pcegterg_                 905  cegterg.f90
pw.x               0000000000687E53  diag_bands_IP_dia        1028  c_bands.f90
pw.x               000000000068663C  diag_bands_               322  c_bands.f90
pw.x               0000000000685075  c_bands_                  132  c_bands.f90
pw.x               000000000040DEAE  electrons_scf_            689  electrons.f90
pw.x               000000000040B14D  electrons_                192  electrons.f90
pw.x               00000000005888D2  run_pwscf_                189  run_pwscf.f90
pw.x               00000000004084B4  MAIN__                     85  pwscf.f90
pw.x               000000000040831E  Unknown               Unknown  Unknown
libc-2.17.so       00002B344D743C05  __libc_start_main     Unknown  Unknown
pw.x               0000000000408229  Unknown               Unknown  Unknown
forrtl: error (78): process killed (SIGTERM)
Image              PC                Routine            Line        Source             
pw.x               00000000010225FA  Unknown               Unknown  Unknown
libpthread-2.17.s  00002AB0DA38C5E0  Unknown               Unknown  Unknown
libmpi.so.12       00002AB0D9396EB8  PMPIDI_CH3I_Progr     Unknown  Unknown
libmpi.so.12.0     00002AB0D953A243  Unknown               Unknown  Unknown
libmpi.so.12.0     00002AB0D9349F46  Unknown               Unknown  Unknown
libmpi.so.12       00002AB0D934C0BF  MPI_Alltoall          Unknown  Unknown
libmpifort.so.12.  00002AB0D8EF742E  mpi_alltoall__        Unknown  Unknown
pw.x               0000000000E3EB5D  fft_scatter_2d_mp         226  fft_scatter_2d.f90
pw.x               0000000000E55C59  fft_parallel_2d_m         193  fft_parallel_2d.f90
pw.x               0000000000E40DE8  fwfft_y_                  194  fft_fwinv.f90
pw.x               0000000000A30160  fft_wave_mp_wave_          66  fft_wave.f90
pw.x               000000000082C007  vloc_psi_k_               273  vloc_psi.f90
pw.x               00000000007AC2F1  h_psi__                   221  h_psi.f90
pw.x               00000000007ABD66  h_psi_                     71  h_psi.f90
pw.x               000000000086D8F3  pcegterg_                 905  cegterg.f90
pw.x               0000000000687E53  diag_bands_IP_dia        1028  c_bands.f90
pw.x               000000000068663C  diag_bands_               322  c_bands.f90
pw.x               0000000000685075  c_bands_                  132  c_bands.f90
pw.x               000000000040DEAE  electrons_scf_            689  electrons.f90
pw.x               000000000040B14D  electrons_                192  electrons.f90
pw.x               00000000005888D2  run_pwscf_                189  run_pwscf.f90
pw.x               00000000004084B4  MAIN__                     85  pwscf.f90
pw.x               000000000040831E  Unknown               Unknown  Unknown
libc-2.17.so       00002AB0DAC60C05  __libc_start_main     Unknown  Unknown
pw.x               0000000000408229  Unknown               Unknown  Unknown
forrtl: error (78): process killed (SIGTERM)
Image              PC                Routine            Line        Source             
pw.x               00000000010225FA  Unknown               Unknown  Unknown
libpthread-2.17.s  00002B04B1D755E0  Unknown               Unknown  Unknown
pw.x               0000000001022490  Unknown               Unknown  Unknown
libpthread-2.17.s  00002B04B1D755E0  Unknown               Unknown  Unknown
libmpi.so.12       00002B04B0D7FEB8  PMPIDI_CH3I_Progr     Unknown  Unknown
libmpi.so.12.0     00002B04B0F23243  Unknown               Unknown  Unknown
libmpi.so.12.0     00002B04B0D32F46  Unknown               Unknown  Unknown
libmpi.so.12       00002B04B0D350BF  MPI_Alltoall          Unknown  Unknown
libmpifort.so.12.  00002B04B08E042E  mpi_alltoall__        Unknown  Unknown
pw.x               0000000000E3EB5D  fft_scatter_2d_mp         226  fft_scatter_2d.f90
pw.x               0000000000E55C59  fft_parallel_2d_m         193  fft_parallel_2d.f90
pw.x               0000000000E40DE8  fwfft_y_                  194  fft_fwinv.f90
pw.x               0000000000A30160  fft_wave_mp_wave_          66  fft_wave.f90
pw.x               000000000082C007  vloc_psi_k_               273  vloc_psi.f90
pw.x               00000000007AC2F1  h_psi__                   221  h_psi.f90
pw.x               00000000007ABD66  h_psi_                     71  h_psi.f90
pw.x               000000000086D8F3  pcegterg_                 905  cegterg.f90
pw.x               0000000000687E53  diag_bands_IP_dia        1028  c_bands.f90
pw.x               000000000068663C  diag_bands_               322  c_bands.f90
pw.x               0000000000685075  c_bands_                  132  c_bands.f90
pw.x               000000000040DEAE  electrons_scf_            689  electrons.f90
pw.x               000000000040B14D  electrons_                192  electrons.f90
pw.x               00000000005888D2  run_pwscf_                189  run_pwscf.f90
pw.x               00000000004084B4  MAIN__                     85  pwscf.f90
pw.x               000000000040831E  Unknown               Unknown  Unknown
libc-2.17.so       00002B04B2649C05  __libc_start_main     Unknown  Unknown
pw.x               0000000000408229  Unknown               Unknown  Unknown
forrtl: error (78): process killed (SIGTERM)
Image              PC                Routine            Line        Source             
pw.x               00000000010225FA  Unknown               Unknown  Unknown
libpthread-2.17.s  00002B7FA7F8A5E0  Unknown               Unknown  Unknown
pw.x               0000000001022490  Unknown               Unknown  Unknown
libpthread-2.17.s  00002B7FA7F8A5E0  Unknown               Unknown  Unknown
libmpi.so.12       00002B7FA6F95292  PMPIDI_CH3I_Progr     Unknown  Unknown
libmpi.so.12.0     00002B7FA7138243  Unknown               Unknown  Unknown
libmpi.so.12.0     00002B7FA6F47F46  Unknown               Unknown  Unknown
libmpi.so.12       00002B7FA6F4A0BF  MPI_Alltoall          Unknown  Unknown
libmpifort.so.12.  00002B7FA6AF542E  mpi_alltoall__        Unknown  Unknown
pw.x               0000000000E3EB5D  fft_scatter_2d_mp         226  fft_scatter_2d.f90
pw.x               0000000000E55C59  fft_parallel_2d_m         193  fft_parallel_2d.f90
pw.x               0000000000E40DE8  fwfft_y_                  194  fft_fwinv.f90
pw.x               0000000000A30160  fft_wave_mp_wave_          66  fft_wave.f90
pw.x               000000000082C007  vloc_psi_k_               273  vloc_psi.f90
pw.x               00000000007AC2F1  h_psi__                   221  h_psi.f90
pw.x               00000000007ABD66  h_psi_                     71  h_psi.f90
pw.x               000000000086D8F3  pcegterg_                 905  cegterg.f90
pw.x               0000000000687E53  diag_bands_IP_dia        1028  c_bands.f90
pw.x               000000000068663C  diag_bands_               322  c_bands.f90
pw.x               0000000000685075  c_bands_                  132  c_bands.f90
pw.x               000000000040DEAE  electrons_scf_            689  electrons.f90
pw.x               000000000040B14D  electrons_                192  electrons.f90
pw.x               00000000005888D2  run_pwscf_                189  run_pwscf.f90
pw.x               00000000004084B4  MAIN__                     85  pwscf.f90
pw.x               000000000040831E  Unknown               Unknown  Unknown
libc-2.17.so       00002B7FA885EC05  __libc_start_main     Unknown  Unknown
pw.x               0000000000408229  Unknown               Unknown  Unknown
forrtl: error (78): process killed (SIGTERM)
Image              PC                Routine            Line        Source             
pw.x               00000000010225FA  Unknown               Unknown  Unknown
libpthread-2.17.s  00002B87157825E0  Unknown               Unknown  Unknown
libmpi.so.12       00002B871478CEBF  PMPIDI_CH3I_Progr     Unknown  Unknown
libmpi.so.12.0     00002B8714930243  Unknown               Unknown  Unknown
libmpi.so.12.0     00002B871473FF46  Unknown               Unknown  Unknown
libmpi.so.12       00002B87147420BF  MPI_Alltoall          Unknown  Unknown
libmpifort.so.12.  00002B87142ED42E  mpi_alltoall__        Unknown  Unknown
pw.x               0000000000E3EB5D  fft_scatter_2d_mp         226  fft_scatter_2d.f90
pw.x               0000000000E55C59  fft_parallel_2d_m         193  fft_parallel_2d.f90
pw.x               0000000000E40DE8  fwfft_y_                  194  fft_fwinv.f90
pw.x               0000000000A30160  fft_wave_mp_wave_          66  fft_wave.f90
pw.x               000000000082C007  vloc_psi_k_               273  vloc_psi.f90
pw.x               00000000007AC2F1  h_psi__                   221  h_psi.f90
pw.x               00000000007ABD66  h_psi_                     71  h_psi.f90
pw.x               000000000086D8F3  pcegterg_                 905  cegterg.f90
pw.x               0000000000687E53  diag_bands_IP_dia        1028  c_bands.f90
pw.x               000000000068663C  diag_bands_               322  c_bands.f90
pw.x               0000000000685075  c_bands_                  132  c_bands.f90
pw.x               000000000040DEAE  electrons_scf_            689  electrons.f90
pw.x               000000000040B14D  electrons_                192  electrons.f90
pw.x               00000000005888D2  run_pwscf_                189  run_pwscf.f90
pw.x               00000000004084B4  MAIN__                     85  pwscf.f90
pw.x               000000000040831E  Unknown               Unknown  Unknown
libc-2.17.so       00002B8716056C05  __libc_start_main     Unknown  Unknown
pw.x               0000000000408229  Unknown               Unknown  Unknown
forrtl: error (78): process killed (SIGTERM)
Image              PC                Routine            Line        Source             
pw.x               00000000010225FA  Unknown               Unknown  Unknown
libpthread-2.17.s  00002AB4BEB255E0  Unknown               Unknown  Unknown
libmpi.so.12       00002AB4BDB2FEBF  PMPIDI_CH3I_Progr     Unknown  Unknown
libmpi.so.12.0     00002AB4BDCD3243  Unknown               Unknown  Unknown
libmpi.so.12.0     00002AB4BDAE2F46  Unknown               Unknown  Unknown
libmpi.so.12       00002AB4BDAE50BF  MPI_Alltoall          Unknown  Unknown
libmpifort.so.12.  00002AB4BD69042E  mpi_alltoall__        Unknown  Unknown
pw.x               0000000000E3EB5D  fft_scatter_2d_mp         226  fft_scatter_2d.f90
pw.x               0000000000E55C59  fft_parallel_2d_m         193  fft_parallel_2d.f90
pw.x               0000000000E40DE8  fwfft_y_                  194  fft_fwinv.f90
pw.x               0000000000A30160  fft_wave_mp_wave_          66  fft_wave.f90
pw.x               000000000082C007  vloc_psi_k_               273  vloc_psi.f90
pw.x               00000000007AC2F1  h_psi__                   221  h_psi.f90
pw.x               00000000007ABD66  h_psi_                     71  h_psi.f90
pw.x               000000000086D8F3  pcegterg_                 905  cegterg.f90
pw.x               0000000000687E53  diag_bands_IP_dia        1028  c_bands.f90
pw.x               000000000068663C  diag_bands_               322  c_bands.f90
pw.x               0000000000685075  c_bands_                  132  c_bands.f90
pw.x               000000000040DEAE  electrons_scf_            689  electrons.f90
pw.x               000000000040B14D  electrons_                192  electrons.f90
pw.x               00000000005888D2  run_pwscf_                189  run_pwscf.f90
pw.x               00000000004084B4  MAIN__                     85  pwscf.f90
pw.x               000000000040831E  Unknown               Unknown  Unknown
libc-2.17.so       00002AB4BF3F9C05  __libc_start_main     Unknown  Unknown
pw.x               0000000000408229  Unknown               Unknown  Unknown
forrtl: error (78): process killed (SIGTERM)
Image              PC                Routine            Line        Source             
pw.x               00000000010225FA  Unknown               Unknown  Unknown
libpthread-2.17.s  00002B2345D9C5E0  Unknown               Unknown  Unknown
libmpi.so.12       00002B2344DA6EB8  PMPIDI_CH3I_Progr     Unknown  Unknown
libmpi.so.12.0     00002B2344F4A243  Unknown               Unknown  Unknown
libmpi.so.12.0     00002B2344D59F46  Unknown               Unknown  Unknown
libmpi.so.12       00002B2344D5C0BF  MPI_Alltoall          Unknown  Unknown
libmpifort.so.12.  00002B234490742E  mpi_alltoall__        Unknown  Unknown
pw.x               0000000000E3EB5D  fft_scatter_2d_mp         226  fft_scatter_2d.f90
pw.x               0000000000E55C59  fft_parallel_2d_m         193  fft_parallel_2d.f90
pw.x               0000000000E40DE8  fwfft_y_                  194  fft_fwinv.f90
pw.x               0000000000A30160  fft_wave_mp_wave_          66  fft_wave.f90
pw.x               000000000082C007  vloc_psi_k_               273  vloc_psi.f90
pw.x               00000000007AC2F1  h_psi__                   221  h_psi.f90
pw.x               00000000007ABD66  h_psi_                     71  h_psi.f90
pw.x               000000000086D8F3  pcegterg_                 905  cegterg.f90
pw.x               0000000000687E53  diag_bands_IP_dia        1028  c_bands.f90
pw.x               000000000068663C  diag_bands_               322  c_bands.f90
pw.x               0000000000685075  c_bands_                  132  c_bands.f90
pw.x               000000000040DEAE  electrons_scf_            689  electrons.f90
pw.x               000000000040B14D  electrons_                192  electrons.f90
pw.x               00000000005888D2  run_pwscf_                189  run_pwscf.f90
pw.x               00000000004084B4  MAIN__                     85  pwscf.f90
pw.x               000000000040831E  Unknown               Unknown  Unknown
libc-2.17.so       00002B2346670C05  __libc_start_main     Unknown  Unknown
pw.x               0000000000408229  Unknown               Unknown  Unknown
forrtl: error (78): process killed (SIGTERM)
Image              PC                Routine            Line        Source             
pw.x               00000000010225FA  Unknown               Unknown  Unknown
libpthread-2.17.s  00002AFDA3E9F5E0  Unknown               Unknown  Unknown
libmpi.so.12       00002AFDA2EA9EB8  PMPIDI_CH3I_Progr     Unknown  Unknown
libmpi.so.12.0     00002AFDA304D243  Unknown               Unknown  Unknown
libmpi.so.12.0     00002AFDA2E5CF46  Unknown               Unknown  Unknown
libmpi.so.12       00002AFDA2E5F0BF  MPI_Alltoall          Unknown  Unknown
libmpifort.so.12.  00002AFDA2A0A42E  mpi_alltoall__        Unknown  Unknown
pw.x               0000000000E3EB5D  fft_scatter_2d_mp         226  fft_scatter_2d.f90
pw.x               0000000000E55C59  fft_parallel_2d_m         193  fft_parallel_2d.f90
pw.x               0000000000E40DE8  fwfft_y_                  194  fft_fwinv.f90
pw.x               0000000000A30160  fft_wave_mp_wave_          66  fft_wave.f90
pw.x               000000000082C007  vloc_psi_k_               273  vloc_psi.f90
pw.x               00000000007AC2F1  h_psi__                   221  h_psi.f90
pw.x               00000000007ABD66  h_psi_                     71  h_psi.f90
pw.x               000000000086D8F3  pcegterg_                 905  cegterg.f90
pw.x               0000000000687E53  diag_bands_IP_dia        1028  c_bands.f90
pw.x               000000000068663C  diag_bands_               322  c_bands.f90
pw.x               0000000000685075  c_bands_                  132  c_bands.f90
pw.x               000000000040DEAE  electrons_scf_            689  electrons.f90
pw.x               000000000040B14D  electrons_                192  electrons.f90
pw.x               00000000005888D2  run_pwscf_                189  run_pwscf.f90
pw.x               00000000004084B4  MAIN__                     85  pwscf.f90
pw.x               000000000040831E  Unknown               Unknown  Unknown
libc-2.17.so       00002AFDA4773C05  __libc_start_main     Unknown  Unknown
pw.x               0000000000408229  Unknown               Unknown  Unknown
forrtl: error (78): process killed (SIGTERM)
Image              PC                Routine            Line        Source             
pw.x               00000000010225FA  Unknown               Unknown  Unknown
libpthread-2.17.s  00002B555F8FB5E0  Unknown               Unknown  Unknown
libmpi.so.12       00002B555E905EB8  PMPIDI_CH3I_Progr     Unknown  Unknown
libmpi.so.12.0     00002B555EAA9243  Unknown               Unknown  Unknown
libmpi.so.12.0     00002B555E8B8F46  Unknown               Unknown  Unknown
libmpi.so.12       00002B555E8BB0BF  MPI_Alltoall          Unknown  Unknown
libmpifort.so.12.  00002B555E46642E  mpi_alltoall__        Unknown  Unknown
pw.x               0000000000E3EB5D  fft_scatter_2d_mp         226  fft_scatter_2d.f90
pw.x               0000000000E55C59  fft_parallel_2d_m         193  fft_parallel_2d.f90
pw.x               0000000000E40DE8  fwfft_y_                  194  fft_fwinv.f90
pw.x               0000000000A30160  fft_wave_mp_wave_          66  fft_wave.f90
pw.x               000000000082C007  vloc_psi_k_               273  vloc_psi.f90
pw.x               00000000007AC2F1  h_psi__                   221  h_psi.f90
pw.x               00000000007ABD66  h_psi_                     71  h_psi.f90
pw.x               000000000086D8F3  pcegterg_                 905  cegterg.f90
pw.x               0000000000687E53  diag_bands_IP_dia        1028  c_bands.f90
pw.x               000000000068663C  diag_bands_               322  c_bands.f90
pw.x               0000000000685075  c_bands_                  132  c_bands.f90
pw.x               000000000040DEAE  electrons_scf_            689  electrons.f90
pw.x               000000000040B14D  electrons_                192  electrons.f90
pw.x               00000000005888D2  run_pwscf_                189  run_pwscf.f90
pw.x               00000000004084B4  MAIN__                     85  pwscf.f90
pw.x               000000000040831E  Unknown               Unknown  Unknown
libc-2.17.so       00002B55601CFC05  __libc_start_main     Unknown  Unknown
pw.x               0000000000408229  Unknown               Unknown  Unknown
forrtl: error (78): process killed (SIGTERM)
Image              PC                Routine            Line        Source             
pw.x               00000000010225FA  Unknown               Unknown  Unknown
libpthread-2.17.s  00002B3DD55365E0  Unknown               Unknown  Unknown
libmpi.so.12       00002B3DD4541573  PMPIDI_CH3I_Progr     Unknown  Unknown
libmpi.so.12.0     00002B3DD46E4243  Unknown               Unknown  Unknown
libmpi.so.12.0     00002B3DD44F3F46  Unknown               Unknown  Unknown
libmpi.so.12       00002B3DD44F60BF  MPI_Alltoall          Unknown  Unknown
libmpifort.so.12.  00002B3DD40A142E  mpi_alltoall__        Unknown  Unknown
pw.x               0000000000E3EB5D  fft_scatter_2d_mp         226  fft_scatter_2d.f90
pw.x               0000000000E55C59  fft_parallel_2d_m         193  fft_parallel_2d.f90
pw.x               0000000000E40DE8  fwfft_y_                  194  fft_fwinv.f90
pw.x               0000000000A30160  fft_wave_mp_wave_          66  fft_wave.f90
pw.x               000000000082C007  vloc_psi_k_               273  vloc_psi.f90
pw.x               00000000007AC2F1  h_psi__                   221  h_psi.f90
pw.x               00000000007ABD66  h_psi_                     71  h_psi.f90
pw.x               000000000086D8F3  pcegterg_                 905  cegterg.f90
pw.x               0000000000687E53  diag_bands_IP_dia        1028  c_bands.f90
pw.x               000000000068663C  diag_bands_               322  c_bands.f90
pw.x               0000000000685075  c_bands_                  132  c_bands.f90
pw.x               000000000040DEAE  electrons_scf_            689  electrons.f90
pw.x               000000000040B14D  electrons_                192  electrons.f90
pw.x               00000000005888D2  run_pwscf_                189  run_pwscf.f90
pw.x               00000000004084B4  MAIN__                     85  pwscf.f90
pw.x               000000000040831E  Unknown               Unknown  Unknown
libc-2.17.so       00002B3DD5E0AC05  __libc_start_main     Unknown  Unknown
pw.x               0000000000408229  Unknown               Unknown  Unknown
forrtl: error (78): process killed (SIGTERM)
Image              PC                Routine            Line        Source             
pw.x               00000000010225FA  Unknown               Unknown  Unknown
libpthread-2.17.s  00002ADF5D5FD5E0  Unknown               Unknown  Unknown
libmpi.so.12       00002ADF5C607EB8  PMPIDI_CH3I_Progr     Unknown  Unknown
libmpi.so.12.0     00002ADF5C7AB243  Unknown               Unknown  Unknown
libmpi.so.12.0     00002ADF5C5BAF46  Unknown               Unknown  Unknown
libmpi.so.12       00002ADF5C5BD0BF  MPI_Alltoall          Unknown  Unknown
libmpifort.so.12.  00002ADF5C16842E  mpi_alltoall__        Unknown  Unknown
pw.x               0000000000E3EB5D  fft_scatter_2d_mp         226  fft_scatter_2d.f90
pw.x               0000000000E55C59  fft_parallel_2d_m         193  fft_parallel_2d.f90
pw.x               0000000000E40DE8  fwfft_y_                  194  fft_fwinv.f90
pw.x               0000000000A30160  fft_wave_mp_wave_          66  fft_wave.f90
pw.x               000000000082C007  vloc_psi_k_               273  vloc_psi.f90
pw.x               00000000007AC2F1  h_psi__                   221  h_psi.f90
pw.x               00000000007ABD66  h_psi_                     71  h_psi.f90
pw.x               000000000086D8F3  pcegterg_                 905  cegterg.f90
pw.x               0000000000687E53  diag_bands_IP_dia        1028  c_bands.f90
pw.x               000000000068663C  diag_bands_               322  c_bands.f90
pw.x               0000000000685075  c_bands_                  132  c_bands.f90
pw.x               000000000040DEAE  electrons_scf_            689  electrons.f90
pw.x               000000000040B14D  electrons_                192  electrons.f90
pw.x               00000000005888D2  run_pwscf_                189  run_pwscf.f90
pw.x               00000000004084B4  MAIN__                     85  pwscf.f90
pw.x               000000000040831E  Unknown               Unknown  Unknown
libc-2.17.so       00002ADF5DED1C05  __libc_start_main     Unknown  Unknown
pw.x               0000000000408229  Unknown               Unknown  Unknown
forrtl: error (78): process killed (SIGTERM)
Image              PC                Routine            Line        Source             
pw.x               00000000010225FA  Unknown               Unknown  Unknown
libpthread-2.17.s  00002B40E40AD5E0  Unknown               Unknown  Unknown
libmpi.so.12       00002B40E30B7EE3  PMPIDI_CH3I_Progr     Unknown  Unknown
libmpi.so.12.0     00002B40E325B243  Unknown               Unknown  Unknown
libmpi.so.12.0     00002B40E306AF46  Unknown               Unknown  Unknown
libmpi.so.12       00002B40E306D0BF  MPI_Alltoall          Unknown  Unknown
libmpifort.so.12.  00002B40E2C1842E  mpi_alltoall__        Unknown  Unknown
pw.x               0000000000E3EB5D  fft_scatter_2d_mp         226  fft_scatter_2d.f90
pw.x               0000000000E55C59  fft_parallel_2d_m         193  fft_parallel_2d.f90
pw.x               0000000000E40DE8  fwfft_y_                  194  fft_fwinv.f90
pw.x               0000000000A30160  fft_wave_mp_wave_          66  fft_wave.f90
pw.x               000000000082C007  vloc_psi_k_               273  vloc_psi.f90
pw.x               00000000007AC2F1  h_psi__                   221  h_psi.f90
pw.x               00000000007ABD66  h_psi_                     71  h_psi.f90
pw.x               000000000086D8F3  pcegterg_                 905  cegterg.f90
pw.x               0000000000687E53  diag_bands_IP_dia        1028  c_bands.f90
pw.x               000000000068663C  diag_bands_               322  c_bands.f90
pw.x               0000000000685075  c_bands_                  132  c_bands.f90
pw.x               000000000040DEAE  electrons_scf_            689  electrons.f90
pw.x               000000000040B14D  electrons_                192  electrons.f90
pw.x               00000000005888D2  run_pwscf_                189  run_pwscf.f90
pw.x               00000000004084B4  MAIN__                     85  pwscf.f90
pw.x               000000000040831E  Unknown               Unknown  Unknown
libc-2.17.so       00002B40E4981C05  __libc_start_main     Unknown  Unknown
pw.x               0000000000408229  Unknown               Unknown  Unknown
