forrtl: error (78): process killed (SIGTERM)
Image              PC                Routine            Line        Source             
pw.x               00000000010225FA  Unknown               Unknown  Unknown
libpthread-2.17.s  00002B962B96B5E0  Unknown               Unknown  Unknown
libmkl_avx512.so   00002B9645E37AA3  mkl_blas_avx512_z     Unknown  Unknown
forrtl: error (78): process killed (SIGTERM)
Image              PC                Routine            Line        Source             
pw.x               00000000010225FA  Unknown               Unknown  Unknown
libpthread-2.17.s  00002B43AB9F45E0  Unknown               Unknown  Unknown
libmkl_avx512.so   00002B43C5EC0CCD  mkl_blas_avx512_z     Unknown  Unknown
forrtl: error (78): process killed (SIGTERM)
Image              PC                Routine            Line        Source             
pw.x               00000000010225FA  Unknown               Unknown  Unknown
libpthread-2.17.s  00002AACB54105E0  Unknown               Unknown  Unknown
libmkl_avx512.so   00002AACCF8DCCD4  mkl_blas_avx512_z     Unknown  Unknown
forrtl: error (78): process killed (SIGTERM)
Image              PC                Routine            Line        Source             
pw.x               00000000010225FA  Unknown               Unknown  Unknown
libpthread-2.17.s  00002AB4C1E585E0  Unknown               Unknown  Unknown
libmkl_avx512.so   00002AB4DC3357B5  mkl_blas_avx512_z     Unknown  Unknown
forrtl: error (78): process killed (SIGTERM)
Image              PC                Routine            Line        Source             
pw.x               00000000010225FA  Unknown               Unknown  Unknown
libpthread-2.17.s  00002AB1565D25E0  Unknown               Unknown  Unknown
libmkl_avx512.so   00002AB170AAF7BB  mkl_blas_avx512_z     Unknown  Unknown
forrtl: error (78): process killed (SIGTERM)
Image              PC                Routine            Line        Source             
pw.x               00000000010225FA  Unknown               Unknown  Unknown
libpthread-2.17.s  00002B7B5E6775E0  Unknown               Unknown  Unknown
libmkl_avx512.so   00002B7B78B43A56  mkl_blas_avx512_z     Unknown  Unknown
forrtl: error (78): process killed (SIGTERM)
Image              PC                Routine            Line        Source             
pw.x               00000000010225FA  Unknown               Unknown  Unknown
libpthread-2.17.s  00002B86B2AE65E0  Unknown               Unknown  Unknown
libmkl_avx512.so   00002B86CCFB2F21  mkl_blas_avx512_z     Unknown  Unknown
forrtl: error (78): process killed (SIGTERM)
Image              PC                Routine            Line        Source             
pw.x               00000000010225FA  Unknown               Unknown  Unknown
libpthread-2.17.s  00002B38D7AE75E0  Unknown               Unknown  Unknown
libmkl_avx512.so   00002B38F1FB3C72  mkl_blas_avx512_z     Unknown  Unknown
forrtl: error (78): process killed (SIGTERM)
Image              PC                Routine            Line        Source             
pw.x               00000000010225FA  Unknown               Unknown  Unknown
libpthread-2.17.s  00002BAA101D75E0  Unknown               Unknown  Unknown
libmkl_avx512.so   00002BAA2A6A4188  mkl_blas_avx512_z     Unknown  Unknown
forrtl: error (78): process killed (SIGTERM)
Image              PC                Routine            Line        Source             
pw.x               00000000010225FA  Unknown               Unknown  Unknown
libpthread-2.17.s  00002AB0AE21B5E0  Unknown               Unknown  Unknown
libmkl_avx512.so   00002AB0C86F883E  mkl_blas_avx512_z     Unknown  Unknown
forrtl: error (78): process killed (SIGTERM)
Image              PC                Routine            Line        Source             
pw.x               00000000010225FA  Unknown               Unknown  Unknown
libpthread-2.17.s  00002AB7D8D315E0  Unknown               Unknown  Unknown
libmkl_avx512.so   00002AB7F31FDC39  mkl_blas_avx512_z     Unknown  Unknown
forrtl: error (78): process killed (SIGTERM)
Image              PC                Routine            Line        Source             
pw.x               00000000010225FA  Unknown               Unknown  Unknown
libpthread-2.17.s  00002AAE587CD5E0  Unknown               Unknown  Unknown
libmkl_avx512.so   00002AAE72C99B3A  mkl_blas_avx512_z     Unknown  Unknown
forrtl: error (78): process killed (SIGTERM)
Image              PC                Routine            Line        Source             
pw.x               00000000010225FA  Unknown               Unknown  Unknown
libpthread-2.17.s  00002B470DD905E0  Unknown               Unknown  Unknown
libmkl_avx512.so   00002B472825D2EA  mkl_blas_avx512_z     Unknown  Unknown
forrtl: error (78): process killed (SIGTERM)
Image              PC                Routine            Line        Source             
pw.x               00000000010225FA  Unknown               Unknown  Unknown
libpthread-2.17.s  00002AB5D12405E0  Unknown               Unknown  Unknown
libmkl_avx512.so   00002AB5EB70D240  mkl_blas_avx512_z     Unknown  Unknown
forrtl: error (78): process killed (SIGTERM)
Image              PC                Routine            Line        Source             
pw.x               00000000010225FA  Unknown               Unknown  Unknown
libpthread-2.17.s  00002B0708B7B5E0  Unknown               Unknown  Unknown
libmkl_avx512.so   00002B0723058679  mkl_blas_avx512_z     Unknown  Unknown
forrtl: error (78): process killed (SIGTERM)
Image              PC                Routine            Line        Source             
pw.x               00000000010225FA  Unknown               Unknown  Unknown
libpthread-2.17.s  00002B19AD9675E0  Unknown               Unknown  Unknown
libmkl_avx512.so   00002B19C7E33B07  mkl_blas_avx512_z     Unknown  Unknown
forrtl: error (78): process killed (SIGTERM)
Image              PC                Routine            Line        Source             
pw.x               00000000010225FA  Unknown               Unknown  Unknown
libpthread-2.17.s  00002AF93ADF15E0  Unknown               Unknown  Unknown
libmkl_avx512.so   00002AF9552BDA36  mkl_blas_avx512_z     Unknown  Unknown
forrtl: error (78): process killed (SIGTERM)
Image              PC                Routine            Line        Source             
pw.x               00000000010225FA  Unknown               Unknown  Unknown
libpthread-2.17.s  00002B5D83DE65E0  Unknown               Unknown  Unknown
libmkl_avx512.so   00002B5D9E2C3770  mkl_blas_avx512_z     Unknown  Unknown
forrtl: error (78): process killed (SIGTERM)
Image              PC                Routine            Line        Source             
pw.x               00000000010225FA  Unknown               Unknown  Unknown
libpthread-2.17.s  00002AC55CDCD5E0  Unknown               Unknown  Unknown
libmkl_avx512.so   00002AC577299BEB  mkl_blas_avx512_z     Unknown  Unknown
forrtl: error (78): process killed (SIGTERM)
Image              PC                Routine            Line        Source             
pw.x               00000000010225FA  Unknown               Unknown  Unknown
libpthread-2.17.s  00002B2D38A935E0  Unknown               Unknown  Unknown
libmkl_avx512.so   00002B2D52F5FC52  mkl_blas_avx512_z     Unknown  Unknown
forrtl: error (78): process killed (SIGTERM)
Image              PC                Routine            Line        Source             
pw.x               00000000010225FA  Unknown               Unknown  Unknown
libpthread-2.17.s  00002B528FB025E0  Unknown               Unknown  Unknown
libmkl_avx512.so   00002B52A9FCEB0D  mkl_blas_avx512_z     Unknown  Unknown
forrtl: error (78): process killed (SIGTERM)
Image              PC                Routine            Line        Source             
pw.x               00000000010225FA  Unknown               Unknown  Unknown
libpthread-2.17.s  00002B64092FA5E0  Unknown               Unknown  Unknown
libmkl_avx512.so   00002B64237C6B20  mkl_blas_avx512_z     Unknown  Unknown
forrtl: error (78): process killed (SIGTERM)
Image              PC                Routine            Line        Source             
pw.x               00000000010225FA  Unknown               Unknown  Unknown
libpthread-2.17.s  00002B3C93A325E0  Unknown               Unknown  Unknown
libmkl_avx512.so   00002B3CADEFF1FF  mkl_blas_avx512_z     Unknown  Unknown
forrtl: error (78): process killed (SIGTERM)
Image              PC                Routine            Line        Source             
pw.x               00000000010225FA  Unknown               Unknown  Unknown
libpthread-2.17.s  00002B872EAF95E0  Unknown               Unknown  Unknown
libmkl_avx512.so   00002B8748FC6382  mkl_blas_avx512_z     Unknown  Unknown
forrtl: error (78): process killed (SIGTERM)
Image              PC                Routine            Line        Source             
pw.x               00000000010225FA  Unknown               Unknown  Unknown
libpthread-2.17.s  00002B5741C245E0  Unknown               Unknown  Unknown
libmkl_avx512.so   00002B575C0F180A  mkl_blas_avx512_z     Unknown  Unknown
forrtl: error (78): process killed (SIGTERM)
Image              PC                Routine            Line        Source             
pw.x               00000000010225FA  Unknown               Unknown  Unknown
libpthread-2.17.s  00002B29C1CD95E0  Unknown               Unknown  Unknown
libmkl_avx512.so   00002B29DC1A5B26  mkl_blas_avx512_z     Unknown  Unknown
forrtl: error (78): process killed (SIGTERM)
Image              PC                Routine            Line        Source             
pw.x               00000000010225FA  Unknown               Unknown  Unknown
libpthread-2.17.s  00002AB57DB355E0  Unknown               Unknown  Unknown
libmkl_avx512.so   00002AB598001BDE  mkl_blas_avx512_z     Unknown  Unknown
forrtl: error (78): process killed (SIGTERM)
Image              PC                Routine            Line        Source             
pw.x               00000000010225FA  Unknown               Unknown  Unknown
libpthread-2.17.s  00002AFFD39C55E0  Unknown               Unknown  Unknown
libmkl_avx512.so   00002AFFEDE9239B  mkl_blas_avx512_z     Unknown  Unknown
forrtl: error (78): process killed (SIGTERM)
Image              PC                Routine            Line        Source             
pw.x               00000000010225FA  Unknown               Unknown  Unknown
libpthread-2.17.s  00002BA4AC5925E0  Unknown               Unknown  Unknown
libmkl_avx512.so   00002BA4C6A5EB67  mkl_blas_avx512_z     Unknown  Unknown
forrtl: error (78): process killed (SIGTERM)
Image              PC                Routine            Line        Source             
pw.x               00000000010225FA  Unknown               Unknown  Unknown
libpthread-2.17.s  00002B8F016185E0  Unknown               Unknown  Unknown
libmkl_avx512.so   00002B8F1BAE4AA3  mkl_blas_avx512_z     Unknown  Unknown
forrtl: error (78): process killed (SIGTERM)
Image              PC                Routine            Line        Source             
pw.x               00000000010225FA  Unknown               Unknown  Unknown
libpthread-2.17.s  00002B79E67325E0  Unknown               Unknown  Unknown
libmkl_avx512.so   00002B7A00BFF68A  mkl_blas_avx512_z     Unknown  Unknown
forrtl: error (78): process killed (SIGTERM)
Image              PC                Routine            Line        Source             
pw.x               00000000010225FA  Unknown               Unknown  Unknown
libpthread-2.17.s  00002AF90236F5E0  Unknown               Unknown  Unknown
libmkl_avx512.so   00002AF91C83C4BD  mkl_blas_avx512_z     Unknown  Unknown
forrtl: error (78): process killed (SIGTERM)
Image              PC                Routine            Line        Source             
pw.x               00000000010225FA  Unknown               Unknown  Unknown
libpthread-2.17.s  00002ABA8C5915E0  Unknown               Unknown  Unknown
libmkl_avx512.so   00002ABAA6A5E4D8  mkl_blas_avx512_z     Unknown  Unknown
forrtl: error (78): process killed (SIGTERM)
Image              PC                Routine            Line        Source             
pw.x               00000000010225FA  Unknown               Unknown  Unknown
libpthread-2.17.s  00002B27A43965E0  Unknown               Unknown  Unknown
libmkl_avx512.so   00002B27BE862C8B  mkl_blas_avx512_z     Unknown  Unknown
forrtl: error (78): process killed (SIGTERM)
Image              PC                Routine            Line        Source             
pw.x               00000000010225FA  Unknown               Unknown  Unknown
libpthread-2.17.s  00002B948C5B55E0  Unknown               Unknown  Unknown
libmkl_avx512.so   00002B94A6A82093  mkl_blas_avx512_z     Unknown  Unknown
forrtl: error (78): process killed (SIGTERM)
Image              PC                Routine            Line        Source             
pw.x               00000000010225FA  Unknown               Unknown  Unknown
libpthread-2.17.s  00002B8AEE9505E0  Unknown               Unknown  Unknown
pw.x               0000000001022490  Unknown               Unknown  Unknown
libpthread-2.17.s  00002B8AEE9505E0  Unknown               Unknown  Unknown
libmkl_avx512.so   00002B8B08E1D2E3  mkl_blas_avx512_z     Unknown  Unknown
