forrtl: error (78): process killed (SIGTERM)
Image              PC                Routine            Line        Source             
pw.x               00000000010225FA  Unknown               Unknown  Unknown
libpthread-2.17.s  00002B05D6A255E0  Unknown               Unknown  Unknown
libmpi.so.12       00002B05D5A2FEBF  PMPIDI_CH3I_Progr     Unknown  Unknown
libmpi.so.12.0     00002B05D5BD3243  Unknown               Unknown  Unknown
libmpi.so.12.0     00002B05D59E2F46  Unknown               Unknown  Unknown
libmpi.so.12       00002B05D59E50BF  MPI_Alltoall          Unknown  Unknown
libmpifort.so.12.  00002B05D559042E  mpi_alltoall__        Unknown  Unknown
pw.x               0000000000E3E3E6  fft_scatter_2d_mp         123  fft_scatter_2d.f90
pw.x               0000000000E55397  fft_parallel_2d_m         172  fft_parallel_2d.f90
pw.x               0000000000E40685  invfft_y_                  91  fft_fwinv.f90
pw.x               0000000000A30430  fft_wave_mp_wave_         152  fft_wave.f90
pw.x               00000000005CA992  sum_band_IP_sum_b         709  sum_band.f90
pw.x               00000000005C7176  sum_band_                 182  sum_band.f90
pw.x               000000000040DF4F  electrons_scf_            727  electrons.f90
pw.x               000000000040B14D  electrons_                192  electrons.f90
pw.x               00000000005888D2  run_pwscf_                189  run_pwscf.f90
pw.x               00000000004084B4  MAIN__                     85  pwscf.f90
pw.x               000000000040831E  Unknown               Unknown  Unknown
libc-2.17.so       00002B05D72F9C05  __libc_start_main     Unknown  Unknown
pw.x               0000000000408229  Unknown               Unknown  Unknown
forrtl: error (78): process killed (SIGTERM)
Image              PC                Routine            Line        Source             
pw.x               00000000010225FA  Unknown               Unknown  Unknown
libpthread-2.17.s  00002B24416ED5E0  Unknown               Unknown  Unknown
libmpi.so.12       00002B24406F7EB8  PMPIDI_CH3I_Progr     Unknown  Unknown
libmpi.so.12.0     00002B244089B243  Unknown               Unknown  Unknown
libmpi.so.12.0     00002B24406AAF46  Unknown               Unknown  Unknown
libmpi.so.12       00002B24406AD0BF  MPI_Alltoall          Unknown  Unknown
libmpifort.so.12.  00002B244025842E  mpi_alltoall__        Unknown  Unknown
pw.x               0000000000E3E3E6  fft_scatter_2d_mp         123  fft_scatter_2d.f90
pw.x               0000000000E55397  fft_parallel_2d_m         172  fft_parallel_2d.f90
pw.x               0000000000E40685  invfft_y_                  91  fft_fwinv.f90
pw.x               0000000000A30430  fft_wave_mp_wave_         152  fft_wave.f90
pw.x               00000000005CA992  sum_band_IP_sum_b         709  sum_band.f90
pw.x               00000000005C7176  sum_band_                 182  sum_band.f90
pw.x               000000000040DF4F  electrons_scf_            727  electrons.f90
pw.x               000000000040B14D  electrons_                192  electrons.f90
pw.x               00000000005888D2  run_pwscf_                189  run_pwscf.f90
pw.x               00000000004084B4  MAIN__                     85  pwscf.f90
pw.x               000000000040831E  Unknown               Unknown  Unknown
libc-2.17.so       00002B2441FC1C05  __libc_start_main     Unknown  Unknown
pw.x               0000000000408229  Unknown               Unknown  Unknown
forrtl: error (78): process killed (SIGTERM)
Image              PC                Routine            Line        Source             
pw.x               00000000010225FA  Unknown               Unknown  Unknown
libpthread-2.17.s  00002B424F88D5E0  Unknown               Unknown  Unknown
pw.x               0000000000E7251E  fft_helper_subrou         499  fft_helper_subroutines.f90
pw.x               0000000000A304E0  fft_wave_mp_wave_         142  fft_wave.f90
pw.x               00000000005CA992  sum_band_IP_sum_b         709  sum_band.f90
pw.x               00000000005C7176  sum_band_                 182  sum_band.f90
pw.x               000000000040DF4F  electrons_scf_            727  electrons.f90
pw.x               000000000040B14D  electrons_                192  electrons.f90
pw.x               00000000005888D2  run_pwscf_                189  run_pwscf.f90
pw.x               00000000004084B4  MAIN__                     85  pwscf.f90
pw.x               000000000040831E  Unknown               Unknown  Unknown
libc-2.17.so       00002B4250161C05  __libc_start_main     Unknown  Unknown
pw.x               0000000000408229  Unknown               Unknown  Unknown
forrtl: error (78): process killed (SIGTERM)
Image              PC                Routine            Line        Source             
pw.x               00000000010225FA  Unknown               Unknown  Unknown
libpthread-2.17.s  00002B8687C6A5E0  Unknown               Unknown  Unknown
libmpi.so.12       00002B8686C74EB8  PMPIDI_CH3I_Progr     Unknown  Unknown
libmpi.so.12.0     00002B8686E18243  Unknown               Unknown  Unknown
libmpi.so.12.0     00002B8686C27F46  Unknown               Unknown  Unknown
libmpi.so.12       00002B8686C2A0BF  MPI_Alltoall          Unknown  Unknown
libmpifort.so.12.  00002B86867D542E  mpi_alltoall__        Unknown  Unknown
pw.x               0000000000E3E3E6  fft_scatter_2d_mp         123  fft_scatter_2d.f90
pw.x               0000000000E55397  fft_parallel_2d_m         172  fft_parallel_2d.f90
pw.x               0000000000E40685  invfft_y_                  91  fft_fwinv.f90
pw.x               0000000000A30430  fft_wave_mp_wave_         152  fft_wave.f90
pw.x               00000000005CA992  sum_band_IP_sum_b         709  sum_band.f90
pw.x               00000000005C7176  sum_band_                 182  sum_band.f90
pw.x               000000000040DF4F  electrons_scf_            727  electrons.f90
pw.x               000000000040B14D  electrons_                192  electrons.f90
pw.x               00000000005888D2  run_pwscf_                189  run_pwscf.f90
pw.x               00000000004084B4  MAIN__                     85  pwscf.f90
pw.x               000000000040831E  Unknown               Unknown  Unknown
libc-2.17.so       00002B868853EC05  __libc_start_main     Unknown  Unknown
pw.x               0000000000408229  Unknown               Unknown  Unknown
forrtl: error (78): process killed (SIGTERM)
Image              PC                Routine            Line        Source             
pw.x               00000000010225FA  Unknown               Unknown  Unknown
libpthread-2.17.s  00002B92583E95E0  Unknown               Unknown  Unknown
libmpi.so.12       00002B92573F3F0F  PMPIDI_CH3I_Progr     Unknown  Unknown
libmpi.so.12.0     00002B9257597243  Unknown               Unknown  Unknown
libmpi.so.12.0     00002B92573A6F46  Unknown               Unknown  Unknown
libmpi.so.12       00002B92573A90BF  MPI_Alltoall          Unknown  Unknown
libmpifort.so.12.  00002B9256F5442E  mpi_alltoall__        Unknown  Unknown
pw.x               0000000000E3E3E6  fft_scatter_2d_mp         123  fft_scatter_2d.f90
pw.x               0000000000E55397  fft_parallel_2d_m         172  fft_parallel_2d.f90
pw.x               0000000000E40685  invfft_y_                  91  fft_fwinv.f90
pw.x               0000000000A30430  fft_wave_mp_wave_         152  fft_wave.f90
pw.x               00000000005CA992  sum_band_IP_sum_b         709  sum_band.f90
pw.x               00000000005C7176  sum_band_                 182  sum_band.f90
pw.x               000000000040DF4F  electrons_scf_            727  electrons.f90
pw.x               000000000040B14D  electrons_                192  electrons.f90
pw.x               00000000005888D2  run_pwscf_                189  run_pwscf.f90
pw.x               00000000004084B4  MAIN__                     85  pwscf.f90
pw.x               000000000040831E  Unknown               Unknown  Unknown
libc-2.17.so       00002B9258CBDC05  __libc_start_main     Unknown  Unknown
pw.x               0000000000408229  Unknown               Unknown  Unknown
forrtl: error (78): process killed (SIGTERM)
Image              PC                Routine            Line        Source             
pw.x               00000000010225FA  Unknown               Unknown  Unknown
libpthread-2.17.s  00002B0DE274D5E0  Unknown               Unknown  Unknown
libmpi.so.12       00002B0DE1757EB8  PMPIDI_CH3I_Progr     Unknown  Unknown
libmpi.so.12.0     00002B0DE18FB243  Unknown               Unknown  Unknown
libmpi.so.12.0     00002B0DE170AF46  Unknown               Unknown  Unknown
libmpi.so.12       00002B0DE170D0BF  MPI_Alltoall          Unknown  Unknown
libmpifort.so.12.  00002B0DE12B842E  mpi_alltoall__        Unknown  Unknown
pw.x               0000000000E3E3E6  fft_scatter_2d_mp         123  fft_scatter_2d.f90
pw.x               0000000000E55397  fft_parallel_2d_m         172  fft_parallel_2d.f90
pw.x               0000000000E40685  invfft_y_                  91  fft_fwinv.f90
pw.x               0000000000A30430  fft_wave_mp_wave_         152  fft_wave.f90
pw.x               00000000005CA992  sum_band_IP_sum_b         709  sum_band.f90
pw.x               00000000005C7176  sum_band_                 182  sum_band.f90
pw.x               000000000040DF4F  electrons_scf_            727  electrons.f90
pw.x               000000000040B14D  electrons_                192  electrons.f90
pw.x               00000000005888D2  run_pwscf_                189  run_pwscf.f90
pw.x               00000000004084B4  MAIN__                     85  pwscf.f90
pw.x               000000000040831E  Unknown               Unknown  Unknown
libc-2.17.so       00002B0DE3021C05  __libc_start_main     Unknown  Unknown
pw.x               0000000000408229  Unknown               Unknown  Unknown
forrtl: error (78): process killed (SIGTERM)
Image              PC                Routine            Line        Source             
pw.x               00000000010225FA  Unknown               Unknown  Unknown
libpthread-2.17.s  00002B77199B15E0  Unknown               Unknown  Unknown
libmpi.so.12       00002B77189BBF0D  PMPIDI_CH3I_Progr     Unknown  Unknown
libmpi.so.12.0     00002B7718B5F243  Unknown               Unknown  Unknown
libmpi.so.12.0     00002B771896EF46  Unknown               Unknown  Unknown
libmpi.so.12       00002B77189710BF  MPI_Alltoall          Unknown  Unknown
libmpifort.so.12.  00002B771851C42E  mpi_alltoall__        Unknown  Unknown
pw.x               0000000000E3E3E6  fft_scatter_2d_mp         123  fft_scatter_2d.f90
pw.x               0000000000E55397  fft_parallel_2d_m         172  fft_parallel_2d.f90
pw.x               0000000000E40685  invfft_y_                  91  fft_fwinv.f90
pw.x               0000000000A30430  fft_wave_mp_wave_         152  fft_wave.f90
pw.x               00000000005CA992  sum_band_IP_sum_b         709  sum_band.f90
pw.x               00000000005C7176  sum_band_                 182  sum_band.f90
pw.x               000000000040DF4F  electrons_scf_            727  electrons.f90
pw.x               000000000040B14D  electrons_                192  electrons.f90
pw.x               00000000005888D2  run_pwscf_                189  run_pwscf.f90
pw.x               00000000004084B4  MAIN__                     85  pwscf.f90
pw.x               000000000040831E  Unknown               Unknown  Unknown
libc-2.17.so       00002B771A285C05  __libc_start_main     Unknown  Unknown
pw.x               0000000000408229  Unknown               Unknown  Unknown
forrtl: error (78): process killed (SIGTERM)
Image              PC                Routine            Line        Source             
pw.x               00000000010225FA  Unknown               Unknown  Unknown
libpthread-2.17.s  00002B14E81645E0  Unknown               Unknown  Unknown
libmpi.so.12       00002B14E716EEB8  PMPIDI_CH3I_Progr     Unknown  Unknown
libmpi.so.12.0     00002B14E7312243  Unknown               Unknown  Unknown
libmpi.so.12.0     00002B14E7121F46  Unknown               Unknown  Unknown
libmpi.so.12       00002B14E71240BF  MPI_Alltoall          Unknown  Unknown
libmpifort.so.12.  00002B14E6CCF42E  mpi_alltoall__        Unknown  Unknown
pw.x               0000000000E3E3E6  fft_scatter_2d_mp         123  fft_scatter_2d.f90
pw.x               0000000000E55397  fft_parallel_2d_m         172  fft_parallel_2d.f90
pw.x               0000000000E40685  invfft_y_                  91  fft_fwinv.f90
pw.x               0000000000A30430  fft_wave_mp_wave_         152  fft_wave.f90
pw.x               00000000005CA992  sum_band_IP_sum_b         709  sum_band.f90
pw.x               00000000005C7176  sum_band_                 182  sum_band.f90
pw.x               000000000040DF4F  electrons_scf_            727  electrons.f90
pw.x               000000000040B14D  electrons_                192  electrons.f90
pw.x               00000000005888D2  run_pwscf_                189  run_pwscf.f90
pw.x               00000000004084B4  MAIN__                     85  pwscf.f90
pw.x               000000000040831E  Unknown               Unknown  Unknown
libc-2.17.so       00002B14E8A38C05  __libc_start_main     Unknown  Unknown
pw.x               0000000000408229  Unknown               Unknown  Unknown
forrtl: error (78): process killed (SIGTERM)
Image              PC                Routine            Line        Source             
pw.x               00000000010225FA  Unknown               Unknown  Unknown
libpthread-2.17.s  00002B78D19E25E0  Unknown               Unknown  Unknown
libmpi.so.12       00002B78D09EDB78  PMPIDI_CH3I_Progr     Unknown  Unknown
libmpi.so.12.0     00002B78D0B90243  Unknown               Unknown  Unknown
libmpi.so.12.0     00002B78D099FF46  Unknown               Unknown  Unknown
libmpi.so.12       00002B78D09A20BF  MPI_Alltoall          Unknown  Unknown
libmpifort.so.12.  00002B78D054D42E  mpi_alltoall__        Unknown  Unknown
pw.x               0000000000E3E3E6  fft_scatter_2d_mp         123  fft_scatter_2d.f90
pw.x               0000000000E55397  fft_parallel_2d_m         172  fft_parallel_2d.f90
pw.x               0000000000E40685  invfft_y_                  91  fft_fwinv.f90
pw.x               0000000000A30430  fft_wave_mp_wave_         152  fft_wave.f90
pw.x               00000000005CA992  sum_band_IP_sum_b         709  sum_band.f90
pw.x               00000000005C7176  sum_band_                 182  sum_band.f90
pw.x               000000000040DF4F  electrons_scf_            727  electrons.f90
pw.x               000000000040B14D  electrons_                192  electrons.f90
pw.x               00000000005888D2  run_pwscf_                189  run_pwscf.f90
pw.x               00000000004084B4  MAIN__                     85  pwscf.f90
pw.x               000000000040831E  Unknown               Unknown  Unknown
libc-2.17.so       00002B78D22B6C05  __libc_start_main     Unknown  Unknown
pw.x               0000000000408229  Unknown               Unknown  Unknown
forrtl: error (78): process killed (SIGTERM)
Image              PC                Routine            Line        Source             
pw.x               00000000010225FA  Unknown               Unknown  Unknown
libpthread-2.17.s  00002B2FD99025E0  Unknown               Unknown  Unknown
libmpi.so.12       00002B2FD890CEB8  PMPIDI_CH3I_Progr     Unknown  Unknown
libmpi.so.12.0     00002B2FD8AB0243  Unknown               Unknown  Unknown
libmpi.so.12.0     00002B2FD88BFF46  Unknown               Unknown  Unknown
libmpi.so.12       00002B2FD88C20BF  MPI_Alltoall          Unknown  Unknown
libmpifort.so.12.  00002B2FD846D42E  mpi_alltoall__        Unknown  Unknown
pw.x               0000000000E3E3E6  fft_scatter_2d_mp         123  fft_scatter_2d.f90
pw.x               0000000000E55397  fft_parallel_2d_m         172  fft_parallel_2d.f90
pw.x               0000000000E40685  invfft_y_                  91  fft_fwinv.f90
pw.x               0000000000A30430  fft_wave_mp_wave_         152  fft_wave.f90
pw.x               00000000005CA992  sum_band_IP_sum_b         709  sum_band.f90
pw.x               00000000005C7176  sum_band_                 182  sum_band.f90
pw.x               000000000040DF4F  electrons_scf_            727  electrons.f90
pw.x               000000000040B14D  electrons_                192  electrons.f90
pw.x               00000000005888D2  run_pwscf_                189  run_pwscf.f90
pw.x               00000000004084B4  MAIN__                     85  pwscf.f90
pw.x               000000000040831E  Unknown               Unknown  Unknown
libc-2.17.so       00002B2FDA1D6C05  __libc_start_main     Unknown  Unknown
pw.x               0000000000408229  Unknown               Unknown  Unknown
forrtl: error (78): process killed (SIGTERM)
Image              PC                Routine            Line        Source             
pw.x               00000000010225FA  Unknown               Unknown  Unknown
libpthread-2.17.s  00002B89E3D5A5E0  Unknown               Unknown  Unknown
libmpi.so.12       00002B89E2D64EB8  PMPIDI_CH3I_Progr     Unknown  Unknown
libmpi.so.12.0     00002B89E2F08243  Unknown               Unknown  Unknown
libmpi.so.12.0     00002B89E2D17F46  Unknown               Unknown  Unknown
libmpi.so.12       00002B89E2D1A0BF  MPI_Alltoall          Unknown  Unknown
libmpifort.so.12.  00002B89E28C542E  mpi_alltoall__        Unknown  Unknown
pw.x               0000000000E3E3E6  fft_scatter_2d_mp         123  fft_scatter_2d.f90
pw.x               0000000000E55397  fft_parallel_2d_m         172  fft_parallel_2d.f90
pw.x               0000000000E40685  invfft_y_                  91  fft_fwinv.f90
pw.x               0000000000A30430  fft_wave_mp_wave_         152  fft_wave.f90
pw.x               00000000005CA992  sum_band_IP_sum_b         709  sum_band.f90
pw.x               00000000005C7176  sum_band_                 182  sum_band.f90
pw.x               000000000040DF4F  electrons_scf_            727  electrons.f90
pw.x               000000000040B14D  electrons_                192  electrons.f90
pw.x               00000000005888D2  run_pwscf_                189  run_pwscf.f90
pw.x               00000000004084B4  MAIN__                     85  pwscf.f90
pw.x               000000000040831E  Unknown               Unknown  Unknown
libc-2.17.so       00002B89E462EC05  __libc_start_main     Unknown  Unknown
pw.x               0000000000408229  Unknown               Unknown  Unknown
forrtl: error (78): process killed (SIGTERM)
Image              PC                Routine            Line        Source             
pw.x               00000000010225FA  Unknown               Unknown  Unknown
libpthread-2.17.s  00002B01544E55E0  Unknown               Unknown  Unknown
libmpi.so.12       00002B01534EFEB8  PMPIDI_CH3I_Progr     Unknown  Unknown
libmpi.so.12.0     00002B0153693243  Unknown               Unknown  Unknown
libmpi.so.12.0     00002B01534A2F46  Unknown               Unknown  Unknown
libmpi.so.12       00002B01534A50BF  MPI_Alltoall          Unknown  Unknown
libmpifort.so.12.  00002B015305042E  mpi_alltoall__        Unknown  Unknown
pw.x               0000000000E3E3E6  fft_scatter_2d_mp         123  fft_scatter_2d.f90
pw.x               0000000000E55397  fft_parallel_2d_m         172  fft_parallel_2d.f90
pw.x               0000000000E40685  invfft_y_                  91  fft_fwinv.f90
pw.x               0000000000A30430  fft_wave_mp_wave_         152  fft_wave.f90
pw.x               00000000005CA992  sum_band_IP_sum_b         709  sum_band.f90
pw.x               00000000005C7176  sum_band_                 182  sum_band.f90
pw.x               000000000040DF4F  electrons_scf_            727  electrons.f90
pw.x               000000000040B14D  electrons_                192  electrons.f90
pw.x               00000000005888D2  run_pwscf_                189  run_pwscf.f90
pw.x               00000000004084B4  MAIN__                     85  pwscf.f90
pw.x               000000000040831E  Unknown               Unknown  Unknown
libc-2.17.so       00002B0154DB9C05  __libc_start_main     Unknown  Unknown
pw.x               0000000000408229  Unknown               Unknown  Unknown
forrtl: error (78): process killed (SIGTERM)
Image              PC                Routine            Line        Source             
pw.x               00000000010225FA  Unknown               Unknown  Unknown
libpthread-2.17.s  00002AD0E51E95E0  Unknown               Unknown  Unknown
libmpi.so.12       00002AD0E41F3EB8  PMPIDI_CH3I_Progr     Unknown  Unknown
libmpi.so.12.0     00002AD0E4397243  Unknown               Unknown  Unknown
libmpi.so.12.0     00002AD0E41A6F46  Unknown               Unknown  Unknown
libmpi.so.12       00002AD0E41A90BF  MPI_Alltoall          Unknown  Unknown
libmpifort.so.12.  00002AD0E3D5442E  mpi_alltoall__        Unknown  Unknown
pw.x               0000000000E3E3E6  fft_scatter_2d_mp         123  fft_scatter_2d.f90
pw.x               0000000000E55397  fft_parallel_2d_m         172  fft_parallel_2d.f90
pw.x               0000000000E40685  invfft_y_                  91  fft_fwinv.f90
pw.x               0000000000A30430  fft_wave_mp_wave_         152  fft_wave.f90
pw.x               00000000005CA992  sum_band_IP_sum_b         709  sum_band.f90
pw.x               00000000005C7176  sum_band_                 182  sum_band.f90
pw.x               000000000040DF4F  electrons_scf_            727  electrons.f90
pw.x               000000000040B14D  electrons_                192  electrons.f90
pw.x               00000000005888D2  run_pwscf_                189  run_pwscf.f90
pw.x               00000000004084B4  MAIN__                     85  pwscf.f90
pw.x               000000000040831E  Unknown               Unknown  Unknown
libc-2.17.so       00002AD0E5ABDC05  __libc_start_main     Unknown  Unknown
pw.x               0000000000408229  Unknown               Unknown  Unknown
forrtl: error (78): process killed (SIGTERM)
Image              PC                Routine            Line        Source             
pw.x               00000000010225FA  Unknown               Unknown  Unknown
libpthread-2.17.s  00002AF7ADBDA5E0  Unknown               Unknown  Unknown
libmpi.so.12       00002AF7ACBE4E4C  PMPIDI_CH3I_Progr     Unknown  Unknown
libmpi.so.12.0     00002AF7ACD88243  Unknown               Unknown  Unknown
libmpi.so.12.0     00002AF7ACB97F46  Unknown               Unknown  Unknown
libmpi.so.12       00002AF7ACB9A0BF  MPI_Alltoall          Unknown  Unknown
libmpifort.so.12.  00002AF7AC74542E  mpi_alltoall__        Unknown  Unknown
pw.x               0000000000E3E3E6  fft_scatter_2d_mp         123  fft_scatter_2d.f90
pw.x               0000000000E55397  fft_parallel_2d_m         172  fft_parallel_2d.f90
pw.x               0000000000E40685  invfft_y_                  91  fft_fwinv.f90
pw.x               0000000000A30430  fft_wave_mp_wave_         152  fft_wave.f90
pw.x               00000000005CA992  sum_band_IP_sum_b         709  sum_band.f90
pw.x               00000000005C7176  sum_band_                 182  sum_band.f90
pw.x               000000000040DF4F  electrons_scf_            727  electrons.f90
pw.x               000000000040B14D  electrons_                192  electrons.f90
pw.x               00000000005888D2  run_pwscf_                189  run_pwscf.f90
pw.x               00000000004084B4  MAIN__                     85  pwscf.f90
pw.x               000000000040831E  Unknown               Unknown  Unknown
libc-2.17.so       00002AF7AE4AEC05  __libc_start_main     Unknown  Unknown
pw.x               0000000000408229  Unknown               Unknown  Unknown
forrtl: error (78): process killed (SIGTERM)
Image              PC                Routine            Line        Source             
pw.x               00000000010225FA  Unknown               Unknown  Unknown
libpthread-2.17.s  00002AC8FA40F5E0  Unknown               Unknown  Unknown
libmpi.so.12       00002AC8F9419EB8  PMPIDI_CH3I_Progr     Unknown  Unknown
libmpi.so.12.0     00002AC8F95BD243  Unknown               Unknown  Unknown
libmpi.so.12.0     00002AC8F93CCF46  Unknown               Unknown  Unknown
libmpi.so.12       00002AC8F93CF0BF  MPI_Alltoall          Unknown  Unknown
libmpifort.so.12.  00002AC8F8F7A42E  mpi_alltoall__        Unknown  Unknown
pw.x               0000000000E3E3E6  fft_scatter_2d_mp         123  fft_scatter_2d.f90
pw.x               0000000000E55397  fft_parallel_2d_m         172  fft_parallel_2d.f90
pw.x               0000000000E40685  invfft_y_                  91  fft_fwinv.f90
pw.x               0000000000A30430  fft_wave_mp_wave_         152  fft_wave.f90
pw.x               00000000005CA992  sum_band_IP_sum_b         709  sum_band.f90
pw.x               00000000005C7176  sum_band_                 182  sum_band.f90
pw.x               000000000040DF4F  electrons_scf_            727  electrons.f90
pw.x               000000000040B14D  electrons_                192  electrons.f90
pw.x               00000000005888D2  run_pwscf_                189  run_pwscf.f90
pw.x               00000000004084B4  MAIN__                     85  pwscf.f90
pw.x               000000000040831E  Unknown               Unknown  Unknown
libc-2.17.so       00002AC8FACE3C05  __libc_start_main     Unknown  Unknown
pw.x               0000000000408229  Unknown               Unknown  Unknown
forrtl: error (78): process killed (SIGTERM)
Image              PC                Routine            Line        Source             
pw.x               00000000010225FA  Unknown               Unknown  Unknown
libpthread-2.17.s  00002B9143AF25E0  Unknown               Unknown  Unknown
libmpi.so.12       00002B9142AFCEB8  PMPIDI_CH3I_Progr     Unknown  Unknown
libmpi.so.12.0     00002B9142CA0243  Unknown               Unknown  Unknown
libmpi.so.12.0     00002B9142AAFF46  Unknown               Unknown  Unknown
libmpi.so.12       00002B9142AB20BF  MPI_Alltoall          Unknown  Unknown
libmpifort.so.12.  00002B914265D42E  mpi_alltoall__        Unknown  Unknown
pw.x               0000000000E3E3E6  fft_scatter_2d_mp         123  fft_scatter_2d.f90
pw.x               0000000000E55397  fft_parallel_2d_m         172  fft_parallel_2d.f90
pw.x               0000000000E40685  invfft_y_                  91  fft_fwinv.f90
pw.x               0000000000A30430  fft_wave_mp_wave_         152  fft_wave.f90
pw.x               00000000005CA992  sum_band_IP_sum_b         709  sum_band.f90
pw.x               00000000005C7176  sum_band_                 182  sum_band.f90
pw.x               000000000040DF4F  electrons_scf_            727  electrons.f90
pw.x               000000000040B14D  electrons_                192  electrons.f90
pw.x               00000000005888D2  run_pwscf_                189  run_pwscf.f90
pw.x               00000000004084B4  MAIN__                     85  pwscf.f90
pw.x               000000000040831E  Unknown               Unknown  Unknown
libc-2.17.so       00002B91443C6C05  __libc_start_main     Unknown  Unknown
pw.x               0000000000408229  Unknown               Unknown  Unknown
forrtl: error (78): process killed (SIGTERM)
Image              PC                Routine            Line        Source             
pw.x               00000000010225FA  Unknown               Unknown  Unknown
libpthread-2.17.s  00002B23387645E0  Unknown               Unknown  Unknown
libmpi.so.12       00002B233776EEB8  PMPIDI_CH3I_Progr     Unknown  Unknown
libmpi.so.12.0     00002B2337912243  Unknown               Unknown  Unknown
libmpi.so.12.0     00002B2337721F46  Unknown               Unknown  Unknown
libmpi.so.12       00002B23377240BF  MPI_Alltoall          Unknown  Unknown
libmpifort.so.12.  00002B23372CF42E  mpi_alltoall__        Unknown  Unknown
pw.x               0000000000E3E3E6  fft_scatter_2d_mp         123  fft_scatter_2d.f90
pw.x               0000000000E55397  fft_parallel_2d_m         172  fft_parallel_2d.f90
pw.x               0000000000E40685  invfft_y_                  91  fft_fwinv.f90
pw.x               0000000000A30430  fft_wave_mp_wave_         152  fft_wave.f90
pw.x               00000000005CA992  sum_band_IP_sum_b         709  sum_band.f90
pw.x               00000000005C7176  sum_band_                 182  sum_band.f90
pw.x               000000000040DF4F  electrons_scf_            727  electrons.f90
pw.x               000000000040B14D  electrons_                192  electrons.f90
pw.x               00000000005888D2  run_pwscf_                189  run_pwscf.f90
pw.x               00000000004084B4  MAIN__                     85  pwscf.f90
pw.x               000000000040831E  Unknown               Unknown  Unknown
libc-2.17.so       00002B2339038C05  __libc_start_main     Unknown  Unknown
pw.x               0000000000408229  Unknown               Unknown  Unknown
forrtl: error (78): process killed (SIGTERM)
Image              PC                Routine            Line        Source             
pw.x               00000000010225FA  Unknown               Unknown  Unknown
libpthread-2.17.s  00002B3E249F55E0  Unknown               Unknown  Unknown
libmpi.so.12       00002B3E239FFF0F  PMPIDI_CH3I_Progr     Unknown  Unknown
libmpi.so.12.0     00002B3E23BA3243  Unknown               Unknown  Unknown
libmpi.so.12.0     00002B3E239B2F46  Unknown               Unknown  Unknown
libmpi.so.12       00002B3E239B50BF  MPI_Alltoall          Unknown  Unknown
libmpifort.so.12.  00002B3E2356042E  mpi_alltoall__        Unknown  Unknown
pw.x               0000000000E3E3E6  fft_scatter_2d_mp         123  fft_scatter_2d.f90
pw.x               0000000000E55397  fft_parallel_2d_m         172  fft_parallel_2d.f90
pw.x               0000000000E40685  invfft_y_                  91  fft_fwinv.f90
pw.x               0000000000A30430  fft_wave_mp_wave_         152  fft_wave.f90
pw.x               00000000005CA992  sum_band_IP_sum_b         709  sum_band.f90
pw.x               00000000005C7176  sum_band_                 182  sum_band.f90
pw.x               000000000040DF4F  electrons_scf_            727  electrons.f90
pw.x               000000000040B14D  electrons_                192  electrons.f90
pw.x               00000000005888D2  run_pwscf_                189  run_pwscf.f90
pw.x               00000000004084B4  MAIN__                     85  pwscf.f90
pw.x               000000000040831E  Unknown               Unknown  Unknown
libc-2.17.so       00002B3E252C9C05  __libc_start_main     Unknown  Unknown
pw.x               0000000000408229  Unknown               Unknown  Unknown
forrtl: error (78): process killed (SIGTERM)
Image              PC                Routine            Line        Source             
pw.x               00000000010225FA  Unknown               Unknown  Unknown
libpthread-2.17.s  00002AD44FB875E0  Unknown               Unknown  Unknown
libmpi.so.12       00002AD44EB91ECE  PMPIDI_CH3I_Progr     Unknown  Unknown
libmpi.so.12.0     00002AD44ED35243  Unknown               Unknown  Unknown
libmpi.so.12.0     00002AD44EB44F46  Unknown               Unknown  Unknown
libmpi.so.12       00002AD44EB470BF  MPI_Alltoall          Unknown  Unknown
libmpifort.so.12.  00002AD44E6F242E  mpi_alltoall__        Unknown  Unknown
pw.x               0000000000E3E3E6  fft_scatter_2d_mp         123  fft_scatter_2d.f90
pw.x               0000000000E55397  fft_parallel_2d_m         172  fft_parallel_2d.f90
pw.x               0000000000E40685  invfft_y_                  91  fft_fwinv.f90
pw.x               0000000000A30430  fft_wave_mp_wave_         152  fft_wave.f90
pw.x               00000000005CA992  sum_band_IP_sum_b         709  sum_band.f90
pw.x               00000000005C7176  sum_band_                 182  sum_band.f90
pw.x               000000000040DF4F  electrons_scf_            727  electrons.f90
pw.x               000000000040B14D  electrons_                192  electrons.f90
pw.x               00000000005888D2  run_pwscf_                189  run_pwscf.f90
pw.x               00000000004084B4  MAIN__                     85  pwscf.f90
pw.x               000000000040831E  Unknown               Unknown  Unknown
libc-2.17.so       00002AD45045BC05  __libc_start_main     Unknown  Unknown
pw.x               0000000000408229  Unknown               Unknown  Unknown
forrtl: error (78): process killed (SIGTERM)
Image              PC                Routine            Line        Source             
pw.x               00000000010225FA  Unknown               Unknown  Unknown
libpthread-2.17.s  00002B964EE005E0  Unknown               Unknown  Unknown
libmpi.so.12       00002B964DE0BB78  PMPIDI_CH3I_Progr     Unknown  Unknown
libmpi.so.12.0     00002B964DFAE243  Unknown               Unknown  Unknown
libmpi.so.12.0     00002B964DDBDF46  Unknown               Unknown  Unknown
libmpi.so.12       00002B964DDC00BF  MPI_Alltoall          Unknown  Unknown
libmpifort.so.12.  00002B964D96B42E  mpi_alltoall__        Unknown  Unknown
pw.x               0000000000E3E3E6  fft_scatter_2d_mp         123  fft_scatter_2d.f90
pw.x               0000000000E55397  fft_parallel_2d_m         172  fft_parallel_2d.f90
pw.x               0000000000E40685  invfft_y_                  91  fft_fwinv.f90
pw.x               0000000000A30430  fft_wave_mp_wave_         152  fft_wave.f90
pw.x               00000000005CA992  sum_band_IP_sum_b         709  sum_band.f90
pw.x               00000000005C7176  sum_band_                 182  sum_band.f90
pw.x               000000000040DF4F  electrons_scf_            727  electrons.f90
pw.x               000000000040B14D  electrons_                192  electrons.f90
pw.x               00000000005888D2  run_pwscf_                189  run_pwscf.f90
pw.x               00000000004084B4  MAIN__                     85  pwscf.f90
pw.x               000000000040831E  Unknown               Unknown  Unknown
libc-2.17.so       00002B964F6D4C05  __libc_start_main     Unknown  Unknown
pw.x               0000000000408229  Unknown               Unknown  Unknown
forrtl: error (78): process killed (SIGTERM)
Image              PC                Routine            Line        Source             
pw.x               00000000010225FA  Unknown               Unknown  Unknown
libpthread-2.17.s  00002AC2FBA125E0  Unknown               Unknown  Unknown
libmpi.so.12       00002AC2FAA1CEB8  PMPIDI_CH3I_Progr     Unknown  Unknown
libmpi.so.12.0     00002AC2FABC0243  Unknown               Unknown  Unknown
libmpi.so.12.0     00002AC2FA9CFF46  Unknown               Unknown  Unknown
libmpi.so.12       00002AC2FA9D20BF  MPI_Alltoall          Unknown  Unknown
libmpifort.so.12.  00002AC2FA57D42E  mpi_alltoall__        Unknown  Unknown
pw.x               0000000000E3E3E6  fft_scatter_2d_mp         123  fft_scatter_2d.f90
pw.x               0000000000E55397  fft_parallel_2d_m         172  fft_parallel_2d.f90
pw.x               0000000000E40685  invfft_y_                  91  fft_fwinv.f90
pw.x               0000000000A30430  fft_wave_mp_wave_         152  fft_wave.f90
pw.x               00000000005CA992  sum_band_IP_sum_b         709  sum_band.f90
pw.x               00000000005C7176  sum_band_                 182  sum_band.f90
pw.x               000000000040DF4F  electrons_scf_            727  electrons.f90
pw.x               000000000040B14D  electrons_                192  electrons.f90
pw.x               00000000005888D2  run_pwscf_                189  run_pwscf.f90
pw.x               00000000004084B4  MAIN__                     85  pwscf.f90
pw.x               000000000040831E  Unknown               Unknown  Unknown
libc-2.17.so       00002AC2FC2E6C05  __libc_start_main     Unknown  Unknown
pw.x               0000000000408229  Unknown               Unknown  Unknown
forrtl: error (78): process killed (SIGTERM)
Image              PC                Routine            Line        Source             
pw.x               00000000010225FA  Unknown               Unknown  Unknown
libpthread-2.17.s  00002AE3B94465E0  Unknown               Unknown  Unknown
libmpi.so.12       00002AE3B8450EB8  PMPIDI_CH3I_Progr     Unknown  Unknown
libmpi.so.12.0     00002AE3B85F4243  Unknown               Unknown  Unknown
libmpi.so.12.0     00002AE3B8403F46  Unknown               Unknown  Unknown
libmpi.so.12       00002AE3B84060BF  MPI_Alltoall          Unknown  Unknown
libmpifort.so.12.  00002AE3B7FB142E  mpi_alltoall__        Unknown  Unknown
pw.x               0000000000E3E3E6  fft_scatter_2d_mp         123  fft_scatter_2d.f90
pw.x               0000000000E55397  fft_parallel_2d_m         172  fft_parallel_2d.f90
pw.x               0000000000E40685  invfft_y_                  91  fft_fwinv.f90
pw.x               0000000000A30430  fft_wave_mp_wave_         152  fft_wave.f90
pw.x               00000000005CA992  sum_band_IP_sum_b         709  sum_band.f90
pw.x               00000000005C7176  sum_band_                 182  sum_band.f90
pw.x               000000000040DF4F  electrons_scf_            727  electrons.f90
pw.x               000000000040B14D  electrons_                192  electrons.f90
pw.x               00000000005888D2  run_pwscf_                189  run_pwscf.f90
pw.x               00000000004084B4  MAIN__                     85  pwscf.f90
pw.x               000000000040831E  Unknown               Unknown  Unknown
libc-2.17.so       00002AE3B9D1AC05  __libc_start_main     Unknown  Unknown
pw.x               0000000000408229  Unknown               Unknown  Unknown
forrtl: error (78): process killed (SIGTERM)
Image              PC                Routine            Line        Source             
pw.x               00000000010225FA  Unknown               Unknown  Unknown
libpthread-2.17.s  00002AB0E31325E0  Unknown               Unknown  Unknown
libmpi.so.12       00002AB0E213CEB8  PMPIDI_CH3I_Progr     Unknown  Unknown
libmpi.so.12.0     00002AB0E22E0243  Unknown               Unknown  Unknown
libmpi.so.12.0     00002AB0E20EFF46  Unknown               Unknown  Unknown
libmpi.so.12       00002AB0E20F20BF  MPI_Alltoall          Unknown  Unknown
libmpifort.so.12.  00002AB0E1C9D42E  mpi_alltoall__        Unknown  Unknown
pw.x               0000000000E3E3E6  fft_scatter_2d_mp         123  fft_scatter_2d.f90
pw.x               0000000000E55397  fft_parallel_2d_m         172  fft_parallel_2d.f90
pw.x               0000000000E40685  invfft_y_                  91  fft_fwinv.f90
pw.x               0000000000A30430  fft_wave_mp_wave_         152  fft_wave.f90
pw.x               00000000005CA992  sum_band_IP_sum_b         709  sum_band.f90
pw.x               00000000005C7176  sum_band_                 182  sum_band.f90
pw.x               000000000040DF4F  electrons_scf_            727  electrons.f90
pw.x               000000000040B14D  electrons_                192  electrons.f90
pw.x               00000000005888D2  run_pwscf_                189  run_pwscf.f90
pw.x               00000000004084B4  MAIN__                     85  pwscf.f90
pw.x               000000000040831E  Unknown               Unknown  Unknown
libc-2.17.so       00002AB0E3A06C05  __libc_start_main     Unknown  Unknown
pw.x               0000000000408229  Unknown               Unknown  Unknown
forrtl: error (78): process killed (SIGTERM)
Image              PC                Routine            Line        Source             
pw.x               00000000010225FA  Unknown               Unknown  Unknown
libpthread-2.17.s  00002B8F7515E5E0  Unknown               Unknown  Unknown
libmpi.so.12       00002B8F74168EB8  PMPIDI_CH3I_Progr     Unknown  Unknown
libmpi.so.12.0     00002B8F7430C243  Unknown               Unknown  Unknown
libmpi.so.12.0     00002B8F7411BF46  Unknown               Unknown  Unknown
libmpi.so.12       00002B8F7411E0BF  MPI_Alltoall          Unknown  Unknown
libmpifort.so.12.  00002B8F73CC942E  mpi_alltoall__        Unknown  Unknown
pw.x               0000000000E3E3E6  fft_scatter_2d_mp         123  fft_scatter_2d.f90
pw.x               0000000000E55397  fft_parallel_2d_m         172  fft_parallel_2d.f90
pw.x               0000000000E40685  invfft_y_                  91  fft_fwinv.f90
pw.x               0000000000A30430  fft_wave_mp_wave_         152  fft_wave.f90
pw.x               00000000005CA992  sum_band_IP_sum_b         709  sum_band.f90
pw.x               00000000005C7176  sum_band_                 182  sum_band.f90
pw.x               000000000040DF4F  electrons_scf_            727  electrons.f90
pw.x               000000000040B14D  electrons_                192  electrons.f90
pw.x               00000000005888D2  run_pwscf_                189  run_pwscf.f90
pw.x               00000000004084B4  MAIN__                     85  pwscf.f90
pw.x               000000000040831E  Unknown               Unknown  Unknown
libc-2.17.so       00002B8F75A32C05  __libc_start_main     Unknown  Unknown
pw.x               0000000000408229  Unknown               Unknown  Unknown
forrtl: error (78): process killed (SIGTERM)
Image              PC                Routine            Line        Source             
pw.x               00000000010225FA  Unknown               Unknown  Unknown
libpthread-2.17.s  00002B67BEAEB5E0  Unknown               Unknown  Unknown
libmpi.so.12       00002B67BDAF5EB8  PMPIDI_CH3I_Progr     Unknown  Unknown
libmpi.so.12.0     00002B67BDC99243  Unknown               Unknown  Unknown
libmpi.so.12.0     00002B67BDAA8F46  Unknown               Unknown  Unknown
libmpi.so.12       00002B67BDAAB0BF  MPI_Alltoall          Unknown  Unknown
libmpifort.so.12.  00002B67BD65642E  mpi_alltoall__        Unknown  Unknown
pw.x               0000000000E3E3E6  fft_scatter_2d_mp         123  fft_scatter_2d.f90
pw.x               0000000000E55397  fft_parallel_2d_m         172  fft_parallel_2d.f90
pw.x               0000000000E40685  invfft_y_                  91  fft_fwinv.f90
pw.x               0000000000A30430  fft_wave_mp_wave_         152  fft_wave.f90
pw.x               00000000005CA992  sum_band_IP_sum_b         709  sum_band.f90
pw.x               00000000005C7176  sum_band_                 182  sum_band.f90
pw.x               000000000040DF4F  electrons_scf_            727  electrons.f90
pw.x               000000000040B14D  electrons_                192  electrons.f90
pw.x               00000000005888D2  run_pwscf_                189  run_pwscf.f90
pw.x               00000000004084B4  MAIN__                     85  pwscf.f90
pw.x               000000000040831E  Unknown               Unknown  Unknown
libc-2.17.so       00002B67BF3BFC05  __libc_start_main     Unknown  Unknown
pw.x               0000000000408229  Unknown               Unknown  Unknown
forrtl: error (78): process killed (SIGTERM)
Image              PC                Routine            Line        Source             
pw.x               00000000010225FA  Unknown               Unknown  Unknown
libpthread-2.17.s  00002B8F9B85A5E0  Unknown               Unknown  Unknown
libmpi.so.12       00002B8F9A865B52  PMPIDI_CH3I_Progr     Unknown  Unknown
libmpi.so.12.0     00002B8F9AA08243  Unknown               Unknown  Unknown
libmpi.so.12.0     00002B8F9A817F46  Unknown               Unknown  Unknown
libmpi.so.12       00002B8F9A81A0BF  MPI_Alltoall          Unknown  Unknown
libmpifort.so.12.  00002B8F9A3C542E  mpi_alltoall__        Unknown  Unknown
pw.x               0000000000E3E3E6  fft_scatter_2d_mp         123  fft_scatter_2d.f90
pw.x               0000000000E55397  fft_parallel_2d_m         172  fft_parallel_2d.f90
pw.x               0000000000E40685  invfft_y_                  91  fft_fwinv.f90
pw.x               0000000000A30430  fft_wave_mp_wave_         152  fft_wave.f90
pw.x               00000000005CA992  sum_band_IP_sum_b         709  sum_band.f90
pw.x               00000000005C7176  sum_band_                 182  sum_band.f90
pw.x               000000000040DF4F  electrons_scf_            727  electrons.f90
pw.x               000000000040B14D  electrons_                192  electrons.f90
pw.x               00000000005888D2  run_pwscf_                189  run_pwscf.f90
pw.x               00000000004084B4  MAIN__                     85  pwscf.f90
pw.x               000000000040831E  Unknown               Unknown  Unknown
libc-2.17.so       00002B8F9C12EC05  __libc_start_main     Unknown  Unknown
pw.x               0000000000408229  Unknown               Unknown  Unknown
forrtl: error (78): process killed (SIGTERM)
Image              PC                Routine            Line        Source             
pw.x               00000000010225FA  Unknown               Unknown  Unknown
libpthread-2.17.s  00002B5E8B55B5E0  Unknown               Unknown  Unknown
libmpi.so.12       00002B5E8A565EB8  PMPIDI_CH3I_Progr     Unknown  Unknown
libmpi.so.12.0     00002B5E8A709243  Unknown               Unknown  Unknown
libmpi.so.12.0     00002B5E8A518F46  Unknown               Unknown  Unknown
libmpi.so.12       00002B5E8A51B0BF  MPI_Alltoall          Unknown  Unknown
libmpifort.so.12.  00002B5E8A0C642E  mpi_alltoall__        Unknown  Unknown
pw.x               0000000000E3E3E6  fft_scatter_2d_mp         123  fft_scatter_2d.f90
pw.x               0000000000E55397  fft_parallel_2d_m         172  fft_parallel_2d.f90
pw.x               0000000000E40685  invfft_y_                  91  fft_fwinv.f90
pw.x               0000000000A30430  fft_wave_mp_wave_         152  fft_wave.f90
pw.x               00000000005CA992  sum_band_IP_sum_b         709  sum_band.f90
pw.x               00000000005C7176  sum_band_                 182  sum_band.f90
pw.x               000000000040DF4F  electrons_scf_            727  electrons.f90
pw.x               000000000040B14D  electrons_                192  electrons.f90
pw.x               00000000005888D2  run_pwscf_                189  run_pwscf.f90
pw.x               00000000004084B4  MAIN__                     85  pwscf.f90
pw.x               000000000040831E  Unknown               Unknown  Unknown
libc-2.17.so       00002B5E8BE2FC05  __libc_start_main     Unknown  Unknown
pw.x               0000000000408229  Unknown               Unknown  Unknown
forrtl: error (78): process killed (SIGTERM)
Image              PC                Routine            Line        Source             
pw.x               00000000010225FA  Unknown               Unknown  Unknown
libpthread-2.17.s  00002B69C22E25E0  Unknown               Unknown  Unknown
libmpi.so.12       00002B69C12ECEB8  PMPIDI_CH3I_Progr     Unknown  Unknown
libmpi.so.12.0     00002B69C1490243  Unknown               Unknown  Unknown
libmpi.so.12.0     00002B69C129FF46  Unknown               Unknown  Unknown
libmpi.so.12       00002B69C12A20BF  MPI_Alltoall          Unknown  Unknown
libmpifort.so.12.  00002B69C0E4D42E  mpi_alltoall__        Unknown  Unknown
pw.x               0000000000E3E3E6  fft_scatter_2d_mp         123  fft_scatter_2d.f90
pw.x               0000000000E55397  fft_parallel_2d_m         172  fft_parallel_2d.f90
pw.x               0000000000E40685  invfft_y_                  91  fft_fwinv.f90
pw.x               0000000000A30430  fft_wave_mp_wave_         152  fft_wave.f90
pw.x               00000000005CA992  sum_band_IP_sum_b         709  sum_band.f90
pw.x               00000000005C7176  sum_band_                 182  sum_band.f90
pw.x               000000000040DF4F  electrons_scf_            727  electrons.f90
pw.x               000000000040B14D  electrons_                192  electrons.f90
pw.x               00000000005888D2  run_pwscf_                189  run_pwscf.f90
pw.x               00000000004084B4  MAIN__                     85  pwscf.f90
pw.x               000000000040831E  Unknown               Unknown  Unknown
libc-2.17.so       00002B69C2BB6C05  __libc_start_main     Unknown  Unknown
pw.x               0000000000408229  Unknown               Unknown  Unknown
forrtl: error (78): process killed (SIGTERM)
Image              PC                Routine            Line        Source             
pw.x               00000000010225FA  Unknown               Unknown  Unknown
libpthread-2.17.s  00002B51CD9F35E0  Unknown               Unknown  Unknown
libmpi.so.12       00002B51CC9FDEB8  PMPIDI_CH3I_Progr     Unknown  Unknown
libmpi.so.12.0     00002B51CCBA1243  Unknown               Unknown  Unknown
libmpi.so.12.0     00002B51CC9B0F46  Unknown               Unknown  Unknown
libmpi.so.12       00002B51CC9B30BF  MPI_Alltoall          Unknown  Unknown
libmpifort.so.12.  00002B51CC55E42E  mpi_alltoall__        Unknown  Unknown
pw.x               0000000000E3E3E6  fft_scatter_2d_mp         123  fft_scatter_2d.f90
pw.x               0000000000E55397  fft_parallel_2d_m         172  fft_parallel_2d.f90
pw.x               0000000000E40685  invfft_y_                  91  fft_fwinv.f90
pw.x               0000000000A30430  fft_wave_mp_wave_         152  fft_wave.f90
pw.x               00000000005CA992  sum_band_IP_sum_b         709  sum_band.f90
pw.x               00000000005C7176  sum_band_                 182  sum_band.f90
pw.x               000000000040DF4F  electrons_scf_            727  electrons.f90
pw.x               000000000040B14D  electrons_                192  electrons.f90
pw.x               00000000005888D2  run_pwscf_                189  run_pwscf.f90
pw.x               00000000004084B4  MAIN__                     85  pwscf.f90
pw.x               000000000040831E  Unknown               Unknown  Unknown
libc-2.17.so       00002B51CE2C7C05  __libc_start_main     Unknown  Unknown
pw.x               0000000000408229  Unknown               Unknown  Unknown
forrtl: error (78): process killed (SIGTERM)
Image              PC                Routine            Line        Source             
pw.x               00000000010225FA  Unknown               Unknown  Unknown
libpthread-2.17.s  00002AEF1B7AE5E0  Unknown               Unknown  Unknown
libmpi.so.12       00002AEF1A7B8EB8  PMPIDI_CH3I_Progr     Unknown  Unknown
libmpi.so.12.0     00002AEF1A95C243  Unknown               Unknown  Unknown
libmpi.so.12.0     00002AEF1A76BF46  Unknown               Unknown  Unknown
libmpi.so.12       00002AEF1A76E0BF  MPI_Alltoall          Unknown  Unknown
libmpifort.so.12.  00002AEF1A31942E  mpi_alltoall__        Unknown  Unknown
pw.x               0000000000E3E3E6  fft_scatter_2d_mp         123  fft_scatter_2d.f90
pw.x               0000000000E55397  fft_parallel_2d_m         172  fft_parallel_2d.f90
pw.x               0000000000E40685  invfft_y_                  91  fft_fwinv.f90
pw.x               0000000000A30430  fft_wave_mp_wave_         152  fft_wave.f90
pw.x               00000000005CA992  sum_band_IP_sum_b         709  sum_band.f90
pw.x               00000000005C7176  sum_band_                 182  sum_band.f90
pw.x               000000000040DF4F  electrons_scf_            727  electrons.f90
pw.x               000000000040B14D  electrons_                192  electrons.f90
pw.x               00000000005888D2  run_pwscf_                189  run_pwscf.f90
pw.x               00000000004084B4  MAIN__                     85  pwscf.f90
pw.x               000000000040831E  Unknown               Unknown  Unknown
libc-2.17.so       00002AEF1C082C05  __libc_start_main     Unknown  Unknown
pw.x               0000000000408229  Unknown               Unknown  Unknown
forrtl: error (78): process killed (SIGTERM)
Image              PC                Routine            Line        Source             
pw.x               00000000010225FA  Unknown               Unknown  Unknown
libpthread-2.17.s  00002BA8D5A585E0  Unknown               Unknown  Unknown
libmpi.so.12       00002BA8D4A62EB8  PMPIDI_CH3I_Progr     Unknown  Unknown
libmpi.so.12.0     00002BA8D4C06243  Unknown               Unknown  Unknown
libmpi.so.12.0     00002BA8D4A15F46  Unknown               Unknown  Unknown
libmpi.so.12       00002BA8D4A180BF  MPI_Alltoall          Unknown  Unknown
libmpifort.so.12.  00002BA8D45C342E  mpi_alltoall__        Unknown  Unknown
pw.x               0000000000E3E3E6  fft_scatter_2d_mp         123  fft_scatter_2d.f90
pw.x               0000000000E55397  fft_parallel_2d_m         172  fft_parallel_2d.f90
pw.x               0000000000E40685  invfft_y_                  91  fft_fwinv.f90
pw.x               0000000000A30430  fft_wave_mp_wave_         152  fft_wave.f90
pw.x               00000000005CA992  sum_band_IP_sum_b         709  sum_band.f90
pw.x               00000000005C7176  sum_band_                 182  sum_band.f90
pw.x               000000000040DF4F  electrons_scf_            727  electrons.f90
pw.x               000000000040B14D  electrons_                192  electrons.f90
pw.x               00000000005888D2  run_pwscf_                189  run_pwscf.f90
pw.x               00000000004084B4  MAIN__                     85  pwscf.f90
pw.x               000000000040831E  Unknown               Unknown  Unknown
libc-2.17.so       00002BA8D632CC05  __libc_start_main     Unknown  Unknown
pw.x               0000000000408229  Unknown               Unknown  Unknown
forrtl: error (78): process killed (SIGTERM)
Image              PC                Routine            Line        Source             
pw.x               00000000010225FA  Unknown               Unknown  Unknown
libpthread-2.17.s  00002B69E8BBE5E0  Unknown               Unknown  Unknown
libmpi.so.12       00002B69E7BC939B  PMPIDI_CH3I_Progr     Unknown  Unknown
libmpi.so.12.0     00002B69E7D6C243  Unknown               Unknown  Unknown
libmpi.so.12.0     00002B69E7B7BF46  Unknown               Unknown  Unknown
libmpi.so.12       00002B69E7B7E0BF  MPI_Alltoall          Unknown  Unknown
libmpifort.so.12.  00002B69E772942E  mpi_alltoall__        Unknown  Unknown
pw.x               0000000000E3E3E6  fft_scatter_2d_mp         123  fft_scatter_2d.f90
pw.x               0000000000E55397  fft_parallel_2d_m         172  fft_parallel_2d.f90
pw.x               0000000000E40685  invfft_y_                  91  fft_fwinv.f90
pw.x               0000000000A30430  fft_wave_mp_wave_         152  fft_wave.f90
pw.x               00000000005CA992  sum_band_IP_sum_b         709  sum_band.f90
pw.x               00000000005C7176  sum_band_                 182  sum_band.f90
pw.x               000000000040DF4F  electrons_scf_            727  electrons.f90
pw.x               000000000040B14D  electrons_                192  electrons.f90
pw.x               00000000005888D2  run_pwscf_                189  run_pwscf.f90
pw.x               00000000004084B4  MAIN__                     85  pwscf.f90
pw.x               000000000040831E  Unknown               Unknown  Unknown
libc-2.17.so       00002B69E9492C05  __libc_start_main     Unknown  Unknown
pw.x               0000000000408229  Unknown               Unknown  Unknown
forrtl: error (78): process killed (SIGTERM)
Image              PC                Routine            Line        Source             
pw.x               00000000010225FA  Unknown               Unknown  Unknown
libpthread-2.17.s  00002AC1FEA725E0  Unknown               Unknown  Unknown
libmpi.so.12       00002AC1FDA7D3B6  PMPIDI_CH3I_Progr     Unknown  Unknown
libmpi.so.12.0     00002AC1FDC20243  Unknown               Unknown  Unknown
libmpi.so.12.0     00002AC1FDA2FF46  Unknown               Unknown  Unknown
libmpi.so.12       00002AC1FDA320BF  MPI_Alltoall          Unknown  Unknown
libmpifort.so.12.  00002AC1FD5DD42E  mpi_alltoall__        Unknown  Unknown
pw.x               0000000000E3E3E6  fft_scatter_2d_mp         123  fft_scatter_2d.f90
pw.x               0000000000E55397  fft_parallel_2d_m         172  fft_parallel_2d.f90
pw.x               0000000000E40685  invfft_y_                  91  fft_fwinv.f90
pw.x               0000000000A30430  fft_wave_mp_wave_         152  fft_wave.f90
pw.x               00000000005CA992  sum_band_IP_sum_b         709  sum_band.f90
pw.x               00000000005C7176  sum_band_                 182  sum_band.f90
pw.x               000000000040DF4F  electrons_scf_            727  electrons.f90
pw.x               000000000040B14D  electrons_                192  electrons.f90
pw.x               00000000005888D2  run_pwscf_                189  run_pwscf.f90
pw.x               00000000004084B4  MAIN__                     85  pwscf.f90
pw.x               000000000040831E  Unknown               Unknown  Unknown
libc-2.17.so       00002AC1FF346C05  __libc_start_main     Unknown  Unknown
pw.x               0000000000408229  Unknown               Unknown  Unknown
forrtl: error (78): process killed (SIGTERM)
Image              PC                Routine            Line        Source             
pw.x               00000000010225FA  Unknown               Unknown  Unknown
libpthread-2.17.s  00002B79927665E0  Unknown               Unknown  Unknown
libmpi.so.12       00002B7991770EB8  PMPIDI_CH3I_Progr     Unknown  Unknown
libmpi.so.12.0     00002B7991914243  Unknown               Unknown  Unknown
libmpi.so.12.0     00002B7991723F46  Unknown               Unknown  Unknown
libmpi.so.12       00002B79917260BF  MPI_Alltoall          Unknown  Unknown
libmpifort.so.12.  00002B79912D142E  mpi_alltoall__        Unknown  Unknown
pw.x               0000000000E3E3E6  fft_scatter_2d_mp         123  fft_scatter_2d.f90
pw.x               0000000000E55397  fft_parallel_2d_m         172  fft_parallel_2d.f90
pw.x               0000000000E40685  invfft_y_                  91  fft_fwinv.f90
pw.x               0000000000A30430  fft_wave_mp_wave_         152  fft_wave.f90
pw.x               00000000005CA992  sum_band_IP_sum_b         709  sum_band.f90
pw.x               00000000005C7176  sum_band_                 182  sum_band.f90
pw.x               000000000040DF4F  electrons_scf_            727  electrons.f90
pw.x               000000000040B14D  electrons_                192  electrons.f90
pw.x               00000000005888D2  run_pwscf_                189  run_pwscf.f90
pw.x               00000000004084B4  MAIN__                     85  pwscf.f90
pw.x               000000000040831E  Unknown               Unknown  Unknown
libc-2.17.so       00002B799303AC05  __libc_start_main     Unknown  Unknown
pw.x               0000000000408229  Unknown               Unknown  Unknown
forrtl: error (78): process killed (SIGTERM)
Image              PC                Routine            Line        Source             
pw.x               00000000010225FA  Unknown               Unknown  Unknown
libpthread-2.17.s  00002B67833485E0  Unknown               Unknown  Unknown
libmpi.so.12       00002B6782352EB8  PMPIDI_CH3I_Progr     Unknown  Unknown
libmpi.so.12.0     00002B67824F6243  Unknown               Unknown  Unknown
libmpi.so.12.0     00002B6782305F46  Unknown               Unknown  Unknown
libmpi.so.12       00002B67823080BF  MPI_Alltoall          Unknown  Unknown
libmpifort.so.12.  00002B6781EB342E  mpi_alltoall__        Unknown  Unknown
pw.x               0000000000E3E3E6  fft_scatter_2d_mp         123  fft_scatter_2d.f90
pw.x               0000000000E55397  fft_parallel_2d_m         172  fft_parallel_2d.f90
pw.x               0000000000E40685  invfft_y_                  91  fft_fwinv.f90
pw.x               0000000000A30430  fft_wave_mp_wave_         152  fft_wave.f90
pw.x               00000000005CA992  sum_band_IP_sum_b         709  sum_band.f90
pw.x               00000000005C7176  sum_band_                 182  sum_band.f90
pw.x               000000000040DF4F  electrons_scf_            727  electrons.f90
pw.x               000000000040B14D  electrons_                192  electrons.f90
pw.x               00000000005888D2  run_pwscf_                189  run_pwscf.f90
pw.x               00000000004084B4  MAIN__                     85  pwscf.f90
pw.x               000000000040831E  Unknown               Unknown  Unknown
libc-2.17.so       00002B6783C1CC05  __libc_start_main     Unknown  Unknown
pw.x               0000000000408229  Unknown               Unknown  Unknown
forrtl: error (78): process killed (SIGTERM)
Image              PC                Routine            Line        Source             
pw.x               00000000010225FA  Unknown               Unknown  Unknown
libpthread-2.17.s  00002AEEF24A35E0  Unknown               Unknown  Unknown
libmpi.so.12       00002AEEF14ADEB8  PMPIDI_CH3I_Progr     Unknown  Unknown
libmpi.so.12.0     00002AEEF1651243  Unknown               Unknown  Unknown
libmpi.so.12.0     00002AEEF1460F46  Unknown               Unknown  Unknown
libmpi.so.12       00002AEEF14630BF  MPI_Alltoall          Unknown  Unknown
libmpifort.so.12.  00002AEEF100E42E  mpi_alltoall__        Unknown  Unknown
pw.x               0000000000E3E3E6  fft_scatter_2d_mp         123  fft_scatter_2d.f90
pw.x               0000000000E55397  fft_parallel_2d_m         172  fft_parallel_2d.f90
pw.x               0000000000E40685  invfft_y_                  91  fft_fwinv.f90
pw.x               0000000000A30430  fft_wave_mp_wave_         152  fft_wave.f90
pw.x               00000000005CA992  sum_band_IP_sum_b         709  sum_band.f90
pw.x               00000000005C7176  sum_band_                 182  sum_band.f90
pw.x               000000000040DF4F  electrons_scf_            727  electrons.f90
pw.x               000000000040B14D  electrons_                192  electrons.f90
pw.x               00000000005888D2  run_pwscf_                189  run_pwscf.f90
pw.x               00000000004084B4  MAIN__                     85  pwscf.f90
pw.x               000000000040831E  Unknown               Unknown  Unknown
libc-2.17.so       00002AEEF2D77C05  __libc_start_main     Unknown  Unknown
pw.x               0000000000408229  Unknown               Unknown  Unknown
