forrtl: error (78): process killed (SIGTERM)
Image              PC                Routine            Line        Source             
pw.x               00000000010225FA  Unknown               Unknown  Unknown
libpthread-2.17.s  00002B419DDDD5E0  Unknown               Unknown  Unknown
libmkl_avx512.so   00002B41B80331DF  mkl_blas_avx512_z     Unknown  Unknown
forrtl: error (78): process killed (SIGTERM)
Image              PC                Routine            Line        Source             
pw.x               00000000010225FA  Unknown               Unknown  Unknown
libpthread-2.17.s  00002ACFF95CE5E0  Unknown               Unknown  Unknown
libmkl_avx512.so   00002AD013823AA9  mkl_blas_avx512_z     Unknown  Unknown
forrtl: error (78): process killed (SIGTERM)
Image              PC                Routine            Line        Source             
pw.x               00000000010225FA  Unknown               Unknown  Unknown
libpthread-2.17.s  00002B78191795E0  Unknown               Unknown  Unknown
libmkl_avx512.so   00002B78333DF57C  mkl_blas_avx512_z     Unknown  Unknown
forrtl: error (78): process killed (SIGTERM)
Image              PC                Routine            Line        Source             
pw.x               00000000010225FA  Unknown               Unknown  Unknown
libpthread-2.17.s  00002B33BB3925E0  Unknown               Unknown  Unknown
libmkl_avx512.so   00002B33D55EC505  mkl_blas_avx512_z     Unknown  Unknown
forrtl: error (78): process killed (SIGTERM)
Image              PC                Routine            Line        Source             
pw.x               00000000010225FA  Unknown               Unknown  Unknown
libpthread-2.17.s  00002AF3DC3735E0  Unknown               Unknown  Unknown
libmpi.so.12.0     00002AF3DB3450C9  Unknown               Unknown  Unknown
libmpi.so.12.0     00002AF3DB345FAE  Unknown               Unknown  Unknown
libmpi.so.12       00002AF3DB349C2D  MPI_Barrier           Unknown  Unknown
libmpifort.so.12.  00002AF3DAEDF72C  pmpi_barrier          Unknown  Unknown
pw.x               0000000000F59F97  bcast_real_                60  mp_base.f90
pw.x               0000000000F39848  mp_mp_mp_bcast_cm         660  mp.f90
pw.x               0000000000874557  pcegterg_IP_hpsi_        1329  cegterg.f90
pw.x               000000000086DA2D  pcegterg_                 972  cegterg.f90
pw.x               0000000000687E53  diag_bands_IP_dia        1028  c_bands.f90
pw.x               000000000068663C  diag_bands_               322  c_bands.f90
pw.x               0000000000685075  c_bands_                  132  c_bands.f90
pw.x               000000000040DEAE  electrons_scf_            689  electrons.f90
pw.x               000000000040B14D  electrons_                192  electrons.f90
pw.x               00000000005888D2  run_pwscf_                189  run_pwscf.f90
pw.x               00000000004084B4  MAIN__                     85  pwscf.f90
pw.x               000000000040831E  Unknown               Unknown  Unknown
libc-2.17.so       00002AF3DCC47C05  __libc_start_main     Unknown  Unknown
pw.x               0000000000408229  Unknown               Unknown  Unknown
forrtl: error (78): process killed (SIGTERM)
Image              PC                Routine            Line        Source             
pw.x               00000000010225FA  Unknown               Unknown  Unknown
libpthread-2.17.s  00002B7713CF35E0  Unknown               Unknown  Unknown
libmpi.so.12.0     00002B7712CC53AA  Unknown               Unknown  Unknown
libmpi.so.12.0     00002B7712CC60C5  Unknown               Unknown  Unknown
libmpi.so.12       00002B7712CC9C2D  MPI_Barrier           Unknown  Unknown
libmpifort.so.12.  00002B771285F72C  pmpi_barrier          Unknown  Unknown
pw.x               0000000000F59F97  bcast_real_                60  mp_base.f90
pw.x               0000000000F39848  mp_mp_mp_bcast_cm         660  mp.f90
pw.x               0000000000874557  pcegterg_IP_hpsi_        1329  cegterg.f90
pw.x               000000000086DA2D  pcegterg_                 972  cegterg.f90
pw.x               0000000000687E53  diag_bands_IP_dia        1028  c_bands.f90
pw.x               000000000068663C  diag_bands_               322  c_bands.f90
pw.x               0000000000685075  c_bands_                  132  c_bands.f90
pw.x               000000000040DEAE  electrons_scf_            689  electrons.f90
pw.x               000000000040B14D  electrons_                192  electrons.f90
pw.x               00000000005888D2  run_pwscf_                189  run_pwscf.f90
pw.x               00000000004084B4  MAIN__                     85  pwscf.f90
pw.x               000000000040831E  Unknown               Unknown  Unknown
libc-2.17.so       00002B77145C7C05  __libc_start_main     Unknown  Unknown
pw.x               0000000000408229  Unknown               Unknown  Unknown
forrtl: error (78): process killed (SIGTERM)
Image              PC                Routine            Line        Source             
pw.x               00000000010225FA  Unknown               Unknown  Unknown
libpthread-2.17.s  00002ABF9D23A5E0  Unknown               Unknown  Unknown
libmpi.so.12.0     00002ABF9C20C3AA  Unknown               Unknown  Unknown
libmpi.so.12.0     00002ABF9C20D0C5  Unknown               Unknown  Unknown
libmpi.so.12       00002ABF9C210C2D  MPI_Barrier           Unknown  Unknown
libmpifort.so.12.  00002ABF9BDA672C  pmpi_barrier          Unknown  Unknown
pw.x               0000000000F59F97  bcast_real_                60  mp_base.f90
pw.x               0000000000F39848  mp_mp_mp_bcast_cm         660  mp.f90
pw.x               0000000000874557  pcegterg_IP_hpsi_        1329  cegterg.f90
pw.x               000000000086DA2D  pcegterg_                 972  cegterg.f90
pw.x               0000000000687E53  diag_bands_IP_dia        1028  c_bands.f90
pw.x               000000000068663C  diag_bands_               322  c_bands.f90
pw.x               0000000000685075  c_bands_                  132  c_bands.f90
pw.x               000000000040DEAE  electrons_scf_            689  electrons.f90
pw.x               000000000040B14D  electrons_                192  electrons.f90
pw.x               00000000005888D2  run_pwscf_                189  run_pwscf.f90
pw.x               00000000004084B4  MAIN__                     85  pwscf.f90
pw.x               000000000040831E  Unknown               Unknown  Unknown
libc-2.17.so       00002ABF9DB0EC05  __libc_start_main     Unknown  Unknown
pw.x               0000000000408229  Unknown               Unknown  Unknown
forrtl: error (78): process killed (SIGTERM)
Image              PC                Routine            Line        Source             
pw.x               00000000010225FA  Unknown               Unknown  Unknown
libpthread-2.17.s  00002B5B1D6C55E0  Unknown               Unknown  Unknown
libmpi.so.12.0     00002B5B1C6973AA  Unknown               Unknown  Unknown
libmpi.so.12.0     00002B5B1C6980C5  Unknown               Unknown  Unknown
libmpi.so.12       00002B5B1C69BC2D  MPI_Barrier           Unknown  Unknown
libmpifort.so.12.  00002B5B1C23172C  pmpi_barrier          Unknown  Unknown
pw.x               0000000000F59F97  bcast_real_                60  mp_base.f90
pw.x               0000000000F39848  mp_mp_mp_bcast_cm         660  mp.f90
pw.x               0000000000874557  pcegterg_IP_hpsi_        1329  cegterg.f90
pw.x               000000000086DA2D  pcegterg_                 972  cegterg.f90
pw.x               0000000000687E53  diag_bands_IP_dia        1028  c_bands.f90
pw.x               000000000068663C  diag_bands_               322  c_bands.f90
pw.x               0000000000685075  c_bands_                  132  c_bands.f90
pw.x               000000000040DEAE  electrons_scf_            689  electrons.f90
pw.x               000000000040B14D  electrons_                192  electrons.f90
pw.x               00000000005888D2  run_pwscf_                189  run_pwscf.f90
pw.x               00000000004084B4  MAIN__                     85  pwscf.f90
pw.x               000000000040831E  Unknown               Unknown  Unknown
libc-2.17.so       00002B5B1DF99C05  __libc_start_main     Unknown  Unknown
pw.x               0000000000408229  Unknown               Unknown  Unknown
forrtl: error (78): process killed (SIGTERM)
Image              PC                Routine            Line        Source             
pw.x               00000000010225FA  Unknown               Unknown  Unknown
libpthread-2.17.s  00002B6EAAD235E0  Unknown               Unknown  Unknown
libmpi.so.12.0     00002B6EA9CF53AA  Unknown               Unknown  Unknown
libmpi.so.12.0     00002B6EA9CF60C5  Unknown               Unknown  Unknown
libmpi.so.12       00002B6EA9CF9C2D  MPI_Barrier           Unknown  Unknown
libmpifort.so.12.  00002B6EA988F72C  pmpi_barrier          Unknown  Unknown
pw.x               0000000000F59F97  bcast_real_                60  mp_base.f90
pw.x               0000000000F39848  mp_mp_mp_bcast_cm         660  mp.f90
pw.x               0000000000874557  pcegterg_IP_hpsi_        1329  cegterg.f90
pw.x               000000000086DA2D  pcegterg_                 972  cegterg.f90
pw.x               0000000000687E53  diag_bands_IP_dia        1028  c_bands.f90
pw.x               000000000068663C  diag_bands_               322  c_bands.f90
pw.x               0000000000685075  c_bands_                  132  c_bands.f90
pw.x               000000000040DEAE  electrons_scf_            689  electrons.f90
pw.x               000000000040B14D  electrons_                192  electrons.f90
pw.x               00000000005888D2  run_pwscf_                189  run_pwscf.f90
pw.x               00000000004084B4  MAIN__                     85  pwscf.f90
pw.x               000000000040831E  Unknown               Unknown  Unknown
libc-2.17.so       00002B6EAB5F7C05  __libc_start_main     Unknown  Unknown
pw.x               0000000000408229  Unknown               Unknown  Unknown
forrtl: error (78): process killed (SIGTERM)
Image              PC                Routine            Line        Source             
pw.x               00000000010225FA  Unknown               Unknown  Unknown
libpthread-2.17.s  00002B5BDE8695E0  Unknown               Unknown  Unknown
libmpi.so.12.0     00002B5BDD83B3AA  Unknown               Unknown  Unknown
libmpi.so.12.0     00002B5BDD83C0C5  Unknown               Unknown  Unknown
libmpi.so.12       00002B5BDD83FC2D  MPI_Barrier           Unknown  Unknown
libmpifort.so.12.  00002B5BDD3D572C  pmpi_barrier          Unknown  Unknown
pw.x               0000000000F59F97  bcast_real_                60  mp_base.f90
pw.x               0000000000F39848  mp_mp_mp_bcast_cm         660  mp.f90
pw.x               0000000000874557  pcegterg_IP_hpsi_        1329  cegterg.f90
pw.x               000000000086DA2D  pcegterg_                 972  cegterg.f90
pw.x               0000000000687E53  diag_bands_IP_dia        1028  c_bands.f90
pw.x               000000000068663C  diag_bands_               322  c_bands.f90
pw.x               0000000000685075  c_bands_                  132  c_bands.f90
pw.x               000000000040DEAE  electrons_scf_            689  electrons.f90
pw.x               000000000040B14D  electrons_                192  electrons.f90
pw.x               00000000005888D2  run_pwscf_                189  run_pwscf.f90
pw.x               00000000004084B4  MAIN__                     85  pwscf.f90
pw.x               000000000040831E  Unknown               Unknown  Unknown
libc-2.17.so       00002B5BDF13DC05  __libc_start_main     Unknown  Unknown
pw.x               0000000000408229  Unknown               Unknown  Unknown
forrtl: error (78): process killed (SIGTERM)
Image              PC                Routine            Line        Source             
pw.x               00000000010225FA  Unknown               Unknown  Unknown
libpthread-2.17.s  00002B10F78465E0  Unknown               Unknown  Unknown
libmpi.so.12.0     00002B10F68183AA  Unknown               Unknown  Unknown
libmpi.so.12.0     00002B10F68190C5  Unknown               Unknown  Unknown
libmpi.so.12       00002B10F681CC2D  MPI_Barrier           Unknown  Unknown
libmpifort.so.12.  00002B10F63B272C  pmpi_barrier          Unknown  Unknown
pw.x               0000000000F59F97  bcast_real_                60  mp_base.f90
pw.x               0000000000F39848  mp_mp_mp_bcast_cm         660  mp.f90
pw.x               0000000000874557  pcegterg_IP_hpsi_        1329  cegterg.f90
pw.x               000000000086DA2D  pcegterg_                 972  cegterg.f90
pw.x               0000000000687E53  diag_bands_IP_dia        1028  c_bands.f90
pw.x               000000000068663C  diag_bands_               322  c_bands.f90
pw.x               0000000000685075  c_bands_                  132  c_bands.f90
pw.x               000000000040DEAE  electrons_scf_            689  electrons.f90
pw.x               000000000040B14D  electrons_                192  electrons.f90
pw.x               00000000005888D2  run_pwscf_                189  run_pwscf.f90
pw.x               00000000004084B4  MAIN__                     85  pwscf.f90
pw.x               000000000040831E  Unknown               Unknown  Unknown
libc-2.17.so       00002B10F811AC05  __libc_start_main     Unknown  Unknown
pw.x               0000000000408229  Unknown               Unknown  Unknown
forrtl: error (78): process killed (SIGTERM)
Image              PC                Routine            Line        Source             
pw.x               00000000010225FA  Unknown               Unknown  Unknown
libpthread-2.17.s  00002B6F437215E0  Unknown               Unknown  Unknown
libmpi.so.12.0     00002B6F426F33A8  Unknown               Unknown  Unknown
libmpi.so.12.0     00002B6F426F40C5  Unknown               Unknown  Unknown
libmpi.so.12       00002B6F426F7C2D  MPI_Barrier           Unknown  Unknown
libmpifort.so.12.  00002B6F4228D72C  pmpi_barrier          Unknown  Unknown
pw.x               0000000000F59F97  bcast_real_                60  mp_base.f90
pw.x               0000000000F39848  mp_mp_mp_bcast_cm         660  mp.f90
pw.x               0000000000874557  pcegterg_IP_hpsi_        1329  cegterg.f90
pw.x               000000000086DA2D  pcegterg_                 972  cegterg.f90
pw.x               0000000000687E53  diag_bands_IP_dia        1028  c_bands.f90
pw.x               000000000068663C  diag_bands_               322  c_bands.f90
pw.x               0000000000685075  c_bands_                  132  c_bands.f90
pw.x               000000000040DEAE  electrons_scf_            689  electrons.f90
pw.x               000000000040B14D  electrons_                192  electrons.f90
pw.x               00000000005888D2  run_pwscf_                189  run_pwscf.f90
pw.x               00000000004084B4  MAIN__                     85  pwscf.f90
pw.x               000000000040831E  Unknown               Unknown  Unknown
libc-2.17.so       00002B6F43FF5C05  __libc_start_main     Unknown  Unknown
pw.x               0000000000408229  Unknown               Unknown  Unknown
forrtl: error (78): process killed (SIGTERM)
Image              PC                Routine            Line        Source             
pw.x               00000000010225FA  Unknown               Unknown  Unknown
libpthread-2.17.s  00002ADBFD0D25E0  Unknown               Unknown  Unknown
libmpi.so.12.0     00002ADBFC0A43AA  Unknown               Unknown  Unknown
libmpi.so.12.0     00002ADBFC0A50C5  Unknown               Unknown  Unknown
libmpi.so.12       00002ADBFC0A8C2D  MPI_Barrier           Unknown  Unknown
libmpifort.so.12.  00002ADBFBC3E72C  pmpi_barrier          Unknown  Unknown
pw.x               0000000000F59F97  bcast_real_                60  mp_base.f90
pw.x               0000000000F39848  mp_mp_mp_bcast_cm         660  mp.f90
pw.x               0000000000874557  pcegterg_IP_hpsi_        1329  cegterg.f90
pw.x               000000000086DA2D  pcegterg_                 972  cegterg.f90
pw.x               0000000000687E53  diag_bands_IP_dia        1028  c_bands.f90
pw.x               000000000068663C  diag_bands_               322  c_bands.f90
pw.x               0000000000685075  c_bands_                  132  c_bands.f90
pw.x               000000000040DEAE  electrons_scf_            689  electrons.f90
pw.x               000000000040B14D  electrons_                192  electrons.f90
pw.x               00000000005888D2  run_pwscf_                189  run_pwscf.f90
pw.x               00000000004084B4  MAIN__                     85  pwscf.f90
pw.x               000000000040831E  Unknown               Unknown  Unknown
libc-2.17.so       00002ADBFD9A6C05  __libc_start_main     Unknown  Unknown
pw.x               0000000000408229  Unknown               Unknown  Unknown
forrtl: error (78): process killed (SIGTERM)
Image              PC                Routine            Line        Source             
pw.x               00000000010225FA  Unknown               Unknown  Unknown
libpthread-2.17.s  00002AE252A245E0  Unknown               Unknown  Unknown
libmpi.so.12.0     00002AE2519F63AF  Unknown               Unknown  Unknown
libmpi.so.12.0     00002AE2519F70C5  Unknown               Unknown  Unknown
libmpi.so.12       00002AE2519FAC2D  MPI_Barrier           Unknown  Unknown
libmpifort.so.12.  00002AE25159072C  pmpi_barrier          Unknown  Unknown
pw.x               0000000000F59F97  bcast_real_                60  mp_base.f90
pw.x               0000000000F39848  mp_mp_mp_bcast_cm         660  mp.f90
pw.x               0000000000874557  pcegterg_IP_hpsi_        1329  cegterg.f90
pw.x               000000000086DA2D  pcegterg_                 972  cegterg.f90
pw.x               0000000000687E53  diag_bands_IP_dia        1028  c_bands.f90
pw.x               000000000068663C  diag_bands_               322  c_bands.f90
pw.x               0000000000685075  c_bands_                  132  c_bands.f90
pw.x               000000000040DEAE  electrons_scf_            689  electrons.f90
pw.x               000000000040B14D  electrons_                192  electrons.f90
pw.x               00000000005888D2  run_pwscf_                189  run_pwscf.f90
pw.x               00000000004084B4  MAIN__                     85  pwscf.f90
pw.x               000000000040831E  Unknown               Unknown  Unknown
libc-2.17.so       00002AE2532F8C05  __libc_start_main     Unknown  Unknown
pw.x               0000000000408229  Unknown               Unknown  Unknown
forrtl: error (78): process killed (SIGTERM)
Image              PC                Routine            Line        Source             
pw.x               00000000010225FA  Unknown               Unknown  Unknown
libpthread-2.17.s  00002B3BF666A5E0  Unknown               Unknown  Unknown
libmpi.so.12.0     00002B3BF563C3AA  Unknown               Unknown  Unknown
libmpi.so.12.0     00002B3BF563D0C5  Unknown               Unknown  Unknown
libmpi.so.12       00002B3BF5640C2D  MPI_Barrier           Unknown  Unknown
libmpifort.so.12.  00002B3BF51D672C  pmpi_barrier          Unknown  Unknown
pw.x               0000000000F59F97  bcast_real_                60  mp_base.f90
pw.x               0000000000F39848  mp_mp_mp_bcast_cm         660  mp.f90
pw.x               0000000000874557  pcegterg_IP_hpsi_        1329  cegterg.f90
pw.x               000000000086DA2D  pcegterg_                 972  cegterg.f90
pw.x               0000000000687E53  diag_bands_IP_dia        1028  c_bands.f90
pw.x               000000000068663C  diag_bands_               322  c_bands.f90
pw.x               0000000000685075  c_bands_                  132  c_bands.f90
pw.x               000000000040DEAE  electrons_scf_            689  electrons.f90
pw.x               000000000040B14D  electrons_                192  electrons.f90
pw.x               00000000005888D2  run_pwscf_                189  run_pwscf.f90
pw.x               00000000004084B4  MAIN__                     85  pwscf.f90
pw.x               000000000040831E  Unknown               Unknown  Unknown
libc-2.17.so       00002B3BF6F3EC05  __libc_start_main     Unknown  Unknown
pw.x               0000000000408229  Unknown               Unknown  Unknown
forrtl: error (78): process killed (SIGTERM)
Image              PC                Routine            Line        Source             
pw.x               00000000010225FA  Unknown               Unknown  Unknown
libpthread-2.17.s  00002B3F315D75E0  Unknown               Unknown  Unknown
libmpi.so.12.0     00002B3F305A93AA  Unknown               Unknown  Unknown
libmpi.so.12.0     00002B3F305AA0C5  Unknown               Unknown  Unknown
libmpi.so.12       00002B3F305ADC2D  MPI_Barrier           Unknown  Unknown
libmpifort.so.12.  00002B3F3014372C  pmpi_barrier          Unknown  Unknown
pw.x               0000000000F59F97  bcast_real_                60  mp_base.f90
pw.x               0000000000F39848  mp_mp_mp_bcast_cm         660  mp.f90
pw.x               0000000000874557  pcegterg_IP_hpsi_        1329  cegterg.f90
pw.x               000000000086DA2D  pcegterg_                 972  cegterg.f90
pw.x               0000000000687E53  diag_bands_IP_dia        1028  c_bands.f90
pw.x               000000000068663C  diag_bands_               322  c_bands.f90
pw.x               0000000000685075  c_bands_                  132  c_bands.f90
pw.x               000000000040DEAE  electrons_scf_            689  electrons.f90
pw.x               000000000040B14D  electrons_                192  electrons.f90
pw.x               00000000005888D2  run_pwscf_                189  run_pwscf.f90
pw.x               00000000004084B4  MAIN__                     85  pwscf.f90
pw.x               000000000040831E  Unknown               Unknown  Unknown
libc-2.17.so       00002B3F31EABC05  __libc_start_main     Unknown  Unknown
pw.x               0000000000408229  Unknown               Unknown  Unknown
forrtl: error (78): process killed (SIGTERM)
Image              PC                Routine            Line        Source             
pw.x               00000000010225FA  Unknown               Unknown  Unknown
libpthread-2.17.s  00002BA8088955E0  Unknown               Unknown  Unknown
libmpi.so.12.0     00002BA8078673AA  Unknown               Unknown  Unknown
libmpi.so.12.0     00002BA8078680C5  Unknown               Unknown  Unknown
libmpi.so.12       00002BA80786BC2D  MPI_Barrier           Unknown  Unknown
libmpifort.so.12.  00002BA80740172C  pmpi_barrier          Unknown  Unknown
pw.x               0000000000F59F97  bcast_real_                60  mp_base.f90
pw.x               0000000000F39848  mp_mp_mp_bcast_cm         660  mp.f90
pw.x               0000000000874557  pcegterg_IP_hpsi_        1329  cegterg.f90
pw.x               000000000086DA2D  pcegterg_                 972  cegterg.f90
pw.x               0000000000687E53  diag_bands_IP_dia        1028  c_bands.f90
pw.x               000000000068663C  diag_bands_               322  c_bands.f90
pw.x               0000000000685075  c_bands_                  132  c_bands.f90
pw.x               000000000040DEAE  electrons_scf_            689  electrons.f90
pw.x               000000000040B14D  electrons_                192  electrons.f90
pw.x               00000000005888D2  run_pwscf_                189  run_pwscf.f90
pw.x               00000000004084B4  MAIN__                     85  pwscf.f90
pw.x               000000000040831E  Unknown               Unknown  Unknown
libc-2.17.so       00002BA809169C05  __libc_start_main     Unknown  Unknown
pw.x               0000000000408229  Unknown               Unknown  Unknown
forrtl: error (78): process killed (SIGTERM)
Image              PC                Routine            Line        Source             
pw.x               00000000010225FA  Unknown               Unknown  Unknown
libpthread-2.17.s  00002B43727975E0  Unknown               Unknown  Unknown
libmpi.so.12.0     00002B43717693AA  Unknown               Unknown  Unknown
libmpi.so.12.0     00002B437176A0C5  Unknown               Unknown  Unknown
libmpi.so.12       00002B437176DC2D  MPI_Barrier           Unknown  Unknown
libmpifort.so.12.  00002B437130372C  pmpi_barrier          Unknown  Unknown
pw.x               0000000000F59F97  bcast_real_                60  mp_base.f90
pw.x               0000000000F39848  mp_mp_mp_bcast_cm         660  mp.f90
pw.x               0000000000874557  pcegterg_IP_hpsi_        1329  cegterg.f90
pw.x               000000000086DA2D  pcegterg_                 972  cegterg.f90
pw.x               0000000000687E53  diag_bands_IP_dia        1028  c_bands.f90
pw.x               000000000068663C  diag_bands_               322  c_bands.f90
pw.x               0000000000685075  c_bands_                  132  c_bands.f90
pw.x               000000000040DEAE  electrons_scf_            689  electrons.f90
pw.x               000000000040B14D  electrons_                192  electrons.f90
pw.x               00000000005888D2  run_pwscf_                189  run_pwscf.f90
pw.x               00000000004084B4  MAIN__                     85  pwscf.f90
pw.x               000000000040831E  Unknown               Unknown  Unknown
libc-2.17.so       00002B437306BC05  __libc_start_main     Unknown  Unknown
pw.x               0000000000408229  Unknown               Unknown  Unknown
forrtl: error (78): process killed (SIGTERM)
Image              PC                Routine            Line        Source             
pw.x               00000000010225FA  Unknown               Unknown  Unknown
libpthread-2.17.s  00002AE3717B25E0  Unknown               Unknown  Unknown
libmpi.so.12.0     00002AE3707843A8  Unknown               Unknown  Unknown
libmpi.so.12.0     00002AE3707850C5  Unknown               Unknown  Unknown
libmpi.so.12       00002AE370788C2D  MPI_Barrier           Unknown  Unknown
libmpifort.so.12.  00002AE37031E72C  pmpi_barrier          Unknown  Unknown
pw.x               0000000000F59F97  bcast_real_                60  mp_base.f90
pw.x               0000000000F39848  mp_mp_mp_bcast_cm         660  mp.f90
pw.x               0000000000874557  pcegterg_IP_hpsi_        1329  cegterg.f90
pw.x               000000000086DA2D  pcegterg_                 972  cegterg.f90
pw.x               0000000000687E53  diag_bands_IP_dia        1028  c_bands.f90
pw.x               000000000068663C  diag_bands_               322  c_bands.f90
pw.x               0000000000685075  c_bands_                  132  c_bands.f90
pw.x               000000000040DEAE  electrons_scf_            689  electrons.f90
pw.x               000000000040B14D  electrons_                192  electrons.f90
pw.x               00000000005888D2  run_pwscf_                189  run_pwscf.f90
pw.x               00000000004084B4  MAIN__                     85  pwscf.f90
pw.x               000000000040831E  Unknown               Unknown  Unknown
libc-2.17.so       00002AE372086C05  __libc_start_main     Unknown  Unknown
pw.x               0000000000408229  Unknown               Unknown  Unknown
forrtl: error (78): process killed (SIGTERM)
Image              PC                Routine            Line        Source             
pw.x               00000000010225FA  Unknown               Unknown  Unknown
libpthread-2.17.s  00002AC502C045E0  Unknown               Unknown  Unknown
libmpi.so.12.0     00002AC501BD63AA  Unknown               Unknown  Unknown
libmpi.so.12.0     00002AC501BD70C5  Unknown               Unknown  Unknown
libmpi.so.12       00002AC501BDAC2D  MPI_Barrier           Unknown  Unknown
libmpifort.so.12.  00002AC50177072C  pmpi_barrier          Unknown  Unknown
pw.x               0000000000F59F97  bcast_real_                60  mp_base.f90
pw.x               0000000000F39848  mp_mp_mp_bcast_cm         660  mp.f90
pw.x               0000000000874557  pcegterg_IP_hpsi_        1329  cegterg.f90
pw.x               000000000086DA2D  pcegterg_                 972  cegterg.f90
pw.x               0000000000687E53  diag_bands_IP_dia        1028  c_bands.f90
pw.x               000000000068663C  diag_bands_               322  c_bands.f90
pw.x               0000000000685075  c_bands_                  132  c_bands.f90
pw.x               000000000040DEAE  electrons_scf_            689  electrons.f90
pw.x               000000000040B14D  electrons_                192  electrons.f90
pw.x               00000000005888D2  run_pwscf_                189  run_pwscf.f90
pw.x               00000000004084B4  MAIN__                     85  pwscf.f90
pw.x               000000000040831E  Unknown               Unknown  Unknown
libc-2.17.so       00002AC5034D8C05  __libc_start_main     Unknown  Unknown
pw.x               0000000000408229  Unknown               Unknown  Unknown
forrtl: error (78): process killed (SIGTERM)
Image              PC                Routine            Line        Source             
pw.x               00000000010225FA  Unknown               Unknown  Unknown
libpthread-2.17.s  00002B80292045E0  Unknown               Unknown  Unknown
libmpi.so.12.0     00002B80281D63AA  Unknown               Unknown  Unknown
libmpi.so.12.0     00002B80281D70C5  Unknown               Unknown  Unknown
libmpi.so.12       00002B80281DAC2D  MPI_Barrier           Unknown  Unknown
libmpifort.so.12.  00002B8027D7072C  pmpi_barrier          Unknown  Unknown
pw.x               0000000000F59F97  bcast_real_                60  mp_base.f90
pw.x               0000000000F39848  mp_mp_mp_bcast_cm         660  mp.f90
pw.x               0000000000874557  pcegterg_IP_hpsi_        1329  cegterg.f90
pw.x               000000000086DA2D  pcegterg_                 972  cegterg.f90
pw.x               0000000000687E53  diag_bands_IP_dia        1028  c_bands.f90
pw.x               000000000068663C  diag_bands_               322  c_bands.f90
pw.x               0000000000685075  c_bands_                  132  c_bands.f90
pw.x               000000000040DEAE  electrons_scf_            689  electrons.f90
pw.x               000000000040B14D  electrons_                192  electrons.f90
pw.x               00000000005888D2  run_pwscf_                189  run_pwscf.f90
pw.x               00000000004084B4  MAIN__                     85  pwscf.f90
pw.x               000000000040831E  Unknown               Unknown  Unknown
libc-2.17.so       00002B8029AD8C05  __libc_start_main     Unknown  Unknown
pw.x               0000000000408229  Unknown               Unknown  Unknown
forrtl: error (78): process killed (SIGTERM)
Image              PC                Routine            Line        Source             
pw.x               00000000010225FA  Unknown               Unknown  Unknown
libpthread-2.17.s  00002AB2D0B205E0  Unknown               Unknown  Unknown
libmpi.so.12.0     00002AB2CFAF23AA  Unknown               Unknown  Unknown
libmpi.so.12.0     00002AB2CFAF30C5  Unknown               Unknown  Unknown
libmpi.so.12       00002AB2CFAF6C2D  MPI_Barrier           Unknown  Unknown
libmpifort.so.12.  00002AB2CF68C72C  pmpi_barrier          Unknown  Unknown
pw.x               0000000000F59F97  bcast_real_                60  mp_base.f90
pw.x               0000000000F39848  mp_mp_mp_bcast_cm         660  mp.f90
pw.x               0000000000874557  pcegterg_IP_hpsi_        1329  cegterg.f90
pw.x               000000000086DA2D  pcegterg_                 972  cegterg.f90
pw.x               0000000000687E53  diag_bands_IP_dia        1028  c_bands.f90
pw.x               000000000068663C  diag_bands_               322  c_bands.f90
pw.x               0000000000685075  c_bands_                  132  c_bands.f90
pw.x               000000000040DEAE  electrons_scf_            689  electrons.f90
pw.x               000000000040B14D  electrons_                192  electrons.f90
pw.x               00000000005888D2  run_pwscf_                189  run_pwscf.f90
pw.x               00000000004084B4  MAIN__                     85  pwscf.f90
pw.x               000000000040831E  Unknown               Unknown  Unknown
libc-2.17.so       00002AB2D13F4C05  __libc_start_main     Unknown  Unknown
pw.x               0000000000408229  Unknown               Unknown  Unknown
forrtl: error (78): process killed (SIGTERM)
Image              PC                Routine            Line        Source             
pw.x               00000000010225FA  Unknown               Unknown  Unknown
libpthread-2.17.s  00002B918C22E5E0  Unknown               Unknown  Unknown
libmpi.so.12.0     00002B918B2003AA  Unknown               Unknown  Unknown
libmpi.so.12.0     00002B918B2010C5  Unknown               Unknown  Unknown
libmpi.so.12       00002B918B204C2D  MPI_Barrier           Unknown  Unknown
libmpifort.so.12.  00002B918AD9A72C  pmpi_barrier          Unknown  Unknown
pw.x               0000000000F59F97  bcast_real_                60  mp_base.f90
pw.x               0000000000F39848  mp_mp_mp_bcast_cm         660  mp.f90
pw.x               0000000000874557  pcegterg_IP_hpsi_        1329  cegterg.f90
pw.x               000000000086DA2D  pcegterg_                 972  cegterg.f90
pw.x               0000000000687E53  diag_bands_IP_dia        1028  c_bands.f90
pw.x               000000000068663C  diag_bands_               322  c_bands.f90
pw.x               0000000000685075  c_bands_                  132  c_bands.f90
pw.x               000000000040DEAE  electrons_scf_            689  electrons.f90
pw.x               000000000040B14D  electrons_                192  electrons.f90
pw.x               00000000005888D2  run_pwscf_                189  run_pwscf.f90
pw.x               00000000004084B4  MAIN__                     85  pwscf.f90
pw.x               000000000040831E  Unknown               Unknown  Unknown
libc-2.17.so       00002B918CB02C05  __libc_start_main     Unknown  Unknown
pw.x               0000000000408229  Unknown               Unknown  Unknown
forrtl: error (78): process killed (SIGTERM)
Image              PC                Routine            Line        Source             
pw.x               00000000010225FA  Unknown               Unknown  Unknown
libpthread-2.17.s  00002ADF37A235E0  Unknown               Unknown  Unknown
libmpi.so.12.0     00002ADF369F53AF  Unknown               Unknown  Unknown
libmpi.so.12.0     00002ADF369F60C5  Unknown               Unknown  Unknown
libmpi.so.12       00002ADF369F9C2D  MPI_Barrier           Unknown  Unknown
libmpifort.so.12.  00002ADF3658F72C  pmpi_barrier          Unknown  Unknown
pw.x               0000000000F59F97  bcast_real_                60  mp_base.f90
pw.x               0000000000F39848  mp_mp_mp_bcast_cm         660  mp.f90
pw.x               0000000000874557  pcegterg_IP_hpsi_        1329  cegterg.f90
pw.x               000000000086DA2D  pcegterg_                 972  cegterg.f90
pw.x               0000000000687E53  diag_bands_IP_dia        1028  c_bands.f90
pw.x               000000000068663C  diag_bands_               322  c_bands.f90
pw.x               0000000000685075  c_bands_                  132  c_bands.f90
pw.x               000000000040DEAE  electrons_scf_            689  electrons.f90
pw.x               000000000040B14D  electrons_                192  electrons.f90
pw.x               00000000005888D2  run_pwscf_                189  run_pwscf.f90
pw.x               00000000004084B4  MAIN__                     85  pwscf.f90
pw.x               000000000040831E  Unknown               Unknown  Unknown
libc-2.17.so       00002ADF382F7C05  __libc_start_main     Unknown  Unknown
pw.x               0000000000408229  Unknown               Unknown  Unknown
forrtl: error (78): process killed (SIGTERM)
Image              PC                Routine            Line        Source             
pw.x               00000000010225FA  Unknown               Unknown  Unknown
libpthread-2.17.s  00002ADB45AC05E0  Unknown               Unknown  Unknown
libmpi.so.12.0     00002ADB44A923AA  Unknown               Unknown  Unknown
libmpi.so.12.0     00002ADB44A930C5  Unknown               Unknown  Unknown
libmpi.so.12       00002ADB44A96C2D  MPI_Barrier           Unknown  Unknown
libmpifort.so.12.  00002ADB4462C72C  pmpi_barrier          Unknown  Unknown
pw.x               0000000000F59F97  bcast_real_                60  mp_base.f90
pw.x               0000000000F39848  mp_mp_mp_bcast_cm         660  mp.f90
pw.x               0000000000874557  pcegterg_IP_hpsi_        1329  cegterg.f90
pw.x               000000000086DA2D  pcegterg_                 972  cegterg.f90
pw.x               0000000000687E53  diag_bands_IP_dia        1028  c_bands.f90
pw.x               000000000068663C  diag_bands_               322  c_bands.f90
pw.x               0000000000685075  c_bands_                  132  c_bands.f90
pw.x               000000000040DEAE  electrons_scf_            689  electrons.f90
pw.x               000000000040B14D  electrons_                192  electrons.f90
pw.x               00000000005888D2  run_pwscf_                189  run_pwscf.f90
pw.x               00000000004084B4  MAIN__                     85  pwscf.f90
pw.x               000000000040831E  Unknown               Unknown  Unknown
libc-2.17.so       00002ADB46394C05  __libc_start_main     Unknown  Unknown
pw.x               0000000000408229  Unknown               Unknown  Unknown
forrtl: error (78): process killed (SIGTERM)
Image              PC                Routine            Line        Source             
pw.x               00000000010225FA  Unknown               Unknown  Unknown
libpthread-2.17.s  00002B32A831F5E0  Unknown               Unknown  Unknown
libmpi.so.12.0     00002B32A72F13AA  Unknown               Unknown  Unknown
libmpi.so.12.0     00002B32A72F20C5  Unknown               Unknown  Unknown
libmpi.so.12       00002B32A72F5C2D  MPI_Barrier           Unknown  Unknown
libmpifort.so.12.  00002B32A6E8B72C  pmpi_barrier          Unknown  Unknown
pw.x               0000000000F59F97  bcast_real_                60  mp_base.f90
pw.x               0000000000F39848  mp_mp_mp_bcast_cm         660  mp.f90
pw.x               0000000000874557  pcegterg_IP_hpsi_        1329  cegterg.f90
pw.x               000000000086DA2D  pcegterg_                 972  cegterg.f90
pw.x               0000000000687E53  diag_bands_IP_dia        1028  c_bands.f90
pw.x               000000000068663C  diag_bands_               322  c_bands.f90
pw.x               0000000000685075  c_bands_                  132  c_bands.f90
pw.x               000000000040DEAE  electrons_scf_            689  electrons.f90
pw.x               000000000040B14D  electrons_                192  electrons.f90
pw.x               00000000005888D2  run_pwscf_                189  run_pwscf.f90
pw.x               00000000004084B4  MAIN__                     85  pwscf.f90
pw.x               000000000040831E  Unknown               Unknown  Unknown
libc-2.17.so       00002B32A8BF3C05  __libc_start_main     Unknown  Unknown
pw.x               0000000000408229  Unknown               Unknown  Unknown
forrtl: error (78): process killed (SIGTERM)
Image              PC                Routine            Line        Source             
pw.x               00000000010225FA  Unknown               Unknown  Unknown
libpthread-2.17.s  00002B321F3B55E0  Unknown               Unknown  Unknown
libmpi.so.12.0     00002B321E3873AA  Unknown               Unknown  Unknown
libmpi.so.12.0     00002B321E3880C5  Unknown               Unknown  Unknown
libmpi.so.12       00002B321E38BC2D  MPI_Barrier           Unknown  Unknown
libmpifort.so.12.  00002B321DF2172C  pmpi_barrier          Unknown  Unknown
pw.x               0000000000F59F97  bcast_real_                60  mp_base.f90
pw.x               0000000000F39848  mp_mp_mp_bcast_cm         660  mp.f90
pw.x               0000000000874557  pcegterg_IP_hpsi_        1329  cegterg.f90
pw.x               000000000086DA2D  pcegterg_                 972  cegterg.f90
pw.x               0000000000687E53  diag_bands_IP_dia        1028  c_bands.f90
pw.x               000000000068663C  diag_bands_               322  c_bands.f90
pw.x               0000000000685075  c_bands_                  132  c_bands.f90
pw.x               000000000040DEAE  electrons_scf_            689  electrons.f90
pw.x               000000000040B14D  electrons_                192  electrons.f90
pw.x               00000000005888D2  run_pwscf_                189  run_pwscf.f90
pw.x               00000000004084B4  MAIN__                     85  pwscf.f90
pw.x               000000000040831E  Unknown               Unknown  Unknown
libc-2.17.so       00002B321FC89C05  __libc_start_main     Unknown  Unknown
pw.x               0000000000408229  Unknown               Unknown  Unknown
forrtl: error (78): process killed (SIGTERM)
Image              PC                Routine            Line        Source             
pw.x               00000000010225FA  Unknown               Unknown  Unknown
libpthread-2.17.s  00002B8CA70BC5E0  Unknown               Unknown  Unknown
libmpi.so.12.0     00002B8CA608E3AA  Unknown               Unknown  Unknown
libmpi.so.12.0     00002B8CA608F0C5  Unknown               Unknown  Unknown
libmpi.so.12       00002B8CA6092C2D  MPI_Barrier           Unknown  Unknown
libmpifort.so.12.  00002B8CA5C2872C  pmpi_barrier          Unknown  Unknown
pw.x               0000000000F59F97  bcast_real_                60  mp_base.f90
pw.x               0000000000F39848  mp_mp_mp_bcast_cm         660  mp.f90
pw.x               0000000000874557  pcegterg_IP_hpsi_        1329  cegterg.f90
pw.x               000000000086DA2D  pcegterg_                 972  cegterg.f90
pw.x               0000000000687E53  diag_bands_IP_dia        1028  c_bands.f90
pw.x               000000000068663C  diag_bands_               322  c_bands.f90
pw.x               0000000000685075  c_bands_                  132  c_bands.f90
pw.x               000000000040DEAE  electrons_scf_            689  electrons.f90
pw.x               000000000040B14D  electrons_                192  electrons.f90
pw.x               00000000005888D2  run_pwscf_                189  run_pwscf.f90
pw.x               00000000004084B4  MAIN__                     85  pwscf.f90
pw.x               000000000040831E  Unknown               Unknown  Unknown
libc-2.17.so       00002B8CA7990C05  __libc_start_main     Unknown  Unknown
pw.x               0000000000408229  Unknown               Unknown  Unknown
forrtl: error (78): process killed (SIGTERM)
Image              PC                Routine            Line        Source             
pw.x               00000000010225FA  Unknown               Unknown  Unknown
libpthread-2.17.s  00002B61B40E15E0  Unknown               Unknown  Unknown
libmpi.so.12.0     00002B61B30B33AA  Unknown               Unknown  Unknown
libmpi.so.12.0     00002B61B30B40C5  Unknown               Unknown  Unknown
libmpi.so.12       00002B61B30B7C2D  MPI_Barrier           Unknown  Unknown
libmpifort.so.12.  00002B61B2C4D72C  pmpi_barrier          Unknown  Unknown
pw.x               0000000000F59F97  bcast_real_                60  mp_base.f90
pw.x               0000000000F39848  mp_mp_mp_bcast_cm         660  mp.f90
pw.x               0000000000874557  pcegterg_IP_hpsi_        1329  cegterg.f90
pw.x               000000000086DA2D  pcegterg_                 972  cegterg.f90
pw.x               0000000000687E53  diag_bands_IP_dia        1028  c_bands.f90
pw.x               000000000068663C  diag_bands_               322  c_bands.f90
pw.x               0000000000685075  c_bands_                  132  c_bands.f90
pw.x               000000000040DEAE  electrons_scf_            689  electrons.f90
pw.x               000000000040B14D  electrons_                192  electrons.f90
pw.x               00000000005888D2  run_pwscf_                189  run_pwscf.f90
pw.x               00000000004084B4  MAIN__                     85  pwscf.f90
pw.x               000000000040831E  Unknown               Unknown  Unknown
libc-2.17.so       00002B61B49B5C05  __libc_start_main     Unknown  Unknown
pw.x               0000000000408229  Unknown               Unknown  Unknown
forrtl: error (78): process killed (SIGTERM)
Image              PC                Routine            Line        Source             
pw.x               00000000010225FA  Unknown               Unknown  Unknown
libpthread-2.17.s  00002AB77040F5E0  Unknown               Unknown  Unknown
libmpi.so.12.0     00002AB76F3E13AA  Unknown               Unknown  Unknown
libmpi.so.12.0     00002AB76F3E20C5  Unknown               Unknown  Unknown
libmpi.so.12       00002AB76F3E5C2D  MPI_Barrier           Unknown  Unknown
libmpifort.so.12.  00002AB76EF7B72C  pmpi_barrier          Unknown  Unknown
pw.x               0000000000F59F97  bcast_real_                60  mp_base.f90
pw.x               0000000000F39848  mp_mp_mp_bcast_cm         660  mp.f90
pw.x               0000000000874557  pcegterg_IP_hpsi_        1329  cegterg.f90
pw.x               000000000086DA2D  pcegterg_                 972  cegterg.f90
pw.x               0000000000687E53  diag_bands_IP_dia        1028  c_bands.f90
pw.x               000000000068663C  diag_bands_               322  c_bands.f90
pw.x               0000000000685075  c_bands_                  132  c_bands.f90
pw.x               000000000040DEAE  electrons_scf_            689  electrons.f90
pw.x               000000000040B14D  electrons_                192  electrons.f90
pw.x               00000000005888D2  run_pwscf_                189  run_pwscf.f90
pw.x               00000000004084B4  MAIN__                     85  pwscf.f90
pw.x               000000000040831E  Unknown               Unknown  Unknown
libc-2.17.so       00002AB770CE3C05  __libc_start_main     Unknown  Unknown
pw.x               0000000000408229  Unknown               Unknown  Unknown
forrtl: error (78): process killed (SIGTERM)
Image              PC                Routine            Line        Source             
pw.x               00000000010225FA  Unknown               Unknown  Unknown
libpthread-2.17.s  00002B39ACF985E0  Unknown               Unknown  Unknown
libmpi.so.12.0     00002B39ABF6A3AA  Unknown               Unknown  Unknown
libmpi.so.12.0     00002B39ABF6B0C5  Unknown               Unknown  Unknown
libmpi.so.12       00002B39ABF6EC2D  MPI_Barrier           Unknown  Unknown
libmpifort.so.12.  00002B39ABB0472C  pmpi_barrier          Unknown  Unknown
pw.x               0000000000F59F97  bcast_real_                60  mp_base.f90
pw.x               0000000000F39848  mp_mp_mp_bcast_cm         660  mp.f90
pw.x               0000000000874557  pcegterg_IP_hpsi_        1329  cegterg.f90
pw.x               000000000086DA2D  pcegterg_                 972  cegterg.f90
pw.x               0000000000687E53  diag_bands_IP_dia        1028  c_bands.f90
pw.x               000000000068663C  diag_bands_               322  c_bands.f90
pw.x               0000000000685075  c_bands_                  132  c_bands.f90
pw.x               000000000040DEAE  electrons_scf_            689  electrons.f90
pw.x               000000000040B14D  electrons_                192  electrons.f90
pw.x               00000000005888D2  run_pwscf_                189  run_pwscf.f90
pw.x               00000000004084B4  MAIN__                     85  pwscf.f90
pw.x               000000000040831E  Unknown               Unknown  Unknown
libc-2.17.so       00002B39AD86CC05  __libc_start_main     Unknown  Unknown
pw.x               0000000000408229  Unknown               Unknown  Unknown
forrtl: error (78): process killed (SIGTERM)
Image              PC                Routine            Line        Source             
pw.x               00000000010225FA  Unknown               Unknown  Unknown
libpthread-2.17.s  00002BA31CCE75E0  Unknown               Unknown  Unknown
libmpi.so.12.0     00002BA31BCB93AA  Unknown               Unknown  Unknown
libmpi.so.12.0     00002BA31BCBA0C5  Unknown               Unknown  Unknown
libmpi.so.12       00002BA31BCBDC2D  MPI_Barrier           Unknown  Unknown
libmpifort.so.12.  00002BA31B85372C  pmpi_barrier          Unknown  Unknown
pw.x               0000000000F59F97  bcast_real_                60  mp_base.f90
pw.x               0000000000F39848  mp_mp_mp_bcast_cm         660  mp.f90
pw.x               0000000000874557  pcegterg_IP_hpsi_        1329  cegterg.f90
pw.x               000000000086DA2D  pcegterg_                 972  cegterg.f90
pw.x               0000000000687E53  diag_bands_IP_dia        1028  c_bands.f90
pw.x               000000000068663C  diag_bands_               322  c_bands.f90
pw.x               0000000000685075  c_bands_                  132  c_bands.f90
pw.x               000000000040DEAE  electrons_scf_            689  electrons.f90
pw.x               000000000040B14D  electrons_                192  electrons.f90
pw.x               00000000005888D2  run_pwscf_                189  run_pwscf.f90
pw.x               00000000004084B4  MAIN__                     85  pwscf.f90
pw.x               000000000040831E  Unknown               Unknown  Unknown
libc-2.17.so       00002BA31D5BBC05  __libc_start_main     Unknown  Unknown
pw.x               0000000000408229  Unknown               Unknown  Unknown
forrtl: error (78): process killed (SIGTERM)
Image              PC                Routine            Line        Source             
pw.x               00000000010225FA  Unknown               Unknown  Unknown
libpthread-2.17.s  00002B72C6B865E0  Unknown               Unknown  Unknown
libmpi.so.12.0     00002B72C5B583AA  Unknown               Unknown  Unknown
libmpi.so.12.0     00002B72C5B590C5  Unknown               Unknown  Unknown
libmpi.so.12       00002B72C5B5CC2D  MPI_Barrier           Unknown  Unknown
libmpifort.so.12.  00002B72C56F272C  pmpi_barrier          Unknown  Unknown
pw.x               0000000000F59F97  bcast_real_                60  mp_base.f90
pw.x               0000000000F39848  mp_mp_mp_bcast_cm         660  mp.f90
pw.x               0000000000874557  pcegterg_IP_hpsi_        1329  cegterg.f90
pw.x               000000000086DA2D  pcegterg_                 972  cegterg.f90
pw.x               0000000000687E53  diag_bands_IP_dia        1028  c_bands.f90
pw.x               000000000068663C  diag_bands_               322  c_bands.f90
pw.x               0000000000685075  c_bands_                  132  c_bands.f90
pw.x               000000000040DEAE  electrons_scf_            689  electrons.f90
pw.x               000000000040B14D  electrons_                192  electrons.f90
pw.x               00000000005888D2  run_pwscf_                189  run_pwscf.f90
pw.x               00000000004084B4  MAIN__                     85  pwscf.f90
pw.x               000000000040831E  Unknown               Unknown  Unknown
libc-2.17.so       00002B72C745AC05  __libc_start_main     Unknown  Unknown
pw.x               0000000000408229  Unknown               Unknown  Unknown
forrtl: error (78): process killed (SIGTERM)
Image              PC                Routine            Line        Source             
pw.x               00000000010225FA  Unknown               Unknown  Unknown
libpthread-2.17.s  00002B13CD3085E0  Unknown               Unknown  Unknown
libmpi.so.12.0     00002B13CC2DA3AA  Unknown               Unknown  Unknown
libmpi.so.12.0     00002B13CC2DB0C5  Unknown               Unknown  Unknown
libmpi.so.12       00002B13CC2DEC2D  MPI_Barrier           Unknown  Unknown
libmpifort.so.12.  00002B13CBE7472C  pmpi_barrier          Unknown  Unknown
pw.x               0000000000F59F97  bcast_real_                60  mp_base.f90
pw.x               0000000000F39848  mp_mp_mp_bcast_cm         660  mp.f90
pw.x               0000000000874557  pcegterg_IP_hpsi_        1329  cegterg.f90
pw.x               000000000086DA2D  pcegterg_                 972  cegterg.f90
pw.x               0000000000687E53  diag_bands_IP_dia        1028  c_bands.f90
pw.x               000000000068663C  diag_bands_               322  c_bands.f90
pw.x               0000000000685075  c_bands_                  132  c_bands.f90
pw.x               000000000040DEAE  electrons_scf_            689  electrons.f90
pw.x               000000000040B14D  electrons_                192  electrons.f90
pw.x               00000000005888D2  run_pwscf_                189  run_pwscf.f90
pw.x               00000000004084B4  MAIN__                     85  pwscf.f90
pw.x               000000000040831E  Unknown               Unknown  Unknown
libc-2.17.so       00002B13CDBDCC05  __libc_start_main     Unknown  Unknown
pw.x               0000000000408229  Unknown               Unknown  Unknown
forrtl: error (78): process killed (SIGTERM)
Image              PC                Routine            Line        Source             
pw.x               00000000010225FA  Unknown               Unknown  Unknown
libpthread-2.17.s  00002AB99D34A5E0  Unknown               Unknown  Unknown
libmpi.so.12.0     00002AB99C31C3AA  Unknown               Unknown  Unknown
libmpi.so.12.0     00002AB99C31D0C5  Unknown               Unknown  Unknown
libmpi.so.12       00002AB99C320C2D  MPI_Barrier           Unknown  Unknown
libmpifort.so.12.  00002AB99BEB672C  pmpi_barrier          Unknown  Unknown
pw.x               0000000000F59F97  bcast_real_                60  mp_base.f90
pw.x               0000000000F39848  mp_mp_mp_bcast_cm         660  mp.f90
pw.x               0000000000874557  pcegterg_IP_hpsi_        1329  cegterg.f90
pw.x               000000000086DA2D  pcegterg_                 972  cegterg.f90
pw.x               0000000000687E53  diag_bands_IP_dia        1028  c_bands.f90
pw.x               000000000068663C  diag_bands_               322  c_bands.f90
pw.x               0000000000685075  c_bands_                  132  c_bands.f90
pw.x               000000000040DEAE  electrons_scf_            689  electrons.f90
pw.x               000000000040B14D  electrons_                192  electrons.f90
pw.x               00000000005888D2  run_pwscf_                189  run_pwscf.f90
pw.x               00000000004084B4  MAIN__                     85  pwscf.f90
pw.x               000000000040831E  Unknown               Unknown  Unknown
libc-2.17.so       00002AB99DC1EC05  __libc_start_main     Unknown  Unknown
pw.x               0000000000408229  Unknown               Unknown  Unknown
forrtl: error (78): process killed (SIGTERM)
Image              PC                Routine            Line        Source             
pw.x               00000000010225FA  Unknown               Unknown  Unknown
libpthread-2.17.s  00002B13D49C55E0  Unknown               Unknown  Unknown
libmpi.so.12.0     00002B13D39973AA  Unknown               Unknown  Unknown
libmpi.so.12.0     00002B13D39980C5  Unknown               Unknown  Unknown
libmpi.so.12       00002B13D399BC2D  MPI_Barrier           Unknown  Unknown
libmpifort.so.12.  00002B13D353172C  pmpi_barrier          Unknown  Unknown
pw.x               0000000000F59F97  bcast_real_                60  mp_base.f90
pw.x               0000000000F39848  mp_mp_mp_bcast_cm         660  mp.f90
pw.x               0000000000874557  pcegterg_IP_hpsi_        1329  cegterg.f90
pw.x               000000000086DA2D  pcegterg_                 972  cegterg.f90
pw.x               0000000000687E53  diag_bands_IP_dia        1028  c_bands.f90
pw.x               000000000068663C  diag_bands_               322  c_bands.f90
pw.x               0000000000685075  c_bands_                  132  c_bands.f90
pw.x               000000000040DEAE  electrons_scf_            689  electrons.f90
pw.x               000000000040B14D  electrons_                192  electrons.f90
pw.x               00000000005888D2  run_pwscf_                189  run_pwscf.f90
pw.x               00000000004084B4  MAIN__                     85  pwscf.f90
pw.x               000000000040831E  Unknown               Unknown  Unknown
libc-2.17.so       00002B13D5299C05  __libc_start_main     Unknown  Unknown
pw.x               0000000000408229  Unknown               Unknown  Unknown
