forrtl: error (78): process killed (SIGTERM)
Image              PC                Routine            Line        Source             
pw.x               00000000010225FA  Unknown               Unknown  Unknown
libpthread-2.17.s  00002B468DE555E0  Unknown               Unknown  Unknown
libmkl_avx512.so   00002B46A80AB382  mkl_blas_avx512_z     Unknown  Unknown
forrtl: error (78): process killed (SIGTERM)
Image              PC                Routine            Line        Source             
pw.x               00000000010225FA  Unknown               Unknown  Unknown
libpthread-2.17.s  00002BA8D92335E0  Unknown               Unknown  Unknown
libmpi.so.12       00002BA8D823DEB8  PMPIDI_CH3I_Progr     Unknown  Unknown
libmpi.so.12.0     00002BA8D83E23D0  Unknown               Unknown  Unknown
libmpi.so.12.0     00002BA8D81D5D72  Unknown               Unknown  Unknown
libmpi.so.12       00002BA8D82C85F6  MPI_Comm_split        Unknown  Unknown
libmpifort.so.12.  00002BA8D7DA28B0  mpi_comm_split__      Unknown  Unknown
pw.x               0000000000F07BFF  laxlib_zsqmred_x_         503  ptoolkit.f90
pw.x               0000000000870535  pcegterg_                1047  cegterg.f90
pw.x               0000000000687E53  diag_bands_IP_dia        1028  c_bands.f90
pw.x               000000000068663C  diag_bands_               322  c_bands.f90
pw.x               0000000000685075  c_bands_                  132  c_bands.f90
pw.x               000000000040DEAE  electrons_scf_            689  electrons.f90
pw.x               000000000040B14D  electrons_                192  electrons.f90
pw.x               00000000005888D2  run_pwscf_                189  run_pwscf.f90
pw.x               00000000004084B4  MAIN__                     85  pwscf.f90
pw.x               000000000040831E  Unknown               Unknown  Unknown
libc-2.17.so       00002BA8D9B07C05  __libc_start_main     Unknown  Unknown
pw.x               0000000000408229  Unknown               Unknown  Unknown
forrtl: error (78): process killed (SIGTERM)
Image              PC                Routine            Line        Source             
pw.x               00000000010225FA  Unknown               Unknown  Unknown
libpthread-2.17.s  00002B15419125E0  Unknown               Unknown  Unknown
libmpi.so.12       00002B154091CEB8  PMPIDI_CH3I_Progr     Unknown  Unknown
libmpi.so.12.0     00002B1540D53542  Unknown               Unknown  Unknown
libmpi.so.12.0     00002B1540AB5630  Unknown               Unknown  Unknown
libmpi.so.12.0     00002B15408B504F  Unknown               Unknown  Unknown
libmpi.so.12       00002B15409A75F6  MPI_Comm_split        Unknown  Unknown
libmpifort.so.12.  00002B15404818B0  mpi_comm_split__      Unknown  Unknown
pw.x               0000000000F07BFF  laxlib_zsqmred_x_         503  ptoolkit.f90
pw.x               0000000000870535  pcegterg_                1047  cegterg.f90
pw.x               0000000000687E53  diag_bands_IP_dia        1028  c_bands.f90
pw.x               000000000068663C  diag_bands_               322  c_bands.f90
pw.x               0000000000685075  c_bands_                  132  c_bands.f90
pw.x               000000000040DEAE  electrons_scf_            689  electrons.f90
pw.x               000000000040B14D  electrons_                192  electrons.f90
pw.x               00000000005888D2  run_pwscf_                189  run_pwscf.f90
pw.x               00000000004084B4  MAIN__                     85  pwscf.f90
pw.x               000000000040831E  Unknown               Unknown  Unknown
libc-2.17.so       00002B15421E6C05  __libc_start_main     Unknown  Unknown
pw.x               0000000000408229  Unknown               Unknown  Unknown
forrtl: error (78): process killed (SIGTERM)
Image              PC                Routine            Line        Source             
pw.x               00000000010225FA  Unknown               Unknown  Unknown
libpthread-2.17.s  00002B04EF1775E0  Unknown               Unknown  Unknown
libmpi.so.12       00002B04EE181EB8  PMPIDI_CH3I_Progr     Unknown  Unknown
libmpi.so.12.0     00002B04EE3263D0  Unknown               Unknown  Unknown
libmpi.so.12.0     00002B04EE11A126  Unknown               Unknown  Unknown
libmpi.so.12       00002B04EE20C5F6  MPI_Comm_split        Unknown  Unknown
libmpifort.so.12.  00002B04EDCE68B0  mpi_comm_split__      Unknown  Unknown
pw.x               0000000000F07BFF  laxlib_zsqmred_x_         503  ptoolkit.f90
pw.x               0000000000870535  pcegterg_                1047  cegterg.f90
pw.x               0000000000687E53  diag_bands_IP_dia        1028  c_bands.f90
pw.x               000000000068663C  diag_bands_               322  c_bands.f90
pw.x               0000000000685075  c_bands_                  132  c_bands.f90
pw.x               000000000040DEAE  electrons_scf_            689  electrons.f90
pw.x               000000000040B14D  electrons_                192  electrons.f90
pw.x               00000000005888D2  run_pwscf_                189  run_pwscf.f90
pw.x               00000000004084B4  MAIN__                     85  pwscf.f90
pw.x               000000000040831E  Unknown               Unknown  Unknown
libc-2.17.so       00002B04EFA4BC05  __libc_start_main     Unknown  Unknown
pw.x               0000000000408229  Unknown               Unknown  Unknown
forrtl: error (78): process killed (SIGTERM)
Image              PC                Routine            Line        Source             
pw.x               00000000010225FA  Unknown               Unknown  Unknown
libpthread-2.17.s  00002AB1ABB0F5E0  Unknown               Unknown  Unknown
libmpi.so.12       00002AB1AAB19EB8  PMPIDI_CH3I_Progr     Unknown  Unknown
libmpi.so.12.0     00002AB1AAF50542  Unknown               Unknown  Unknown
libmpi.so.12.0     00002AB1AACB2630  Unknown               Unknown  Unknown
libmpi.so.12.0     00002AB1AAAB204F  Unknown               Unknown  Unknown
libmpi.so.12       00002AB1AABA45F6  MPI_Comm_split        Unknown  Unknown
libmpifort.so.12.  00002AB1AA67E8B0  mpi_comm_split__      Unknown  Unknown
pw.x               0000000000F07BFF  laxlib_zsqmred_x_         503  ptoolkit.f90
pw.x               0000000000870535  pcegterg_                1047  cegterg.f90
pw.x               0000000000687E53  diag_bands_IP_dia        1028  c_bands.f90
pw.x               000000000068663C  diag_bands_               322  c_bands.f90
pw.x               0000000000685075  c_bands_                  132  c_bands.f90
pw.x               000000000040DEAE  electrons_scf_            689  electrons.f90
pw.x               000000000040B14D  electrons_                192  electrons.f90
pw.x               00000000005888D2  run_pwscf_                189  run_pwscf.f90
pw.x               00000000004084B4  MAIN__                     85  pwscf.f90
pw.x               000000000040831E  Unknown               Unknown  Unknown
libc-2.17.so       00002AB1AC3E3C05  __libc_start_main     Unknown  Unknown
pw.x               0000000000408229  Unknown               Unknown  Unknown
forrtl: error (78): process killed (SIGTERM)
Image              PC                Routine            Line        Source             
pw.x               00000000010225FA  Unknown               Unknown  Unknown
libpthread-2.17.s  00002B42D12EB5E0  Unknown               Unknown  Unknown
libmpi.so.12       00002B42D02F5EB8  PMPIDI_CH3I_Progr     Unknown  Unknown
libmpi.so.12.0     00002B42D049A3D0  Unknown               Unknown  Unknown
libmpi.so.12.0     00002B42D028E126  Unknown               Unknown  Unknown
libmpi.so.12       00002B42D03805F6  MPI_Comm_split        Unknown  Unknown
libmpifort.so.12.  00002B42CFE5A8B0  mpi_comm_split__      Unknown  Unknown
pw.x               0000000000F07BFF  laxlib_zsqmred_x_         503  ptoolkit.f90
pw.x               0000000000870535  pcegterg_                1047  cegterg.f90
pw.x               0000000000687E53  diag_bands_IP_dia        1028  c_bands.f90
pw.x               000000000068663C  diag_bands_               322  c_bands.f90
pw.x               0000000000685075  c_bands_                  132  c_bands.f90
pw.x               000000000040DEAE  electrons_scf_            689  electrons.f90
pw.x               000000000040B14D  electrons_                192  electrons.f90
pw.x               00000000005888D2  run_pwscf_                189  run_pwscf.f90
pw.x               00000000004084B4  MAIN__                     85  pwscf.f90
pw.x               000000000040831E  Unknown               Unknown  Unknown
libc-2.17.so       00002B42D1BBFC05  __libc_start_main     Unknown  Unknown
pw.x               0000000000408229  Unknown               Unknown  Unknown
forrtl: error (78): process killed (SIGTERM)
Image              PC                Routine            Line        Source             
pw.x               00000000010225FA  Unknown               Unknown  Unknown
libpthread-2.17.s  00002B31E41C55E0  Unknown               Unknown  Unknown
libmkl_avx512.so   00002B31FE42B776  mkl_blas_avx512_z     Unknown  Unknown
forrtl: error (78): process killed (SIGTERM)
Image              PC                Routine            Line        Source             
pw.x               00000000010225FA  Unknown               Unknown  Unknown
libpthread-2.17.s  00002B94453CA5E0  Unknown               Unknown  Unknown
libmkl_avx512.so   00002B945F61FB48  mkl_blas_avx512_z     Unknown  Unknown
forrtl: error (78): process killed (SIGTERM)
Image              PC                Routine            Line        Source             
pw.x               00000000010225FA  Unknown               Unknown  Unknown
libpthread-2.17.s  00002B9D05EA15E0  Unknown               Unknown  Unknown
libmpi.so.12       00002B9D04EABEB8  PMPIDI_CH3I_Progr     Unknown  Unknown
libmpi.so.12.0     00002B9D052E2542  Unknown               Unknown  Unknown
libmpi.so.12.0     00002B9D05044630  Unknown               Unknown  Unknown
libmpi.so.12.0     00002B9D04E4404F  Unknown               Unknown  Unknown
libmpi.so.12       00002B9D04F365F6  MPI_Comm_split        Unknown  Unknown
libmpifort.so.12.  00002B9D04A108B0  mpi_comm_split__      Unknown  Unknown
pw.x               0000000000F07BFF  laxlib_zsqmred_x_         503  ptoolkit.f90
pw.x               0000000000870535  pcegterg_                1047  cegterg.f90
pw.x               0000000000687E53  diag_bands_IP_dia        1028  c_bands.f90
pw.x               000000000068663C  diag_bands_               322  c_bands.f90
pw.x               0000000000685075  c_bands_                  132  c_bands.f90
pw.x               000000000040DEAE  electrons_scf_            689  electrons.f90
pw.x               000000000040B14D  electrons_                192  electrons.f90
pw.x               00000000005888D2  run_pwscf_                189  run_pwscf.f90
pw.x               00000000004084B4  MAIN__                     85  pwscf.f90
pw.x               000000000040831E  Unknown               Unknown  Unknown
libc-2.17.so       00002B9D06775C05  __libc_start_main     Unknown  Unknown
pw.x               0000000000408229  Unknown               Unknown  Unknown
forrtl: error (78): process killed (SIGTERM)
Image              PC                Routine            Line        Source             
pw.x               00000000010225FA  Unknown               Unknown  Unknown
libpthread-2.17.s  00002B8CD350D5E0  Unknown               Unknown  Unknown
libmkl_avx512.so   00002B8CED762CE0  mkl_blas_avx512_z     Unknown  Unknown
forrtl: error (78): process killed (SIGTERM)
Image              PC                Routine            Line        Source             
pw.x               00000000010225FA  Unknown               Unknown  Unknown
libpthread-2.17.s  00002ABC6319D5E0  Unknown               Unknown  Unknown
libmkl_avx512.so   00002ABC7D3F347D  mkl_blas_avx512_z     Unknown  Unknown
forrtl: error (78): process killed (SIGTERM)
Image              PC                Routine            Line        Source             
pw.x               00000000010225FA  Unknown               Unknown  Unknown
libpthread-2.17.s  00002B5A216545E0  Unknown               Unknown  Unknown
libmkl_avx512.so   00002B5A3B8A9C7E  mkl_blas_avx512_z     Unknown  Unknown
forrtl: error (78): process killed (SIGTERM)
Image              PC                Routine            Line        Source             
pw.x               00000000010225FA  Unknown               Unknown  Unknown
libpthread-2.17.s  00002BA2243CB5E0  Unknown               Unknown  Unknown
libmkl_avx512.so   00002BA23E6315B8  mkl_blas_avx512_z     Unknown  Unknown
forrtl: error (78): process killed (SIGTERM)
Image              PC                Routine            Line        Source             
pw.x               00000000010225FA  Unknown               Unknown  Unknown
libpthread-2.17.s  00002AB78256E5E0  Unknown               Unknown  Unknown
libmpi.so.12       00002AB7815795A4  PMPIDI_CH3I_Progr     Unknown  Unknown
libmpi.so.12.0     00002AB7819AF542  Unknown               Unknown  Unknown
libmpi.so.12.0     00002AB781711630  Unknown               Unknown  Unknown
libmpi.so.12.0     00002AB78151104F  Unknown               Unknown  Unknown
libmpi.so.12       00002AB7816035F6  MPI_Comm_split        Unknown  Unknown
libmpifort.so.12.  00002AB7810DD8B0  mpi_comm_split__      Unknown  Unknown
pw.x               0000000000F07BFF  laxlib_zsqmred_x_         503  ptoolkit.f90
pw.x               0000000000870535  pcegterg_                1047  cegterg.f90
pw.x               0000000000687E53  diag_bands_IP_dia        1028  c_bands.f90
pw.x               000000000068663C  diag_bands_               322  c_bands.f90
pw.x               0000000000685075  c_bands_                  132  c_bands.f90
pw.x               000000000040DEAE  electrons_scf_            689  electrons.f90
pw.x               000000000040B14D  electrons_                192  electrons.f90
pw.x               00000000005888D2  run_pwscf_                189  run_pwscf.f90
pw.x               00000000004084B4  MAIN__                     85  pwscf.f90
pw.x               000000000040831E  Unknown               Unknown  Unknown
libc-2.17.so       00002AB782E42C05  __libc_start_main     Unknown  Unknown
pw.x               0000000000408229  Unknown               Unknown  Unknown
forrtl: error (78): process killed (SIGTERM)
Image              PC                Routine            Line        Source             
pw.x               00000000010225FA  Unknown               Unknown  Unknown
libpthread-2.17.s  00002AC7FCB105E0  Unknown               Unknown  Unknown
libmpi.so.12       00002AC7FBB1B26D  PMPIDI_CH3I_Progr     Unknown  Unknown
libmpi.so.12.0     00002AC7FBF51542  Unknown               Unknown  Unknown
libmpi.so.12.0     00002AC7FBCB3630  Unknown               Unknown  Unknown
libmpi.so.12.0     00002AC7FBAB304F  Unknown               Unknown  Unknown
libmpi.so.12       00002AC7FBBA55F6  MPI_Comm_split        Unknown  Unknown
libmpifort.so.12.  00002AC7FB67F8B0  mpi_comm_split__      Unknown  Unknown
pw.x               0000000000F07BFF  laxlib_zsqmred_x_         503  ptoolkit.f90
pw.x               0000000000870535  pcegterg_                1047  cegterg.f90
pw.x               0000000000687E53  diag_bands_IP_dia        1028  c_bands.f90
pw.x               000000000068663C  diag_bands_               322  c_bands.f90
pw.x               0000000000685075  c_bands_                  132  c_bands.f90
pw.x               000000000040DEAE  electrons_scf_            689  electrons.f90
pw.x               000000000040B14D  electrons_                192  electrons.f90
pw.x               00000000005888D2  run_pwscf_                189  run_pwscf.f90
pw.x               00000000004084B4  MAIN__                     85  pwscf.f90
pw.x               000000000040831E  Unknown               Unknown  Unknown
libc-2.17.so       00002AC7FD3E4C05  __libc_start_main     Unknown  Unknown
pw.x               0000000000408229  Unknown               Unknown  Unknown
forrtl: error (78): process killed (SIGTERM)
Image              PC                Routine            Line        Source             
pw.x               00000000010225FA  Unknown               Unknown  Unknown
libpthread-2.17.s  00002AED041FE5E0  Unknown               Unknown  Unknown
libmkl_avx512.so   00002AED1E4542C3  mkl_blas_avx512_z     Unknown  Unknown
forrtl: error (78): process killed (SIGTERM)
Image              PC                Routine            Line        Source             
pw.x               00000000010225FA  Unknown               Unknown  Unknown
libpthread-2.17.s  00002B5CB234B5E0  Unknown               Unknown  Unknown
libmkl_avx512.so   00002B5CCC5A1441  mkl_blas_avx512_z     Unknown  Unknown
forrtl: error (78): process killed (SIGTERM)
Image              PC                Routine            Line        Source             
pw.x               00000000010225FA  Unknown               Unknown  Unknown
libpthread-2.17.s  00002B22918315E0  Unknown               Unknown  Unknown
libmpi.so.12       00002B229083BECE  PMPIDI_CH3I_Progr     Unknown  Unknown
libmpi.so.12.0     00002B2290C72542  Unknown               Unknown  Unknown
libmpi.so.12.0     00002B22909D4630  Unknown               Unknown  Unknown
libmpi.so.12.0     00002B22907D404F  Unknown               Unknown  Unknown
libmpi.so.12       00002B22908C65F6  MPI_Comm_split        Unknown  Unknown
libmpifort.so.12.  00002B22903A08B0  mpi_comm_split__      Unknown  Unknown
pw.x               0000000000F07BFF  laxlib_zsqmred_x_         503  ptoolkit.f90
pw.x               0000000000870535  pcegterg_                1047  cegterg.f90
pw.x               0000000000687E53  diag_bands_IP_dia        1028  c_bands.f90
pw.x               000000000068663C  diag_bands_               322  c_bands.f90
pw.x               0000000000685075  c_bands_                  132  c_bands.f90
pw.x               000000000040DEAE  electrons_scf_            689  electrons.f90
pw.x               000000000040B14D  electrons_                192  electrons.f90
pw.x               00000000005888D2  run_pwscf_                189  run_pwscf.f90
pw.x               00000000004084B4  MAIN__                     85  pwscf.f90
pw.x               000000000040831E  Unknown               Unknown  Unknown
libc-2.17.so       00002B2292105C05  __libc_start_main     Unknown  Unknown
pw.x               0000000000408229  Unknown               Unknown  Unknown
forrtl: error (78): process killed (SIGTERM)
Image              PC                Routine            Line        Source             
pw.x               00000000010225FA  Unknown               Unknown  Unknown
libpthread-2.17.s  00002B682FD315E0  Unknown               Unknown  Unknown
libmpi.so.12       00002B682ED3BEB8  PMPIDI_CH3I_Progr     Unknown  Unknown
libmpi.so.12.0     00002B682F172542  Unknown               Unknown  Unknown
libmpi.so.12.0     00002B682EED4630  Unknown               Unknown  Unknown
libmpi.so.12.0     00002B682ECD404F  Unknown               Unknown  Unknown
libmpi.so.12       00002B682EDC65F6  MPI_Comm_split        Unknown  Unknown
libmpifort.so.12.  00002B682E8A08B0  mpi_comm_split__      Unknown  Unknown
pw.x               0000000000F07BFF  laxlib_zsqmred_x_         503  ptoolkit.f90
pw.x               0000000000870535  pcegterg_                1047  cegterg.f90
pw.x               0000000000687E53  diag_bands_IP_dia        1028  c_bands.f90
pw.x               000000000068663C  diag_bands_               322  c_bands.f90
pw.x               0000000000685075  c_bands_                  132  c_bands.f90
pw.x               000000000040DEAE  electrons_scf_            689  electrons.f90
pw.x               000000000040B14D  electrons_                192  electrons.f90
pw.x               00000000005888D2  run_pwscf_                189  run_pwscf.f90
pw.x               00000000004084B4  MAIN__                     85  pwscf.f90
pw.x               000000000040831E  Unknown               Unknown  Unknown
libc-2.17.so       00002B6830605C05  __libc_start_main     Unknown  Unknown
pw.x               0000000000408229  Unknown               Unknown  Unknown
forrtl: error (78): process killed (SIGTERM)
Image              PC                Routine            Line        Source             
pw.x               00000000010225FA  Unknown               Unknown  Unknown
libpthread-2.17.s  00002B498AC0E5E0  Unknown               Unknown  Unknown
libmpi.so.12       00002B4989C18EB8  PMPIDI_CH3I_Progr     Unknown  Unknown
libmpi.so.12.0     00002B498A04F542  Unknown               Unknown  Unknown
libmpi.so.12.0     00002B4989DB1630  Unknown               Unknown  Unknown
libmpi.so.12.0     00002B4989BB104F  Unknown               Unknown  Unknown
libmpi.so.12       00002B4989CA35F6  MPI_Comm_split        Unknown  Unknown
libmpifort.so.12.  00002B498977D8B0  mpi_comm_split__      Unknown  Unknown
pw.x               0000000000F07BFF  laxlib_zsqmred_x_         503  ptoolkit.f90
pw.x               0000000000870535  pcegterg_                1047  cegterg.f90
pw.x               0000000000687E53  diag_bands_IP_dia        1028  c_bands.f90
pw.x               000000000068663C  diag_bands_               322  c_bands.f90
pw.x               0000000000685075  c_bands_                  132  c_bands.f90
pw.x               000000000040DEAE  electrons_scf_            689  electrons.f90
pw.x               000000000040B14D  electrons_                192  electrons.f90
pw.x               00000000005888D2  run_pwscf_                189  run_pwscf.f90
pw.x               00000000004084B4  MAIN__                     85  pwscf.f90
pw.x               000000000040831E  Unknown               Unknown  Unknown
libc-2.17.so       00002B498B4E2C05  __libc_start_main     Unknown  Unknown
pw.x               0000000000408229  Unknown               Unknown  Unknown
forrtl: error (78): process killed (SIGTERM)
Image              PC                Routine            Line        Source             
pw.x               00000000010225FA  Unknown               Unknown  Unknown
libpthread-2.17.s  00002AEB492455E0  Unknown               Unknown  Unknown
libmpi.so.12       00002AEB4824FEBF  PMPIDI_CH3I_Progr     Unknown  Unknown
libmpi.so.12.0     00002AEB48686542  Unknown               Unknown  Unknown
libmpi.so.12.0     00002AEB483E8630  Unknown               Unknown  Unknown
libmpi.so.12.0     00002AEB481E804F  Unknown               Unknown  Unknown
libmpi.so.12       00002AEB482DA5F6  MPI_Comm_split        Unknown  Unknown
libmpifort.so.12.  00002AEB47DB48B0  mpi_comm_split__      Unknown  Unknown
pw.x               0000000000F07BFF  laxlib_zsqmred_x_         503  ptoolkit.f90
pw.x               0000000000870535  pcegterg_                1047  cegterg.f90
pw.x               0000000000687E53  diag_bands_IP_dia        1028  c_bands.f90
pw.x               000000000068663C  diag_bands_               322  c_bands.f90
pw.x               0000000000685075  c_bands_                  132  c_bands.f90
pw.x               000000000040DEAE  electrons_scf_            689  electrons.f90
pw.x               000000000040B14D  electrons_                192  electrons.f90
pw.x               00000000005888D2  run_pwscf_                189  run_pwscf.f90
pw.x               00000000004084B4  MAIN__                     85  pwscf.f90
pw.x               000000000040831E  Unknown               Unknown  Unknown
libc-2.17.so       00002AEB49B19C05  __libc_start_main     Unknown  Unknown
pw.x               0000000000408229  Unknown               Unknown  Unknown
forrtl: error (78): process killed (SIGTERM)
Image              PC                Routine            Line        Source             
pw.x               00000000010225FA  Unknown               Unknown  Unknown
libpthread-2.17.s  00002B492AE235E0  Unknown               Unknown  Unknown
libmpi.so.12       00002B4929E2EB52  PMPIDI_CH3I_Progr     Unknown  Unknown
libmpi.so.12.0     00002B492A264542  Unknown               Unknown  Unknown
libmpi.so.12.0     00002B4929FC6630  Unknown               Unknown  Unknown
libmpi.so.12.0     00002B4929DC604F  Unknown               Unknown  Unknown
libmpi.so.12       00002B4929EB85F6  MPI_Comm_split        Unknown  Unknown
libmpifort.so.12.  00002B49299928B0  mpi_comm_split__      Unknown  Unknown
pw.x               0000000000F07BFF  laxlib_zsqmred_x_         503  ptoolkit.f90
pw.x               0000000000870535  pcegterg_                1047  cegterg.f90
pw.x               0000000000687E53  diag_bands_IP_dia        1028  c_bands.f90
pw.x               000000000068663C  diag_bands_               322  c_bands.f90
pw.x               0000000000685075  c_bands_                  132  c_bands.f90
pw.x               000000000040DEAE  electrons_scf_            689  electrons.f90
pw.x               000000000040B14D  electrons_                192  electrons.f90
pw.x               00000000005888D2  run_pwscf_                189  run_pwscf.f90
pw.x               00000000004084B4  MAIN__                     85  pwscf.f90
pw.x               000000000040831E  Unknown               Unknown  Unknown
libc-2.17.so       00002B492B6F7C05  __libc_start_main     Unknown  Unknown
pw.x               0000000000408229  Unknown               Unknown  Unknown
forrtl: error (78): process killed (SIGTERM)
Image              PC                Routine            Line        Source             
pw.x               00000000010225FA  Unknown               Unknown  Unknown
libpthread-2.17.s  00002AF5FA0365E0  Unknown               Unknown  Unknown
libmpi.so.12       00002AF5F9041B52  PMPIDI_CH3I_Progr     Unknown  Unknown
libmpi.so.12.0     00002AF5F9477542  Unknown               Unknown  Unknown
libmpi.so.12.0     00002AF5F91D9630  Unknown               Unknown  Unknown
libmpi.so.12.0     00002AF5F8FD904F  Unknown               Unknown  Unknown
libmpi.so.12       00002AF5F90CB5F6  MPI_Comm_split        Unknown  Unknown
libmpifort.so.12.  00002AF5F8BA58B0  mpi_comm_split__      Unknown  Unknown
pw.x               0000000000F07BFF  laxlib_zsqmred_x_         503  ptoolkit.f90
pw.x               0000000000870535  pcegterg_                1047  cegterg.f90
pw.x               0000000000687E53  diag_bands_IP_dia        1028  c_bands.f90
pw.x               000000000068663C  diag_bands_               322  c_bands.f90
pw.x               0000000000685075  c_bands_                  132  c_bands.f90
pw.x               000000000040DEAE  electrons_scf_            689  electrons.f90
pw.x               000000000040B14D  electrons_                192  electrons.f90
pw.x               00000000005888D2  run_pwscf_                189  run_pwscf.f90
pw.x               00000000004084B4  MAIN__                     85  pwscf.f90
pw.x               000000000040831E  Unknown               Unknown  Unknown
libc-2.17.so       00002AF5FA90AC05  __libc_start_main     Unknown  Unknown
pw.x               0000000000408229  Unknown               Unknown  Unknown
forrtl: error (78): process killed (SIGTERM)
Image              PC                Routine            Line        Source             
pw.x               00000000010225FA  Unknown               Unknown  Unknown
libpthread-2.17.s  00002B8E184FB5E0  Unknown               Unknown  Unknown
libmpi.so.12       00002B8E17505EB8  PMPIDI_CH3I_Progr     Unknown  Unknown
libmpi.so.12.0     00002B8E1793C542  Unknown               Unknown  Unknown
libmpi.so.12.0     00002B8E1769E630  Unknown               Unknown  Unknown
libmpi.so.12.0     00002B8E1749E04F  Unknown               Unknown  Unknown
libmpi.so.12       00002B8E175905F6  MPI_Comm_split        Unknown  Unknown
libmpifort.so.12.  00002B8E1706A8B0  mpi_comm_split__      Unknown  Unknown
pw.x               0000000000F07BFF  laxlib_zsqmred_x_         503  ptoolkit.f90
pw.x               0000000000870535  pcegterg_                1047  cegterg.f90
pw.x               0000000000687E53  diag_bands_IP_dia        1028  c_bands.f90
pw.x               000000000068663C  diag_bands_               322  c_bands.f90
pw.x               0000000000685075  c_bands_                  132  c_bands.f90
pw.x               000000000040DEAE  electrons_scf_            689  electrons.f90
pw.x               000000000040B14D  electrons_                192  electrons.f90
pw.x               00000000005888D2  run_pwscf_                189  run_pwscf.f90
pw.x               00000000004084B4  MAIN__                     85  pwscf.f90
pw.x               000000000040831E  Unknown               Unknown  Unknown
libc-2.17.so       00002B8E18DCFC05  __libc_start_main     Unknown  Unknown
pw.x               0000000000408229  Unknown               Unknown  Unknown
forrtl: error (78): process killed (SIGTERM)
Image              PC                Routine            Line        Source             
pw.x               00000000010225FA  Unknown               Unknown  Unknown
libpthread-2.17.s  00002B6CA58F15E0  Unknown               Unknown  Unknown
libmpi.so.12       00002B6CA48FBEB8  PMPIDI_CH3I_Progr     Unknown  Unknown
libmpi.so.12.0     00002B6CA4D32542  Unknown               Unknown  Unknown
libmpi.so.12.0     00002B6CA4A94630  Unknown               Unknown  Unknown
libmpi.so.12.0     00002B6CA489404F  Unknown               Unknown  Unknown
libmpi.so.12       00002B6CA49865F6  MPI_Comm_split        Unknown  Unknown
libmpifort.so.12.  00002B6CA44608B0  mpi_comm_split__      Unknown  Unknown
pw.x               0000000000F07BFF  laxlib_zsqmred_x_         503  ptoolkit.f90
pw.x               0000000000870535  pcegterg_                1047  cegterg.f90
pw.x               0000000000687E53  diag_bands_IP_dia        1028  c_bands.f90
pw.x               000000000068663C  diag_bands_               322  c_bands.f90
pw.x               0000000000685075  c_bands_                  132  c_bands.f90
pw.x               000000000040DEAE  electrons_scf_            689  electrons.f90
pw.x               000000000040B14D  electrons_                192  electrons.f90
pw.x               00000000005888D2  run_pwscf_                189  run_pwscf.f90
pw.x               00000000004084B4  MAIN__                     85  pwscf.f90
pw.x               000000000040831E  Unknown               Unknown  Unknown
libc-2.17.so       00002B6CA61C5C05  __libc_start_main     Unknown  Unknown
pw.x               0000000000408229  Unknown               Unknown  Unknown
forrtl: error (78): process killed (SIGTERM)
Image              PC                Routine            Line        Source             
pw.x               00000000010225FA  Unknown               Unknown  Unknown
libpthread-2.17.s  00002B79D53975E0  Unknown               Unknown  Unknown
libmpi.so.12       00002B79D43A1EB8  PMPIDI_CH3I_Progr     Unknown  Unknown
libmpi.so.12.0     00002B79D47D8542  Unknown               Unknown  Unknown
libmpi.so.12.0     00002B79D453A630  Unknown               Unknown  Unknown
libmpi.so.12.0     00002B79D433A04F  Unknown               Unknown  Unknown
libmpi.so.12       00002B79D442C5F6  MPI_Comm_split        Unknown  Unknown
libmpifort.so.12.  00002B79D3F068B0  mpi_comm_split__      Unknown  Unknown
pw.x               0000000000F07BFF  laxlib_zsqmred_x_         503  ptoolkit.f90
pw.x               0000000000870535  pcegterg_                1047  cegterg.f90
pw.x               0000000000687E53  diag_bands_IP_dia        1028  c_bands.f90
pw.x               000000000068663C  diag_bands_               322  c_bands.f90
pw.x               0000000000685075  c_bands_                  132  c_bands.f90
pw.x               000000000040DEAE  electrons_scf_            689  electrons.f90
pw.x               000000000040B14D  electrons_                192  electrons.f90
pw.x               00000000005888D2  run_pwscf_                189  run_pwscf.f90
pw.x               00000000004084B4  MAIN__                     85  pwscf.f90
pw.x               000000000040831E  Unknown               Unknown  Unknown
libc-2.17.so       00002B79D5C6BC05  __libc_start_main     Unknown  Unknown
pw.x               0000000000408229  Unknown               Unknown  Unknown
forrtl: error (78): process killed (SIGTERM)
Image              PC                Routine            Line        Source             
pw.x               00000000010225FA  Unknown               Unknown  Unknown
libpthread-2.17.s  00002B53E5F955E0  Unknown               Unknown  Unknown
libmpi.so.12       00002B53E4F9FEB8  PMPIDI_CH3I_Progr     Unknown  Unknown
libmpi.so.12.0     00002B53E53D6542  Unknown               Unknown  Unknown
libmpi.so.12.0     00002B53E5138630  Unknown               Unknown  Unknown
libmpi.so.12.0     00002B53E4F3804F  Unknown               Unknown  Unknown
libmpi.so.12       00002B53E502A5F6  MPI_Comm_split        Unknown  Unknown
libmpifort.so.12.  00002B53E4B048B0  mpi_comm_split__      Unknown  Unknown
pw.x               0000000000F07BFF  laxlib_zsqmred_x_         503  ptoolkit.f90
pw.x               0000000000870535  pcegterg_                1047  cegterg.f90
pw.x               0000000000687E53  diag_bands_IP_dia        1028  c_bands.f90
pw.x               000000000068663C  diag_bands_               322  c_bands.f90
pw.x               0000000000685075  c_bands_                  132  c_bands.f90
pw.x               000000000040DEAE  electrons_scf_            689  electrons.f90
pw.x               000000000040B14D  electrons_                192  electrons.f90
pw.x               00000000005888D2  run_pwscf_                189  run_pwscf.f90
pw.x               00000000004084B4  MAIN__                     85  pwscf.f90
pw.x               000000000040831E  Unknown               Unknown  Unknown
libc-2.17.so       00002B53E6869C05  __libc_start_main     Unknown  Unknown
pw.x               0000000000408229  Unknown               Unknown  Unknown
forrtl: error (78): process killed (SIGTERM)
Image              PC                Routine            Line        Source             
pw.x               00000000010225FA  Unknown               Unknown  Unknown
libpthread-2.17.s  00002ACE40F885E0  Unknown               Unknown  Unknown
libmpi.so.12       00002ACE3FF92EB8  PMPIDI_CH3I_Progr     Unknown  Unknown
libmpi.so.12.0     00002ACE403C9542  Unknown               Unknown  Unknown
libmpi.so.12.0     00002ACE4012B630  Unknown               Unknown  Unknown
libmpi.so.12.0     00002ACE3FF2B04F  Unknown               Unknown  Unknown
libmpi.so.12       00002ACE4001D5F6  MPI_Comm_split        Unknown  Unknown
libmpifort.so.12.  00002ACE3FAF78B0  mpi_comm_split__      Unknown  Unknown
pw.x               0000000000F07BFF  laxlib_zsqmred_x_         503  ptoolkit.f90
pw.x               0000000000870535  pcegterg_                1047  cegterg.f90
pw.x               0000000000687E53  diag_bands_IP_dia        1028  c_bands.f90
pw.x               000000000068663C  diag_bands_               322  c_bands.f90
pw.x               0000000000685075  c_bands_                  132  c_bands.f90
pw.x               000000000040DEAE  electrons_scf_            689  electrons.f90
pw.x               000000000040B14D  electrons_                192  electrons.f90
pw.x               00000000005888D2  run_pwscf_                189  run_pwscf.f90
pw.x               00000000004084B4  MAIN__                     85  pwscf.f90
pw.x               000000000040831E  Unknown               Unknown  Unknown
libc-2.17.so       00002ACE4185CC05  __libc_start_main     Unknown  Unknown
pw.x               0000000000408229  Unknown               Unknown  Unknown
forrtl: error (78): process killed (SIGTERM)
Image              PC                Routine            Line        Source             
pw.x               00000000010225FA  Unknown               Unknown  Unknown
libpthread-2.17.s  00002AFBA846A5E0  Unknown               Unknown  Unknown
libmpi.so.12       00002AFBA7474F0F  PMPIDI_CH3I_Progr     Unknown  Unknown
libmpi.so.12.0     00002AFBA78AB542  Unknown               Unknown  Unknown
libmpi.so.12.0     00002AFBA760D630  Unknown               Unknown  Unknown
libmpi.so.12.0     00002AFBA740D04F  Unknown               Unknown  Unknown
libmpi.so.12       00002AFBA74FF5F6  MPI_Comm_split        Unknown  Unknown
libmpifort.so.12.  00002AFBA6FD98B0  mpi_comm_split__      Unknown  Unknown
pw.x               0000000000F07BFF  laxlib_zsqmred_x_         503  ptoolkit.f90
pw.x               0000000000870535  pcegterg_                1047  cegterg.f90
pw.x               0000000000687E53  diag_bands_IP_dia        1028  c_bands.f90
pw.x               000000000068663C  diag_bands_               322  c_bands.f90
pw.x               0000000000685075  c_bands_                  132  c_bands.f90
pw.x               000000000040DEAE  electrons_scf_            689  electrons.f90
pw.x               000000000040B14D  electrons_                192  electrons.f90
pw.x               00000000005888D2  run_pwscf_                189  run_pwscf.f90
pw.x               00000000004084B4  MAIN__                     85  pwscf.f90
pw.x               000000000040831E  Unknown               Unknown  Unknown
libc-2.17.so       00002AFBA8D3EC05  __libc_start_main     Unknown  Unknown
pw.x               0000000000408229  Unknown               Unknown  Unknown
forrtl: error (78): process killed (SIGTERM)
Image              PC                Routine            Line        Source             
pw.x               00000000010225FA  Unknown               Unknown  Unknown
libpthread-2.17.s  00002AD1890585E0  Unknown               Unknown  Unknown
libmpi.so.12       00002AD188062E4C  PMPIDI_CH3I_Progr     Unknown  Unknown
libmpi.so.12.0     00002AD188499542  Unknown               Unknown  Unknown
libmpi.so.12.0     00002AD1881FB630  Unknown               Unknown  Unknown
libmpi.so.12.0     00002AD187FFB04F  Unknown               Unknown  Unknown
libmpi.so.12       00002AD1880ED5F6  MPI_Comm_split        Unknown  Unknown
libmpifort.so.12.  00002AD187BC78B0  mpi_comm_split__      Unknown  Unknown
pw.x               0000000000F07BFF  laxlib_zsqmred_x_         503  ptoolkit.f90
pw.x               0000000000870535  pcegterg_                1047  cegterg.f90
pw.x               0000000000687E53  diag_bands_IP_dia        1028  c_bands.f90
pw.x               000000000068663C  diag_bands_               322  c_bands.f90
pw.x               0000000000685075  c_bands_                  132  c_bands.f90
pw.x               000000000040DEAE  electrons_scf_            689  electrons.f90
pw.x               000000000040B14D  electrons_                192  electrons.f90
pw.x               00000000005888D2  run_pwscf_                189  run_pwscf.f90
pw.x               00000000004084B4  MAIN__                     85  pwscf.f90
pw.x               000000000040831E  Unknown               Unknown  Unknown
libc-2.17.so       00002AD18992CC05  __libc_start_main     Unknown  Unknown
pw.x               0000000000408229  Unknown               Unknown  Unknown
forrtl: error (78): process killed (SIGTERM)
Image              PC                Routine            Line        Source             
pw.x               00000000010225FA  Unknown               Unknown  Unknown
libpthread-2.17.s  00002B6C3CCB25E0  Unknown               Unknown  Unknown
libmpi.so.12       00002B6C3BCBCEB8  PMPIDI_CH3I_Progr     Unknown  Unknown
libmpi.so.12.0     00002B6C3C0F3542  Unknown               Unknown  Unknown
libmpi.so.12.0     00002B6C3BE55630  Unknown               Unknown  Unknown
libmpi.so.12.0     00002B6C3BC5504F  Unknown               Unknown  Unknown
libmpi.so.12       00002B6C3BD475F6  MPI_Comm_split        Unknown  Unknown
libmpifort.so.12.  00002B6C3B8218B0  mpi_comm_split__      Unknown  Unknown
pw.x               0000000000F07BFF  laxlib_zsqmred_x_         503  ptoolkit.f90
pw.x               0000000000870535  pcegterg_                1047  cegterg.f90
pw.x               0000000000687E53  diag_bands_IP_dia        1028  c_bands.f90
pw.x               000000000068663C  diag_bands_               322  c_bands.f90
pw.x               0000000000685075  c_bands_                  132  c_bands.f90
pw.x               000000000040DEAE  electrons_scf_            689  electrons.f90
pw.x               000000000040B14D  electrons_                192  electrons.f90
pw.x               00000000005888D2  run_pwscf_                189  run_pwscf.f90
pw.x               00000000004084B4  MAIN__                     85  pwscf.f90
pw.x               000000000040831E  Unknown               Unknown  Unknown
libc-2.17.so       00002B6C3D586C05  __libc_start_main     Unknown  Unknown
pw.x               0000000000408229  Unknown               Unknown  Unknown
forrtl: error (78): process killed (SIGTERM)
Image              PC                Routine            Line        Source             
pw.x               00000000010225FA  Unknown               Unknown  Unknown
libpthread-2.17.s  00002B08919365E0  Unknown               Unknown  Unknown
libmpi.so.12       00002B089094126D  PMPIDI_CH3I_Progr     Unknown  Unknown
libmpi.so.12.0     00002B0890D77542  Unknown               Unknown  Unknown
libmpi.so.12.0     00002B0890AD9630  Unknown               Unknown  Unknown
libmpi.so.12.0     00002B08908D904F  Unknown               Unknown  Unknown
libmpi.so.12       00002B08909CB5F6  MPI_Comm_split        Unknown  Unknown
libmpifort.so.12.  00002B08904A58B0  mpi_comm_split__      Unknown  Unknown
pw.x               0000000000F07BFF  laxlib_zsqmred_x_         503  ptoolkit.f90
pw.x               0000000000870535  pcegterg_                1047  cegterg.f90
pw.x               0000000000687E53  diag_bands_IP_dia        1028  c_bands.f90
pw.x               000000000068663C  diag_bands_               322  c_bands.f90
pw.x               0000000000685075  c_bands_                  132  c_bands.f90
pw.x               000000000040DEAE  electrons_scf_            689  electrons.f90
pw.x               000000000040B14D  electrons_                192  electrons.f90
pw.x               00000000005888D2  run_pwscf_                189  run_pwscf.f90
pw.x               00000000004084B4  MAIN__                     85  pwscf.f90
pw.x               000000000040831E  Unknown               Unknown  Unknown
libc-2.17.so       00002B089220AC05  __libc_start_main     Unknown  Unknown
pw.x               0000000000408229  Unknown               Unknown  Unknown
forrtl: error (78): process killed (SIGTERM)
Image              PC                Routine            Line        Source             
pw.x               00000000010225FA  Unknown               Unknown  Unknown
libpthread-2.17.s  00002AB7356765E0  Unknown               Unknown  Unknown
libmpi.so.12       00002AB734680EB8  PMPIDI_CH3I_Progr     Unknown  Unknown
libmpi.so.12.0     00002AB734AB7542  Unknown               Unknown  Unknown
libmpi.so.12.0     00002AB734819630  Unknown               Unknown  Unknown
libmpi.so.12.0     00002AB73461904F  Unknown               Unknown  Unknown
libmpi.so.12       00002AB73470B5F6  MPI_Comm_split        Unknown  Unknown
libmpifort.so.12.  00002AB7341E58B0  mpi_comm_split__      Unknown  Unknown
pw.x               0000000000F07BFF  laxlib_zsqmred_x_         503  ptoolkit.f90
pw.x               0000000000870535  pcegterg_                1047  cegterg.f90
pw.x               0000000000687E53  diag_bands_IP_dia        1028  c_bands.f90
pw.x               000000000068663C  diag_bands_               322  c_bands.f90
pw.x               0000000000685075  c_bands_                  132  c_bands.f90
pw.x               000000000040DEAE  electrons_scf_            689  electrons.f90
pw.x               000000000040B14D  electrons_                192  electrons.f90
pw.x               00000000005888D2  run_pwscf_                189  run_pwscf.f90
pw.x               00000000004084B4  MAIN__                     85  pwscf.f90
pw.x               000000000040831E  Unknown               Unknown  Unknown
libc-2.17.so       00002AB735F4AC05  __libc_start_main     Unknown  Unknown
pw.x               0000000000408229  Unknown               Unknown  Unknown
forrtl: error (78): process killed (SIGTERM)
Image              PC                Routine            Line        Source             
pw.x               00000000010225FA  Unknown               Unknown  Unknown
libpthread-2.17.s  00002B7FE173E5E0  Unknown               Unknown  Unknown
libmpi.so.12       00002B7FE0748EB8  PMPIDI_CH3I_Progr     Unknown  Unknown
libmpi.so.12.0     00002B7FE0B7F542  Unknown               Unknown  Unknown
libmpi.so.12.0     00002B7FE08E1630  Unknown               Unknown  Unknown
libmpi.so.12.0     00002B7FE06E104F  Unknown               Unknown  Unknown
libmpi.so.12       00002B7FE07D35F6  MPI_Comm_split        Unknown  Unknown
libmpifort.so.12.  00002B7FE02AD8B0  mpi_comm_split__      Unknown  Unknown
pw.x               0000000000F07BFF  laxlib_zsqmred_x_         503  ptoolkit.f90
pw.x               0000000000870535  pcegterg_                1047  cegterg.f90
pw.x               0000000000687E53  diag_bands_IP_dia        1028  c_bands.f90
pw.x               000000000068663C  diag_bands_               322  c_bands.f90
pw.x               0000000000685075  c_bands_                  132  c_bands.f90
pw.x               000000000040DEAE  electrons_scf_            689  electrons.f90
pw.x               000000000040B14D  electrons_                192  electrons.f90
pw.x               00000000005888D2  run_pwscf_                189  run_pwscf.f90
pw.x               00000000004084B4  MAIN__                     85  pwscf.f90
pw.x               000000000040831E  Unknown               Unknown  Unknown
libc-2.17.so       00002B7FE2012C05  __libc_start_main     Unknown  Unknown
pw.x               0000000000408229  Unknown               Unknown  Unknown
forrtl: error (78): process killed (SIGTERM)
Image              PC                Routine            Line        Source             
pw.x               00000000010225FA  Unknown               Unknown  Unknown
libpthread-2.17.s  00002B38A8EE05E0  Unknown               Unknown  Unknown
libmpi.so.12       00002B38A7EEAEB8  PMPIDI_CH3I_Progr     Unknown  Unknown
libmpi.so.12.0     00002B38A8321542  Unknown               Unknown  Unknown
libmpi.so.12.0     00002B38A8083630  Unknown               Unknown  Unknown
libmpi.so.12.0     00002B38A7E8304F  Unknown               Unknown  Unknown
libmpi.so.12       00002B38A7F755F6  MPI_Comm_split        Unknown  Unknown
libmpifort.so.12.  00002B38A7A4F8B0  mpi_comm_split__      Unknown  Unknown
pw.x               0000000000F07BFF  laxlib_zsqmred_x_         503  ptoolkit.f90
pw.x               0000000000870535  pcegterg_                1047  cegterg.f90
pw.x               0000000000687E53  diag_bands_IP_dia        1028  c_bands.f90
pw.x               000000000068663C  diag_bands_               322  c_bands.f90
pw.x               0000000000685075  c_bands_                  132  c_bands.f90
pw.x               000000000040DEAE  electrons_scf_            689  electrons.f90
pw.x               000000000040B14D  electrons_                192  electrons.f90
pw.x               00000000005888D2  run_pwscf_                189  run_pwscf.f90
pw.x               00000000004084B4  MAIN__                     85  pwscf.f90
pw.x               000000000040831E  Unknown               Unknown  Unknown
libc-2.17.so       00002B38A97B4C05  __libc_start_main     Unknown  Unknown
pw.x               0000000000408229  Unknown               Unknown  Unknown
forrtl: error (78): process killed (SIGTERM)
Image              PC                Routine            Line        Source             
pw.x               00000000010225FA  Unknown               Unknown  Unknown
libpthread-2.17.s  00002AFEBA1325E0  Unknown               Unknown  Unknown
pw.x               0000000001022490  Unknown               Unknown  Unknown
libpthread-2.17.s  00002AFEBA1325E0  Unknown               Unknown  Unknown
libmpi.so.12       00002AFEB913D258  PMPIDI_CH3I_Progr     Unknown  Unknown
libmpi.so.12.0     00002AFEB9573542  Unknown               Unknown  Unknown
libmpi.so.12.0     00002AFEB92D5630  Unknown               Unknown  Unknown
libmpi.so.12.0     00002AFEB90D504F  Unknown               Unknown  Unknown
libmpi.so.12       00002AFEB91C75F6  MPI_Comm_split        Unknown  Unknown
libmpifort.so.12.  00002AFEB8CA18B0  mpi_comm_split__      Unknown  Unknown
pw.x               0000000000F07BFF  laxlib_zsqmred_x_         503  ptoolkit.f90
pw.x               0000000000870535  pcegterg_                1047  cegterg.f90
pw.x               0000000000687E53  diag_bands_IP_dia        1028  c_bands.f90
pw.x               000000000068663C  diag_bands_               322  c_bands.f90
pw.x               0000000000685075  c_bands_                  132  c_bands.f90
pw.x               000000000040DEAE  electrons_scf_            689  electrons.f90
pw.x               000000000040B14D  electrons_                192  electrons.f90
pw.x               00000000005888D2  run_pwscf_                189  run_pwscf.f90
pw.x               00000000004084B4  MAIN__                     85  pwscf.f90
pw.x               000000000040831E  Unknown               Unknown  Unknown
libc-2.17.so       00002AFEBAA06C05  __libc_start_main     Unknown  Unknown
pw.x               0000000000408229  Unknown               Unknown  Unknown
