forrtl: error (78): process killed (SIGTERM)
Image              PC                Routine            Line        Source             
pw.x               00000000010225FA  Unknown               Unknown  Unknown
libpthread-2.17.s  00002B564B42A5E0  Unknown               Unknown  Unknown
pw.x               00000000007AC899  h_psi__                   145  h_psi.f90
libiomp5.so        00002B564B9EDC53  __kmp_invoke_micr     Unknown  Unknown
libiomp5.so        00002B564B9BD7ED  __kmp_fork_call       Unknown  Unknown
libiomp5.so        00002B564B994E2A  __kmpc_fork_call      Unknown  Unknown
pw.x               00000000007AC025  h_psi__                   143  h_psi.f90
pw.x               00000000007ABD66  h_psi_                     71  h_psi.f90
pw.x               000000000086D8F3  pcegterg_                 905  cegterg.f90
pw.x               0000000000687E53  diag_bands_IP_dia        1028  c_bands.f90
pw.x               000000000068663C  diag_bands_               322  c_bands.f90
pw.x               0000000000685075  c_bands_                  132  c_bands.f90
pw.x               000000000040DEAE  electrons_scf_            689  electrons.f90
pw.x               000000000040B14D  electrons_                192  electrons.f90
pw.x               00000000005888D2  run_pwscf_                189  run_pwscf.f90
pw.x               00000000004084B4  MAIN__                     85  pwscf.f90
pw.x               000000000040831E  Unknown               Unknown  Unknown
libc-2.17.so       00002B564BCFEC05  __libc_start_main     Unknown  Unknown
pw.x               0000000000408229  Unknown               Unknown  Unknown
forrtl: error (78): process killed (SIGTERM)
Image              PC                Routine            Line        Source             
pw.x               00000000010225FA  Unknown               Unknown  Unknown
libpthread-2.17.s  00002AB21F14E5E0  Unknown               Unknown  Unknown
pw.x               00000000007AC899  h_psi__                   145  h_psi.f90
libiomp5.so        00002AB21F711C53  __kmp_invoke_micr     Unknown  Unknown
libiomp5.so        00002AB21F6E17ED  __kmp_fork_call       Unknown  Unknown
libiomp5.so        00002AB21F6B8E2A  __kmpc_fork_call      Unknown  Unknown
pw.x               00000000007AC025  h_psi__                   143  h_psi.f90
pw.x               00000000007ABD66  h_psi_                     71  h_psi.f90
pw.x               000000000086D8F3  pcegterg_                 905  cegterg.f90
pw.x               0000000000687E53  diag_bands_IP_dia        1028  c_bands.f90
pw.x               000000000068663C  diag_bands_               322  c_bands.f90
pw.x               0000000000685075  c_bands_                  132  c_bands.f90
pw.x               000000000040DEAE  electrons_scf_            689  electrons.f90
pw.x               000000000040B14D  electrons_                192  electrons.f90
pw.x               00000000005888D2  run_pwscf_                189  run_pwscf.f90
pw.x               00000000004084B4  MAIN__                     85  pwscf.f90
pw.x               000000000040831E  Unknown               Unknown  Unknown
libc-2.17.so       00002AB21FA22C05  __libc_start_main     Unknown  Unknown
pw.x               0000000000408229  Unknown               Unknown  Unknown
forrtl: error (78): process killed (SIGTERM)
Image              PC                Routine            Line        Source             
pw.x               00000000010225FA  Unknown               Unknown  Unknown
libpthread-2.17.s  00002AEE2854D5E0  Unknown               Unknown  Unknown
pw.x               00000000007AC8A4  h_psi__                   145  h_psi.f90
libiomp5.so        00002AEE28B10C53  __kmp_invoke_micr     Unknown  Unknown
libiomp5.so        00002AEE28AE07ED  __kmp_fork_call       Unknown  Unknown
libiomp5.so        00002AEE28AB7E2A  __kmpc_fork_call      Unknown  Unknown
pw.x               00000000007AC025  h_psi__                   143  h_psi.f90
pw.x               00000000007ABD66  h_psi_                     71  h_psi.f90
pw.x               000000000086D8F3  pcegterg_                 905  cegterg.f90
pw.x               0000000000687E53  diag_bands_IP_dia        1028  c_bands.f90
pw.x               000000000068663C  diag_bands_               322  c_bands.f90
pw.x               0000000000685075  c_bands_                  132  c_bands.f90
pw.x               000000000040DEAE  electrons_scf_            689  electrons.f90
pw.x               000000000040B14D  electrons_                192  electrons.f90
pw.x               00000000005888D2  run_pwscf_                189  run_pwscf.f90
pw.x               00000000004084B4  MAIN__                     85  pwscf.f90
pw.x               000000000040831E  Unknown               Unknown  Unknown
libc-2.17.so       00002AEE28E21C05  __libc_start_main     Unknown  Unknown
pw.x               0000000000408229  Unknown               Unknown  Unknown
forrtl: error (78): process killed (SIGTERM)
Image              PC                Routine            Line        Source             
pw.x               00000000010225FA  Unknown               Unknown  Unknown
libpthread-2.17.s  00002AD236C115E0  Unknown               Unknown  Unknown
pw.x               00000000007AC899  h_psi__                   145  h_psi.f90
libiomp5.so        00002AD2371D4C53  __kmp_invoke_micr     Unknown  Unknown
libiomp5.so        00002AD2371A47ED  __kmp_fork_call       Unknown  Unknown
libiomp5.so        00002AD23717BE2A  __kmpc_fork_call      Unknown  Unknown
pw.x               00000000007AC025  h_psi__                   143  h_psi.f90
pw.x               00000000007ABD66  h_psi_                     71  h_psi.f90
pw.x               000000000086D8F3  pcegterg_                 905  cegterg.f90
pw.x               0000000000687E53  diag_bands_IP_dia        1028  c_bands.f90
pw.x               000000000068663C  diag_bands_               322  c_bands.f90
pw.x               0000000000685075  c_bands_                  132  c_bands.f90
pw.x               000000000040DEAE  electrons_scf_            689  electrons.f90
pw.x               000000000040B14D  electrons_                192  electrons.f90
pw.x               00000000005888D2  run_pwscf_                189  run_pwscf.f90
pw.x               00000000004084B4  MAIN__                     85  pwscf.f90
pw.x               000000000040831E  Unknown               Unknown  Unknown
libc-2.17.so       00002AD2374E5C05  __libc_start_main     Unknown  Unknown
pw.x               0000000000408229  Unknown               Unknown  Unknown
forrtl: error (78): process killed (SIGTERM)
Image              PC                Routine            Line        Source             
pw.x               00000000010225FA  Unknown               Unknown  Unknown
libpthread-2.17.s  00002ACCAEAFB5E0  Unknown               Unknown  Unknown
pw.x               00000000007AC899  h_psi__                   145  h_psi.f90
libiomp5.so        00002ACCAF0BEC53  __kmp_invoke_micr     Unknown  Unknown
libiomp5.so        00002ACCAF08E7ED  __kmp_fork_call       Unknown  Unknown
libiomp5.so        00002ACCAF065E2A  __kmpc_fork_call      Unknown  Unknown
pw.x               00000000007AC025  h_psi__                   143  h_psi.f90
pw.x               00000000007ABD66  h_psi_                     71  h_psi.f90
pw.x               000000000086D8F3  pcegterg_                 905  cegterg.f90
pw.x               0000000000687E53  diag_bands_IP_dia        1028  c_bands.f90
pw.x               000000000068663C  diag_bands_               322  c_bands.f90
pw.x               0000000000685075  c_bands_                  132  c_bands.f90
pw.x               000000000040DEAE  electrons_scf_            689  electrons.f90
pw.x               000000000040B14D  electrons_                192  electrons.f90
pw.x               00000000005888D2  run_pwscf_                189  run_pwscf.f90
pw.x               00000000004084B4  MAIN__                     85  pwscf.f90
pw.x               000000000040831E  Unknown               Unknown  Unknown
libc-2.17.so       00002ACCAF3CFC05  __libc_start_main     Unknown  Unknown
pw.x               0000000000408229  Unknown               Unknown  Unknown
forrtl: error (78): process killed (SIGTERM)
Image              PC                Routine            Line        Source             
pw.x               00000000010225FA  Unknown               Unknown  Unknown
libpthread-2.17.s  00002B610887A5E0  Unknown               Unknown  Unknown
pw.x               00000000007AC899  h_psi__                   145  h_psi.f90
libiomp5.so        00002B6108E3DC53  __kmp_invoke_micr     Unknown  Unknown
libiomp5.so        00002B6108E0D7ED  __kmp_fork_call       Unknown  Unknown
libiomp5.so        00002B6108DE4E2A  __kmpc_fork_call      Unknown  Unknown
pw.x               00000000007AC025  h_psi__                   143  h_psi.f90
pw.x               00000000007ABD66  h_psi_                     71  h_psi.f90
pw.x               000000000086D8F3  pcegterg_                 905  cegterg.f90
pw.x               0000000000687E53  diag_bands_IP_dia        1028  c_bands.f90
pw.x               000000000068663C  diag_bands_               322  c_bands.f90
pw.x               0000000000685075  c_bands_                  132  c_bands.f90
pw.x               000000000040DEAE  electrons_scf_            689  electrons.f90
pw.x               000000000040B14D  electrons_                192  electrons.f90
pw.x               00000000005888D2  run_pwscf_                189  run_pwscf.f90
pw.x               00000000004084B4  MAIN__                     85  pwscf.f90
pw.x               000000000040831E  Unknown               Unknown  Unknown
libc-2.17.so       00002B610914EC05  __libc_start_main     Unknown  Unknown
pw.x               0000000000408229  Unknown               Unknown  Unknown
forrtl: error (78): process killed (SIGTERM)
Image              PC                Routine            Line        Source             
pw.x               00000000010225FA  Unknown               Unknown  Unknown
libpthread-2.17.s  00002AFF2D9D45E0  Unknown               Unknown  Unknown
pw.x               00000000007AC899  h_psi__                   145  h_psi.f90
libiomp5.so        00002AFF2DF97C53  __kmp_invoke_micr     Unknown  Unknown
libiomp5.so        00002AFF2DF677ED  __kmp_fork_call       Unknown  Unknown
libiomp5.so        00002AFF2DF3EE2A  __kmpc_fork_call      Unknown  Unknown
pw.x               00000000007AC025  h_psi__                   143  h_psi.f90
pw.x               00000000007ABD66  h_psi_                     71  h_psi.f90
pw.x               000000000086D8F3  pcegterg_                 905  cegterg.f90
pw.x               0000000000687E53  diag_bands_IP_dia        1028  c_bands.f90
pw.x               000000000068663C  diag_bands_               322  c_bands.f90
pw.x               0000000000685075  c_bands_                  132  c_bands.f90
pw.x               000000000040DEAE  electrons_scf_            689  electrons.f90
pw.x               000000000040B14D  electrons_                192  electrons.f90
pw.x               00000000005888D2  run_pwscf_                189  run_pwscf.f90
pw.x               00000000004084B4  MAIN__                     85  pwscf.f90
pw.x               000000000040831E  Unknown               Unknown  Unknown
libc-2.17.so       00002AFF2E2A8C05  __libc_start_main     Unknown  Unknown
pw.x               0000000000408229  Unknown               Unknown  Unknown
forrtl: error (78): process killed (SIGTERM)
Image              PC                Routine            Line        Source             
pw.x               00000000010225FA  Unknown               Unknown  Unknown
libpthread-2.17.s  00002B14DEA655E0  Unknown               Unknown  Unknown
pw.x               00000000007AC884  h_psi__                   145  h_psi.f90
libiomp5.so        00002B14DF028C53  __kmp_invoke_micr     Unknown  Unknown
libiomp5.so        00002B14DEFF87ED  __kmp_fork_call       Unknown  Unknown
libiomp5.so        00002B14DEFCFE2A  __kmpc_fork_call      Unknown  Unknown
pw.x               00000000007AC025  h_psi__                   143  h_psi.f90
pw.x               00000000007ABD66  h_psi_                     71  h_psi.f90
pw.x               000000000086D8F3  pcegterg_                 905  cegterg.f90
pw.x               0000000000687E53  diag_bands_IP_dia        1028  c_bands.f90
pw.x               000000000068663C  diag_bands_               322  c_bands.f90
pw.x               0000000000685075  c_bands_                  132  c_bands.f90
pw.x               000000000040DEAE  electrons_scf_            689  electrons.f90
pw.x               000000000040B14D  electrons_                192  electrons.f90
pw.x               00000000005888D2  run_pwscf_                189  run_pwscf.f90
pw.x               00000000004084B4  MAIN__                     85  pwscf.f90
pw.x               000000000040831E  Unknown               Unknown  Unknown
libc-2.17.so       00002B14DF339C05  __libc_start_main     Unknown  Unknown
pw.x               0000000000408229  Unknown               Unknown  Unknown
forrtl: error (78): process killed (SIGTERM)
Image              PC                Routine            Line        Source             
pw.x               00000000010225FA  Unknown               Unknown  Unknown
libpthread-2.17.s  00002AF56E69E5E0  Unknown               Unknown  Unknown
pw.x               00000000007AC89E  h_psi__                   145  h_psi.f90
libiomp5.so        00002AF56EC61C53  __kmp_invoke_micr     Unknown  Unknown
libiomp5.so        00002AF56EC317ED  __kmp_fork_call       Unknown  Unknown
libiomp5.so        00002AF56EC08E2A  __kmpc_fork_call      Unknown  Unknown
pw.x               00000000007AC025  h_psi__                   143  h_psi.f90
pw.x               00000000007ABD66  h_psi_                     71  h_psi.f90
pw.x               000000000086D8F3  pcegterg_                 905  cegterg.f90
pw.x               0000000000687E53  diag_bands_IP_dia        1028  c_bands.f90
pw.x               000000000068663C  diag_bands_               322  c_bands.f90
pw.x               0000000000685075  c_bands_                  132  c_bands.f90
pw.x               000000000040DEAE  electrons_scf_            689  electrons.f90
pw.x               000000000040B14D  electrons_                192  electrons.f90
pw.x               00000000005888D2  run_pwscf_                189  run_pwscf.f90
pw.x               00000000004084B4  MAIN__                     85  pwscf.f90
pw.x               000000000040831E  Unknown               Unknown  Unknown
libc-2.17.so       00002AF56EF72C05  __libc_start_main     Unknown  Unknown
pw.x               0000000000408229  Unknown               Unknown  Unknown
forrtl: error (78): process killed (SIGTERM)
Image              PC                Routine            Line        Source             
pw.x               00000000010225FA  Unknown               Unknown  Unknown
libpthread-2.17.s  00002B64566C55E0  Unknown               Unknown  Unknown
pw.x               00000000007AC8AA  h_psi__                   145  h_psi.f90
libiomp5.so        00002B6456C88C53  __kmp_invoke_micr     Unknown  Unknown
libiomp5.so        00002B6456C587ED  __kmp_fork_call       Unknown  Unknown
libiomp5.so        00002B6456C2FE2A  __kmpc_fork_call      Unknown  Unknown
pw.x               00000000007AC025  h_psi__                   143  h_psi.f90
pw.x               00000000007ABD66  h_psi_                     71  h_psi.f90
pw.x               000000000086D8F3  pcegterg_                 905  cegterg.f90
pw.x               0000000000687E53  diag_bands_IP_dia        1028  c_bands.f90
pw.x               000000000068663C  diag_bands_               322  c_bands.f90
pw.x               0000000000685075  c_bands_                  132  c_bands.f90
pw.x               000000000040DEAE  electrons_scf_            689  electrons.f90
pw.x               000000000040B14D  electrons_                192  electrons.f90
pw.x               00000000005888D2  run_pwscf_                189  run_pwscf.f90
pw.x               00000000004084B4  MAIN__                     85  pwscf.f90
pw.x               000000000040831E  Unknown               Unknown  Unknown
libc-2.17.so       00002B6456F99C05  __libc_start_main     Unknown  Unknown
pw.x               0000000000408229  Unknown               Unknown  Unknown
forrtl: error (78): process killed (SIGTERM)
Image              PC                Routine            Line        Source             
pw.x               00000000010225FA  Unknown               Unknown  Unknown
libpthread-2.17.s  00002AD2F0F985E0  Unknown               Unknown  Unknown
pw.x               00000000007AC89E  h_psi__                   145  h_psi.f90
libiomp5.so        00002AD2F155BC53  __kmp_invoke_micr     Unknown  Unknown
libiomp5.so        00002AD2F152B7ED  __kmp_fork_call       Unknown  Unknown
libiomp5.so        00002AD2F1502E2A  __kmpc_fork_call      Unknown  Unknown
pw.x               00000000007AC025  h_psi__                   143  h_psi.f90
pw.x               00000000007ABD66  h_psi_                     71  h_psi.f90
pw.x               000000000086D8F3  pcegterg_                 905  cegterg.f90
pw.x               0000000000687E53  diag_bands_IP_dia        1028  c_bands.f90
pw.x               000000000068663C  diag_bands_               322  c_bands.f90
pw.x               0000000000685075  c_bands_                  132  c_bands.f90
pw.x               000000000040DEAE  electrons_scf_            689  electrons.f90
pw.x               000000000040B14D  electrons_                192  electrons.f90
pw.x               00000000005888D2  run_pwscf_                189  run_pwscf.f90
pw.x               00000000004084B4  MAIN__                     85  pwscf.f90
pw.x               000000000040831E  Unknown               Unknown  Unknown
libc-2.17.so       00002AD2F186CC05  __libc_start_main     Unknown  Unknown
pw.x               0000000000408229  Unknown               Unknown  Unknown
forrtl: error (78): process killed (SIGTERM)
Image              PC                Routine            Line        Source             
pw.x               00000000010225FA  Unknown               Unknown  Unknown
libpthread-2.17.s  00002B653CDB05E0  Unknown               Unknown  Unknown
pw.x               00000000007AC899  h_psi__                   145  h_psi.f90
libiomp5.so        00002B653D373C53  __kmp_invoke_micr     Unknown  Unknown
libiomp5.so        00002B653D3437ED  __kmp_fork_call       Unknown  Unknown
libiomp5.so        00002B653D31AE2A  __kmpc_fork_call      Unknown  Unknown
pw.x               00000000007AC025  h_psi__                   143  h_psi.f90
pw.x               00000000007ABD66  h_psi_                     71  h_psi.f90
pw.x               000000000086D8F3  pcegterg_                 905  cegterg.f90
pw.x               0000000000687E53  diag_bands_IP_dia        1028  c_bands.f90
pw.x               000000000068663C  diag_bands_               322  c_bands.f90
pw.x               0000000000685075  c_bands_                  132  c_bands.f90
pw.x               000000000040DEAE  electrons_scf_            689  electrons.f90
pw.x               000000000040B14D  electrons_                192  electrons.f90
pw.x               00000000005888D2  run_pwscf_                189  run_pwscf.f90
pw.x               00000000004084B4  MAIN__                     85  pwscf.f90
pw.x               000000000040831E  Unknown               Unknown  Unknown
libc-2.17.so       00002B653D684C05  __libc_start_main     Unknown  Unknown
pw.x               0000000000408229  Unknown               Unknown  Unknown
forrtl: error (78): process killed (SIGTERM)
Image              PC                Routine            Line        Source             
pw.x               00000000010225FA  Unknown               Unknown  Unknown
libpthread-2.17.s  00002AF75D5E55E0  Unknown               Unknown  Unknown
pw.x               00000000007AC89E  h_psi__                   145  h_psi.f90
libiomp5.so        00002AF75DBA8C53  __kmp_invoke_micr     Unknown  Unknown
libiomp5.so        00002AF75DB787ED  __kmp_fork_call       Unknown  Unknown
libiomp5.so        00002AF75DB4FE2A  __kmpc_fork_call      Unknown  Unknown
pw.x               00000000007AC025  h_psi__                   143  h_psi.f90
pw.x               00000000007ABD66  h_psi_                     71  h_psi.f90
pw.x               000000000086D8F3  pcegterg_                 905  cegterg.f90
pw.x               0000000000687E53  diag_bands_IP_dia        1028  c_bands.f90
pw.x               000000000068663C  diag_bands_               322  c_bands.f90
pw.x               0000000000685075  c_bands_                  132  c_bands.f90
pw.x               000000000040DEAE  electrons_scf_            689  electrons.f90
pw.x               000000000040B14D  electrons_                192  electrons.f90
pw.x               00000000005888D2  run_pwscf_                189  run_pwscf.f90
pw.x               00000000004084B4  MAIN__                     85  pwscf.f90
pw.x               000000000040831E  Unknown               Unknown  Unknown
libc-2.17.so       00002AF75DEB9C05  __libc_start_main     Unknown  Unknown
pw.x               0000000000408229  Unknown               Unknown  Unknown
forrtl: error (78): process killed (SIGTERM)
Image              PC                Routine            Line        Source             
pw.x               00000000010225FA  Unknown               Unknown  Unknown
libpthread-2.17.s  00002B168C7575E0  Unknown               Unknown  Unknown
pw.x               00000000007AC884  h_psi__                   145  h_psi.f90
libiomp5.so        00002B168CD1AC53  __kmp_invoke_micr     Unknown  Unknown
libiomp5.so        00002B168CCEA7ED  __kmp_fork_call       Unknown  Unknown
libiomp5.so        00002B168CCC1E2A  __kmpc_fork_call      Unknown  Unknown
pw.x               00000000007AC025  h_psi__                   143  h_psi.f90
pw.x               00000000007ABD66  h_psi_                     71  h_psi.f90
pw.x               000000000086D8F3  pcegterg_                 905  cegterg.f90
pw.x               0000000000687E53  diag_bands_IP_dia        1028  c_bands.f90
pw.x               000000000068663C  diag_bands_               322  c_bands.f90
pw.x               0000000000685075  c_bands_                  132  c_bands.f90
pw.x               000000000040DEAE  electrons_scf_            689  electrons.f90
pw.x               000000000040B14D  electrons_                192  electrons.f90
pw.x               00000000005888D2  run_pwscf_                189  run_pwscf.f90
pw.x               00000000004084B4  MAIN__                     85  pwscf.f90
pw.x               000000000040831E  Unknown               Unknown  Unknown
libc-2.17.so       00002B168D02BC05  __libc_start_main     Unknown  Unknown
pw.x               0000000000408229  Unknown               Unknown  Unknown
forrtl: error (78): process killed (SIGTERM)
Image              PC                Routine            Line        Source             
pw.x               00000000010225FA  Unknown               Unknown  Unknown
libpthread-2.17.s  00002AEF2A66A5E0  Unknown               Unknown  Unknown
pw.x               00000000007AC884  h_psi__                   145  h_psi.f90
libiomp5.so        00002AEF2AC2DC53  __kmp_invoke_micr     Unknown  Unknown
libiomp5.so        00002AEF2ABFD7ED  __kmp_fork_call       Unknown  Unknown
libiomp5.so        00002AEF2ABD4E2A  __kmpc_fork_call      Unknown  Unknown
pw.x               00000000007AC025  h_psi__                   143  h_psi.f90
pw.x               00000000007ABD66  h_psi_                     71  h_psi.f90
pw.x               000000000086D8F3  pcegterg_                 905  cegterg.f90
pw.x               0000000000687E53  diag_bands_IP_dia        1028  c_bands.f90
pw.x               000000000068663C  diag_bands_               322  c_bands.f90
pw.x               0000000000685075  c_bands_                  132  c_bands.f90
pw.x               000000000040DEAE  electrons_scf_            689  electrons.f90
pw.x               000000000040B14D  electrons_                192  electrons.f90
pw.x               00000000005888D2  run_pwscf_                189  run_pwscf.f90
pw.x               00000000004084B4  MAIN__                     85  pwscf.f90
pw.x               000000000040831E  Unknown               Unknown  Unknown
libc-2.17.so       00002AEF2AF3EC05  __libc_start_main     Unknown  Unknown
pw.x               0000000000408229  Unknown               Unknown  Unknown
forrtl: error (78): process killed (SIGTERM)
Image              PC                Routine            Line        Source             
pw.x               00000000010225FA  Unknown               Unknown  Unknown
libpthread-2.17.s  00002AE3281C25E0  Unknown               Unknown  Unknown
pw.x               00000000007AC88B  h_psi__                   145  h_psi.f90
libiomp5.so        00002AE328785C53  __kmp_invoke_micr     Unknown  Unknown
libiomp5.so        00002AE3287557ED  __kmp_fork_call       Unknown  Unknown
libiomp5.so        00002AE32872CE2A  __kmpc_fork_call      Unknown  Unknown
pw.x               00000000007AC025  h_psi__                   143  h_psi.f90
pw.x               00000000007ABD66  h_psi_                     71  h_psi.f90
pw.x               000000000086D8F3  pcegterg_                 905  cegterg.f90
pw.x               0000000000687E53  diag_bands_IP_dia        1028  c_bands.f90
pw.x               000000000068663C  diag_bands_               322  c_bands.f90
pw.x               0000000000685075  c_bands_                  132  c_bands.f90
pw.x               000000000040DEAE  electrons_scf_            689  electrons.f90
pw.x               000000000040B14D  electrons_                192  electrons.f90
pw.x               00000000005888D2  run_pwscf_                189  run_pwscf.f90
pw.x               00000000004084B4  MAIN__                     85  pwscf.f90
pw.x               000000000040831E  Unknown               Unknown  Unknown
libc-2.17.so       00002AE328A96C05  __libc_start_main     Unknown  Unknown
pw.x               0000000000408229  Unknown               Unknown  Unknown
forrtl: error (78): process killed (SIGTERM)
Image              PC                Routine            Line        Source             
pw.x               00000000010225FA  Unknown               Unknown  Unknown
libpthread-2.17.s  00002B825D5705E0  Unknown               Unknown  Unknown
pw.x               00000000007AC884  h_psi__                   145  h_psi.f90
libiomp5.so        00002B825DB33C53  __kmp_invoke_micr     Unknown  Unknown
libiomp5.so        00002B825DB037ED  __kmp_fork_call       Unknown  Unknown
libiomp5.so        00002B825DADAE2A  __kmpc_fork_call      Unknown  Unknown
pw.x               00000000007AC025  h_psi__                   143  h_psi.f90
pw.x               00000000007ABD66  h_psi_                     71  h_psi.f90
pw.x               000000000086D8F3  pcegterg_                 905  cegterg.f90
pw.x               0000000000687E53  diag_bands_IP_dia        1028  c_bands.f90
pw.x               000000000068663C  diag_bands_               322  c_bands.f90
pw.x               0000000000685075  c_bands_                  132  c_bands.f90
pw.x               000000000040DEAE  electrons_scf_            689  electrons.f90
pw.x               000000000040B14D  electrons_                192  electrons.f90
pw.x               00000000005888D2  run_pwscf_                189  run_pwscf.f90
pw.x               00000000004084B4  MAIN__                     85  pwscf.f90
pw.x               000000000040831E  Unknown               Unknown  Unknown
libc-2.17.so       00002B825DE44C05  __libc_start_main     Unknown  Unknown
pw.x               0000000000408229  Unknown               Unknown  Unknown
forrtl: error (78): process killed (SIGTERM)
Image              PC                Routine            Line        Source             
pw.x               00000000010225FA  Unknown               Unknown  Unknown
libpthread-2.17.s  00002B3CC31875E0  Unknown               Unknown  Unknown
pw.x               000000000112A347  Unknown               Unknown  Unknown
pw.x               0000000000F5E7EE  threaded_memcpy_           29  thread_util.f90
libiomp5.so        00002B3CC374AC53  __kmp_invoke_micr     Unknown  Unknown
libiomp5.so        00002B3CC371A7ED  __kmp_fork_call       Unknown  Unknown
libiomp5.so        00002B3CC36F1E2A  __kmpc_fork_call      Unknown  Unknown
pw.x               0000000000F5E6AE  threaded_memcpy_           27  thread_util.f90
pw.x               000000000086D8CD  pcegterg_                 901  cegterg.f90
pw.x               0000000000687E53  diag_bands_IP_dia        1028  c_bands.f90
pw.x               000000000068663C  diag_bands_               322  c_bands.f90
pw.x               0000000000685075  c_bands_                  132  c_bands.f90
pw.x               000000000040DEAE  electrons_scf_            689  electrons.f90
pw.x               000000000040B14D  electrons_                192  electrons.f90
pw.x               00000000005888D2  run_pwscf_                189  run_pwscf.f90
pw.x               00000000004084B4  MAIN__                     85  pwscf.f90
pw.x               000000000040831E  Unknown               Unknown  Unknown
libc-2.17.so       00002B3CC3A5BC05  __libc_start_main     Unknown  Unknown
pw.x               0000000000408229  Unknown               Unknown  Unknown
forrtl: error (78): process killed (SIGTERM)
Image              PC                Routine            Line        Source             
pw.x               00000000010225FA  Unknown               Unknown  Unknown
libpthread-2.17.s  00002B5FC42935E0  Unknown               Unknown  Unknown
pw.x               00000000007AC884  h_psi__                   145  h_psi.f90
libiomp5.so        00002B5FC4856C53  __kmp_invoke_micr     Unknown  Unknown
libiomp5.so        00002B5FC48267ED  __kmp_fork_call       Unknown  Unknown
libiomp5.so        00002B5FC47FDE2A  __kmpc_fork_call      Unknown  Unknown
pw.x               00000000007AC025  h_psi__                   143  h_psi.f90
pw.x               00000000007ABD66  h_psi_                     71  h_psi.f90
pw.x               000000000086D8F3  pcegterg_                 905  cegterg.f90
pw.x               0000000000687E53  diag_bands_IP_dia        1028  c_bands.f90
pw.x               000000000068663C  diag_bands_               322  c_bands.f90
pw.x               0000000000685075  c_bands_                  132  c_bands.f90
pw.x               000000000040DEAE  electrons_scf_            689  electrons.f90
pw.x               000000000040B14D  electrons_                192  electrons.f90
pw.x               00000000005888D2  run_pwscf_                189  run_pwscf.f90
pw.x               00000000004084B4  MAIN__                     85  pwscf.f90
pw.x               000000000040831E  Unknown               Unknown  Unknown
libc-2.17.so       00002B5FC4B67C05  __libc_start_main     Unknown  Unknown
pw.x               0000000000408229  Unknown               Unknown  Unknown
forrtl: error (78): process killed (SIGTERM)
Image              PC                Routine            Line        Source             
pw.x               00000000010225FA  Unknown               Unknown  Unknown
libpthread-2.17.s  00002AD5C5AA95E0  Unknown               Unknown  Unknown
pw.x               00000000007AC884  h_psi__                   145  h_psi.f90
libiomp5.so        00002AD5C606CC53  __kmp_invoke_micr     Unknown  Unknown
libiomp5.so        00002AD5C603C7ED  __kmp_fork_call       Unknown  Unknown
libiomp5.so        00002AD5C6013E2A  __kmpc_fork_call      Unknown  Unknown
pw.x               00000000007AC025  h_psi__                   143  h_psi.f90
pw.x               00000000007ABD66  h_psi_                     71  h_psi.f90
pw.x               000000000086D8F3  pcegterg_                 905  cegterg.f90
pw.x               0000000000687E53  diag_bands_IP_dia        1028  c_bands.f90
pw.x               000000000068663C  diag_bands_               322  c_bands.f90
pw.x               0000000000685075  c_bands_                  132  c_bands.f90
pw.x               000000000040DEAE  electrons_scf_            689  electrons.f90
pw.x               000000000040B14D  electrons_                192  electrons.f90
pw.x               00000000005888D2  run_pwscf_                189  run_pwscf.f90
pw.x               00000000004084B4  MAIN__                     85  pwscf.f90
pw.x               000000000040831E  Unknown               Unknown  Unknown
libc-2.17.so       00002AD5C637DC05  __libc_start_main     Unknown  Unknown
pw.x               0000000000408229  Unknown               Unknown  Unknown
forrtl: error (78): process killed (SIGTERM)
Image              PC                Routine            Line        Source             
pw.x               00000000010225FA  Unknown               Unknown  Unknown
libpthread-2.17.s  00002B56DA5AD5E0  Unknown               Unknown  Unknown
pw.x               00000000007AC899  h_psi__                   145  h_psi.f90
libiomp5.so        00002B56DAB70C53  __kmp_invoke_micr     Unknown  Unknown
libiomp5.so        00002B56DAB407ED  __kmp_fork_call       Unknown  Unknown
libiomp5.so        00002B56DAB17E2A  __kmpc_fork_call      Unknown  Unknown
pw.x               00000000007AC025  h_psi__                   143  h_psi.f90
pw.x               00000000007ABD66  h_psi_                     71  h_psi.f90
pw.x               000000000086D8F3  pcegterg_                 905  cegterg.f90
pw.x               0000000000687E53  diag_bands_IP_dia        1028  c_bands.f90
pw.x               000000000068663C  diag_bands_               322  c_bands.f90
pw.x               0000000000685075  c_bands_                  132  c_bands.f90
pw.x               000000000040DEAE  electrons_scf_            689  electrons.f90
pw.x               000000000040B14D  electrons_                192  electrons.f90
pw.x               00000000005888D2  run_pwscf_                189  run_pwscf.f90
pw.x               00000000004084B4  MAIN__                     85  pwscf.f90
pw.x               000000000040831E  Unknown               Unknown  Unknown
libc-2.17.so       00002B56DAE81C05  __libc_start_main     Unknown  Unknown
pw.x               0000000000408229  Unknown               Unknown  Unknown
forrtl: error (78): process killed (SIGTERM)
Image              PC                Routine            Line        Source             
pw.x               00000000010225FA  Unknown               Unknown  Unknown
libpthread-2.17.s  00002B3A353CC5E0  Unknown               Unknown  Unknown
pw.x               00000000007AC884  h_psi__                   145  h_psi.f90
libiomp5.so        00002B3A3598FC53  __kmp_invoke_micr     Unknown  Unknown
libiomp5.so        00002B3A3595F7ED  __kmp_fork_call       Unknown  Unknown
libiomp5.so        00002B3A35936E2A  __kmpc_fork_call      Unknown  Unknown
pw.x               00000000007AC025  h_psi__                   143  h_psi.f90
pw.x               00000000007ABD66  h_psi_                     71  h_psi.f90
pw.x               000000000086D8F3  pcegterg_                 905  cegterg.f90
pw.x               0000000000687E53  diag_bands_IP_dia        1028  c_bands.f90
pw.x               000000000068663C  diag_bands_               322  c_bands.f90
pw.x               0000000000685075  c_bands_                  132  c_bands.f90
pw.x               000000000040DEAE  electrons_scf_            689  electrons.f90
pw.x               000000000040B14D  electrons_                192  electrons.f90
pw.x               00000000005888D2  run_pwscf_                189  run_pwscf.f90
pw.x               00000000004084B4  MAIN__                     85  pwscf.f90
pw.x               000000000040831E  Unknown               Unknown  Unknown
libc-2.17.so       00002B3A35CA0C05  __libc_start_main     Unknown  Unknown
pw.x               0000000000408229  Unknown               Unknown  Unknown
forrtl: error (78): process killed (SIGTERM)
Image              PC                Routine            Line        Source             
pw.x               00000000010225FA  Unknown               Unknown  Unknown
libpthread-2.17.s  00002B8D16F395E0  Unknown               Unknown  Unknown
pw.x               00000000007AC88B  h_psi__                   145  h_psi.f90
libiomp5.so        00002B8D174FCC53  __kmp_invoke_micr     Unknown  Unknown
libiomp5.so        00002B8D174CC7ED  __kmp_fork_call       Unknown  Unknown
libiomp5.so        00002B8D174A3E2A  __kmpc_fork_call      Unknown  Unknown
pw.x               00000000007AC025  h_psi__                   143  h_psi.f90
pw.x               00000000007ABD66  h_psi_                     71  h_psi.f90
pw.x               000000000086D8F3  pcegterg_                 905  cegterg.f90
pw.x               0000000000687E53  diag_bands_IP_dia        1028  c_bands.f90
pw.x               000000000068663C  diag_bands_               322  c_bands.f90
pw.x               0000000000685075  c_bands_                  132  c_bands.f90
pw.x               000000000040DEAE  electrons_scf_            689  electrons.f90
pw.x               000000000040B14D  electrons_                192  electrons.f90
pw.x               00000000005888D2  run_pwscf_                189  run_pwscf.f90
pw.x               00000000004084B4  MAIN__                     85  pwscf.f90
pw.x               000000000040831E  Unknown               Unknown  Unknown
libc-2.17.so       00002B8D1780DC05  __libc_start_main     Unknown  Unknown
pw.x               0000000000408229  Unknown               Unknown  Unknown
forrtl: error (78): process killed (SIGTERM)
Image              PC                Routine            Line        Source             
pw.x               00000000010225FA  Unknown               Unknown  Unknown
libpthread-2.17.s  00002AE74028F5E0  Unknown               Unknown  Unknown
pw.x               00000000007AC899  h_psi__                   145  h_psi.f90
libiomp5.so        00002AE740852C53  __kmp_invoke_micr     Unknown  Unknown
libiomp5.so        00002AE7408227ED  __kmp_fork_call       Unknown  Unknown
libiomp5.so        00002AE7407F9E2A  __kmpc_fork_call      Unknown  Unknown
pw.x               00000000007AC025  h_psi__                   143  h_psi.f90
pw.x               00000000007ABD66  h_psi_                     71  h_psi.f90
pw.x               000000000086D8F3  pcegterg_                 905  cegterg.f90
pw.x               0000000000687E53  diag_bands_IP_dia        1028  c_bands.f90
pw.x               000000000068663C  diag_bands_               322  c_bands.f90
pw.x               0000000000685075  c_bands_                  132  c_bands.f90
pw.x               000000000040DEAE  electrons_scf_            689  electrons.f90
pw.x               000000000040B14D  electrons_                192  electrons.f90
pw.x               00000000005888D2  run_pwscf_                189  run_pwscf.f90
pw.x               00000000004084B4  MAIN__                     85  pwscf.f90
pw.x               000000000040831E  Unknown               Unknown  Unknown
libc-2.17.so       00002AE740B63C05  __libc_start_main     Unknown  Unknown
pw.x               0000000000408229  Unknown               Unknown  Unknown
forrtl: error (78): process killed (SIGTERM)
Image              PC                Routine            Line        Source             
pw.x               00000000010225FA  Unknown               Unknown  Unknown
libpthread-2.17.s  00002AB3675415E0  Unknown               Unknown  Unknown
pw.x               00000000007AC899  h_psi__                   145  h_psi.f90
libiomp5.so        00002AB367B04C53  __kmp_invoke_micr     Unknown  Unknown
libiomp5.so        00002AB367AD47ED  __kmp_fork_call       Unknown  Unknown
libiomp5.so        00002AB367AABE2A  __kmpc_fork_call      Unknown  Unknown
pw.x               00000000007AC025  h_psi__                   143  h_psi.f90
pw.x               00000000007ABD66  h_psi_                     71  h_psi.f90
pw.x               000000000086D8F3  pcegterg_                 905  cegterg.f90
pw.x               0000000000687E53  diag_bands_IP_dia        1028  c_bands.f90
pw.x               000000000068663C  diag_bands_               322  c_bands.f90
pw.x               0000000000685075  c_bands_                  132  c_bands.f90
pw.x               000000000040DEAE  electrons_scf_            689  electrons.f90
pw.x               000000000040B14D  electrons_                192  electrons.f90
pw.x               00000000005888D2  run_pwscf_                189  run_pwscf.f90
pw.x               00000000004084B4  MAIN__                     85  pwscf.f90
pw.x               000000000040831E  Unknown               Unknown  Unknown
libc-2.17.so       00002AB367E15C05  __libc_start_main     Unknown  Unknown
pw.x               0000000000408229  Unknown               Unknown  Unknown
forrtl: error (78): process killed (SIGTERM)
Image              PC                Routine            Line        Source             
pw.x               00000000010225FA  Unknown               Unknown  Unknown
libpthread-2.17.s  00002AEBF9A025E0  Unknown               Unknown  Unknown
pw.x               00000000007AC89E  h_psi__                   145  h_psi.f90
libiomp5.so        00002AEBF9FC5C53  __kmp_invoke_micr     Unknown  Unknown
libiomp5.so        00002AEBF9F957ED  __kmp_fork_call       Unknown  Unknown
libiomp5.so        00002AEBF9F6CE2A  __kmpc_fork_call      Unknown  Unknown
pw.x               00000000007AC025  h_psi__                   143  h_psi.f90
pw.x               00000000007ABD66  h_psi_                     71  h_psi.f90
pw.x               000000000086D8F3  pcegterg_                 905  cegterg.f90
pw.x               0000000000687E53  diag_bands_IP_dia        1028  c_bands.f90
pw.x               000000000068663C  diag_bands_               322  c_bands.f90
pw.x               0000000000685075  c_bands_                  132  c_bands.f90
pw.x               000000000040DEAE  electrons_scf_            689  electrons.f90
pw.x               000000000040B14D  electrons_                192  electrons.f90
pw.x               00000000005888D2  run_pwscf_                189  run_pwscf.f90
pw.x               00000000004084B4  MAIN__                     85  pwscf.f90
pw.x               000000000040831E  Unknown               Unknown  Unknown
libc-2.17.so       00002AEBFA2D6C05  __libc_start_main     Unknown  Unknown
pw.x               0000000000408229  Unknown               Unknown  Unknown
forrtl: error (78): process killed (SIGTERM)
Image              PC                Routine            Line        Source             
pw.x               00000000010225FA  Unknown               Unknown  Unknown
libpthread-2.17.s  00002B03494BF5E0  Unknown               Unknown  Unknown
pw.x               00000000007AC89E  h_psi__                   145  h_psi.f90
libiomp5.so        00002B0349A82C53  __kmp_invoke_micr     Unknown  Unknown
libiomp5.so        00002B0349A527ED  __kmp_fork_call       Unknown  Unknown
libiomp5.so        00002B0349A29E2A  __kmpc_fork_call      Unknown  Unknown
pw.x               00000000007AC025  h_psi__                   143  h_psi.f90
pw.x               00000000007ABD66  h_psi_                     71  h_psi.f90
pw.x               000000000086D8F3  pcegterg_                 905  cegterg.f90
pw.x               0000000000687E53  diag_bands_IP_dia        1028  c_bands.f90
pw.x               000000000068663C  diag_bands_               322  c_bands.f90
pw.x               0000000000685075  c_bands_                  132  c_bands.f90
pw.x               000000000040DEAE  electrons_scf_            689  electrons.f90
pw.x               000000000040B14D  electrons_                192  electrons.f90
pw.x               00000000005888D2  run_pwscf_                189  run_pwscf.f90
pw.x               00000000004084B4  MAIN__                     85  pwscf.f90
pw.x               000000000040831E  Unknown               Unknown  Unknown
libc-2.17.so       00002B0349D93C05  __libc_start_main     Unknown  Unknown
pw.x               0000000000408229  Unknown               Unknown  Unknown
forrtl: error (78): process killed (SIGTERM)
Image              PC                Routine            Line        Source             
pw.x               00000000010225FA  Unknown               Unknown  Unknown
libpthread-2.17.s  00002AD5494ED5E0  Unknown               Unknown  Unknown
pw.x               00000000007AC88B  h_psi__                   145  h_psi.f90
libiomp5.so        00002AD549AB0C53  __kmp_invoke_micr     Unknown  Unknown
libiomp5.so        00002AD549A807ED  __kmp_fork_call       Unknown  Unknown
libiomp5.so        00002AD549A57E2A  __kmpc_fork_call      Unknown  Unknown
pw.x               00000000007AC025  h_psi__                   143  h_psi.f90
pw.x               00000000007ABD66  h_psi_                     71  h_psi.f90
pw.x               000000000086D8F3  pcegterg_                 905  cegterg.f90
pw.x               0000000000687E53  diag_bands_IP_dia        1028  c_bands.f90
pw.x               000000000068663C  diag_bands_               322  c_bands.f90
pw.x               0000000000685075  c_bands_                  132  c_bands.f90
pw.x               000000000040DEAE  electrons_scf_            689  electrons.f90
pw.x               000000000040B14D  electrons_                192  electrons.f90
pw.x               00000000005888D2  run_pwscf_                189  run_pwscf.f90
pw.x               00000000004084B4  MAIN__                     85  pwscf.f90
pw.x               000000000040831E  Unknown               Unknown  Unknown
libc-2.17.so       00002AD549DC1C05  __libc_start_main     Unknown  Unknown
pw.x               0000000000408229  Unknown               Unknown  Unknown
forrtl: error (78): process killed (SIGTERM)
Image              PC                Routine            Line        Source             
pw.x               00000000010225FA  Unknown               Unknown  Unknown
libpthread-2.17.s  00002B5F4567B5E0  Unknown               Unknown  Unknown
pw.x               00000000007AC856  h_psi__                   145  h_psi.f90
libiomp5.so        00002B5F45C3EC53  __kmp_invoke_micr     Unknown  Unknown
libiomp5.so        00002B5F45C0E7ED  __kmp_fork_call       Unknown  Unknown
libiomp5.so        00002B5F45BE5E2A  __kmpc_fork_call      Unknown  Unknown
pw.x               00000000007AC025  h_psi__                   143  h_psi.f90
pw.x               00000000007ABD66  h_psi_                     71  h_psi.f90
pw.x               000000000086D8F3  pcegterg_                 905  cegterg.f90
pw.x               0000000000687E53  diag_bands_IP_dia        1028  c_bands.f90
pw.x               000000000068663C  diag_bands_               322  c_bands.f90
pw.x               0000000000685075  c_bands_                  132  c_bands.f90
pw.x               000000000040DEAE  electrons_scf_            689  electrons.f90
pw.x               000000000040B14D  electrons_                192  electrons.f90
pw.x               00000000005888D2  run_pwscf_                189  run_pwscf.f90
pw.x               00000000004084B4  MAIN__                     85  pwscf.f90
pw.x               000000000040831E  Unknown               Unknown  Unknown
libc-2.17.so       00002B5F45F4FC05  __libc_start_main     Unknown  Unknown
pw.x               0000000000408229  Unknown               Unknown  Unknown
forrtl: error (78): process killed (SIGTERM)
Image              PC                Routine            Line        Source             
pw.x               00000000010225FA  Unknown               Unknown  Unknown
libpthread-2.17.s  00002B9E143905E0  Unknown               Unknown  Unknown
pw.x               00000000007AC892  h_psi__                   145  h_psi.f90
libiomp5.so        00002B9E14953C53  __kmp_invoke_micr     Unknown  Unknown
libiomp5.so        00002B9E149237ED  __kmp_fork_call       Unknown  Unknown
libiomp5.so        00002B9E148FAE2A  __kmpc_fork_call      Unknown  Unknown
pw.x               00000000007AC025  h_psi__                   143  h_psi.f90
pw.x               00000000007ABD66  h_psi_                     71  h_psi.f90
pw.x               000000000086D8F3  pcegterg_                 905  cegterg.f90
pw.x               0000000000687E53  diag_bands_IP_dia        1028  c_bands.f90
pw.x               000000000068663C  diag_bands_               322  c_bands.f90
pw.x               0000000000685075  c_bands_                  132  c_bands.f90
pw.x               000000000040DEAE  electrons_scf_            689  electrons.f90
pw.x               000000000040B14D  electrons_                192  electrons.f90
pw.x               00000000005888D2  run_pwscf_                189  run_pwscf.f90
pw.x               00000000004084B4  MAIN__                     85  pwscf.f90
pw.x               000000000040831E  Unknown               Unknown  Unknown
libc-2.17.so       00002B9E14C64C05  __libc_start_main     Unknown  Unknown
pw.x               0000000000408229  Unknown               Unknown  Unknown
forrtl: error (78): process killed (SIGTERM)
Image              PC                Routine            Line        Source             
pw.x               00000000010225FA  Unknown               Unknown  Unknown
libpthread-2.17.s  00002B53106D95E0  Unknown               Unknown  Unknown
pw.x               00000000007AC8A4  h_psi__                   145  h_psi.f90
libiomp5.so        00002B5310C9CC53  __kmp_invoke_micr     Unknown  Unknown
libiomp5.so        00002B5310C6C7ED  __kmp_fork_call       Unknown  Unknown
libiomp5.so        00002B5310C43E2A  __kmpc_fork_call      Unknown  Unknown
pw.x               00000000007AC025  h_psi__                   143  h_psi.f90
pw.x               00000000007ABD66  h_psi_                     71  h_psi.f90
pw.x               000000000086D8F3  pcegterg_                 905  cegterg.f90
pw.x               0000000000687E53  diag_bands_IP_dia        1028  c_bands.f90
pw.x               000000000068663C  diag_bands_               322  c_bands.f90
pw.x               0000000000685075  c_bands_                  132  c_bands.f90
pw.x               000000000040DEAE  electrons_scf_            689  electrons.f90
pw.x               000000000040B14D  electrons_                192  electrons.f90
pw.x               00000000005888D2  run_pwscf_                189  run_pwscf.f90
pw.x               00000000004084B4  MAIN__                     85  pwscf.f90
pw.x               000000000040831E  Unknown               Unknown  Unknown
libc-2.17.so       00002B5310FADC05  __libc_start_main     Unknown  Unknown
pw.x               0000000000408229  Unknown               Unknown  Unknown
forrtl: error (78): process killed (SIGTERM)
Image              PC                Routine            Line        Source             
pw.x               00000000010225FA  Unknown               Unknown  Unknown
libpthread-2.17.s  00002B580C67F5E0  Unknown               Unknown  Unknown
pw.x               00000000007AC899  h_psi__                   145  h_psi.f90
libiomp5.so        00002B580CC42C53  __kmp_invoke_micr     Unknown  Unknown
libiomp5.so        00002B580CC127ED  __kmp_fork_call       Unknown  Unknown
libiomp5.so        00002B580CBE9E2A  __kmpc_fork_call      Unknown  Unknown
pw.x               00000000007AC025  h_psi__                   143  h_psi.f90
pw.x               00000000007ABD66  h_psi_                     71  h_psi.f90
pw.x               000000000086D8F3  pcegterg_                 905  cegterg.f90
pw.x               0000000000687E53  diag_bands_IP_dia        1028  c_bands.f90
pw.x               000000000068663C  diag_bands_               322  c_bands.f90
pw.x               0000000000685075  c_bands_                  132  c_bands.f90
pw.x               000000000040DEAE  electrons_scf_            689  electrons.f90
pw.x               000000000040B14D  electrons_                192  electrons.f90
pw.x               00000000005888D2  run_pwscf_                189  run_pwscf.f90
pw.x               00000000004084B4  MAIN__                     85  pwscf.f90
pw.x               000000000040831E  Unknown               Unknown  Unknown
libc-2.17.so       00002B580CF53C05  __libc_start_main     Unknown  Unknown
pw.x               0000000000408229  Unknown               Unknown  Unknown
forrtl: error (78): process killed (SIGTERM)
Image              PC                Routine            Line        Source             
pw.x               00000000010225FA  Unknown               Unknown  Unknown
libpthread-2.17.s  00002AD608CBA5E0  Unknown               Unknown  Unknown
pw.x               00000000007AC884  h_psi__                   145  h_psi.f90
libiomp5.so        00002AD60927DC53  __kmp_invoke_micr     Unknown  Unknown
libiomp5.so        00002AD60924D7ED  __kmp_fork_call       Unknown  Unknown
libiomp5.so        00002AD609224E2A  __kmpc_fork_call      Unknown  Unknown
pw.x               00000000007AC025  h_psi__                   143  h_psi.f90
pw.x               00000000007ABD66  h_psi_                     71  h_psi.f90
pw.x               000000000086D8F3  pcegterg_                 905  cegterg.f90
pw.x               0000000000687E53  diag_bands_IP_dia        1028  c_bands.f90
pw.x               000000000068663C  diag_bands_               322  c_bands.f90
pw.x               0000000000685075  c_bands_                  132  c_bands.f90
pw.x               000000000040DEAE  electrons_scf_            689  electrons.f90
pw.x               000000000040B14D  electrons_                192  electrons.f90
pw.x               00000000005888D2  run_pwscf_                189  run_pwscf.f90
pw.x               00000000004084B4  MAIN__                     85  pwscf.f90
pw.x               000000000040831E  Unknown               Unknown  Unknown
libc-2.17.so       00002AD60958EC05  __libc_start_main     Unknown  Unknown
pw.x               0000000000408229  Unknown               Unknown  Unknown
forrtl: error (78): process killed (SIGTERM)
Image              PC                Routine            Line        Source             
pw.x               00000000010225FA  Unknown               Unknown  Unknown
libpthread-2.17.s  00002ABCF27885E0  Unknown               Unknown  Unknown
pw.x               00000000007AC86A  h_psi__                   145  h_psi.f90
libiomp5.so        00002ABCF2D4BC53  __kmp_invoke_micr     Unknown  Unknown
libiomp5.so        00002ABCF2D1B7ED  __kmp_fork_call       Unknown  Unknown
libiomp5.so        00002ABCF2CF2E2A  __kmpc_fork_call      Unknown  Unknown
pw.x               00000000007AC025  h_psi__                   143  h_psi.f90
pw.x               00000000007ABD66  h_psi_                     71  h_psi.f90
pw.x               000000000086D8F3  pcegterg_                 905  cegterg.f90
pw.x               0000000000687E53  diag_bands_IP_dia        1028  c_bands.f90
pw.x               000000000068663C  diag_bands_               322  c_bands.f90
pw.x               0000000000685075  c_bands_                  132  c_bands.f90
pw.x               000000000040DEAE  electrons_scf_            689  electrons.f90
pw.x               000000000040B14D  electrons_                192  electrons.f90
pw.x               00000000005888D2  run_pwscf_                189  run_pwscf.f90
pw.x               00000000004084B4  MAIN__                     85  pwscf.f90
pw.x               000000000040831E  Unknown               Unknown  Unknown
libc-2.17.so       00002ABCF305CC05  __libc_start_main     Unknown  Unknown
pw.x               0000000000408229  Unknown               Unknown  Unknown
forrtl: error (78): process killed (SIGTERM)
Image              PC                Routine            Line        Source             
pw.x               00000000010225FA  Unknown               Unknown  Unknown
libpthread-2.17.s  00002B11334E75E0  Unknown               Unknown  Unknown
pw.x               00000000007AC884  h_psi__                   145  h_psi.f90
libiomp5.so        00002B1133AAAC53  __kmp_invoke_micr     Unknown  Unknown
libiomp5.so        00002B1133A7A7ED  __kmp_fork_call       Unknown  Unknown
libiomp5.so        00002B1133A51E2A  __kmpc_fork_call      Unknown  Unknown
pw.x               00000000007AC025  h_psi__                   143  h_psi.f90
pw.x               00000000007ABD66  h_psi_                     71  h_psi.f90
pw.x               000000000086D8F3  pcegterg_                 905  cegterg.f90
pw.x               0000000000687E53  diag_bands_IP_dia        1028  c_bands.f90
pw.x               000000000068663C  diag_bands_               322  c_bands.f90
pw.x               0000000000685075  c_bands_                  132  c_bands.f90
pw.x               000000000040DEAE  electrons_scf_            689  electrons.f90
pw.x               000000000040B14D  electrons_                192  electrons.f90
pw.x               00000000005888D2  run_pwscf_                189  run_pwscf.f90
pw.x               00000000004084B4  MAIN__                     85  pwscf.f90
pw.x               000000000040831E  Unknown               Unknown  Unknown
libc-2.17.so       00002B1133DBBC05  __libc_start_main     Unknown  Unknown
pw.x               0000000000408229  Unknown               Unknown  Unknown
forrtl: error (78): process killed (SIGTERM)
Image              PC                Routine            Line        Source             
pw.x               00000000010225FA  Unknown               Unknown  Unknown
libpthread-2.17.s  00002B6D1F44D5E0  Unknown               Unknown  Unknown
pw.x               0000000001022490  Unknown               Unknown  Unknown
libpthread-2.17.s  00002B6D1F44D5E0  Unknown               Unknown  Unknown
pw.x               00000000007AC884  h_psi__                   145  h_psi.f90
libiomp5.so        00002B6D1FA10C53  __kmp_invoke_micr     Unknown  Unknown
libiomp5.so        00002B6D1F9E07ED  __kmp_fork_call       Unknown  Unknown
libiomp5.so        00002B6D1F9B7E2A  __kmpc_fork_call      Unknown  Unknown
pw.x               00000000007AC025  h_psi__                   143  h_psi.f90
pw.x               00000000007ABD66  h_psi_                     71  h_psi.f90
pw.x               000000000086D8F3  pcegterg_                 905  cegterg.f90
pw.x               0000000000687E53  diag_bands_IP_dia        1028  c_bands.f90
pw.x               000000000068663C  diag_bands_               322  c_bands.f90
pw.x               0000000000685075  c_bands_                  132  c_bands.f90
pw.x               000000000040DEAE  electrons_scf_            689  electrons.f90
pw.x               000000000040B14D  electrons_                192  electrons.f90
pw.x               00000000005888D2  run_pwscf_                189  run_pwscf.f90
pw.x               00000000004084B4  MAIN__                     85  pwscf.f90
pw.x               000000000040831E  Unknown               Unknown  Unknown
libc-2.17.so       00002B6D1FD21C05  __libc_start_main     Unknown  Unknown
pw.x               0000000000408229  Unknown               Unknown  Unknown
