forrtl: error (78): process killed (SIGTERM)
Image              PC                Routine            Line        Source             
pw.x               00000000010225FA  Unknown               Unknown  Unknown
libpthread-2.17.s  00002B9A6F0965E0  Unknown               Unknown  Unknown
libmpi.so.12       00002B9A6E0A0EBF  PMPIDI_CH3I_Progr     Unknown  Unknown
libmpi.so.12.0     00002B9A6E244243  Unknown               Unknown  Unknown
libmpi.so.12.0     00002B9A6E053F46  Unknown               Unknown  Unknown
libmpi.so.12       00002B9A6E0560BF  MPI_Alltoall          Unknown  Unknown
libmpifort.so.12.  00002B9A6DC0142E  mpi_alltoall__        Unknown  Unknown
pw.x               0000000000E3E3E6  fft_scatter_2d_mp         123  fft_scatter_2d.f90
pw.x               0000000000E55397  fft_parallel_2d_m         172  fft_parallel_2d.f90
pw.x               0000000000E40685  invfft_y_                  91  fft_fwinv.f90
pw.x               0000000000A30430  fft_wave_mp_wave_         152  fft_wave.f90
pw.x               00000000005CA992  sum_band_IP_sum_b         709  sum_band.f90
pw.x               00000000005C7176  sum_band_                 182  sum_band.f90
pw.x               000000000040DF4F  electrons_scf_            727  electrons.f90
pw.x               000000000040B14D  electrons_                192  electrons.f90
pw.x               00000000005888D2  run_pwscf_                189  run_pwscf.f90
pw.x               00000000004084B4  MAIN__                     85  pwscf.f90
pw.x               000000000040831E  Unknown               Unknown  Unknown
libc-2.17.so       00002B9A6F96AC05  __libc_start_main     Unknown  Unknown
pw.x               0000000000408229  Unknown               Unknown  Unknown
forrtl: error (78): process killed (SIGTERM)
Image              PC                Routine            Line        Source             
pw.x               00000000010225FA  Unknown               Unknown  Unknown
libpthread-2.17.s  00002AD72ABF45E0  Unknown               Unknown  Unknown
pw.x               0000000000E72514  fft_helper_subrou         499  fft_helper_subroutines.f90
pw.x               0000000000A304E0  fft_wave_mp_wave_         142  fft_wave.f90
pw.x               00000000005CA992  sum_band_IP_sum_b         709  sum_band.f90
pw.x               00000000005C7176  sum_band_                 182  sum_band.f90
pw.x               000000000040DF4F  electrons_scf_            727  electrons.f90
pw.x               000000000040B14D  electrons_                192  electrons.f90
pw.x               00000000005888D2  run_pwscf_                189  run_pwscf.f90
pw.x               00000000004084B4  MAIN__                     85  pwscf.f90
pw.x               000000000040831E  Unknown               Unknown  Unknown
libc-2.17.so       00002AD72B4C8C05  __libc_start_main     Unknown  Unknown
pw.x               0000000000408229  Unknown               Unknown  Unknown
forrtl: error (78): process killed (SIGTERM)
Image              PC                Routine            Line        Source             
pw.x               00000000010225FA  Unknown               Unknown  Unknown
libpthread-2.17.s  00002B06A0F075E0  Unknown               Unknown  Unknown
libmpi.so.12       00002B069FF11F5E  PMPIDI_CH3I_Progr     Unknown  Unknown
libmpi.so.12.0     00002B06A00B5243  Unknown               Unknown  Unknown
libmpi.so.12.0     00002B069FEC4F46  Unknown               Unknown  Unknown
libmpi.so.12       00002B069FEC70BF  MPI_Alltoall          Unknown  Unknown
libmpifort.so.12.  00002B069FA7242E  mpi_alltoall__        Unknown  Unknown
pw.x               0000000000E3E3E6  fft_scatter_2d_mp         123  fft_scatter_2d.f90
pw.x               0000000000E55397  fft_parallel_2d_m         172  fft_parallel_2d.f90
pw.x               0000000000E40685  invfft_y_                  91  fft_fwinv.f90
pw.x               0000000000A30430  fft_wave_mp_wave_         152  fft_wave.f90
pw.x               00000000005CA992  sum_band_IP_sum_b         709  sum_band.f90
pw.x               00000000005C7176  sum_band_                 182  sum_band.f90
pw.x               000000000040DF4F  electrons_scf_            727  electrons.f90
pw.x               000000000040B14D  electrons_                192  electrons.f90
pw.x               00000000005888D2  run_pwscf_                189  run_pwscf.f90
pw.x               00000000004084B4  MAIN__                     85  pwscf.f90
pw.x               000000000040831E  Unknown               Unknown  Unknown
libc-2.17.so       00002B06A17DBC05  __libc_start_main     Unknown  Unknown
pw.x               0000000000408229  Unknown               Unknown  Unknown
forrtl: error (78): process killed (SIGTERM)
Image              PC                Routine            Line        Source             
pw.x               00000000010225FA  Unknown               Unknown  Unknown
libpthread-2.17.s  00002B42874445E0  Unknown               Unknown  Unknown
libmpi.so.12       00002B428644EEB8  PMPIDI_CH3I_Progr     Unknown  Unknown
libmpi.so.12.0     00002B42865F2243  Unknown               Unknown  Unknown
libmpi.so.12.0     00002B4286401F46  Unknown               Unknown  Unknown
libmpi.so.12       00002B42864040BF  MPI_Alltoall          Unknown  Unknown
libmpifort.so.12.  00002B4285FAF42E  mpi_alltoall__        Unknown  Unknown
pw.x               0000000000E3E3E6  fft_scatter_2d_mp         123  fft_scatter_2d.f90
pw.x               0000000000E55397  fft_parallel_2d_m         172  fft_parallel_2d.f90
pw.x               0000000000E40685  invfft_y_                  91  fft_fwinv.f90
pw.x               0000000000A30430  fft_wave_mp_wave_         152  fft_wave.f90
pw.x               00000000005CA992  sum_band_IP_sum_b         709  sum_band.f90
pw.x               00000000005C7176  sum_band_                 182  sum_band.f90
pw.x               000000000040DF4F  electrons_scf_            727  electrons.f90
pw.x               000000000040B14D  electrons_                192  electrons.f90
pw.x               00000000005888D2  run_pwscf_                189  run_pwscf.f90
pw.x               00000000004084B4  MAIN__                     85  pwscf.f90
pw.x               000000000040831E  Unknown               Unknown  Unknown
libc-2.17.so       00002B4287D18C05  __libc_start_main     Unknown  Unknown
pw.x               0000000000408229  Unknown               Unknown  Unknown
forrtl: error (78): process killed (SIGTERM)
Image              PC                Routine            Line        Source             
pw.x               00000000010225FA  Unknown               Unknown  Unknown
libpthread-2.17.s  00002B97E08705E0  Unknown               Unknown  Unknown
libmpi.so.12       00002B97DF87AEB8  PMPIDI_CH3I_Progr     Unknown  Unknown
libmpi.so.12.0     00002B97DFA1E243  Unknown               Unknown  Unknown
libmpi.so.12.0     00002B97DF82DF46  Unknown               Unknown  Unknown
libmpi.so.12       00002B97DF8300BF  MPI_Alltoall          Unknown  Unknown
libmpifort.so.12.  00002B97DF3DB42E  mpi_alltoall__        Unknown  Unknown
pw.x               0000000000E3E3E6  fft_scatter_2d_mp         123  fft_scatter_2d.f90
pw.x               0000000000E55397  fft_parallel_2d_m         172  fft_parallel_2d.f90
pw.x               0000000000E40685  invfft_y_                  91  fft_fwinv.f90
pw.x               0000000000A30430  fft_wave_mp_wave_         152  fft_wave.f90
pw.x               00000000005CA992  sum_band_IP_sum_b         709  sum_band.f90
pw.x               00000000005C7176  sum_band_                 182  sum_band.f90
pw.x               000000000040DF4F  electrons_scf_            727  electrons.f90
pw.x               000000000040B14D  electrons_                192  electrons.f90
pw.x               00000000005888D2  run_pwscf_                189  run_pwscf.f90
pw.x               00000000004084B4  MAIN__                     85  pwscf.f90
pw.x               000000000040831E  Unknown               Unknown  Unknown
libc-2.17.so       00002B97E1144C05  __libc_start_main     Unknown  Unknown
pw.x               0000000000408229  Unknown               Unknown  Unknown
forrtl: error (78): process killed (SIGTERM)
Image              PC                Routine            Line        Source             
pw.x               00000000010225FA  Unknown               Unknown  Unknown
libpthread-2.17.s  00002BA59A2B55E0  Unknown               Unknown  Unknown
libmpi.so.12       00002BA5992BFEB8  PMPIDI_CH3I_Progr     Unknown  Unknown
libmpi.so.12.0     00002BA599463243  Unknown               Unknown  Unknown
libmpi.so.12.0     00002BA599272F46  Unknown               Unknown  Unknown
libmpi.so.12       00002BA5992750BF  MPI_Alltoall          Unknown  Unknown
libmpifort.so.12.  00002BA598E2042E  mpi_alltoall__        Unknown  Unknown
pw.x               0000000000E3E3E6  fft_scatter_2d_mp         123  fft_scatter_2d.f90
pw.x               0000000000E55397  fft_parallel_2d_m         172  fft_parallel_2d.f90
pw.x               0000000000E40685  invfft_y_                  91  fft_fwinv.f90
pw.x               0000000000A30430  fft_wave_mp_wave_         152  fft_wave.f90
pw.x               00000000005CA992  sum_band_IP_sum_b         709  sum_band.f90
pw.x               00000000005C7176  sum_band_                 182  sum_band.f90
pw.x               000000000040DF4F  electrons_scf_            727  electrons.f90
pw.x               000000000040B14D  electrons_                192  electrons.f90
pw.x               00000000005888D2  run_pwscf_                189  run_pwscf.f90
pw.x               00000000004084B4  MAIN__                     85  pwscf.f90
pw.x               000000000040831E  Unknown               Unknown  Unknown
libc-2.17.so       00002BA59AB89C05  __libc_start_main     Unknown  Unknown
pw.x               0000000000408229  Unknown               Unknown  Unknown
forrtl: error (78): process killed (SIGTERM)
Image              PC                Routine            Line        Source             
pw.x               00000000010225FA  Unknown               Unknown  Unknown
libpthread-2.17.s  00002B99834BE5E0  Unknown               Unknown  Unknown
libmpi.so.12       00002B99824C9BA8  PMPIDI_CH3I_Progr     Unknown  Unknown
libmpi.so.12.0     00002B998266C243  Unknown               Unknown  Unknown
libmpi.so.12.0     00002B998247BF46  Unknown               Unknown  Unknown
libmpi.so.12       00002B998247E0BF  MPI_Alltoall          Unknown  Unknown
libmpifort.so.12.  00002B998202942E  mpi_alltoall__        Unknown  Unknown
pw.x               0000000000E3E3E6  fft_scatter_2d_mp         123  fft_scatter_2d.f90
pw.x               0000000000E55397  fft_parallel_2d_m         172  fft_parallel_2d.f90
pw.x               0000000000E40685  invfft_y_                  91  fft_fwinv.f90
pw.x               0000000000A30430  fft_wave_mp_wave_         152  fft_wave.f90
pw.x               00000000005CA992  sum_band_IP_sum_b         709  sum_band.f90
pw.x               00000000005C7176  sum_band_                 182  sum_band.f90
pw.x               000000000040DF4F  electrons_scf_            727  electrons.f90
pw.x               000000000040B14D  electrons_                192  electrons.f90
pw.x               00000000005888D2  run_pwscf_                189  run_pwscf.f90
pw.x               00000000004084B4  MAIN__                     85  pwscf.f90
pw.x               000000000040831E  Unknown               Unknown  Unknown
libc-2.17.so       00002B9983D92C05  __libc_start_main     Unknown  Unknown
pw.x               0000000000408229  Unknown               Unknown  Unknown
forrtl: error (78): process killed (SIGTERM)
Image              PC                Routine            Line        Source             
pw.x               00000000010225FA  Unknown               Unknown  Unknown
libpthread-2.17.s  00002B06D28625E0  Unknown               Unknown  Unknown
libmpi.so.12       00002B06D186D281  PMPIDI_CH3I_Progr     Unknown  Unknown
libmpi.so.12.0     00002B06D1A10243  Unknown               Unknown  Unknown
libmpi.so.12.0     00002B06D181FF46  Unknown               Unknown  Unknown
libmpi.so.12       00002B06D18220BF  MPI_Alltoall          Unknown  Unknown
libmpifort.so.12.  00002B06D13CD42E  mpi_alltoall__        Unknown  Unknown
pw.x               0000000000E3E3E6  fft_scatter_2d_mp         123  fft_scatter_2d.f90
pw.x               0000000000E55397  fft_parallel_2d_m         172  fft_parallel_2d.f90
pw.x               0000000000E40685  invfft_y_                  91  fft_fwinv.f90
pw.x               0000000000A30430  fft_wave_mp_wave_         152  fft_wave.f90
pw.x               00000000005CA992  sum_band_IP_sum_b         709  sum_band.f90
pw.x               00000000005C7176  sum_band_                 182  sum_band.f90
pw.x               000000000040DF4F  electrons_scf_            727  electrons.f90
pw.x               000000000040B14D  electrons_                192  electrons.f90
pw.x               00000000005888D2  run_pwscf_                189  run_pwscf.f90
pw.x               00000000004084B4  MAIN__                     85  pwscf.f90
pw.x               000000000040831E  Unknown               Unknown  Unknown
libc-2.17.so       00002B06D3136C05  __libc_start_main     Unknown  Unknown
pw.x               0000000000408229  Unknown               Unknown  Unknown
forrtl: error (78): process killed (SIGTERM)
Image              PC                Routine            Line        Source             
pw.x               00000000010225FA  Unknown               Unknown  Unknown
libpthread-2.17.s  00002B815CC625E0  Unknown               Unknown  Unknown
libmpi.so.12       00002B815BC6CEB8  PMPIDI_CH3I_Progr     Unknown  Unknown
libmpi.so.12.0     00002B815BE10243  Unknown               Unknown  Unknown
libmpi.so.12.0     00002B815BC1FF46  Unknown               Unknown  Unknown
libmpi.so.12       00002B815BC220BF  MPI_Alltoall          Unknown  Unknown
libmpifort.so.12.  00002B815B7CD42E  mpi_alltoall__        Unknown  Unknown
pw.x               0000000000E3E3E6  fft_scatter_2d_mp         123  fft_scatter_2d.f90
pw.x               0000000000E55397  fft_parallel_2d_m         172  fft_parallel_2d.f90
pw.x               0000000000E40685  invfft_y_                  91  fft_fwinv.f90
pw.x               0000000000A30430  fft_wave_mp_wave_         152  fft_wave.f90
pw.x               00000000005CA992  sum_band_IP_sum_b         709  sum_band.f90
pw.x               00000000005C7176  sum_band_                 182  sum_band.f90
pw.x               000000000040DF4F  electrons_scf_            727  electrons.f90
pw.x               000000000040B14D  electrons_                192  electrons.f90
pw.x               00000000005888D2  run_pwscf_                189  run_pwscf.f90
pw.x               00000000004084B4  MAIN__                     85  pwscf.f90
pw.x               000000000040831E  Unknown               Unknown  Unknown
libc-2.17.so       00002B815D536C05  __libc_start_main     Unknown  Unknown
pw.x               0000000000408229  Unknown               Unknown  Unknown
forrtl: error (78): process killed (SIGTERM)
Image              PC                Routine            Line        Source             
pw.x               00000000010225FA  Unknown               Unknown  Unknown
libpthread-2.17.s  00002B51EAB7D5E0  Unknown               Unknown  Unknown
libmpi.so.12       00002B51E9B87EB8  PMPIDI_CH3I_Progr     Unknown  Unknown
libmpi.so.12.0     00002B51E9D2B243  Unknown               Unknown  Unknown
libmpi.so.12.0     00002B51E9B3AF46  Unknown               Unknown  Unknown
libmpi.so.12       00002B51E9B3D0BF  MPI_Alltoall          Unknown  Unknown
libmpifort.so.12.  00002B51E96E842E  mpi_alltoall__        Unknown  Unknown
pw.x               0000000000E3E3E6  fft_scatter_2d_mp         123  fft_scatter_2d.f90
pw.x               0000000000E55397  fft_parallel_2d_m         172  fft_parallel_2d.f90
pw.x               0000000000E40685  invfft_y_                  91  fft_fwinv.f90
pw.x               0000000000A30430  fft_wave_mp_wave_         152  fft_wave.f90
pw.x               00000000005CA992  sum_band_IP_sum_b         709  sum_band.f90
pw.x               00000000005C7176  sum_band_                 182  sum_band.f90
pw.x               000000000040DF4F  electrons_scf_            727  electrons.f90
pw.x               000000000040B14D  electrons_                192  electrons.f90
pw.x               00000000005888D2  run_pwscf_                189  run_pwscf.f90
pw.x               00000000004084B4  MAIN__                     85  pwscf.f90
pw.x               000000000040831E  Unknown               Unknown  Unknown
libc-2.17.so       00002B51EB451C05  __libc_start_main     Unknown  Unknown
pw.x               0000000000408229  Unknown               Unknown  Unknown
forrtl: error (78): process killed (SIGTERM)
Image              PC                Routine            Line        Source             
pw.x               00000000010225FA  Unknown               Unknown  Unknown
libpthread-2.17.s  00002AD72DD5E5E0  Unknown               Unknown  Unknown
libmpi.so.12       00002AD72CD68EB8  PMPIDI_CH3I_Progr     Unknown  Unknown
libmpi.so.12.0     00002AD72CF0C243  Unknown               Unknown  Unknown
libmpi.so.12.0     00002AD72CD1BF46  Unknown               Unknown  Unknown
libmpi.so.12       00002AD72CD1E0BF  MPI_Alltoall          Unknown  Unknown
libmpifort.so.12.  00002AD72C8C942E  mpi_alltoall__        Unknown  Unknown
pw.x               0000000000E3E3E6  fft_scatter_2d_mp         123  fft_scatter_2d.f90
pw.x               0000000000E55397  fft_parallel_2d_m         172  fft_parallel_2d.f90
pw.x               0000000000E40685  invfft_y_                  91  fft_fwinv.f90
pw.x               0000000000A30430  fft_wave_mp_wave_         152  fft_wave.f90
pw.x               00000000005CA992  sum_band_IP_sum_b         709  sum_band.f90
pw.x               00000000005C7176  sum_band_                 182  sum_band.f90
pw.x               000000000040DF4F  electrons_scf_            727  electrons.f90
pw.x               000000000040B14D  electrons_                192  electrons.f90
pw.x               00000000005888D2  run_pwscf_                189  run_pwscf.f90
pw.x               00000000004084B4  MAIN__                     85  pwscf.f90
pw.x               000000000040831E  Unknown               Unknown  Unknown
libc-2.17.so       00002AD72E632C05  __libc_start_main     Unknown  Unknown
pw.x               0000000000408229  Unknown               Unknown  Unknown
forrtl: error (78): process killed (SIGTERM)
Image              PC                Routine            Line        Source             
pw.x               00000000010225FA  Unknown               Unknown  Unknown
libpthread-2.17.s  00002AF3A5BC55E0  Unknown               Unknown  Unknown
libmpi.so.12       00002AF3A4BCFEF6  PMPIDI_CH3I_Progr     Unknown  Unknown
libmpi.so.12.0     00002AF3A4D73243  Unknown               Unknown  Unknown
libmpi.so.12.0     00002AF3A4B82F46  Unknown               Unknown  Unknown
libmpi.so.12       00002AF3A4B850BF  MPI_Alltoall          Unknown  Unknown
libmpifort.so.12.  00002AF3A473042E  mpi_alltoall__        Unknown  Unknown
pw.x               0000000000E3E3E6  fft_scatter_2d_mp         123  fft_scatter_2d.f90
pw.x               0000000000E55397  fft_parallel_2d_m         172  fft_parallel_2d.f90
pw.x               0000000000E40685  invfft_y_                  91  fft_fwinv.f90
pw.x               0000000000A30430  fft_wave_mp_wave_         152  fft_wave.f90
pw.x               00000000005CA992  sum_band_IP_sum_b         709  sum_band.f90
pw.x               00000000005C7176  sum_band_                 182  sum_band.f90
pw.x               000000000040DF4F  electrons_scf_            727  electrons.f90
pw.x               000000000040B14D  electrons_                192  electrons.f90
pw.x               00000000005888D2  run_pwscf_                189  run_pwscf.f90
pw.x               00000000004084B4  MAIN__                     85  pwscf.f90
pw.x               000000000040831E  Unknown               Unknown  Unknown
libc-2.17.so       00002AF3A6499C05  __libc_start_main     Unknown  Unknown
pw.x               0000000000408229  Unknown               Unknown  Unknown
forrtl: error (78): process killed (SIGTERM)
Image              PC                Routine            Line        Source             
pw.x               00000000010225FA  Unknown               Unknown  Unknown
libpthread-2.17.s  00002B12C007D5E0  Unknown               Unknown  Unknown
libmpi.so.12       00002B12BF087F72  PMPIDI_CH3I_Progr     Unknown  Unknown
libmpi.so.12.0     00002B12BF22B243  Unknown               Unknown  Unknown
libmpi.so.12.0     00002B12BF03AF46  Unknown               Unknown  Unknown
libmpi.so.12       00002B12BF03D0BF  MPI_Alltoall          Unknown  Unknown
libmpifort.so.12.  00002B12BEBE842E  mpi_alltoall__        Unknown  Unknown
pw.x               0000000000E3E3E6  fft_scatter_2d_mp         123  fft_scatter_2d.f90
pw.x               0000000000E55397  fft_parallel_2d_m         172  fft_parallel_2d.f90
pw.x               0000000000E40685  invfft_y_                  91  fft_fwinv.f90
pw.x               0000000000A30430  fft_wave_mp_wave_         152  fft_wave.f90
pw.x               00000000005CA992  sum_band_IP_sum_b         709  sum_band.f90
pw.x               00000000005C7176  sum_band_                 182  sum_band.f90
pw.x               000000000040DF4F  electrons_scf_            727  electrons.f90
pw.x               000000000040B14D  electrons_                192  electrons.f90
pw.x               00000000005888D2  run_pwscf_                189  run_pwscf.f90
pw.x               00000000004084B4  MAIN__                     85  pwscf.f90
pw.x               000000000040831E  Unknown               Unknown  Unknown
libc-2.17.so       00002B12C0951C05  __libc_start_main     Unknown  Unknown
pw.x               0000000000408229  Unknown               Unknown  Unknown
forrtl: error (78): process killed (SIGTERM)
Image              PC                Routine            Line        Source             
pw.x               00000000010225FA  Unknown               Unknown  Unknown
libpthread-2.17.s  00002AF00B89F5E0  Unknown               Unknown  Unknown
libmpi.so.12       00002AF00A8A9EB8  PMPIDI_CH3I_Progr     Unknown  Unknown
libmpi.so.12.0     00002AF00AA4D243  Unknown               Unknown  Unknown
libmpi.so.12.0     00002AF00A85CF46  Unknown               Unknown  Unknown
libmpi.so.12       00002AF00A85F0BF  MPI_Alltoall          Unknown  Unknown
libmpifort.so.12.  00002AF00A40A42E  mpi_alltoall__        Unknown  Unknown
pw.x               0000000000E3E3E6  fft_scatter_2d_mp         123  fft_scatter_2d.f90
pw.x               0000000000E55397  fft_parallel_2d_m         172  fft_parallel_2d.f90
pw.x               0000000000E40685  invfft_y_                  91  fft_fwinv.f90
pw.x               0000000000A30430  fft_wave_mp_wave_         152  fft_wave.f90
pw.x               00000000005CA992  sum_band_IP_sum_b         709  sum_band.f90
pw.x               00000000005C7176  sum_band_                 182  sum_band.f90
pw.x               000000000040DF4F  electrons_scf_            727  electrons.f90
pw.x               000000000040B14D  electrons_                192  electrons.f90
pw.x               00000000005888D2  run_pwscf_                189  run_pwscf.f90
pw.x               00000000004084B4  MAIN__                     85  pwscf.f90
pw.x               000000000040831E  Unknown               Unknown  Unknown
libc-2.17.so       00002AF00C173C05  __libc_start_main     Unknown  Unknown
pw.x               0000000000408229  Unknown               Unknown  Unknown
forrtl: error (78): process killed (SIGTERM)
Image              PC                Routine            Line        Source             
pw.x               00000000010225FA  Unknown               Unknown  Unknown
libpthread-2.17.s  00002B0171ACB5E0  Unknown               Unknown  Unknown
libmpi.so.12       00002B0170AD915B  PMPIDI_CH3I_Progr     Unknown  Unknown
libmpi.so.12.0     00002B0170C79243  Unknown               Unknown  Unknown
libmpi.so.12.0     00002B0170A88F46  Unknown               Unknown  Unknown
libmpi.so.12       00002B0170A8B0BF  MPI_Alltoall          Unknown  Unknown
libmpifort.so.12.  00002B017063642E  mpi_alltoall__        Unknown  Unknown
pw.x               0000000000E3E3E6  fft_scatter_2d_mp         123  fft_scatter_2d.f90
pw.x               0000000000E55397  fft_parallel_2d_m         172  fft_parallel_2d.f90
pw.x               0000000000E40685  invfft_y_                  91  fft_fwinv.f90
pw.x               0000000000A30430  fft_wave_mp_wave_         152  fft_wave.f90
pw.x               00000000005CA992  sum_band_IP_sum_b         709  sum_band.f90
pw.x               00000000005C7176  sum_band_                 182  sum_band.f90
pw.x               000000000040DF4F  electrons_scf_            727  electrons.f90
pw.x               000000000040B14D  electrons_                192  electrons.f90
pw.x               00000000005888D2  run_pwscf_                189  run_pwscf.f90
pw.x               00000000004084B4  MAIN__                     85  pwscf.f90
pw.x               000000000040831E  Unknown               Unknown  Unknown
libc-2.17.so       00002B017239FC05  __libc_start_main     Unknown  Unknown
pw.x               0000000000408229  Unknown               Unknown  Unknown
forrtl: error (78): process killed (SIGTERM)
Image              PC                Routine            Line        Source             
pw.x               00000000010225FA  Unknown               Unknown  Unknown
libpthread-2.17.s  00002B979FDE65E0  Unknown               Unknown  Unknown
libmpi.so.12       00002B979EDF0EB8  PMPIDI_CH3I_Progr     Unknown  Unknown
libmpi.so.12.0     00002B979EF94243  Unknown               Unknown  Unknown
libmpi.so.12.0     00002B979EDA3F46  Unknown               Unknown  Unknown
libmpi.so.12       00002B979EDA60BF  MPI_Alltoall          Unknown  Unknown
libmpifort.so.12.  00002B979E95142E  mpi_alltoall__        Unknown  Unknown
pw.x               0000000000E3E3E6  fft_scatter_2d_mp         123  fft_scatter_2d.f90
pw.x               0000000000E55397  fft_parallel_2d_m         172  fft_parallel_2d.f90
pw.x               0000000000E40685  invfft_y_                  91  fft_fwinv.f90
pw.x               0000000000A30430  fft_wave_mp_wave_         152  fft_wave.f90
pw.x               00000000005CA992  sum_band_IP_sum_b         709  sum_band.f90
pw.x               00000000005C7176  sum_band_                 182  sum_band.f90
pw.x               000000000040DF4F  electrons_scf_            727  electrons.f90
pw.x               000000000040B14D  electrons_                192  electrons.f90
pw.x               00000000005888D2  run_pwscf_                189  run_pwscf.f90
pw.x               00000000004084B4  MAIN__                     85  pwscf.f90
pw.x               000000000040831E  Unknown               Unknown  Unknown
libc-2.17.so       00002B97A06BAC05  __libc_start_main     Unknown  Unknown
pw.x               0000000000408229  Unknown               Unknown  Unknown
forrtl: error (78): process killed (SIGTERM)
Image              PC                Routine            Line        Source             
pw.x               00000000010225FA  Unknown               Unknown  Unknown
libpthread-2.17.s  00002ACDB21BE5E0  Unknown               Unknown  Unknown
libmpi.so.12       00002ACDB11C8EB8  PMPIDI_CH3I_Progr     Unknown  Unknown
libmpi.so.12.0     00002ACDB136C243  Unknown               Unknown  Unknown
libmpi.so.12.0     00002ACDB117BF46  Unknown               Unknown  Unknown
libmpi.so.12       00002ACDB117E0BF  MPI_Alltoall          Unknown  Unknown
libmpifort.so.12.  00002ACDB0D2942E  mpi_alltoall__        Unknown  Unknown
pw.x               0000000000E3E3E6  fft_scatter_2d_mp         123  fft_scatter_2d.f90
pw.x               0000000000E55397  fft_parallel_2d_m         172  fft_parallel_2d.f90
pw.x               0000000000E40685  invfft_y_                  91  fft_fwinv.f90
pw.x               0000000000A30430  fft_wave_mp_wave_         152  fft_wave.f90
pw.x               00000000005CA992  sum_band_IP_sum_b         709  sum_band.f90
pw.x               00000000005C7176  sum_band_                 182  sum_band.f90
pw.x               000000000040DF4F  electrons_scf_            727  electrons.f90
pw.x               000000000040B14D  electrons_                192  electrons.f90
pw.x               00000000005888D2  run_pwscf_                189  run_pwscf.f90
pw.x               00000000004084B4  MAIN__                     85  pwscf.f90
pw.x               000000000040831E  Unknown               Unknown  Unknown
libc-2.17.so       00002ACDB2A92C05  __libc_start_main     Unknown  Unknown
pw.x               0000000000408229  Unknown               Unknown  Unknown
forrtl: error (78): process killed (SIGTERM)
Image              PC                Routine            Line        Source             
pw.x               00000000010225FA  Unknown               Unknown  Unknown
libpthread-2.17.s  00002AAE9CEF25E0  Unknown               Unknown  Unknown
libmpi.so.12       00002AAE9BEFCEBF  PMPIDI_CH3I_Progr     Unknown  Unknown
libmpi.so.12.0     00002AAE9C0A0243  Unknown               Unknown  Unknown
libmpi.so.12.0     00002AAE9BEAFF46  Unknown               Unknown  Unknown
libmpi.so.12       00002AAE9BEB20BF  MPI_Alltoall          Unknown  Unknown
libmpifort.so.12.  00002AAE9BA5D42E  mpi_alltoall__        Unknown  Unknown
pw.x               0000000000E3E3E6  fft_scatter_2d_mp         123  fft_scatter_2d.f90
pw.x               0000000000E55397  fft_parallel_2d_m         172  fft_parallel_2d.f90
pw.x               0000000000E40685  invfft_y_                  91  fft_fwinv.f90
pw.x               0000000000A30430  fft_wave_mp_wave_         152  fft_wave.f90
pw.x               00000000005CA992  sum_band_IP_sum_b         709  sum_band.f90
pw.x               00000000005C7176  sum_band_                 182  sum_band.f90
pw.x               000000000040DF4F  electrons_scf_            727  electrons.f90
pw.x               000000000040B14D  electrons_                192  electrons.f90
pw.x               00000000005888D2  run_pwscf_                189  run_pwscf.f90
pw.x               00000000004084B4  MAIN__                     85  pwscf.f90
pw.x               000000000040831E  Unknown               Unknown  Unknown
libc-2.17.so       00002AAE9D7C6C05  __libc_start_main     Unknown  Unknown
pw.x               0000000000408229  Unknown               Unknown  Unknown
forrtl: error (78): process killed (SIGTERM)
Image              PC                Routine            Line        Source             
pw.x               00000000010225FA  Unknown               Unknown  Unknown
libpthread-2.17.s  00002B774617E5E0  Unknown               Unknown  Unknown
libmpi.so.12       00002B7745188EBF  PMPIDI_CH3I_Progr     Unknown  Unknown
libmpi.so.12.0     00002B774532C243  Unknown               Unknown  Unknown
libmpi.so.12.0     00002B774513BF46  Unknown               Unknown  Unknown
libmpi.so.12       00002B774513E0BF  MPI_Alltoall          Unknown  Unknown
libmpifort.so.12.  00002B7744CE942E  mpi_alltoall__        Unknown  Unknown
pw.x               0000000000E3E3E6  fft_scatter_2d_mp         123  fft_scatter_2d.f90
pw.x               0000000000E55397  fft_parallel_2d_m         172  fft_parallel_2d.f90
pw.x               0000000000E40685  invfft_y_                  91  fft_fwinv.f90
pw.x               0000000000A30430  fft_wave_mp_wave_         152  fft_wave.f90
pw.x               00000000005CA992  sum_band_IP_sum_b         709  sum_band.f90
pw.x               00000000005C7176  sum_band_                 182  sum_band.f90
pw.x               000000000040DF4F  electrons_scf_            727  electrons.f90
pw.x               000000000040B14D  electrons_                192  electrons.f90
pw.x               00000000005888D2  run_pwscf_                189  run_pwscf.f90
pw.x               00000000004084B4  MAIN__                     85  pwscf.f90
pw.x               000000000040831E  Unknown               Unknown  Unknown
libc-2.17.so       00002B7746A52C05  __libc_start_main     Unknown  Unknown
pw.x               0000000000408229  Unknown               Unknown  Unknown
forrtl: error (78): process killed (SIGTERM)
Image              PC                Routine            Line        Source             
pw.x               00000000010225FA  Unknown               Unknown  Unknown
libpthread-2.17.s  00002BA20970E5E0  Unknown               Unknown  Unknown
libmpi.so.12       00002BA208719B78  PMPIDI_CH3I_Progr     Unknown  Unknown
libmpi.so.12.0     00002BA2088BC243  Unknown               Unknown  Unknown
libmpi.so.12.0     00002BA2086CBF46  Unknown               Unknown  Unknown
libmpi.so.12       00002BA2086CE0BF  MPI_Alltoall          Unknown  Unknown
libmpifort.so.12.  00002BA20827942E  mpi_alltoall__        Unknown  Unknown
pw.x               0000000000E3E3E6  fft_scatter_2d_mp         123  fft_scatter_2d.f90
pw.x               0000000000E55397  fft_parallel_2d_m         172  fft_parallel_2d.f90
pw.x               0000000000E40685  invfft_y_                  91  fft_fwinv.f90
pw.x               0000000000A30430  fft_wave_mp_wave_         152  fft_wave.f90
pw.x               00000000005CA992  sum_band_IP_sum_b         709  sum_band.f90
pw.x               00000000005C7176  sum_band_                 182  sum_band.f90
pw.x               000000000040DF4F  electrons_scf_            727  electrons.f90
pw.x               000000000040B14D  electrons_                192  electrons.f90
pw.x               00000000005888D2  run_pwscf_                189  run_pwscf.f90
pw.x               00000000004084B4  MAIN__                     85  pwscf.f90
pw.x               000000000040831E  Unknown               Unknown  Unknown
libc-2.17.so       00002BA209FE2C05  __libc_start_main     Unknown  Unknown
pw.x               0000000000408229  Unknown               Unknown  Unknown
forrtl: error (78): process killed (SIGTERM)
Image              PC                Routine            Line        Source             
pw.x               00000000010225FA  Unknown               Unknown  Unknown
libpthread-2.17.s  00002BA0136EE5E0  Unknown               Unknown  Unknown
libmpi.so.12       00002BA0126F8EB8  PMPIDI_CH3I_Progr     Unknown  Unknown
libmpi.so.12.0     00002BA01289C243  Unknown               Unknown  Unknown
libmpi.so.12.0     00002BA0126ABF46  Unknown               Unknown  Unknown
libmpi.so.12       00002BA0126AE0BF  MPI_Alltoall          Unknown  Unknown
libmpifort.so.12.  00002BA01225942E  mpi_alltoall__        Unknown  Unknown
pw.x               0000000000E3E3E6  fft_scatter_2d_mp         123  fft_scatter_2d.f90
pw.x               0000000000E55397  fft_parallel_2d_m         172  fft_parallel_2d.f90
pw.x               0000000000E40685  invfft_y_                  91  fft_fwinv.f90
pw.x               0000000000A30430  fft_wave_mp_wave_         152  fft_wave.f90
pw.x               00000000005CA992  sum_band_IP_sum_b         709  sum_band.f90
pw.x               00000000005C7176  sum_band_                 182  sum_band.f90
pw.x               000000000040DF4F  electrons_scf_            727  electrons.f90
pw.x               000000000040B14D  electrons_                192  electrons.f90
pw.x               00000000005888D2  run_pwscf_                189  run_pwscf.f90
pw.x               00000000004084B4  MAIN__                     85  pwscf.f90
pw.x               000000000040831E  Unknown               Unknown  Unknown
libc-2.17.so       00002BA013FC2C05  __libc_start_main     Unknown  Unknown
pw.x               0000000000408229  Unknown               Unknown  Unknown
forrtl: error (78): process killed (SIGTERM)
Image              PC                Routine            Line        Source             
pw.x               00000000010225FA  Unknown               Unknown  Unknown
libpthread-2.17.s  00002B7EBD5005E0  Unknown               Unknown  Unknown
libmpi.so.12       00002B7EBC50AEB8  PMPIDI_CH3I_Progr     Unknown  Unknown
libmpi.so.12.0     00002B7EBC6AE243  Unknown               Unknown  Unknown
libmpi.so.12.0     00002B7EBC4BDF46  Unknown               Unknown  Unknown
libmpi.so.12       00002B7EBC4C00BF  MPI_Alltoall          Unknown  Unknown
libmpifort.so.12.  00002B7EBC06B42E  mpi_alltoall__        Unknown  Unknown
pw.x               0000000000E3E3E6  fft_scatter_2d_mp         123  fft_scatter_2d.f90
pw.x               0000000000E55397  fft_parallel_2d_m         172  fft_parallel_2d.f90
pw.x               0000000000E40685  invfft_y_                  91  fft_fwinv.f90
pw.x               0000000000A30430  fft_wave_mp_wave_         152  fft_wave.f90
pw.x               00000000005CA992  sum_band_IP_sum_b         709  sum_band.f90
pw.x               00000000005C7176  sum_band_                 182  sum_band.f90
pw.x               000000000040DF4F  electrons_scf_            727  electrons.f90
pw.x               000000000040B14D  electrons_                192  electrons.f90
pw.x               00000000005888D2  run_pwscf_                189  run_pwscf.f90
pw.x               00000000004084B4  MAIN__                     85  pwscf.f90
pw.x               000000000040831E  Unknown               Unknown  Unknown
libc-2.17.so       00002B7EBDDD4C05  __libc_start_main     Unknown  Unknown
pw.x               0000000000408229  Unknown               Unknown  Unknown
forrtl: error (78): process killed (SIGTERM)
Image              PC                Routine            Line        Source             
pw.x               00000000010225FA  Unknown               Unknown  Unknown
libpthread-2.17.s  00002AE9E5AB85E0  Unknown               Unknown  Unknown
libmpi.so.12       00002AE9E4AC2F5E  PMPIDI_CH3I_Progr     Unknown  Unknown
libmpi.so.12.0     00002AE9E4C66243  Unknown               Unknown  Unknown
libmpi.so.12.0     00002AE9E4A75F46  Unknown               Unknown  Unknown
libmpi.so.12       00002AE9E4A780BF  MPI_Alltoall          Unknown  Unknown
libmpifort.so.12.  00002AE9E462342E  mpi_alltoall__        Unknown  Unknown
pw.x               0000000000E3E3E6  fft_scatter_2d_mp         123  fft_scatter_2d.f90
pw.x               0000000000E55397  fft_parallel_2d_m         172  fft_parallel_2d.f90
pw.x               0000000000E40685  invfft_y_                  91  fft_fwinv.f90
pw.x               0000000000A30430  fft_wave_mp_wave_         152  fft_wave.f90
pw.x               00000000005CA992  sum_band_IP_sum_b         709  sum_band.f90
pw.x               00000000005C7176  sum_band_                 182  sum_band.f90
pw.x               000000000040DF4F  electrons_scf_            727  electrons.f90
pw.x               000000000040B14D  electrons_                192  electrons.f90
pw.x               00000000005888D2  run_pwscf_                189  run_pwscf.f90
pw.x               00000000004084B4  MAIN__                     85  pwscf.f90
pw.x               000000000040831E  Unknown               Unknown  Unknown
libc-2.17.so       00002AE9E638CC05  __libc_start_main     Unknown  Unknown
pw.x               0000000000408229  Unknown               Unknown  Unknown
forrtl: error (78): process killed (SIGTERM)
Image              PC                Routine            Line        Source             
pw.x               00000000010225FA  Unknown               Unknown  Unknown
libpthread-2.17.s  00002B8823ED55E0  Unknown               Unknown  Unknown
libmpi.so.12       00002B8822EDFEB8  PMPIDI_CH3I_Progr     Unknown  Unknown
libmpi.so.12.0     00002B8823083243  Unknown               Unknown  Unknown
libmpi.so.12.0     00002B8822E92F46  Unknown               Unknown  Unknown
libmpi.so.12       00002B8822E950BF  MPI_Alltoall          Unknown  Unknown
libmpifort.so.12.  00002B8822A4042E  mpi_alltoall__        Unknown  Unknown
pw.x               0000000000E3E3E6  fft_scatter_2d_mp         123  fft_scatter_2d.f90
pw.x               0000000000E55397  fft_parallel_2d_m         172  fft_parallel_2d.f90
pw.x               0000000000E40685  invfft_y_                  91  fft_fwinv.f90
pw.x               0000000000A30430  fft_wave_mp_wave_         152  fft_wave.f90
pw.x               00000000005CA992  sum_band_IP_sum_b         709  sum_band.f90
pw.x               00000000005C7176  sum_band_                 182  sum_band.f90
pw.x               000000000040DF4F  electrons_scf_            727  electrons.f90
pw.x               000000000040B14D  electrons_                192  electrons.f90
pw.x               00000000005888D2  run_pwscf_                189  run_pwscf.f90
pw.x               00000000004084B4  MAIN__                     85  pwscf.f90
pw.x               000000000040831E  Unknown               Unknown  Unknown
libc-2.17.so       00002B88247A9C05  __libc_start_main     Unknown  Unknown
pw.x               0000000000408229  Unknown               Unknown  Unknown
forrtl: error (78): process killed (SIGTERM)
Image              PC                Routine            Line        Source             
pw.x               00000000010225FA  Unknown               Unknown  Unknown
libpthread-2.17.s  00002B9777EB75E0  Unknown               Unknown  Unknown
libmpi.so.12       00002B9776EC1EB8  PMPIDI_CH3I_Progr     Unknown  Unknown
libmpi.so.12.0     00002B9777065243  Unknown               Unknown  Unknown
libmpi.so.12.0     00002B9776E74F46  Unknown               Unknown  Unknown
libmpi.so.12       00002B9776E770BF  MPI_Alltoall          Unknown  Unknown
libmpifort.so.12.  00002B9776A2242E  mpi_alltoall__        Unknown  Unknown
pw.x               0000000000E3E3E6  fft_scatter_2d_mp         123  fft_scatter_2d.f90
pw.x               0000000000E55397  fft_parallel_2d_m         172  fft_parallel_2d.f90
pw.x               0000000000E40685  invfft_y_                  91  fft_fwinv.f90
pw.x               0000000000A30430  fft_wave_mp_wave_         152  fft_wave.f90
pw.x               00000000005CA992  sum_band_IP_sum_b         709  sum_band.f90
pw.x               00000000005C7176  sum_band_                 182  sum_band.f90
pw.x               000000000040DF4F  electrons_scf_            727  electrons.f90
pw.x               000000000040B14D  electrons_                192  electrons.f90
pw.x               00000000005888D2  run_pwscf_                189  run_pwscf.f90
pw.x               00000000004084B4  MAIN__                     85  pwscf.f90
pw.x               000000000040831E  Unknown               Unknown  Unknown
libc-2.17.so       00002B977878BC05  __libc_start_main     Unknown  Unknown
pw.x               0000000000408229  Unknown               Unknown  Unknown
forrtl: error (78): process killed (SIGTERM)
Image              PC                Routine            Line        Source             
pw.x               00000000010225FA  Unknown               Unknown  Unknown
libpthread-2.17.s  00002AE04A5095E0  Unknown               Unknown  Unknown
libmpi.so.12       00002AE049514B78  PMPIDI_CH3I_Progr     Unknown  Unknown
libmpi.so.12.0     00002AE0496B7243  Unknown               Unknown  Unknown
libmpi.so.12.0     00002AE0494C6F46  Unknown               Unknown  Unknown
libmpi.so.12       00002AE0494C90BF  MPI_Alltoall          Unknown  Unknown
libmpifort.so.12.  00002AE04907442E  mpi_alltoall__        Unknown  Unknown
pw.x               0000000000E3E3E6  fft_scatter_2d_mp         123  fft_scatter_2d.f90
pw.x               0000000000E55397  fft_parallel_2d_m         172  fft_parallel_2d.f90
pw.x               0000000000E40685  invfft_y_                  91  fft_fwinv.f90
pw.x               0000000000A30430  fft_wave_mp_wave_         152  fft_wave.f90
pw.x               00000000005CA992  sum_band_IP_sum_b         709  sum_band.f90
pw.x               00000000005C7176  sum_band_                 182  sum_band.f90
pw.x               000000000040DF4F  electrons_scf_            727  electrons.f90
pw.x               000000000040B14D  electrons_                192  electrons.f90
pw.x               00000000005888D2  run_pwscf_                189  run_pwscf.f90
pw.x               00000000004084B4  MAIN__                     85  pwscf.f90
pw.x               000000000040831E  Unknown               Unknown  Unknown
libc-2.17.so       00002AE04ADDDC05  __libc_start_main     Unknown  Unknown
pw.x               0000000000408229  Unknown               Unknown  Unknown
forrtl: error (78): process killed (SIGTERM)
Image              PC                Routine            Line        Source             
pw.x               00000000010225FA  Unknown               Unknown  Unknown
libpthread-2.17.s  00002B572662B5E0  Unknown               Unknown  Unknown
libmpi.so.12       00002B5725635EB8  PMPIDI_CH3I_Progr     Unknown  Unknown
libmpi.so.12.0     00002B57257D9243  Unknown               Unknown  Unknown
libmpi.so.12.0     00002B57255E8F46  Unknown               Unknown  Unknown
libmpi.so.12       00002B57255EB0BF  MPI_Alltoall          Unknown  Unknown
libmpifort.so.12.  00002B572519642E  mpi_alltoall__        Unknown  Unknown
pw.x               0000000000E3E3E6  fft_scatter_2d_mp         123  fft_scatter_2d.f90
pw.x               0000000000E55397  fft_parallel_2d_m         172  fft_parallel_2d.f90
pw.x               0000000000E40685  invfft_y_                  91  fft_fwinv.f90
pw.x               0000000000A30430  fft_wave_mp_wave_         152  fft_wave.f90
pw.x               00000000005CA992  sum_band_IP_sum_b         709  sum_band.f90
pw.x               00000000005C7176  sum_band_                 182  sum_band.f90
pw.x               000000000040DF4F  electrons_scf_            727  electrons.f90
pw.x               000000000040B14D  electrons_                192  electrons.f90
pw.x               00000000005888D2  run_pwscf_                189  run_pwscf.f90
pw.x               00000000004084B4  MAIN__                     85  pwscf.f90
pw.x               000000000040831E  Unknown               Unknown  Unknown
libc-2.17.so       00002B5726EFFC05  __libc_start_main     Unknown  Unknown
pw.x               0000000000408229  Unknown               Unknown  Unknown
forrtl: error (78): process killed (SIGTERM)
Image              PC                Routine            Line        Source             
pw.x               00000000010225FA  Unknown               Unknown  Unknown
libpthread-2.17.s  00002BA544C065E0  Unknown               Unknown  Unknown
libmpi.so.12       00002BA543C11B52  PMPIDI_CH3I_Progr     Unknown  Unknown
libmpi.so.12.0     00002BA543DB4243  Unknown               Unknown  Unknown
libmpi.so.12.0     00002BA543BC3F46  Unknown               Unknown  Unknown
libmpi.so.12       00002BA543BC60BF  MPI_Alltoall          Unknown  Unknown
libmpifort.so.12.  00002BA54377142E  mpi_alltoall__        Unknown  Unknown
pw.x               0000000000E3E3E6  fft_scatter_2d_mp         123  fft_scatter_2d.f90
pw.x               0000000000E55397  fft_parallel_2d_m         172  fft_parallel_2d.f90
pw.x               0000000000E40685  invfft_y_                  91  fft_fwinv.f90
pw.x               0000000000A30430  fft_wave_mp_wave_         152  fft_wave.f90
pw.x               00000000005CA992  sum_band_IP_sum_b         709  sum_band.f90
pw.x               00000000005C7176  sum_band_                 182  sum_band.f90
pw.x               000000000040DF4F  electrons_scf_            727  electrons.f90
pw.x               000000000040B14D  electrons_                192  electrons.f90
pw.x               00000000005888D2  run_pwscf_                189  run_pwscf.f90
pw.x               00000000004084B4  MAIN__                     85  pwscf.f90
pw.x               000000000040831E  Unknown               Unknown  Unknown
libc-2.17.so       00002BA5454DAC05  __libc_start_main     Unknown  Unknown
pw.x               0000000000408229  Unknown               Unknown  Unknown
forrtl: error (78): process killed (SIGTERM)
Image              PC                Routine            Line        Source             
pw.x               00000000010225FA  Unknown               Unknown  Unknown
libpthread-2.17.s  00002AD8888AE5E0  Unknown               Unknown  Unknown
libmpi.so.12       00002AD8878B8EBF  PMPIDI_CH3I_Progr     Unknown  Unknown
libmpi.so.12.0     00002AD887A5C243  Unknown               Unknown  Unknown
libmpi.so.12.0     00002AD88786BF46  Unknown               Unknown  Unknown
libmpi.so.12       00002AD88786E0BF  MPI_Alltoall          Unknown  Unknown
libmpifort.so.12.  00002AD88741942E  mpi_alltoall__        Unknown  Unknown
pw.x               0000000000E3E3E6  fft_scatter_2d_mp         123  fft_scatter_2d.f90
pw.x               0000000000E55397  fft_parallel_2d_m         172  fft_parallel_2d.f90
pw.x               0000000000E40685  invfft_y_                  91  fft_fwinv.f90
pw.x               0000000000A30430  fft_wave_mp_wave_         152  fft_wave.f90
pw.x               00000000005CA992  sum_band_IP_sum_b         709  sum_band.f90
pw.x               00000000005C7176  sum_band_                 182  sum_band.f90
pw.x               000000000040DF4F  electrons_scf_            727  electrons.f90
pw.x               000000000040B14D  electrons_                192  electrons.f90
pw.x               00000000005888D2  run_pwscf_                189  run_pwscf.f90
pw.x               00000000004084B4  MAIN__                     85  pwscf.f90
pw.x               000000000040831E  Unknown               Unknown  Unknown
libc-2.17.so       00002AD889182C05  __libc_start_main     Unknown  Unknown
pw.x               0000000000408229  Unknown               Unknown  Unknown
forrtl: error (78): process killed (SIGTERM)
Image              PC                Routine            Line        Source             
pw.x               00000000010225FA  Unknown               Unknown  Unknown
libpthread-2.17.s  00002ABB389345E0  Unknown               Unknown  Unknown
libmpi.so.12       00002ABB3793EEB8  PMPIDI_CH3I_Progr     Unknown  Unknown
libmpi.so.12.0     00002ABB37AE2243  Unknown               Unknown  Unknown
libmpi.so.12.0     00002ABB378F1F46  Unknown               Unknown  Unknown
libmpi.so.12       00002ABB378F40BF  MPI_Alltoall          Unknown  Unknown
libmpifort.so.12.  00002ABB3749F42E  mpi_alltoall__        Unknown  Unknown
pw.x               0000000000E3E3E6  fft_scatter_2d_mp         123  fft_scatter_2d.f90
pw.x               0000000000E55397  fft_parallel_2d_m         172  fft_parallel_2d.f90
pw.x               0000000000E40685  invfft_y_                  91  fft_fwinv.f90
pw.x               0000000000A30430  fft_wave_mp_wave_         152  fft_wave.f90
pw.x               00000000005CA992  sum_band_IP_sum_b         709  sum_band.f90
pw.x               00000000005C7176  sum_band_                 182  sum_band.f90
pw.x               000000000040DF4F  electrons_scf_            727  electrons.f90
pw.x               000000000040B14D  electrons_                192  electrons.f90
pw.x               00000000005888D2  run_pwscf_                189  run_pwscf.f90
pw.x               00000000004084B4  MAIN__                     85  pwscf.f90
pw.x               000000000040831E  Unknown               Unknown  Unknown
libc-2.17.so       00002ABB39208C05  __libc_start_main     Unknown  Unknown
pw.x               0000000000408229  Unknown               Unknown  Unknown
forrtl: error (78): process killed (SIGTERM)
Image              PC                Routine            Line        Source             
pw.x               00000000010225FA  Unknown               Unknown  Unknown
libpthread-2.17.s  00002AFC99B005E0  Unknown               Unknown  Unknown
libmpi.so.12       00002AFC98B0AEB8  PMPIDI_CH3I_Progr     Unknown  Unknown
libmpi.so.12.0     00002AFC98CAE243  Unknown               Unknown  Unknown
libmpi.so.12.0     00002AFC98ABDF46  Unknown               Unknown  Unknown
libmpi.so.12       00002AFC98AC00BF  MPI_Alltoall          Unknown  Unknown
libmpifort.so.12.  00002AFC9866B42E  mpi_alltoall__        Unknown  Unknown
pw.x               0000000000E3E3E6  fft_scatter_2d_mp         123  fft_scatter_2d.f90
pw.x               0000000000E55397  fft_parallel_2d_m         172  fft_parallel_2d.f90
pw.x               0000000000E40685  invfft_y_                  91  fft_fwinv.f90
pw.x               0000000000A30430  fft_wave_mp_wave_         152  fft_wave.f90
pw.x               00000000005CA992  sum_band_IP_sum_b         709  sum_band.f90
pw.x               00000000005C7176  sum_band_                 182  sum_band.f90
pw.x               000000000040DF4F  electrons_scf_            727  electrons.f90
pw.x               000000000040B14D  electrons_                192  electrons.f90
pw.x               00000000005888D2  run_pwscf_                189  run_pwscf.f90
pw.x               00000000004084B4  MAIN__                     85  pwscf.f90
pw.x               000000000040831E  Unknown               Unknown  Unknown
libc-2.17.so       00002AFC9A3D4C05  __libc_start_main     Unknown  Unknown
pw.x               0000000000408229  Unknown               Unknown  Unknown
forrtl: error (78): process killed (SIGTERM)
Image              PC                Routine            Line        Source             
pw.x               00000000010225FA  Unknown               Unknown  Unknown
libpthread-2.17.s  00002AD7A4ACB5E0  Unknown               Unknown  Unknown
libmpi.so.12       00002AD7A3AD5EB8  PMPIDI_CH3I_Progr     Unknown  Unknown
libmpi.so.12.0     00002AD7A3C79243  Unknown               Unknown  Unknown
libmpi.so.12.0     00002AD7A3A88F46  Unknown               Unknown  Unknown
libmpi.so.12       00002AD7A3A8B0BF  MPI_Alltoall          Unknown  Unknown
libmpifort.so.12.  00002AD7A363642E  mpi_alltoall__        Unknown  Unknown
pw.x               0000000000E3E3E6  fft_scatter_2d_mp         123  fft_scatter_2d.f90
pw.x               0000000000E55397  fft_parallel_2d_m         172  fft_parallel_2d.f90
pw.x               0000000000E40685  invfft_y_                  91  fft_fwinv.f90
pw.x               0000000000A30430  fft_wave_mp_wave_         152  fft_wave.f90
pw.x               00000000005CA992  sum_band_IP_sum_b         709  sum_band.f90
pw.x               00000000005C7176  sum_band_                 182  sum_band.f90
pw.x               000000000040DF4F  electrons_scf_            727  electrons.f90
pw.x               000000000040B14D  electrons_                192  electrons.f90
pw.x               00000000005888D2  run_pwscf_                189  run_pwscf.f90
pw.x               00000000004084B4  MAIN__                     85  pwscf.f90
pw.x               000000000040831E  Unknown               Unknown  Unknown
libc-2.17.so       00002AD7A539FC05  __libc_start_main     Unknown  Unknown
pw.x               0000000000408229  Unknown               Unknown  Unknown
forrtl: error (78): process killed (SIGTERM)
Image              PC                Routine            Line        Source             
pw.x               00000000010225FA  Unknown               Unknown  Unknown
libpthread-2.17.s  00002AC5354ED5E0  Unknown               Unknown  Unknown
libmpi.so.12       00002AC5344F7EB8  PMPIDI_CH3I_Progr     Unknown  Unknown
libmpi.so.12.0     00002AC53469B243  Unknown               Unknown  Unknown
libmpi.so.12.0     00002AC5344AAF46  Unknown               Unknown  Unknown
libmpi.so.12       00002AC5344AD0BF  MPI_Alltoall          Unknown  Unknown
libmpifort.so.12.  00002AC53405842E  mpi_alltoall__        Unknown  Unknown
pw.x               0000000000E3E3E6  fft_scatter_2d_mp         123  fft_scatter_2d.f90
pw.x               0000000000E55397  fft_parallel_2d_m         172  fft_parallel_2d.f90
pw.x               0000000000E40685  invfft_y_                  91  fft_fwinv.f90
pw.x               0000000000A30430  fft_wave_mp_wave_         152  fft_wave.f90
pw.x               00000000005CA992  sum_band_IP_sum_b         709  sum_band.f90
pw.x               00000000005C7176  sum_band_                 182  sum_band.f90
pw.x               000000000040DF4F  electrons_scf_            727  electrons.f90
pw.x               000000000040B14D  electrons_                192  electrons.f90
pw.x               00000000005888D2  run_pwscf_                189  run_pwscf.f90
pw.x               00000000004084B4  MAIN__                     85  pwscf.f90
pw.x               000000000040831E  Unknown               Unknown  Unknown
libc-2.17.so       00002AC535DC1C05  __libc_start_main     Unknown  Unknown
pw.x               0000000000408229  Unknown               Unknown  Unknown
forrtl: error (78): process killed (SIGTERM)
Image              PC                Routine            Line        Source             
pw.x               00000000010225FA  Unknown               Unknown  Unknown
libpthread-2.17.s  00002B97C324A5E0  Unknown               Unknown  Unknown
libmpi.so.12       00002B97C2254EB8  PMPIDI_CH3I_Progr     Unknown  Unknown
libmpi.so.12.0     00002B97C23F8243  Unknown               Unknown  Unknown
libmpi.so.12.0     00002B97C2207F46  Unknown               Unknown  Unknown
libmpi.so.12       00002B97C220A0BF  MPI_Alltoall          Unknown  Unknown
libmpifort.so.12.  00002B97C1DB542E  mpi_alltoall__        Unknown  Unknown
pw.x               0000000000E3E3E6  fft_scatter_2d_mp         123  fft_scatter_2d.f90
pw.x               0000000000E55397  fft_parallel_2d_m         172  fft_parallel_2d.f90
pw.x               0000000000E40685  invfft_y_                  91  fft_fwinv.f90
pw.x               0000000000A30430  fft_wave_mp_wave_         152  fft_wave.f90
pw.x               00000000005CA992  sum_band_IP_sum_b         709  sum_band.f90
pw.x               00000000005C7176  sum_band_                 182  sum_band.f90
pw.x               000000000040DF4F  electrons_scf_            727  electrons.f90
pw.x               000000000040B14D  electrons_                192  electrons.f90
pw.x               00000000005888D2  run_pwscf_                189  run_pwscf.f90
pw.x               00000000004084B4  MAIN__                     85  pwscf.f90
pw.x               000000000040831E  Unknown               Unknown  Unknown
libc-2.17.so       00002B97C3B1EC05  __libc_start_main     Unknown  Unknown
pw.x               0000000000408229  Unknown               Unknown  Unknown
forrtl: error (78): process killed (SIGTERM)
Image              PC                Routine            Line        Source             
pw.x               00000000010225FA  Unknown               Unknown  Unknown
libpthread-2.17.s  00002AB6BBC3E5E0  Unknown               Unknown  Unknown
libmpi.so.12       00002AB6BAC48EB8  PMPIDI_CH3I_Progr     Unknown  Unknown
libmpi.so.12.0     00002AB6BADEC243  Unknown               Unknown  Unknown
libmpi.so.12.0     00002AB6BABFBF46  Unknown               Unknown  Unknown
libmpi.so.12       00002AB6BABFE0BF  MPI_Alltoall          Unknown  Unknown
libmpifort.so.12.  00002AB6BA7A942E  mpi_alltoall__        Unknown  Unknown
pw.x               0000000000E3E3E6  fft_scatter_2d_mp         123  fft_scatter_2d.f90
pw.x               0000000000E55397  fft_parallel_2d_m         172  fft_parallel_2d.f90
pw.x               0000000000E40685  invfft_y_                  91  fft_fwinv.f90
pw.x               0000000000A30430  fft_wave_mp_wave_         152  fft_wave.f90
pw.x               00000000005CA992  sum_band_IP_sum_b         709  sum_band.f90
pw.x               00000000005C7176  sum_band_                 182  sum_band.f90
pw.x               000000000040DF4F  electrons_scf_            727  electrons.f90
pw.x               000000000040B14D  electrons_                192  electrons.f90
pw.x               00000000005888D2  run_pwscf_                189  run_pwscf.f90
pw.x               00000000004084B4  MAIN__                     85  pwscf.f90
pw.x               000000000040831E  Unknown               Unknown  Unknown
libc-2.17.so       00002AB6BC512C05  __libc_start_main     Unknown  Unknown
pw.x               0000000000408229  Unknown               Unknown  Unknown
forrtl: error (78): process killed (SIGTERM)
Image              PC                Routine            Line        Source             
pw.x               00000000010225FA  Unknown               Unknown  Unknown
libpthread-2.17.s  00002ADC82C395E0  Unknown               Unknown  Unknown
libmpi.so.12       00002ADC81C43EB8  PMPIDI_CH3I_Progr     Unknown  Unknown
libmpi.so.12.0     00002ADC81DE7243  Unknown               Unknown  Unknown
libmpi.so.12.0     00002ADC81BF6F46  Unknown               Unknown  Unknown
libmpi.so.12       00002ADC81BF90BF  MPI_Alltoall          Unknown  Unknown
libmpifort.so.12.  00002ADC817A442E  mpi_alltoall__        Unknown  Unknown
pw.x               0000000000E3E3E6  fft_scatter_2d_mp         123  fft_scatter_2d.f90
pw.x               0000000000E55397  fft_parallel_2d_m         172  fft_parallel_2d.f90
pw.x               0000000000E40685  invfft_y_                  91  fft_fwinv.f90
pw.x               0000000000A30430  fft_wave_mp_wave_         152  fft_wave.f90
pw.x               00000000005CA992  sum_band_IP_sum_b         709  sum_band.f90
pw.x               00000000005C7176  sum_band_                 182  sum_band.f90
pw.x               000000000040DF4F  electrons_scf_            727  electrons.f90
pw.x               000000000040B14D  electrons_                192  electrons.f90
pw.x               00000000005888D2  run_pwscf_                189  run_pwscf.f90
pw.x               00000000004084B4  MAIN__                     85  pwscf.f90
pw.x               000000000040831E  Unknown               Unknown  Unknown
libc-2.17.so       00002ADC8350DC05  __libc_start_main     Unknown  Unknown
pw.x               0000000000408229  Unknown               Unknown  Unknown
