forrtl: error (78): process killed (SIGTERM)
Image              PC                Routine            Line        Source             
pw.x               00000000010225FA  Unknown               Unknown  Unknown
libpthread-2.17.s  00002AAFDD3FD5E0  Unknown               Unknown  Unknown
libmkl_avx512.so   00002AAFF76636F3  mkl_blas_avx512_z     Unknown  Unknown
forrtl: error (78): process killed (SIGTERM)
Image              PC                Routine            Line        Source             
pw.x               00000000010225FA  Unknown               Unknown  Unknown
libpthread-2.17.s  00002B7D13D0C5E0  Unknown               Unknown  Unknown
libmkl_avx512.so   00002B7D2DF726AE  mkl_blas_avx512_z     Unknown  Unknown
forrtl: error (78): process killed (SIGTERM)
Image              PC                Routine            Line        Source             
pw.x               00000000010225FA  Unknown               Unknown  Unknown
libpthread-2.17.s  00002B172E0D55E0  Unknown               Unknown  Unknown
libmkl_avx512.so   00002B174832AAC8  mkl_blas_avx512_z     Unknown  Unknown
forrtl: error (78): process killed (SIGTERM)
Image              PC                Routine            Line        Source             
pw.x               00000000010225FA  Unknown               Unknown  Unknown
libpthread-2.17.s  00002B172461B5E0  Unknown               Unknown  Unknown
libmkl_avx512.so   00002B173E870B93  mkl_blas_avx512_z     Unknown  Unknown
forrtl: error (78): process killed (SIGTERM)
Image              PC                Routine            Line        Source             
pw.x               00000000010225FA  Unknown               Unknown  Unknown
libpthread-2.17.s  00002B75125B75E0  Unknown               Unknown  Unknown
libmkl_avx512.so   00002B752C81D5DC  mkl_blas_avx512_z     Unknown  Unknown
forrtl: error (78): process killed (SIGTERM)
Image              PC                Routine            Line        Source             
pw.x               00000000010225FA  Unknown               Unknown  Unknown
libpthread-2.17.s  00002B00ACDB55E0  Unknown               Unknown  Unknown
libmkl_avx512.so   00002B00C701B6AE  mkl_blas_avx512_z     Unknown  Unknown
forrtl: error (78): process killed (SIGTERM)
Image              PC                Routine            Line        Source             
pw.x               00000000010225FA  Unknown               Unknown  Unknown
libpthread-2.17.s  00002B1D0F24E5E0  Unknown               Unknown  Unknown
libmkl_avx512.so   00002B1D294B472F  mkl_blas_avx512_z     Unknown  Unknown
forrtl: error (78): process killed (SIGTERM)
Image              PC                Routine            Line        Source             
pw.x               00000000010225FA  Unknown               Unknown  Unknown
libpthread-2.17.s  00002B885BD505E0  Unknown               Unknown  Unknown
libmkl_avx512.so   00002B8875FB65DC  mkl_blas_avx512_z     Unknown  Unknown
forrtl: error (78): process killed (SIGTERM)
Image              PC                Routine            Line        Source             
pw.x               00000000010225FA  Unknown               Unknown  Unknown
libpthread-2.17.s  00002B539230C5E0  Unknown               Unknown  Unknown
libmkl_avx512.so   00002B53AC5621B4  mkl_blas_avx512_z     Unknown  Unknown
forrtl: error (78): process killed (SIGTERM)
Image              PC                Routine            Line        Source             
pw.x               00000000010225FA  Unknown               Unknown  Unknown
libpthread-2.17.s  00002B9967C995E0  Unknown               Unknown  Unknown
libmkl_avx512.so   00002B9981EFF741  mkl_blas_avx512_z     Unknown  Unknown
forrtl: error (78): process killed (SIGTERM)
Image              PC                Routine            Line        Source             
pw.x               00000000010225FA  Unknown               Unknown  Unknown
libpthread-2.17.s  00002B0F133725E0  Unknown               Unknown  Unknown
libmkl_avx512.so   00002B0F2D5D8735  mkl_blas_avx512_z     Unknown  Unknown
forrtl: error (78): process killed (SIGTERM)
Image              PC                Routine            Line        Source             
pw.x               00000000010225FA  Unknown               Unknown  Unknown
libpthread-2.17.s  00002B375A9CE5E0  Unknown               Unknown  Unknown
libmkl_avx512.so   00002B3774C34631  mkl_blas_avx512_z     Unknown  Unknown
forrtl: error (78): process killed (SIGTERM)
Image              PC                Routine            Line        Source             
pw.x               00000000010225FA  Unknown               Unknown  Unknown
libpthread-2.17.s  00002B4C6D4EB5E0  Unknown               Unknown  Unknown
libmkl_avx512.so   00002B4C87751838  mkl_blas_avx512_z     Unknown  Unknown
forrtl: error (78): process killed (SIGTERM)
Image              PC                Routine            Line        Source             
pw.x               00000000010225FA  Unknown               Unknown  Unknown
libpthread-2.17.s  00002B631D3C85E0  Unknown               Unknown  Unknown
libmkl_avx512.so   00002B633762E72F  mkl_blas_avx512_z     Unknown  Unknown
forrtl: error (78): process killed (SIGTERM)
Image              PC                Routine            Line        Source             
pw.x               00000000010225FA  Unknown               Unknown  Unknown
libpthread-2.17.s  00002B5B0B13C5E0  Unknown               Unknown  Unknown
libmkl_avx512.so   00002B5B253A2667  mkl_blas_avx512_z     Unknown  Unknown
forrtl: error (78): process killed (SIGTERM)
Image              PC                Routine            Line        Source             
pw.x               00000000010225FA  Unknown               Unknown  Unknown
libpthread-2.17.s  00002B3F6856D5E0  Unknown               Unknown  Unknown
libmkl_avx512.so   00002B3F827D36ED  mkl_blas_avx512_z     Unknown  Unknown
forrtl: error (78): process killed (SIGTERM)
Image              PC                Routine            Line        Source             
pw.x               00000000010225FA  Unknown               Unknown  Unknown
libpthread-2.17.s  00002B66F856E5E0  Unknown               Unknown  Unknown
libmkl_avx512.so   00002B67127D47BB  mkl_blas_avx512_z     Unknown  Unknown
forrtl: error (78): process killed (SIGTERM)
Image              PC                Routine            Line        Source             
pw.x               00000000010225FA  Unknown               Unknown  Unknown
libpthread-2.17.s  00002AAFE28DE5E0  Unknown               Unknown  Unknown
libmkl_avx512.so   00002AAFFCB33BDE  mkl_blas_avx512_z     Unknown  Unknown
forrtl: error (78): process killed (SIGTERM)
Image              PC                Routine            Line        Source             
pw.x               00000000010225FA  Unknown               Unknown  Unknown
libpthread-2.17.s  00002AD53EE0E5E0  Unknown               Unknown  Unknown
libmkl_avx512.so   00002AD5590746AE  mkl_blas_avx512_z     Unknown  Unknown
forrtl: error (78): process killed (SIGTERM)
Image              PC                Routine            Line        Source             
pw.x               00000000010225FA  Unknown               Unknown  Unknown
libpthread-2.17.s  00002B5E286035E0  Unknown               Unknown  Unknown
libmkl_avx512.so   00002B5E4285A2DD  mkl_blas_avx512_z     Unknown  Unknown
forrtl: error (78): process killed (SIGTERM)
Image              PC                Routine            Line        Source             
pw.x               00000000010225FA  Unknown               Unknown  Unknown
libpthread-2.17.s  00002ADF14DA65E0  Unknown               Unknown  Unknown
libmkl_avx512.so   00002ADF2F00C83E  mkl_blas_avx512_z     Unknown  Unknown
forrtl: error (78): process killed (SIGTERM)
Image              PC                Routine            Line        Source             
pw.x               00000000010225FA  Unknown               Unknown  Unknown
libpthread-2.17.s  00002B5994C5F5E0  Unknown               Unknown  Unknown
libmkl_avx512.so   00002B59AEEB51C6  mkl_blas_avx512_z     Unknown  Unknown
forrtl: error (78): process killed (SIGTERM)
Image              PC                Routine            Line        Source             
pw.x               00000000010225FA  Unknown               Unknown  Unknown
libpthread-2.17.s  00002B5D03A845E0  Unknown               Unknown  Unknown
libmkl_avx512.so   00002B5D1DCEA83E  mkl_blas_avx512_z     Unknown  Unknown
forrtl: error (78): process killed (SIGTERM)
Image              PC                Routine            Line        Source             
pw.x               00000000010225FA  Unknown               Unknown  Unknown
libpthread-2.17.s  00002AD5AE8D25E0  Unknown               Unknown  Unknown
libmkl_avx512.so   00002AD5C8B387BB  mkl_blas_avx512_z     Unknown  Unknown
forrtl: error (78): process killed (SIGTERM)
Image              PC                Routine            Line        Source             
pw.x               00000000010225FA  Unknown               Unknown  Unknown
libpthread-2.17.s  00002B0CAEC985E0  Unknown               Unknown  Unknown
libmkl_avx512.so   00002B0CC8EEDE57  mkl_blas_avx512_z     Unknown  Unknown
forrtl: error (78): process killed (SIGTERM)
Image              PC                Routine            Line        Source             
pw.x               00000000010225FA  Unknown               Unknown  Unknown
libpthread-2.17.s  00002B275D2D75E0  Unknown               Unknown  Unknown
libmkl_avx512.so   00002B277752D30A  mkl_blas_avx512_z     Unknown  Unknown
forrtl: error (78): process killed (SIGTERM)
Image              PC                Routine            Line        Source             
pw.x               00000000010225FA  Unknown               Unknown  Unknown
libpthread-2.17.s  00002B76BFFF45E0  Unknown               Unknown  Unknown
libmkl_avx512.so   00002B76DA25A6F3  mkl_blas_avx512_z     Unknown  Unknown
forrtl: error (78): process killed (SIGTERM)
Image              PC                Routine            Line        Source             
pw.x               00000000010225FA  Unknown               Unknown  Unknown
libpthread-2.17.s  00002BA4F5A085E0  Unknown               Unknown  Unknown
pw.x               0000000001022490  Unknown               Unknown  Unknown
libpthread-2.17.s  00002BA4F5A085E0  Unknown               Unknown  Unknown
libmkl_avx512.so   00002BA50FC6E6B7  mkl_blas_avx512_z     Unknown  Unknown
forrtl: error (78): process killed (SIGTERM)
Image              PC                Routine            Line        Source             
pw.x               00000000010225FA  Unknown               Unknown  Unknown
libpthread-2.17.s  00002B600A6D05E0  Unknown               Unknown  Unknown
libmpi.so.12       00002B60096DBBB1  PMPIDI_CH3I_Progr     Unknown  Unknown
libmpi.so.12.0     00002B600987F3D0  Unknown               Unknown  Unknown
libmpi.so.12.0     00002B6009672D72  Unknown               Unknown  Unknown
libmpi.so.12       00002B60097655F6  MPI_Comm_split        Unknown  Unknown
libmpifort.so.12.  00002B600923F8B0  mpi_comm_split__      Unknown  Unknown
pw.x               0000000000F07BFF  laxlib_zsqmred_x_         503  ptoolkit.f90
pw.x               0000000000870535  pcegterg_                1047  cegterg.f90
pw.x               0000000000687E53  diag_bands_IP_dia        1028  c_bands.f90
pw.x               000000000068663C  diag_bands_               322  c_bands.f90
pw.x               0000000000685075  c_bands_                  132  c_bands.f90
pw.x               000000000040DEAE  electrons_scf_            689  electrons.f90
pw.x               000000000040B14D  electrons_                192  electrons.f90
pw.x               00000000005888D2  run_pwscf_                189  run_pwscf.f90
pw.x               00000000004084B4  MAIN__                     85  pwscf.f90
pw.x               000000000040831E  Unknown               Unknown  Unknown
libc-2.17.so       00002B600AFA4C05  __libc_start_main     Unknown  Unknown
pw.x               0000000000408229  Unknown               Unknown  Unknown
forrtl: error (78): process killed (SIGTERM)
Image              PC                Routine            Line        Source             
pw.x               00000000010225FA  Unknown               Unknown  Unknown
libpthread-2.17.s  00002B6E5DF4A5E0  Unknown               Unknown  Unknown
libmpi.so.12       00002B6E5CF54F0F  PMPIDI_CH3I_Progr     Unknown  Unknown
libmpi.so.12.0     00002B6E5D0F93D0  Unknown               Unknown  Unknown
libmpi.so.12.0     00002B6E5CEECD72  Unknown               Unknown  Unknown
libmpi.so.12       00002B6E5CFDF5F6  MPI_Comm_split        Unknown  Unknown
libmpifort.so.12.  00002B6E5CAB98B0  mpi_comm_split__      Unknown  Unknown
pw.x               0000000000F07BFF  laxlib_zsqmred_x_         503  ptoolkit.f90
pw.x               0000000000870535  pcegterg_                1047  cegterg.f90
pw.x               0000000000687E53  diag_bands_IP_dia        1028  c_bands.f90
pw.x               000000000068663C  diag_bands_               322  c_bands.f90
pw.x               0000000000685075  c_bands_                  132  c_bands.f90
pw.x               000000000040DEAE  electrons_scf_            689  electrons.f90
pw.x               000000000040B14D  electrons_                192  electrons.f90
pw.x               00000000005888D2  run_pwscf_                189  run_pwscf.f90
pw.x               00000000004084B4  MAIN__                     85  pwscf.f90
pw.x               000000000040831E  Unknown               Unknown  Unknown
libc-2.17.so       00002B6E5E81EC05  __libc_start_main     Unknown  Unknown
pw.x               0000000000408229  Unknown               Unknown  Unknown
forrtl: error (78): process killed (SIGTERM)
Image              PC                Routine            Line        Source             
pw.x               00000000010225FA  Unknown               Unknown  Unknown
libpthread-2.17.s  00002B5BE767F5E0  Unknown               Unknown  Unknown
libmpi.so.12       00002B5BE6689EB8  PMPIDI_CH3I_Progr     Unknown  Unknown
libmpi.so.12.0     00002B5BE6AC0542  Unknown               Unknown  Unknown
libmpi.so.12.0     00002B5BE6822630  Unknown               Unknown  Unknown
libmpi.so.12.0     00002B5BE662204F  Unknown               Unknown  Unknown
libmpi.so.12       00002B5BE67145F6  MPI_Comm_split        Unknown  Unknown
libmpifort.so.12.  00002B5BE61EE8B0  mpi_comm_split__      Unknown  Unknown
pw.x               0000000000F07BFF  laxlib_zsqmred_x_         503  ptoolkit.f90
pw.x               0000000000870535  pcegterg_                1047  cegterg.f90
pw.x               0000000000687E53  diag_bands_IP_dia        1028  c_bands.f90
pw.x               000000000068663C  diag_bands_               322  c_bands.f90
pw.x               0000000000685075  c_bands_                  132  c_bands.f90
pw.x               000000000040DEAE  electrons_scf_            689  electrons.f90
pw.x               000000000040B14D  electrons_                192  electrons.f90
pw.x               00000000005888D2  run_pwscf_                189  run_pwscf.f90
pw.x               00000000004084B4  MAIN__                     85  pwscf.f90
pw.x               000000000040831E  Unknown               Unknown  Unknown
libc-2.17.so       00002B5BE7F53C05  __libc_start_main     Unknown  Unknown
pw.x               0000000000408229  Unknown               Unknown  Unknown
forrtl: error (78): process killed (SIGTERM)
Image              PC                Routine            Line        Source             
pw.x               00000000010225FA  Unknown               Unknown  Unknown
libpthread-2.17.s  00002AFF0162E5E0  Unknown               Unknown  Unknown
libmpi.so.12       00002AFF00638EB8  PMPIDI_CH3I_Progr     Unknown  Unknown
libmpi.so.12.0     00002AFF00A6F542  Unknown               Unknown  Unknown
libmpi.so.12.0     00002AFF007D1630  Unknown               Unknown  Unknown
libmpi.so.12.0     00002AFF005D104F  Unknown               Unknown  Unknown
libmpi.so.12       00002AFF006C35F6  MPI_Comm_split        Unknown  Unknown
libmpifort.so.12.  00002AFF0019D8B0  mpi_comm_split__      Unknown  Unknown
pw.x               0000000000F07BFF  laxlib_zsqmred_x_         503  ptoolkit.f90
pw.x               0000000000870535  pcegterg_                1047  cegterg.f90
pw.x               0000000000687E53  diag_bands_IP_dia        1028  c_bands.f90
pw.x               000000000068663C  diag_bands_               322  c_bands.f90
pw.x               0000000000685075  c_bands_                  132  c_bands.f90
pw.x               000000000040DEAE  electrons_scf_            689  electrons.f90
pw.x               000000000040B14D  electrons_                192  electrons.f90
pw.x               00000000005888D2  run_pwscf_                189  run_pwscf.f90
pw.x               00000000004084B4  MAIN__                     85  pwscf.f90
pw.x               000000000040831E  Unknown               Unknown  Unknown
libc-2.17.so       00002AFF01F02C05  __libc_start_main     Unknown  Unknown
pw.x               0000000000408229  Unknown               Unknown  Unknown
forrtl: error (78): process killed (SIGTERM)
Image              PC                Routine            Line        Source             
pw.x               00000000010225FA  Unknown               Unknown  Unknown
libpthread-2.17.s  00002AB18595F5E0  Unknown               Unknown  Unknown
libmpi.so.12       00002AB184969EB8  PMPIDI_CH3I_Progr     Unknown  Unknown
libmpi.so.12.0     00002AB184DA0542  Unknown               Unknown  Unknown
libmpi.so.12.0     00002AB184B02630  Unknown               Unknown  Unknown
libmpi.so.12.0     00002AB18490204F  Unknown               Unknown  Unknown
libmpi.so.12       00002AB1849F45F6  MPI_Comm_split        Unknown  Unknown
libmpifort.so.12.  00002AB1844CE8B0  mpi_comm_split__      Unknown  Unknown
pw.x               0000000000F07BFF  laxlib_zsqmred_x_         503  ptoolkit.f90
pw.x               0000000000870535  pcegterg_                1047  cegterg.f90
pw.x               0000000000687E53  diag_bands_IP_dia        1028  c_bands.f90
pw.x               000000000068663C  diag_bands_               322  c_bands.f90
pw.x               0000000000685075  c_bands_                  132  c_bands.f90
pw.x               000000000040DEAE  electrons_scf_            689  electrons.f90
pw.x               000000000040B14D  electrons_                192  electrons.f90
pw.x               00000000005888D2  run_pwscf_                189  run_pwscf.f90
pw.x               00000000004084B4  MAIN__                     85  pwscf.f90
pw.x               000000000040831E  Unknown               Unknown  Unknown
libc-2.17.so       00002AB186233C05  __libc_start_main     Unknown  Unknown
pw.x               0000000000408229  Unknown               Unknown  Unknown
forrtl: error (78): process killed (SIGTERM)
Image              PC                Routine            Line        Source             
pw.x               00000000010225FA  Unknown               Unknown  Unknown
libpthread-2.17.s  00002B94B164D5E0  Unknown               Unknown  Unknown
libmpi.so.12       00002B94B0657EB8  PMPIDI_CH3I_Progr     Unknown  Unknown
libmpi.so.12.0     00002B94B0A8E542  Unknown               Unknown  Unknown
libmpi.so.12.0     00002B94B07F0630  Unknown               Unknown  Unknown
libmpi.so.12.0     00002B94B05F004F  Unknown               Unknown  Unknown
libmpi.so.12       00002B94B06E25F6  MPI_Comm_split        Unknown  Unknown
libmpifort.so.12.  00002B94B01BC8B0  mpi_comm_split__      Unknown  Unknown
pw.x               0000000000F07BFF  laxlib_zsqmred_x_         503  ptoolkit.f90
pw.x               0000000000870535  pcegterg_                1047  cegterg.f90
pw.x               0000000000687E53  diag_bands_IP_dia        1028  c_bands.f90
pw.x               000000000068663C  diag_bands_               322  c_bands.f90
pw.x               0000000000685075  c_bands_                  132  c_bands.f90
pw.x               000000000040DEAE  electrons_scf_            689  electrons.f90
pw.x               000000000040B14D  electrons_                192  electrons.f90
pw.x               00000000005888D2  run_pwscf_                189  run_pwscf.f90
pw.x               00000000004084B4  MAIN__                     85  pwscf.f90
pw.x               000000000040831E  Unknown               Unknown  Unknown
libc-2.17.so       00002B94B1F21C05  __libc_start_main     Unknown  Unknown
pw.x               0000000000408229  Unknown               Unknown  Unknown
forrtl: error (78): process killed (SIGTERM)
Image              PC                Routine            Line        Source             
pw.x               00000000010225FA  Unknown               Unknown  Unknown
libpthread-2.17.s  00002B8AF79C05E0  Unknown               Unknown  Unknown
libmpi.so.12       00002B8AF69CB5A4  PMPIDI_CH3I_Progr     Unknown  Unknown
libmpi.so.12.0     00002B8AF6E01542  Unknown               Unknown  Unknown
libmpi.so.12.0     00002B8AF6B63630  Unknown               Unknown  Unknown
libmpi.so.12.0     00002B8AF696304F  Unknown               Unknown  Unknown
libmpi.so.12       00002B8AF6A555F6  MPI_Comm_split        Unknown  Unknown
libmpifort.so.12.  00002B8AF652F8B0  mpi_comm_split__      Unknown  Unknown
pw.x               0000000000F07BFF  laxlib_zsqmred_x_         503  ptoolkit.f90
pw.x               0000000000870535  pcegterg_                1047  cegterg.f90
pw.x               0000000000687E53  diag_bands_IP_dia        1028  c_bands.f90
pw.x               000000000068663C  diag_bands_               322  c_bands.f90
pw.x               0000000000685075  c_bands_                  132  c_bands.f90
pw.x               000000000040DEAE  electrons_scf_            689  electrons.f90
pw.x               000000000040B14D  electrons_                192  electrons.f90
pw.x               00000000005888D2  run_pwscf_                189  run_pwscf.f90
pw.x               00000000004084B4  MAIN__                     85  pwscf.f90
pw.x               000000000040831E  Unknown               Unknown  Unknown
libc-2.17.so       00002B8AF8294C05  __libc_start_main     Unknown  Unknown
pw.x               0000000000408229  Unknown               Unknown  Unknown
forrtl: error (78): process killed (SIGTERM)
Image              PC                Routine            Line        Source             
pw.x               00000000010225FA  Unknown               Unknown  Unknown
libpthread-2.17.s  00002AF0EB7F35E0  Unknown               Unknown  Unknown
libmpi.so.12       00002AF0EA7FDEB8  PMPIDI_CH3I_Progr     Unknown  Unknown
libmpi.so.12.0     00002AF0EAC34542  Unknown               Unknown  Unknown
libmpi.so.12.0     00002AF0EA996630  Unknown               Unknown  Unknown
libmpi.so.12.0     00002AF0EA79604F  Unknown               Unknown  Unknown
libmpi.so.12       00002AF0EA8885F6  MPI_Comm_split        Unknown  Unknown
libmpifort.so.12.  00002AF0EA3628B0  mpi_comm_split__      Unknown  Unknown
pw.x               0000000000F07BFF  laxlib_zsqmred_x_         503  ptoolkit.f90
pw.x               0000000000870535  pcegterg_                1047  cegterg.f90
pw.x               0000000000687E53  diag_bands_IP_dia        1028  c_bands.f90
pw.x               000000000068663C  diag_bands_               322  c_bands.f90
pw.x               0000000000685075  c_bands_                  132  c_bands.f90
pw.x               000000000040DEAE  electrons_scf_            689  electrons.f90
pw.x               000000000040B14D  electrons_                192  electrons.f90
pw.x               00000000005888D2  run_pwscf_                189  run_pwscf.f90
pw.x               00000000004084B4  MAIN__                     85  pwscf.f90
pw.x               000000000040831E  Unknown               Unknown  Unknown
libc-2.17.so       00002AF0EC0C7C05  __libc_start_main     Unknown  Unknown
pw.x               0000000000408229  Unknown               Unknown  Unknown
