forrtl: error (78): process killed (SIGTERM)
Image              PC                Routine            Line        Source             
pw.x               00000000010225FA  Unknown               Unknown  Unknown
libpthread-2.17.s  00002AF5660F95E0  Unknown               Unknown  Unknown
pw.x               0000000001022490  Unknown               Unknown  Unknown
libpthread-2.17.s  00002AF5660F95E0  Unknown               Unknown  Unknown
libmkl_avx512.so   00002AF58035F7B5  mkl_blas_avx512_z     Unknown  Unknown
forrtl: error (78): process killed (SIGTERM)
Image              PC                Routine            Line        Source             
pw.x               00000000010225FA  Unknown               Unknown  Unknown
libpthread-2.17.s  00002B61444445E0  Unknown               Unknown  Unknown
pw.x               0000000001022490  Unknown               Unknown  Unknown
libpthread-2.17.s  00002B61444445E0  Unknown               Unknown  Unknown
libmkl_avx512.so   00002B615E6AA57C  mkl_blas_avx512_z     Unknown  Unknown
forrtl: error (78): process killed (SIGTERM)
Image              PC                Routine            Line        Source             
pw.x               00000000010225FA  Unknown               Unknown  Unknown
libpthread-2.17.s  00002B9DCA35B5E0  Unknown               Unknown  Unknown
pw.x               0000000001022490  Unknown               Unknown  Unknown
libpthread-2.17.s  00002B9DCA35B5E0  Unknown               Unknown  Unknown
libmkl_avx512.so   00002B9DE45C17FD  mkl_blas_avx512_z     Unknown  Unknown
forrtl: error (78): process killed (SIGTERM)
Image              PC                Routine            Line        Source             
pw.x               00000000010225FA  Unknown               Unknown  Unknown
libpthread-2.17.s  00002B50983695E0  Unknown               Unknown  Unknown
pw.x               0000000001022490  Unknown               Unknown  Unknown
libpthread-2.17.s  00002B50983695E0  Unknown               Unknown  Unknown
libmkl_avx512.so   00002B50B25CF5F3  mkl_blas_avx512_z     Unknown  Unknown
forrtl: error (78): process killed (SIGTERM)
Image              PC                Routine            Line        Source             
pw.x               00000000010225FA  Unknown               Unknown  Unknown
libpthread-2.17.s  00002B08916EA5E0  Unknown               Unknown  Unknown
pw.x               0000000001022490  Unknown               Unknown  Unknown
libpthread-2.17.s  00002B08916EA5E0  Unknown               Unknown  Unknown
libmkl_avx512.so   00002B08AB95072F  mkl_blas_avx512_z     Unknown  Unknown
forrtl: error (78): process killed (SIGTERM)
Image              PC                Routine            Line        Source             
pw.x               00000000010225FA  Unknown               Unknown  Unknown
libpthread-2.17.s  00002AC4B2B035E0  Unknown               Unknown  Unknown
pw.x               0000000001022490  Unknown               Unknown  Unknown
libpthread-2.17.s  00002AC4B2B035E0  Unknown               Unknown  Unknown
libmkl_avx512.so   00002AC4CCD589B9  mkl_blas_avx512_z     Unknown  Unknown
forrtl: error (78): process killed (SIGTERM)
Image              PC                Routine            Line        Source             
pw.x               00000000010225FA  Unknown               Unknown  Unknown
libpthread-2.17.s  00002AC3B08AF5E0  Unknown               Unknown  Unknown
pw.x               0000000001022490  Unknown               Unknown  Unknown
libpthread-2.17.s  00002AC3B08AF5E0  Unknown               Unknown  Unknown
libmkl_avx512.so   00002AC3CAB15576  mkl_blas_avx512_z     Unknown  Unknown
forrtl: error (78): process killed (SIGTERM)
Image              PC                Routine            Line        Source             
pw.x               00000000010225FA  Unknown               Unknown  Unknown
libpthread-2.17.s  00002B4AE45405E0  Unknown               Unknown  Unknown
pw.x               0000000001022490  Unknown               Unknown  Unknown
libpthread-2.17.s  00002B4AE45405E0  Unknown               Unknown  Unknown
libmkl_avx512.so   00002B4AFE7A6576  mkl_blas_avx512_z     Unknown  Unknown
forrtl: error (78): process killed (SIGTERM)
Image              PC                Routine            Line        Source             
pw.x               00000000010225FA  Unknown               Unknown  Unknown
libpthread-2.17.s  00002B6E6B1C15E0  Unknown               Unknown  Unknown
pw.x               0000000001022490  Unknown               Unknown  Unknown
libpthread-2.17.s  00002B6E6B1C15E0  Unknown               Unknown  Unknown
libmkl_avx512.so   00002B6E8542772F  mkl_blas_avx512_z     Unknown  Unknown
forrtl: error (78): process killed (SIGTERM)
Image              PC                Routine            Line        Source             
pw.x               00000000010225FA  Unknown               Unknown  Unknown
libpthread-2.17.s  00002B2B6822F5E0  Unknown               Unknown  Unknown
pw.x               0000000001022490  Unknown               Unknown  Unknown
libpthread-2.17.s  00002B2B6822F5E0  Unknown               Unknown  Unknown
libmkl_avx512.so   00002B2B824955ED  mkl_blas_avx512_z     Unknown  Unknown
forrtl: error (78): process killed (SIGTERM)
Image              PC                Routine            Line        Source             
pw.x               00000000010225FA  Unknown               Unknown  Unknown
libpthread-2.17.s  00002B3DC0C065E0  Unknown               Unknown  Unknown
pw.x               0000000001022490  Unknown               Unknown  Unknown
libpthread-2.17.s  00002B3DC0C065E0  Unknown               Unknown  Unknown
libmkl_avx512.so   00002B3DDAE6C5F3  mkl_blas_avx512_z     Unknown  Unknown
forrtl: error (78): process killed (SIGTERM)
Image              PC                Routine            Line        Source             
pw.x               00000000010225FA  Unknown               Unknown  Unknown
libpthread-2.17.s  00002B749DC415E0  Unknown               Unknown  Unknown
pw.x               0000000001022490  Unknown               Unknown  Unknown
libpthread-2.17.s  00002B749DC415E0  Unknown               Unknown  Unknown
libmkl_avx512.so   00002B74B7E96A16  mkl_blas_avx512_z     Unknown  Unknown
forrtl: error (78): process killed (SIGTERM)
Image              PC                Routine            Line        Source             
pw.x               00000000010225FA  Unknown               Unknown  Unknown
libpthread-2.17.s  00002B544BD475E0  Unknown               Unknown  Unknown
pw.x               0000000001022490  Unknown               Unknown  Unknown
libpthread-2.17.s  00002B544BD475E0  Unknown               Unknown  Unknown
libmkl_avx512.so   00002B5465FAD57C  mkl_blas_avx512_z     Unknown  Unknown
forrtl: error (78): process killed (SIGTERM)
Image              PC                Routine            Line        Source             
pw.x               00000000010225FA  Unknown               Unknown  Unknown
libpthread-2.17.s  00002AF69EA8C5E0  Unknown               Unknown  Unknown
pw.x               0000000001022490  Unknown               Unknown  Unknown
libpthread-2.17.s  00002AF69EA8C5E0  Unknown               Unknown  Unknown
libmkl_avx512.so   00002AF6B8CF27FD  mkl_blas_avx512_z     Unknown  Unknown
forrtl: error (78): process killed (SIGTERM)
Image              PC                Routine            Line        Source             
pw.x               00000000010225FA  Unknown               Unknown  Unknown
libpthread-2.17.s  00002B1AACC915E0  Unknown               Unknown  Unknown
pw.x               0000000001022490  Unknown               Unknown  Unknown
libpthread-2.17.s  00002B1AACC915E0  Unknown               Unknown  Unknown
libmkl_avx512.so   00002B1AC6EF75B2  mkl_blas_avx512_z     Unknown  Unknown
forrtl: error (78): process killed (SIGTERM)
Image              PC                Routine            Line        Source             
pw.x               00000000010225FA  Unknown               Unknown  Unknown
libpthread-2.17.s  00002B83B58675E0  Unknown               Unknown  Unknown
pw.x               0000000001022490  Unknown               Unknown  Unknown
libpthread-2.17.s  00002B83B58675E0  Unknown               Unknown  Unknown
libmkl_avx512.so   00002B83CFACD62B  mkl_blas_avx512_z     Unknown  Unknown
forrtl: error (78): process killed (SIGTERM)
Image              PC                Routine            Line        Source             
pw.x               00000000010225FA  Unknown               Unknown  Unknown
libpthread-2.17.s  00002B26A52EA5E0  Unknown               Unknown  Unknown
pw.x               0000000001022490  Unknown               Unknown  Unknown
libpthread-2.17.s  00002B26A52EA5E0  Unknown               Unknown  Unknown
libmkl_avx512.so   00002B26BF5507B5  mkl_blas_avx512_z     Unknown  Unknown
forrtl: error (78): process killed (SIGTERM)
Image              PC                Routine            Line        Source             
pw.x               00000000010225FA  Unknown               Unknown  Unknown
libpthread-2.17.s  00002B3B94C2A5E0  Unknown               Unknown  Unknown
pw.x               0000000001022490  Unknown               Unknown  Unknown
libpthread-2.17.s  00002B3B94C2A5E0  Unknown               Unknown  Unknown
libmkl_avx512.so   00002B3BAEE90770  mkl_blas_avx512_z     Unknown  Unknown
forrtl: error (78): process killed (SIGTERM)
Image              PC                Routine            Line        Source             
pw.x               00000000010225FA  Unknown               Unknown  Unknown
libpthread-2.17.s  00002AEEEA37A5E0  Unknown               Unknown  Unknown
pw.x               0000000001022490  Unknown               Unknown  Unknown
libpthread-2.17.s  00002AEEEA37A5E0  Unknown               Unknown  Unknown
libmkl_avx512.so   00002AEF045E0859  mkl_blas_avx512_z     Unknown  Unknown
forrtl: error (78): process killed (SIGTERM)
Image              PC                Routine            Line        Source             
pw.x               00000000010225FA  Unknown               Unknown  Unknown
libpthread-2.17.s  00002AFF14D4A5E0  Unknown               Unknown  Unknown
pw.x               0000000001022490  Unknown               Unknown  Unknown
libpthread-2.17.s  00002AFF14D4A5E0  Unknown               Unknown  Unknown
libmkl_avx512.so   00002AFF2EFB057C  mkl_blas_avx512_z     Unknown  Unknown
forrtl: error (78): process killed (SIGTERM)
Image              PC                Routine            Line        Source             
pw.x               00000000010225FA  Unknown               Unknown  Unknown
libpthread-2.17.s  00002B97576CF5E0  Unknown               Unknown  Unknown
pw.x               0000000001022490  Unknown               Unknown  Unknown
libpthread-2.17.s  00002B97576CF5E0  Unknown               Unknown  Unknown
libmkl_avx512.so   00002B97719357FD  mkl_blas_avx512_z     Unknown  Unknown
forrtl: error (78): process killed (SIGTERM)
Image              PC                Routine            Line        Source             
pw.x               00000000010225FA  Unknown               Unknown  Unknown
libpthread-2.17.s  00002AD4901755E0  Unknown               Unknown  Unknown
pw.x               0000000001022490  Unknown               Unknown  Unknown
libpthread-2.17.s  00002AD4901755E0  Unknown               Unknown  Unknown
libmkl_avx512.so   00002AD4AA3CB402  mkl_blas_avx512_z     Unknown  Unknown
forrtl: error (78): process killed (SIGTERM)
Image              PC                Routine            Line        Source             
pw.x               00000000010225FA  Unknown               Unknown  Unknown
libpthread-2.17.s  00002B5B4E1705E0  Unknown               Unknown  Unknown
pw.x               0000000001022490  Unknown               Unknown  Unknown
libpthread-2.17.s  00002B5B4E1705E0  Unknown               Unknown  Unknown
libmkl_avx512.so   00002B5B683C603A  mkl_blas_avx512_z     Unknown  Unknown
forrtl: error (78): process killed (SIGTERM)
Image              PC                Routine            Line        Source             
pw.x               00000000010225FA  Unknown               Unknown  Unknown
libpthread-2.17.s  00002AF5D0E8C5E0  Unknown               Unknown  Unknown
pw.x               0000000001022490  Unknown               Unknown  Unknown
libpthread-2.17.s  00002AF5D0E8C5E0  Unknown               Unknown  Unknown
libmkl_avx512.so   00002AF5EB0F2651  mkl_blas_avx512_z     Unknown  Unknown
forrtl: error (78): process killed (SIGTERM)
Image              PC                Routine            Line        Source             
pw.x               00000000010225FA  Unknown               Unknown  Unknown
libpthread-2.17.s  00002ACDA87355E0  Unknown               Unknown  Unknown
pw.x               0000000001022490  Unknown               Unknown  Unknown
libpthread-2.17.s  00002ACDA87355E0  Unknown               Unknown  Unknown
libmkl_avx512.so   00002ACDC299B57C  mkl_blas_avx512_z     Unknown  Unknown
forrtl: error (78): process killed (SIGTERM)
Image              PC                Routine            Line        Source             
pw.x               00000000010225FA  Unknown               Unknown  Unknown
libpthread-2.17.s  00002B28BED165E0  Unknown               Unknown  Unknown
pw.x               0000000001022490  Unknown               Unknown  Unknown
libpthread-2.17.s  00002B28BED165E0  Unknown               Unknown  Unknown
libmkl_avx512.so   00002B28D8F7C576  mkl_blas_avx512_z     Unknown  Unknown
forrtl: error (78): process killed (SIGTERM)
Image              PC                Routine            Line        Source             
pw.x               00000000010225FA  Unknown               Unknown  Unknown
libpthread-2.17.s  00002B8AC9DD75E0  Unknown               Unknown  Unknown
pw.x               0000000001022490  Unknown               Unknown  Unknown
libpthread-2.17.s  00002B8AC9DD75E0  Unknown               Unknown  Unknown
libmkl_avx512.so   00002B8AE403D72F  mkl_blas_avx512_z     Unknown  Unknown
forrtl: error (78): process killed (SIGTERM)
Image              PC                Routine            Line        Source             
pw.x               00000000010225FA  Unknown               Unknown  Unknown
libpthread-2.17.s  00002AADEE6455E0  Unknown               Unknown  Unknown
pw.x               0000000001022490  Unknown               Unknown  Unknown
libpthread-2.17.s  00002AADEE6455E0  Unknown               Unknown  Unknown
libmpi.so.12.0     00002AADED6173A8  Unknown               Unknown  Unknown
libmpi.so.12.0     00002AADED6180C5  Unknown               Unknown  Unknown
libmpi.so.12       00002AADED61BC2D  MPI_Barrier           Unknown  Unknown
libmpifort.so.12.  00002AADED1B172C  pmpi_barrier          Unknown  Unknown
pw.x               0000000000F59F97  bcast_real_                60  mp_base.f90
pw.x               0000000000F39848  mp_mp_mp_bcast_cm         660  mp.f90
pw.x               0000000000874557  pcegterg_IP_hpsi_        1329  cegterg.f90
pw.x               000000000086DA2D  pcegterg_                 972  cegterg.f90
pw.x               0000000000687E53  diag_bands_IP_dia        1028  c_bands.f90
pw.x               000000000068663C  diag_bands_               322  c_bands.f90
pw.x               0000000000685075  c_bands_                  132  c_bands.f90
pw.x               000000000040DEAE  electrons_scf_            689  electrons.f90
pw.x               000000000040B14D  electrons_                192  electrons.f90
pw.x               00000000005888D2  run_pwscf_                189  run_pwscf.f90
pw.x               00000000004084B4  MAIN__                     85  pwscf.f90
pw.x               000000000040831E  Unknown               Unknown  Unknown
libc-2.17.so       00002AADEEF19C05  __libc_start_main     Unknown  Unknown
pw.x               0000000000408229  Unknown               Unknown  Unknown
forrtl: error (78): process killed (SIGTERM)
Image              PC                Routine            Line        Source             
pw.x               00000000010225FA  Unknown               Unknown  Unknown
libpthread-2.17.s  00002B287863C5E0  Unknown               Unknown  Unknown
pw.x               0000000001022490  Unknown               Unknown  Unknown
libpthread-2.17.s  00002B287863C5E0  Unknown               Unknown  Unknown
libmpi.so.12.0     00002B287760E3AA  Unknown               Unknown  Unknown
libmpi.so.12.0     00002B287760F0C5  Unknown               Unknown  Unknown
libmpi.so.12       00002B2877612C2D  MPI_Barrier           Unknown  Unknown
libmpifort.so.12.  00002B28771A872C  pmpi_barrier          Unknown  Unknown
pw.x               0000000000F59F97  bcast_real_                60  mp_base.f90
pw.x               0000000000F39848  mp_mp_mp_bcast_cm         660  mp.f90
pw.x               0000000000874557  pcegterg_IP_hpsi_        1329  cegterg.f90
pw.x               000000000086DA2D  pcegterg_                 972  cegterg.f90
pw.x               0000000000687E53  diag_bands_IP_dia        1028  c_bands.f90
pw.x               000000000068663C  diag_bands_               322  c_bands.f90
pw.x               0000000000685075  c_bands_                  132  c_bands.f90
pw.x               000000000040DEAE  electrons_scf_            689  electrons.f90
pw.x               000000000040B14D  electrons_                192  electrons.f90
pw.x               00000000005888D2  run_pwscf_                189  run_pwscf.f90
pw.x               00000000004084B4  MAIN__                     85  pwscf.f90
pw.x               000000000040831E  Unknown               Unknown  Unknown
libc-2.17.so       00002B2878F10C05  __libc_start_main     Unknown  Unknown
pw.x               0000000000408229  Unknown               Unknown  Unknown
forrtl: error (78): process killed (SIGTERM)
Image              PC                Routine            Line        Source             
pw.x               00000000010225FA  Unknown               Unknown  Unknown
libpthread-2.17.s  00002B486BD105E0  Unknown               Unknown  Unknown
pw.x               0000000001022490  Unknown               Unknown  Unknown
libpthread-2.17.s  00002B486BD105E0  Unknown               Unknown  Unknown
libmpi.so.12.0     00002B486ACE23AA  Unknown               Unknown  Unknown
libmpi.so.12.0     00002B486ACE30C5  Unknown               Unknown  Unknown
libmpi.so.12       00002B486ACE6C2D  MPI_Barrier           Unknown  Unknown
libmpifort.so.12.  00002B486A87C72C  pmpi_barrier          Unknown  Unknown
pw.x               0000000000F59F97  bcast_real_                60  mp_base.f90
pw.x               0000000000F39848  mp_mp_mp_bcast_cm         660  mp.f90
pw.x               0000000000874557  pcegterg_IP_hpsi_        1329  cegterg.f90
pw.x               000000000086DA2D  pcegterg_                 972  cegterg.f90
pw.x               0000000000687E53  diag_bands_IP_dia        1028  c_bands.f90
pw.x               000000000068663C  diag_bands_               322  c_bands.f90
pw.x               0000000000685075  c_bands_                  132  c_bands.f90
pw.x               000000000040DEAE  electrons_scf_            689  electrons.f90
pw.x               000000000040B14D  electrons_                192  electrons.f90
pw.x               00000000005888D2  run_pwscf_                189  run_pwscf.f90
pw.x               00000000004084B4  MAIN__                     85  pwscf.f90
pw.x               000000000040831E  Unknown               Unknown  Unknown
libc-2.17.so       00002B486C5E4C05  __libc_start_main     Unknown  Unknown
pw.x               0000000000408229  Unknown               Unknown  Unknown
forrtl: error (78): process killed (SIGTERM)
Image              PC                Routine            Line        Source             
pw.x               00000000010225FA  Unknown               Unknown  Unknown
libpthread-2.17.s  00002B288C6035E0  Unknown               Unknown  Unknown
pw.x               0000000001022490  Unknown               Unknown  Unknown
libpthread-2.17.s  00002B288C6035E0  Unknown               Unknown  Unknown
libmpi.so.12.0     00002B288B5D53AA  Unknown               Unknown  Unknown
libmpi.so.12.0     00002B288B5D60C5  Unknown               Unknown  Unknown
libmpi.so.12       00002B288B5D9C2D  MPI_Barrier           Unknown  Unknown
libmpifort.so.12.  00002B288B16F72C  pmpi_barrier          Unknown  Unknown
pw.x               0000000000F59F97  bcast_real_                60  mp_base.f90
pw.x               0000000000F39848  mp_mp_mp_bcast_cm         660  mp.f90
pw.x               0000000000874557  pcegterg_IP_hpsi_        1329  cegterg.f90
pw.x               000000000086DA2D  pcegterg_                 972  cegterg.f90
pw.x               0000000000687E53  diag_bands_IP_dia        1028  c_bands.f90
pw.x               000000000068663C  diag_bands_               322  c_bands.f90
pw.x               0000000000685075  c_bands_                  132  c_bands.f90
pw.x               000000000040DEAE  electrons_scf_            689  electrons.f90
pw.x               000000000040B14D  electrons_                192  electrons.f90
pw.x               00000000005888D2  run_pwscf_                189  run_pwscf.f90
pw.x               00000000004084B4  MAIN__                     85  pwscf.f90
pw.x               000000000040831E  Unknown               Unknown  Unknown
libc-2.17.so       00002B288CED7C05  __libc_start_main     Unknown  Unknown
pw.x               0000000000408229  Unknown               Unknown  Unknown
forrtl: error (78): process killed (SIGTERM)
Image              PC                Routine            Line        Source             
pw.x               00000000010225FA  Unknown               Unknown  Unknown
libpthread-2.17.s  00002B769B23A5E0  Unknown               Unknown  Unknown
pw.x               0000000001022490  Unknown               Unknown  Unknown
libpthread-2.17.s  00002B769B23A5E0  Unknown               Unknown  Unknown
libmpi.so.12.0     00002B769A20C3AA  Unknown               Unknown  Unknown
libmpi.so.12.0     00002B769A20D0C5  Unknown               Unknown  Unknown
libmpi.so.12       00002B769A210C2D  MPI_Barrier           Unknown  Unknown
libmpifort.so.12.  00002B7699DA672C  pmpi_barrier          Unknown  Unknown
pw.x               0000000000F59F97  bcast_real_                60  mp_base.f90
pw.x               0000000000F39848  mp_mp_mp_bcast_cm         660  mp.f90
pw.x               0000000000874557  pcegterg_IP_hpsi_        1329  cegterg.f90
pw.x               000000000086DA2D  pcegterg_                 972  cegterg.f90
pw.x               0000000000687E53  diag_bands_IP_dia        1028  c_bands.f90
pw.x               000000000068663C  diag_bands_               322  c_bands.f90
pw.x               0000000000685075  c_bands_                  132  c_bands.f90
pw.x               000000000040DEAE  electrons_scf_            689  electrons.f90
pw.x               000000000040B14D  electrons_                192  electrons.f90
pw.x               00000000005888D2  run_pwscf_                189  run_pwscf.f90
pw.x               00000000004084B4  MAIN__                     85  pwscf.f90
pw.x               000000000040831E  Unknown               Unknown  Unknown
libc-2.17.so       00002B769BB0EC05  __libc_start_main     Unknown  Unknown
pw.x               0000000000408229  Unknown               Unknown  Unknown
forrtl: error (78): process killed (SIGTERM)
Image              PC                Routine            Line        Source             
pw.x               00000000010225FA  Unknown               Unknown  Unknown
libpthread-2.17.s  00002B1E9CE8D5E0  Unknown               Unknown  Unknown
pw.x               0000000001022490  Unknown               Unknown  Unknown
libpthread-2.17.s  00002B1E9CE8D5E0  Unknown               Unknown  Unknown
libmpi.so.12.0     00002B1E9BE5F3AF  Unknown               Unknown  Unknown
libmpi.so.12.0     00002B1E9BE600C5  Unknown               Unknown  Unknown
libmpi.so.12       00002B1E9BE63C2D  MPI_Barrier           Unknown  Unknown
libmpifort.so.12.  00002B1E9B9F972C  pmpi_barrier          Unknown  Unknown
pw.x               0000000000F59F97  bcast_real_                60  mp_base.f90
pw.x               0000000000F39848  mp_mp_mp_bcast_cm         660  mp.f90
pw.x               0000000000874557  pcegterg_IP_hpsi_        1329  cegterg.f90
pw.x               000000000086DA2D  pcegterg_                 972  cegterg.f90
pw.x               0000000000687E53  diag_bands_IP_dia        1028  c_bands.f90
pw.x               000000000068663C  diag_bands_               322  c_bands.f90
pw.x               0000000000685075  c_bands_                  132  c_bands.f90
pw.x               000000000040DEAE  electrons_scf_            689  electrons.f90
pw.x               000000000040B14D  electrons_                192  electrons.f90
pw.x               00000000005888D2  run_pwscf_                189  run_pwscf.f90
pw.x               00000000004084B4  MAIN__                     85  pwscf.f90
pw.x               000000000040831E  Unknown               Unknown  Unknown
libc-2.17.so       00002B1E9D761C05  __libc_start_main     Unknown  Unknown
pw.x               0000000000408229  Unknown               Unknown  Unknown
forrtl: error (78): process killed (SIGTERM)
Image              PC                Routine            Line        Source             
pw.x               00000000010225FA  Unknown               Unknown  Unknown
libpthread-2.17.s  00002B332384C5E0  Unknown               Unknown  Unknown
pw.x               0000000001022490  Unknown               Unknown  Unknown
libpthread-2.17.s  00002B332384C5E0  Unknown               Unknown  Unknown
libmpi.so.12.0     00002B332281E3AA  Unknown               Unknown  Unknown
libmpi.so.12.0     00002B332281F0C5  Unknown               Unknown  Unknown
libmpi.so.12       00002B3322822C2D  MPI_Barrier           Unknown  Unknown
libmpifort.so.12.  00002B33223B872C  pmpi_barrier          Unknown  Unknown
pw.x               0000000000F59F97  bcast_real_                60  mp_base.f90
pw.x               0000000000F39848  mp_mp_mp_bcast_cm         660  mp.f90
pw.x               0000000000874557  pcegterg_IP_hpsi_        1329  cegterg.f90
pw.x               000000000086DA2D  pcegterg_                 972  cegterg.f90
pw.x               0000000000687E53  diag_bands_IP_dia        1028  c_bands.f90
pw.x               000000000068663C  diag_bands_               322  c_bands.f90
pw.x               0000000000685075  c_bands_                  132  c_bands.f90
pw.x               000000000040DEAE  electrons_scf_            689  electrons.f90
pw.x               000000000040B14D  electrons_                192  electrons.f90
pw.x               00000000005888D2  run_pwscf_                189  run_pwscf.f90
pw.x               00000000004084B4  MAIN__                     85  pwscf.f90
pw.x               000000000040831E  Unknown               Unknown  Unknown
libc-2.17.so       00002B3324120C05  __libc_start_main     Unknown  Unknown
pw.x               0000000000408229  Unknown               Unknown  Unknown
forrtl: error (78): process killed (SIGTERM)
Image              PC                Routine            Line        Source             
pw.x               00000000010225FA  Unknown               Unknown  Unknown
libpthread-2.17.s  00002B518F66D5E0  Unknown               Unknown  Unknown
pw.x               0000000001022490  Unknown               Unknown  Unknown
libpthread-2.17.s  00002B518F66D5E0  Unknown               Unknown  Unknown
libmpi.so.12.0     00002B518E63F3AA  Unknown               Unknown  Unknown
libmpi.so.12.0     00002B518E6400C5  Unknown               Unknown  Unknown
libmpi.so.12       00002B518E643C2D  MPI_Barrier           Unknown  Unknown
libmpifort.so.12.  00002B518E1D972C  pmpi_barrier          Unknown  Unknown
pw.x               0000000000F59F97  bcast_real_                60  mp_base.f90
pw.x               0000000000F39848  mp_mp_mp_bcast_cm         660  mp.f90
pw.x               0000000000874557  pcegterg_IP_hpsi_        1329  cegterg.f90
pw.x               000000000086DA2D  pcegterg_                 972  cegterg.f90
pw.x               0000000000687E53  diag_bands_IP_dia        1028  c_bands.f90
pw.x               000000000068663C  diag_bands_               322  c_bands.f90
pw.x               0000000000685075  c_bands_                  132  c_bands.f90
pw.x               000000000040DEAE  electrons_scf_            689  electrons.f90
pw.x               000000000040B14D  electrons_                192  electrons.f90
pw.x               00000000005888D2  run_pwscf_                189  run_pwscf.f90
pw.x               00000000004084B4  MAIN__                     85  pwscf.f90
pw.x               000000000040831E  Unknown               Unknown  Unknown
libc-2.17.so       00002B518FF41C05  __libc_start_main     Unknown  Unknown
pw.x               0000000000408229  Unknown               Unknown  Unknown
forrtl: error (78): process killed (SIGTERM)
Image              PC                Routine            Line        Source             
pw.x               00000000010225FA  Unknown               Unknown  Unknown
libpthread-2.17.s  00002AC4B32CB5E0  Unknown               Unknown  Unknown
pw.x               0000000001022490  Unknown               Unknown  Unknown
libpthread-2.17.s  00002AC4B32CB5E0  Unknown               Unknown  Unknown
libmpi.so.12.0     00002AC4B229D3AA  Unknown               Unknown  Unknown
libmpi.so.12.0     00002AC4B229E0C5  Unknown               Unknown  Unknown
libmpi.so.12       00002AC4B22A1C2D  MPI_Barrier           Unknown  Unknown
libmpifort.so.12.  00002AC4B1E3772C  pmpi_barrier          Unknown  Unknown
pw.x               0000000000F59F97  bcast_real_                60  mp_base.f90
pw.x               0000000000F39848  mp_mp_mp_bcast_cm         660  mp.f90
pw.x               0000000000874557  pcegterg_IP_hpsi_        1329  cegterg.f90
pw.x               000000000086DA2D  pcegterg_                 972  cegterg.f90
pw.x               0000000000687E53  diag_bands_IP_dia        1028  c_bands.f90
pw.x               000000000068663C  diag_bands_               322  c_bands.f90
pw.x               0000000000685075  c_bands_                  132  c_bands.f90
pw.x               000000000040DEAE  electrons_scf_            689  electrons.f90
pw.x               000000000040B14D  electrons_                192  electrons.f90
pw.x               00000000005888D2  run_pwscf_                189  run_pwscf.f90
pw.x               00000000004084B4  MAIN__                     85  pwscf.f90
pw.x               000000000040831E  Unknown               Unknown  Unknown
libc-2.17.so       00002AC4B3B9FC05  __libc_start_main     Unknown  Unknown
pw.x               0000000000408229  Unknown               Unknown  Unknown
