forrtl: error (78): process killed (SIGTERM)
Image              PC                Routine            Line        Source             
pw.x               00000000010225FA  Unknown               Unknown  Unknown
libpthread-2.17.s  00002B4BB34865E0  Unknown               Unknown  Unknown
pw.x               0000000000E7250F  fft_helper_subrou         499  fft_helper_subroutines.f90
pw.x               0000000000A304E0  fft_wave_mp_wave_         142  fft_wave.f90
pw.x               000000000082BE7A  vloc_psi_k_               259  vloc_psi.f90
pw.x               00000000007AC2F1  h_psi__                   221  h_psi.f90
pw.x               00000000007ABD66  h_psi_                     71  h_psi.f90
pw.x               000000000086D8F3  pcegterg_                 905  cegterg.f90
pw.x               0000000000687E53  diag_bands_IP_dia        1028  c_bands.f90
pw.x               000000000068663C  diag_bands_               322  c_bands.f90
pw.x               0000000000685075  c_bands_                  132  c_bands.f90
pw.x               000000000040DEAE  electrons_scf_            689  electrons.f90
pw.x               000000000040B14D  electrons_                192  electrons.f90
pw.x               00000000005888D2  run_pwscf_                189  run_pwscf.f90
pw.x               00000000004084B4  MAIN__                     85  pwscf.f90
pw.x               000000000040831E  Unknown               Unknown  Unknown
libc-2.17.so       00002B4BB3D5AC05  __libc_start_main     Unknown  Unknown
pw.x               0000000000408229  Unknown               Unknown  Unknown
forrtl: error (78): process killed (SIGTERM)
Image              PC                Routine            Line        Source             
pw.x               00000000010225FA  Unknown               Unknown  Unknown
libpthread-2.17.s  00002AD2DB8345E0  Unknown               Unknown  Unknown
libmpi.so.12       00002AD2DA83EEB8  PMPIDI_CH3I_Progr     Unknown  Unknown
libmpi.so.12.0     00002AD2DA9E2243  Unknown               Unknown  Unknown
libmpi.so.12.0     00002AD2DA7F1F46  Unknown               Unknown  Unknown
libmpi.so.12       00002AD2DA7F40BF  MPI_Alltoall          Unknown  Unknown
libmpifort.so.12.  00002AD2DA39F42E  mpi_alltoall__        Unknown  Unknown
pw.x               0000000000E3E3E6  fft_scatter_2d_mp         123  fft_scatter_2d.f90
pw.x               0000000000E55397  fft_parallel_2d_m         172  fft_parallel_2d.f90
pw.x               0000000000E40685  invfft_y_                  91  fft_fwinv.f90
pw.x               0000000000A30430  fft_wave_mp_wave_         152  fft_wave.f90
pw.x               000000000082BE7A  vloc_psi_k_               259  vloc_psi.f90
pw.x               00000000007AC2F1  h_psi__                   221  h_psi.f90
pw.x               00000000007ABD66  h_psi_                     71  h_psi.f90
pw.x               000000000086D8F3  pcegterg_                 905  cegterg.f90
pw.x               0000000000687E53  diag_bands_IP_dia        1028  c_bands.f90
pw.x               000000000068663C  diag_bands_               322  c_bands.f90
pw.x               0000000000685075  c_bands_                  132  c_bands.f90
pw.x               000000000040DEAE  electrons_scf_            689  electrons.f90
pw.x               000000000040B14D  electrons_                192  electrons.f90
pw.x               00000000005888D2  run_pwscf_                189  run_pwscf.f90
pw.x               00000000004084B4  MAIN__                     85  pwscf.f90
pw.x               000000000040831E  Unknown               Unknown  Unknown
libc-2.17.so       00002AD2DC108C05  __libc_start_main     Unknown  Unknown
pw.x               0000000000408229  Unknown               Unknown  Unknown
forrtl: error (78): process killed (SIGTERM)
Image              PC                Routine            Line        Source             
pw.x               00000000010225FA  Unknown               Unknown  Unknown
libpthread-2.17.s  00002AF99861B5E0  Unknown               Unknown  Unknown
libmpi.so.12       00002AF997626B94  PMPIDI_CH3I_Progr     Unknown  Unknown
libmpi.so.12.0     00002AF9977C9243  Unknown               Unknown  Unknown
libmpi.so.12.0     00002AF9975D8F46  Unknown               Unknown  Unknown
libmpi.so.12       00002AF9975DB0BF  MPI_Alltoall          Unknown  Unknown
libmpifort.so.12.  00002AF99718642E  mpi_alltoall__        Unknown  Unknown
pw.x               0000000000E3E3E6  fft_scatter_2d_mp         123  fft_scatter_2d.f90
pw.x               0000000000E55397  fft_parallel_2d_m         172  fft_parallel_2d.f90
pw.x               0000000000E40685  invfft_y_                  91  fft_fwinv.f90
pw.x               0000000000A30430  fft_wave_mp_wave_         152  fft_wave.f90
pw.x               000000000082BE7A  vloc_psi_k_               259  vloc_psi.f90
pw.x               00000000007AC2F1  h_psi__                   221  h_psi.f90
pw.x               00000000007ABD66  h_psi_                     71  h_psi.f90
pw.x               000000000086D8F3  pcegterg_                 905  cegterg.f90
pw.x               0000000000687E53  diag_bands_IP_dia        1028  c_bands.f90
pw.x               000000000068663C  diag_bands_               322  c_bands.f90
pw.x               0000000000685075  c_bands_                  132  c_bands.f90
pw.x               000000000040DEAE  electrons_scf_            689  electrons.f90
pw.x               000000000040B14D  electrons_                192  electrons.f90
pw.x               00000000005888D2  run_pwscf_                189  run_pwscf.f90
pw.x               00000000004084B4  MAIN__                     85  pwscf.f90
pw.x               000000000040831E  Unknown               Unknown  Unknown
libc-2.17.so       00002AF998EEFC05  __libc_start_main     Unknown  Unknown
pw.x               0000000000408229  Unknown               Unknown  Unknown
forrtl: error (78): process killed (SIGTERM)
Image              PC                Routine            Line        Source             
pw.x               00000000010225FA  Unknown               Unknown  Unknown
libpthread-2.17.s  00002ADABA7255E0  Unknown               Unknown  Unknown
libmpi.so.12       00002ADAB972FEBF  PMPIDI_CH3I_Progr     Unknown  Unknown
libmpi.so.12.0     00002ADAB98D3243  Unknown               Unknown  Unknown
libmpi.so.12.0     00002ADAB96E2F46  Unknown               Unknown  Unknown
libmpi.so.12       00002ADAB96E50BF  MPI_Alltoall          Unknown  Unknown
libmpifort.so.12.  00002ADAB929042E  mpi_alltoall__        Unknown  Unknown
pw.x               0000000000E3E3E6  fft_scatter_2d_mp         123  fft_scatter_2d.f90
pw.x               0000000000E55397  fft_parallel_2d_m         172  fft_parallel_2d.f90
pw.x               0000000000E40685  invfft_y_                  91  fft_fwinv.f90
pw.x               0000000000A30430  fft_wave_mp_wave_         152  fft_wave.f90
pw.x               000000000082BE7A  vloc_psi_k_               259  vloc_psi.f90
pw.x               00000000007AC2F1  h_psi__                   221  h_psi.f90
pw.x               00000000007ABD66  h_psi_                     71  h_psi.f90
pw.x               000000000086D8F3  pcegterg_                 905  cegterg.f90
pw.x               0000000000687E53  diag_bands_IP_dia        1028  c_bands.f90
pw.x               000000000068663C  diag_bands_               322  c_bands.f90
pw.x               0000000000685075  c_bands_                  132  c_bands.f90
pw.x               000000000040DEAE  electrons_scf_            689  electrons.f90
pw.x               000000000040B14D  electrons_                192  electrons.f90
pw.x               00000000005888D2  run_pwscf_                189  run_pwscf.f90
pw.x               00000000004084B4  MAIN__                     85  pwscf.f90
pw.x               000000000040831E  Unknown               Unknown  Unknown
libc-2.17.so       00002ADABAFF9C05  __libc_start_main     Unknown  Unknown
pw.x               0000000000408229  Unknown               Unknown  Unknown
forrtl: error (78): process killed (SIGTERM)
Image              PC                Routine            Line        Source             
pw.x               00000000010225FA  Unknown               Unknown  Unknown
libpthread-2.17.s  00002B784FDED5E0  Unknown               Unknown  Unknown
libmpi.so.12       00002B784EDF7EB8  PMPIDI_CH3I_Progr     Unknown  Unknown
libmpi.so.12.0     00002B784EF9B243  Unknown               Unknown  Unknown
libmpi.so.12.0     00002B784EDAAF46  Unknown               Unknown  Unknown
libmpi.so.12       00002B784EDAD0BF  MPI_Alltoall          Unknown  Unknown
libmpifort.so.12.  00002B784E95842E  mpi_alltoall__        Unknown  Unknown
pw.x               0000000000E3E3E6  fft_scatter_2d_mp         123  fft_scatter_2d.f90
pw.x               0000000000E55397  fft_parallel_2d_m         172  fft_parallel_2d.f90
pw.x               0000000000E40685  invfft_y_                  91  fft_fwinv.f90
pw.x               0000000000A30430  fft_wave_mp_wave_         152  fft_wave.f90
pw.x               000000000082BE7A  vloc_psi_k_               259  vloc_psi.f90
pw.x               00000000007AC2F1  h_psi__                   221  h_psi.f90
pw.x               00000000007ABD66  h_psi_                     71  h_psi.f90
pw.x               000000000086D8F3  pcegterg_                 905  cegterg.f90
pw.x               0000000000687E53  diag_bands_IP_dia        1028  c_bands.f90
pw.x               000000000068663C  diag_bands_               322  c_bands.f90
pw.x               0000000000685075  c_bands_                  132  c_bands.f90
pw.x               000000000040DEAE  electrons_scf_            689  electrons.f90
pw.x               000000000040B14D  electrons_                192  electrons.f90
pw.x               00000000005888D2  run_pwscf_                189  run_pwscf.f90
pw.x               00000000004084B4  MAIN__                     85  pwscf.f90
pw.x               000000000040831E  Unknown               Unknown  Unknown
libc-2.17.so       00002B78506C1C05  __libc_start_main     Unknown  Unknown
pw.x               0000000000408229  Unknown               Unknown  Unknown
forrtl: error (78): process killed (SIGTERM)
Image              PC                Routine            Line        Source             
pw.x               00000000010225FA  Unknown               Unknown  Unknown
libpthread-2.17.s  00002B70B96E95E0  Unknown               Unknown  Unknown
libmpi.so.12       00002B70B86F3EB8  PMPIDI_CH3I_Progr     Unknown  Unknown
libmpi.so.12.0     00002B70B8897243  Unknown               Unknown  Unknown
libmpi.so.12.0     00002B70B86A6F46  Unknown               Unknown  Unknown
libmpi.so.12       00002B70B86A90BF  MPI_Alltoall          Unknown  Unknown
libmpifort.so.12.  00002B70B825442E  mpi_alltoall__        Unknown  Unknown
pw.x               0000000000E3E3E6  fft_scatter_2d_mp         123  fft_scatter_2d.f90
pw.x               0000000000E55397  fft_parallel_2d_m         172  fft_parallel_2d.f90
pw.x               0000000000E40685  invfft_y_                  91  fft_fwinv.f90
pw.x               0000000000A30430  fft_wave_mp_wave_         152  fft_wave.f90
pw.x               000000000082BE7A  vloc_psi_k_               259  vloc_psi.f90
pw.x               00000000007AC2F1  h_psi__                   221  h_psi.f90
pw.x               00000000007ABD66  h_psi_                     71  h_psi.f90
pw.x               000000000086D8F3  pcegterg_                 905  cegterg.f90
pw.x               0000000000687E53  diag_bands_IP_dia        1028  c_bands.f90
pw.x               000000000068663C  diag_bands_               322  c_bands.f90
pw.x               0000000000685075  c_bands_                  132  c_bands.f90
pw.x               000000000040DEAE  electrons_scf_            689  electrons.f90
pw.x               000000000040B14D  electrons_                192  electrons.f90
pw.x               00000000005888D2  run_pwscf_                189  run_pwscf.f90
pw.x               00000000004084B4  MAIN__                     85  pwscf.f90
pw.x               000000000040831E  Unknown               Unknown  Unknown
libc-2.17.so       00002B70B9FBDC05  __libc_start_main     Unknown  Unknown
pw.x               0000000000408229  Unknown               Unknown  Unknown
forrtl: error (78): process killed (SIGTERM)
Image              PC                Routine            Line        Source             
pw.x               00000000010225FA  Unknown               Unknown  Unknown
libpthread-2.17.s  00002B393E9DB5E0  Unknown               Unknown  Unknown
libmpi.so.12       00002B393D9E5EB8  PMPIDI_CH3I_Progr     Unknown  Unknown
libmpi.so.12.0     00002B393DB89243  Unknown               Unknown  Unknown
libmpi.so.12.0     00002B393D998F46  Unknown               Unknown  Unknown
libmpi.so.12       00002B393D99B0BF  MPI_Alltoall          Unknown  Unknown
libmpifort.so.12.  00002B393D54642E  mpi_alltoall__        Unknown  Unknown
pw.x               0000000000E3E3E6  fft_scatter_2d_mp         123  fft_scatter_2d.f90
pw.x               0000000000E55397  fft_parallel_2d_m         172  fft_parallel_2d.f90
pw.x               0000000000E40685  invfft_y_                  91  fft_fwinv.f90
pw.x               0000000000A30430  fft_wave_mp_wave_         152  fft_wave.f90
pw.x               000000000082BE7A  vloc_psi_k_               259  vloc_psi.f90
pw.x               00000000007AC2F1  h_psi__                   221  h_psi.f90
pw.x               00000000007ABD66  h_psi_                     71  h_psi.f90
pw.x               000000000086D8F3  pcegterg_                 905  cegterg.f90
pw.x               0000000000687E53  diag_bands_IP_dia        1028  c_bands.f90
pw.x               000000000068663C  diag_bands_               322  c_bands.f90
pw.x               0000000000685075  c_bands_                  132  c_bands.f90
pw.x               000000000040DEAE  electrons_scf_            689  electrons.f90
pw.x               000000000040B14D  electrons_                192  electrons.f90
pw.x               00000000005888D2  run_pwscf_                189  run_pwscf.f90
pw.x               00000000004084B4  MAIN__                     85  pwscf.f90
pw.x               000000000040831E  Unknown               Unknown  Unknown
libc-2.17.so       00002B393F2AFC05  __libc_start_main     Unknown  Unknown
pw.x               0000000000408229  Unknown               Unknown  Unknown
forrtl: error (78): process killed (SIGTERM)
Image              PC                Routine            Line        Source             
pw.x               00000000010225FA  Unknown               Unknown  Unknown
libpthread-2.17.s  00002BA61A6AD5E0  Unknown               Unknown  Unknown
libmpi.so.12       00002BA6196B7EBF  PMPIDI_CH3I_Progr     Unknown  Unknown
libmpi.so.12.0     00002BA61985B243  Unknown               Unknown  Unknown
libmpi.so.12.0     00002BA61966AF46  Unknown               Unknown  Unknown
libmpi.so.12       00002BA61966D0BF  MPI_Alltoall          Unknown  Unknown
libmpifort.so.12.  00002BA61921842E  mpi_alltoall__        Unknown  Unknown
pw.x               0000000000E3E3E6  fft_scatter_2d_mp         123  fft_scatter_2d.f90
pw.x               0000000000E55397  fft_parallel_2d_m         172  fft_parallel_2d.f90
pw.x               0000000000E40685  invfft_y_                  91  fft_fwinv.f90
pw.x               0000000000A30430  fft_wave_mp_wave_         152  fft_wave.f90
pw.x               000000000082BE7A  vloc_psi_k_               259  vloc_psi.f90
pw.x               00000000007AC2F1  h_psi__                   221  h_psi.f90
pw.x               00000000007ABD66  h_psi_                     71  h_psi.f90
pw.x               000000000086D8F3  pcegterg_                 905  cegterg.f90
pw.x               0000000000687E53  diag_bands_IP_dia        1028  c_bands.f90
pw.x               000000000068663C  diag_bands_               322  c_bands.f90
pw.x               0000000000685075  c_bands_                  132  c_bands.f90
pw.x               000000000040DEAE  electrons_scf_            689  electrons.f90
pw.x               000000000040B14D  electrons_                192  electrons.f90
pw.x               00000000005888D2  run_pwscf_                189  run_pwscf.f90
pw.x               00000000004084B4  MAIN__                     85  pwscf.f90
pw.x               000000000040831E  Unknown               Unknown  Unknown
libc-2.17.so       00002BA61AF81C05  __libc_start_main     Unknown  Unknown
pw.x               0000000000408229  Unknown               Unknown  Unknown
forrtl: error (78): process killed (SIGTERM)
Image              PC                Routine            Line        Source             
pw.x               00000000010225FA  Unknown               Unknown  Unknown
libpthread-2.17.s  00002AC1B1E1C5E0  Unknown               Unknown  Unknown
libmpi.so.12       00002AC1B0E27593  PMPIDI_CH3I_Progr     Unknown  Unknown
libmpi.so.12.0     00002AC1B0FCA243  Unknown               Unknown  Unknown
libmpi.so.12.0     00002AC1B0DD9F46  Unknown               Unknown  Unknown
libmpi.so.12       00002AC1B0DDC0BF  MPI_Alltoall          Unknown  Unknown
libmpifort.so.12.  00002AC1B098742E  mpi_alltoall__        Unknown  Unknown
pw.x               0000000000E3E3E6  fft_scatter_2d_mp         123  fft_scatter_2d.f90
pw.x               0000000000E55397  fft_parallel_2d_m         172  fft_parallel_2d.f90
pw.x               0000000000E40685  invfft_y_                  91  fft_fwinv.f90
pw.x               0000000000A30430  fft_wave_mp_wave_         152  fft_wave.f90
pw.x               000000000082BE7A  vloc_psi_k_               259  vloc_psi.f90
pw.x               00000000007AC2F1  h_psi__                   221  h_psi.f90
pw.x               00000000007ABD66  h_psi_                     71  h_psi.f90
pw.x               000000000086D8F3  pcegterg_                 905  cegterg.f90
pw.x               0000000000687E53  diag_bands_IP_dia        1028  c_bands.f90
pw.x               000000000068663C  diag_bands_               322  c_bands.f90
pw.x               0000000000685075  c_bands_                  132  c_bands.f90
pw.x               000000000040DEAE  electrons_scf_            689  electrons.f90
pw.x               000000000040B14D  electrons_                192  electrons.f90
pw.x               00000000005888D2  run_pwscf_                189  run_pwscf.f90
pw.x               00000000004084B4  MAIN__                     85  pwscf.f90
pw.x               000000000040831E  Unknown               Unknown  Unknown
libc-2.17.so       00002AC1B26F0C05  __libc_start_main     Unknown  Unknown
pw.x               0000000000408229  Unknown               Unknown  Unknown
forrtl: error (78): process killed (SIGTERM)
Image              PC                Routine            Line        Source             
pw.x               00000000010225FA  Unknown               Unknown  Unknown
libpthread-2.17.s  00002AF1463245E0  Unknown               Unknown  Unknown
libmpi.so.12       00002AF14532EEB8  PMPIDI_CH3I_Progr     Unknown  Unknown
libmpi.so.12.0     00002AF1454D2243  Unknown               Unknown  Unknown
libmpi.so.12.0     00002AF1452E1F46  Unknown               Unknown  Unknown
libmpi.so.12       00002AF1452E40BF  MPI_Alltoall          Unknown  Unknown
libmpifort.so.12.  00002AF144E8F42E  mpi_alltoall__        Unknown  Unknown
pw.x               0000000000E3E3E6  fft_scatter_2d_mp         123  fft_scatter_2d.f90
pw.x               0000000000E55397  fft_parallel_2d_m         172  fft_parallel_2d.f90
pw.x               0000000000E40685  invfft_y_                  91  fft_fwinv.f90
pw.x               0000000000A30430  fft_wave_mp_wave_         152  fft_wave.f90
pw.x               000000000082BE7A  vloc_psi_k_               259  vloc_psi.f90
pw.x               00000000007AC2F1  h_psi__                   221  h_psi.f90
pw.x               00000000007ABD66  h_psi_                     71  h_psi.f90
pw.x               000000000086D8F3  pcegterg_                 905  cegterg.f90
pw.x               0000000000687E53  diag_bands_IP_dia        1028  c_bands.f90
pw.x               000000000068663C  diag_bands_               322  c_bands.f90
pw.x               0000000000685075  c_bands_                  132  c_bands.f90
pw.x               000000000040DEAE  electrons_scf_            689  electrons.f90
pw.x               000000000040B14D  electrons_                192  electrons.f90
pw.x               00000000005888D2  run_pwscf_                189  run_pwscf.f90
pw.x               00000000004084B4  MAIN__                     85  pwscf.f90
pw.x               000000000040831E  Unknown               Unknown  Unknown
libc-2.17.so       00002AF146BF8C05  __libc_start_main     Unknown  Unknown
pw.x               0000000000408229  Unknown               Unknown  Unknown
forrtl: error (78): process killed (SIGTERM)
Image              PC                Routine            Line        Source             
pw.x               00000000010225FA  Unknown               Unknown  Unknown
libpthread-2.17.s  00002B174CBA25E0  Unknown               Unknown  Unknown
libmpi.so.12       00002B174BBACEB8  PMPIDI_CH3I_Progr     Unknown  Unknown
libmpi.so.12.0     00002B174BD50243  Unknown               Unknown  Unknown
libmpi.so.12.0     00002B174BB5FF46  Unknown               Unknown  Unknown
libmpi.so.12       00002B174BB620BF  MPI_Alltoall          Unknown  Unknown
libmpifort.so.12.  00002B174B70D42E  mpi_alltoall__        Unknown  Unknown
pw.x               0000000000E3E3E6  fft_scatter_2d_mp         123  fft_scatter_2d.f90
pw.x               0000000000E55397  fft_parallel_2d_m         172  fft_parallel_2d.f90
pw.x               0000000000E40685  invfft_y_                  91  fft_fwinv.f90
pw.x               0000000000A30430  fft_wave_mp_wave_         152  fft_wave.f90
pw.x               000000000082BE7A  vloc_psi_k_               259  vloc_psi.f90
pw.x               00000000007AC2F1  h_psi__                   221  h_psi.f90
pw.x               00000000007ABD66  h_psi_                     71  h_psi.f90
pw.x               000000000086D8F3  pcegterg_                 905  cegterg.f90
pw.x               0000000000687E53  diag_bands_IP_dia        1028  c_bands.f90
pw.x               000000000068663C  diag_bands_               322  c_bands.f90
pw.x               0000000000685075  c_bands_                  132  c_bands.f90
pw.x               000000000040DEAE  electrons_scf_            689  electrons.f90
pw.x               000000000040B14D  electrons_                192  electrons.f90
pw.x               00000000005888D2  run_pwscf_                189  run_pwscf.f90
pw.x               00000000004084B4  MAIN__                     85  pwscf.f90
pw.x               000000000040831E  Unknown               Unknown  Unknown
libc-2.17.so       00002B174D476C05  __libc_start_main     Unknown  Unknown
pw.x               0000000000408229  Unknown               Unknown  Unknown
forrtl: error (78): process killed (SIGTERM)
Image              PC                Routine            Line        Source             
pw.x               00000000010225FA  Unknown               Unknown  Unknown
libpthread-2.17.s  00002B49882855E0  Unknown               Unknown  Unknown
libmpi.so.12       00002B498728FEB8  PMPIDI_CH3I_Progr     Unknown  Unknown
libmpi.so.12.0     00002B4987433243  Unknown               Unknown  Unknown
libmpi.so.12.0     00002B4987242F46  Unknown               Unknown  Unknown
libmpi.so.12       00002B49872450BF  MPI_Alltoall          Unknown  Unknown
libmpifort.so.12.  00002B4986DF042E  mpi_alltoall__        Unknown  Unknown
pw.x               0000000000E3E3E6  fft_scatter_2d_mp         123  fft_scatter_2d.f90
pw.x               0000000000E55397  fft_parallel_2d_m         172  fft_parallel_2d.f90
pw.x               0000000000E40685  invfft_y_                  91  fft_fwinv.f90
pw.x               0000000000A30430  fft_wave_mp_wave_         152  fft_wave.f90
pw.x               000000000082BE7A  vloc_psi_k_               259  vloc_psi.f90
pw.x               00000000007AC2F1  h_psi__                   221  h_psi.f90
pw.x               00000000007ABD66  h_psi_                     71  h_psi.f90
pw.x               000000000086D8F3  pcegterg_                 905  cegterg.f90
pw.x               0000000000687E53  diag_bands_IP_dia        1028  c_bands.f90
pw.x               000000000068663C  diag_bands_               322  c_bands.f90
pw.x               0000000000685075  c_bands_                  132  c_bands.f90
pw.x               000000000040DEAE  electrons_scf_            689  electrons.f90
pw.x               000000000040B14D  electrons_                192  electrons.f90
pw.x               00000000005888D2  run_pwscf_                189  run_pwscf.f90
pw.x               00000000004084B4  MAIN__                     85  pwscf.f90
pw.x               000000000040831E  Unknown               Unknown  Unknown
libc-2.17.so       00002B4988B59C05  __libc_start_main     Unknown  Unknown
pw.x               0000000000408229  Unknown               Unknown  Unknown
forrtl: error (78): process killed (SIGTERM)
Image              PC                Routine            Line        Source             
pw.x               00000000010225FA  Unknown               Unknown  Unknown
libpthread-2.17.s  00002B050CC8F5E0  Unknown               Unknown  Unknown
libmpi.so.12       00002B050BC99EB8  PMPIDI_CH3I_Progr     Unknown  Unknown
libmpi.so.12.0     00002B050BE3D243  Unknown               Unknown  Unknown
libmpi.so.12.0     00002B050BC4CF46  Unknown               Unknown  Unknown
libmpi.so.12       00002B050BC4F0BF  MPI_Alltoall          Unknown  Unknown
libmpifort.so.12.  00002B050B7FA42E  mpi_alltoall__        Unknown  Unknown
pw.x               0000000000E3E3E6  fft_scatter_2d_mp         123  fft_scatter_2d.f90
pw.x               0000000000E55397  fft_parallel_2d_m         172  fft_parallel_2d.f90
pw.x               0000000000E40685  invfft_y_                  91  fft_fwinv.f90
pw.x               0000000000A30430  fft_wave_mp_wave_         152  fft_wave.f90
pw.x               000000000082BE7A  vloc_psi_k_               259  vloc_psi.f90
pw.x               00000000007AC2F1  h_psi__                   221  h_psi.f90
pw.x               00000000007ABD66  h_psi_                     71  h_psi.f90
pw.x               000000000086D8F3  pcegterg_                 905  cegterg.f90
pw.x               0000000000687E53  diag_bands_IP_dia        1028  c_bands.f90
pw.x               000000000068663C  diag_bands_               322  c_bands.f90
pw.x               0000000000685075  c_bands_                  132  c_bands.f90
pw.x               000000000040DEAE  electrons_scf_            689  electrons.f90
pw.x               000000000040B14D  electrons_                192  electrons.f90
pw.x               00000000005888D2  run_pwscf_                189  run_pwscf.f90
pw.x               00000000004084B4  MAIN__                     85  pwscf.f90
pw.x               000000000040831E  Unknown               Unknown  Unknown
libc-2.17.so       00002B050D563C05  __libc_start_main     Unknown  Unknown
pw.x               0000000000408229  Unknown               Unknown  Unknown
forrtl: error (78): process killed (SIGTERM)
Image              PC                Routine            Line        Source             
pw.x               00000000010225FA  Unknown               Unknown  Unknown
libpthread-2.17.s  00002AE87AD955E0  Unknown               Unknown  Unknown
libmpi.so.12       00002AE879D9FEB8  PMPIDI_CH3I_Progr     Unknown  Unknown
libmpi.so.12.0     00002AE879F43243  Unknown               Unknown  Unknown
libmpi.so.12.0     00002AE879D52F46  Unknown               Unknown  Unknown
libmpi.so.12       00002AE879D550BF  MPI_Alltoall          Unknown  Unknown
libmpifort.so.12.  00002AE87990042E  mpi_alltoall__        Unknown  Unknown
pw.x               0000000000E3E3E6  fft_scatter_2d_mp         123  fft_scatter_2d.f90
pw.x               0000000000E55397  fft_parallel_2d_m         172  fft_parallel_2d.f90
pw.x               0000000000E40685  invfft_y_                  91  fft_fwinv.f90
pw.x               0000000000A30430  fft_wave_mp_wave_         152  fft_wave.f90
pw.x               000000000082BE7A  vloc_psi_k_               259  vloc_psi.f90
pw.x               00000000007AC2F1  h_psi__                   221  h_psi.f90
pw.x               00000000007ABD66  h_psi_                     71  h_psi.f90
pw.x               000000000086D8F3  pcegterg_                 905  cegterg.f90
pw.x               0000000000687E53  diag_bands_IP_dia        1028  c_bands.f90
pw.x               000000000068663C  diag_bands_               322  c_bands.f90
pw.x               0000000000685075  c_bands_                  132  c_bands.f90
pw.x               000000000040DEAE  electrons_scf_            689  electrons.f90
pw.x               000000000040B14D  electrons_                192  electrons.f90
pw.x               00000000005888D2  run_pwscf_                189  run_pwscf.f90
pw.x               00000000004084B4  MAIN__                     85  pwscf.f90
pw.x               000000000040831E  Unknown               Unknown  Unknown
libc-2.17.so       00002AE87B669C05  __libc_start_main     Unknown  Unknown
pw.x               0000000000408229  Unknown               Unknown  Unknown
forrtl: error (78): process killed (SIGTERM)
Image              PC                Routine            Line        Source             
pw.x               00000000010225FA  Unknown               Unknown  Unknown
libpthread-2.17.s  00002B95416075E0  Unknown               Unknown  Unknown
libmpi.so.12       00002B9540611EBF  PMPIDI_CH3I_Progr     Unknown  Unknown
libmpi.so.12.0     00002B95407B5243  Unknown               Unknown  Unknown
libmpi.so.12.0     00002B95405C4F46  Unknown               Unknown  Unknown
libmpi.so.12       00002B95405C70BF  MPI_Alltoall          Unknown  Unknown
libmpifort.so.12.  00002B954017242E  mpi_alltoall__        Unknown  Unknown
pw.x               0000000000E3E3E6  fft_scatter_2d_mp         123  fft_scatter_2d.f90
pw.x               0000000000E55397  fft_parallel_2d_m         172  fft_parallel_2d.f90
pw.x               0000000000E40685  invfft_y_                  91  fft_fwinv.f90
pw.x               0000000000A30430  fft_wave_mp_wave_         152  fft_wave.f90
pw.x               000000000082BE7A  vloc_psi_k_               259  vloc_psi.f90
pw.x               00000000007AC2F1  h_psi__                   221  h_psi.f90
pw.x               00000000007ABD66  h_psi_                     71  h_psi.f90
pw.x               000000000086D8F3  pcegterg_                 905  cegterg.f90
pw.x               0000000000687E53  diag_bands_IP_dia        1028  c_bands.f90
pw.x               000000000068663C  diag_bands_               322  c_bands.f90
pw.x               0000000000685075  c_bands_                  132  c_bands.f90
pw.x               000000000040DEAE  electrons_scf_            689  electrons.f90
pw.x               000000000040B14D  electrons_                192  electrons.f90
pw.x               00000000005888D2  run_pwscf_                189  run_pwscf.f90
pw.x               00000000004084B4  MAIN__                     85  pwscf.f90
pw.x               000000000040831E  Unknown               Unknown  Unknown
libc-2.17.so       00002B9541EDBC05  __libc_start_main     Unknown  Unknown
pw.x               0000000000408229  Unknown               Unknown  Unknown
forrtl: error (78): process killed (SIGTERM)
Image              PC                Routine            Line        Source             
pw.x               00000000010225FA  Unknown               Unknown  Unknown
libpthread-2.17.s  00002AFD031D05E0  Unknown               Unknown  Unknown
libmpi.so.12       00002AFD021DAEB8  PMPIDI_CH3I_Progr     Unknown  Unknown
libmpi.so.12.0     00002AFD0237E243  Unknown               Unknown  Unknown
libmpi.so.12.0     00002AFD0218DF46  Unknown               Unknown  Unknown
libmpi.so.12       00002AFD021900BF  MPI_Alltoall          Unknown  Unknown
libmpifort.so.12.  00002AFD01D3B42E  mpi_alltoall__        Unknown  Unknown
pw.x               0000000000E3E3E6  fft_scatter_2d_mp         123  fft_scatter_2d.f90
pw.x               0000000000E55397  fft_parallel_2d_m         172  fft_parallel_2d.f90
pw.x               0000000000E40685  invfft_y_                  91  fft_fwinv.f90
pw.x               0000000000A30430  fft_wave_mp_wave_         152  fft_wave.f90
pw.x               000000000082BE7A  vloc_psi_k_               259  vloc_psi.f90
pw.x               00000000007AC2F1  h_psi__                   221  h_psi.f90
pw.x               00000000007ABD66  h_psi_                     71  h_psi.f90
pw.x               000000000086D8F3  pcegterg_                 905  cegterg.f90
pw.x               0000000000687E53  diag_bands_IP_dia        1028  c_bands.f90
pw.x               000000000068663C  diag_bands_               322  c_bands.f90
pw.x               0000000000685075  c_bands_                  132  c_bands.f90
pw.x               000000000040DEAE  electrons_scf_            689  electrons.f90
pw.x               000000000040B14D  electrons_                192  electrons.f90
pw.x               00000000005888D2  run_pwscf_                189  run_pwscf.f90
pw.x               00000000004084B4  MAIN__                     85  pwscf.f90
pw.x               000000000040831E  Unknown               Unknown  Unknown
libc-2.17.so       00002AFD03AA4C05  __libc_start_main     Unknown  Unknown
pw.x               0000000000408229  Unknown               Unknown  Unknown
forrtl: error (78): process killed (SIGTERM)
Image              PC                Routine            Line        Source             
pw.x               00000000010225FA  Unknown               Unknown  Unknown
libpthread-2.17.s  00002AD91540D5E0  Unknown               Unknown  Unknown
libmpi.so.12       00002AD914417EB8  PMPIDI_CH3I_Progr     Unknown  Unknown
libmpi.so.12.0     00002AD9145BB243  Unknown               Unknown  Unknown
libmpi.so.12.0     00002AD9143CAF46  Unknown               Unknown  Unknown
libmpi.so.12       00002AD9143CD0BF  MPI_Alltoall          Unknown  Unknown
libmpifort.so.12.  00002AD913F7842E  mpi_alltoall__        Unknown  Unknown
pw.x               0000000000E3E3E6  fft_scatter_2d_mp         123  fft_scatter_2d.f90
pw.x               0000000000E55397  fft_parallel_2d_m         172  fft_parallel_2d.f90
pw.x               0000000000E40685  invfft_y_                  91  fft_fwinv.f90
pw.x               0000000000A30430  fft_wave_mp_wave_         152  fft_wave.f90
pw.x               000000000082BE7A  vloc_psi_k_               259  vloc_psi.f90
pw.x               00000000007AC2F1  h_psi__                   221  h_psi.f90
pw.x               00000000007ABD66  h_psi_                     71  h_psi.f90
pw.x               000000000086D8F3  pcegterg_                 905  cegterg.f90
pw.x               0000000000687E53  diag_bands_IP_dia        1028  c_bands.f90
pw.x               000000000068663C  diag_bands_               322  c_bands.f90
pw.x               0000000000685075  c_bands_                  132  c_bands.f90
pw.x               000000000040DEAE  electrons_scf_            689  electrons.f90
pw.x               000000000040B14D  electrons_                192  electrons.f90
pw.x               00000000005888D2  run_pwscf_                189  run_pwscf.f90
pw.x               00000000004084B4  MAIN__                     85  pwscf.f90
pw.x               000000000040831E  Unknown               Unknown  Unknown
libc-2.17.so       00002AD915CE1C05  __libc_start_main     Unknown  Unknown
pw.x               0000000000408229  Unknown               Unknown  Unknown
forrtl: error (78): process killed (SIGTERM)
Image              PC                Routine            Line        Source             
pw.x               00000000010225FA  Unknown               Unknown  Unknown
libpthread-2.17.s  00002B3A59D935E0  Unknown               Unknown  Unknown
libmpi.so.12       00002B3A58D9DEB8  PMPIDI_CH3I_Progr     Unknown  Unknown
libmpi.so.12.0     00002B3A58F41243  Unknown               Unknown  Unknown
libmpi.so.12.0     00002B3A58D50F46  Unknown               Unknown  Unknown
libmpi.so.12       00002B3A58D530BF  MPI_Alltoall          Unknown  Unknown
libmpifort.so.12.  00002B3A588FE42E  mpi_alltoall__        Unknown  Unknown
pw.x               0000000000E3E3E6  fft_scatter_2d_mp         123  fft_scatter_2d.f90
pw.x               0000000000E55397  fft_parallel_2d_m         172  fft_parallel_2d.f90
pw.x               0000000000E40685  invfft_y_                  91  fft_fwinv.f90
pw.x               0000000000A30430  fft_wave_mp_wave_         152  fft_wave.f90
pw.x               000000000082BE7A  vloc_psi_k_               259  vloc_psi.f90
pw.x               00000000007AC2F1  h_psi__                   221  h_psi.f90
pw.x               00000000007ABD66  h_psi_                     71  h_psi.f90
pw.x               000000000086D8F3  pcegterg_                 905  cegterg.f90
pw.x               0000000000687E53  diag_bands_IP_dia        1028  c_bands.f90
pw.x               000000000068663C  diag_bands_               322  c_bands.f90
pw.x               0000000000685075  c_bands_                  132  c_bands.f90
pw.x               000000000040DEAE  electrons_scf_            689  electrons.f90
pw.x               000000000040B14D  electrons_                192  electrons.f90
pw.x               00000000005888D2  run_pwscf_                189  run_pwscf.f90
pw.x               00000000004084B4  MAIN__                     85  pwscf.f90
pw.x               000000000040831E  Unknown               Unknown  Unknown
libc-2.17.so       00002B3A5A667C05  __libc_start_main     Unknown  Unknown
pw.x               0000000000408229  Unknown               Unknown  Unknown
forrtl: error (78): process killed (SIGTERM)
Image              PC                Routine            Line        Source             
pw.x               00000000010225FA  Unknown               Unknown  Unknown
libpthread-2.17.s  00002B604C5865E0  Unknown               Unknown  Unknown
libmpi.so.12       00002B604B590EBF  PMPIDI_CH3I_Progr     Unknown  Unknown
libmpi.so.12.0     00002B604B734243  Unknown               Unknown  Unknown
libmpi.so.12.0     00002B604B543F46  Unknown               Unknown  Unknown
libmpi.so.12       00002B604B5460BF  MPI_Alltoall          Unknown  Unknown
libmpifort.so.12.  00002B604B0F142E  mpi_alltoall__        Unknown  Unknown
pw.x               0000000000E3E3E6  fft_scatter_2d_mp         123  fft_scatter_2d.f90
pw.x               0000000000E55397  fft_parallel_2d_m         172  fft_parallel_2d.f90
pw.x               0000000000E40685  invfft_y_                  91  fft_fwinv.f90
pw.x               0000000000A30430  fft_wave_mp_wave_         152  fft_wave.f90
pw.x               000000000082BE7A  vloc_psi_k_               259  vloc_psi.f90
pw.x               00000000007AC2F1  h_psi__                   221  h_psi.f90
pw.x               00000000007ABD66  h_psi_                     71  h_psi.f90
pw.x               000000000086D8F3  pcegterg_                 905  cegterg.f90
pw.x               0000000000687E53  diag_bands_IP_dia        1028  c_bands.f90
pw.x               000000000068663C  diag_bands_               322  c_bands.f90
pw.x               0000000000685075  c_bands_                  132  c_bands.f90
pw.x               000000000040DEAE  electrons_scf_            689  electrons.f90
pw.x               000000000040B14D  electrons_                192  electrons.f90
pw.x               00000000005888D2  run_pwscf_                189  run_pwscf.f90
pw.x               00000000004084B4  MAIN__                     85  pwscf.f90
pw.x               000000000040831E  Unknown               Unknown  Unknown
libc-2.17.so       00002B604CE5AC05  __libc_start_main     Unknown  Unknown
pw.x               0000000000408229  Unknown               Unknown  Unknown
forrtl: error (78): process killed (SIGTERM)
Image              PC                Routine            Line        Source             
pw.x               00000000010225FA  Unknown               Unknown  Unknown
libpthread-2.17.s  00002B7911D6C5E0  Unknown               Unknown  Unknown
libmpi.so.12       00002B7910D77262  PMPIDI_CH3I_Progr     Unknown  Unknown
libmpi.so.12.0     00002B7910F1A243  Unknown               Unknown  Unknown
libmpi.so.12.0     00002B7910D29F46  Unknown               Unknown  Unknown
libmpi.so.12       00002B7910D2C0BF  MPI_Alltoall          Unknown  Unknown
libmpifort.so.12.  00002B79108D742E  mpi_alltoall__        Unknown  Unknown
pw.x               0000000000E3E3E6  fft_scatter_2d_mp         123  fft_scatter_2d.f90
pw.x               0000000000E55397  fft_parallel_2d_m         172  fft_parallel_2d.f90
pw.x               0000000000E40685  invfft_y_                  91  fft_fwinv.f90
pw.x               0000000000A30430  fft_wave_mp_wave_         152  fft_wave.f90
pw.x               000000000082BE7A  vloc_psi_k_               259  vloc_psi.f90
pw.x               00000000007AC2F1  h_psi__                   221  h_psi.f90
pw.x               00000000007ABD66  h_psi_                     71  h_psi.f90
pw.x               000000000086D8F3  pcegterg_                 905  cegterg.f90
pw.x               0000000000687E53  diag_bands_IP_dia        1028  c_bands.f90
pw.x               000000000068663C  diag_bands_               322  c_bands.f90
pw.x               0000000000685075  c_bands_                  132  c_bands.f90
pw.x               000000000040DEAE  electrons_scf_            689  electrons.f90
pw.x               000000000040B14D  electrons_                192  electrons.f90
pw.x               00000000005888D2  run_pwscf_                189  run_pwscf.f90
pw.x               00000000004084B4  MAIN__                     85  pwscf.f90
pw.x               000000000040831E  Unknown               Unknown  Unknown
libc-2.17.so       00002B7912640C05  __libc_start_main     Unknown  Unknown
pw.x               0000000000408229  Unknown               Unknown  Unknown
forrtl: error (78): process killed (SIGTERM)
Image              PC                Routine            Line        Source             
pw.x               00000000010225FA  Unknown               Unknown  Unknown
libpthread-2.17.s  00002B85F4BF15E0  Unknown               Unknown  Unknown
libmpi.so.12       00002B85F3BFC573  PMPIDI_CH3I_Progr     Unknown  Unknown
libmpi.so.12.0     00002B85F3D9F243  Unknown               Unknown  Unknown
libmpi.so.12.0     00002B85F3BAEF46  Unknown               Unknown  Unknown
libmpi.so.12       00002B85F3BB10BF  MPI_Alltoall          Unknown  Unknown
libmpifort.so.12.  00002B85F375C42E  mpi_alltoall__        Unknown  Unknown
pw.x               0000000000E3E3E6  fft_scatter_2d_mp         123  fft_scatter_2d.f90
pw.x               0000000000E55397  fft_parallel_2d_m         172  fft_parallel_2d.f90
pw.x               0000000000E40685  invfft_y_                  91  fft_fwinv.f90
pw.x               0000000000A30430  fft_wave_mp_wave_         152  fft_wave.f90
pw.x               000000000082BE7A  vloc_psi_k_               259  vloc_psi.f90
pw.x               00000000007AC2F1  h_psi__                   221  h_psi.f90
pw.x               00000000007ABD66  h_psi_                     71  h_psi.f90
pw.x               000000000086D8F3  pcegterg_                 905  cegterg.f90
pw.x               0000000000687E53  diag_bands_IP_dia        1028  c_bands.f90
pw.x               000000000068663C  diag_bands_               322  c_bands.f90
pw.x               0000000000685075  c_bands_                  132  c_bands.f90
pw.x               000000000040DEAE  electrons_scf_            689  electrons.f90
pw.x               000000000040B14D  electrons_                192  electrons.f90
pw.x               00000000005888D2  run_pwscf_                189  run_pwscf.f90
pw.x               00000000004084B4  MAIN__                     85  pwscf.f90
pw.x               000000000040831E  Unknown               Unknown  Unknown
libc-2.17.so       00002B85F54C5C05  __libc_start_main     Unknown  Unknown
pw.x               0000000000408229  Unknown               Unknown  Unknown
forrtl: error (78): process killed (SIGTERM)
Image              PC                Routine            Line        Source             
pw.x               00000000010225FA  Unknown               Unknown  Unknown
libpthread-2.17.s  00002ABC2A0B05E0  Unknown               Unknown  Unknown
pw.x               0000000001022490  Unknown               Unknown  Unknown
libpthread-2.17.s  00002ABC2A0B05E0  Unknown               Unknown  Unknown
libmpi.so.12       00002ABC290BB13F  PMPIDI_CH3I_Progr     Unknown  Unknown
libmpi.so.12.0     00002ABC2925E243  Unknown               Unknown  Unknown
libmpi.so.12.0     00002ABC2906DF46  Unknown               Unknown  Unknown
libmpi.so.12       00002ABC290700BF  MPI_Alltoall          Unknown  Unknown
libmpifort.so.12.  00002ABC28C1B42E  mpi_alltoall__        Unknown  Unknown
pw.x               0000000000E3E3E6  fft_scatter_2d_mp         123  fft_scatter_2d.f90
pw.x               0000000000E55397  fft_parallel_2d_m         172  fft_parallel_2d.f90
pw.x               0000000000E40685  invfft_y_                  91  fft_fwinv.f90
pw.x               0000000000A30430  fft_wave_mp_wave_         152  fft_wave.f90
pw.x               000000000082BE7A  vloc_psi_k_               259  vloc_psi.f90
pw.x               00000000007AC2F1  h_psi__                   221  h_psi.f90
pw.x               00000000007ABD66  h_psi_                     71  h_psi.f90
pw.x               000000000086D8F3  pcegterg_                 905  cegterg.f90
pw.x               0000000000687E53  diag_bands_IP_dia        1028  c_bands.f90
pw.x               000000000068663C  diag_bands_               322  c_bands.f90
pw.x               0000000000685075  c_bands_                  132  c_bands.f90
pw.x               000000000040DEAE  electrons_scf_            689  electrons.f90
pw.x               000000000040B14D  electrons_                192  electrons.f90
pw.x               00000000005888D2  run_pwscf_                189  run_pwscf.f90
pw.x               00000000004084B4  MAIN__                     85  pwscf.f90
pw.x               000000000040831E  Unknown               Unknown  Unknown
libc-2.17.so       00002ABC2A984C05  __libc_start_main     Unknown  Unknown
pw.x               0000000000408229  Unknown               Unknown  Unknown
forrtl: error (78): process killed (SIGTERM)
Image              PC                Routine            Line        Source             
pw.x               00000000010225FA  Unknown               Unknown  Unknown
libpthread-2.17.s  00002B32A9A235E0  Unknown               Unknown  Unknown
libmpi.so.12       00002B32A8A2DEB8  PMPIDI_CH3I_Progr     Unknown  Unknown
libmpi.so.12.0     00002B32A8BD1243  Unknown               Unknown  Unknown
libmpi.so.12.0     00002B32A89E0F46  Unknown               Unknown  Unknown
libmpi.so.12       00002B32A89E30BF  MPI_Alltoall          Unknown  Unknown
libmpifort.so.12.  00002B32A858E42E  mpi_alltoall__        Unknown  Unknown
pw.x               0000000000E3E3E6  fft_scatter_2d_mp         123  fft_scatter_2d.f90
pw.x               0000000000E55397  fft_parallel_2d_m         172  fft_parallel_2d.f90
pw.x               0000000000E40685  invfft_y_                  91  fft_fwinv.f90
pw.x               0000000000A30430  fft_wave_mp_wave_         152  fft_wave.f90
pw.x               000000000082BE7A  vloc_psi_k_               259  vloc_psi.f90
pw.x               00000000007AC2F1  h_psi__                   221  h_psi.f90
pw.x               00000000007ABD66  h_psi_                     71  h_psi.f90
pw.x               000000000086D8F3  pcegterg_                 905  cegterg.f90
pw.x               0000000000687E53  diag_bands_IP_dia        1028  c_bands.f90
pw.x               000000000068663C  diag_bands_               322  c_bands.f90
pw.x               0000000000685075  c_bands_                  132  c_bands.f90
pw.x               000000000040DEAE  electrons_scf_            689  electrons.f90
pw.x               000000000040B14D  electrons_                192  electrons.f90
pw.x               00000000005888D2  run_pwscf_                189  run_pwscf.f90
pw.x               00000000004084B4  MAIN__                     85  pwscf.f90
pw.x               000000000040831E  Unknown               Unknown  Unknown
libc-2.17.so       00002B32AA2F7C05  __libc_start_main     Unknown  Unknown
pw.x               0000000000408229  Unknown               Unknown  Unknown
forrtl: error (78): process killed (SIGTERM)
Image              PC                Routine            Line        Source             
pw.x               00000000010225FA  Unknown               Unknown  Unknown
libpthread-2.17.s  00002B0132B405E0  Unknown               Unknown  Unknown
libmpi.so.12       00002B0131B4AEB8  PMPIDI_CH3I_Progr     Unknown  Unknown
libmpi.so.12.0     00002B0131CEE243  Unknown               Unknown  Unknown
libmpi.so.12.0     00002B0131AFDF46  Unknown               Unknown  Unknown
libmpi.so.12       00002B0131B000BF  MPI_Alltoall          Unknown  Unknown
libmpifort.so.12.  00002B01316AB42E  mpi_alltoall__        Unknown  Unknown
pw.x               0000000000E3E3E6  fft_scatter_2d_mp         123  fft_scatter_2d.f90
pw.x               0000000000E55397  fft_parallel_2d_m         172  fft_parallel_2d.f90
pw.x               0000000000E40685  invfft_y_                  91  fft_fwinv.f90
pw.x               0000000000A30430  fft_wave_mp_wave_         152  fft_wave.f90
pw.x               000000000082BE7A  vloc_psi_k_               259  vloc_psi.f90
pw.x               00000000007AC2F1  h_psi__                   221  h_psi.f90
pw.x               00000000007ABD66  h_psi_                     71  h_psi.f90
pw.x               000000000086D8F3  pcegterg_                 905  cegterg.f90
pw.x               0000000000687E53  diag_bands_IP_dia        1028  c_bands.f90
pw.x               000000000068663C  diag_bands_               322  c_bands.f90
pw.x               0000000000685075  c_bands_                  132  c_bands.f90
pw.x               000000000040DEAE  electrons_scf_            689  electrons.f90
pw.x               000000000040B14D  electrons_                192  electrons.f90
pw.x               00000000005888D2  run_pwscf_                189  run_pwscf.f90
pw.x               00000000004084B4  MAIN__                     85  pwscf.f90
pw.x               000000000040831E  Unknown               Unknown  Unknown
libc-2.17.so       00002B0133414C05  __libc_start_main     Unknown  Unknown
pw.x               0000000000408229  Unknown               Unknown  Unknown
forrtl: error (78): process killed (SIGTERM)
Image              PC                Routine            Line        Source             
pw.x               00000000010225FA  Unknown               Unknown  Unknown
libpthread-2.17.s  00002B10E3C295E0  Unknown               Unknown  Unknown
libmpi.so.12       00002B10E2C33EB8  PMPIDI_CH3I_Progr     Unknown  Unknown
libmpi.so.12.0     00002B10E2DD7243  Unknown               Unknown  Unknown
libmpi.so.12.0     00002B10E2BE6F46  Unknown               Unknown  Unknown
libmpi.so.12       00002B10E2BE90BF  MPI_Alltoall          Unknown  Unknown
libmpifort.so.12.  00002B10E279442E  mpi_alltoall__        Unknown  Unknown
pw.x               0000000000E3E3E6  fft_scatter_2d_mp         123  fft_scatter_2d.f90
pw.x               0000000000E55397  fft_parallel_2d_m         172  fft_parallel_2d.f90
pw.x               0000000000E40685  invfft_y_                  91  fft_fwinv.f90
pw.x               0000000000A30430  fft_wave_mp_wave_         152  fft_wave.f90
pw.x               000000000082BE7A  vloc_psi_k_               259  vloc_psi.f90
pw.x               00000000007AC2F1  h_psi__                   221  h_psi.f90
pw.x               00000000007ABD66  h_psi_                     71  h_psi.f90
pw.x               000000000086D8F3  pcegterg_                 905  cegterg.f90
pw.x               0000000000687E53  diag_bands_IP_dia        1028  c_bands.f90
pw.x               000000000068663C  diag_bands_               322  c_bands.f90
pw.x               0000000000685075  c_bands_                  132  c_bands.f90
pw.x               000000000040DEAE  electrons_scf_            689  electrons.f90
pw.x               000000000040B14D  electrons_                192  electrons.f90
pw.x               00000000005888D2  run_pwscf_                189  run_pwscf.f90
pw.x               00000000004084B4  MAIN__                     85  pwscf.f90
pw.x               000000000040831E  Unknown               Unknown  Unknown
libc-2.17.so       00002B10E44FDC05  __libc_start_main     Unknown  Unknown
pw.x               0000000000408229  Unknown               Unknown  Unknown
forrtl: error (78): process killed (SIGTERM)
Image              PC                Routine            Line        Source             
pw.x               00000000010225FA  Unknown               Unknown  Unknown
libpthread-2.17.s  00002B514D74A5E0  Unknown               Unknown  Unknown
libmpi.so.12       00002B514C754EB8  PMPIDI_CH3I_Progr     Unknown  Unknown
libmpi.so.12.0     00002B514C8F8243  Unknown               Unknown  Unknown
libmpi.so.12.0     00002B514C707F46  Unknown               Unknown  Unknown
libmpi.so.12       00002B514C70A0BF  MPI_Alltoall          Unknown  Unknown
libmpifort.so.12.  00002B514C2B542E  mpi_alltoall__        Unknown  Unknown
pw.x               0000000000E3E3E6  fft_scatter_2d_mp         123  fft_scatter_2d.f90
pw.x               0000000000E55397  fft_parallel_2d_m         172  fft_parallel_2d.f90
pw.x               0000000000E40685  invfft_y_                  91  fft_fwinv.f90
pw.x               0000000000A30430  fft_wave_mp_wave_         152  fft_wave.f90
pw.x               000000000082BE7A  vloc_psi_k_               259  vloc_psi.f90
pw.x               00000000007AC2F1  h_psi__                   221  h_psi.f90
pw.x               00000000007ABD66  h_psi_                     71  h_psi.f90
pw.x               000000000086D8F3  pcegterg_                 905  cegterg.f90
pw.x               0000000000687E53  diag_bands_IP_dia        1028  c_bands.f90
pw.x               000000000068663C  diag_bands_               322  c_bands.f90
pw.x               0000000000685075  c_bands_                  132  c_bands.f90
pw.x               000000000040DEAE  electrons_scf_            689  electrons.f90
pw.x               000000000040B14D  electrons_                192  electrons.f90
pw.x               00000000005888D2  run_pwscf_                189  run_pwscf.f90
pw.x               00000000004084B4  MAIN__                     85  pwscf.f90
pw.x               000000000040831E  Unknown               Unknown  Unknown
libc-2.17.so       00002B514E01EC05  __libc_start_main     Unknown  Unknown
pw.x               0000000000408229  Unknown               Unknown  Unknown
forrtl: error (78): process killed (SIGTERM)
Image              PC                Routine            Line        Source             
pw.x               00000000010225FA  Unknown               Unknown  Unknown
libpthread-2.17.s  00002B203A9D85E0  Unknown               Unknown  Unknown
libmpi.so.12       00002B20399E2EB8  PMPIDI_CH3I_Progr     Unknown  Unknown
libmpi.so.12.0     00002B2039B86243  Unknown               Unknown  Unknown
libmpi.so.12.0     00002B2039995F46  Unknown               Unknown  Unknown
libmpi.so.12       00002B20399980BF  MPI_Alltoall          Unknown  Unknown
libmpifort.so.12.  00002B203954342E  mpi_alltoall__        Unknown  Unknown
pw.x               0000000000E3E3E6  fft_scatter_2d_mp         123  fft_scatter_2d.f90
pw.x               0000000000E55397  fft_parallel_2d_m         172  fft_parallel_2d.f90
pw.x               0000000000E40685  invfft_y_                  91  fft_fwinv.f90
pw.x               0000000000A30430  fft_wave_mp_wave_         152  fft_wave.f90
pw.x               000000000082BE7A  vloc_psi_k_               259  vloc_psi.f90
pw.x               00000000007AC2F1  h_psi__                   221  h_psi.f90
pw.x               00000000007ABD66  h_psi_                     71  h_psi.f90
pw.x               000000000086D8F3  pcegterg_                 905  cegterg.f90
pw.x               0000000000687E53  diag_bands_IP_dia        1028  c_bands.f90
pw.x               000000000068663C  diag_bands_               322  c_bands.f90
pw.x               0000000000685075  c_bands_                  132  c_bands.f90
pw.x               000000000040DEAE  electrons_scf_            689  electrons.f90
pw.x               000000000040B14D  electrons_                192  electrons.f90
pw.x               00000000005888D2  run_pwscf_                189  run_pwscf.f90
pw.x               00000000004084B4  MAIN__                     85  pwscf.f90
pw.x               000000000040831E  Unknown               Unknown  Unknown
libc-2.17.so       00002B203B2ACC05  __libc_start_main     Unknown  Unknown
pw.x               0000000000408229  Unknown               Unknown  Unknown
forrtl: error (78): process killed (SIGTERM)
Image              PC                Routine            Line        Source             
pw.x               00000000010225FA  Unknown               Unknown  Unknown
libpthread-2.17.s  00002B705AA735E0  Unknown               Unknown  Unknown
libmpi.so.12       00002B7059A7DEB8  PMPIDI_CH3I_Progr     Unknown  Unknown
libmpi.so.12.0     00002B7059C21243  Unknown               Unknown  Unknown
libmpi.so.12.0     00002B7059A30F46  Unknown               Unknown  Unknown
libmpi.so.12       00002B7059A330BF  MPI_Alltoall          Unknown  Unknown
libmpifort.so.12.  00002B70595DE42E  mpi_alltoall__        Unknown  Unknown
pw.x               0000000000E3E3E6  fft_scatter_2d_mp         123  fft_scatter_2d.f90
pw.x               0000000000E55397  fft_parallel_2d_m         172  fft_parallel_2d.f90
pw.x               0000000000E40685  invfft_y_                  91  fft_fwinv.f90
pw.x               0000000000A30430  fft_wave_mp_wave_         152  fft_wave.f90
pw.x               000000000082BE7A  vloc_psi_k_               259  vloc_psi.f90
pw.x               00000000007AC2F1  h_psi__                   221  h_psi.f90
pw.x               00000000007ABD66  h_psi_                     71  h_psi.f90
pw.x               000000000086D8F3  pcegterg_                 905  cegterg.f90
pw.x               0000000000687E53  diag_bands_IP_dia        1028  c_bands.f90
pw.x               000000000068663C  diag_bands_               322  c_bands.f90
pw.x               0000000000685075  c_bands_                  132  c_bands.f90
pw.x               000000000040DEAE  electrons_scf_            689  electrons.f90
pw.x               000000000040B14D  electrons_                192  electrons.f90
pw.x               00000000005888D2  run_pwscf_                189  run_pwscf.f90
pw.x               00000000004084B4  MAIN__                     85  pwscf.f90
pw.x               000000000040831E  Unknown               Unknown  Unknown
libc-2.17.so       00002B705B347C05  __libc_start_main     Unknown  Unknown
pw.x               0000000000408229  Unknown               Unknown  Unknown
forrtl: error (78): process killed (SIGTERM)
Image              PC                Routine            Line        Source             
pw.x               00000000010225FA  Unknown               Unknown  Unknown
libpthread-2.17.s  00002B1E2BD0E5E0  Unknown               Unknown  Unknown
libmpi.so.12       00002B1E2AD19128  PMPIDI_CH3I_Progr     Unknown  Unknown
libmpi.so.12.0     00002B1E2AEBC243  Unknown               Unknown  Unknown
libmpi.so.12.0     00002B1E2ACCBF46  Unknown               Unknown  Unknown
libmpi.so.12       00002B1E2ACCE0BF  MPI_Alltoall          Unknown  Unknown
libmpifort.so.12.  00002B1E2A87942E  mpi_alltoall__        Unknown  Unknown
pw.x               0000000000E3E3E6  fft_scatter_2d_mp         123  fft_scatter_2d.f90
pw.x               0000000000E55397  fft_parallel_2d_m         172  fft_parallel_2d.f90
pw.x               0000000000E40685  invfft_y_                  91  fft_fwinv.f90
pw.x               0000000000A30430  fft_wave_mp_wave_         152  fft_wave.f90
pw.x               000000000082BE7A  vloc_psi_k_               259  vloc_psi.f90
pw.x               00000000007AC2F1  h_psi__                   221  h_psi.f90
pw.x               00000000007ABD66  h_psi_                     71  h_psi.f90
pw.x               000000000086D8F3  pcegterg_                 905  cegterg.f90
pw.x               0000000000687E53  diag_bands_IP_dia        1028  c_bands.f90
pw.x               000000000068663C  diag_bands_               322  c_bands.f90
pw.x               0000000000685075  c_bands_                  132  c_bands.f90
pw.x               000000000040DEAE  electrons_scf_            689  electrons.f90
pw.x               000000000040B14D  electrons_                192  electrons.f90
pw.x               00000000005888D2  run_pwscf_                189  run_pwscf.f90
pw.x               00000000004084B4  MAIN__                     85  pwscf.f90
pw.x               000000000040831E  Unknown               Unknown  Unknown
libc-2.17.so       00002B1E2C5E2C05  __libc_start_main     Unknown  Unknown
pw.x               0000000000408229  Unknown               Unknown  Unknown
forrtl: error (78): process killed (SIGTERM)
Image              PC                Routine            Line        Source             
pw.x               00000000010225FA  Unknown               Unknown  Unknown
libpthread-2.17.s  00002BA145EBB5E0  Unknown               Unknown  Unknown
libmpi.so.12       00002BA144EC5EBF  PMPIDI_CH3I_Progr     Unknown  Unknown
libmpi.so.12.0     00002BA145069243  Unknown               Unknown  Unknown
libmpi.so.12.0     00002BA144E78F46  Unknown               Unknown  Unknown
libmpi.so.12       00002BA144E7B0BF  MPI_Alltoall          Unknown  Unknown
libmpifort.so.12.  00002BA144A2642E  mpi_alltoall__        Unknown  Unknown
pw.x               0000000000E3E3E6  fft_scatter_2d_mp         123  fft_scatter_2d.f90
pw.x               0000000000E55397  fft_parallel_2d_m         172  fft_parallel_2d.f90
pw.x               0000000000E40685  invfft_y_                  91  fft_fwinv.f90
pw.x               0000000000A30430  fft_wave_mp_wave_         152  fft_wave.f90
pw.x               000000000082BE7A  vloc_psi_k_               259  vloc_psi.f90
pw.x               00000000007AC2F1  h_psi__                   221  h_psi.f90
pw.x               00000000007ABD66  h_psi_                     71  h_psi.f90
pw.x               000000000086D8F3  pcegterg_                 905  cegterg.f90
pw.x               0000000000687E53  diag_bands_IP_dia        1028  c_bands.f90
pw.x               000000000068663C  diag_bands_               322  c_bands.f90
pw.x               0000000000685075  c_bands_                  132  c_bands.f90
pw.x               000000000040DEAE  electrons_scf_            689  electrons.f90
pw.x               000000000040B14D  electrons_                192  electrons.f90
pw.x               00000000005888D2  run_pwscf_                189  run_pwscf.f90
pw.x               00000000004084B4  MAIN__                     85  pwscf.f90
pw.x               000000000040831E  Unknown               Unknown  Unknown
libc-2.17.so       00002BA14678FC05  __libc_start_main     Unknown  Unknown
pw.x               0000000000408229  Unknown               Unknown  Unknown
forrtl: error (78): process killed (SIGTERM)
Image              PC                Routine            Line        Source             
pw.x               00000000010225FA  Unknown               Unknown  Unknown
libpthread-2.17.s  00002AE12D4335E0  Unknown               Unknown  Unknown
libmpi.so.12       00002AE12C43DEB8  PMPIDI_CH3I_Progr     Unknown  Unknown
libmpi.so.12.0     00002AE12C5E1243  Unknown               Unknown  Unknown
libmpi.so.12.0     00002AE12C3F0F46  Unknown               Unknown  Unknown
libmpi.so.12       00002AE12C3F30BF  MPI_Alltoall          Unknown  Unknown
libmpifort.so.12.  00002AE12BF9E42E  mpi_alltoall__        Unknown  Unknown
pw.x               0000000000E3E3E6  fft_scatter_2d_mp         123  fft_scatter_2d.f90
pw.x               0000000000E55397  fft_parallel_2d_m         172  fft_parallel_2d.f90
pw.x               0000000000E40685  invfft_y_                  91  fft_fwinv.f90
pw.x               0000000000A30430  fft_wave_mp_wave_         152  fft_wave.f90
pw.x               000000000082BE7A  vloc_psi_k_               259  vloc_psi.f90
pw.x               00000000007AC2F1  h_psi__                   221  h_psi.f90
pw.x               00000000007ABD66  h_psi_                     71  h_psi.f90
pw.x               000000000086D8F3  pcegterg_                 905  cegterg.f90
pw.x               0000000000687E53  diag_bands_IP_dia        1028  c_bands.f90
pw.x               000000000068663C  diag_bands_               322  c_bands.f90
pw.x               0000000000685075  c_bands_                  132  c_bands.f90
pw.x               000000000040DEAE  electrons_scf_            689  electrons.f90
pw.x               000000000040B14D  electrons_                192  electrons.f90
pw.x               00000000005888D2  run_pwscf_                189  run_pwscf.f90
pw.x               00000000004084B4  MAIN__                     85  pwscf.f90
pw.x               000000000040831E  Unknown               Unknown  Unknown
libc-2.17.so       00002AE12DD07C05  __libc_start_main     Unknown  Unknown
pw.x               0000000000408229  Unknown               Unknown  Unknown
forrtl: error (78): process killed (SIGTERM)
Image              PC                Routine            Line        Source             
pw.x               00000000010225FA  Unknown               Unknown  Unknown
libpthread-2.17.s  00002B04F4E425E0  Unknown               Unknown  Unknown
libmpi.so.12       00002B04F3E4CEDC  PMPIDI_CH3I_Progr     Unknown  Unknown
libmpi.so.12.0     00002B04F3FF0243  Unknown               Unknown  Unknown
libmpi.so.12.0     00002B04F3DFFF46  Unknown               Unknown  Unknown
libmpi.so.12       00002B04F3E020BF  MPI_Alltoall          Unknown  Unknown
libmpifort.so.12.  00002B04F39AD42E  mpi_alltoall__        Unknown  Unknown
pw.x               0000000000E3E3E6  fft_scatter_2d_mp         123  fft_scatter_2d.f90
pw.x               0000000000E55397  fft_parallel_2d_m         172  fft_parallel_2d.f90
pw.x               0000000000E40685  invfft_y_                  91  fft_fwinv.f90
pw.x               0000000000A30430  fft_wave_mp_wave_         152  fft_wave.f90
pw.x               000000000082BE7A  vloc_psi_k_               259  vloc_psi.f90
pw.x               00000000007AC2F1  h_psi__                   221  h_psi.f90
pw.x               00000000007ABD66  h_psi_                     71  h_psi.f90
pw.x               000000000086D8F3  pcegterg_                 905  cegterg.f90
pw.x               0000000000687E53  diag_bands_IP_dia        1028  c_bands.f90
pw.x               000000000068663C  diag_bands_               322  c_bands.f90
pw.x               0000000000685075  c_bands_                  132  c_bands.f90
pw.x               000000000040DEAE  electrons_scf_            689  electrons.f90
pw.x               000000000040B14D  electrons_                192  electrons.f90
pw.x               00000000005888D2  run_pwscf_                189  run_pwscf.f90
pw.x               00000000004084B4  MAIN__                     85  pwscf.f90
pw.x               000000000040831E  Unknown               Unknown  Unknown
libc-2.17.so       00002B04F5716C05  __libc_start_main     Unknown  Unknown
pw.x               0000000000408229  Unknown               Unknown  Unknown
forrtl: error (78): process killed (SIGTERM)
Image              PC                Routine            Line        Source             
pw.x               00000000010225FA  Unknown               Unknown  Unknown
libpthread-2.17.s  00002AE8234CC5E0  Unknown               Unknown  Unknown
libmpi.so.12       00002AE8224D724F  PMPIDI_CH3I_Progr     Unknown  Unknown
libmpi.so.12.0     00002AE82267A243  Unknown               Unknown  Unknown
libmpi.so.12.0     00002AE822489F46  Unknown               Unknown  Unknown
libmpi.so.12       00002AE82248C0BF  MPI_Alltoall          Unknown  Unknown
libmpifort.so.12.  00002AE82203742E  mpi_alltoall__        Unknown  Unknown
pw.x               0000000000E3E3E6  fft_scatter_2d_mp         123  fft_scatter_2d.f90
pw.x               0000000000E55397  fft_parallel_2d_m         172  fft_parallel_2d.f90
pw.x               0000000000E40685  invfft_y_                  91  fft_fwinv.f90
pw.x               0000000000A30430  fft_wave_mp_wave_         152  fft_wave.f90
pw.x               000000000082BE7A  vloc_psi_k_               259  vloc_psi.f90
pw.x               00000000007AC2F1  h_psi__                   221  h_psi.f90
pw.x               00000000007ABD66  h_psi_                     71  h_psi.f90
pw.x               000000000086D8F3  pcegterg_                 905  cegterg.f90
pw.x               0000000000687E53  diag_bands_IP_dia        1028  c_bands.f90
pw.x               000000000068663C  diag_bands_               322  c_bands.f90
pw.x               0000000000685075  c_bands_                  132  c_bands.f90
pw.x               000000000040DEAE  electrons_scf_            689  electrons.f90
pw.x               000000000040B14D  electrons_                192  electrons.f90
pw.x               00000000005888D2  run_pwscf_                189  run_pwscf.f90
pw.x               00000000004084B4  MAIN__                     85  pwscf.f90
pw.x               000000000040831E  Unknown               Unknown  Unknown
libc-2.17.so       00002AE823DA0C05  __libc_start_main     Unknown  Unknown
pw.x               0000000000408229  Unknown               Unknown  Unknown
forrtl: error (78): process killed (SIGTERM)
Image              PC                Routine            Line        Source             
pw.x               00000000010225FA  Unknown               Unknown  Unknown
libpthread-2.17.s  00002ACBBECC95E0  Unknown               Unknown  Unknown
libmpi.so.12       00002ACBBDCD3EB8  PMPIDI_CH3I_Progr     Unknown  Unknown
libmpi.so.12.0     00002ACBBDE77243  Unknown               Unknown  Unknown
libmpi.so.12.0     00002ACBBDC86F46  Unknown               Unknown  Unknown
libmpi.so.12       00002ACBBDC890BF  MPI_Alltoall          Unknown  Unknown
libmpifort.so.12.  00002ACBBD83442E  mpi_alltoall__        Unknown  Unknown
pw.x               0000000000E3E3E6  fft_scatter_2d_mp         123  fft_scatter_2d.f90
pw.x               0000000000E55397  fft_parallel_2d_m         172  fft_parallel_2d.f90
pw.x               0000000000E40685  invfft_y_                  91  fft_fwinv.f90
pw.x               0000000000A30430  fft_wave_mp_wave_         152  fft_wave.f90
pw.x               000000000082BE7A  vloc_psi_k_               259  vloc_psi.f90
pw.x               00000000007AC2F1  h_psi__                   221  h_psi.f90
pw.x               00000000007ABD66  h_psi_                     71  h_psi.f90
pw.x               000000000086D8F3  pcegterg_                 905  cegterg.f90
pw.x               0000000000687E53  diag_bands_IP_dia        1028  c_bands.f90
pw.x               000000000068663C  diag_bands_               322  c_bands.f90
pw.x               0000000000685075  c_bands_                  132  c_bands.f90
pw.x               000000000040DEAE  electrons_scf_            689  electrons.f90
pw.x               000000000040B14D  electrons_                192  electrons.f90
pw.x               00000000005888D2  run_pwscf_                189  run_pwscf.f90
pw.x               00000000004084B4  MAIN__                     85  pwscf.f90
pw.x               000000000040831E  Unknown               Unknown  Unknown
libc-2.17.so       00002ACBBF59DC05  __libc_start_main     Unknown  Unknown
pw.x               0000000000408229  Unknown               Unknown  Unknown
forrtl: error (78): process killed (SIGTERM)
Image              PC                Routine            Line        Source             
pw.x               00000000010225FA  Unknown               Unknown  Unknown
libpthread-2.17.s  00002B60F751E5E0  Unknown               Unknown  Unknown
libmpi.so.12       00002B60F6528EB8  PMPIDI_CH3I_Progr     Unknown  Unknown
libmpi.so.12.0     00002B60F66CC243  Unknown               Unknown  Unknown
libmpi.so.12.0     00002B60F64DBF46  Unknown               Unknown  Unknown
libmpi.so.12       00002B60F64DE0BF  MPI_Alltoall          Unknown  Unknown
libmpifort.so.12.  00002B60F608942E  mpi_alltoall__        Unknown  Unknown
pw.x               0000000000E3E3E6  fft_scatter_2d_mp         123  fft_scatter_2d.f90
pw.x               0000000000E55397  fft_parallel_2d_m         172  fft_parallel_2d.f90
pw.x               0000000000E40685  invfft_y_                  91  fft_fwinv.f90
pw.x               0000000000A30430  fft_wave_mp_wave_         152  fft_wave.f90
pw.x               000000000082BE7A  vloc_psi_k_               259  vloc_psi.f90
pw.x               00000000007AC2F1  h_psi__                   221  h_psi.f90
pw.x               00000000007ABD66  h_psi_                     71  h_psi.f90
pw.x               000000000086D8F3  pcegterg_                 905  cegterg.f90
pw.x               0000000000687E53  diag_bands_IP_dia        1028  c_bands.f90
pw.x               000000000068663C  diag_bands_               322  c_bands.f90
pw.x               0000000000685075  c_bands_                  132  c_bands.f90
pw.x               000000000040DEAE  electrons_scf_            689  electrons.f90
pw.x               000000000040B14D  electrons_                192  electrons.f90
pw.x               00000000005888D2  run_pwscf_                189  run_pwscf.f90
pw.x               00000000004084B4  MAIN__                     85  pwscf.f90
pw.x               000000000040831E  Unknown               Unknown  Unknown
libc-2.17.so       00002B60F7DF2C05  __libc_start_main     Unknown  Unknown
pw.x               0000000000408229  Unknown               Unknown  Unknown
forrtl: error (78): process killed (SIGTERM)
Image              PC                Routine            Line        Source             
pw.x               00000000010225FA  Unknown               Unknown  Unknown
libpthread-2.17.s  00002AAB664B45E0  Unknown               Unknown  Unknown
libmpi.so.12       00002AAB654BEEB8  PMPIDI_CH3I_Progr     Unknown  Unknown
libmpi.so.12.0     00002AAB65662243  Unknown               Unknown  Unknown
libmpi.so.12.0     00002AAB65471F46  Unknown               Unknown  Unknown
libmpi.so.12       00002AAB654740BF  MPI_Alltoall          Unknown  Unknown
libmpifort.so.12.  00002AAB6501F42E  mpi_alltoall__        Unknown  Unknown
pw.x               0000000000E3E3E6  fft_scatter_2d_mp         123  fft_scatter_2d.f90
pw.x               0000000000E55397  fft_parallel_2d_m         172  fft_parallel_2d.f90
pw.x               0000000000E40685  invfft_y_                  91  fft_fwinv.f90
pw.x               0000000000A30430  fft_wave_mp_wave_         152  fft_wave.f90
pw.x               000000000082BE7A  vloc_psi_k_               259  vloc_psi.f90
pw.x               00000000007AC2F1  h_psi__                   221  h_psi.f90
pw.x               00000000007ABD66  h_psi_                     71  h_psi.f90
pw.x               000000000086D8F3  pcegterg_                 905  cegterg.f90
pw.x               0000000000687E53  diag_bands_IP_dia        1028  c_bands.f90
pw.x               000000000068663C  diag_bands_               322  c_bands.f90
pw.x               0000000000685075  c_bands_                  132  c_bands.f90
pw.x               000000000040DEAE  electrons_scf_            689  electrons.f90
pw.x               000000000040B14D  electrons_                192  electrons.f90
pw.x               00000000005888D2  run_pwscf_                189  run_pwscf.f90
pw.x               00000000004084B4  MAIN__                     85  pwscf.f90
pw.x               000000000040831E  Unknown               Unknown  Unknown
libc-2.17.so       00002AAB66D88C05  __libc_start_main     Unknown  Unknown
pw.x               0000000000408229  Unknown               Unknown  Unknown
