forrtl: error (78): process killed (SIGTERM)
Image              PC                Routine            Line        Source             
pw.x               00000000010225FA  Unknown               Unknown  Unknown
libpthread-2.17.s  00002B632BBF15E0  Unknown               Unknown  Unknown
libmpi.so.12       00002B632ABFBEB8  PMPIDI_CH3I_Progr     Unknown  Unknown
libmpi.so.12.0     00002B632AD9F243  Unknown               Unknown  Unknown
libmpi.so.12.0     00002B632ABAEF46  Unknown               Unknown  Unknown
libmpi.so.12       00002B632ABB10BF  MPI_Alltoall          Unknown  Unknown
libmpifort.so.12.  00002B632A75C42E  mpi_alltoall__        Unknown  Unknown
pw.x               0000000000E3EB5D  fft_scatter_2d_mp         226  fft_scatter_2d.f90
pw.x               0000000000E55C59  fft_parallel_2d_m         193  fft_parallel_2d.f90
pw.x               0000000000E40DE8  fwfft_y_                  194  fft_fwinv.f90
pw.x               0000000000A30160  fft_wave_mp_wave_          66  fft_wave.f90
pw.x               000000000082C007  vloc_psi_k_               273  vloc_psi.f90
pw.x               00000000007AC2F1  h_psi__                   221  h_psi.f90
pw.x               00000000007ABD66  h_psi_                     71  h_psi.f90
pw.x               000000000086DDE3  pcegterg_                1021  cegterg.f90
pw.x               0000000000687E53  diag_bands_IP_dia        1028  c_bands.f90
pw.x               000000000068663C  diag_bands_               322  c_bands.f90
pw.x               0000000000685075  c_bands_                  132  c_bands.f90
pw.x               000000000040DEAE  electrons_scf_            689  electrons.f90
pw.x               000000000040B14D  electrons_                192  electrons.f90
pw.x               00000000005888D2  run_pwscf_                189  run_pwscf.f90
pw.x               00000000004084B4  MAIN__                     85  pwscf.f90
pw.x               000000000040831E  Unknown               Unknown  Unknown
libc-2.17.so       00002B632C4C5C05  __libc_start_main     Unknown  Unknown
pw.x               0000000000408229  Unknown               Unknown  Unknown
forrtl: error (78): process killed (SIGTERM)
Image              PC                Routine            Line        Source             
pw.x               00000000010225FA  Unknown               Unknown  Unknown
libpthread-2.17.s  00002B8DF790D5E0  Unknown               Unknown  Unknown
libmpi.so.12       00002B8DF6917F72  PMPIDI_CH3I_Progr     Unknown  Unknown
libmpi.so.12.0     00002B8DF6ABB243  Unknown               Unknown  Unknown
libmpi.so.12.0     00002B8DF68CAF46  Unknown               Unknown  Unknown
libmpi.so.12       00002B8DF68CD0BF  MPI_Alltoall          Unknown  Unknown
libmpifort.so.12.  00002B8DF647842E  mpi_alltoall__        Unknown  Unknown
pw.x               0000000000E3EB5D  fft_scatter_2d_mp         226  fft_scatter_2d.f90
pw.x               0000000000E55C59  fft_parallel_2d_m         193  fft_parallel_2d.f90
pw.x               0000000000E40DE8  fwfft_y_                  194  fft_fwinv.f90
pw.x               0000000000A30160  fft_wave_mp_wave_          66  fft_wave.f90
pw.x               000000000082C007  vloc_psi_k_               273  vloc_psi.f90
pw.x               00000000007AC2F1  h_psi__                   221  h_psi.f90
pw.x               00000000007ABD66  h_psi_                     71  h_psi.f90
pw.x               000000000086DDE3  pcegterg_                1021  cegterg.f90
pw.x               0000000000687E53  diag_bands_IP_dia        1028  c_bands.f90
pw.x               000000000068663C  diag_bands_               322  c_bands.f90
pw.x               0000000000685075  c_bands_                  132  c_bands.f90
pw.x               000000000040DEAE  electrons_scf_            689  electrons.f90
pw.x               000000000040B14D  electrons_                192  electrons.f90
pw.x               00000000005888D2  run_pwscf_                189  run_pwscf.f90
pw.x               00000000004084B4  MAIN__                     85  pwscf.f90
pw.x               000000000040831E  Unknown               Unknown  Unknown
libc-2.17.so       00002B8DF81E1C05  __libc_start_main     Unknown  Unknown
pw.x               0000000000408229  Unknown               Unknown  Unknown
forrtl: error (78): process killed (SIGTERM)
Image              PC                Routine            Line        Source             
pw.x               00000000010225FA  Unknown               Unknown  Unknown
libpthread-2.17.s  00002AF7C431C5E0  Unknown               Unknown  Unknown
libmpi.so.12       00002AF7C3326EB8  PMPIDI_CH3I_Progr     Unknown  Unknown
libmpi.so.12.0     00002AF7C34CA243  Unknown               Unknown  Unknown
libmpi.so.12.0     00002AF7C32D9F46  Unknown               Unknown  Unknown
libmpi.so.12       00002AF7C32DC0BF  MPI_Alltoall          Unknown  Unknown
libmpifort.so.12.  00002AF7C2E8742E  mpi_alltoall__        Unknown  Unknown
pw.x               0000000000E3EB5D  fft_scatter_2d_mp         226  fft_scatter_2d.f90
pw.x               0000000000E55C59  fft_parallel_2d_m         193  fft_parallel_2d.f90
pw.x               0000000000E40DE8  fwfft_y_                  194  fft_fwinv.f90
pw.x               0000000000A30160  fft_wave_mp_wave_          66  fft_wave.f90
pw.x               000000000082C007  vloc_psi_k_               273  vloc_psi.f90
pw.x               00000000007AC2F1  h_psi__                   221  h_psi.f90
pw.x               00000000007ABD66  h_psi_                     71  h_psi.f90
pw.x               000000000086DDE3  pcegterg_                1021  cegterg.f90
pw.x               0000000000687E53  diag_bands_IP_dia        1028  c_bands.f90
pw.x               000000000068663C  diag_bands_               322  c_bands.f90
pw.x               0000000000685075  c_bands_                  132  c_bands.f90
pw.x               000000000040DEAE  electrons_scf_            689  electrons.f90
pw.x               000000000040B14D  electrons_                192  electrons.f90
pw.x               00000000005888D2  run_pwscf_                189  run_pwscf.f90
pw.x               00000000004084B4  MAIN__                     85  pwscf.f90
pw.x               000000000040831E  Unknown               Unknown  Unknown
libc-2.17.so       00002AF7C4BF0C05  __libc_start_main     Unknown  Unknown
pw.x               0000000000408229  Unknown               Unknown  Unknown
forrtl: error (78): process killed (SIGTERM)
Image              PC                Routine            Line        Source             
pw.x               00000000010225FA  Unknown               Unknown  Unknown
libpthread-2.17.s  00002B5D968325E0  Unknown               Unknown  Unknown
libmpi.so.12       00002B5D9583CEB8  PMPIDI_CH3I_Progr     Unknown  Unknown
libmpi.so.12.0     00002B5D959E0243  Unknown               Unknown  Unknown
libmpi.so.12.0     00002B5D957EFF46  Unknown               Unknown  Unknown
libmpi.so.12       00002B5D957F20BF  MPI_Alltoall          Unknown  Unknown
libmpifort.so.12.  00002B5D9539D42E  mpi_alltoall__        Unknown  Unknown
pw.x               0000000000E3EB5D  fft_scatter_2d_mp         226  fft_scatter_2d.f90
pw.x               0000000000E55C59  fft_parallel_2d_m         193  fft_parallel_2d.f90
pw.x               0000000000E40DE8  fwfft_y_                  194  fft_fwinv.f90
pw.x               0000000000A30160  fft_wave_mp_wave_          66  fft_wave.f90
pw.x               000000000082C007  vloc_psi_k_               273  vloc_psi.f90
pw.x               00000000007AC2F1  h_psi__                   221  h_psi.f90
pw.x               00000000007ABD66  h_psi_                     71  h_psi.f90
pw.x               000000000086DDE3  pcegterg_                1021  cegterg.f90
pw.x               0000000000687E53  diag_bands_IP_dia        1028  c_bands.f90
pw.x               000000000068663C  diag_bands_               322  c_bands.f90
pw.x               0000000000685075  c_bands_                  132  c_bands.f90
pw.x               000000000040DEAE  electrons_scf_            689  electrons.f90
pw.x               000000000040B14D  electrons_                192  electrons.f90
pw.x               00000000005888D2  run_pwscf_                189  run_pwscf.f90
pw.x               00000000004084B4  MAIN__                     85  pwscf.f90
pw.x               000000000040831E  Unknown               Unknown  Unknown
libc-2.17.so       00002B5D97106C05  __libc_start_main     Unknown  Unknown
pw.x               0000000000408229  Unknown               Unknown  Unknown
forrtl: error (78): process killed (SIGTERM)
Image              PC                Routine            Line        Source             
pw.x               00000000010225FA  Unknown               Unknown  Unknown
libpthread-2.17.s  00002AD41EBBF5E0  Unknown               Unknown  Unknown
libmpi.so.12       00002AD41DBC9EB8  PMPIDI_CH3I_Progr     Unknown  Unknown
libmpi.so.12.0     00002AD41DD6D243  Unknown               Unknown  Unknown
libmpi.so.12.0     00002AD41DB7CF46  Unknown               Unknown  Unknown
libmpi.so.12       00002AD41DB7F0BF  MPI_Alltoall          Unknown  Unknown
libmpifort.so.12.  00002AD41D72A42E  mpi_alltoall__        Unknown  Unknown
pw.x               0000000000E3EB5D  fft_scatter_2d_mp         226  fft_scatter_2d.f90
pw.x               0000000000E55C59  fft_parallel_2d_m         193  fft_parallel_2d.f90
pw.x               0000000000E40DE8  fwfft_y_                  194  fft_fwinv.f90
pw.x               0000000000A30160  fft_wave_mp_wave_          66  fft_wave.f90
pw.x               000000000082C007  vloc_psi_k_               273  vloc_psi.f90
pw.x               00000000007AC2F1  h_psi__                   221  h_psi.f90
pw.x               00000000007ABD66  h_psi_                     71  h_psi.f90
pw.x               000000000086DDE3  pcegterg_                1021  cegterg.f90
pw.x               0000000000687E53  diag_bands_IP_dia        1028  c_bands.f90
pw.x               000000000068663C  diag_bands_               322  c_bands.f90
pw.x               0000000000685075  c_bands_                  132  c_bands.f90
pw.x               000000000040DEAE  electrons_scf_            689  electrons.f90
pw.x               000000000040B14D  electrons_                192  electrons.f90
pw.x               00000000005888D2  run_pwscf_                189  run_pwscf.f90
pw.x               00000000004084B4  MAIN__                     85  pwscf.f90
pw.x               000000000040831E  Unknown               Unknown  Unknown
libc-2.17.so       00002AD41F493C05  __libc_start_main     Unknown  Unknown
pw.x               0000000000408229  Unknown               Unknown  Unknown
forrtl: error (78): process killed (SIGTERM)
Image              PC                Routine            Line        Source             
pw.x               00000000010225FA  Unknown               Unknown  Unknown
libpthread-2.17.s  00002AC3649625E0  Unknown               Unknown  Unknown
libmpi.so.12       00002AC36396CEB8  PMPIDI_CH3I_Progr     Unknown  Unknown
libmpi.so.12.0     00002AC363B10243  Unknown               Unknown  Unknown
libmpi.so.12.0     00002AC36391FF46  Unknown               Unknown  Unknown
libmpi.so.12       00002AC3639220BF  MPI_Alltoall          Unknown  Unknown
libmpifort.so.12.  00002AC3634CD42E  mpi_alltoall__        Unknown  Unknown
pw.x               0000000000E3EB5D  fft_scatter_2d_mp         226  fft_scatter_2d.f90
pw.x               0000000000E55C59  fft_parallel_2d_m         193  fft_parallel_2d.f90
pw.x               0000000000E40DE8  fwfft_y_                  194  fft_fwinv.f90
pw.x               0000000000A30160  fft_wave_mp_wave_          66  fft_wave.f90
pw.x               000000000082C007  vloc_psi_k_               273  vloc_psi.f90
pw.x               00000000007AC2F1  h_psi__                   221  h_psi.f90
pw.x               00000000007ABD66  h_psi_                     71  h_psi.f90
pw.x               000000000086DDE3  pcegterg_                1021  cegterg.f90
pw.x               0000000000687E53  diag_bands_IP_dia        1028  c_bands.f90
pw.x               000000000068663C  diag_bands_               322  c_bands.f90
pw.x               0000000000685075  c_bands_                  132  c_bands.f90
pw.x               000000000040DEAE  electrons_scf_            689  electrons.f90
pw.x               000000000040B14D  electrons_                192  electrons.f90
pw.x               00000000005888D2  run_pwscf_                189  run_pwscf.f90
pw.x               00000000004084B4  MAIN__                     85  pwscf.f90
pw.x               000000000040831E  Unknown               Unknown  Unknown
libc-2.17.so       00002AC365236C05  __libc_start_main     Unknown  Unknown
pw.x               0000000000408229  Unknown               Unknown  Unknown
forrtl: error (78): process killed (SIGTERM)
Image              PC                Routine            Line        Source             
pw.x               00000000010225FA  Unknown               Unknown  Unknown
libpthread-2.17.s  00002B2F458435E0  Unknown               Unknown  Unknown
libmpi.so.12       00002B2F4484DEBF  PMPIDI_CH3I_Progr     Unknown  Unknown
libmpi.so.12.0     00002B2F449F1243  Unknown               Unknown  Unknown
libmpi.so.12.0     00002B2F44800F46  Unknown               Unknown  Unknown
libmpi.so.12       00002B2F448030BF  MPI_Alltoall          Unknown  Unknown
libmpifort.so.12.  00002B2F443AE42E  mpi_alltoall__        Unknown  Unknown
pw.x               0000000000E3EB5D  fft_scatter_2d_mp         226  fft_scatter_2d.f90
pw.x               0000000000E55C59  fft_parallel_2d_m         193  fft_parallel_2d.f90
pw.x               0000000000E40DE8  fwfft_y_                  194  fft_fwinv.f90
pw.x               0000000000A30160  fft_wave_mp_wave_          66  fft_wave.f90
pw.x               000000000082C007  vloc_psi_k_               273  vloc_psi.f90
pw.x               00000000007AC2F1  h_psi__                   221  h_psi.f90
pw.x               00000000007ABD66  h_psi_                     71  h_psi.f90
pw.x               000000000086DDE3  pcegterg_                1021  cegterg.f90
pw.x               0000000000687E53  diag_bands_IP_dia        1028  c_bands.f90
pw.x               000000000068663C  diag_bands_               322  c_bands.f90
pw.x               0000000000685075  c_bands_                  132  c_bands.f90
pw.x               000000000040DEAE  electrons_scf_            689  electrons.f90
pw.x               000000000040B14D  electrons_                192  electrons.f90
pw.x               00000000005888D2  run_pwscf_                189  run_pwscf.f90
pw.x               00000000004084B4  MAIN__                     85  pwscf.f90
pw.x               000000000040831E  Unknown               Unknown  Unknown
libc-2.17.so       00002B2F46117C05  __libc_start_main     Unknown  Unknown
pw.x               0000000000408229  Unknown               Unknown  Unknown
forrtl: error (78): process killed (SIGTERM)
Image              PC                Routine            Line        Source             
pw.x               00000000010225FA  Unknown               Unknown  Unknown
libpthread-2.17.s  00002B453D3575E0  Unknown               Unknown  Unknown
libmpi.so.12       00002B453C36226D  PMPIDI_CH3I_Progr     Unknown  Unknown
libmpi.so.12.0     00002B453C505243  Unknown               Unknown  Unknown
libmpi.so.12.0     00002B453C314F46  Unknown               Unknown  Unknown
libmpi.so.12       00002B453C3170BF  MPI_Alltoall          Unknown  Unknown
libmpifort.so.12.  00002B453BEC242E  mpi_alltoall__        Unknown  Unknown
pw.x               0000000000E3EB5D  fft_scatter_2d_mp         226  fft_scatter_2d.f90
pw.x               0000000000E55C59  fft_parallel_2d_m         193  fft_parallel_2d.f90
pw.x               0000000000E40DE8  fwfft_y_                  194  fft_fwinv.f90
pw.x               0000000000A30160  fft_wave_mp_wave_          66  fft_wave.f90
pw.x               000000000082C007  vloc_psi_k_               273  vloc_psi.f90
pw.x               00000000007AC2F1  h_psi__                   221  h_psi.f90
pw.x               00000000007ABD66  h_psi_                     71  h_psi.f90
pw.x               000000000086DDE3  pcegterg_                1021  cegterg.f90
pw.x               0000000000687E53  diag_bands_IP_dia        1028  c_bands.f90
pw.x               000000000068663C  diag_bands_               322  c_bands.f90
pw.x               0000000000685075  c_bands_                  132  c_bands.f90
pw.x               000000000040DEAE  electrons_scf_            689  electrons.f90
pw.x               000000000040B14D  electrons_                192  electrons.f90
pw.x               00000000005888D2  run_pwscf_                189  run_pwscf.f90
pw.x               00000000004084B4  MAIN__                     85  pwscf.f90
pw.x               000000000040831E  Unknown               Unknown  Unknown
libc-2.17.so       00002B453DC2BC05  __libc_start_main     Unknown  Unknown
pw.x               0000000000408229  Unknown               Unknown  Unknown
forrtl: error (78): process killed (SIGTERM)
Image              PC                Routine            Line        Source             
pw.x               00000000010225FA  Unknown               Unknown  Unknown
libpthread-2.17.s  00002AF7FB7C65E0  Unknown               Unknown  Unknown
libmpi.so.12       00002AF7FA7D0EB8  PMPIDI_CH3I_Progr     Unknown  Unknown
libmpi.so.12.0     00002AF7FA974243  Unknown               Unknown  Unknown
libmpi.so.12.0     00002AF7FA783F46  Unknown               Unknown  Unknown
libmpi.so.12       00002AF7FA7860BF  MPI_Alltoall          Unknown  Unknown
libmpifort.so.12.  00002AF7FA33142E  mpi_alltoall__        Unknown  Unknown
pw.x               0000000000E3EB5D  fft_scatter_2d_mp         226  fft_scatter_2d.f90
pw.x               0000000000E55C59  fft_parallel_2d_m         193  fft_parallel_2d.f90
pw.x               0000000000E40DE8  fwfft_y_                  194  fft_fwinv.f90
pw.x               0000000000A30160  fft_wave_mp_wave_          66  fft_wave.f90
pw.x               000000000082C007  vloc_psi_k_               273  vloc_psi.f90
pw.x               00000000007AC2F1  h_psi__                   221  h_psi.f90
pw.x               00000000007ABD66  h_psi_                     71  h_psi.f90
pw.x               000000000086DDE3  pcegterg_                1021  cegterg.f90
pw.x               0000000000687E53  diag_bands_IP_dia        1028  c_bands.f90
pw.x               000000000068663C  diag_bands_               322  c_bands.f90
pw.x               0000000000685075  c_bands_                  132  c_bands.f90
pw.x               000000000040DEAE  electrons_scf_            689  electrons.f90
pw.x               000000000040B14D  electrons_                192  electrons.f90
pw.x               00000000005888D2  run_pwscf_                189  run_pwscf.f90
pw.x               00000000004084B4  MAIN__                     85  pwscf.f90
pw.x               000000000040831E  Unknown               Unknown  Unknown
libc-2.17.so       00002AF7FC09AC05  __libc_start_main     Unknown  Unknown
pw.x               0000000000408229  Unknown               Unknown  Unknown
forrtl: error (78): process killed (SIGTERM)
Image              PC                Routine            Line        Source             
pw.x               00000000010225FA  Unknown               Unknown  Unknown
libpthread-2.17.s  00002B01C1ECA5E0  Unknown               Unknown  Unknown
libmpi.so.12       00002B01C0ED4EB8  PMPIDI_CH3I_Progr     Unknown  Unknown
libmpi.so.12.0     00002B01C1078243  Unknown               Unknown  Unknown
libmpi.so.12.0     00002B01C0E87F46  Unknown               Unknown  Unknown
libmpi.so.12       00002B01C0E8A0BF  MPI_Alltoall          Unknown  Unknown
libmpifort.so.12.  00002B01C0A3542E  mpi_alltoall__        Unknown  Unknown
pw.x               0000000000E3EB5D  fft_scatter_2d_mp         226  fft_scatter_2d.f90
pw.x               0000000000E55C59  fft_parallel_2d_m         193  fft_parallel_2d.f90
pw.x               0000000000E40DE8  fwfft_y_                  194  fft_fwinv.f90
pw.x               0000000000A30160  fft_wave_mp_wave_          66  fft_wave.f90
pw.x               000000000082C007  vloc_psi_k_               273  vloc_psi.f90
pw.x               00000000007AC2F1  h_psi__                   221  h_psi.f90
pw.x               00000000007ABD66  h_psi_                     71  h_psi.f90
pw.x               000000000086DDE3  pcegterg_                1021  cegterg.f90
pw.x               0000000000687E53  diag_bands_IP_dia        1028  c_bands.f90
pw.x               000000000068663C  diag_bands_               322  c_bands.f90
pw.x               0000000000685075  c_bands_                  132  c_bands.f90
pw.x               000000000040DEAE  electrons_scf_            689  electrons.f90
pw.x               000000000040B14D  electrons_                192  electrons.f90
pw.x               00000000005888D2  run_pwscf_                189  run_pwscf.f90
pw.x               00000000004084B4  MAIN__                     85  pwscf.f90
pw.x               000000000040831E  Unknown               Unknown  Unknown
libc-2.17.so       00002B01C279EC05  __libc_start_main     Unknown  Unknown
pw.x               0000000000408229  Unknown               Unknown  Unknown
forrtl: error (78): process killed (SIGTERM)
Image              PC                Routine            Line        Source             
pw.x               00000000010225FA  Unknown               Unknown  Unknown
libpthread-2.17.s  00002B201DBDA5E0  Unknown               Unknown  Unknown
libmpi.so.12       00002B201CBE4EB8  PMPIDI_CH3I_Progr     Unknown  Unknown
libmpi.so.12.0     00002B201CD88243  Unknown               Unknown  Unknown
libmpi.so.12.0     00002B201CB97F46  Unknown               Unknown  Unknown
libmpi.so.12       00002B201CB9A0BF  MPI_Alltoall          Unknown  Unknown
libmpifort.so.12.  00002B201C74542E  mpi_alltoall__        Unknown  Unknown
pw.x               0000000000E3EB5D  fft_scatter_2d_mp         226  fft_scatter_2d.f90
pw.x               0000000000E55C59  fft_parallel_2d_m         193  fft_parallel_2d.f90
pw.x               0000000000E40DE8  fwfft_y_                  194  fft_fwinv.f90
pw.x               0000000000A30160  fft_wave_mp_wave_          66  fft_wave.f90
pw.x               000000000082C007  vloc_psi_k_               273  vloc_psi.f90
pw.x               00000000007AC2F1  h_psi__                   221  h_psi.f90
pw.x               00000000007ABD66  h_psi_                     71  h_psi.f90
pw.x               000000000086DDE3  pcegterg_                1021  cegterg.f90
pw.x               0000000000687E53  diag_bands_IP_dia        1028  c_bands.f90
pw.x               000000000068663C  diag_bands_               322  c_bands.f90
pw.x               0000000000685075  c_bands_                  132  c_bands.f90
pw.x               000000000040DEAE  electrons_scf_            689  electrons.f90
pw.x               000000000040B14D  electrons_                192  electrons.f90
pw.x               00000000005888D2  run_pwscf_                189  run_pwscf.f90
pw.x               00000000004084B4  MAIN__                     85  pwscf.f90
pw.x               000000000040831E  Unknown               Unknown  Unknown
libc-2.17.so       00002B201E4AEC05  __libc_start_main     Unknown  Unknown
pw.x               0000000000408229  Unknown               Unknown  Unknown
forrtl: error (78): process killed (SIGTERM)
Image              PC                Routine            Line        Source             
pw.x               00000000010225FA  Unknown               Unknown  Unknown
libpthread-2.17.s  00002AF58A2AC5E0  Unknown               Unknown  Unknown
libmpi.so.12       00002AF5892B6EB8  PMPIDI_CH3I_Progr     Unknown  Unknown
libmpi.so.12.0     00002AF58945A243  Unknown               Unknown  Unknown
libmpi.so.12.0     00002AF589269F46  Unknown               Unknown  Unknown
libmpi.so.12       00002AF58926C0BF  MPI_Alltoall          Unknown  Unknown
libmpifort.so.12.  00002AF588E1742E  mpi_alltoall__        Unknown  Unknown
pw.x               0000000000E3EB5D  fft_scatter_2d_mp         226  fft_scatter_2d.f90
pw.x               0000000000E55C59  fft_parallel_2d_m         193  fft_parallel_2d.f90
pw.x               0000000000E40DE8  fwfft_y_                  194  fft_fwinv.f90
pw.x               0000000000A30160  fft_wave_mp_wave_          66  fft_wave.f90
pw.x               000000000082C007  vloc_psi_k_               273  vloc_psi.f90
pw.x               00000000007AC2F1  h_psi__                   221  h_psi.f90
pw.x               00000000007ABD66  h_psi_                     71  h_psi.f90
pw.x               000000000086DDE3  pcegterg_                1021  cegterg.f90
pw.x               0000000000687E53  diag_bands_IP_dia        1028  c_bands.f90
pw.x               000000000068663C  diag_bands_               322  c_bands.f90
pw.x               0000000000685075  c_bands_                  132  c_bands.f90
pw.x               000000000040DEAE  electrons_scf_            689  electrons.f90
pw.x               000000000040B14D  electrons_                192  electrons.f90
pw.x               00000000005888D2  run_pwscf_                189  run_pwscf.f90
pw.x               00000000004084B4  MAIN__                     85  pwscf.f90
pw.x               000000000040831E  Unknown               Unknown  Unknown
libc-2.17.so       00002AF58AB80C05  __libc_start_main     Unknown  Unknown
pw.x               0000000000408229  Unknown               Unknown  Unknown
forrtl: error (78): process killed (SIGTERM)
Image              PC                Routine            Line        Source             
pw.x               00000000010225FA  Unknown               Unknown  Unknown
libpthread-2.17.s  00002ADE07C9B5E0  Unknown               Unknown  Unknown
libmpi.so.12       00002ADE06CA5EBF  PMPIDI_CH3I_Progr     Unknown  Unknown
libmpi.so.12.0     00002ADE06E49243  Unknown               Unknown  Unknown
libmpi.so.12.0     00002ADE06C58F46  Unknown               Unknown  Unknown
libmpi.so.12       00002ADE06C5B0BF  MPI_Alltoall          Unknown  Unknown
libmpifort.so.12.  00002ADE0680642E  mpi_alltoall__        Unknown  Unknown
pw.x               0000000000E3EB5D  fft_scatter_2d_mp         226  fft_scatter_2d.f90
pw.x               0000000000E55C59  fft_parallel_2d_m         193  fft_parallel_2d.f90
pw.x               0000000000E40DE8  fwfft_y_                  194  fft_fwinv.f90
pw.x               0000000000A30160  fft_wave_mp_wave_          66  fft_wave.f90
pw.x               000000000082C007  vloc_psi_k_               273  vloc_psi.f90
pw.x               00000000007AC2F1  h_psi__                   221  h_psi.f90
pw.x               00000000007ABD66  h_psi_                     71  h_psi.f90
pw.x               000000000086DDE3  pcegterg_                1021  cegterg.f90
pw.x               0000000000687E53  diag_bands_IP_dia        1028  c_bands.f90
pw.x               000000000068663C  diag_bands_               322  c_bands.f90
pw.x               0000000000685075  c_bands_                  132  c_bands.f90
pw.x               000000000040DEAE  electrons_scf_            689  electrons.f90
pw.x               000000000040B14D  electrons_                192  electrons.f90
pw.x               00000000005888D2  run_pwscf_                189  run_pwscf.f90
pw.x               00000000004084B4  MAIN__                     85  pwscf.f90
pw.x               000000000040831E  Unknown               Unknown  Unknown
libc-2.17.so       00002ADE0856FC05  __libc_start_main     Unknown  Unknown
pw.x               0000000000408229  Unknown               Unknown  Unknown
forrtl: error (78): process killed (SIGTERM)
Image              PC                Routine            Line        Source             
pw.x               00000000010225FA  Unknown               Unknown  Unknown
libpthread-2.17.s  00002B6F689425E0  Unknown               Unknown  Unknown
libmpi.so.12       00002B6F6794CEB8  PMPIDI_CH3I_Progr     Unknown  Unknown
libmpi.so.12.0     00002B6F67AF0243  Unknown               Unknown  Unknown
libmpi.so.12.0     00002B6F678FFF46  Unknown               Unknown  Unknown
libmpi.so.12       00002B6F679020BF  MPI_Alltoall          Unknown  Unknown
libmpifort.so.12.  00002B6F674AD42E  mpi_alltoall__        Unknown  Unknown
pw.x               0000000000E3EB5D  fft_scatter_2d_mp         226  fft_scatter_2d.f90
pw.x               0000000000E55C59  fft_parallel_2d_m         193  fft_parallel_2d.f90
pw.x               0000000000E40DE8  fwfft_y_                  194  fft_fwinv.f90
pw.x               0000000000A30160  fft_wave_mp_wave_          66  fft_wave.f90
pw.x               000000000082C007  vloc_psi_k_               273  vloc_psi.f90
pw.x               00000000007AC2F1  h_psi__                   221  h_psi.f90
pw.x               00000000007ABD66  h_psi_                     71  h_psi.f90
pw.x               000000000086DDE3  pcegterg_                1021  cegterg.f90
pw.x               0000000000687E53  diag_bands_IP_dia        1028  c_bands.f90
pw.x               000000000068663C  diag_bands_               322  c_bands.f90
pw.x               0000000000685075  c_bands_                  132  c_bands.f90
pw.x               000000000040DEAE  electrons_scf_            689  electrons.f90
pw.x               000000000040B14D  electrons_                192  electrons.f90
pw.x               00000000005888D2  run_pwscf_                189  run_pwscf.f90
pw.x               00000000004084B4  MAIN__                     85  pwscf.f90
pw.x               000000000040831E  Unknown               Unknown  Unknown
libc-2.17.so       00002B6F69216C05  __libc_start_main     Unknown  Unknown
pw.x               0000000000408229  Unknown               Unknown  Unknown
forrtl: error (78): process killed (SIGTERM)
Image              PC                Routine            Line        Source             
pw.x               00000000010225FA  Unknown               Unknown  Unknown
libpthread-2.17.s  00002AF113CF35E0  Unknown               Unknown  Unknown
libmpi.so.12       00002AF112CFEB52  PMPIDI_CH3I_Progr     Unknown  Unknown
libmpi.so.12.0     00002AF112EA1243  Unknown               Unknown  Unknown
libmpi.so.12.0     00002AF112CB0F46  Unknown               Unknown  Unknown
libmpi.so.12       00002AF112CB30BF  MPI_Alltoall          Unknown  Unknown
libmpifort.so.12.  00002AF11285E42E  mpi_alltoall__        Unknown  Unknown
pw.x               0000000000E3EB5D  fft_scatter_2d_mp         226  fft_scatter_2d.f90
pw.x               0000000000E55C59  fft_parallel_2d_m         193  fft_parallel_2d.f90
pw.x               0000000000E40DE8  fwfft_y_                  194  fft_fwinv.f90
pw.x               0000000000A30160  fft_wave_mp_wave_          66  fft_wave.f90
pw.x               000000000082C007  vloc_psi_k_               273  vloc_psi.f90
pw.x               00000000007AC2F1  h_psi__                   221  h_psi.f90
pw.x               00000000007ABD66  h_psi_                     71  h_psi.f90
pw.x               000000000086DDE3  pcegterg_                1021  cegterg.f90
pw.x               0000000000687E53  diag_bands_IP_dia        1028  c_bands.f90
pw.x               000000000068663C  diag_bands_               322  c_bands.f90
pw.x               0000000000685075  c_bands_                  132  c_bands.f90
pw.x               000000000040DEAE  electrons_scf_            689  electrons.f90
pw.x               000000000040B14D  electrons_                192  electrons.f90
pw.x               00000000005888D2  run_pwscf_                189  run_pwscf.f90
pw.x               00000000004084B4  MAIN__                     85  pwscf.f90
pw.x               000000000040831E  Unknown               Unknown  Unknown
libc-2.17.so       00002AF1145C7C05  __libc_start_main     Unknown  Unknown
pw.x               0000000000408229  Unknown               Unknown  Unknown
forrtl: error (78): process killed (SIGTERM)
Image              PC                Routine            Line        Source             
pw.x               00000000010225FA  Unknown               Unknown  Unknown
libpthread-2.17.s  00002B0C7C1F25E0  Unknown               Unknown  Unknown
libmpi.so.12       00002B0C7B1FCEB8  PMPIDI_CH3I_Progr     Unknown  Unknown
libmpi.so.12.0     00002B0C7B3A0243  Unknown               Unknown  Unknown
libmpi.so.12.0     00002B0C7B1AFF46  Unknown               Unknown  Unknown
libmpi.so.12       00002B0C7B1B20BF  MPI_Alltoall          Unknown  Unknown
libmpifort.so.12.  00002B0C7AD5D42E  mpi_alltoall__        Unknown  Unknown
pw.x               0000000000E3EB5D  fft_scatter_2d_mp         226  fft_scatter_2d.f90
pw.x               0000000000E55C59  fft_parallel_2d_m         193  fft_parallel_2d.f90
pw.x               0000000000E40DE8  fwfft_y_                  194  fft_fwinv.f90
pw.x               0000000000A30160  fft_wave_mp_wave_          66  fft_wave.f90
pw.x               000000000082C007  vloc_psi_k_               273  vloc_psi.f90
pw.x               00000000007AC2F1  h_psi__                   221  h_psi.f90
pw.x               00000000007ABD66  h_psi_                     71  h_psi.f90
pw.x               000000000086DDE3  pcegterg_                1021  cegterg.f90
pw.x               0000000000687E53  diag_bands_IP_dia        1028  c_bands.f90
pw.x               000000000068663C  diag_bands_               322  c_bands.f90
pw.x               0000000000685075  c_bands_                  132  c_bands.f90
pw.x               000000000040DEAE  electrons_scf_            689  electrons.f90
pw.x               000000000040B14D  electrons_                192  electrons.f90
pw.x               00000000005888D2  run_pwscf_                189  run_pwscf.f90
pw.x               00000000004084B4  MAIN__                     85  pwscf.f90
pw.x               000000000040831E  Unknown               Unknown  Unknown
libc-2.17.so       00002B0C7CAC6C05  __libc_start_main     Unknown  Unknown
pw.x               0000000000408229  Unknown               Unknown  Unknown
forrtl: error (78): process killed (SIGTERM)
Image              PC                Routine            Line        Source             
pw.x               00000000010225FA  Unknown               Unknown  Unknown
libpthread-2.17.s  00002AF5FD1145E0  Unknown               Unknown  Unknown
libmpi.so.12       00002AF5FC11EEFC  PMPIDI_CH3I_Progr     Unknown  Unknown
libmpi.so.12.0     00002AF5FC2C2243  Unknown               Unknown  Unknown
libmpi.so.12.0     00002AF5FC0D1F46  Unknown               Unknown  Unknown
libmpi.so.12       00002AF5FC0D40BF  MPI_Alltoall          Unknown  Unknown
libmpifort.so.12.  00002AF5FBC7F42E  mpi_alltoall__        Unknown  Unknown
pw.x               0000000000E3EB5D  fft_scatter_2d_mp         226  fft_scatter_2d.f90
pw.x               0000000000E55C59  fft_parallel_2d_m         193  fft_parallel_2d.f90
pw.x               0000000000E40DE8  fwfft_y_                  194  fft_fwinv.f90
pw.x               0000000000A30160  fft_wave_mp_wave_          66  fft_wave.f90
pw.x               000000000082C007  vloc_psi_k_               273  vloc_psi.f90
pw.x               00000000007AC2F1  h_psi__                   221  h_psi.f90
pw.x               00000000007ABD66  h_psi_                     71  h_psi.f90
pw.x               000000000086DDE3  pcegterg_                1021  cegterg.f90
pw.x               0000000000687E53  diag_bands_IP_dia        1028  c_bands.f90
pw.x               000000000068663C  diag_bands_               322  c_bands.f90
pw.x               0000000000685075  c_bands_                  132  c_bands.f90
pw.x               000000000040DEAE  electrons_scf_            689  electrons.f90
pw.x               000000000040B14D  electrons_                192  electrons.f90
pw.x               00000000005888D2  run_pwscf_                189  run_pwscf.f90
pw.x               00000000004084B4  MAIN__                     85  pwscf.f90
pw.x               000000000040831E  Unknown               Unknown  Unknown
libc-2.17.so       00002AF5FD9E8C05  __libc_start_main     Unknown  Unknown
pw.x               0000000000408229  Unknown               Unknown  Unknown
forrtl: error (78): process killed (SIGTERM)
Image              PC                Routine            Line        Source             
pw.x               00000000010225FA  Unknown               Unknown  Unknown
libpthread-2.17.s  00002B904C0ED5E0  Unknown               Unknown  Unknown
libmpi.so.12       00002B904B0F7EB8  PMPIDI_CH3I_Progr     Unknown  Unknown
libmpi.so.12.0     00002B904B29B243  Unknown               Unknown  Unknown
libmpi.so.12.0     00002B904B0AAF46  Unknown               Unknown  Unknown
libmpi.so.12       00002B904B0AD0BF  MPI_Alltoall          Unknown  Unknown
libmpifort.so.12.  00002B904AC5842E  mpi_alltoall__        Unknown  Unknown
pw.x               0000000000E3EB5D  fft_scatter_2d_mp         226  fft_scatter_2d.f90
pw.x               0000000000E55C59  fft_parallel_2d_m         193  fft_parallel_2d.f90
pw.x               0000000000E40DE8  fwfft_y_                  194  fft_fwinv.f90
pw.x               0000000000A30160  fft_wave_mp_wave_          66  fft_wave.f90
pw.x               000000000082C007  vloc_psi_k_               273  vloc_psi.f90
pw.x               00000000007AC2F1  h_psi__                   221  h_psi.f90
pw.x               00000000007ABD66  h_psi_                     71  h_psi.f90
pw.x               000000000086DDE3  pcegterg_                1021  cegterg.f90
pw.x               0000000000687E53  diag_bands_IP_dia        1028  c_bands.f90
pw.x               000000000068663C  diag_bands_               322  c_bands.f90
pw.x               0000000000685075  c_bands_                  132  c_bands.f90
pw.x               000000000040DEAE  electrons_scf_            689  electrons.f90
pw.x               000000000040B14D  electrons_                192  electrons.f90
pw.x               00000000005888D2  run_pwscf_                189  run_pwscf.f90
pw.x               00000000004084B4  MAIN__                     85  pwscf.f90
pw.x               000000000040831E  Unknown               Unknown  Unknown
libc-2.17.so       00002B904C9C1C05  __libc_start_main     Unknown  Unknown
pw.x               0000000000408229  Unknown               Unknown  Unknown
forrtl: error (78): process killed (SIGTERM)
Image              PC                Routine            Line        Source             
pw.x               00000000010225FA  Unknown               Unknown  Unknown
libpthread-2.17.s  00002B6264B925E0  Unknown               Unknown  Unknown
libmpi.so.12       00002B6263B9CEFC  PMPIDI_CH3I_Progr     Unknown  Unknown
libmpi.so.12.0     00002B6263D40243  Unknown               Unknown  Unknown
libmpi.so.12.0     00002B6263B4FF46  Unknown               Unknown  Unknown
libmpi.so.12       00002B6263B520BF  MPI_Alltoall          Unknown  Unknown
libmpifort.so.12.  00002B62636FD42E  mpi_alltoall__        Unknown  Unknown
pw.x               0000000000E3EB5D  fft_scatter_2d_mp         226  fft_scatter_2d.f90
pw.x               0000000000E55C59  fft_parallel_2d_m         193  fft_parallel_2d.f90
pw.x               0000000000E40DE8  fwfft_y_                  194  fft_fwinv.f90
pw.x               0000000000A30160  fft_wave_mp_wave_          66  fft_wave.f90
pw.x               000000000082C007  vloc_psi_k_               273  vloc_psi.f90
pw.x               00000000007AC2F1  h_psi__                   221  h_psi.f90
pw.x               00000000007ABD66  h_psi_                     71  h_psi.f90
pw.x               000000000086DDE3  pcegterg_                1021  cegterg.f90
pw.x               0000000000687E53  diag_bands_IP_dia        1028  c_bands.f90
pw.x               000000000068663C  diag_bands_               322  c_bands.f90
pw.x               0000000000685075  c_bands_                  132  c_bands.f90
pw.x               000000000040DEAE  electrons_scf_            689  electrons.f90
pw.x               000000000040B14D  electrons_                192  electrons.f90
pw.x               00000000005888D2  run_pwscf_                189  run_pwscf.f90
pw.x               00000000004084B4  MAIN__                     85  pwscf.f90
pw.x               000000000040831E  Unknown               Unknown  Unknown
libc-2.17.so       00002B6265466C05  __libc_start_main     Unknown  Unknown
pw.x               0000000000408229  Unknown               Unknown  Unknown
forrtl: error (78): process killed (SIGTERM)
Image              PC                Routine            Line        Source             
pw.x               00000000010225FA  Unknown               Unknown  Unknown
libpthread-2.17.s  00002B2DF55965E0  Unknown               Unknown  Unknown
libmpi.so.12       00002B2DF45A1B78  PMPIDI_CH3I_Progr     Unknown  Unknown
libmpi.so.12.0     00002B2DF4744243  Unknown               Unknown  Unknown
libmpi.so.12.0     00002B2DF4553F46  Unknown               Unknown  Unknown
libmpi.so.12       00002B2DF45560BF  MPI_Alltoall          Unknown  Unknown
libmpifort.so.12.  00002B2DF410142E  mpi_alltoall__        Unknown  Unknown
pw.x               0000000000E3EB5D  fft_scatter_2d_mp         226  fft_scatter_2d.f90
pw.x               0000000000E55C59  fft_parallel_2d_m         193  fft_parallel_2d.f90
pw.x               0000000000E40DE8  fwfft_y_                  194  fft_fwinv.f90
pw.x               0000000000A30160  fft_wave_mp_wave_          66  fft_wave.f90
pw.x               000000000082C007  vloc_psi_k_               273  vloc_psi.f90
pw.x               00000000007AC2F1  h_psi__                   221  h_psi.f90
pw.x               00000000007ABD66  h_psi_                     71  h_psi.f90
pw.x               000000000086DDE3  pcegterg_                1021  cegterg.f90
pw.x               0000000000687E53  diag_bands_IP_dia        1028  c_bands.f90
pw.x               000000000068663C  diag_bands_               322  c_bands.f90
pw.x               0000000000685075  c_bands_                  132  c_bands.f90
pw.x               000000000040DEAE  electrons_scf_            689  electrons.f90
pw.x               000000000040B14D  electrons_                192  electrons.f90
pw.x               00000000005888D2  run_pwscf_                189  run_pwscf.f90
pw.x               00000000004084B4  MAIN__                     85  pwscf.f90
pw.x               000000000040831E  Unknown               Unknown  Unknown
libc-2.17.so       00002B2DF5E6AC05  __libc_start_main     Unknown  Unknown
pw.x               0000000000408229  Unknown               Unknown  Unknown
forrtl: error (78): process killed (SIGTERM)
Image              PC                Routine            Line        Source             
pw.x               00000000010225FA  Unknown               Unknown  Unknown
libpthread-2.17.s  00002B0019F245E0  Unknown               Unknown  Unknown
libmpi.so.12       00002B0018F2EEB8  PMPIDI_CH3I_Progr     Unknown  Unknown
libmpi.so.12.0     00002B00190D2243  Unknown               Unknown  Unknown
libmpi.so.12.0     00002B0018EE1F46  Unknown               Unknown  Unknown
libmpi.so.12       00002B0018EE40BF  MPI_Alltoall          Unknown  Unknown
libmpifort.so.12.  00002B0018A8F42E  mpi_alltoall__        Unknown  Unknown
pw.x               0000000000E3EB5D  fft_scatter_2d_mp         226  fft_scatter_2d.f90
pw.x               0000000000E55C59  fft_parallel_2d_m         193  fft_parallel_2d.f90
pw.x               0000000000E40DE8  fwfft_y_                  194  fft_fwinv.f90
pw.x               0000000000A30160  fft_wave_mp_wave_          66  fft_wave.f90
pw.x               000000000082C007  vloc_psi_k_               273  vloc_psi.f90
pw.x               00000000007AC2F1  h_psi__                   221  h_psi.f90
pw.x               00000000007ABD66  h_psi_                     71  h_psi.f90
pw.x               000000000086DDE3  pcegterg_                1021  cegterg.f90
pw.x               0000000000687E53  diag_bands_IP_dia        1028  c_bands.f90
pw.x               000000000068663C  diag_bands_               322  c_bands.f90
pw.x               0000000000685075  c_bands_                  132  c_bands.f90
pw.x               000000000040DEAE  electrons_scf_            689  electrons.f90
pw.x               000000000040B14D  electrons_                192  electrons.f90
pw.x               00000000005888D2  run_pwscf_                189  run_pwscf.f90
pw.x               00000000004084B4  MAIN__                     85  pwscf.f90
pw.x               000000000040831E  Unknown               Unknown  Unknown
libc-2.17.so       00002B001A7F8C05  __libc_start_main     Unknown  Unknown
pw.x               0000000000408229  Unknown               Unknown  Unknown
forrtl: error (78): process killed (SIGTERM)
Image              PC                Routine            Line        Source             
pw.x               00000000010225FA  Unknown               Unknown  Unknown
libpthread-2.17.s  00002AB42E5985E0  Unknown               Unknown  Unknown
libmpi.so.12       00002AB42D5A3BAB  PMPIDI_CH3I_Progr     Unknown  Unknown
libmpi.so.12.0     00002AB42D746243  Unknown               Unknown  Unknown
libmpi.so.12.0     00002AB42D555F46  Unknown               Unknown  Unknown
libmpi.so.12       00002AB42D5580BF  MPI_Alltoall          Unknown  Unknown
libmpifort.so.12.  00002AB42D10342E  mpi_alltoall__        Unknown  Unknown
pw.x               0000000000E3EB5D  fft_scatter_2d_mp         226  fft_scatter_2d.f90
pw.x               0000000000E55C59  fft_parallel_2d_m         193  fft_parallel_2d.f90
pw.x               0000000000E40DE8  fwfft_y_                  194  fft_fwinv.f90
pw.x               0000000000A30160  fft_wave_mp_wave_          66  fft_wave.f90
pw.x               000000000082C007  vloc_psi_k_               273  vloc_psi.f90
pw.x               00000000007AC2F1  h_psi__                   221  h_psi.f90
pw.x               00000000007ABD66  h_psi_                     71  h_psi.f90
pw.x               000000000086DDE3  pcegterg_                1021  cegterg.f90
pw.x               0000000000687E53  diag_bands_IP_dia        1028  c_bands.f90
pw.x               000000000068663C  diag_bands_               322  c_bands.f90
pw.x               0000000000685075  c_bands_                  132  c_bands.f90
pw.x               000000000040DEAE  electrons_scf_            689  electrons.f90
pw.x               000000000040B14D  electrons_                192  electrons.f90
pw.x               00000000005888D2  run_pwscf_                189  run_pwscf.f90
pw.x               00000000004084B4  MAIN__                     85  pwscf.f90
pw.x               000000000040831E  Unknown               Unknown  Unknown
libc-2.17.so       00002AB42EE6CC05  __libc_start_main     Unknown  Unknown
pw.x               0000000000408229  Unknown               Unknown  Unknown
forrtl: error (78): process killed (SIGTERM)
Image              PC                Routine            Line        Source             
pw.x               00000000010225FA  Unknown               Unknown  Unknown
libpthread-2.17.s  00002B62C6C995E0  Unknown               Unknown  Unknown
libmpi.so.12       00002B62C5CA3EB8  PMPIDI_CH3I_Progr     Unknown  Unknown
libmpi.so.12.0     00002B62C5E47243  Unknown               Unknown  Unknown
libmpi.so.12.0     00002B62C5C56F46  Unknown               Unknown  Unknown
libmpi.so.12       00002B62C5C590BF  MPI_Alltoall          Unknown  Unknown
libmpifort.so.12.  00002B62C580442E  mpi_alltoall__        Unknown  Unknown
pw.x               0000000000E3EB5D  fft_scatter_2d_mp         226  fft_scatter_2d.f90
pw.x               0000000000E55C59  fft_parallel_2d_m         193  fft_parallel_2d.f90
pw.x               0000000000E40DE8  fwfft_y_                  194  fft_fwinv.f90
pw.x               0000000000A30160  fft_wave_mp_wave_          66  fft_wave.f90
pw.x               000000000082C007  vloc_psi_k_               273  vloc_psi.f90
pw.x               00000000007AC2F1  h_psi__                   221  h_psi.f90
pw.x               00000000007ABD66  h_psi_                     71  h_psi.f90
pw.x               000000000086DDE3  pcegterg_                1021  cegterg.f90
pw.x               0000000000687E53  diag_bands_IP_dia        1028  c_bands.f90
pw.x               000000000068663C  diag_bands_               322  c_bands.f90
pw.x               0000000000685075  c_bands_                  132  c_bands.f90
pw.x               000000000040DEAE  electrons_scf_            689  electrons.f90
pw.x               000000000040B14D  electrons_                192  electrons.f90
pw.x               00000000005888D2  run_pwscf_                189  run_pwscf.f90
pw.x               00000000004084B4  MAIN__                     85  pwscf.f90
pw.x               000000000040831E  Unknown               Unknown  Unknown
libc-2.17.so       00002B62C756DC05  __libc_start_main     Unknown  Unknown
pw.x               0000000000408229  Unknown               Unknown  Unknown
forrtl: error (78): process killed (SIGTERM)
Image              PC                Routine            Line        Source             
pw.x               00000000010225FA  Unknown               Unknown  Unknown
libpthread-2.17.s  00002AAC9C99A5E0  Unknown               Unknown  Unknown
libmpi.so.12       00002AAC9B9A53B6  PMPIDI_CH3I_Progr     Unknown  Unknown
libmpi.so.12.0     00002AAC9BB48243  Unknown               Unknown  Unknown
libmpi.so.12.0     00002AAC9B957F46  Unknown               Unknown  Unknown
libmpi.so.12       00002AAC9B95A0BF  MPI_Alltoall          Unknown  Unknown
libmpifort.so.12.  00002AAC9B50542E  mpi_alltoall__        Unknown  Unknown
pw.x               0000000000E3EB5D  fft_scatter_2d_mp         226  fft_scatter_2d.f90
pw.x               0000000000E55C59  fft_parallel_2d_m         193  fft_parallel_2d.f90
pw.x               0000000000E40DE8  fwfft_y_                  194  fft_fwinv.f90
pw.x               0000000000A30160  fft_wave_mp_wave_          66  fft_wave.f90
pw.x               000000000082C007  vloc_psi_k_               273  vloc_psi.f90
pw.x               00000000007AC2F1  h_psi__                   221  h_psi.f90
pw.x               00000000007ABD66  h_psi_                     71  h_psi.f90
pw.x               000000000086DDE3  pcegterg_                1021  cegterg.f90
pw.x               0000000000687E53  diag_bands_IP_dia        1028  c_bands.f90
pw.x               000000000068663C  diag_bands_               322  c_bands.f90
pw.x               0000000000685075  c_bands_                  132  c_bands.f90
pw.x               000000000040DEAE  electrons_scf_            689  electrons.f90
pw.x               000000000040B14D  electrons_                192  electrons.f90
pw.x               00000000005888D2  run_pwscf_                189  run_pwscf.f90
pw.x               00000000004084B4  MAIN__                     85  pwscf.f90
pw.x               000000000040831E  Unknown               Unknown  Unknown
libc-2.17.so       00002AAC9D26EC05  __libc_start_main     Unknown  Unknown
pw.x               0000000000408229  Unknown               Unknown  Unknown
forrtl: error (78): process killed (SIGTERM)
Image              PC                Routine            Line        Source             
pw.x               00000000010225FA  Unknown               Unknown  Unknown
libpthread-2.17.s  00002B7F521F45E0  Unknown               Unknown  Unknown
libmpi.so.12       00002B7F511FEEB8  PMPIDI_CH3I_Progr     Unknown  Unknown
libmpi.so.12.0     00002B7F513A2243  Unknown               Unknown  Unknown
libmpi.so.12.0     00002B7F511B1F46  Unknown               Unknown  Unknown
libmpi.so.12       00002B7F511B40BF  MPI_Alltoall          Unknown  Unknown
libmpifort.so.12.  00002B7F50D5F42E  mpi_alltoall__        Unknown  Unknown
pw.x               0000000000E3EB5D  fft_scatter_2d_mp         226  fft_scatter_2d.f90
pw.x               0000000000E55C59  fft_parallel_2d_m         193  fft_parallel_2d.f90
pw.x               0000000000E40DE8  fwfft_y_                  194  fft_fwinv.f90
pw.x               0000000000A30160  fft_wave_mp_wave_          66  fft_wave.f90
pw.x               000000000082C007  vloc_psi_k_               273  vloc_psi.f90
pw.x               00000000007AC2F1  h_psi__                   221  h_psi.f90
pw.x               00000000007ABD66  h_psi_                     71  h_psi.f90
pw.x               000000000086DDE3  pcegterg_                1021  cegterg.f90
pw.x               0000000000687E53  diag_bands_IP_dia        1028  c_bands.f90
pw.x               000000000068663C  diag_bands_               322  c_bands.f90
pw.x               0000000000685075  c_bands_                  132  c_bands.f90
pw.x               000000000040DEAE  electrons_scf_            689  electrons.f90
pw.x               000000000040B14D  electrons_                192  electrons.f90
pw.x               00000000005888D2  run_pwscf_                189  run_pwscf.f90
pw.x               00000000004084B4  MAIN__                     85  pwscf.f90
pw.x               000000000040831E  Unknown               Unknown  Unknown
libc-2.17.so       00002B7F52AC8C05  __libc_start_main     Unknown  Unknown
pw.x               0000000000408229  Unknown               Unknown  Unknown
forrtl: error (78): process killed (SIGTERM)
Image              PC                Routine            Line        Source             
pw.x               00000000010225FA  Unknown               Unknown  Unknown
libpthread-2.17.s  00002AF7690275E0  Unknown               Unknown  Unknown
libmpi.so.12       00002AF768031EB8  PMPIDI_CH3I_Progr     Unknown  Unknown
libmpi.so.12.0     00002AF7681D5243  Unknown               Unknown  Unknown
libmpi.so.12.0     00002AF767FE4F46  Unknown               Unknown  Unknown
libmpi.so.12       00002AF767FE70BF  MPI_Alltoall          Unknown  Unknown
libmpifort.so.12.  00002AF767B9242E  mpi_alltoall__        Unknown  Unknown
pw.x               0000000000E3EB5D  fft_scatter_2d_mp         226  fft_scatter_2d.f90
pw.x               0000000000E55C59  fft_parallel_2d_m         193  fft_parallel_2d.f90
pw.x               0000000000E40DE8  fwfft_y_                  194  fft_fwinv.f90
pw.x               0000000000A30160  fft_wave_mp_wave_          66  fft_wave.f90
pw.x               000000000082C007  vloc_psi_k_               273  vloc_psi.f90
pw.x               00000000007AC2F1  h_psi__                   221  h_psi.f90
pw.x               00000000007ABD66  h_psi_                     71  h_psi.f90
pw.x               000000000086DDE3  pcegterg_                1021  cegterg.f90
pw.x               0000000000687E53  diag_bands_IP_dia        1028  c_bands.f90
pw.x               000000000068663C  diag_bands_               322  c_bands.f90
pw.x               0000000000685075  c_bands_                  132  c_bands.f90
pw.x               000000000040DEAE  electrons_scf_            689  electrons.f90
pw.x               000000000040B14D  electrons_                192  electrons.f90
pw.x               00000000005888D2  run_pwscf_                189  run_pwscf.f90
pw.x               00000000004084B4  MAIN__                     85  pwscf.f90
pw.x               000000000040831E  Unknown               Unknown  Unknown
libc-2.17.so       00002AF7698FBC05  __libc_start_main     Unknown  Unknown
pw.x               0000000000408229  Unknown               Unknown  Unknown
forrtl: error (78): process killed (SIGTERM)
Image              PC                Routine            Line        Source             
pw.x               00000000010225FA  Unknown               Unknown  Unknown
libpthread-2.17.s  00002BA8F35135E0  Unknown               Unknown  Unknown
libmpi.so.12       00002BA8F251DF5E  PMPIDI_CH3I_Progr     Unknown  Unknown
libmpi.so.12.0     00002BA8F26C1243  Unknown               Unknown  Unknown
libmpi.so.12.0     00002BA8F24D0F46  Unknown               Unknown  Unknown
libmpi.so.12       00002BA8F24D30BF  MPI_Alltoall          Unknown  Unknown
libmpifort.so.12.  00002BA8F207E42E  mpi_alltoall__        Unknown  Unknown
pw.x               0000000000E3EB5D  fft_scatter_2d_mp         226  fft_scatter_2d.f90
pw.x               0000000000E55C59  fft_parallel_2d_m         193  fft_parallel_2d.f90
pw.x               0000000000E40DE8  fwfft_y_                  194  fft_fwinv.f90
pw.x               0000000000A30160  fft_wave_mp_wave_          66  fft_wave.f90
pw.x               000000000082C007  vloc_psi_k_               273  vloc_psi.f90
pw.x               00000000007AC2F1  h_psi__                   221  h_psi.f90
pw.x               00000000007ABD66  h_psi_                     71  h_psi.f90
pw.x               000000000086DDE3  pcegterg_                1021  cegterg.f90
pw.x               0000000000687E53  diag_bands_IP_dia        1028  c_bands.f90
pw.x               000000000068663C  diag_bands_               322  c_bands.f90
pw.x               0000000000685075  c_bands_                  132  c_bands.f90
pw.x               000000000040DEAE  electrons_scf_            689  electrons.f90
pw.x               000000000040B14D  electrons_                192  electrons.f90
pw.x               00000000005888D2  run_pwscf_                189  run_pwscf.f90
pw.x               00000000004084B4  MAIN__                     85  pwscf.f90
pw.x               000000000040831E  Unknown               Unknown  Unknown
libc-2.17.so       00002BA8F3DE7C05  __libc_start_main     Unknown  Unknown
pw.x               0000000000408229  Unknown               Unknown  Unknown
forrtl: error (78): process killed (SIGTERM)
Image              PC                Routine            Line        Source             
pw.x               00000000010225FA  Unknown               Unknown  Unknown
libpthread-2.17.s  00002AF3B31465E0  Unknown               Unknown  Unknown
libmpi.so.12       00002AF3B2150EB8  PMPIDI_CH3I_Progr     Unknown  Unknown
libmpi.so.12.0     00002AF3B22F4243  Unknown               Unknown  Unknown
libmpi.so.12.0     00002AF3B2103F46  Unknown               Unknown  Unknown
libmpi.so.12       00002AF3B21060BF  MPI_Alltoall          Unknown  Unknown
libmpifort.so.12.  00002AF3B1CB142E  mpi_alltoall__        Unknown  Unknown
pw.x               0000000000E3EB5D  fft_scatter_2d_mp         226  fft_scatter_2d.f90
pw.x               0000000000E55C59  fft_parallel_2d_m         193  fft_parallel_2d.f90
pw.x               0000000000E40DE8  fwfft_y_                  194  fft_fwinv.f90
pw.x               0000000000A30160  fft_wave_mp_wave_          66  fft_wave.f90
pw.x               000000000082C007  vloc_psi_k_               273  vloc_psi.f90
pw.x               00000000007AC2F1  h_psi__                   221  h_psi.f90
pw.x               00000000007ABD66  h_psi_                     71  h_psi.f90
pw.x               000000000086DDE3  pcegterg_                1021  cegterg.f90
pw.x               0000000000687E53  diag_bands_IP_dia        1028  c_bands.f90
pw.x               000000000068663C  diag_bands_               322  c_bands.f90
pw.x               0000000000685075  c_bands_                  132  c_bands.f90
pw.x               000000000040DEAE  electrons_scf_            689  electrons.f90
pw.x               000000000040B14D  electrons_                192  electrons.f90
pw.x               00000000005888D2  run_pwscf_                189  run_pwscf.f90
pw.x               00000000004084B4  MAIN__                     85  pwscf.f90
pw.x               000000000040831E  Unknown               Unknown  Unknown
libc-2.17.so       00002AF3B3A1AC05  __libc_start_main     Unknown  Unknown
pw.x               0000000000408229  Unknown               Unknown  Unknown
forrtl: error (78): process killed (SIGTERM)
Image              PC                Routine            Line        Source             
pw.x               00000000010225FA  Unknown               Unknown  Unknown
libpthread-2.17.s  00002BA07B4D15E0  Unknown               Unknown  Unknown
libmpi.so.12       00002BA07A4DBEBF  PMPIDI_CH3I_Progr     Unknown  Unknown
libmpi.so.12.0     00002BA07A67F243  Unknown               Unknown  Unknown
libmpi.so.12.0     00002BA07A48EF46  Unknown               Unknown  Unknown
libmpi.so.12       00002BA07A4910BF  MPI_Alltoall          Unknown  Unknown
libmpifort.so.12.  00002BA07A03C42E  mpi_alltoall__        Unknown  Unknown
pw.x               0000000000E3EB5D  fft_scatter_2d_mp         226  fft_scatter_2d.f90
pw.x               0000000000E55C59  fft_parallel_2d_m         193  fft_parallel_2d.f90
pw.x               0000000000E40DE8  fwfft_y_                  194  fft_fwinv.f90
pw.x               0000000000A30160  fft_wave_mp_wave_          66  fft_wave.f90
pw.x               000000000082C007  vloc_psi_k_               273  vloc_psi.f90
pw.x               00000000007AC2F1  h_psi__                   221  h_psi.f90
pw.x               00000000007ABD66  h_psi_                     71  h_psi.f90
pw.x               000000000086DDE3  pcegterg_                1021  cegterg.f90
pw.x               0000000000687E53  diag_bands_IP_dia        1028  c_bands.f90
pw.x               000000000068663C  diag_bands_               322  c_bands.f90
pw.x               0000000000685075  c_bands_                  132  c_bands.f90
pw.x               000000000040DEAE  electrons_scf_            689  electrons.f90
pw.x               000000000040B14D  electrons_                192  electrons.f90
pw.x               00000000005888D2  run_pwscf_                189  run_pwscf.f90
pw.x               00000000004084B4  MAIN__                     85  pwscf.f90
pw.x               000000000040831E  Unknown               Unknown  Unknown
libc-2.17.so       00002BA07BDA5C05  __libc_start_main     Unknown  Unknown
pw.x               0000000000408229  Unknown               Unknown  Unknown
forrtl: error (78): process killed (SIGTERM)
Image              PC                Routine            Line        Source             
pw.x               00000000010225FA  Unknown               Unknown  Unknown
libpthread-2.17.s  00002B28FEF595E0  Unknown               Unknown  Unknown
libmpi.so.12       00002B28FDF63EBF  PMPIDI_CH3I_Progr     Unknown  Unknown
libmpi.so.12.0     00002B28FE107243  Unknown               Unknown  Unknown
libmpi.so.12.0     00002B28FDF16F46  Unknown               Unknown  Unknown
libmpi.so.12       00002B28FDF190BF  MPI_Alltoall          Unknown  Unknown
libmpifort.so.12.  00002B28FDAC442E  mpi_alltoall__        Unknown  Unknown
pw.x               0000000000E3EB5D  fft_scatter_2d_mp         226  fft_scatter_2d.f90
pw.x               0000000000E55C59  fft_parallel_2d_m         193  fft_parallel_2d.f90
pw.x               0000000000E40DE8  fwfft_y_                  194  fft_fwinv.f90
pw.x               0000000000A30160  fft_wave_mp_wave_          66  fft_wave.f90
pw.x               000000000082C007  vloc_psi_k_               273  vloc_psi.f90
pw.x               00000000007AC2F1  h_psi__                   221  h_psi.f90
pw.x               00000000007ABD66  h_psi_                     71  h_psi.f90
pw.x               000000000086DDE3  pcegterg_                1021  cegterg.f90
pw.x               0000000000687E53  diag_bands_IP_dia        1028  c_bands.f90
pw.x               000000000068663C  diag_bands_               322  c_bands.f90
pw.x               0000000000685075  c_bands_                  132  c_bands.f90
pw.x               000000000040DEAE  electrons_scf_            689  electrons.f90
pw.x               000000000040B14D  electrons_                192  electrons.f90
pw.x               00000000005888D2  run_pwscf_                189  run_pwscf.f90
pw.x               00000000004084B4  MAIN__                     85  pwscf.f90
pw.x               000000000040831E  Unknown               Unknown  Unknown
libc-2.17.so       00002B28FF82DC05  __libc_start_main     Unknown  Unknown
pw.x               0000000000408229  Unknown               Unknown  Unknown
forrtl: error (78): process killed (SIGTERM)
Image              PC                Routine            Line        Source             
pw.x               00000000010225FA  Unknown               Unknown  Unknown
libpthread-2.17.s  00002AEC4BE165E0  Unknown               Unknown  Unknown
libmpi.so.12       00002AEC4AE20EB8  PMPIDI_CH3I_Progr     Unknown  Unknown
libmpi.so.12.0     00002AEC4AFC4243  Unknown               Unknown  Unknown
libmpi.so.12.0     00002AEC4ADD3F46  Unknown               Unknown  Unknown
libmpi.so.12       00002AEC4ADD60BF  MPI_Alltoall          Unknown  Unknown
libmpifort.so.12.  00002AEC4A98142E  mpi_alltoall__        Unknown  Unknown
pw.x               0000000000E3EB5D  fft_scatter_2d_mp         226  fft_scatter_2d.f90
pw.x               0000000000E55C59  fft_parallel_2d_m         193  fft_parallel_2d.f90
pw.x               0000000000E40DE8  fwfft_y_                  194  fft_fwinv.f90
pw.x               0000000000A30160  fft_wave_mp_wave_          66  fft_wave.f90
pw.x               000000000082C007  vloc_psi_k_               273  vloc_psi.f90
pw.x               00000000007AC2F1  h_psi__                   221  h_psi.f90
pw.x               00000000007ABD66  h_psi_                     71  h_psi.f90
pw.x               000000000086DDE3  pcegterg_                1021  cegterg.f90
pw.x               0000000000687E53  diag_bands_IP_dia        1028  c_bands.f90
pw.x               000000000068663C  diag_bands_               322  c_bands.f90
pw.x               0000000000685075  c_bands_                  132  c_bands.f90
pw.x               000000000040DEAE  electrons_scf_            689  electrons.f90
pw.x               000000000040B14D  electrons_                192  electrons.f90
pw.x               00000000005888D2  run_pwscf_                189  run_pwscf.f90
pw.x               00000000004084B4  MAIN__                     85  pwscf.f90
pw.x               000000000040831E  Unknown               Unknown  Unknown
libc-2.17.so       00002AEC4C6EAC05  __libc_start_main     Unknown  Unknown
pw.x               0000000000408229  Unknown               Unknown  Unknown
forrtl: error (78): process killed (SIGTERM)
Image              PC                Routine            Line        Source             
pw.x               00000000010225FA  Unknown               Unknown  Unknown
libpthread-2.17.s  00002BA55E42E5E0  Unknown               Unknown  Unknown
libmpi.so.12       00002BA55D439B65  PMPIDI_CH3I_Progr     Unknown  Unknown
libmpi.so.12.0     00002BA55D5DC243  Unknown               Unknown  Unknown
libmpi.so.12.0     00002BA55D3EBF46  Unknown               Unknown  Unknown
libmpi.so.12       00002BA55D3EE0BF  MPI_Alltoall          Unknown  Unknown
libmpifort.so.12.  00002BA55CF9942E  mpi_alltoall__        Unknown  Unknown
pw.x               0000000000E3EB5D  fft_scatter_2d_mp         226  fft_scatter_2d.f90
pw.x               0000000000E55C59  fft_parallel_2d_m         193  fft_parallel_2d.f90
pw.x               0000000000E40DE8  fwfft_y_                  194  fft_fwinv.f90
pw.x               0000000000A30160  fft_wave_mp_wave_          66  fft_wave.f90
pw.x               000000000082C007  vloc_psi_k_               273  vloc_psi.f90
pw.x               00000000007AC2F1  h_psi__                   221  h_psi.f90
pw.x               00000000007ABD66  h_psi_                     71  h_psi.f90
pw.x               000000000086DDE3  pcegterg_                1021  cegterg.f90
pw.x               0000000000687E53  diag_bands_IP_dia        1028  c_bands.f90
pw.x               000000000068663C  diag_bands_               322  c_bands.f90
pw.x               0000000000685075  c_bands_                  132  c_bands.f90
pw.x               000000000040DEAE  electrons_scf_            689  electrons.f90
pw.x               000000000040B14D  electrons_                192  electrons.f90
pw.x               00000000005888D2  run_pwscf_                189  run_pwscf.f90
pw.x               00000000004084B4  MAIN__                     85  pwscf.f90
pw.x               000000000040831E  Unknown               Unknown  Unknown
libc-2.17.so       00002BA55ED02C05  __libc_start_main     Unknown  Unknown
pw.x               0000000000408229  Unknown               Unknown  Unknown
forrtl: error (78): process killed (SIGTERM)
Image              PC                Routine            Line        Source             
pw.x               00000000010225FA  Unknown               Unknown  Unknown
libpthread-2.17.s  00002BA4FCF2B5E0  Unknown               Unknown  Unknown
libmpi.so.12       00002BA4FBF35EB8  PMPIDI_CH3I_Progr     Unknown  Unknown
libmpi.so.12.0     00002BA4FC0D9243  Unknown               Unknown  Unknown
libmpi.so.12.0     00002BA4FBEE8F46  Unknown               Unknown  Unknown
libmpi.so.12       00002BA4FBEEB0BF  MPI_Alltoall          Unknown  Unknown
libmpifort.so.12.  00002BA4FBA9642E  mpi_alltoall__        Unknown  Unknown
pw.x               0000000000E3EB5D  fft_scatter_2d_mp         226  fft_scatter_2d.f90
pw.x               0000000000E55C59  fft_parallel_2d_m         193  fft_parallel_2d.f90
pw.x               0000000000E40DE8  fwfft_y_                  194  fft_fwinv.f90
pw.x               0000000000A30160  fft_wave_mp_wave_          66  fft_wave.f90
pw.x               000000000082C007  vloc_psi_k_               273  vloc_psi.f90
pw.x               00000000007AC2F1  h_psi__                   221  h_psi.f90
pw.x               00000000007ABD66  h_psi_                     71  h_psi.f90
pw.x               000000000086DDE3  pcegterg_                1021  cegterg.f90
pw.x               0000000000687E53  diag_bands_IP_dia        1028  c_bands.f90
pw.x               000000000068663C  diag_bands_               322  c_bands.f90
pw.x               0000000000685075  c_bands_                  132  c_bands.f90
pw.x               000000000040DEAE  electrons_scf_            689  electrons.f90
pw.x               000000000040B14D  electrons_                192  electrons.f90
pw.x               00000000005888D2  run_pwscf_                189  run_pwscf.f90
pw.x               00000000004084B4  MAIN__                     85  pwscf.f90
pw.x               000000000040831E  Unknown               Unknown  Unknown
libc-2.17.so       00002BA4FD7FFC05  __libc_start_main     Unknown  Unknown
pw.x               0000000000408229  Unknown               Unknown  Unknown
forrtl: error (78): process killed (SIGTERM)
Image              PC                Routine            Line        Source             
pw.x               00000000010225FA  Unknown               Unknown  Unknown
libpthread-2.17.s  00002ACCDC7915E0  Unknown               Unknown  Unknown
libmpi.so.12       00002ACCDB79BEB8  PMPIDI_CH3I_Progr     Unknown  Unknown
libmpi.so.12.0     00002ACCDB93F243  Unknown               Unknown  Unknown
libmpi.so.12.0     00002ACCDB74EF46  Unknown               Unknown  Unknown
libmpi.so.12       00002ACCDB7510BF  MPI_Alltoall          Unknown  Unknown
libmpifort.so.12.  00002ACCDB2FC42E  mpi_alltoall__        Unknown  Unknown
pw.x               0000000000E3EB5D  fft_scatter_2d_mp         226  fft_scatter_2d.f90
pw.x               0000000000E55C59  fft_parallel_2d_m         193  fft_parallel_2d.f90
pw.x               0000000000E40DE8  fwfft_y_                  194  fft_fwinv.f90
pw.x               0000000000A30160  fft_wave_mp_wave_          66  fft_wave.f90
pw.x               000000000082C007  vloc_psi_k_               273  vloc_psi.f90
pw.x               00000000007AC2F1  h_psi__                   221  h_psi.f90
pw.x               00000000007ABD66  h_psi_                     71  h_psi.f90
pw.x               000000000086DDE3  pcegterg_                1021  cegterg.f90
pw.x               0000000000687E53  diag_bands_IP_dia        1028  c_bands.f90
pw.x               000000000068663C  diag_bands_               322  c_bands.f90
pw.x               0000000000685075  c_bands_                  132  c_bands.f90
pw.x               000000000040DEAE  electrons_scf_            689  electrons.f90
pw.x               000000000040B14D  electrons_                192  electrons.f90
pw.x               00000000005888D2  run_pwscf_                189  run_pwscf.f90
pw.x               00000000004084B4  MAIN__                     85  pwscf.f90
pw.x               000000000040831E  Unknown               Unknown  Unknown
libc-2.17.so       00002ACCDD065C05  __libc_start_main     Unknown  Unknown
pw.x               0000000000408229  Unknown               Unknown  Unknown
forrtl: error (78): process killed (SIGTERM)
Image              PC                Routine            Line        Source             
pw.x               00000000010225FA  Unknown               Unknown  Unknown
libpthread-2.17.s  00002AAE3F15E5E0  Unknown               Unknown  Unknown
libmpi.so.12       00002AAE3E168EB8  PMPIDI_CH3I_Progr     Unknown  Unknown
libmpi.so.12.0     00002AAE3E30C243  Unknown               Unknown  Unknown
libmpi.so.12.0     00002AAE3E11BF46  Unknown               Unknown  Unknown
libmpi.so.12       00002AAE3E11E0BF  MPI_Alltoall          Unknown  Unknown
libmpifort.so.12.  00002AAE3DCC942E  mpi_alltoall__        Unknown  Unknown
pw.x               0000000000E3EB5D  fft_scatter_2d_mp         226  fft_scatter_2d.f90
pw.x               0000000000E55C59  fft_parallel_2d_m         193  fft_parallel_2d.f90
pw.x               0000000000E40DE8  fwfft_y_                  194  fft_fwinv.f90
pw.x               0000000000A30160  fft_wave_mp_wave_          66  fft_wave.f90
pw.x               000000000082C007  vloc_psi_k_               273  vloc_psi.f90
pw.x               00000000007AC2F1  h_psi__                   221  h_psi.f90
pw.x               00000000007ABD66  h_psi_                     71  h_psi.f90
pw.x               000000000086DDE3  pcegterg_                1021  cegterg.f90
pw.x               0000000000687E53  diag_bands_IP_dia        1028  c_bands.f90
pw.x               000000000068663C  diag_bands_               322  c_bands.f90
pw.x               0000000000685075  c_bands_                  132  c_bands.f90
pw.x               000000000040DEAE  electrons_scf_            689  electrons.f90
pw.x               000000000040B14D  electrons_                192  electrons.f90
pw.x               00000000005888D2  run_pwscf_                189  run_pwscf.f90
pw.x               00000000004084B4  MAIN__                     85  pwscf.f90
pw.x               000000000040831E  Unknown               Unknown  Unknown
libc-2.17.so       00002AAE3FA32C05  __libc_start_main     Unknown  Unknown
pw.x               0000000000408229  Unknown               Unknown  Unknown
forrtl: error (78): process killed (SIGTERM)
Image              PC                Routine            Line        Source             
pw.x               00000000010225FA  Unknown               Unknown  Unknown
libpthread-2.17.s  00002AEF614305E0  Unknown               Unknown  Unknown
libmkl_avx512.so   00002AEF7D871571  mkl_dft_avx512_ip     Unknown  Unknown
libmkl_avx512.so   00002AEF7D808725  mkl_dft_avx512_ip     Unknown  Unknown
libmkl_avx512.so   00002AEF7D7FDD48  mkl_dft_avx512_ip     Unknown  Unknown
libmkl_avx512.so   00002AEF7C019989  mkl_dft_avx512_xi     Unknown  Unknown
libmkl_avx512.so   00002AEF7C039315  mkl_dft_avx512_xz     Unknown  Unknown
libmkl_avx512.so   00002AEF7C0E17FD  mkl_dft_avx512_xz     Unknown  Unknown
libmkl_avx512.so   00002AEF7BE3142A  mkl_dft_avx512_co     Unknown  Unknown
pw.x               0000000000E42AC1  fft_scalar_dfti_m         312  fft_scalar.DFTI.f90
pw.x               0000000000E55875  fft_parallel_2d_m         117  fft_parallel_2d.f90
pw.x               0000000000E40685  invfft_y_                  91  fft_fwinv.f90
pw.x               0000000000A30430  fft_wave_mp_wave_         152  fft_wave.f90
pw.x               000000000082BE7A  vloc_psi_k_               259  vloc_psi.f90
pw.x               00000000007AC2F1  h_psi__                   221  h_psi.f90
pw.x               00000000007ABD66  h_psi_                     71  h_psi.f90
pw.x               000000000086DDE3  pcegterg_                1021  cegterg.f90
pw.x               0000000000687E53  diag_bands_IP_dia        1028  c_bands.f90
pw.x               000000000068663C  diag_bands_               322  c_bands.f90
pw.x               0000000000685075  c_bands_                  132  c_bands.f90
pw.x               000000000040DEAE  electrons_scf_            689  electrons.f90
pw.x               000000000040B14D  electrons_                192  electrons.f90
pw.x               00000000005888D2  run_pwscf_                189  run_pwscf.f90
pw.x               00000000004084B4  MAIN__                     85  pwscf.f90
pw.x               000000000040831E  Unknown               Unknown  Unknown
libc-2.17.so       00002AEF61D04C05  __libc_start_main     Unknown  Unknown
pw.x               0000000000408229  Unknown               Unknown  Unknown
