forrtl: error (78): process killed (SIGTERM)
Image              PC                Routine            Line        Source             
pw.x               00000000010225FA  Unknown               Unknown  Unknown
libpthread-2.17.s  00002B7418C425E0  Unknown               Unknown  Unknown
libmpi.so.12       00002B7417C4CF0D  PMPIDI_CH3I_Progr     Unknown  Unknown
libmpi.so.12.0     00002B7417DF0243  Unknown               Unknown  Unknown
libmpi.so.12.0     00002B7417BFFF46  Unknown               Unknown  Unknown
libmpi.so.12       00002B7417C020BF  MPI_Alltoall          Unknown  Unknown
libmpifort.so.12.  00002B74177AD42E  mpi_alltoall__        Unknown  Unknown
pw.x               0000000000E3E3E6  fft_scatter_2d_mp         123  fft_scatter_2d.f90
pw.x               0000000000E55397  fft_parallel_2d_m         172  fft_parallel_2d.f90
pw.x               0000000000E40685  invfft_y_                  91  fft_fwinv.f90
pw.x               0000000000A30430  fft_wave_mp_wave_         152  fft_wave.f90
pw.x               000000000082BE7A  vloc_psi_k_               259  vloc_psi.f90
pw.x               00000000007AC2F1  h_psi__                   221  h_psi.f90
pw.x               00000000007ABD66  h_psi_                     71  h_psi.f90
pw.x               000000000086DDE3  pcegterg_                1021  cegterg.f90
pw.x               0000000000687E53  diag_bands_IP_dia        1028  c_bands.f90
pw.x               000000000068663C  diag_bands_               322  c_bands.f90
pw.x               0000000000685075  c_bands_                  132  c_bands.f90
pw.x               000000000040DEAE  electrons_scf_            689  electrons.f90
pw.x               000000000040B14D  electrons_                192  electrons.f90
pw.x               00000000005888D2  run_pwscf_                189  run_pwscf.f90
pw.x               00000000004084B4  MAIN__                     85  pwscf.f90
pw.x               000000000040831E  Unknown               Unknown  Unknown
libc-2.17.so       00002B7419516C05  __libc_start_main     Unknown  Unknown
pw.x               0000000000408229  Unknown               Unknown  Unknown
forrtl: error (78): process killed (SIGTERM)
Image              PC                Routine            Line        Source             
pw.x               00000000010225FA  Unknown               Unknown  Unknown
libpthread-2.17.s  00002B39415B15E0  Unknown               Unknown  Unknown
pw.x               0000000000E7250C  fft_helper_subrou         499  fft_helper_subroutines.f90
pw.x               0000000000A304E0  fft_wave_mp_wave_         142  fft_wave.f90
pw.x               000000000082BE7A  vloc_psi_k_               259  vloc_psi.f90
pw.x               00000000007AC2F1  h_psi__                   221  h_psi.f90
pw.x               00000000007ABD66  h_psi_                     71  h_psi.f90
pw.x               000000000086DDE3  pcegterg_                1021  cegterg.f90
pw.x               0000000000687E53  diag_bands_IP_dia        1028  c_bands.f90
pw.x               000000000068663C  diag_bands_               322  c_bands.f90
pw.x               0000000000685075  c_bands_                  132  c_bands.f90
pw.x               000000000040DEAE  electrons_scf_            689  electrons.f90
pw.x               000000000040B14D  electrons_                192  electrons.f90
pw.x               00000000005888D2  run_pwscf_                189  run_pwscf.f90
pw.x               00000000004084B4  MAIN__                     85  pwscf.f90
pw.x               000000000040831E  Unknown               Unknown  Unknown
libc-2.17.so       00002B3941E85C05  __libc_start_main     Unknown  Unknown
pw.x               0000000000408229  Unknown               Unknown  Unknown
forrtl: error (78): process killed (SIGTERM)
Image              PC                Routine            Line        Source             
pw.x               00000000010225FA  Unknown               Unknown  Unknown
libpthread-2.17.s  00002B4C73D5A5E0  Unknown               Unknown  Unknown
libmpi.so.12       00002B4C72D64EB8  PMPIDI_CH3I_Progr     Unknown  Unknown
libmpi.so.12.0     00002B4C72F08243  Unknown               Unknown  Unknown
libmpi.so.12.0     00002B4C72D17F46  Unknown               Unknown  Unknown
libmpi.so.12       00002B4C72D1A0BF  MPI_Alltoall          Unknown  Unknown
libmpifort.so.12.  00002B4C728C542E  mpi_alltoall__        Unknown  Unknown
pw.x               0000000000E3E3E6  fft_scatter_2d_mp         123  fft_scatter_2d.f90
pw.x               0000000000E55397  fft_parallel_2d_m         172  fft_parallel_2d.f90
pw.x               0000000000E40685  invfft_y_                  91  fft_fwinv.f90
pw.x               0000000000A30430  fft_wave_mp_wave_         152  fft_wave.f90
pw.x               000000000082BE7A  vloc_psi_k_               259  vloc_psi.f90
pw.x               00000000007AC2F1  h_psi__                   221  h_psi.f90
pw.x               00000000007ABD66  h_psi_                     71  h_psi.f90
pw.x               000000000086DDE3  pcegterg_                1021  cegterg.f90
pw.x               0000000000687E53  diag_bands_IP_dia        1028  c_bands.f90
pw.x               000000000068663C  diag_bands_               322  c_bands.f90
pw.x               0000000000685075  c_bands_                  132  c_bands.f90
pw.x               000000000040DEAE  electrons_scf_            689  electrons.f90
pw.x               000000000040B14D  electrons_                192  electrons.f90
pw.x               00000000005888D2  run_pwscf_                189  run_pwscf.f90
pw.x               00000000004084B4  MAIN__                     85  pwscf.f90
pw.x               000000000040831E  Unknown               Unknown  Unknown
libc-2.17.so       00002B4C7462EC05  __libc_start_main     Unknown  Unknown
pw.x               0000000000408229  Unknown               Unknown  Unknown
forrtl: error (78): process killed (SIGTERM)
Image              PC                Routine            Line        Source             
pw.x               00000000010225FA  Unknown               Unknown  Unknown
libpthread-2.17.s  00002ABC92D625E0  Unknown               Unknown  Unknown
libmpi.so.12       00002ABC91D6CEB8  PMPIDI_CH3I_Progr     Unknown  Unknown
libmpi.so.12.0     00002ABC91F10243  Unknown               Unknown  Unknown
libmpi.so.12.0     00002ABC91D1FF46  Unknown               Unknown  Unknown
libmpi.so.12       00002ABC91D220BF  MPI_Alltoall          Unknown  Unknown
libmpifort.so.12.  00002ABC918CD42E  mpi_alltoall__        Unknown  Unknown
pw.x               0000000000E3E3E6  fft_scatter_2d_mp         123  fft_scatter_2d.f90
pw.x               0000000000E55397  fft_parallel_2d_m         172  fft_parallel_2d.f90
pw.x               0000000000E40685  invfft_y_                  91  fft_fwinv.f90
pw.x               0000000000A30430  fft_wave_mp_wave_         152  fft_wave.f90
pw.x               000000000082BE7A  vloc_psi_k_               259  vloc_psi.f90
pw.x               00000000007AC2F1  h_psi__                   221  h_psi.f90
pw.x               00000000007ABD66  h_psi_                     71  h_psi.f90
pw.x               000000000086DDE3  pcegterg_                1021  cegterg.f90
pw.x               0000000000687E53  diag_bands_IP_dia        1028  c_bands.f90
pw.x               000000000068663C  diag_bands_               322  c_bands.f90
pw.x               0000000000685075  c_bands_                  132  c_bands.f90
pw.x               000000000040DEAE  electrons_scf_            689  electrons.f90
pw.x               000000000040B14D  electrons_                192  electrons.f90
pw.x               00000000005888D2  run_pwscf_                189  run_pwscf.f90
pw.x               00000000004084B4  MAIN__                     85  pwscf.f90
pw.x               000000000040831E  Unknown               Unknown  Unknown
libc-2.17.so       00002ABC93636C05  __libc_start_main     Unknown  Unknown
pw.x               0000000000408229  Unknown               Unknown  Unknown
forrtl: error (78): process killed (SIGTERM)
Image              PC                Routine            Line        Source             
pw.x               00000000010225FA  Unknown               Unknown  Unknown
libpthread-2.17.s  00002B48EBECD5E0  Unknown               Unknown  Unknown
libmpi.so.12       00002B48EAED8573  PMPIDI_CH3I_Progr     Unknown  Unknown
libmpi.so.12.0     00002B48EB07B243  Unknown               Unknown  Unknown
libmpi.so.12.0     00002B48EAE8AF46  Unknown               Unknown  Unknown
libmpi.so.12       00002B48EAE8D0BF  MPI_Alltoall          Unknown  Unknown
libmpifort.so.12.  00002B48EAA3842E  mpi_alltoall__        Unknown  Unknown
pw.x               0000000000E3E3E6  fft_scatter_2d_mp         123  fft_scatter_2d.f90
pw.x               0000000000E55397  fft_parallel_2d_m         172  fft_parallel_2d.f90
pw.x               0000000000E40685  invfft_y_                  91  fft_fwinv.f90
pw.x               0000000000A30430  fft_wave_mp_wave_         152  fft_wave.f90
pw.x               000000000082BE7A  vloc_psi_k_               259  vloc_psi.f90
pw.x               00000000007AC2F1  h_psi__                   221  h_psi.f90
pw.x               00000000007ABD66  h_psi_                     71  h_psi.f90
pw.x               000000000086DDE3  pcegterg_                1021  cegterg.f90
pw.x               0000000000687E53  diag_bands_IP_dia        1028  c_bands.f90
pw.x               000000000068663C  diag_bands_               322  c_bands.f90
pw.x               0000000000685075  c_bands_                  132  c_bands.f90
pw.x               000000000040DEAE  electrons_scf_            689  electrons.f90
pw.x               000000000040B14D  electrons_                192  electrons.f90
pw.x               00000000005888D2  run_pwscf_                189  run_pwscf.f90
pw.x               00000000004084B4  MAIN__                     85  pwscf.f90
pw.x               000000000040831E  Unknown               Unknown  Unknown
libc-2.17.so       00002B48EC7A1C05  __libc_start_main     Unknown  Unknown
pw.x               0000000000408229  Unknown               Unknown  Unknown
forrtl: error (78): process killed (SIGTERM)
Image              PC                Routine            Line        Source             
pw.x               00000000010225FA  Unknown               Unknown  Unknown
libpthread-2.17.s  00002B0E3E5DB5E0  Unknown               Unknown  Unknown
libmpi.so.12       00002B0E3D5E6B78  PMPIDI_CH3I_Progr     Unknown  Unknown
libmpi.so.12.0     00002B0E3D789243  Unknown               Unknown  Unknown
libmpi.so.12.0     00002B0E3D598F46  Unknown               Unknown  Unknown
libmpi.so.12       00002B0E3D59B0BF  MPI_Alltoall          Unknown  Unknown
libmpifort.so.12.  00002B0E3D14642E  mpi_alltoall__        Unknown  Unknown
pw.x               0000000000E3E3E6  fft_scatter_2d_mp         123  fft_scatter_2d.f90
pw.x               0000000000E55397  fft_parallel_2d_m         172  fft_parallel_2d.f90
pw.x               0000000000E40685  invfft_y_                  91  fft_fwinv.f90
pw.x               0000000000A30430  fft_wave_mp_wave_         152  fft_wave.f90
pw.x               000000000082BE7A  vloc_psi_k_               259  vloc_psi.f90
pw.x               00000000007AC2F1  h_psi__                   221  h_psi.f90
pw.x               00000000007ABD66  h_psi_                     71  h_psi.f90
pw.x               000000000086DDE3  pcegterg_                1021  cegterg.f90
pw.x               0000000000687E53  diag_bands_IP_dia        1028  c_bands.f90
pw.x               000000000068663C  diag_bands_               322  c_bands.f90
pw.x               0000000000685075  c_bands_                  132  c_bands.f90
pw.x               000000000040DEAE  electrons_scf_            689  electrons.f90
pw.x               000000000040B14D  electrons_                192  electrons.f90
pw.x               00000000005888D2  run_pwscf_                189  run_pwscf.f90
pw.x               00000000004084B4  MAIN__                     85  pwscf.f90
pw.x               000000000040831E  Unknown               Unknown  Unknown
libc-2.17.so       00002B0E3EEAFC05  __libc_start_main     Unknown  Unknown
pw.x               0000000000408229  Unknown               Unknown  Unknown
forrtl: error (78): process killed (SIGTERM)
Image              PC                Routine            Line        Source             
pw.x               00000000010225FA  Unknown               Unknown  Unknown
libpthread-2.17.s  00002AE8931975E0  Unknown               Unknown  Unknown
libmpi.so.12       00002AE8921A1EB8  PMPIDI_CH3I_Progr     Unknown  Unknown
libmpi.so.12.0     00002AE892345243  Unknown               Unknown  Unknown
libmpi.so.12.0     00002AE892154F46  Unknown               Unknown  Unknown
libmpi.so.12       00002AE8921570BF  MPI_Alltoall          Unknown  Unknown
libmpifort.so.12.  00002AE891D0242E  mpi_alltoall__        Unknown  Unknown
pw.x               0000000000E3E3E6  fft_scatter_2d_mp         123  fft_scatter_2d.f90
pw.x               0000000000E55397  fft_parallel_2d_m         172  fft_parallel_2d.f90
pw.x               0000000000E40685  invfft_y_                  91  fft_fwinv.f90
pw.x               0000000000A30430  fft_wave_mp_wave_         152  fft_wave.f90
pw.x               000000000082BE7A  vloc_psi_k_               259  vloc_psi.f90
pw.x               00000000007AC2F1  h_psi__                   221  h_psi.f90
pw.x               00000000007ABD66  h_psi_                     71  h_psi.f90
pw.x               000000000086DDE3  pcegterg_                1021  cegterg.f90
pw.x               0000000000687E53  diag_bands_IP_dia        1028  c_bands.f90
pw.x               000000000068663C  diag_bands_               322  c_bands.f90
pw.x               0000000000685075  c_bands_                  132  c_bands.f90
pw.x               000000000040DEAE  electrons_scf_            689  electrons.f90
pw.x               000000000040B14D  electrons_                192  electrons.f90
pw.x               00000000005888D2  run_pwscf_                189  run_pwscf.f90
pw.x               00000000004084B4  MAIN__                     85  pwscf.f90
pw.x               000000000040831E  Unknown               Unknown  Unknown
libc-2.17.so       00002AE893A6BC05  __libc_start_main     Unknown  Unknown
pw.x               0000000000408229  Unknown               Unknown  Unknown
forrtl: error (78): process killed (SIGTERM)
Image              PC                Routine            Line        Source             
pw.x               00000000010225FA  Unknown               Unknown  Unknown
libpthread-2.17.s  00002AEBAE8C55E0  Unknown               Unknown  Unknown
libmpi.so.12       00002AEBAD8CFEB8  PMPIDI_CH3I_Progr     Unknown  Unknown
libmpi.so.12.0     00002AEBADA73243  Unknown               Unknown  Unknown
libmpi.so.12.0     00002AEBAD882F46  Unknown               Unknown  Unknown
libmpi.so.12       00002AEBAD8850BF  MPI_Alltoall          Unknown  Unknown
libmpifort.so.12.  00002AEBAD43042E  mpi_alltoall__        Unknown  Unknown
pw.x               0000000000E3E3E6  fft_scatter_2d_mp         123  fft_scatter_2d.f90
pw.x               0000000000E55397  fft_parallel_2d_m         172  fft_parallel_2d.f90
pw.x               0000000000E40685  invfft_y_                  91  fft_fwinv.f90
pw.x               0000000000A30430  fft_wave_mp_wave_         152  fft_wave.f90
pw.x               000000000082BE7A  vloc_psi_k_               259  vloc_psi.f90
pw.x               00000000007AC2F1  h_psi__                   221  h_psi.f90
pw.x               00000000007ABD66  h_psi_                     71  h_psi.f90
pw.x               000000000086DDE3  pcegterg_                1021  cegterg.f90
pw.x               0000000000687E53  diag_bands_IP_dia        1028  c_bands.f90
pw.x               000000000068663C  diag_bands_               322  c_bands.f90
pw.x               0000000000685075  c_bands_                  132  c_bands.f90
pw.x               000000000040DEAE  electrons_scf_            689  electrons.f90
pw.x               000000000040B14D  electrons_                192  electrons.f90
pw.x               00000000005888D2  run_pwscf_                189  run_pwscf.f90
pw.x               00000000004084B4  MAIN__                     85  pwscf.f90
pw.x               000000000040831E  Unknown               Unknown  Unknown
libc-2.17.so       00002AEBAF199C05  __libc_start_main     Unknown  Unknown
pw.x               0000000000408229  Unknown               Unknown  Unknown
forrtl: error (78): process killed (SIGTERM)
Image              PC                Routine            Line        Source             
pw.x               00000000010225FA  Unknown               Unknown  Unknown
libpthread-2.17.s  00002B0B997895E0  Unknown               Unknown  Unknown
libmpi.so.12       00002B0B98794128  PMPIDI_CH3I_Progr     Unknown  Unknown
libmpi.so.12.0     00002B0B98937243  Unknown               Unknown  Unknown
libmpi.so.12.0     00002B0B98746F46  Unknown               Unknown  Unknown
libmpi.so.12       00002B0B987490BF  MPI_Alltoall          Unknown  Unknown
libmpifort.so.12.  00002B0B982F442E  mpi_alltoall__        Unknown  Unknown
pw.x               0000000000E3E3E6  fft_scatter_2d_mp         123  fft_scatter_2d.f90
pw.x               0000000000E55397  fft_parallel_2d_m         172  fft_parallel_2d.f90
pw.x               0000000000E40685  invfft_y_                  91  fft_fwinv.f90
pw.x               0000000000A30430  fft_wave_mp_wave_         152  fft_wave.f90
pw.x               000000000082BE7A  vloc_psi_k_               259  vloc_psi.f90
pw.x               00000000007AC2F1  h_psi__                   221  h_psi.f90
pw.x               00000000007ABD66  h_psi_                     71  h_psi.f90
pw.x               000000000086DDE3  pcegterg_                1021  cegterg.f90
pw.x               0000000000687E53  diag_bands_IP_dia        1028  c_bands.f90
pw.x               000000000068663C  diag_bands_               322  c_bands.f90
pw.x               0000000000685075  c_bands_                  132  c_bands.f90
pw.x               000000000040DEAE  electrons_scf_            689  electrons.f90
pw.x               000000000040B14D  electrons_                192  electrons.f90
pw.x               00000000005888D2  run_pwscf_                189  run_pwscf.f90
pw.x               00000000004084B4  MAIN__                     85  pwscf.f90
pw.x               000000000040831E  Unknown               Unknown  Unknown
libc-2.17.so       00002B0B9A05DC05  __libc_start_main     Unknown  Unknown
pw.x               0000000000408229  Unknown               Unknown  Unknown
forrtl: error (78): process killed (SIGTERM)
Image              PC                Routine            Line        Source             
pw.x               00000000010225FA  Unknown               Unknown  Unknown
libpthread-2.17.s  00002B8A3F1C85E0  Unknown               Unknown  Unknown
libmpi.so.12       00002B8A3E1D2EB8  PMPIDI_CH3I_Progr     Unknown  Unknown
libmpi.so.12.0     00002B8A3E376243  Unknown               Unknown  Unknown
libmpi.so.12.0     00002B8A3E185F46  Unknown               Unknown  Unknown
libmpi.so.12       00002B8A3E1880BF  MPI_Alltoall          Unknown  Unknown
libmpifort.so.12.  00002B8A3DD3342E  mpi_alltoall__        Unknown  Unknown
pw.x               0000000000E3E3E6  fft_scatter_2d_mp         123  fft_scatter_2d.f90
pw.x               0000000000E55397  fft_parallel_2d_m         172  fft_parallel_2d.f90
pw.x               0000000000E40685  invfft_y_                  91  fft_fwinv.f90
pw.x               0000000000A30430  fft_wave_mp_wave_         152  fft_wave.f90
pw.x               000000000082BE7A  vloc_psi_k_               259  vloc_psi.f90
pw.x               00000000007AC2F1  h_psi__                   221  h_psi.f90
pw.x               00000000007ABD66  h_psi_                     71  h_psi.f90
pw.x               000000000086DDE3  pcegterg_                1021  cegterg.f90
pw.x               0000000000687E53  diag_bands_IP_dia        1028  c_bands.f90
pw.x               000000000068663C  diag_bands_               322  c_bands.f90
pw.x               0000000000685075  c_bands_                  132  c_bands.f90
pw.x               000000000040DEAE  electrons_scf_            689  electrons.f90
pw.x               000000000040B14D  electrons_                192  electrons.f90
pw.x               00000000005888D2  run_pwscf_                189  run_pwscf.f90
pw.x               00000000004084B4  MAIN__                     85  pwscf.f90
pw.x               000000000040831E  Unknown               Unknown  Unknown
libc-2.17.so       00002B8A3FA9CC05  __libc_start_main     Unknown  Unknown
pw.x               0000000000408229  Unknown               Unknown  Unknown
forrtl: error (78): process killed (SIGTERM)
Image              PC                Routine            Line        Source             
pw.x               00000000010225FA  Unknown               Unknown  Unknown
libpthread-2.17.s  00002B7C2EEE65E0  Unknown               Unknown  Unknown
libmpi.so.12       00002B7C2DEF1244  PMPIDI_CH3I_Progr     Unknown  Unknown
libmpi.so.12.0     00002B7C2E094243  Unknown               Unknown  Unknown
libmpi.so.12.0     00002B7C2DEA3F46  Unknown               Unknown  Unknown
libmpi.so.12       00002B7C2DEA60BF  MPI_Alltoall          Unknown  Unknown
libmpifort.so.12.  00002B7C2DA5142E  mpi_alltoall__        Unknown  Unknown
pw.x               0000000000E3E3E6  fft_scatter_2d_mp         123  fft_scatter_2d.f90
pw.x               0000000000E55397  fft_parallel_2d_m         172  fft_parallel_2d.f90
pw.x               0000000000E40685  invfft_y_                  91  fft_fwinv.f90
pw.x               0000000000A30430  fft_wave_mp_wave_         152  fft_wave.f90
pw.x               000000000082BE7A  vloc_psi_k_               259  vloc_psi.f90
pw.x               00000000007AC2F1  h_psi__                   221  h_psi.f90
pw.x               00000000007ABD66  h_psi_                     71  h_psi.f90
pw.x               000000000086DDE3  pcegterg_                1021  cegterg.f90
pw.x               0000000000687E53  diag_bands_IP_dia        1028  c_bands.f90
pw.x               000000000068663C  diag_bands_               322  c_bands.f90
pw.x               0000000000685075  c_bands_                  132  c_bands.f90
pw.x               000000000040DEAE  electrons_scf_            689  electrons.f90
pw.x               000000000040B14D  electrons_                192  electrons.f90
pw.x               00000000005888D2  run_pwscf_                189  run_pwscf.f90
pw.x               00000000004084B4  MAIN__                     85  pwscf.f90
pw.x               000000000040831E  Unknown               Unknown  Unknown
libc-2.17.so       00002B7C2F7BAC05  __libc_start_main     Unknown  Unknown
pw.x               0000000000408229  Unknown               Unknown  Unknown
forrtl: error (78): process killed (SIGTERM)
Image              PC                Routine            Line        Source             
pw.x               00000000010225FA  Unknown               Unknown  Unknown
libpthread-2.17.s  00002AF65E28C5E0  Unknown               Unknown  Unknown
libmpi.so.12       00002AF65D296F0F  PMPIDI_CH3I_Progr     Unknown  Unknown
libmpi.so.12.0     00002AF65D43A243  Unknown               Unknown  Unknown
libmpi.so.12.0     00002AF65D249F46  Unknown               Unknown  Unknown
libmpi.so.12       00002AF65D24C0BF  MPI_Alltoall          Unknown  Unknown
libmpifort.so.12.  00002AF65CDF742E  mpi_alltoall__        Unknown  Unknown
pw.x               0000000000E3E3E6  fft_scatter_2d_mp         123  fft_scatter_2d.f90
pw.x               0000000000E55397  fft_parallel_2d_m         172  fft_parallel_2d.f90
pw.x               0000000000E40685  invfft_y_                  91  fft_fwinv.f90
pw.x               0000000000A30430  fft_wave_mp_wave_         152  fft_wave.f90
pw.x               000000000082BE7A  vloc_psi_k_               259  vloc_psi.f90
pw.x               00000000007AC2F1  h_psi__                   221  h_psi.f90
pw.x               00000000007ABD66  h_psi_                     71  h_psi.f90
pw.x               000000000086DDE3  pcegterg_                1021  cegterg.f90
pw.x               0000000000687E53  diag_bands_IP_dia        1028  c_bands.f90
pw.x               000000000068663C  diag_bands_               322  c_bands.f90
pw.x               0000000000685075  c_bands_                  132  c_bands.f90
pw.x               000000000040DEAE  electrons_scf_            689  electrons.f90
pw.x               000000000040B14D  electrons_                192  electrons.f90
pw.x               00000000005888D2  run_pwscf_                189  run_pwscf.f90
pw.x               00000000004084B4  MAIN__                     85  pwscf.f90
pw.x               000000000040831E  Unknown               Unknown  Unknown
libc-2.17.so       00002AF65EB60C05  __libc_start_main     Unknown  Unknown
pw.x               0000000000408229  Unknown               Unknown  Unknown
forrtl: error (78): process killed (SIGTERM)
Image              PC                Routine            Line        Source             
pw.x               00000000010225FA  Unknown               Unknown  Unknown
libpthread-2.17.s  00002B96A03F75E0  Unknown               Unknown  Unknown
libmpi.so.12       00002B969F401EB8  PMPIDI_CH3I_Progr     Unknown  Unknown
libmpi.so.12.0     00002B969F5A5243  Unknown               Unknown  Unknown
libmpi.so.12.0     00002B969F3B4F46  Unknown               Unknown  Unknown
libmpi.so.12       00002B969F3B70BF  MPI_Alltoall          Unknown  Unknown
libmpifort.so.12.  00002B969EF6242E  mpi_alltoall__        Unknown  Unknown
pw.x               0000000000E3E3E6  fft_scatter_2d_mp         123  fft_scatter_2d.f90
pw.x               0000000000E55397  fft_parallel_2d_m         172  fft_parallel_2d.f90
pw.x               0000000000E40685  invfft_y_                  91  fft_fwinv.f90
pw.x               0000000000A30430  fft_wave_mp_wave_         152  fft_wave.f90
pw.x               000000000082BE7A  vloc_psi_k_               259  vloc_psi.f90
pw.x               00000000007AC2F1  h_psi__                   221  h_psi.f90
pw.x               00000000007ABD66  h_psi_                     71  h_psi.f90
pw.x               000000000086DDE3  pcegterg_                1021  cegterg.f90
pw.x               0000000000687E53  diag_bands_IP_dia        1028  c_bands.f90
pw.x               000000000068663C  diag_bands_               322  c_bands.f90
pw.x               0000000000685075  c_bands_                  132  c_bands.f90
pw.x               000000000040DEAE  electrons_scf_            689  electrons.f90
pw.x               000000000040B14D  electrons_                192  electrons.f90
pw.x               00000000005888D2  run_pwscf_                189  run_pwscf.f90
pw.x               00000000004084B4  MAIN__                     85  pwscf.f90
pw.x               000000000040831E  Unknown               Unknown  Unknown
libc-2.17.so       00002B96A0CCBC05  __libc_start_main     Unknown  Unknown
pw.x               0000000000408229  Unknown               Unknown  Unknown
forrtl: error (78): process killed (SIGTERM)
Image              PC                Routine            Line        Source             
pw.x               00000000010225FA  Unknown               Unknown  Unknown
libpthread-2.17.s  00002AE4413EC5E0  Unknown               Unknown  Unknown
libmpi.so.12       00002AE4403F6EBF  PMPIDI_CH3I_Progr     Unknown  Unknown
libmpi.so.12.0     00002AE44059A243  Unknown               Unknown  Unknown
libmpi.so.12.0     00002AE4403A9F46  Unknown               Unknown  Unknown
libmpi.so.12       00002AE4403AC0BF  MPI_Alltoall          Unknown  Unknown
libmpifort.so.12.  00002AE43FF5742E  mpi_alltoall__        Unknown  Unknown
pw.x               0000000000E3E3E6  fft_scatter_2d_mp         123  fft_scatter_2d.f90
pw.x               0000000000E55397  fft_parallel_2d_m         172  fft_parallel_2d.f90
pw.x               0000000000E40685  invfft_y_                  91  fft_fwinv.f90
pw.x               0000000000A30430  fft_wave_mp_wave_         152  fft_wave.f90
pw.x               000000000082BE7A  vloc_psi_k_               259  vloc_psi.f90
pw.x               00000000007AC2F1  h_psi__                   221  h_psi.f90
pw.x               00000000007ABD66  h_psi_                     71  h_psi.f90
pw.x               000000000086DDE3  pcegterg_                1021  cegterg.f90
pw.x               0000000000687E53  diag_bands_IP_dia        1028  c_bands.f90
pw.x               000000000068663C  diag_bands_               322  c_bands.f90
pw.x               0000000000685075  c_bands_                  132  c_bands.f90
pw.x               000000000040DEAE  electrons_scf_            689  electrons.f90
pw.x               000000000040B14D  electrons_                192  electrons.f90
pw.x               00000000005888D2  run_pwscf_                189  run_pwscf.f90
pw.x               00000000004084B4  MAIN__                     85  pwscf.f90
pw.x               000000000040831E  Unknown               Unknown  Unknown
libc-2.17.so       00002AE441CC0C05  __libc_start_main     Unknown  Unknown
pw.x               0000000000408229  Unknown               Unknown  Unknown
forrtl: error (78): process killed (SIGTERM)
Image              PC                Routine            Line        Source             
pw.x               00000000010225FA  Unknown               Unknown  Unknown
libpthread-2.17.s  00002BA35B8A45E0  Unknown               Unknown  Unknown
libmpi.so.12       00002BA35A8AEEB8  PMPIDI_CH3I_Progr     Unknown  Unknown
libmpi.so.12.0     00002BA35AA52243  Unknown               Unknown  Unknown
libmpi.so.12.0     00002BA35A861F46  Unknown               Unknown  Unknown
libmpi.so.12       00002BA35A8640BF  MPI_Alltoall          Unknown  Unknown
libmpifort.so.12.  00002BA35A40F42E  mpi_alltoall__        Unknown  Unknown
pw.x               0000000000E3E3E6  fft_scatter_2d_mp         123  fft_scatter_2d.f90
pw.x               0000000000E55397  fft_parallel_2d_m         172  fft_parallel_2d.f90
pw.x               0000000000E40685  invfft_y_                  91  fft_fwinv.f90
pw.x               0000000000A30430  fft_wave_mp_wave_         152  fft_wave.f90
pw.x               000000000082BE7A  vloc_psi_k_               259  vloc_psi.f90
pw.x               00000000007AC2F1  h_psi__                   221  h_psi.f90
pw.x               00000000007ABD66  h_psi_                     71  h_psi.f90
pw.x               000000000086DDE3  pcegterg_                1021  cegterg.f90
pw.x               0000000000687E53  diag_bands_IP_dia        1028  c_bands.f90
pw.x               000000000068663C  diag_bands_               322  c_bands.f90
pw.x               0000000000685075  c_bands_                  132  c_bands.f90
pw.x               000000000040DEAE  electrons_scf_            689  electrons.f90
pw.x               000000000040B14D  electrons_                192  electrons.f90
pw.x               00000000005888D2  run_pwscf_                189  run_pwscf.f90
pw.x               00000000004084B4  MAIN__                     85  pwscf.f90
pw.x               000000000040831E  Unknown               Unknown  Unknown
libc-2.17.so       00002BA35C178C05  __libc_start_main     Unknown  Unknown
pw.x               0000000000408229  Unknown               Unknown  Unknown
forrtl: error (78): process killed (SIGTERM)
Image              PC                Routine            Line        Source             
pw.x               00000000010225FA  Unknown               Unknown  Unknown
libpthread-2.17.s  00002AFB8494C5E0  Unknown               Unknown  Unknown
libmpi.so.12       00002AFB83956EB8  PMPIDI_CH3I_Progr     Unknown  Unknown
libmpi.so.12.0     00002AFB83AFA243  Unknown               Unknown  Unknown
libmpi.so.12.0     00002AFB83909F46  Unknown               Unknown  Unknown
libmpi.so.12       00002AFB8390C0BF  MPI_Alltoall          Unknown  Unknown
libmpifort.so.12.  00002AFB834B742E  mpi_alltoall__        Unknown  Unknown
pw.x               0000000000E3E3E6  fft_scatter_2d_mp         123  fft_scatter_2d.f90
pw.x               0000000000E55397  fft_parallel_2d_m         172  fft_parallel_2d.f90
pw.x               0000000000E40685  invfft_y_                  91  fft_fwinv.f90
pw.x               0000000000A30430  fft_wave_mp_wave_         152  fft_wave.f90
pw.x               000000000082BE7A  vloc_psi_k_               259  vloc_psi.f90
pw.x               00000000007AC2F1  h_psi__                   221  h_psi.f90
pw.x               00000000007ABD66  h_psi_                     71  h_psi.f90
pw.x               000000000086DDE3  pcegterg_                1021  cegterg.f90
pw.x               0000000000687E53  diag_bands_IP_dia        1028  c_bands.f90
pw.x               000000000068663C  diag_bands_               322  c_bands.f90
pw.x               0000000000685075  c_bands_                  132  c_bands.f90
pw.x               000000000040DEAE  electrons_scf_            689  electrons.f90
pw.x               000000000040B14D  electrons_                192  electrons.f90
pw.x               00000000005888D2  run_pwscf_                189  run_pwscf.f90
pw.x               00000000004084B4  MAIN__                     85  pwscf.f90
pw.x               000000000040831E  Unknown               Unknown  Unknown
libc-2.17.so       00002AFB85220C05  __libc_start_main     Unknown  Unknown
pw.x               0000000000408229  Unknown               Unknown  Unknown
forrtl: error (78): process killed (SIGTERM)
Image              PC                Routine            Line        Source             
pw.x               00000000010225FA  Unknown               Unknown  Unknown
libpthread-2.17.s  00002B39FE1665E0  Unknown               Unknown  Unknown
libmpi.so.12       00002B39FD170EB8  PMPIDI_CH3I_Progr     Unknown  Unknown
libmpi.so.12.0     00002B39FD314243  Unknown               Unknown  Unknown
libmpi.so.12.0     00002B39FD123F46  Unknown               Unknown  Unknown
libmpi.so.12       00002B39FD1260BF  MPI_Alltoall          Unknown  Unknown
libmpifort.so.12.  00002B39FCCD142E  mpi_alltoall__        Unknown  Unknown
pw.x               0000000000E3E3E6  fft_scatter_2d_mp         123  fft_scatter_2d.f90
pw.x               0000000000E55397  fft_parallel_2d_m         172  fft_parallel_2d.f90
pw.x               0000000000E40685  invfft_y_                  91  fft_fwinv.f90
pw.x               0000000000A30430  fft_wave_mp_wave_         152  fft_wave.f90
pw.x               000000000082BE7A  vloc_psi_k_               259  vloc_psi.f90
pw.x               00000000007AC2F1  h_psi__                   221  h_psi.f90
pw.x               00000000007ABD66  h_psi_                     71  h_psi.f90
pw.x               000000000086DDE3  pcegterg_                1021  cegterg.f90
pw.x               0000000000687E53  diag_bands_IP_dia        1028  c_bands.f90
pw.x               000000000068663C  diag_bands_               322  c_bands.f90
pw.x               0000000000685075  c_bands_                  132  c_bands.f90
pw.x               000000000040DEAE  electrons_scf_            689  electrons.f90
pw.x               000000000040B14D  electrons_                192  electrons.f90
pw.x               00000000005888D2  run_pwscf_                189  run_pwscf.f90
pw.x               00000000004084B4  MAIN__                     85  pwscf.f90
pw.x               000000000040831E  Unknown               Unknown  Unknown
libc-2.17.so       00002B39FEA3AC05  __libc_start_main     Unknown  Unknown
pw.x               0000000000408229  Unknown               Unknown  Unknown
forrtl: error (78): process killed (SIGTERM)
Image              PC                Routine            Line        Source             
pw.x               00000000010225FA  Unknown               Unknown  Unknown
libpthread-2.17.s  00002B28F63315E0  Unknown               Unknown  Unknown
libmpi.so.12       00002B28F533BEF6  PMPIDI_CH3I_Progr     Unknown  Unknown
libmpi.so.12.0     00002B28F54DF243  Unknown               Unknown  Unknown
libmpi.so.12.0     00002B28F52EEF46  Unknown               Unknown  Unknown
libmpi.so.12       00002B28F52F10BF  MPI_Alltoall          Unknown  Unknown
libmpifort.so.12.  00002B28F4E9C42E  mpi_alltoall__        Unknown  Unknown
pw.x               0000000000E3E3E6  fft_scatter_2d_mp         123  fft_scatter_2d.f90
pw.x               0000000000E55397  fft_parallel_2d_m         172  fft_parallel_2d.f90
pw.x               0000000000E40685  invfft_y_                  91  fft_fwinv.f90
pw.x               0000000000A30430  fft_wave_mp_wave_         152  fft_wave.f90
pw.x               000000000082BE7A  vloc_psi_k_               259  vloc_psi.f90
pw.x               00000000007AC2F1  h_psi__                   221  h_psi.f90
pw.x               00000000007ABD66  h_psi_                     71  h_psi.f90
pw.x               000000000086DDE3  pcegterg_                1021  cegterg.f90
pw.x               0000000000687E53  diag_bands_IP_dia        1028  c_bands.f90
pw.x               000000000068663C  diag_bands_               322  c_bands.f90
pw.x               0000000000685075  c_bands_                  132  c_bands.f90
pw.x               000000000040DEAE  electrons_scf_            689  electrons.f90
pw.x               000000000040B14D  electrons_                192  electrons.f90
pw.x               00000000005888D2  run_pwscf_                189  run_pwscf.f90
pw.x               00000000004084B4  MAIN__                     85  pwscf.f90
pw.x               000000000040831E  Unknown               Unknown  Unknown
libc-2.17.so       00002B28F6C05C05  __libc_start_main     Unknown  Unknown
pw.x               0000000000408229  Unknown               Unknown  Unknown
forrtl: error (78): process killed (SIGTERM)
Image              PC                Routine            Line        Source             
pw.x               00000000010225FA  Unknown               Unknown  Unknown
libpthread-2.17.s  00002AF316C9A5E0  Unknown               Unknown  Unknown
libmpi.so.12       00002AF315CA4EB8  PMPIDI_CH3I_Progr     Unknown  Unknown
libmpi.so.12.0     00002AF315E48243  Unknown               Unknown  Unknown
libmpi.so.12.0     00002AF315C57F46  Unknown               Unknown  Unknown
libmpi.so.12       00002AF315C5A0BF  MPI_Alltoall          Unknown  Unknown
libmpifort.so.12.  00002AF31580542E  mpi_alltoall__        Unknown  Unknown
pw.x               0000000000E3E3E6  fft_scatter_2d_mp         123  fft_scatter_2d.f90
pw.x               0000000000E55397  fft_parallel_2d_m         172  fft_parallel_2d.f90
pw.x               0000000000E40685  invfft_y_                  91  fft_fwinv.f90
pw.x               0000000000A30430  fft_wave_mp_wave_         152  fft_wave.f90
pw.x               000000000082BE7A  vloc_psi_k_               259  vloc_psi.f90
pw.x               00000000007AC2F1  h_psi__                   221  h_psi.f90
pw.x               00000000007ABD66  h_psi_                     71  h_psi.f90
pw.x               000000000086DDE3  pcegterg_                1021  cegterg.f90
pw.x               0000000000687E53  diag_bands_IP_dia        1028  c_bands.f90
pw.x               000000000068663C  diag_bands_               322  c_bands.f90
pw.x               0000000000685075  c_bands_                  132  c_bands.f90
pw.x               000000000040DEAE  electrons_scf_            689  electrons.f90
pw.x               000000000040B14D  electrons_                192  electrons.f90
pw.x               00000000005888D2  run_pwscf_                189  run_pwscf.f90
pw.x               00000000004084B4  MAIN__                     85  pwscf.f90
pw.x               000000000040831E  Unknown               Unknown  Unknown
libc-2.17.so       00002AF31756EC05  __libc_start_main     Unknown  Unknown
pw.x               0000000000408229  Unknown               Unknown  Unknown
forrtl: error (78): process killed (SIGTERM)
Image              PC                Routine            Line        Source             
pw.x               00000000010225FA  Unknown               Unknown  Unknown
libpthread-2.17.s  00002B3A9B4615E0  Unknown               Unknown  Unknown
libmpi.so.12       00002B3A9A46BEB8  PMPIDI_CH3I_Progr     Unknown  Unknown
libmpi.so.12.0     00002B3A9A60F243  Unknown               Unknown  Unknown
libmpi.so.12.0     00002B3A9A41EF46  Unknown               Unknown  Unknown
libmpi.so.12       00002B3A9A4210BF  MPI_Alltoall          Unknown  Unknown
libmpifort.so.12.  00002B3A99FCC42E  mpi_alltoall__        Unknown  Unknown
pw.x               0000000000E3E3E6  fft_scatter_2d_mp         123  fft_scatter_2d.f90
pw.x               0000000000E55397  fft_parallel_2d_m         172  fft_parallel_2d.f90
pw.x               0000000000E40685  invfft_y_                  91  fft_fwinv.f90
pw.x               0000000000A30430  fft_wave_mp_wave_         152  fft_wave.f90
pw.x               000000000082BE7A  vloc_psi_k_               259  vloc_psi.f90
pw.x               00000000007AC2F1  h_psi__                   221  h_psi.f90
pw.x               00000000007ABD66  h_psi_                     71  h_psi.f90
pw.x               000000000086DDE3  pcegterg_                1021  cegterg.f90
pw.x               0000000000687E53  diag_bands_IP_dia        1028  c_bands.f90
pw.x               000000000068663C  diag_bands_               322  c_bands.f90
pw.x               0000000000685075  c_bands_                  132  c_bands.f90
pw.x               000000000040DEAE  electrons_scf_            689  electrons.f90
pw.x               000000000040B14D  electrons_                192  electrons.f90
pw.x               00000000005888D2  run_pwscf_                189  run_pwscf.f90
pw.x               00000000004084B4  MAIN__                     85  pwscf.f90
pw.x               000000000040831E  Unknown               Unknown  Unknown
libc-2.17.so       00002B3A9BD35C05  __libc_start_main     Unknown  Unknown
pw.x               0000000000408229  Unknown               Unknown  Unknown
forrtl: error (78): process killed (SIGTERM)
Image              PC                Routine            Line        Source             
pw.x               00000000010225FA  Unknown               Unknown  Unknown
libpthread-2.17.s  00002B93C83555E0  Unknown               Unknown  Unknown
libmpi.so.12       00002B93C735FEB8  PMPIDI_CH3I_Progr     Unknown  Unknown
libmpi.so.12.0     00002B93C7503243  Unknown               Unknown  Unknown
libmpi.so.12.0     00002B93C7312F46  Unknown               Unknown  Unknown
libmpi.so.12       00002B93C73150BF  MPI_Alltoall          Unknown  Unknown
libmpifort.so.12.  00002B93C6EC042E  mpi_alltoall__        Unknown  Unknown
pw.x               0000000000E3E3E6  fft_scatter_2d_mp         123  fft_scatter_2d.f90
pw.x               0000000000E55397  fft_parallel_2d_m         172  fft_parallel_2d.f90
pw.x               0000000000E40685  invfft_y_                  91  fft_fwinv.f90
pw.x               0000000000A30430  fft_wave_mp_wave_         152  fft_wave.f90
pw.x               000000000082BE7A  vloc_psi_k_               259  vloc_psi.f90
pw.x               00000000007AC2F1  h_psi__                   221  h_psi.f90
pw.x               00000000007ABD66  h_psi_                     71  h_psi.f90
pw.x               000000000086DDE3  pcegterg_                1021  cegterg.f90
pw.x               0000000000687E53  diag_bands_IP_dia        1028  c_bands.f90
pw.x               000000000068663C  diag_bands_               322  c_bands.f90
pw.x               0000000000685075  c_bands_                  132  c_bands.f90
pw.x               000000000040DEAE  electrons_scf_            689  electrons.f90
pw.x               000000000040B14D  electrons_                192  electrons.f90
pw.x               00000000005888D2  run_pwscf_                189  run_pwscf.f90
pw.x               00000000004084B4  MAIN__                     85  pwscf.f90
pw.x               000000000040831E  Unknown               Unknown  Unknown
libc-2.17.so       00002B93C8C29C05  __libc_start_main     Unknown  Unknown
pw.x               0000000000408229  Unknown               Unknown  Unknown
forrtl: error (78): process killed (SIGTERM)
Image              PC                Routine            Line        Source             
pw.x               00000000010225FA  Unknown               Unknown  Unknown
libpthread-2.17.s  00002B6522D9E5E0  Unknown               Unknown  Unknown
libmpi.so.12       00002B6521DA8EB8  PMPIDI_CH3I_Progr     Unknown  Unknown
libmpi.so.12.0     00002B6521F4C243  Unknown               Unknown  Unknown
libmpi.so.12.0     00002B6521D5BF46  Unknown               Unknown  Unknown
libmpi.so.12       00002B6521D5E0BF  MPI_Alltoall          Unknown  Unknown
libmpifort.so.12.  00002B652190942E  mpi_alltoall__        Unknown  Unknown
pw.x               0000000000E3E3E6  fft_scatter_2d_mp         123  fft_scatter_2d.f90
pw.x               0000000000E55397  fft_parallel_2d_m         172  fft_parallel_2d.f90
pw.x               0000000000E40685  invfft_y_                  91  fft_fwinv.f90
pw.x               0000000000A30430  fft_wave_mp_wave_         152  fft_wave.f90
pw.x               000000000082BE7A  vloc_psi_k_               259  vloc_psi.f90
pw.x               00000000007AC2F1  h_psi__                   221  h_psi.f90
pw.x               00000000007ABD66  h_psi_                     71  h_psi.f90
pw.x               000000000086DDE3  pcegterg_                1021  cegterg.f90
pw.x               0000000000687E53  diag_bands_IP_dia        1028  c_bands.f90
pw.x               000000000068663C  diag_bands_               322  c_bands.f90
pw.x               0000000000685075  c_bands_                  132  c_bands.f90
pw.x               000000000040DEAE  electrons_scf_            689  electrons.f90
pw.x               000000000040B14D  electrons_                192  electrons.f90
pw.x               00000000005888D2  run_pwscf_                189  run_pwscf.f90
pw.x               00000000004084B4  MAIN__                     85  pwscf.f90
pw.x               000000000040831E  Unknown               Unknown  Unknown
libc-2.17.so       00002B6523672C05  __libc_start_main     Unknown  Unknown
pw.x               0000000000408229  Unknown               Unknown  Unknown
forrtl: error (78): process killed (SIGTERM)
Image              PC                Routine            Line        Source             
pw.x               00000000010225FA  Unknown               Unknown  Unknown
libpthread-2.17.s  00002B8D4BBC75E0  Unknown               Unknown  Unknown
libmpi.so.12       00002B8D4ABD259C  PMPIDI_CH3I_Progr     Unknown  Unknown
libmpi.so.12.0     00002B8D4AD75243  Unknown               Unknown  Unknown
libmpi.so.12.0     00002B8D4AB84F46  Unknown               Unknown  Unknown
libmpi.so.12       00002B8D4AB870BF  MPI_Alltoall          Unknown  Unknown
libmpifort.so.12.  00002B8D4A73242E  mpi_alltoall__        Unknown  Unknown
pw.x               0000000000E3E3E6  fft_scatter_2d_mp         123  fft_scatter_2d.f90
pw.x               0000000000E55397  fft_parallel_2d_m         172  fft_parallel_2d.f90
pw.x               0000000000E40685  invfft_y_                  91  fft_fwinv.f90
pw.x               0000000000A30430  fft_wave_mp_wave_         152  fft_wave.f90
pw.x               000000000082BE7A  vloc_psi_k_               259  vloc_psi.f90
pw.x               00000000007AC2F1  h_psi__                   221  h_psi.f90
pw.x               00000000007ABD66  h_psi_                     71  h_psi.f90
pw.x               000000000086DDE3  pcegterg_                1021  cegterg.f90
pw.x               0000000000687E53  diag_bands_IP_dia        1028  c_bands.f90
pw.x               000000000068663C  diag_bands_               322  c_bands.f90
pw.x               0000000000685075  c_bands_                  132  c_bands.f90
pw.x               000000000040DEAE  electrons_scf_            689  electrons.f90
pw.x               000000000040B14D  electrons_                192  electrons.f90
pw.x               00000000005888D2  run_pwscf_                189  run_pwscf.f90
pw.x               00000000004084B4  MAIN__                     85  pwscf.f90
pw.x               000000000040831E  Unknown               Unknown  Unknown
libc-2.17.so       00002B8D4C49BC05  __libc_start_main     Unknown  Unknown
pw.x               0000000000408229  Unknown               Unknown  Unknown
forrtl: error (78): process killed (SIGTERM)
Image              PC                Routine            Line        Source             
pw.x               00000000010225FA  Unknown               Unknown  Unknown
libpthread-2.17.s  00002B8307C6A5E0  Unknown               Unknown  Unknown
libmpi.so.12       00002B8306C74F72  PMPIDI_CH3I_Progr     Unknown  Unknown
libmpi.so.12.0     00002B8306E18243  Unknown               Unknown  Unknown
libmpi.so.12.0     00002B8306C27F46  Unknown               Unknown  Unknown
libmpi.so.12       00002B8306C2A0BF  MPI_Alltoall          Unknown  Unknown
libmpifort.so.12.  00002B83067D542E  mpi_alltoall__        Unknown  Unknown
pw.x               0000000000E3E3E6  fft_scatter_2d_mp         123  fft_scatter_2d.f90
pw.x               0000000000E55397  fft_parallel_2d_m         172  fft_parallel_2d.f90
pw.x               0000000000E40685  invfft_y_                  91  fft_fwinv.f90
pw.x               0000000000A30430  fft_wave_mp_wave_         152  fft_wave.f90
pw.x               000000000082BE7A  vloc_psi_k_               259  vloc_psi.f90
pw.x               00000000007AC2F1  h_psi__                   221  h_psi.f90
pw.x               00000000007ABD66  h_psi_                     71  h_psi.f90
pw.x               000000000086DDE3  pcegterg_                1021  cegterg.f90
pw.x               0000000000687E53  diag_bands_IP_dia        1028  c_bands.f90
pw.x               000000000068663C  diag_bands_               322  c_bands.f90
pw.x               0000000000685075  c_bands_                  132  c_bands.f90
pw.x               000000000040DEAE  electrons_scf_            689  electrons.f90
pw.x               000000000040B14D  electrons_                192  electrons.f90
pw.x               00000000005888D2  run_pwscf_                189  run_pwscf.f90
pw.x               00000000004084B4  MAIN__                     85  pwscf.f90
pw.x               000000000040831E  Unknown               Unknown  Unknown
libc-2.17.so       00002B830853EC05  __libc_start_main     Unknown  Unknown
pw.x               0000000000408229  Unknown               Unknown  Unknown
forrtl: error (78): process killed (SIGTERM)
Image              PC                Routine            Line        Source             
pw.x               00000000010225FA  Unknown               Unknown  Unknown
libpthread-2.17.s  00002B2310B6D5E0  Unknown               Unknown  Unknown
libmpi.so.12       00002B230FB77F0F  PMPIDI_CH3I_Progr     Unknown  Unknown
libmpi.so.12.0     00002B230FD1B243  Unknown               Unknown  Unknown
libmpi.so.12.0     00002B230FB2AF46  Unknown               Unknown  Unknown
libmpi.so.12       00002B230FB2D0BF  MPI_Alltoall          Unknown  Unknown
libmpifort.so.12.  00002B230F6D842E  mpi_alltoall__        Unknown  Unknown
pw.x               0000000000E3E3E6  fft_scatter_2d_mp         123  fft_scatter_2d.f90
pw.x               0000000000E55397  fft_parallel_2d_m         172  fft_parallel_2d.f90
pw.x               0000000000E40685  invfft_y_                  91  fft_fwinv.f90
pw.x               0000000000A30430  fft_wave_mp_wave_         152  fft_wave.f90
pw.x               000000000082BE7A  vloc_psi_k_               259  vloc_psi.f90
pw.x               00000000007AC2F1  h_psi__                   221  h_psi.f90
pw.x               00000000007ABD66  h_psi_                     71  h_psi.f90
pw.x               000000000086DDE3  pcegterg_                1021  cegterg.f90
pw.x               0000000000687E53  diag_bands_IP_dia        1028  c_bands.f90
pw.x               000000000068663C  diag_bands_               322  c_bands.f90
pw.x               0000000000685075  c_bands_                  132  c_bands.f90
pw.x               000000000040DEAE  electrons_scf_            689  electrons.f90
pw.x               000000000040B14D  electrons_                192  electrons.f90
pw.x               00000000005888D2  run_pwscf_                189  run_pwscf.f90
pw.x               00000000004084B4  MAIN__                     85  pwscf.f90
pw.x               000000000040831E  Unknown               Unknown  Unknown
libc-2.17.so       00002B2311441C05  __libc_start_main     Unknown  Unknown
pw.x               0000000000408229  Unknown               Unknown  Unknown
forrtl: error (78): process killed (SIGTERM)
Image              PC                Routine            Line        Source             
pw.x               00000000010225FA  Unknown               Unknown  Unknown
libpthread-2.17.s  00002AB53836E5E0  Unknown               Unknown  Unknown
libmpi.so.12       00002AB537378EB8  PMPIDI_CH3I_Progr     Unknown  Unknown
libmpi.so.12.0     00002AB53751C243  Unknown               Unknown  Unknown
libmpi.so.12.0     00002AB53732BF46  Unknown               Unknown  Unknown
libmpi.so.12       00002AB53732E0BF  MPI_Alltoall          Unknown  Unknown
libmpifort.so.12.  00002AB536ED942E  mpi_alltoall__        Unknown  Unknown
pw.x               0000000000E3E3E6  fft_scatter_2d_mp         123  fft_scatter_2d.f90
pw.x               0000000000E55397  fft_parallel_2d_m         172  fft_parallel_2d.f90
pw.x               0000000000E40685  invfft_y_                  91  fft_fwinv.f90
pw.x               0000000000A30430  fft_wave_mp_wave_         152  fft_wave.f90
pw.x               000000000082BE7A  vloc_psi_k_               259  vloc_psi.f90
pw.x               00000000007AC2F1  h_psi__                   221  h_psi.f90
pw.x               00000000007ABD66  h_psi_                     71  h_psi.f90
pw.x               000000000086DDE3  pcegterg_                1021  cegterg.f90
pw.x               0000000000687E53  diag_bands_IP_dia        1028  c_bands.f90
pw.x               000000000068663C  diag_bands_               322  c_bands.f90
pw.x               0000000000685075  c_bands_                  132  c_bands.f90
pw.x               000000000040DEAE  electrons_scf_            689  electrons.f90
pw.x               000000000040B14D  electrons_                192  electrons.f90
pw.x               00000000005888D2  run_pwscf_                189  run_pwscf.f90
pw.x               00000000004084B4  MAIN__                     85  pwscf.f90
pw.x               000000000040831E  Unknown               Unknown  Unknown
libc-2.17.so       00002AB538C42C05  __libc_start_main     Unknown  Unknown
pw.x               0000000000408229  Unknown               Unknown  Unknown
forrtl: error (78): process killed (SIGTERM)
Image              PC                Routine            Line        Source             
pw.x               00000000010225FA  Unknown               Unknown  Unknown
libpthread-2.17.s  00002ACBD23695E0  Unknown               Unknown  Unknown
libmpi.so.12       00002ACBD1373EB8  PMPIDI_CH3I_Progr     Unknown  Unknown
libmpi.so.12.0     00002ACBD1517243  Unknown               Unknown  Unknown
libmpi.so.12.0     00002ACBD1326F46  Unknown               Unknown  Unknown
libmpi.so.12       00002ACBD13290BF  MPI_Alltoall          Unknown  Unknown
libmpifort.so.12.  00002ACBD0ED442E  mpi_alltoall__        Unknown  Unknown
pw.x               0000000000E3E3E6  fft_scatter_2d_mp         123  fft_scatter_2d.f90
pw.x               0000000000E55397  fft_parallel_2d_m         172  fft_parallel_2d.f90
pw.x               0000000000E40685  invfft_y_                  91  fft_fwinv.f90
pw.x               0000000000A30430  fft_wave_mp_wave_         152  fft_wave.f90
pw.x               000000000082BE7A  vloc_psi_k_               259  vloc_psi.f90
pw.x               00000000007AC2F1  h_psi__                   221  h_psi.f90
pw.x               00000000007ABD66  h_psi_                     71  h_psi.f90
pw.x               000000000086DDE3  pcegterg_                1021  cegterg.f90
pw.x               0000000000687E53  diag_bands_IP_dia        1028  c_bands.f90
pw.x               000000000068663C  diag_bands_               322  c_bands.f90
pw.x               0000000000685075  c_bands_                  132  c_bands.f90
pw.x               000000000040DEAE  electrons_scf_            689  electrons.f90
pw.x               000000000040B14D  electrons_                192  electrons.f90
pw.x               00000000005888D2  run_pwscf_                189  run_pwscf.f90
pw.x               00000000004084B4  MAIN__                     85  pwscf.f90
pw.x               000000000040831E  Unknown               Unknown  Unknown
libc-2.17.so       00002ACBD2C3DC05  __libc_start_main     Unknown  Unknown
pw.x               0000000000408229  Unknown               Unknown  Unknown
forrtl: error (78): process killed (SIGTERM)
Image              PC                Routine            Line        Source             
pw.x               00000000010225FA  Unknown               Unknown  Unknown
libpthread-2.17.s  00002B84300585E0  Unknown               Unknown  Unknown
libmpi.so.12       00002B842F062EB8  PMPIDI_CH3I_Progr     Unknown  Unknown
libmpi.so.12.0     00002B842F206243  Unknown               Unknown  Unknown
libmpi.so.12.0     00002B842F015F46  Unknown               Unknown  Unknown
libmpi.so.12       00002B842F0180BF  MPI_Alltoall          Unknown  Unknown
libmpifort.so.12.  00002B842EBC342E  mpi_alltoall__        Unknown  Unknown
pw.x               0000000000E3E3E6  fft_scatter_2d_mp         123  fft_scatter_2d.f90
pw.x               0000000000E55397  fft_parallel_2d_m         172  fft_parallel_2d.f90
pw.x               0000000000E40685  invfft_y_                  91  fft_fwinv.f90
pw.x               0000000000A30430  fft_wave_mp_wave_         152  fft_wave.f90
pw.x               000000000082BE7A  vloc_psi_k_               259  vloc_psi.f90
pw.x               00000000007AC2F1  h_psi__                   221  h_psi.f90
pw.x               00000000007ABD66  h_psi_                     71  h_psi.f90
pw.x               000000000086DDE3  pcegterg_                1021  cegterg.f90
pw.x               0000000000687E53  diag_bands_IP_dia        1028  c_bands.f90
pw.x               000000000068663C  diag_bands_               322  c_bands.f90
pw.x               0000000000685075  c_bands_                  132  c_bands.f90
pw.x               000000000040DEAE  electrons_scf_            689  electrons.f90
pw.x               000000000040B14D  electrons_                192  electrons.f90
pw.x               00000000005888D2  run_pwscf_                189  run_pwscf.f90
pw.x               00000000004084B4  MAIN__                     85  pwscf.f90
pw.x               000000000040831E  Unknown               Unknown  Unknown
libc-2.17.so       00002B843092CC05  __libc_start_main     Unknown  Unknown
pw.x               0000000000408229  Unknown               Unknown  Unknown
forrtl: error (78): process killed (SIGTERM)
Image              PC                Routine            Line        Source             
pw.x               00000000010225FA  Unknown               Unknown  Unknown
libpthread-2.17.s  00002B637DDC35E0  Unknown               Unknown  Unknown
libmpi.so.12       00002B637CDCDECE  PMPIDI_CH3I_Progr     Unknown  Unknown
libmpi.so.12.0     00002B637CF71243  Unknown               Unknown  Unknown
libmpi.so.12.0     00002B637CD80F46  Unknown               Unknown  Unknown
libmpi.so.12       00002B637CD830BF  MPI_Alltoall          Unknown  Unknown
libmpifort.so.12.  00002B637C92E42E  mpi_alltoall__        Unknown  Unknown
pw.x               0000000000E3E3E6  fft_scatter_2d_mp         123  fft_scatter_2d.f90
pw.x               0000000000E55397  fft_parallel_2d_m         172  fft_parallel_2d.f90
pw.x               0000000000E40685  invfft_y_                  91  fft_fwinv.f90
pw.x               0000000000A30430  fft_wave_mp_wave_         152  fft_wave.f90
pw.x               000000000082BE7A  vloc_psi_k_               259  vloc_psi.f90
pw.x               00000000007AC2F1  h_psi__                   221  h_psi.f90
pw.x               00000000007ABD66  h_psi_                     71  h_psi.f90
pw.x               000000000086DDE3  pcegterg_                1021  cegterg.f90
pw.x               0000000000687E53  diag_bands_IP_dia        1028  c_bands.f90
pw.x               000000000068663C  diag_bands_               322  c_bands.f90
pw.x               0000000000685075  c_bands_                  132  c_bands.f90
pw.x               000000000040DEAE  electrons_scf_            689  electrons.f90
pw.x               000000000040B14D  electrons_                192  electrons.f90
pw.x               00000000005888D2  run_pwscf_                189  run_pwscf.f90
pw.x               00000000004084B4  MAIN__                     85  pwscf.f90
pw.x               000000000040831E  Unknown               Unknown  Unknown
libc-2.17.so       00002B637E697C05  __libc_start_main     Unknown  Unknown
pw.x               0000000000408229  Unknown               Unknown  Unknown
forrtl: error (78): process killed (SIGTERM)
Image              PC                Routine            Line        Source             
pw.x               00000000010225FA  Unknown               Unknown  Unknown
libpthread-2.17.s  00002B00AE1D55E0  Unknown               Unknown  Unknown
libmpi.so.12       00002B00AD1DFEBF  PMPIDI_CH3I_Progr     Unknown  Unknown
libmpi.so.12.0     00002B00AD383243  Unknown               Unknown  Unknown
libmpi.so.12.0     00002B00AD192F46  Unknown               Unknown  Unknown
libmpi.so.12       00002B00AD1950BF  MPI_Alltoall          Unknown  Unknown
libmpifort.so.12.  00002B00ACD4042E  mpi_alltoall__        Unknown  Unknown
pw.x               0000000000E3E3E6  fft_scatter_2d_mp         123  fft_scatter_2d.f90
pw.x               0000000000E55397  fft_parallel_2d_m         172  fft_parallel_2d.f90
pw.x               0000000000E40685  invfft_y_                  91  fft_fwinv.f90
pw.x               0000000000A30430  fft_wave_mp_wave_         152  fft_wave.f90
pw.x               000000000082BE7A  vloc_psi_k_               259  vloc_psi.f90
pw.x               00000000007AC2F1  h_psi__                   221  h_psi.f90
pw.x               00000000007ABD66  h_psi_                     71  h_psi.f90
pw.x               000000000086DDE3  pcegterg_                1021  cegterg.f90
pw.x               0000000000687E53  diag_bands_IP_dia        1028  c_bands.f90
pw.x               000000000068663C  diag_bands_               322  c_bands.f90
pw.x               0000000000685075  c_bands_                  132  c_bands.f90
pw.x               000000000040DEAE  electrons_scf_            689  electrons.f90
pw.x               000000000040B14D  electrons_                192  electrons.f90
pw.x               00000000005888D2  run_pwscf_                189  run_pwscf.f90
pw.x               00000000004084B4  MAIN__                     85  pwscf.f90
pw.x               000000000040831E  Unknown               Unknown  Unknown
libc-2.17.so       00002B00AEAA9C05  __libc_start_main     Unknown  Unknown
pw.x               0000000000408229  Unknown               Unknown  Unknown
forrtl: error (78): process killed (SIGTERM)
Image              PC                Routine            Line        Source             
pw.x               00000000010225FA  Unknown               Unknown  Unknown
libpthread-2.17.s  00002B8A24F3D5E0  Unknown               Unknown  Unknown
libmpi.so.12       00002B8A23F47EB8  PMPIDI_CH3I_Progr     Unknown  Unknown
libmpi.so.12.0     00002B8A240EB243  Unknown               Unknown  Unknown
libmpi.so.12.0     00002B8A23EFAF46  Unknown               Unknown  Unknown
libmpi.so.12       00002B8A23EFD0BF  MPI_Alltoall          Unknown  Unknown
libmpifort.so.12.  00002B8A23AA842E  mpi_alltoall__        Unknown  Unknown
pw.x               0000000000E3E3E6  fft_scatter_2d_mp         123  fft_scatter_2d.f90
pw.x               0000000000E55397  fft_parallel_2d_m         172  fft_parallel_2d.f90
pw.x               0000000000E40685  invfft_y_                  91  fft_fwinv.f90
pw.x               0000000000A30430  fft_wave_mp_wave_         152  fft_wave.f90
pw.x               000000000082BE7A  vloc_psi_k_               259  vloc_psi.f90
pw.x               00000000007AC2F1  h_psi__                   221  h_psi.f90
pw.x               00000000007ABD66  h_psi_                     71  h_psi.f90
pw.x               000000000086DDE3  pcegterg_                1021  cegterg.f90
pw.x               0000000000687E53  diag_bands_IP_dia        1028  c_bands.f90
pw.x               000000000068663C  diag_bands_               322  c_bands.f90
pw.x               0000000000685075  c_bands_                  132  c_bands.f90
pw.x               000000000040DEAE  electrons_scf_            689  electrons.f90
pw.x               000000000040B14D  electrons_                192  electrons.f90
pw.x               00000000005888D2  run_pwscf_                189  run_pwscf.f90
pw.x               00000000004084B4  MAIN__                     85  pwscf.f90
pw.x               000000000040831E  Unknown               Unknown  Unknown
libc-2.17.so       00002B8A25811C05  __libc_start_main     Unknown  Unknown
pw.x               0000000000408229  Unknown               Unknown  Unknown
forrtl: error (78): process killed (SIGTERM)
Image              PC                Routine            Line        Source             
pw.x               00000000010225FA  Unknown               Unknown  Unknown
libpthread-2.17.s  00002B39A250A5E0  Unknown               Unknown  Unknown
libmpi.so.12       00002B39A1514EB8  PMPIDI_CH3I_Progr     Unknown  Unknown
libmpi.so.12.0     00002B39A16B8243  Unknown               Unknown  Unknown
libmpi.so.12.0     00002B39A14C7F46  Unknown               Unknown  Unknown
libmpi.so.12       00002B39A14CA0BF  MPI_Alltoall          Unknown  Unknown
libmpifort.so.12.  00002B39A107542E  mpi_alltoall__        Unknown  Unknown
pw.x               0000000000E3E3E6  fft_scatter_2d_mp         123  fft_scatter_2d.f90
pw.x               0000000000E55397  fft_parallel_2d_m         172  fft_parallel_2d.f90
pw.x               0000000000E40685  invfft_y_                  91  fft_fwinv.f90
pw.x               0000000000A30430  fft_wave_mp_wave_         152  fft_wave.f90
pw.x               000000000082BE7A  vloc_psi_k_               259  vloc_psi.f90
pw.x               00000000007AC2F1  h_psi__                   221  h_psi.f90
pw.x               00000000007ABD66  h_psi_                     71  h_psi.f90
pw.x               000000000086DDE3  pcegterg_                1021  cegterg.f90
pw.x               0000000000687E53  diag_bands_IP_dia        1028  c_bands.f90
pw.x               000000000068663C  diag_bands_               322  c_bands.f90
pw.x               0000000000685075  c_bands_                  132  c_bands.f90
pw.x               000000000040DEAE  electrons_scf_            689  electrons.f90
pw.x               000000000040B14D  electrons_                192  electrons.f90
pw.x               00000000005888D2  run_pwscf_                189  run_pwscf.f90
pw.x               00000000004084B4  MAIN__                     85  pwscf.f90
pw.x               000000000040831E  Unknown               Unknown  Unknown
libc-2.17.so       00002B39A2DDEC05  __libc_start_main     Unknown  Unknown
pw.x               0000000000408229  Unknown               Unknown  Unknown
forrtl: error (78): process killed (SIGTERM)
Image              PC                Routine            Line        Source             
pw.x               00000000010225FA  Unknown               Unknown  Unknown
libpthread-2.17.s  00002B93ADC1D5E0  Unknown               Unknown  Unknown
libmpi.so.12       00002B93ACC27EB8  PMPIDI_CH3I_Progr     Unknown  Unknown
libmpi.so.12.0     00002B93ACDCB243  Unknown               Unknown  Unknown
libmpi.so.12.0     00002B93ACBDAF46  Unknown               Unknown  Unknown
libmpi.so.12       00002B93ACBDD0BF  MPI_Alltoall          Unknown  Unknown
libmpifort.so.12.  00002B93AC78842E  mpi_alltoall__        Unknown  Unknown
pw.x               0000000000E3E3E6  fft_scatter_2d_mp         123  fft_scatter_2d.f90
pw.x               0000000000E55397  fft_parallel_2d_m         172  fft_parallel_2d.f90
pw.x               0000000000E40685  invfft_y_                  91  fft_fwinv.f90
pw.x               0000000000A30430  fft_wave_mp_wave_         152  fft_wave.f90
pw.x               000000000082BE7A  vloc_psi_k_               259  vloc_psi.f90
pw.x               00000000007AC2F1  h_psi__                   221  h_psi.f90
pw.x               00000000007ABD66  h_psi_                     71  h_psi.f90
pw.x               000000000086DDE3  pcegterg_                1021  cegterg.f90
pw.x               0000000000687E53  diag_bands_IP_dia        1028  c_bands.f90
pw.x               000000000068663C  diag_bands_               322  c_bands.f90
pw.x               0000000000685075  c_bands_                  132  c_bands.f90
pw.x               000000000040DEAE  electrons_scf_            689  electrons.f90
pw.x               000000000040B14D  electrons_                192  electrons.f90
pw.x               00000000005888D2  run_pwscf_                189  run_pwscf.f90
pw.x               00000000004084B4  MAIN__                     85  pwscf.f90
pw.x               000000000040831E  Unknown               Unknown  Unknown
libc-2.17.so       00002B93AE4F1C05  __libc_start_main     Unknown  Unknown
pw.x               0000000000408229  Unknown               Unknown  Unknown
forrtl: error (78): process killed (SIGTERM)
Image              PC                Routine            Line        Source             
pw.x               00000000010225FA  Unknown               Unknown  Unknown
libpthread-2.17.s  00002B57175495E0  Unknown               Unknown  Unknown
libmpi.so.12       00002B5716553EB8  PMPIDI_CH3I_Progr     Unknown  Unknown
libmpi.so.12.0     00002B57166F7243  Unknown               Unknown  Unknown
libmpi.so.12.0     00002B5716506F46  Unknown               Unknown  Unknown
libmpi.so.12       00002B57165090BF  MPI_Alltoall          Unknown  Unknown
libmpifort.so.12.  00002B57160B442E  mpi_alltoall__        Unknown  Unknown
pw.x               0000000000E3E3E6  fft_scatter_2d_mp         123  fft_scatter_2d.f90
pw.x               0000000000E55397  fft_parallel_2d_m         172  fft_parallel_2d.f90
pw.x               0000000000E40685  invfft_y_                  91  fft_fwinv.f90
pw.x               0000000000A30430  fft_wave_mp_wave_         152  fft_wave.f90
pw.x               000000000082BE7A  vloc_psi_k_               259  vloc_psi.f90
pw.x               00000000007AC2F1  h_psi__                   221  h_psi.f90
pw.x               00000000007ABD66  h_psi_                     71  h_psi.f90
pw.x               000000000086DDE3  pcegterg_                1021  cegterg.f90
pw.x               0000000000687E53  diag_bands_IP_dia        1028  c_bands.f90
pw.x               000000000068663C  diag_bands_               322  c_bands.f90
pw.x               0000000000685075  c_bands_                  132  c_bands.f90
pw.x               000000000040DEAE  electrons_scf_            689  electrons.f90
pw.x               000000000040B14D  electrons_                192  electrons.f90
pw.x               00000000005888D2  run_pwscf_                189  run_pwscf.f90
pw.x               00000000004084B4  MAIN__                     85  pwscf.f90
pw.x               000000000040831E  Unknown               Unknown  Unknown
libc-2.17.so       00002B5717E1DC05  __libc_start_main     Unknown  Unknown
pw.x               0000000000408229  Unknown               Unknown  Unknown
forrtl: error (78): process killed (SIGTERM)
Image              PC                Routine            Line        Source             
pw.x               00000000010225FA  Unknown               Unknown  Unknown
libpthread-2.17.s  00002BA37EA825E0  Unknown               Unknown  Unknown
libmpi.so.12       00002BA37DA8CEB8  PMPIDI_CH3I_Progr     Unknown  Unknown
libmpi.so.12.0     00002BA37DC30243  Unknown               Unknown  Unknown
libmpi.so.12.0     00002BA37DA3FF46  Unknown               Unknown  Unknown
libmpi.so.12       00002BA37DA420BF  MPI_Alltoall          Unknown  Unknown
libmpifort.so.12.  00002BA37D5ED42E  mpi_alltoall__        Unknown  Unknown
pw.x               0000000000E3E3E6  fft_scatter_2d_mp         123  fft_scatter_2d.f90
pw.x               0000000000E55397  fft_parallel_2d_m         172  fft_parallel_2d.f90
pw.x               0000000000E40685  invfft_y_                  91  fft_fwinv.f90
pw.x               0000000000A30430  fft_wave_mp_wave_         152  fft_wave.f90
pw.x               000000000082BE7A  vloc_psi_k_               259  vloc_psi.f90
pw.x               00000000007AC2F1  h_psi__                   221  h_psi.f90
pw.x               00000000007ABD66  h_psi_                     71  h_psi.f90
pw.x               000000000086DDE3  pcegterg_                1021  cegterg.f90
pw.x               0000000000687E53  diag_bands_IP_dia        1028  c_bands.f90
pw.x               000000000068663C  diag_bands_               322  c_bands.f90
pw.x               0000000000685075  c_bands_                  132  c_bands.f90
pw.x               000000000040DEAE  electrons_scf_            689  electrons.f90
pw.x               000000000040B14D  electrons_                192  electrons.f90
pw.x               00000000005888D2  run_pwscf_                189  run_pwscf.f90
pw.x               00000000004084B4  MAIN__                     85  pwscf.f90
pw.x               000000000040831E  Unknown               Unknown  Unknown
libc-2.17.so       00002BA37F356C05  __libc_start_main     Unknown  Unknown
pw.x               0000000000408229  Unknown               Unknown  Unknown
forrtl: error (78): process killed (SIGTERM)
Image              PC                Routine            Line        Source             
pw.x               00000000010225FA  Unknown               Unknown  Unknown
libpthread-2.17.s  00002B333D7EA5E0  Unknown               Unknown  Unknown
libmpi.so.12       00002B333C7F4F91  PMPIDI_CH3I_Progr     Unknown  Unknown
libmpi.so.12.0     00002B333C998243  Unknown               Unknown  Unknown
libmpi.so.12.0     00002B333C7A7F46  Unknown               Unknown  Unknown
libmpi.so.12       00002B333C7AA0BF  MPI_Alltoall          Unknown  Unknown
libmpifort.so.12.  00002B333C35542E  mpi_alltoall__        Unknown  Unknown
pw.x               0000000000E3E3E6  fft_scatter_2d_mp         123  fft_scatter_2d.f90
pw.x               0000000000E55397  fft_parallel_2d_m         172  fft_parallel_2d.f90
pw.x               0000000000E40685  invfft_y_                  91  fft_fwinv.f90
pw.x               0000000000A30430  fft_wave_mp_wave_         152  fft_wave.f90
pw.x               000000000082BE7A  vloc_psi_k_               259  vloc_psi.f90
pw.x               00000000007AC2F1  h_psi__                   221  h_psi.f90
pw.x               00000000007ABD66  h_psi_                     71  h_psi.f90
pw.x               000000000086DDE3  pcegterg_                1021  cegterg.f90
pw.x               0000000000687E53  diag_bands_IP_dia        1028  c_bands.f90
pw.x               000000000068663C  diag_bands_               322  c_bands.f90
pw.x               0000000000685075  c_bands_                  132  c_bands.f90
pw.x               000000000040DEAE  electrons_scf_            689  electrons.f90
pw.x               000000000040B14D  electrons_                192  electrons.f90
pw.x               00000000005888D2  run_pwscf_                189  run_pwscf.f90
pw.x               00000000004084B4  MAIN__                     85  pwscf.f90
pw.x               000000000040831E  Unknown               Unknown  Unknown
libc-2.17.so       00002B333E0BEC05  __libc_start_main     Unknown  Unknown
pw.x               0000000000408229  Unknown               Unknown  Unknown
