forrtl: error (78): process killed (SIGTERM)
Image              PC                Routine            Line        Source             
pw.x               00000000010225FA  Unknown               Unknown  Unknown
libpthread-2.17.s  00002B02598AF5E0  Unknown               Unknown  Unknown
libmpi.so.12       00002B02588BABA8  PMPIDI_CH3I_Progr     Unknown  Unknown
libmpi.so.12       00002B0258C19C7B  MPI_Recv              Unknown  Unknown
libmkl_blacs_inte  00002B025417E995  MKLMPI_Recv           Unknown  Unknown
libmkl_blacs_inte  00002B0254182329  BI_Srecv              Unknown  Unknown
libmkl_blacs_inte  00002B02541826ED  BI_TreeComb           Unknown  Unknown
libmkl_blacs_inte  00002B0254173DC4  Czgsum2d              Unknown  Unknown
libmkl_scalapack_  00002B0253DCDB61  pzhemv_               Unknown  Unknown
libmkl_scalapack_  00002B0253B7CAA5  pzlatrd_              Unknown  Unknown
libmkl_scalapack_  00002B0253B2A371  pzhetrd_              Unknown  Unknown
libmkl_scalapack_  00002B0253B1A50F  pzheevd_              Unknown  Unknown
pw.x               0000000000F268EA  zhpev_module_mp_p        1561  zhpev_drv.f90
pw.x               0000000000EF393A  laxlib_pcdiaghg_          587  cdiaghg.f90
pw.x               000000000086E00C  pcegterg_                1087  cegterg.f90
pw.x               0000000000687E53  diag_bands_IP_dia        1028  c_bands.f90
pw.x               000000000068663C  diag_bands_               322  c_bands.f90
pw.x               0000000000685075  c_bands_                  132  c_bands.f90
pw.x               000000000040DEAE  electrons_scf_            689  electrons.f90
pw.x               000000000040B14D  electrons_                192  electrons.f90
pw.x               00000000005888D2  run_pwscf_                189  run_pwscf.f90
pw.x               00000000004084B4  MAIN__                     85  pwscf.f90
pw.x               000000000040831E  Unknown               Unknown  Unknown
libc-2.17.so       00002B025A183C05  __libc_start_main     Unknown  Unknown
pw.x               0000000000408229  Unknown               Unknown  Unknown
forrtl: error (78): process killed (SIGTERM)
Image              PC                Routine            Line        Source             
pw.x               00000000010225FA  Unknown               Unknown  Unknown
libpthread-2.17.s  00002B1307FE55E0  Unknown               Unknown  Unknown
libmpi.so.12       00002B1306FEFEBF  PMPIDI_CH3I_Progr     Unknown  Unknown
libmpi.so.12       00002B130734FC7B  MPI_Recv              Unknown  Unknown
libmkl_blacs_inte  00002B13028B4995  MKLMPI_Recv           Unknown  Unknown
libmkl_blacs_inte  00002B13028B8329  BI_Srecv              Unknown  Unknown
libmkl_blacs_inte  00002B13028B86ED  BI_TreeComb           Unknown  Unknown
libmkl_blacs_inte  00002B13028A9DC4  Czgsum2d              Unknown  Unknown
libmkl_scalapack_  00002B1302503B61  pzhemv_               Unknown  Unknown
libmkl_scalapack_  00002B13022B2AA5  pzlatrd_              Unknown  Unknown
libmkl_scalapack_  00002B1302260371  pzhetrd_              Unknown  Unknown
libmkl_scalapack_  00002B130225050F  pzheevd_              Unknown  Unknown
pw.x               0000000000F268EA  zhpev_module_mp_p        1561  zhpev_drv.f90
pw.x               0000000000EF393A  laxlib_pcdiaghg_          587  cdiaghg.f90
pw.x               000000000086E00C  pcegterg_                1087  cegterg.f90
pw.x               0000000000687E53  diag_bands_IP_dia        1028  c_bands.f90
pw.x               000000000068663C  diag_bands_               322  c_bands.f90
pw.x               0000000000685075  c_bands_                  132  c_bands.f90
pw.x               000000000040DEAE  electrons_scf_            689  electrons.f90
pw.x               000000000040B14D  electrons_                192  electrons.f90
pw.x               00000000005888D2  run_pwscf_                189  run_pwscf.f90
pw.x               00000000004084B4  MAIN__                     85  pwscf.f90
pw.x               000000000040831E  Unknown               Unknown  Unknown
libc-2.17.so       00002B13088B9C05  __libc_start_main     Unknown  Unknown
pw.x               0000000000408229  Unknown               Unknown  Unknown
forrtl: error (78): process killed (SIGTERM)
Image              PC                Routine            Line        Source             
pw.x               00000000010225FA  Unknown               Unknown  Unknown
libpthread-2.17.s  00002B4C658105E0  Unknown               Unknown  Unknown
libmpi.so.12       00002B4C6481AEB8  PMPIDI_CH3I_Progr     Unknown  Unknown
libmpi.so.12       00002B4C64B7AC7B  MPI_Recv              Unknown  Unknown
libmkl_blacs_inte  00002B4C600DF995  MKLMPI_Recv           Unknown  Unknown
libmkl_blacs_inte  00002B4C600E3329  BI_Srecv              Unknown  Unknown
libmkl_blacs_inte  00002B4C600CEE6B  Czgerv2d              Unknown  Unknown
libmkl_scalapack_  00002B4C5FC9F921  PB_Cpaxpby            Unknown  Unknown
libmkl_scalapack_  00002B4C5FC8066C  PB_CInV               Unknown  Unknown
libmkl_scalapack_  00002B4C5FD2DF4B  pzhemv_               Unknown  Unknown
libmkl_scalapack_  00002B4C5FADDAA5  pzlatrd_              Unknown  Unknown
libmkl_scalapack_  00002B4C5FA8B371  pzhetrd_              Unknown  Unknown
libmkl_scalapack_  00002B4C5FA7B50F  pzheevd_              Unknown  Unknown
pw.x               0000000000F268EA  zhpev_module_mp_p        1561  zhpev_drv.f90
pw.x               0000000000EF393A  laxlib_pcdiaghg_          587  cdiaghg.f90
pw.x               000000000086E00C  pcegterg_                1087  cegterg.f90
pw.x               0000000000687E53  diag_bands_IP_dia        1028  c_bands.f90
pw.x               000000000068663C  diag_bands_               322  c_bands.f90
pw.x               0000000000685075  c_bands_                  132  c_bands.f90
pw.x               000000000040DEAE  electrons_scf_            689  electrons.f90
pw.x               000000000040B14D  electrons_                192  electrons.f90
pw.x               00000000005888D2  run_pwscf_                189  run_pwscf.f90
pw.x               00000000004084B4  MAIN__                     85  pwscf.f90
pw.x               000000000040831E  Unknown               Unknown  Unknown
libc-2.17.so       00002B4C660E4C05  __libc_start_main     Unknown  Unknown
pw.x               0000000000408229  Unknown               Unknown  Unknown
forrtl: error (78): process killed (SIGTERM)
Image              PC                Routine            Line        Source             
pw.x               00000000010225FA  Unknown               Unknown  Unknown
libpthread-2.17.s  00002B4C47A4D5E0  Unknown               Unknown  Unknown
libmpi.so.12       00002B4C46A582D8  PMPIDI_CH3I_Progr     Unknown  Unknown
libmpi.so.12       00002B4C46DB7C7B  MPI_Recv              Unknown  Unknown
libmkl_blacs_inte  00002B4C4231C995  MKLMPI_Recv           Unknown  Unknown
libmkl_blacs_inte  00002B4C42320329  BI_Srecv              Unknown  Unknown
libmkl_blacs_inte  00002B4C423206ED  BI_TreeComb           Unknown  Unknown
libmkl_blacs_inte  00002B4C42311DC4  Czgsum2d              Unknown  Unknown
libmkl_scalapack_  00002B4C41F6BBF1  pzhemv_               Unknown  Unknown
libmkl_scalapack_  00002B4C41D1AAA5  pzlatrd_              Unknown  Unknown
libmkl_scalapack_  00002B4C41CC8371  pzhetrd_              Unknown  Unknown
libmkl_scalapack_  00002B4C41CB850F  pzheevd_              Unknown  Unknown
pw.x               0000000000F268EA  zhpev_module_mp_p        1561  zhpev_drv.f90
pw.x               0000000000EF393A  laxlib_pcdiaghg_          587  cdiaghg.f90
pw.x               000000000086E00C  pcegterg_                1087  cegterg.f90
pw.x               0000000000687E53  diag_bands_IP_dia        1028  c_bands.f90
pw.x               000000000068663C  diag_bands_               322  c_bands.f90
pw.x               0000000000685075  c_bands_                  132  c_bands.f90
pw.x               000000000040DEAE  electrons_scf_            689  electrons.f90
pw.x               000000000040B14D  electrons_                192  electrons.f90
pw.x               00000000005888D2  run_pwscf_                189  run_pwscf.f90
pw.x               00000000004084B4  MAIN__                     85  pwscf.f90
pw.x               000000000040831E  Unknown               Unknown  Unknown
libc-2.17.so       00002B4C48321C05  __libc_start_main     Unknown  Unknown
pw.x               0000000000408229  Unknown               Unknown  Unknown
forrtl: error (78): process killed (SIGTERM)
Image              PC                Routine            Line        Source             
pw.x               00000000010225FA  Unknown               Unknown  Unknown
libpthread-2.17.s  00002B3E995255E0  Unknown               Unknown  Unknown
libmpi.so.12       00002B3E9852FEB8  PMPIDI_CH3I_Progr     Unknown  Unknown
libmpi.so.12       00002B3E9888FC7B  MPI_Recv              Unknown  Unknown
libmkl_blacs_inte  00002B3E93DF4995  MKLMPI_Recv           Unknown  Unknown
libmkl_blacs_inte  00002B3E93DF8329  BI_Srecv              Unknown  Unknown
libmkl_blacs_inte  00002B3E93DE3E6B  Czgerv2d              Unknown  Unknown
libmkl_scalapack_  00002B3E939B4921  PB_Cpaxpby            Unknown  Unknown
libmkl_scalapack_  00002B3E9399566C  PB_CInV               Unknown  Unknown
libmkl_scalapack_  00002B3E93A42F4B  pzhemv_               Unknown  Unknown
libmkl_scalapack_  00002B3E937F2AA5  pzlatrd_              Unknown  Unknown
libmkl_scalapack_  00002B3E937A0371  pzhetrd_              Unknown  Unknown
libmkl_scalapack_  00002B3E9379050F  pzheevd_              Unknown  Unknown
pw.x               0000000000F268EA  zhpev_module_mp_p        1561  zhpev_drv.f90
pw.x               0000000000EF393A  laxlib_pcdiaghg_          587  cdiaghg.f90
pw.x               000000000086E00C  pcegterg_                1087  cegterg.f90
pw.x               0000000000687E53  diag_bands_IP_dia        1028  c_bands.f90
pw.x               000000000068663C  diag_bands_               322  c_bands.f90
pw.x               0000000000685075  c_bands_                  132  c_bands.f90
pw.x               000000000040DEAE  electrons_scf_            689  electrons.f90
pw.x               000000000040B14D  electrons_                192  electrons.f90
pw.x               00000000005888D2  run_pwscf_                189  run_pwscf.f90
pw.x               00000000004084B4  MAIN__                     85  pwscf.f90
pw.x               000000000040831E  Unknown               Unknown  Unknown
libc-2.17.so       00002B3E99DF9C05  __libc_start_main     Unknown  Unknown
pw.x               0000000000408229  Unknown               Unknown  Unknown
forrtl: error (78): process killed (SIGTERM)
Image              PC                Routine            Line        Source             
pw.x               00000000010225FA  Unknown               Unknown  Unknown
libpthread-2.17.s  00002B88C69075E0  Unknown               Unknown  Unknown
libmpi.so.12       00002B88C5911EB8  PMPIDI_CH3I_Progr     Unknown  Unknown
libmpi.so.12.0     00002B88C58E7971  Unknown               Unknown  Unknown
libmpi.so.12.0     00002B88C58E49DF  Unknown               Unknown  Unknown
libmpi.so.12.0     00002B88C58EE9DE  Unknown               Unknown  Unknown
libmpi.so.12       00002B88C58EDEE3  MPI_Bcast             Unknown  Unknown
libmkl_blacs_inte  00002B88C11D52E2  MKLMPI_Bcast          Unknown  Unknown
libmkl_blacs_inte  00002B88C11B8068  dgebs2d_              Unknown  Unknown
libmkl_scalapack_  00002B88C092D78C  pdlared1d_            Unknown  Unknown
libmkl_scalapack_  00002B88C0B72EEA  pzheevd_              Unknown  Unknown
pw.x               0000000000F268EA  zhpev_module_mp_p        1561  zhpev_drv.f90
pw.x               0000000000EF393A  laxlib_pcdiaghg_          587  cdiaghg.f90
pw.x               000000000086E00C  pcegterg_                1087  cegterg.f90
pw.x               0000000000687E53  diag_bands_IP_dia        1028  c_bands.f90
pw.x               000000000068663C  diag_bands_               322  c_bands.f90
pw.x               0000000000685075  c_bands_                  132  c_bands.f90
pw.x               000000000040DEAE  electrons_scf_            689  electrons.f90
pw.x               000000000040B14D  electrons_                192  electrons.f90
pw.x               00000000005888D2  run_pwscf_                189  run_pwscf.f90
pw.x               00000000004084B4  MAIN__                     85  pwscf.f90
pw.x               000000000040831E  Unknown               Unknown  Unknown
libc-2.17.so       00002B88C71DBC05  __libc_start_main     Unknown  Unknown
pw.x               0000000000408229  Unknown               Unknown  Unknown
forrtl: error (78): process killed (SIGTERM)
Image              PC                Routine            Line        Source             
pw.x               00000000010225FA  Unknown               Unknown  Unknown
libpthread-2.17.s  00002BA03F02C5E0  Unknown               Unknown  Unknown
libmpi.so.12.0     00002BA03E00A03B  Unknown               Unknown  Unknown
libmpi.so.12.0     00002BA03E009A1B  Unknown               Unknown  Unknown
libmpi.so.12.0     00002BA03E0139DE  Unknown               Unknown  Unknown
libmpi.so.12       00002BA03E012EE3  MPI_Bcast             Unknown  Unknown
libmkl_blacs_inte  00002BA0398FA2E2  MKLMPI_Bcast          Unknown  Unknown
libmkl_blacs_inte  00002BA0398DE04E  dgebr2d_              Unknown  Unknown
libmkl_scalapack_  00002BA0390527DA  pdlared1d_            Unknown  Unknown
libmkl_scalapack_  00002BA039297EEA  pzheevd_              Unknown  Unknown
pw.x               0000000000F268EA  zhpev_module_mp_p        1561  zhpev_drv.f90
pw.x               0000000000EF393A  laxlib_pcdiaghg_          587  cdiaghg.f90
pw.x               000000000086E00C  pcegterg_                1087  cegterg.f90
pw.x               0000000000687E53  diag_bands_IP_dia        1028  c_bands.f90
pw.x               000000000068663C  diag_bands_               322  c_bands.f90
pw.x               0000000000685075  c_bands_                  132  c_bands.f90
pw.x               000000000040DEAE  electrons_scf_            689  electrons.f90
pw.x               000000000040B14D  electrons_                192  electrons.f90
pw.x               00000000005888D2  run_pwscf_                189  run_pwscf.f90
pw.x               00000000004084B4  MAIN__                     85  pwscf.f90
pw.x               000000000040831E  Unknown               Unknown  Unknown
libc-2.17.so       00002BA03F900C05  __libc_start_main     Unknown  Unknown
pw.x               0000000000408229  Unknown               Unknown  Unknown
forrtl: error (78): process killed (SIGTERM)
Image              PC                Routine            Line        Source             
pw.x               00000000010225FA  Unknown               Unknown  Unknown
libpthread-2.17.s  00002AB0394975E0  Unknown               Unknown  Unknown
pw.x               0000000001022490  Unknown               Unknown  Unknown
libpthread-2.17.s  00002AB0394975E0  Unknown               Unknown  Unknown
libmpi.so.12       00002AB0384A2B60  PMPIDI_CH3I_Progr     Unknown  Unknown
libmpi.so.12       00002AB038801C7B  MPI_Recv              Unknown  Unknown
libmkl_blacs_inte  00002AB033D66995  MKLMPI_Recv           Unknown  Unknown
libmkl_blacs_inte  00002AB033D6A329  BI_Srecv              Unknown  Unknown
libmkl_blacs_inte  00002AB033D6A6ED  BI_TreeComb           Unknown  Unknown
libmkl_blacs_inte  00002AB033D5BDC4  Czgsum2d              Unknown  Unknown
libmkl_scalapack_  00002AB0339B5B61  pzhemv_               Unknown  Unknown
libmkl_scalapack_  00002AB033764AA5  pzlatrd_              Unknown  Unknown
libmkl_scalapack_  00002AB033712371  pzhetrd_              Unknown  Unknown
libmkl_scalapack_  00002AB03370250F  pzheevd_              Unknown  Unknown
pw.x               0000000000F268EA  zhpev_module_mp_p        1561  zhpev_drv.f90
pw.x               0000000000EF393A  laxlib_pcdiaghg_          587  cdiaghg.f90
pw.x               000000000086E00C  pcegterg_                1087  cegterg.f90
pw.x               0000000000687E53  diag_bands_IP_dia        1028  c_bands.f90
pw.x               000000000068663C  diag_bands_               322  c_bands.f90
pw.x               0000000000685075  c_bands_                  132  c_bands.f90
pw.x               000000000040DEAE  electrons_scf_            689  electrons.f90
pw.x               000000000040B14D  electrons_                192  electrons.f90
pw.x               00000000005888D2  run_pwscf_                189  run_pwscf.f90
pw.x               00000000004084B4  MAIN__                     85  pwscf.f90
pw.x               000000000040831E  Unknown               Unknown  Unknown
libc-2.17.so       00002AB039D6BC05  __libc_start_main     Unknown  Unknown
pw.x               0000000000408229  Unknown               Unknown  Unknown
forrtl: error (78): process killed (SIGTERM)
Image              PC                Routine            Line        Source             
pw.x               00000000010225FA  Unknown               Unknown  Unknown
libpthread-2.17.s  00002B4906C2B5E0  Unknown               Unknown  Unknown
libmpi.so.12       00002B4905C35EB8  PMPIDI_CH3I_Progr     Unknown  Unknown
libmpi.so.12       00002B4905F95C7B  MPI_Recv              Unknown  Unknown
libmkl_blacs_inte  00002B49014FA995  MKLMPI_Recv           Unknown  Unknown
libmkl_blacs_inte  00002B49014FE329  BI_Srecv              Unknown  Unknown
libmkl_blacs_inte  00002B49014E9E6B  Czgerv2d              Unknown  Unknown
libmkl_scalapack_  00002B49010BA921  PB_Cpaxpby            Unknown  Unknown
libmkl_scalapack_  00002B490109B66C  PB_CInV               Unknown  Unknown
libmkl_scalapack_  00002B4901148F4B  pzhemv_               Unknown  Unknown
libmkl_scalapack_  00002B4900EF8AA5  pzlatrd_              Unknown  Unknown
libmkl_scalapack_  00002B4900EA6371  pzhetrd_              Unknown  Unknown
libmkl_scalapack_  00002B4900E9650F  pzheevd_              Unknown  Unknown
pw.x               0000000000F268EA  zhpev_module_mp_p        1561  zhpev_drv.f90
pw.x               0000000000EF393A  laxlib_pcdiaghg_          587  cdiaghg.f90
pw.x               000000000086E00C  pcegterg_                1087  cegterg.f90
pw.x               0000000000687E53  diag_bands_IP_dia        1028  c_bands.f90
pw.x               000000000068663C  diag_bands_               322  c_bands.f90
pw.x               0000000000685075  c_bands_                  132  c_bands.f90
pw.x               000000000040DEAE  electrons_scf_            689  electrons.f90
pw.x               000000000040B14D  electrons_                192  electrons.f90
pw.x               00000000005888D2  run_pwscf_                189  run_pwscf.f90
pw.x               00000000004084B4  MAIN__                     85  pwscf.f90
pw.x               000000000040831E  Unknown               Unknown  Unknown
libc-2.17.so       00002B49074FFC05  __libc_start_main     Unknown  Unknown
pw.x               0000000000408229  Unknown               Unknown  Unknown
forrtl: error (78): process killed (SIGTERM)
Image              PC                Routine            Line        Source             
pw.x               00000000010225FA  Unknown               Unknown  Unknown
libpthread-2.17.s  00002B0E36D225E0  Unknown               Unknown  Unknown
libmpi.so.12.0     00002B0E35D02979  Unknown               Unknown  Unknown
libmpi.so.12.0     00002B0E35CFF9DF  Unknown               Unknown  Unknown
libmpi.so.12.0     00002B0E35D099DE  Unknown               Unknown  Unknown
libmpi.so.12       00002B0E35D08EE3  MPI_Bcast             Unknown  Unknown
libmkl_blacs_inte  00002B0E315F02E2  MKLMPI_Bcast          Unknown  Unknown
libmkl_blacs_inte  00002B0E315D3068  dgebs2d_              Unknown  Unknown
libmkl_scalapack_  00002B0E30D4878C  pdlared1d_            Unknown  Unknown
libmkl_scalapack_  00002B0E30F8DEEA  pzheevd_              Unknown  Unknown
pw.x               0000000000F268EA  zhpev_module_mp_p        1561  zhpev_drv.f90
pw.x               0000000000EF393A  laxlib_pcdiaghg_          587  cdiaghg.f90
pw.x               000000000086E00C  pcegterg_                1087  cegterg.f90
pw.x               0000000000687E53  diag_bands_IP_dia        1028  c_bands.f90
pw.x               000000000068663C  diag_bands_               322  c_bands.f90
pw.x               0000000000685075  c_bands_                  132  c_bands.f90
pw.x               000000000040DEAE  electrons_scf_            689  electrons.f90
pw.x               000000000040B14D  electrons_                192  electrons.f90
pw.x               00000000005888D2  run_pwscf_                189  run_pwscf.f90
pw.x               00000000004084B4  MAIN__                     85  pwscf.f90
pw.x               000000000040831E  Unknown               Unknown  Unknown
libc-2.17.so       00002B0E375F6C05  __libc_start_main     Unknown  Unknown
pw.x               0000000000408229  Unknown               Unknown  Unknown
forrtl: error (78): process killed (SIGTERM)
Image              PC                Routine            Line        Source             
pw.x               00000000010225FA  Unknown               Unknown  Unknown
libpthread-2.17.s  00002AD6374BB5E0  Unknown               Unknown  Unknown
libmpi.so.12.0     00002AD63649903B  Unknown               Unknown  Unknown
libmpi.so.12.0     00002AD636498A1B  Unknown               Unknown  Unknown
libmpi.so.12.0     00002AD6364A29DE  Unknown               Unknown  Unknown
libmpi.so.12       00002AD6364A1EE3  MPI_Bcast             Unknown  Unknown
libmkl_blacs_inte  00002AD631D892E2  MKLMPI_Bcast          Unknown  Unknown
libmkl_blacs_inte  00002AD631D6D04E  dgebr2d_              Unknown  Unknown
libmkl_scalapack_  00002AD6314E17DA  pdlared1d_            Unknown  Unknown
libmkl_scalapack_  00002AD631726EEA  pzheevd_              Unknown  Unknown
pw.x               0000000000F268EA  zhpev_module_mp_p        1561  zhpev_drv.f90
pw.x               0000000000EF393A  laxlib_pcdiaghg_          587  cdiaghg.f90
pw.x               000000000086E00C  pcegterg_                1087  cegterg.f90
pw.x               0000000000687E53  diag_bands_IP_dia        1028  c_bands.f90
pw.x               000000000068663C  diag_bands_               322  c_bands.f90
pw.x               0000000000685075  c_bands_                  132  c_bands.f90
pw.x               000000000040DEAE  electrons_scf_            689  electrons.f90
pw.x               000000000040B14D  electrons_                192  electrons.f90
pw.x               00000000005888D2  run_pwscf_                189  run_pwscf.f90
pw.x               00000000004084B4  MAIN__                     85  pwscf.f90
pw.x               000000000040831E  Unknown               Unknown  Unknown
libc-2.17.so       00002AD637D8FC05  __libc_start_main     Unknown  Unknown
pw.x               0000000000408229  Unknown               Unknown  Unknown
forrtl: error (78): process killed (SIGTERM)
Image              PC                Routine            Line        Source             
pw.x               00000000010225FA  Unknown               Unknown  Unknown
libpthread-2.17.s  00002AF74B45E5E0  Unknown               Unknown  Unknown
libmpi.so.12.0     00002AF74A43D927  Unknown               Unknown  Unknown
libmpi.so.12.0     00002AF74A43B9BA  Unknown               Unknown  Unknown
libmpi.so.12.0     00002AF74A4459DE  Unknown               Unknown  Unknown
libmpi.so.12       00002AF74A444EE3  MPI_Bcast             Unknown  Unknown
libmkl_blacs_inte  00002AF745D2C2E2  MKLMPI_Bcast          Unknown  Unknown
libmkl_blacs_inte  00002AF745D1F161  Czgebr2d              Unknown  Unknown
libmkl_scalapack_  00002AF7458CF4BA  PB_CInV               Unknown  Unknown
libmkl_scalapack_  00002AF74597A1DB  pzgemv_               Unknown  Unknown
libmkl_scalapack_  00002AF74572BC3B  pzlatrd_              Unknown  Unknown
libmkl_scalapack_  00002AF7456D9371  pzhetrd_              Unknown  Unknown
libmkl_scalapack_  00002AF7456C950F  pzheevd_              Unknown  Unknown
pw.x               0000000000F268EA  zhpev_module_mp_p        1561  zhpev_drv.f90
pw.x               0000000000EF393A  laxlib_pcdiaghg_          587  cdiaghg.f90
pw.x               000000000086E00C  pcegterg_                1087  cegterg.f90
pw.x               0000000000687E53  diag_bands_IP_dia        1028  c_bands.f90
pw.x               000000000068663C  diag_bands_               322  c_bands.f90
pw.x               0000000000685075  c_bands_                  132  c_bands.f90
pw.x               000000000040DEAE  electrons_scf_            689  electrons.f90
pw.x               000000000040B14D  electrons_                192  electrons.f90
pw.x               00000000005888D2  run_pwscf_                189  run_pwscf.f90
pw.x               00000000004084B4  MAIN__                     85  pwscf.f90
pw.x               000000000040831E  Unknown               Unknown  Unknown
libc-2.17.so       00002AF74BD32C05  __libc_start_main     Unknown  Unknown
pw.x               0000000000408229  Unknown               Unknown  Unknown
forrtl: error (78): process killed (SIGTERM)
Image              PC                Routine            Line        Source             
pw.x               00000000010225FA  Unknown               Unknown  Unknown
libpthread-2.17.s  00002B060646E5E0  Unknown               Unknown  Unknown
libmpi.so.12       00002B0605478EB8  PMPIDI_CH3I_Progr     Unknown  Unknown
libmpi.so.12       00002B06057D8C7B  MPI_Recv              Unknown  Unknown
libmkl_blacs_inte  00002B0600D3D995  MKLMPI_Recv           Unknown  Unknown
libmkl_blacs_inte  00002B0600D41329  BI_Srecv              Unknown  Unknown
libmkl_blacs_inte  00002B0600D2CE6B  Czgerv2d              Unknown  Unknown
libmkl_scalapack_  00002B06008FD921  PB_Cpaxpby            Unknown  Unknown
libmkl_scalapack_  00002B06008DE66C  PB_CInV               Unknown  Unknown
libmkl_scalapack_  00002B060098BF4B  pzhemv_               Unknown  Unknown
libmkl_scalapack_  00002B060073BAA5  pzlatrd_              Unknown  Unknown
libmkl_scalapack_  00002B06006E9371  pzhetrd_              Unknown  Unknown
libmkl_scalapack_  00002B06006D950F  pzheevd_              Unknown  Unknown
pw.x               0000000000F268EA  zhpev_module_mp_p        1561  zhpev_drv.f90
pw.x               0000000000EF393A  laxlib_pcdiaghg_          587  cdiaghg.f90
pw.x               000000000086E00C  pcegterg_                1087  cegterg.f90
pw.x               0000000000687E53  diag_bands_IP_dia        1028  c_bands.f90
pw.x               000000000068663C  diag_bands_               322  c_bands.f90
pw.x               0000000000685075  c_bands_                  132  c_bands.f90
pw.x               000000000040DEAE  electrons_scf_            689  electrons.f90
pw.x               000000000040B14D  electrons_                192  electrons.f90
pw.x               00000000005888D2  run_pwscf_                189  run_pwscf.f90
pw.x               00000000004084B4  MAIN__                     85  pwscf.f90
pw.x               000000000040831E  Unknown               Unknown  Unknown
libc-2.17.so       00002B0606D42C05  __libc_start_main     Unknown  Unknown
pw.x               0000000000408229  Unknown               Unknown  Unknown
forrtl: error (78): process killed (SIGTERM)
Image              PC                Routine            Line        Source             
pw.x               00000000010225FA  Unknown               Unknown  Unknown
libpthread-2.17.s  00002B0FB30995E0  Unknown               Unknown  Unknown
libmpi.so.12       00002B0FB20A3EB8  PMPIDI_CH3I_Progr     Unknown  Unknown
libmpi.so.12       00002B0FB2403C7B  MPI_Recv              Unknown  Unknown
libmkl_blacs_inte  00002B0FAD968995  MKLMPI_Recv           Unknown  Unknown
libmkl_blacs_inte  00002B0FAD96C329  BI_Srecv              Unknown  Unknown
libmkl_blacs_inte  00002B0FAD957E6B  Czgerv2d              Unknown  Unknown
libmkl_scalapack_  00002B0FAD528921  PB_Cpaxpby            Unknown  Unknown
libmkl_scalapack_  00002B0FAD50966C  PB_CInV               Unknown  Unknown
libmkl_scalapack_  00002B0FAD5B6F4B  pzhemv_               Unknown  Unknown
libmkl_scalapack_  00002B0FAD366AA5  pzlatrd_              Unknown  Unknown
libmkl_scalapack_  00002B0FAD314371  pzhetrd_              Unknown  Unknown
libmkl_scalapack_  00002B0FAD30450F  pzheevd_              Unknown  Unknown
pw.x               0000000000F268EA  zhpev_module_mp_p        1561  zhpev_drv.f90
pw.x               0000000000EF393A  laxlib_pcdiaghg_          587  cdiaghg.f90
pw.x               000000000086E00C  pcegterg_                1087  cegterg.f90
pw.x               0000000000687E53  diag_bands_IP_dia        1028  c_bands.f90
pw.x               000000000068663C  diag_bands_               322  c_bands.f90
pw.x               0000000000685075  c_bands_                  132  c_bands.f90
pw.x               000000000040DEAE  electrons_scf_            689  electrons.f90
pw.x               000000000040B14D  electrons_                192  electrons.f90
pw.x               00000000005888D2  run_pwscf_                189  run_pwscf.f90
pw.x               00000000004084B4  MAIN__                     85  pwscf.f90
pw.x               000000000040831E  Unknown               Unknown  Unknown
libc-2.17.so       00002B0FB396DC05  __libc_start_main     Unknown  Unknown
pw.x               0000000000408229  Unknown               Unknown  Unknown
forrtl: error (78): process killed (SIGTERM)
Image              PC                Routine            Line        Source             
pw.x               00000000010225FA  Unknown               Unknown  Unknown
libpthread-2.17.s  00002B8B565E75E0  Unknown               Unknown  Unknown
libmpi.so.12       00002B8B555F1EB8  PMPIDI_CH3I_Progr     Unknown  Unknown
libmpi.so.12.0     00002B8B557963D0  Unknown               Unknown  Unknown
libmpi.so.12.0     00002B8B555C47B4  Unknown               Unknown  Unknown
libmpi.so.12.0     00002B8B555CE9DE  Unknown               Unknown  Unknown
libmpi.so.12       00002B8B555CDEE3  MPI_Bcast             Unknown  Unknown
libmkl_blacs_inte  00002B8B50EB52E2  MKLMPI_Bcast          Unknown  Unknown
libmkl_blacs_inte  00002B8B50EA8161  Czgebr2d              Unknown  Unknown
libmkl_scalapack_  00002B8B50A57BCC  PB_CInV               Unknown  Unknown
libmkl_scalapack_  00002B8B50B04EC0  pzhemv_               Unknown  Unknown
libmkl_scalapack_  00002B8B508B4AA5  pzlatrd_              Unknown  Unknown
libmkl_scalapack_  00002B8B50862371  pzhetrd_              Unknown  Unknown
libmkl_scalapack_  00002B8B5085250F  pzheevd_              Unknown  Unknown
pw.x               0000000000F268EA  zhpev_module_mp_p        1561  zhpev_drv.f90
pw.x               0000000000EF393A  laxlib_pcdiaghg_          587  cdiaghg.f90
pw.x               000000000086E00C  pcegterg_                1087  cegterg.f90
pw.x               0000000000687E53  diag_bands_IP_dia        1028  c_bands.f90
pw.x               000000000068663C  diag_bands_               322  c_bands.f90
pw.x               0000000000685075  c_bands_                  132  c_bands.f90
pw.x               000000000040DEAE  electrons_scf_            689  electrons.f90
pw.x               000000000040B14D  electrons_                192  electrons.f90
pw.x               00000000005888D2  run_pwscf_                189  run_pwscf.f90
pw.x               00000000004084B4  MAIN__                     85  pwscf.f90
pw.x               000000000040831E  Unknown               Unknown  Unknown
libc-2.17.so       00002B8B56EBBC05  __libc_start_main     Unknown  Unknown
pw.x               0000000000408229  Unknown               Unknown  Unknown
forrtl: error (78): process killed (SIGTERM)
Image              PC                Routine            Line        Source             
pw.x               00000000010225FA  Unknown               Unknown  Unknown
libpthread-2.17.s  00002AD15AF005E0  Unknown               Unknown  Unknown
libmpi.so.12.0     00002AD159EDE03B  Unknown               Unknown  Unknown
libmpi.so.12.0     00002AD159EDDA1B  Unknown               Unknown  Unknown
libmpi.so.12.0     00002AD159EE79DE  Unknown               Unknown  Unknown
libmpi.so.12       00002AD159EE6EE3  MPI_Bcast             Unknown  Unknown
libmkl_blacs_inte  00002AD1557CE2E2  MKLMPI_Bcast          Unknown  Unknown
libmkl_blacs_inte  00002AD1557C1161  Czgebr2d              Unknown  Unknown
libmkl_scalapack_  00002AD155370BCC  PB_CInV               Unknown  Unknown
libmkl_scalapack_  00002AD15541DEC0  pzhemv_               Unknown  Unknown
libmkl_scalapack_  00002AD1551CDAA5  pzlatrd_              Unknown  Unknown
libmkl_scalapack_  00002AD15517B371  pzhetrd_              Unknown  Unknown
libmkl_scalapack_  00002AD15516B50F  pzheevd_              Unknown  Unknown
pw.x               0000000000F268EA  zhpev_module_mp_p        1561  zhpev_drv.f90
pw.x               0000000000EF393A  laxlib_pcdiaghg_          587  cdiaghg.f90
pw.x               000000000086E00C  pcegterg_                1087  cegterg.f90
pw.x               0000000000687E53  diag_bands_IP_dia        1028  c_bands.f90
pw.x               000000000068663C  diag_bands_               322  c_bands.f90
pw.x               0000000000685075  c_bands_                  132  c_bands.f90
pw.x               000000000040DEAE  electrons_scf_            689  electrons.f90
pw.x               000000000040B14D  electrons_                192  electrons.f90
pw.x               00000000005888D2  run_pwscf_                189  run_pwscf.f90
pw.x               00000000004084B4  MAIN__                     85  pwscf.f90
pw.x               000000000040831E  Unknown               Unknown  Unknown
libc-2.17.so       00002AD15B7D4C05  __libc_start_main     Unknown  Unknown
pw.x               0000000000408229  Unknown               Unknown  Unknown
forrtl: error (78): process killed (SIGTERM)
Image              PC                Routine            Line        Source             
pw.x               00000000010225FA  Unknown               Unknown  Unknown
libpthread-2.17.s  00002B98972E05E0  Unknown               Unknown  Unknown
libmpi.so.12.0     00002B98962BE03B  Unknown               Unknown  Unknown
libmpi.so.12.0     00002B98962BDA1B  Unknown               Unknown  Unknown
libmpi.so.12.0     00002B98962C79DE  Unknown               Unknown  Unknown
libmpi.so.12       00002B98962C6EE3  MPI_Bcast             Unknown  Unknown
libmkl_blacs_inte  00002B9891BAE2E2  MKLMPI_Bcast          Unknown  Unknown
libmkl_blacs_inte  00002B9891BA1161  Czgebr2d              Unknown  Unknown
libmkl_scalapack_  00002B9891750BCC  PB_CInV               Unknown  Unknown
libmkl_scalapack_  00002B98917FDEC0  pzhemv_               Unknown  Unknown
libmkl_scalapack_  00002B98915ADAA5  pzlatrd_              Unknown  Unknown
libmkl_scalapack_  00002B989155B371  pzhetrd_              Unknown  Unknown
libmkl_scalapack_  00002B989154B50F  pzheevd_              Unknown  Unknown
pw.x               0000000000F268EA  zhpev_module_mp_p        1561  zhpev_drv.f90
pw.x               0000000000EF393A  laxlib_pcdiaghg_          587  cdiaghg.f90
pw.x               000000000086E00C  pcegterg_                1087  cegterg.f90
pw.x               0000000000687E53  diag_bands_IP_dia        1028  c_bands.f90
pw.x               000000000068663C  diag_bands_               322  c_bands.f90
pw.x               0000000000685075  c_bands_                  132  c_bands.f90
pw.x               000000000040DEAE  electrons_scf_            689  electrons.f90
pw.x               000000000040B14D  electrons_                192  electrons.f90
pw.x               00000000005888D2  run_pwscf_                189  run_pwscf.f90
pw.x               00000000004084B4  MAIN__                     85  pwscf.f90
pw.x               000000000040831E  Unknown               Unknown  Unknown
libc-2.17.so       00002B9897BB4C05  __libc_start_main     Unknown  Unknown
pw.x               0000000000408229  Unknown               Unknown  Unknown
forrtl: error (78): process killed (SIGTERM)
Image              PC                Routine            Line        Source             
pw.x               00000000010225FA  Unknown               Unknown  Unknown
libpthread-2.17.s  00002B0A73DD45E0  Unknown               Unknown  Unknown
libmpi.so.12       00002B0A72DDEEB8  PMPIDI_CH3I_Progr     Unknown  Unknown
libmpi.so.12       00002B0A7313EC7B  MPI_Recv              Unknown  Unknown
libmkl_blacs_inte  00002B0A6E6A3995  MKLMPI_Recv           Unknown  Unknown
libmkl_blacs_inte  00002B0A6E6A7329  BI_Srecv              Unknown  Unknown
libmkl_blacs_inte  00002B0A6E692E6B  Czgerv2d              Unknown  Unknown
libmkl_scalapack_  00002B0A6E263921  PB_Cpaxpby            Unknown  Unknown
libmkl_scalapack_  00002B0A6E24466C  PB_CInV               Unknown  Unknown
libmkl_scalapack_  00002B0A6E2F1F4B  pzhemv_               Unknown  Unknown
libmkl_scalapack_  00002B0A6E0A1AA5  pzlatrd_              Unknown  Unknown
libmkl_scalapack_  00002B0A6E04F371  pzhetrd_              Unknown  Unknown
libmkl_scalapack_  00002B0A6E03F50F  pzheevd_              Unknown  Unknown
pw.x               0000000000F268EA  zhpev_module_mp_p        1561  zhpev_drv.f90
pw.x               0000000000EF393A  laxlib_pcdiaghg_          587  cdiaghg.f90
pw.x               000000000086E00C  pcegterg_                1087  cegterg.f90
pw.x               0000000000687E53  diag_bands_IP_dia        1028  c_bands.f90
pw.x               000000000068663C  diag_bands_               322  c_bands.f90
pw.x               0000000000685075  c_bands_                  132  c_bands.f90
pw.x               000000000040DEAE  electrons_scf_            689  electrons.f90
pw.x               000000000040B14D  electrons_                192  electrons.f90
pw.x               00000000005888D2  run_pwscf_                189  run_pwscf.f90
pw.x               00000000004084B4  MAIN__                     85  pwscf.f90
pw.x               000000000040831E  Unknown               Unknown  Unknown
libc-2.17.so       00002B0A746A8C05  __libc_start_main     Unknown  Unknown
pw.x               0000000000408229  Unknown               Unknown  Unknown
forrtl: error (78): process killed (SIGTERM)
Image              PC                Routine            Line        Source             
pw.x               00000000010225FA  Unknown               Unknown  Unknown
libpthread-2.17.s  00002B2C0A3965E0  Unknown               Unknown  Unknown
libmpi.so.12.0     00002B2C0937403B  Unknown               Unknown  Unknown
libmpi.so.12.0     00002B2C09373A1B  Unknown               Unknown  Unknown
libmpi.so.12.0     00002B2C0937D9DE  Unknown               Unknown  Unknown
libmpi.so.12       00002B2C0937CEE3  MPI_Bcast             Unknown  Unknown
libmkl_blacs_inte  00002B2C04C642E2  MKLMPI_Bcast          Unknown  Unknown
libmkl_blacs_inte  00002B2C04C57161  Czgebr2d              Unknown  Unknown
libmkl_scalapack_  00002B2C04806BCC  PB_CInV               Unknown  Unknown
libmkl_scalapack_  00002B2C048B3EC0  pzhemv_               Unknown  Unknown
libmkl_scalapack_  00002B2C04663AA5  pzlatrd_              Unknown  Unknown
libmkl_scalapack_  00002B2C04611371  pzhetrd_              Unknown  Unknown
libmkl_scalapack_  00002B2C0460150F  pzheevd_              Unknown  Unknown
pw.x               0000000000F268EA  zhpev_module_mp_p        1561  zhpev_drv.f90
pw.x               0000000000EF393A  laxlib_pcdiaghg_          587  cdiaghg.f90
pw.x               000000000086E00C  pcegterg_                1087  cegterg.f90
pw.x               0000000000687E53  diag_bands_IP_dia        1028  c_bands.f90
pw.x               000000000068663C  diag_bands_               322  c_bands.f90
pw.x               0000000000685075  c_bands_                  132  c_bands.f90
pw.x               000000000040DEAE  electrons_scf_            689  electrons.f90
pw.x               000000000040B14D  electrons_                192  electrons.f90
pw.x               00000000005888D2  run_pwscf_                189  run_pwscf.f90
pw.x               00000000004084B4  MAIN__                     85  pwscf.f90
pw.x               000000000040831E  Unknown               Unknown  Unknown
libc-2.17.so       00002B2C0AC6AC05  __libc_start_main     Unknown  Unknown
pw.x               0000000000408229  Unknown               Unknown  Unknown
forrtl: error (78): process killed (SIGTERM)
Image              PC                Routine            Line        Source             
pw.x               00000000010225FA  Unknown               Unknown  Unknown
libpthread-2.17.s  00002B34F31895E0  Unknown               Unknown  Unknown
libmpi.so.12.0     00002B34F216703B  Unknown               Unknown  Unknown
libmpi.so.12.0     00002B34F2166A1B  Unknown               Unknown  Unknown
libmpi.so.12.0     00002B34F21709DE  Unknown               Unknown  Unknown
libmpi.so.12       00002B34F216FEE3  MPI_Bcast             Unknown  Unknown
libmkl_blacs_inte  00002B34EDA572E2  MKLMPI_Bcast          Unknown  Unknown
libmkl_blacs_inte  00002B34EDA4A161  Czgebr2d              Unknown  Unknown
libmkl_scalapack_  00002B34ED5F9BCC  PB_CInV               Unknown  Unknown
libmkl_scalapack_  00002B34ED6A6EC0  pzhemv_               Unknown  Unknown
libmkl_scalapack_  00002B34ED456AA5  pzlatrd_              Unknown  Unknown
libmkl_scalapack_  00002B34ED404371  pzhetrd_              Unknown  Unknown
libmkl_scalapack_  00002B34ED3F450F  pzheevd_              Unknown  Unknown
pw.x               0000000000F268EA  zhpev_module_mp_p        1561  zhpev_drv.f90
pw.x               0000000000EF393A  laxlib_pcdiaghg_          587  cdiaghg.f90
pw.x               000000000086E00C  pcegterg_                1087  cegterg.f90
pw.x               0000000000687E53  diag_bands_IP_dia        1028  c_bands.f90
pw.x               000000000068663C  diag_bands_               322  c_bands.f90
pw.x               0000000000685075  c_bands_                  132  c_bands.f90
pw.x               000000000040DEAE  electrons_scf_            689  electrons.f90
pw.x               000000000040B14D  electrons_                192  electrons.f90
pw.x               00000000005888D2  run_pwscf_                189  run_pwscf.f90
pw.x               00000000004084B4  MAIN__                     85  pwscf.f90
pw.x               000000000040831E  Unknown               Unknown  Unknown
libc-2.17.so       00002B34F3A5DC05  __libc_start_main     Unknown  Unknown
pw.x               0000000000408229  Unknown               Unknown  Unknown
forrtl: error (78): process killed (SIGTERM)
Image              PC                Routine            Line        Source             
pw.x               00000000010225FA  Unknown               Unknown  Unknown
libpthread-2.17.s  00002AFDCAD515E0  Unknown               Unknown  Unknown
libmpi.so.12       00002AFDC9D5C2E2  PMPIDI_CH3I_Progr     Unknown  Unknown
libmpi.so.12       00002AFDCA0BBC7B  MPI_Recv              Unknown  Unknown
libmkl_blacs_inte  00002AFDC5620995  MKLMPI_Recv           Unknown  Unknown
libmkl_blacs_inte  00002AFDC5624329  BI_Srecv              Unknown  Unknown
libmkl_blacs_inte  00002AFDC56246ED  BI_TreeComb           Unknown  Unknown
libmkl_blacs_inte  00002AFDC5615DC4  Czgsum2d              Unknown  Unknown
libmkl_scalapack_  00002AFDC526FBF1  pzhemv_               Unknown  Unknown
libmkl_scalapack_  00002AFDC501EAA5  pzlatrd_              Unknown  Unknown
libmkl_scalapack_  00002AFDC4FCC371  pzhetrd_              Unknown  Unknown
libmkl_scalapack_  00002AFDC4FBC50F  pzheevd_              Unknown  Unknown
pw.x               0000000000F268EA  zhpev_module_mp_p        1561  zhpev_drv.f90
pw.x               0000000000EF393A  laxlib_pcdiaghg_          587  cdiaghg.f90
pw.x               000000000086E00C  pcegterg_                1087  cegterg.f90
pw.x               0000000000687E53  diag_bands_IP_dia        1028  c_bands.f90
pw.x               000000000068663C  diag_bands_               322  c_bands.f90
pw.x               0000000000685075  c_bands_                  132  c_bands.f90
pw.x               000000000040DEAE  electrons_scf_            689  electrons.f90
pw.x               000000000040B14D  electrons_                192  electrons.f90
pw.x               00000000005888D2  run_pwscf_                189  run_pwscf.f90
pw.x               00000000004084B4  MAIN__                     85  pwscf.f90
pw.x               000000000040831E  Unknown               Unknown  Unknown
libc-2.17.so       00002AFDCB625C05  __libc_start_main     Unknown  Unknown
pw.x               0000000000408229  Unknown               Unknown  Unknown
forrtl: error (78): process killed (SIGTERM)
Image              PC                Routine            Line        Source             
pw.x               00000000010225FA  Unknown               Unknown  Unknown
libpthread-2.17.s  00002BA547C975E0  Unknown               Unknown  Unknown
libmpi.so.12.0     00002BA546C7503B  Unknown               Unknown  Unknown
libmpi.so.12.0     00002BA546C74A1B  Unknown               Unknown  Unknown
libmpi.so.12.0     00002BA546C7E9DE  Unknown               Unknown  Unknown
libmpi.so.12       00002BA546C7DEE3  MPI_Bcast             Unknown  Unknown
libmkl_blacs_inte  00002BA5425652E2  MKLMPI_Bcast          Unknown  Unknown
libmkl_blacs_inte  00002BA542558161  Czgebr2d              Unknown  Unknown
libmkl_scalapack_  00002BA542107BCC  PB_CInV               Unknown  Unknown
libmkl_scalapack_  00002BA5421B4EC0  pzhemv_               Unknown  Unknown
libmkl_scalapack_  00002BA541F64AA5  pzlatrd_              Unknown  Unknown
libmkl_scalapack_  00002BA541F12371  pzhetrd_              Unknown  Unknown
libmkl_scalapack_  00002BA541F0250F  pzheevd_              Unknown  Unknown
pw.x               0000000000F268EA  zhpev_module_mp_p        1561  zhpev_drv.f90
pw.x               0000000000EF393A  laxlib_pcdiaghg_          587  cdiaghg.f90
pw.x               000000000086E00C  pcegterg_                1087  cegterg.f90
pw.x               0000000000687E53  diag_bands_IP_dia        1028  c_bands.f90
pw.x               000000000068663C  diag_bands_               322  c_bands.f90
pw.x               0000000000685075  c_bands_                  132  c_bands.f90
pw.x               000000000040DEAE  electrons_scf_            689  electrons.f90
pw.x               000000000040B14D  electrons_                192  electrons.f90
pw.x               00000000005888D2  run_pwscf_                189  run_pwscf.f90
pw.x               00000000004084B4  MAIN__                     85  pwscf.f90
pw.x               000000000040831E  Unknown               Unknown  Unknown
libc-2.17.so       00002BA54856BC05  __libc_start_main     Unknown  Unknown
pw.x               0000000000408229  Unknown               Unknown  Unknown
forrtl: error (78): process killed (SIGTERM)
Image              PC                Routine            Line        Source             
pw.x               00000000010225FA  Unknown               Unknown  Unknown
libpthread-2.17.s  00002AF10E71C5E0  Unknown               Unknown  Unknown
libmpi.so.12.0     00002AF10D6FA03B  Unknown               Unknown  Unknown
libmpi.so.12.0     00002AF10D6F9A1B  Unknown               Unknown  Unknown
libmpi.so.12.0     00002AF10D7039DE  Unknown               Unknown  Unknown
libmpi.so.12       00002AF10D702EE3  MPI_Bcast             Unknown  Unknown
libmkl_blacs_inte  00002AF108FEA2E2  MKLMPI_Bcast          Unknown  Unknown
libmkl_blacs_inte  00002AF108FDD161  Czgebr2d              Unknown  Unknown
libmkl_scalapack_  00002AF108B8CBCC  PB_CInV               Unknown  Unknown
libmkl_scalapack_  00002AF108C39EC0  pzhemv_               Unknown  Unknown
libmkl_scalapack_  00002AF1089E9AA5  pzlatrd_              Unknown  Unknown
libmkl_scalapack_  00002AF108997371  pzhetrd_              Unknown  Unknown
libmkl_scalapack_  00002AF10898750F  pzheevd_              Unknown  Unknown
pw.x               0000000000F268EA  zhpev_module_mp_p        1561  zhpev_drv.f90
pw.x               0000000000EF393A  laxlib_pcdiaghg_          587  cdiaghg.f90
pw.x               000000000086E00C  pcegterg_                1087  cegterg.f90
pw.x               0000000000687E53  diag_bands_IP_dia        1028  c_bands.f90
pw.x               000000000068663C  diag_bands_               322  c_bands.f90
pw.x               0000000000685075  c_bands_                  132  c_bands.f90
pw.x               000000000040DEAE  electrons_scf_            689  electrons.f90
pw.x               000000000040B14D  electrons_                192  electrons.f90
pw.x               00000000005888D2  run_pwscf_                189  run_pwscf.f90
pw.x               00000000004084B4  MAIN__                     85  pwscf.f90
pw.x               000000000040831E  Unknown               Unknown  Unknown
libc-2.17.so       00002AF10EFF0C05  __libc_start_main     Unknown  Unknown
pw.x               0000000000408229  Unknown               Unknown  Unknown
forrtl: error (78): process killed (SIGTERM)
Image              PC                Routine            Line        Source             
pw.x               00000000010225FA  Unknown               Unknown  Unknown
libpthread-2.17.s  00002AEC698215E0  Unknown               Unknown  Unknown
libmpi.so.12       00002AEC6882BEB8  PMPIDI_CH3I_Progr     Unknown  Unknown
libmpi.so.12.0     00002AEC689D03D0  Unknown               Unknown  Unknown
libmpi.so.12.0     00002AEC687FE7B4  Unknown               Unknown  Unknown
libmpi.so.12.0     00002AEC688089DE  Unknown               Unknown  Unknown
libmpi.so.12       00002AEC68807EE3  MPI_Bcast             Unknown  Unknown
libmkl_blacs_inte  00002AEC640EF2E2  MKLMPI_Bcast          Unknown  Unknown
libmkl_blacs_inte  00002AEC640E2161  Czgebr2d              Unknown  Unknown
libmkl_scalapack_  00002AEC63C91BCC  PB_CInV               Unknown  Unknown
libmkl_scalapack_  00002AEC63D3EEC0  pzhemv_               Unknown  Unknown
libmkl_scalapack_  00002AEC63AEEAA5  pzlatrd_              Unknown  Unknown
libmkl_scalapack_  00002AEC63A9C371  pzhetrd_              Unknown  Unknown
libmkl_scalapack_  00002AEC63A8C50F  pzheevd_              Unknown  Unknown
pw.x               0000000000F268EA  zhpev_module_mp_p        1561  zhpev_drv.f90
pw.x               0000000000EF393A  laxlib_pcdiaghg_          587  cdiaghg.f90
pw.x               000000000086E00C  pcegterg_                1087  cegterg.f90
pw.x               0000000000687E53  diag_bands_IP_dia        1028  c_bands.f90
pw.x               000000000068663C  diag_bands_               322  c_bands.f90
pw.x               0000000000685075  c_bands_                  132  c_bands.f90
pw.x               000000000040DEAE  electrons_scf_            689  electrons.f90
pw.x               000000000040B14D  electrons_                192  electrons.f90
pw.x               00000000005888D2  run_pwscf_                189  run_pwscf.f90
pw.x               00000000004084B4  MAIN__                     85  pwscf.f90
pw.x               000000000040831E  Unknown               Unknown  Unknown
libc-2.17.so       00002AEC6A0F5C05  __libc_start_main     Unknown  Unknown
pw.x               0000000000408229  Unknown               Unknown  Unknown
forrtl: error (78): process killed (SIGTERM)
Image              PC                Routine            Line        Source             
pw.x               00000000010225FA  Unknown               Unknown  Unknown
libpthread-2.17.s  00002ACDD13875E0  Unknown               Unknown  Unknown
libmpi.so.12.0     00002ACDD036503B  Unknown               Unknown  Unknown
libmpi.so.12.0     00002ACDD0364A1B  Unknown               Unknown  Unknown
libmpi.so.12.0     00002ACDD036E9DE  Unknown               Unknown  Unknown
libmpi.so.12       00002ACDD036DEE3  MPI_Bcast             Unknown  Unknown
libmkl_blacs_inte  00002ACDCBC552E2  MKLMPI_Bcast          Unknown  Unknown
libmkl_blacs_inte  00002ACDCBC48161  Czgebr2d              Unknown  Unknown
libmkl_scalapack_  00002ACDCB7F7BCC  PB_CInV               Unknown  Unknown
libmkl_scalapack_  00002ACDCB8A4EC0  pzhemv_               Unknown  Unknown
libmkl_scalapack_  00002ACDCB654AA5  pzlatrd_              Unknown  Unknown
libmkl_scalapack_  00002ACDCB602371  pzhetrd_              Unknown  Unknown
libmkl_scalapack_  00002ACDCB5F250F  pzheevd_              Unknown  Unknown
pw.x               0000000000F268EA  zhpev_module_mp_p        1561  zhpev_drv.f90
pw.x               0000000000EF393A  laxlib_pcdiaghg_          587  cdiaghg.f90
pw.x               000000000086E00C  pcegterg_                1087  cegterg.f90
pw.x               0000000000687E53  diag_bands_IP_dia        1028  c_bands.f90
pw.x               000000000068663C  diag_bands_               322  c_bands.f90
pw.x               0000000000685075  c_bands_                  132  c_bands.f90
pw.x               000000000040DEAE  electrons_scf_            689  electrons.f90
pw.x               000000000040B14D  electrons_                192  electrons.f90
pw.x               00000000005888D2  run_pwscf_                189  run_pwscf.f90
pw.x               00000000004084B4  MAIN__                     85  pwscf.f90
pw.x               000000000040831E  Unknown               Unknown  Unknown
libc-2.17.so       00002ACDD1C5BC05  __libc_start_main     Unknown  Unknown
pw.x               0000000000408229  Unknown               Unknown  Unknown
forrtl: error (78): process killed (SIGTERM)
Image              PC                Routine            Line        Source             
pw.x               00000000010225FA  Unknown               Unknown  Unknown
libpthread-2.17.s  00002AC9351E95E0  Unknown               Unknown  Unknown
libmpi.so.12.0     00002AC9341C703B  Unknown               Unknown  Unknown
libmpi.so.12.0     00002AC9341C6A1B  Unknown               Unknown  Unknown
libmpi.so.12.0     00002AC9341D09DE  Unknown               Unknown  Unknown
libmpi.so.12       00002AC9341CFEE3  MPI_Bcast             Unknown  Unknown
libmkl_blacs_inte  00002AC92FAB72E2  MKLMPI_Bcast          Unknown  Unknown
libmkl_blacs_inte  00002AC92FAA9106  Czgebs2d              Unknown  Unknown
libmkl_scalapack_  00002AC92F659AE9  PB_CInV               Unknown  Unknown
libmkl_scalapack_  00002AC92F706EC0  pzhemv_               Unknown  Unknown
libmkl_scalapack_  00002AC92F4B6AA5  pzlatrd_              Unknown  Unknown
libmkl_scalapack_  00002AC92F464371  pzhetrd_              Unknown  Unknown
libmkl_scalapack_  00002AC92F45450F  pzheevd_              Unknown  Unknown
pw.x               0000000000F268EA  zhpev_module_mp_p        1561  zhpev_drv.f90
pw.x               0000000000EF393A  laxlib_pcdiaghg_          587  cdiaghg.f90
pw.x               000000000086E00C  pcegterg_                1087  cegterg.f90
pw.x               0000000000687E53  diag_bands_IP_dia        1028  c_bands.f90
pw.x               000000000068663C  diag_bands_               322  c_bands.f90
pw.x               0000000000685075  c_bands_                  132  c_bands.f90
pw.x               000000000040DEAE  electrons_scf_            689  electrons.f90
pw.x               000000000040B14D  electrons_                192  electrons.f90
pw.x               00000000005888D2  run_pwscf_                189  run_pwscf.f90
pw.x               00000000004084B4  MAIN__                     85  pwscf.f90
pw.x               000000000040831E  Unknown               Unknown  Unknown
libc-2.17.so       00002AC935ABDC05  __libc_start_main     Unknown  Unknown
pw.x               0000000000408229  Unknown               Unknown  Unknown
forrtl: error (78): process killed (SIGTERM)
Image              PC                Routine            Line        Source             
pw.x               00000000010225FA  Unknown               Unknown  Unknown
libpthread-2.17.s  00002ACF3F7C95E0  Unknown               Unknown  Unknown
libmpi.so.12.0     00002ACF3E7A703B  Unknown               Unknown  Unknown
libmpi.so.12.0     00002ACF3E7A6A1B  Unknown               Unknown  Unknown
libmpi.so.12.0     00002ACF3E7B09DE  Unknown               Unknown  Unknown
libmpi.so.12       00002ACF3E7AFEE3  MPI_Bcast             Unknown  Unknown
libmkl_blacs_inte  00002ACF3A0972E2  MKLMPI_Bcast          Unknown  Unknown
libmkl_blacs_inte  00002ACF3A08A161  Czgebr2d              Unknown  Unknown
libmkl_scalapack_  00002ACF39C39BCC  PB_CInV               Unknown  Unknown
libmkl_scalapack_  00002ACF39CE6EC0  pzhemv_               Unknown  Unknown
libmkl_scalapack_  00002ACF39A96AA5  pzlatrd_              Unknown  Unknown
libmkl_scalapack_  00002ACF39A44371  pzhetrd_              Unknown  Unknown
libmkl_scalapack_  00002ACF39A3450F  pzheevd_              Unknown  Unknown
pw.x               0000000000F268EA  zhpev_module_mp_p        1561  zhpev_drv.f90
pw.x               0000000000EF393A  laxlib_pcdiaghg_          587  cdiaghg.f90
pw.x               000000000086E00C  pcegterg_                1087  cegterg.f90
pw.x               0000000000687E53  diag_bands_IP_dia        1028  c_bands.f90
pw.x               000000000068663C  diag_bands_               322  c_bands.f90
pw.x               0000000000685075  c_bands_                  132  c_bands.f90
pw.x               000000000040DEAE  electrons_scf_            689  electrons.f90
pw.x               000000000040B14D  electrons_                192  electrons.f90
pw.x               00000000005888D2  run_pwscf_                189  run_pwscf.f90
pw.x               00000000004084B4  MAIN__                     85  pwscf.f90
pw.x               000000000040831E  Unknown               Unknown  Unknown
libc-2.17.so       00002ACF4009DC05  __libc_start_main     Unknown  Unknown
pw.x               0000000000408229  Unknown               Unknown  Unknown
forrtl: error (78): process killed (SIGTERM)
Image              PC                Routine            Line        Source             
pw.x               00000000010225FA  Unknown               Unknown  Unknown
libpthread-2.17.s  00002ACCF76D95E0  Unknown               Unknown  Unknown
libmpi.so.12.0     00002ACCF66B703B  Unknown               Unknown  Unknown
libmpi.so.12.0     00002ACCF66B6A1B  Unknown               Unknown  Unknown
libmpi.so.12.0     00002ACCF66C09DE  Unknown               Unknown  Unknown
libmpi.so.12       00002ACCF66BFEE3  MPI_Bcast             Unknown  Unknown
libmkl_blacs_inte  00002ACCF1FA72E2  MKLMPI_Bcast          Unknown  Unknown
libmkl_blacs_inte  00002ACCF1F9A161  Czgebr2d              Unknown  Unknown
libmkl_scalapack_  00002ACCF1B49BCC  PB_CInV               Unknown  Unknown
libmkl_scalapack_  00002ACCF1BF6EC0  pzhemv_               Unknown  Unknown
libmkl_scalapack_  00002ACCF19A6AA5  pzlatrd_              Unknown  Unknown
libmkl_scalapack_  00002ACCF1954371  pzhetrd_              Unknown  Unknown
libmkl_scalapack_  00002ACCF194450F  pzheevd_              Unknown  Unknown
pw.x               0000000000F268EA  zhpev_module_mp_p        1561  zhpev_drv.f90
pw.x               0000000000EF393A  laxlib_pcdiaghg_          587  cdiaghg.f90
pw.x               000000000086E00C  pcegterg_                1087  cegterg.f90
pw.x               0000000000687E53  diag_bands_IP_dia        1028  c_bands.f90
pw.x               000000000068663C  diag_bands_               322  c_bands.f90
pw.x               0000000000685075  c_bands_                  132  c_bands.f90
pw.x               000000000040DEAE  electrons_scf_            689  electrons.f90
pw.x               000000000040B14D  electrons_                192  electrons.f90
pw.x               00000000005888D2  run_pwscf_                189  run_pwscf.f90
pw.x               00000000004084B4  MAIN__                     85  pwscf.f90
pw.x               000000000040831E  Unknown               Unknown  Unknown
libc-2.17.so       00002ACCF7FADC05  __libc_start_main     Unknown  Unknown
pw.x               0000000000408229  Unknown               Unknown  Unknown
forrtl: error (78): process killed (SIGTERM)
Image              PC                Routine            Line        Source             
pw.x               00000000010225FA  Unknown               Unknown  Unknown
libpthread-2.17.s  00002AC6DB3D55E0  Unknown               Unknown  Unknown
libmpi.so.12.0     00002AC6DA3B303B  Unknown               Unknown  Unknown
libmpi.so.12.0     00002AC6DA3B2A1B  Unknown               Unknown  Unknown
libmpi.so.12.0     00002AC6DA3BC9DE  Unknown               Unknown  Unknown
libmpi.so.12       00002AC6DA3BBEE3  MPI_Bcast             Unknown  Unknown
libmkl_blacs_inte  00002AC6D5CA32E2  MKLMPI_Bcast          Unknown  Unknown
libmkl_blacs_inte  00002AC6D5C96161  Czgebr2d              Unknown  Unknown
libmkl_scalapack_  00002AC6D5845BCC  PB_CInV               Unknown  Unknown
libmkl_scalapack_  00002AC6D58F2EC0  pzhemv_               Unknown  Unknown
libmkl_scalapack_  00002AC6D56A2AA5  pzlatrd_              Unknown  Unknown
libmkl_scalapack_  00002AC6D5650371  pzhetrd_              Unknown  Unknown
libmkl_scalapack_  00002AC6D564050F  pzheevd_              Unknown  Unknown
pw.x               0000000000F268EA  zhpev_module_mp_p        1561  zhpev_drv.f90
pw.x               0000000000EF393A  laxlib_pcdiaghg_          587  cdiaghg.f90
pw.x               000000000086E00C  pcegterg_                1087  cegterg.f90
pw.x               0000000000687E53  diag_bands_IP_dia        1028  c_bands.f90
pw.x               000000000068663C  diag_bands_               322  c_bands.f90
pw.x               0000000000685075  c_bands_                  132  c_bands.f90
pw.x               000000000040DEAE  electrons_scf_            689  electrons.f90
pw.x               000000000040B14D  electrons_                192  electrons.f90
pw.x               00000000005888D2  run_pwscf_                189  run_pwscf.f90
pw.x               00000000004084B4  MAIN__                     85  pwscf.f90
pw.x               000000000040831E  Unknown               Unknown  Unknown
libc-2.17.so       00002AC6DBCA9C05  __libc_start_main     Unknown  Unknown
pw.x               0000000000408229  Unknown               Unknown  Unknown
forrtl: error (78): process killed (SIGTERM)
Image              PC                Routine            Line        Source             
pw.x               00000000010225FA  Unknown               Unknown  Unknown
libpthread-2.17.s  00002B2F089355E0  Unknown               Unknown  Unknown
libmpi.so.12       00002B2F0793FEB8  PMPIDI_CH3I_Progr     Unknown  Unknown
libmpi.so.12.0     00002B2F07AE43D0  Unknown               Unknown  Unknown
libmpi.so.12.0     00002B2F079127B4  Unknown               Unknown  Unknown
libmpi.so.12.0     00002B2F0791C9DE  Unknown               Unknown  Unknown
libmpi.so.12       00002B2F0791BEE3  MPI_Bcast             Unknown  Unknown
libmkl_blacs_inte  00002B2F032032E2  MKLMPI_Bcast          Unknown  Unknown
libmkl_blacs_inte  00002B2F031F6161  Czgebr2d              Unknown  Unknown
libmkl_scalapack_  00002B2F02DA5BCC  PB_CInV               Unknown  Unknown
libmkl_scalapack_  00002B2F02E52EC0  pzhemv_               Unknown  Unknown
libmkl_scalapack_  00002B2F02C02AA5  pzlatrd_              Unknown  Unknown
libmkl_scalapack_  00002B2F02BB0371  pzhetrd_              Unknown  Unknown
libmkl_scalapack_  00002B2F02BA050F  pzheevd_              Unknown  Unknown
pw.x               0000000000F268EA  zhpev_module_mp_p        1561  zhpev_drv.f90
pw.x               0000000000EF393A  laxlib_pcdiaghg_          587  cdiaghg.f90
pw.x               000000000086E00C  pcegterg_                1087  cegterg.f90
pw.x               0000000000687E53  diag_bands_IP_dia        1028  c_bands.f90
pw.x               000000000068663C  diag_bands_               322  c_bands.f90
pw.x               0000000000685075  c_bands_                  132  c_bands.f90
pw.x               000000000040DEAE  electrons_scf_            689  electrons.f90
pw.x               000000000040B14D  electrons_                192  electrons.f90
pw.x               00000000005888D2  run_pwscf_                189  run_pwscf.f90
pw.x               00000000004084B4  MAIN__                     85  pwscf.f90
pw.x               000000000040831E  Unknown               Unknown  Unknown
libc-2.17.so       00002B2F09209C05  __libc_start_main     Unknown  Unknown
pw.x               0000000000408229  Unknown               Unknown  Unknown
forrtl: error (78): process killed (SIGTERM)
Image              PC                Routine            Line        Source             
pw.x               00000000010225FA  Unknown               Unknown  Unknown
libpthread-2.17.s  00002B1CCA20D5E0  Unknown               Unknown  Unknown
libmpi.so.12.0     00002B1CC91EB03B  Unknown               Unknown  Unknown
libmpi.so.12.0     00002B1CC91EAA1B  Unknown               Unknown  Unknown
libmpi.so.12.0     00002B1CC91F49DE  Unknown               Unknown  Unknown
libmpi.so.12       00002B1CC91F3EE3  MPI_Bcast             Unknown  Unknown
libmkl_blacs_inte  00002B1CC4ADB2E2  MKLMPI_Bcast          Unknown  Unknown
libmkl_blacs_inte  00002B1CC4ACE161  Czgebr2d              Unknown  Unknown
libmkl_scalapack_  00002B1CC467DBCC  PB_CInV               Unknown  Unknown
libmkl_scalapack_  00002B1CC472AEC0  pzhemv_               Unknown  Unknown
libmkl_scalapack_  00002B1CC44DAAA5  pzlatrd_              Unknown  Unknown
libmkl_scalapack_  00002B1CC4488371  pzhetrd_              Unknown  Unknown
libmkl_scalapack_  00002B1CC447850F  pzheevd_              Unknown  Unknown
pw.x               0000000000F268EA  zhpev_module_mp_p        1561  zhpev_drv.f90
pw.x               0000000000EF393A  laxlib_pcdiaghg_          587  cdiaghg.f90
pw.x               000000000086E00C  pcegterg_                1087  cegterg.f90
pw.x               0000000000687E53  diag_bands_IP_dia        1028  c_bands.f90
pw.x               000000000068663C  diag_bands_               322  c_bands.f90
pw.x               0000000000685075  c_bands_                  132  c_bands.f90
pw.x               000000000040DEAE  electrons_scf_            689  electrons.f90
pw.x               000000000040B14D  electrons_                192  electrons.f90
pw.x               00000000005888D2  run_pwscf_                189  run_pwscf.f90
pw.x               00000000004084B4  MAIN__                     85  pwscf.f90
pw.x               000000000040831E  Unknown               Unknown  Unknown
libc-2.17.so       00002B1CCAAE1C05  __libc_start_main     Unknown  Unknown
pw.x               0000000000408229  Unknown               Unknown  Unknown
forrtl: error (78): process killed (SIGTERM)
Image              PC                Routine            Line        Source             
pw.x               00000000010225FA  Unknown               Unknown  Unknown
libpthread-2.17.s  00002B63FCC295E0  Unknown               Unknown  Unknown
libmpi.so.12       00002B63FBC33EBF  PMPIDI_CH3I_Progr     Unknown  Unknown
libmpi.so.12       00002B63FBF93C7B  MPI_Recv              Unknown  Unknown
libmkl_blacs_inte  00002B63F74F8995  MKLMPI_Recv           Unknown  Unknown
libmkl_blacs_inte  00002B63F74FC329  BI_Srecv              Unknown  Unknown
libmkl_blacs_inte  00002B63F74FC6ED  BI_TreeComb           Unknown  Unknown
libmkl_blacs_inte  00002B63F74EDDC4  Czgsum2d              Unknown  Unknown
libmkl_scalapack_  00002B63F7147BF1  pzhemv_               Unknown  Unknown
libmkl_scalapack_  00002B63F6EF6AA5  pzlatrd_              Unknown  Unknown
libmkl_scalapack_  00002B63F6EA4371  pzhetrd_              Unknown  Unknown
libmkl_scalapack_  00002B63F6E9450F  pzheevd_              Unknown  Unknown
pw.x               0000000000F268EA  zhpev_module_mp_p        1561  zhpev_drv.f90
pw.x               0000000000EF393A  laxlib_pcdiaghg_          587  cdiaghg.f90
pw.x               000000000086E00C  pcegterg_                1087  cegterg.f90
pw.x               0000000000687E53  diag_bands_IP_dia        1028  c_bands.f90
pw.x               000000000068663C  diag_bands_               322  c_bands.f90
pw.x               0000000000685075  c_bands_                  132  c_bands.f90
pw.x               000000000040DEAE  electrons_scf_            689  electrons.f90
pw.x               000000000040B14D  electrons_                192  electrons.f90
pw.x               00000000005888D2  run_pwscf_                189  run_pwscf.f90
pw.x               00000000004084B4  MAIN__                     85  pwscf.f90
pw.x               000000000040831E  Unknown               Unknown  Unknown
libc-2.17.so       00002B63FD4FDC05  __libc_start_main     Unknown  Unknown
pw.x               0000000000408229  Unknown               Unknown  Unknown
forrtl: error (78): process killed (SIGTERM)
Image              PC                Routine            Line        Source             
pw.x               00000000010225FA  Unknown               Unknown  Unknown
libpthread-2.17.s  00002B7921C815E0  Unknown               Unknown  Unknown
libmpi.so.12.0     00002B7920C5F03B  Unknown               Unknown  Unknown
libmpi.so.12.0     00002B7920C5EA1B  Unknown               Unknown  Unknown
libmpi.so.12.0     00002B7920C689DE  Unknown               Unknown  Unknown
libmpi.so.12       00002B7920C67EE3  MPI_Bcast             Unknown  Unknown
libmkl_blacs_inte  00002B791C54F2E2  MKLMPI_Bcast          Unknown  Unknown
libmkl_blacs_inte  00002B791C542161  Czgebr2d              Unknown  Unknown
libmkl_scalapack_  00002B791C0F1BCC  PB_CInV               Unknown  Unknown
libmkl_scalapack_  00002B791C19EEC0  pzhemv_               Unknown  Unknown
libmkl_scalapack_  00002B791BF4EAA5  pzlatrd_              Unknown  Unknown
libmkl_scalapack_  00002B791BEFC371  pzhetrd_              Unknown  Unknown
libmkl_scalapack_  00002B791BEEC50F  pzheevd_              Unknown  Unknown
pw.x               0000000000F268EA  zhpev_module_mp_p        1561  zhpev_drv.f90
pw.x               0000000000EF393A  laxlib_pcdiaghg_          587  cdiaghg.f90
pw.x               000000000086E00C  pcegterg_                1087  cegterg.f90
pw.x               0000000000687E53  diag_bands_IP_dia        1028  c_bands.f90
pw.x               000000000068663C  diag_bands_               322  c_bands.f90
pw.x               0000000000685075  c_bands_                  132  c_bands.f90
pw.x               000000000040DEAE  electrons_scf_            689  electrons.f90
pw.x               000000000040B14D  electrons_                192  electrons.f90
pw.x               00000000005888D2  run_pwscf_                189  run_pwscf.f90
pw.x               00000000004084B4  MAIN__                     85  pwscf.f90
pw.x               000000000040831E  Unknown               Unknown  Unknown
libc-2.17.so       00002B7922555C05  __libc_start_main     Unknown  Unknown
pw.x               0000000000408229  Unknown               Unknown  Unknown
forrtl: error (78): process killed (SIGTERM)
Image              PC                Routine            Line        Source             
pw.x               00000000010225FA  Unknown               Unknown  Unknown
libpthread-2.17.s  00002AB51F4815E0  Unknown               Unknown  Unknown
libmpi.so.12       00002AB51E48BEB8  PMPIDI_CH3I_Progr     Unknown  Unknown
libmpi.so.12       00002AB51E7EBC7B  MPI_Recv              Unknown  Unknown
libmkl_blacs_inte  00002AB519D50995  MKLMPI_Recv           Unknown  Unknown
libmkl_blacs_inte  00002AB519D54329  BI_Srecv              Unknown  Unknown
libmkl_blacs_inte  00002AB519D3FE6B  Czgerv2d              Unknown  Unknown
libmkl_scalapack_  00002AB519910921  PB_Cpaxpby            Unknown  Unknown
libmkl_scalapack_  00002AB5198F166C  PB_CInV               Unknown  Unknown
libmkl_scalapack_  00002AB51999EF4B  pzhemv_               Unknown  Unknown
libmkl_scalapack_  00002AB51974EAA5  pzlatrd_              Unknown  Unknown
libmkl_scalapack_  00002AB5196FC371  pzhetrd_              Unknown  Unknown
libmkl_scalapack_  00002AB5196EC50F  pzheevd_              Unknown  Unknown
pw.x               0000000000F268EA  zhpev_module_mp_p        1561  zhpev_drv.f90
pw.x               0000000000EF393A  laxlib_pcdiaghg_          587  cdiaghg.f90
pw.x               000000000086E00C  pcegterg_                1087  cegterg.f90
pw.x               0000000000687E53  diag_bands_IP_dia        1028  c_bands.f90
pw.x               000000000068663C  diag_bands_               322  c_bands.f90
pw.x               0000000000685075  c_bands_                  132  c_bands.f90
pw.x               000000000040DEAE  electrons_scf_            689  electrons.f90
pw.x               000000000040B14D  electrons_                192  electrons.f90
pw.x               00000000005888D2  run_pwscf_                189  run_pwscf.f90
pw.x               00000000004084B4  MAIN__                     85  pwscf.f90
pw.x               000000000040831E  Unknown               Unknown  Unknown
libc-2.17.so       00002AB51FD55C05  __libc_start_main     Unknown  Unknown
pw.x               0000000000408229  Unknown               Unknown  Unknown
forrtl: error (78): process killed (SIGTERM)
Image              PC                Routine            Line        Source             
pw.x               00000000010225FA  Unknown               Unknown  Unknown
libpthread-2.17.s  00002B4474A865E0  Unknown               Unknown  Unknown
libmpi.so.12.0     00002B4473A6403B  Unknown               Unknown  Unknown
libmpi.so.12.0     00002B4473A63A1B  Unknown               Unknown  Unknown
libmpi.so.12.0     00002B4473A6D9DE  Unknown               Unknown  Unknown
libmpi.so.12       00002B4473A6CEE3  MPI_Bcast             Unknown  Unknown
libmkl_blacs_inte  00002B446F3542E2  MKLMPI_Bcast          Unknown  Unknown
libmkl_blacs_inte  00002B446F347161  Czgebr2d              Unknown  Unknown
libmkl_scalapack_  00002B446EEF6BCC  PB_CInV               Unknown  Unknown
libmkl_scalapack_  00002B446EFA3EC0  pzhemv_               Unknown  Unknown
libmkl_scalapack_  00002B446ED53AA5  pzlatrd_              Unknown  Unknown
libmkl_scalapack_  00002B446ED01371  pzhetrd_              Unknown  Unknown
libmkl_scalapack_  00002B446ECF150F  pzheevd_              Unknown  Unknown
pw.x               0000000000F268EA  zhpev_module_mp_p        1561  zhpev_drv.f90
pw.x               0000000000EF393A  laxlib_pcdiaghg_          587  cdiaghg.f90
pw.x               000000000086E00C  pcegterg_                1087  cegterg.f90
pw.x               0000000000687E53  diag_bands_IP_dia        1028  c_bands.f90
pw.x               000000000068663C  diag_bands_               322  c_bands.f90
pw.x               0000000000685075  c_bands_                  132  c_bands.f90
pw.x               000000000040DEAE  electrons_scf_            689  electrons.f90
pw.x               000000000040B14D  electrons_                192  electrons.f90
pw.x               00000000005888D2  run_pwscf_                189  run_pwscf.f90
pw.x               00000000004084B4  MAIN__                     85  pwscf.f90
pw.x               000000000040831E  Unknown               Unknown  Unknown
libc-2.17.so       00002B447535AC05  __libc_start_main     Unknown  Unknown
pw.x               0000000000408229  Unknown               Unknown  Unknown
forrtl: error (78): process killed (SIGTERM)
Image              PC                Routine            Line        Source             
pw.x               00000000010225FA  Unknown               Unknown  Unknown
libpthread-2.17.s  00002ABEF07285E0  Unknown               Unknown  Unknown
libmpi.so.12       00002ABEEF732EB8  PMPIDI_CH3I_Progr     Unknown  Unknown
libmpi.so.12.0     00002ABEEF8D73D0  Unknown               Unknown  Unknown
libmpi.so.12.0     00002ABEEF7057B4  Unknown               Unknown  Unknown
libmpi.so.12.0     00002ABEEF70F9DE  Unknown               Unknown  Unknown
libmpi.so.12       00002ABEEF70EEE3  MPI_Bcast             Unknown  Unknown
libmkl_blacs_inte  00002ABEEAFF62E2  MKLMPI_Bcast          Unknown  Unknown
libmkl_blacs_inte  00002ABEEAFE9161  Czgebr2d              Unknown  Unknown
libmkl_scalapack_  00002ABEEAB98BCC  PB_CInV               Unknown  Unknown
libmkl_scalapack_  00002ABEEAC45EC0  pzhemv_               Unknown  Unknown
libmkl_scalapack_  00002ABEEA9F5AA5  pzlatrd_              Unknown  Unknown
libmkl_scalapack_  00002ABEEA9A3371  pzhetrd_              Unknown  Unknown
libmkl_scalapack_  00002ABEEA99350F  pzheevd_              Unknown  Unknown
pw.x               0000000000F268EA  zhpev_module_mp_p        1561  zhpev_drv.f90
pw.x               0000000000EF393A  laxlib_pcdiaghg_          587  cdiaghg.f90
pw.x               000000000086E00C  pcegterg_                1087  cegterg.f90
pw.x               0000000000687E53  diag_bands_IP_dia        1028  c_bands.f90
pw.x               000000000068663C  diag_bands_               322  c_bands.f90
pw.x               0000000000685075  c_bands_                  132  c_bands.f90
pw.x               000000000040DEAE  electrons_scf_            689  electrons.f90
pw.x               000000000040B14D  electrons_                192  electrons.f90
pw.x               00000000005888D2  run_pwscf_                189  run_pwscf.f90
pw.x               00000000004084B4  MAIN__                     85  pwscf.f90
pw.x               000000000040831E  Unknown               Unknown  Unknown
libc-2.17.so       00002ABEF0FFCC05  __libc_start_main     Unknown  Unknown
pw.x               0000000000408229  Unknown               Unknown  Unknown
