forrtl: error (78): process killed (SIGTERM)
Image              PC                Routine            Line        Source             
pw.x               00000000010225FA  Unknown               Unknown  Unknown
libpthread-2.17.s  00002B9F122895E0  Unknown               Unknown  Unknown
pw.x               0000000001022490  Unknown               Unknown  Unknown
libpthread-2.17.s  00002B9F122895E0  Unknown               Unknown  Unknown
libmkl_avx512.so   00002B9F2C4DF382  mkl_blas_avx512_z     Unknown  Unknown
forrtl: error (78): process killed (SIGTERM)
Image              PC                Routine            Line        Source             
pw.x               00000000010225FA  Unknown               Unknown  Unknown
libpthread-2.17.s  00002B8427D045E0  Unknown               Unknown  Unknown
pw.x               0000000001022490  Unknown               Unknown  Unknown
libpthread-2.17.s  00002B8427D045E0  Unknown               Unknown  Unknown
libmkl_avx512.so   00002B8441F59992  mkl_blas_avx512_z     Unknown  Unknown
forrtl: error (78): process killed (SIGTERM)
Image              PC                Routine            Line        Source             
pw.x               00000000010225FA  Unknown               Unknown  Unknown
libpthread-2.17.s  00002B7BA02BF5E0  Unknown               Unknown  Unknown
pw.x               0000000001022490  Unknown               Unknown  Unknown
libpthread-2.17.s  00002B7BA02BF5E0  Unknown               Unknown  Unknown
libmkl_avx512.so   00002B7BBA514CE6  mkl_blas_avx512_z     Unknown  Unknown
forrtl: error (78): process killed (SIGTERM)
Image              PC                Routine            Line        Source             
pw.x               00000000010225FA  Unknown               Unknown  Unknown
libpthread-2.17.s  00002AB7849D65E0  Unknown               Unknown  Unknown
pw.x               0000000001022490  Unknown               Unknown  Unknown
libpthread-2.17.s  00002AB7849D65E0  Unknown               Unknown  Unknown
libmkl_avx512.so   00002AB79EC2C3A1  mkl_blas_avx512_z     Unknown  Unknown
forrtl: error (78): process killed (SIGTERM)
Image              PC                Routine            Line        Source             
pw.x               00000000010225FA  Unknown               Unknown  Unknown
libpthread-2.17.s  00002AC7EF85D5E0  Unknown               Unknown  Unknown
pw.x               0000000001022490  Unknown               Unknown  Unknown
libpthread-2.17.s  00002AC7EF85D5E0  Unknown               Unknown  Unknown
libmkl_avx512.so   00002AC809AB3409  mkl_blas_avx512_z     Unknown  Unknown
forrtl: error (78): process killed (SIGTERM)
Image              PC                Routine            Line        Source             
pw.x               00000000010225FA  Unknown               Unknown  Unknown
libpthread-2.17.s  00002ABA24FD55E0  Unknown               Unknown  Unknown
pw.x               0000000001022490  Unknown               Unknown  Unknown
libpthread-2.17.s  00002ABA24FD55E0  Unknown               Unknown  Unknown
libmkl_avx512.so   00002ABA3F22ABEB  mkl_blas_avx512_z     Unknown  Unknown
forrtl: error (78): process killed (SIGTERM)
Image              PC                Routine            Line        Source             
pw.x               00000000010225FA  Unknown               Unknown  Unknown
libpthread-2.17.s  00002B7BB62305E0  Unknown               Unknown  Unknown
pw.x               0000000001022490  Unknown               Unknown  Unknown
libpthread-2.17.s  00002B7BB62305E0  Unknown               Unknown  Unknown
libmkl_avx512.so   00002B7BD0487565  mkl_blas_avx512_z     Unknown  Unknown
forrtl: error (78): process killed (SIGTERM)
Image              PC                Routine            Line        Source             
pw.x               00000000010225FA  Unknown               Unknown  Unknown
libpthread-2.17.s  00002B5FBE2B15E0  Unknown               Unknown  Unknown
pw.x               0000000001022490  Unknown               Unknown  Unknown
libpthread-2.17.s  00002B5FBE2B15E0  Unknown               Unknown  Unknown
libmkl_avx512.so   00002B5FD85071AD  mkl_blas_avx512_z     Unknown  Unknown
forrtl: error (78): process killed (SIGTERM)
Image              PC                Routine            Line        Source             
pw.x               00000000010225FA  Unknown               Unknown  Unknown
libpthread-2.17.s  00002B5666E885E0  Unknown               Unknown  Unknown
pw.x               0000000001022490  Unknown               Unknown  Unknown
libpthread-2.17.s  00002B5666E885E0  Unknown               Unknown  Unknown
libmkl_avx512.so   00002B56810DDC39  mkl_blas_avx512_z     Unknown  Unknown
forrtl: error (78): process killed (SIGTERM)
Image              PC                Routine            Line        Source             
pw.x               00000000010225FA  Unknown               Unknown  Unknown
libpthread-2.17.s  00002B7E33C645E0  Unknown               Unknown  Unknown
pw.x               0000000001022490  Unknown               Unknown  Unknown
libpthread-2.17.s  00002B7E33C645E0  Unknown               Unknown  Unknown
libmkl_avx512.so   00002B7E4DEB9D1A  mkl_blas_avx512_z     Unknown  Unknown
forrtl: error (78): process killed (SIGTERM)
Image              PC                Routine            Line        Source             
pw.x               00000000010225FA  Unknown               Unknown  Unknown
libpthread-2.17.s  00002B73E2D675E0  Unknown               Unknown  Unknown
pw.x               0000000001022490  Unknown               Unknown  Unknown
libpthread-2.17.s  00002B73E2D675E0  Unknown               Unknown  Unknown
libmkl_avx512.so   00002B73FCFBD3EF  mkl_blas_avx512_z     Unknown  Unknown
forrtl: error (78): process killed (SIGTERM)
Image              PC                Routine            Line        Source             
pw.x               00000000010225FA  Unknown               Unknown  Unknown
libpthread-2.17.s  00002AB3B0B6A5E0  Unknown               Unknown  Unknown
pw.x               0000000001022490  Unknown               Unknown  Unknown
libpthread-2.17.s  00002AB3B0B6A5E0  Unknown               Unknown  Unknown
libmkl_avx512.so   00002AB3CADC0939  mkl_blas_avx512_z     Unknown  Unknown
forrtl: error (78): process killed (SIGTERM)
Image              PC                Routine            Line        Source             
pw.x               00000000010225FA  Unknown               Unknown  Unknown
libpthread-2.17.s  00002AF76654E5E0  Unknown               Unknown  Unknown
pw.x               0000000001022490  Unknown               Unknown  Unknown
libpthread-2.17.s  00002AF76654E5E0  Unknown               Unknown  Unknown
libmkl_avx512.so   00002AF7807A3ABC  mkl_blas_avx512_z     Unknown  Unknown
forrtl: error (78): process killed (SIGTERM)
Image              PC                Routine            Line        Source             
pw.x               00000000010225FA  Unknown               Unknown  Unknown
libpthread-2.17.s  00002B8A531075E0  Unknown               Unknown  Unknown
pw.x               0000000001022490  Unknown               Unknown  Unknown
libpthread-2.17.s  00002B8A531075E0  Unknown               Unknown  Unknown
libmkl_avx512.so   00002B8A6D35CF40  mkl_blas_avx512_z     Unknown  Unknown
forrtl: error (78): process killed (SIGTERM)
Image              PC                Routine            Line        Source             
pw.x               00000000010225FA  Unknown               Unknown  Unknown
libpthread-2.17.s  00002B4C259345E0  Unknown               Unknown  Unknown
pw.x               0000000001022490  Unknown               Unknown  Unknown
libpthread-2.17.s  00002B4C259345E0  Unknown               Unknown  Unknown
libmkl_avx512.so   00002B4C3FB89C8B  mkl_blas_avx512_z     Unknown  Unknown
forrtl: error (78): process killed (SIGTERM)
Image              PC                Routine            Line        Source             
pw.x               00000000010225FA  Unknown               Unknown  Unknown
libpthread-2.17.s  00002B3379FBC5E0  Unknown               Unknown  Unknown
pw.x               0000000001022490  Unknown               Unknown  Unknown
libpthread-2.17.s  00002B3379FBC5E0  Unknown               Unknown  Unknown
libmkl_avx512.so   00002B3394212304  mkl_blas_avx512_z     Unknown  Unknown
forrtl: error (78): process killed (SIGTERM)
Image              PC                Routine            Line        Source             
pw.x               00000000010225FA  Unknown               Unknown  Unknown
libpthread-2.17.s  00002B13EB0FC5E0  Unknown               Unknown  Unknown
pw.x               0000000001022490  Unknown               Unknown  Unknown
libpthread-2.17.s  00002B13EB0FC5E0  Unknown               Unknown  Unknown
libmkl_avx512.so   00002B14053525F2  mkl_blas_avx512_z     Unknown  Unknown
forrtl: error (78): process killed (SIGTERM)
Image              PC                Routine            Line        Source             
pw.x               00000000010225FA  Unknown               Unknown  Unknown
libpthread-2.17.s  00002B57E44535E0  Unknown               Unknown  Unknown
pw.x               0000000001022490  Unknown               Unknown  Unknown
libpthread-2.17.s  00002B57E44535E0  Unknown               Unknown  Unknown
libmkl_avx512.so   00002B57FE6A895B  mkl_blas_avx512_z     Unknown  Unknown
forrtl: error (78): process killed (SIGTERM)
Image              PC                Routine            Line        Source             
pw.x               00000000010225FA  Unknown               Unknown  Unknown
libpthread-2.17.s  00002B169BB3C5E0  Unknown               Unknown  Unknown
pw.x               0000000001022490  Unknown               Unknown  Unknown
libpthread-2.17.s  00002B169BB3C5E0  Unknown               Unknown  Unknown
libmpi.so.12.0     00002B169AB0E0C9  Unknown               Unknown  Unknown
libmpi.so.12.0     00002B169AB0EFAE  Unknown               Unknown  Unknown
libmpi.so.12       00002B169AB12C2D  MPI_Barrier           Unknown  Unknown
libmpifort.so.12.  00002B169A6A872C  pmpi_barrier          Unknown  Unknown
pw.x               0000000000F59F97  bcast_real_                60  mp_base.f90
pw.x               0000000000F39848  mp_mp_mp_bcast_cm         660  mp.f90
pw.x               0000000000872A00  pcegterg_IP_refre        1538  cegterg.f90
pw.x               000000000086E6C1  pcegterg_                1158  cegterg.f90
pw.x               0000000000687E53  diag_bands_IP_dia        1028  c_bands.f90
pw.x               000000000068663C  diag_bands_               322  c_bands.f90
pw.x               0000000000685075  c_bands_                  132  c_bands.f90
pw.x               000000000040DEAE  electrons_scf_            689  electrons.f90
pw.x               000000000040B14D  electrons_                192  electrons.f90
pw.x               00000000005888D2  run_pwscf_                189  run_pwscf.f90
pw.x               00000000004084B4  MAIN__                     85  pwscf.f90
pw.x               000000000040831E  Unknown               Unknown  Unknown
libc-2.17.so       00002B169C410C05  __libc_start_main     Unknown  Unknown
pw.x               0000000000408229  Unknown               Unknown  Unknown
forrtl: error (78): process killed (SIGTERM)
Image              PC                Routine            Line        Source             
pw.x               00000000010225FA  Unknown               Unknown  Unknown
libpthread-2.17.s  00002B6FEBB595E0  Unknown               Unknown  Unknown
pw.x               0000000001022490  Unknown               Unknown  Unknown
libpthread-2.17.s  00002B6FEBB595E0  Unknown               Unknown  Unknown
libmpi.so.12.0     00002B6FEAB2B3AA  Unknown               Unknown  Unknown
libmpi.so.12.0     00002B6FEAB2C0C5  Unknown               Unknown  Unknown
libmpi.so.12       00002B6FEAB2FC2D  MPI_Barrier           Unknown  Unknown
libmpifort.so.12.  00002B6FEA6C572C  pmpi_barrier          Unknown  Unknown
pw.x               0000000000F59F97  bcast_real_                60  mp_base.f90
pw.x               0000000000F39848  mp_mp_mp_bcast_cm         660  mp.f90
pw.x               0000000000872A00  pcegterg_IP_refre        1538  cegterg.f90
pw.x               000000000086E6C1  pcegterg_                1158  cegterg.f90
pw.x               0000000000687E53  diag_bands_IP_dia        1028  c_bands.f90
pw.x               000000000068663C  diag_bands_               322  c_bands.f90
pw.x               0000000000685075  c_bands_                  132  c_bands.f90
pw.x               000000000040DEAE  electrons_scf_            689  electrons.f90
pw.x               000000000040B14D  electrons_                192  electrons.f90
pw.x               00000000005888D2  run_pwscf_                189  run_pwscf.f90
pw.x               00000000004084B4  MAIN__                     85  pwscf.f90
pw.x               000000000040831E  Unknown               Unknown  Unknown
libc-2.17.so       00002B6FEC42DC05  __libc_start_main     Unknown  Unknown
pw.x               0000000000408229  Unknown               Unknown  Unknown
forrtl: error (78): process killed (SIGTERM)
Image              PC                Routine            Line        Source             
pw.x               00000000010225FA  Unknown               Unknown  Unknown
libpthread-2.17.s  00002AB5973385E0  Unknown               Unknown  Unknown
pw.x               0000000001022490  Unknown               Unknown  Unknown
libpthread-2.17.s  00002AB5973385E0  Unknown               Unknown  Unknown
libmpi.so.12.0     00002AB59630A3AA  Unknown               Unknown  Unknown
libmpi.so.12.0     00002AB59630B0C5  Unknown               Unknown  Unknown
libmpi.so.12       00002AB59630EC2D  MPI_Barrier           Unknown  Unknown
libmpifort.so.12.  00002AB595EA472C  pmpi_barrier          Unknown  Unknown
pw.x               0000000000F59F97  bcast_real_                60  mp_base.f90
pw.x               0000000000F39848  mp_mp_mp_bcast_cm         660  mp.f90
pw.x               0000000000872A00  pcegterg_IP_refre        1538  cegterg.f90
pw.x               000000000086E6C1  pcegterg_                1158  cegterg.f90
pw.x               0000000000687E53  diag_bands_IP_dia        1028  c_bands.f90
pw.x               000000000068663C  diag_bands_               322  c_bands.f90
pw.x               0000000000685075  c_bands_                  132  c_bands.f90
pw.x               000000000040DEAE  electrons_scf_            689  electrons.f90
pw.x               000000000040B14D  electrons_                192  electrons.f90
pw.x               00000000005888D2  run_pwscf_                189  run_pwscf.f90
pw.x               00000000004084B4  MAIN__                     85  pwscf.f90
pw.x               000000000040831E  Unknown               Unknown  Unknown
libc-2.17.so       00002AB597C0CC05  __libc_start_main     Unknown  Unknown
pw.x               0000000000408229  Unknown               Unknown  Unknown
forrtl: error (78): process killed (SIGTERM)
Image              PC                Routine            Line        Source             
pw.x               00000000010225FA  Unknown               Unknown  Unknown
libpthread-2.17.s  00002B1F213BF5E0  Unknown               Unknown  Unknown
pw.x               0000000001022490  Unknown               Unknown  Unknown
libpthread-2.17.s  00002B1F213BF5E0  Unknown               Unknown  Unknown
libmpi.so.12.0     00002B1F203913AF  Unknown               Unknown  Unknown
libmpi.so.12.0     00002B1F203920C5  Unknown               Unknown  Unknown
libmpi.so.12       00002B1F20395C2D  MPI_Barrier           Unknown  Unknown
libmpifort.so.12.  00002B1F1FF2B72C  pmpi_barrier          Unknown  Unknown
pw.x               0000000000F59F97  bcast_real_                60  mp_base.f90
pw.x               0000000000F39848  mp_mp_mp_bcast_cm         660  mp.f90
pw.x               0000000000872A00  pcegterg_IP_refre        1538  cegterg.f90
pw.x               000000000086E6C1  pcegterg_                1158  cegterg.f90
pw.x               0000000000687E53  diag_bands_IP_dia        1028  c_bands.f90
pw.x               000000000068663C  diag_bands_               322  c_bands.f90
pw.x               0000000000685075  c_bands_                  132  c_bands.f90
pw.x               000000000040DEAE  electrons_scf_            689  electrons.f90
pw.x               000000000040B14D  electrons_                192  electrons.f90
pw.x               00000000005888D2  run_pwscf_                189  run_pwscf.f90
pw.x               00000000004084B4  MAIN__                     85  pwscf.f90
pw.x               000000000040831E  Unknown               Unknown  Unknown
libc-2.17.so       00002B1F21C93C05  __libc_start_main     Unknown  Unknown
pw.x               0000000000408229  Unknown               Unknown  Unknown
forrtl: error (78): process killed (SIGTERM)
Image              PC                Routine            Line        Source             
pw.x               00000000010225FA  Unknown               Unknown  Unknown
libpthread-2.17.s  00002B51637EF5E0  Unknown               Unknown  Unknown
pw.x               0000000001022490  Unknown               Unknown  Unknown
libpthread-2.17.s  00002B51637EF5E0  Unknown               Unknown  Unknown
libmpi.so.12.0     00002B51627C13AA  Unknown               Unknown  Unknown
libmpi.so.12.0     00002B51627C20C5  Unknown               Unknown  Unknown
libmpi.so.12       00002B51627C5C2D  MPI_Barrier           Unknown  Unknown
libmpifort.so.12.  00002B516235B72C  pmpi_barrier          Unknown  Unknown
pw.x               0000000000F59F97  bcast_real_                60  mp_base.f90
pw.x               0000000000F39848  mp_mp_mp_bcast_cm         660  mp.f90
pw.x               0000000000872A00  pcegterg_IP_refre        1538  cegterg.f90
pw.x               000000000086E6C1  pcegterg_                1158  cegterg.f90
pw.x               0000000000687E53  diag_bands_IP_dia        1028  c_bands.f90
pw.x               000000000068663C  diag_bands_               322  c_bands.f90
pw.x               0000000000685075  c_bands_                  132  c_bands.f90
pw.x               000000000040DEAE  electrons_scf_            689  electrons.f90
pw.x               000000000040B14D  electrons_                192  electrons.f90
pw.x               00000000005888D2  run_pwscf_                189  run_pwscf.f90
pw.x               00000000004084B4  MAIN__                     85  pwscf.f90
pw.x               000000000040831E  Unknown               Unknown  Unknown
libc-2.17.so       00002B51640C3C05  __libc_start_main     Unknown  Unknown
pw.x               0000000000408229  Unknown               Unknown  Unknown
forrtl: error (78): process killed (SIGTERM)
Image              PC                Routine            Line        Source             
pw.x               00000000010225FA  Unknown               Unknown  Unknown
libpthread-2.17.s  00002B8FD85165E0  Unknown               Unknown  Unknown
pw.x               0000000001022490  Unknown               Unknown  Unknown
libpthread-2.17.s  00002B8FD85165E0  Unknown               Unknown  Unknown
libmpi.so.12.0     00002B8FD74E83AA  Unknown               Unknown  Unknown
libmpi.so.12.0     00002B8FD74E90C5  Unknown               Unknown  Unknown
libmpi.so.12       00002B8FD74ECC2D  MPI_Barrier           Unknown  Unknown
libmpifort.so.12.  00002B8FD708272C  pmpi_barrier          Unknown  Unknown
pw.x               0000000000F59F97  bcast_real_                60  mp_base.f90
pw.x               0000000000F39848  mp_mp_mp_bcast_cm         660  mp.f90
pw.x               0000000000872A00  pcegterg_IP_refre        1538  cegterg.f90
pw.x               000000000086E6C1  pcegterg_                1158  cegterg.f90
pw.x               0000000000687E53  diag_bands_IP_dia        1028  c_bands.f90
pw.x               000000000068663C  diag_bands_               322  c_bands.f90
pw.x               0000000000685075  c_bands_                  132  c_bands.f90
pw.x               000000000040DEAE  electrons_scf_            689  electrons.f90
pw.x               000000000040B14D  electrons_                192  electrons.f90
pw.x               00000000005888D2  run_pwscf_                189  run_pwscf.f90
pw.x               00000000004084B4  MAIN__                     85  pwscf.f90
pw.x               000000000040831E  Unknown               Unknown  Unknown
libc-2.17.so       00002B8FD8DEAC05  __libc_start_main     Unknown  Unknown
pw.x               0000000000408229  Unknown               Unknown  Unknown
forrtl: error (78): process killed (SIGTERM)
Image              PC                Routine            Line        Source             
pw.x               00000000010225FA  Unknown               Unknown  Unknown
libpthread-2.17.s  00002B4759C1A5E0  Unknown               Unknown  Unknown
pw.x               0000000001022490  Unknown               Unknown  Unknown
libpthread-2.17.s  00002B4759C1A5E0  Unknown               Unknown  Unknown
libmpi.so.12.0     00002B4758BEC3AA  Unknown               Unknown  Unknown
libmpi.so.12.0     00002B4758BED0C5  Unknown               Unknown  Unknown
libmpi.so.12       00002B4758BF0C2D  MPI_Barrier           Unknown  Unknown
libmpifort.so.12.  00002B475878672C  pmpi_barrier          Unknown  Unknown
pw.x               0000000000F59F97  bcast_real_                60  mp_base.f90
pw.x               0000000000F39848  mp_mp_mp_bcast_cm         660  mp.f90
pw.x               0000000000872A00  pcegterg_IP_refre        1538  cegterg.f90
pw.x               000000000086E6C1  pcegterg_                1158  cegterg.f90
pw.x               0000000000687E53  diag_bands_IP_dia        1028  c_bands.f90
pw.x               000000000068663C  diag_bands_               322  c_bands.f90
pw.x               0000000000685075  c_bands_                  132  c_bands.f90
pw.x               000000000040DEAE  electrons_scf_            689  electrons.f90
pw.x               000000000040B14D  electrons_                192  electrons.f90
pw.x               00000000005888D2  run_pwscf_                189  run_pwscf.f90
pw.x               00000000004084B4  MAIN__                     85  pwscf.f90
pw.x               000000000040831E  Unknown               Unknown  Unknown
libc-2.17.so       00002B475A4EEC05  __libc_start_main     Unknown  Unknown
pw.x               0000000000408229  Unknown               Unknown  Unknown
forrtl: error (78): process killed (SIGTERM)
Image              PC                Routine            Line        Source             
pw.x               00000000010225FA  Unknown               Unknown  Unknown
libpthread-2.17.s  00002B7DD46175E0  Unknown               Unknown  Unknown
pw.x               0000000001022490  Unknown               Unknown  Unknown
libpthread-2.17.s  00002B7DD46175E0  Unknown               Unknown  Unknown
libmpi.so.12.0     00002B7DD35E93AA  Unknown               Unknown  Unknown
libmpi.so.12.0     00002B7DD35EA0C5  Unknown               Unknown  Unknown
libmpi.so.12       00002B7DD35EDC2D  MPI_Barrier           Unknown  Unknown
libmpifort.so.12.  00002B7DD318372C  pmpi_barrier          Unknown  Unknown
pw.x               0000000000F59F97  bcast_real_                60  mp_base.f90
pw.x               0000000000F39848  mp_mp_mp_bcast_cm         660  mp.f90
pw.x               0000000000872A00  pcegterg_IP_refre        1538  cegterg.f90
pw.x               000000000086E6C1  pcegterg_                1158  cegterg.f90
pw.x               0000000000687E53  diag_bands_IP_dia        1028  c_bands.f90
pw.x               000000000068663C  diag_bands_               322  c_bands.f90
pw.x               0000000000685075  c_bands_                  132  c_bands.f90
pw.x               000000000040DEAE  electrons_scf_            689  electrons.f90
pw.x               000000000040B14D  electrons_                192  electrons.f90
pw.x               00000000005888D2  run_pwscf_                189  run_pwscf.f90
pw.x               00000000004084B4  MAIN__                     85  pwscf.f90
pw.x               000000000040831E  Unknown               Unknown  Unknown
libc-2.17.so       00002B7DD4EEBC05  __libc_start_main     Unknown  Unknown
pw.x               0000000000408229  Unknown               Unknown  Unknown
forrtl: error (78): process killed (SIGTERM)
Image              PC                Routine            Line        Source             
pw.x               00000000010225FA  Unknown               Unknown  Unknown
libpthread-2.17.s  00002B7AFAF015E0  Unknown               Unknown  Unknown
pw.x               0000000001022490  Unknown               Unknown  Unknown
libpthread-2.17.s  00002B7AFAF015E0  Unknown               Unknown  Unknown
libmpi.so.12.0     00002B7AF9ED33AA  Unknown               Unknown  Unknown
libmpi.so.12.0     00002B7AF9ED40C5  Unknown               Unknown  Unknown
libmpi.so.12       00002B7AF9ED7C2D  MPI_Barrier           Unknown  Unknown
libmpifort.so.12.  00002B7AF9A6D72C  pmpi_barrier          Unknown  Unknown
pw.x               0000000000F59F97  bcast_real_                60  mp_base.f90
pw.x               0000000000F39848  mp_mp_mp_bcast_cm         660  mp.f90
pw.x               0000000000872A00  pcegterg_IP_refre        1538  cegterg.f90
pw.x               000000000086E6C1  pcegterg_                1158  cegterg.f90
pw.x               0000000000687E53  diag_bands_IP_dia        1028  c_bands.f90
pw.x               000000000068663C  diag_bands_               322  c_bands.f90
pw.x               0000000000685075  c_bands_                  132  c_bands.f90
pw.x               000000000040DEAE  electrons_scf_            689  electrons.f90
pw.x               000000000040B14D  electrons_                192  electrons.f90
pw.x               00000000005888D2  run_pwscf_                189  run_pwscf.f90
pw.x               00000000004084B4  MAIN__                     85  pwscf.f90
pw.x               000000000040831E  Unknown               Unknown  Unknown
libc-2.17.so       00002B7AFB7D5C05  __libc_start_main     Unknown  Unknown
pw.x               0000000000408229  Unknown               Unknown  Unknown
forrtl: error (78): process killed (SIGTERM)
Image              PC                Routine            Line        Source             
pw.x               00000000010225FA  Unknown               Unknown  Unknown
libpthread-2.17.s  00002B71D0BCF5E0  Unknown               Unknown  Unknown
pw.x               0000000001022490  Unknown               Unknown  Unknown
libpthread-2.17.s  00002B71D0BCF5E0  Unknown               Unknown  Unknown
libmpi.so.12.0     00002B71CFBA13AA  Unknown               Unknown  Unknown
libmpi.so.12.0     00002B71CFBA20C5  Unknown               Unknown  Unknown
libmpi.so.12       00002B71CFBA5C2D  MPI_Barrier           Unknown  Unknown
libmpifort.so.12.  00002B71CF73B72C  pmpi_barrier          Unknown  Unknown
pw.x               0000000000F59F97  bcast_real_                60  mp_base.f90
pw.x               0000000000F39848  mp_mp_mp_bcast_cm         660  mp.f90
pw.x               0000000000872A00  pcegterg_IP_refre        1538  cegterg.f90
pw.x               000000000086E6C1  pcegterg_                1158  cegterg.f90
pw.x               0000000000687E53  diag_bands_IP_dia        1028  c_bands.f90
pw.x               000000000068663C  diag_bands_               322  c_bands.f90
pw.x               0000000000685075  c_bands_                  132  c_bands.f90
pw.x               000000000040DEAE  electrons_scf_            689  electrons.f90
pw.x               000000000040B14D  electrons_                192  electrons.f90
pw.x               00000000005888D2  run_pwscf_                189  run_pwscf.f90
pw.x               00000000004084B4  MAIN__                     85  pwscf.f90
pw.x               000000000040831E  Unknown               Unknown  Unknown
libc-2.17.so       00002B71D14A3C05  __libc_start_main     Unknown  Unknown
pw.x               0000000000408229  Unknown               Unknown  Unknown
forrtl: error (78): process killed (SIGTERM)
Image              PC                Routine            Line        Source             
pw.x               00000000010225FA  Unknown               Unknown  Unknown
libpthread-2.17.s  00002B8EDFE735E0  Unknown               Unknown  Unknown
pw.x               0000000001022490  Unknown               Unknown  Unknown
libpthread-2.17.s  00002B8EDFE735E0  Unknown               Unknown  Unknown
libmpi.so.12.0     00002B8EDEE453AA  Unknown               Unknown  Unknown
libmpi.so.12.0     00002B8EDEE460C5  Unknown               Unknown  Unknown
libmpi.so.12       00002B8EDEE49C2D  MPI_Barrier           Unknown  Unknown
libmpifort.so.12.  00002B8EDE9DF72C  pmpi_barrier          Unknown  Unknown
pw.x               0000000000F59F97  bcast_real_                60  mp_base.f90
pw.x               0000000000F39848  mp_mp_mp_bcast_cm         660  mp.f90
pw.x               0000000000872A00  pcegterg_IP_refre        1538  cegterg.f90
pw.x               000000000086E6C1  pcegterg_                1158  cegterg.f90
pw.x               0000000000687E53  diag_bands_IP_dia        1028  c_bands.f90
pw.x               000000000068663C  diag_bands_               322  c_bands.f90
pw.x               0000000000685075  c_bands_                  132  c_bands.f90
pw.x               000000000040DEAE  electrons_scf_            689  electrons.f90
pw.x               000000000040B14D  electrons_                192  electrons.f90
pw.x               00000000005888D2  run_pwscf_                189  run_pwscf.f90
pw.x               00000000004084B4  MAIN__                     85  pwscf.f90
pw.x               000000000040831E  Unknown               Unknown  Unknown
libc-2.17.so       00002B8EE0747C05  __libc_start_main     Unknown  Unknown
pw.x               0000000000408229  Unknown               Unknown  Unknown
forrtl: error (78): process killed (SIGTERM)
Image              PC                Routine            Line        Source             
pw.x               00000000010225FA  Unknown               Unknown  Unknown
libpthread-2.17.s  00002B50DB8265E0  Unknown               Unknown  Unknown
pw.x               0000000001022490  Unknown               Unknown  Unknown
libpthread-2.17.s  00002B50DB8265E0  Unknown               Unknown  Unknown
libmpi.so.12.0     00002B50DA7F83AA  Unknown               Unknown  Unknown
libmpi.so.12.0     00002B50DA7F90C5  Unknown               Unknown  Unknown
libmpi.so.12       00002B50DA7FCC2D  MPI_Barrier           Unknown  Unknown
libmpifort.so.12.  00002B50DA39272C  pmpi_barrier          Unknown  Unknown
pw.x               0000000000F59F97  bcast_real_                60  mp_base.f90
pw.x               0000000000F39848  mp_mp_mp_bcast_cm         660  mp.f90
pw.x               0000000000872A00  pcegterg_IP_refre        1538  cegterg.f90
pw.x               000000000086E6C1  pcegterg_                1158  cegterg.f90
pw.x               0000000000687E53  diag_bands_IP_dia        1028  c_bands.f90
pw.x               000000000068663C  diag_bands_               322  c_bands.f90
pw.x               0000000000685075  c_bands_                  132  c_bands.f90
pw.x               000000000040DEAE  electrons_scf_            689  electrons.f90
pw.x               000000000040B14D  electrons_                192  electrons.f90
pw.x               00000000005888D2  run_pwscf_                189  run_pwscf.f90
pw.x               00000000004084B4  MAIN__                     85  pwscf.f90
pw.x               000000000040831E  Unknown               Unknown  Unknown
libc-2.17.so       00002B50DC0FAC05  __libc_start_main     Unknown  Unknown
pw.x               0000000000408229  Unknown               Unknown  Unknown
forrtl: error (78): process killed (SIGTERM)
Image              PC                Routine            Line        Source             
pw.x               00000000010225FA  Unknown               Unknown  Unknown
libpthread-2.17.s  00002B095408A5E0  Unknown               Unknown  Unknown
pw.x               0000000001022490  Unknown               Unknown  Unknown
libpthread-2.17.s  00002B095408A5E0  Unknown               Unknown  Unknown
libmpi.so.12.0     00002B095305C3AA  Unknown               Unknown  Unknown
libmpi.so.12.0     00002B095305D0C5  Unknown               Unknown  Unknown
libmpi.so.12       00002B0953060C2D  MPI_Barrier           Unknown  Unknown
libmpifort.so.12.  00002B0952BF672C  pmpi_barrier          Unknown  Unknown
pw.x               0000000000F59F97  bcast_real_                60  mp_base.f90
pw.x               0000000000F39848  mp_mp_mp_bcast_cm         660  mp.f90
pw.x               0000000000872A00  pcegterg_IP_refre        1538  cegterg.f90
pw.x               000000000086E6C1  pcegterg_                1158  cegterg.f90
pw.x               0000000000687E53  diag_bands_IP_dia        1028  c_bands.f90
pw.x               000000000068663C  diag_bands_               322  c_bands.f90
pw.x               0000000000685075  c_bands_                  132  c_bands.f90
pw.x               000000000040DEAE  electrons_scf_            689  electrons.f90
pw.x               000000000040B14D  electrons_                192  electrons.f90
pw.x               00000000005888D2  run_pwscf_                189  run_pwscf.f90
pw.x               00000000004084B4  MAIN__                     85  pwscf.f90
pw.x               000000000040831E  Unknown               Unknown  Unknown
libc-2.17.so       00002B095495EC05  __libc_start_main     Unknown  Unknown
pw.x               0000000000408229  Unknown               Unknown  Unknown
forrtl: error (78): process killed (SIGTERM)
Image              PC                Routine            Line        Source             
pw.x               00000000010225FA  Unknown               Unknown  Unknown
libpthread-2.17.s  00002B98E90DA5E0  Unknown               Unknown  Unknown
pw.x               0000000001022490  Unknown               Unknown  Unknown
libpthread-2.17.s  00002B98E90DA5E0  Unknown               Unknown  Unknown
libmpi.so.12.0     00002B98E80AC3AA  Unknown               Unknown  Unknown
libmpi.so.12.0     00002B98E80AD0C5  Unknown               Unknown  Unknown
libmpi.so.12       00002B98E80B0C2D  MPI_Barrier           Unknown  Unknown
libmpifort.so.12.  00002B98E7C4672C  pmpi_barrier          Unknown  Unknown
pw.x               0000000000F59F97  bcast_real_                60  mp_base.f90
pw.x               0000000000F39848  mp_mp_mp_bcast_cm         660  mp.f90
pw.x               0000000000872A00  pcegterg_IP_refre        1538  cegterg.f90
pw.x               000000000086E6C1  pcegterg_                1158  cegterg.f90
pw.x               0000000000687E53  diag_bands_IP_dia        1028  c_bands.f90
pw.x               000000000068663C  diag_bands_               322  c_bands.f90
pw.x               0000000000685075  c_bands_                  132  c_bands.f90
pw.x               000000000040DEAE  electrons_scf_            689  electrons.f90
pw.x               000000000040B14D  electrons_                192  electrons.f90
pw.x               00000000005888D2  run_pwscf_                189  run_pwscf.f90
pw.x               00000000004084B4  MAIN__                     85  pwscf.f90
pw.x               000000000040831E  Unknown               Unknown  Unknown
libc-2.17.so       00002B98E99AEC05  __libc_start_main     Unknown  Unknown
pw.x               0000000000408229  Unknown               Unknown  Unknown
forrtl: error (78): process killed (SIGTERM)
Image              PC                Routine            Line        Source             
pw.x               00000000010225FA  Unknown               Unknown  Unknown
libpthread-2.17.s  00002B23654B55E0  Unknown               Unknown  Unknown
pw.x               0000000001022490  Unknown               Unknown  Unknown
libpthread-2.17.s  00002B23654B55E0  Unknown               Unknown  Unknown
libmpi.so.12.0     00002B23644873AA  Unknown               Unknown  Unknown
libmpi.so.12.0     00002B23644880C5  Unknown               Unknown  Unknown
libmpi.so.12       00002B236448BC2D  MPI_Barrier           Unknown  Unknown
libmpifort.so.12.  00002B236402172C  pmpi_barrier          Unknown  Unknown
pw.x               0000000000F59F97  bcast_real_                60  mp_base.f90
pw.x               0000000000F39848  mp_mp_mp_bcast_cm         660  mp.f90
pw.x               0000000000872A00  pcegterg_IP_refre        1538  cegterg.f90
pw.x               000000000086E6C1  pcegterg_                1158  cegterg.f90
pw.x               0000000000687E53  diag_bands_IP_dia        1028  c_bands.f90
pw.x               000000000068663C  diag_bands_               322  c_bands.f90
pw.x               0000000000685075  c_bands_                  132  c_bands.f90
pw.x               000000000040DEAE  electrons_scf_            689  electrons.f90
pw.x               000000000040B14D  electrons_                192  electrons.f90
pw.x               00000000005888D2  run_pwscf_                189  run_pwscf.f90
pw.x               00000000004084B4  MAIN__                     85  pwscf.f90
pw.x               000000000040831E  Unknown               Unknown  Unknown
libc-2.17.so       00002B2365D89C05  __libc_start_main     Unknown  Unknown
pw.x               0000000000408229  Unknown               Unknown  Unknown
forrtl: error (78): process killed (SIGTERM)
Image              PC                Routine            Line        Source             
pw.x               00000000010225FA  Unknown               Unknown  Unknown
libpthread-2.17.s  00002AD72B0DF5E0  Unknown               Unknown  Unknown
pw.x               0000000001022490  Unknown               Unknown  Unknown
libpthread-2.17.s  00002AD72B0DF5E0  Unknown               Unknown  Unknown
libmpi.so.12.0     00002AD72A0B13AA  Unknown               Unknown  Unknown
libmpi.so.12.0     00002AD72A0B20C5  Unknown               Unknown  Unknown
libmpi.so.12       00002AD72A0B5C2D  MPI_Barrier           Unknown  Unknown
libmpifort.so.12.  00002AD729C4B72C  pmpi_barrier          Unknown  Unknown
pw.x               0000000000F59F97  bcast_real_                60  mp_base.f90
pw.x               0000000000F39848  mp_mp_mp_bcast_cm         660  mp.f90
pw.x               0000000000872A00  pcegterg_IP_refre        1538  cegterg.f90
pw.x               000000000086E6C1  pcegterg_                1158  cegterg.f90
pw.x               0000000000687E53  diag_bands_IP_dia        1028  c_bands.f90
pw.x               000000000068663C  diag_bands_               322  c_bands.f90
pw.x               0000000000685075  c_bands_                  132  c_bands.f90
pw.x               000000000040DEAE  electrons_scf_            689  electrons.f90
pw.x               000000000040B14D  electrons_                192  electrons.f90
pw.x               00000000005888D2  run_pwscf_                189  run_pwscf.f90
pw.x               00000000004084B4  MAIN__                     85  pwscf.f90
pw.x               000000000040831E  Unknown               Unknown  Unknown
libc-2.17.so       00002AD72B9B3C05  __libc_start_main     Unknown  Unknown
pw.x               0000000000408229  Unknown               Unknown  Unknown
forrtl: error (78): process killed (SIGTERM)
Image              PC                Routine            Line        Source             
pw.x               00000000010225FA  Unknown               Unknown  Unknown
libpthread-2.17.s  00002AC3F0F305E0  Unknown               Unknown  Unknown
pw.x               0000000001022490  Unknown               Unknown  Unknown
libpthread-2.17.s  00002AC3F0F305E0  Unknown               Unknown  Unknown
libmpi.so.12.0     00002AC3EFF023AA  Unknown               Unknown  Unknown
libmpi.so.12.0     00002AC3EFF030C5  Unknown               Unknown  Unknown
libmpi.so.12       00002AC3EFF06C2D  MPI_Barrier           Unknown  Unknown
libmpifort.so.12.  00002AC3EFA9C72C  pmpi_barrier          Unknown  Unknown
pw.x               0000000000F59F97  bcast_real_                60  mp_base.f90
pw.x               0000000000F39848  mp_mp_mp_bcast_cm         660  mp.f90
pw.x               0000000000872A00  pcegterg_IP_refre        1538  cegterg.f90
pw.x               000000000086E6C1  pcegterg_                1158  cegterg.f90
pw.x               0000000000687E53  diag_bands_IP_dia        1028  c_bands.f90
pw.x               000000000068663C  diag_bands_               322  c_bands.f90
pw.x               0000000000685075  c_bands_                  132  c_bands.f90
pw.x               000000000040DEAE  electrons_scf_            689  electrons.f90
pw.x               000000000040B14D  electrons_                192  electrons.f90
pw.x               00000000005888D2  run_pwscf_                189  run_pwscf.f90
pw.x               00000000004084B4  MAIN__                     85  pwscf.f90
pw.x               000000000040831E  Unknown               Unknown  Unknown
libc-2.17.so       00002AC3F1804C05  __libc_start_main     Unknown  Unknown
pw.x               0000000000408229  Unknown               Unknown  Unknown
