forrtl: error (78): process killed (SIGTERM)
Image              PC                Routine            Line        Source             
pw.x               00000000010225FA  Unknown               Unknown  Unknown
libpthread-2.17.s  00002B1D116DE5E0  Unknown               Unknown  Unknown
libmpi.so.12       00002B1D106E8EB8  PMPIDI_CH3I_Progr     Unknown  Unknown
libmpi.so.12.0     00002B1D1088C243  Unknown               Unknown  Unknown
libmpi.so.12.0     00002B1D1069BF46  Unknown               Unknown  Unknown
libmpi.so.12       00002B1D1069E0BF  MPI_Alltoall          Unknown  Unknown
libmpifort.so.12.  00002B1D1024942E  mpi_alltoall__        Unknown  Unknown
pw.x               0000000000E3EB5D  fft_scatter_2d_mp         226  fft_scatter_2d.f90
pw.x               0000000000E55C59  fft_parallel_2d_m         193  fft_parallel_2d.f90
pw.x               0000000000E40DE8  fwfft_y_                  194  fft_fwinv.f90
pw.x               0000000000A30160  fft_wave_mp_wave_          66  fft_wave.f90
pw.x               000000000082C007  vloc_psi_k_               273  vloc_psi.f90
pw.x               00000000007AC2F1  h_psi__                   221  h_psi.f90
pw.x               00000000007ABD66  h_psi_                     71  h_psi.f90
pw.x               000000000086DDE3  pcegterg_                1021  cegterg.f90
pw.x               0000000000687E53  diag_bands_IP_dia        1028  c_bands.f90
pw.x               000000000068663C  diag_bands_               322  c_bands.f90
pw.x               0000000000685075  c_bands_                  132  c_bands.f90
pw.x               000000000040DEAE  electrons_scf_            689  electrons.f90
pw.x               000000000040B14D  electrons_                192  electrons.f90
pw.x               00000000005888D2  run_pwscf_                189  run_pwscf.f90
pw.x               00000000004084B4  MAIN__                     85  pwscf.f90
pw.x               000000000040831E  Unknown               Unknown  Unknown
libc-2.17.so       00002B1D11FB2C05  __libc_start_main     Unknown  Unknown
pw.x               0000000000408229  Unknown               Unknown  Unknown
forrtl: error (78): process killed (SIGTERM)
Image              PC                Routine            Line        Source             
pw.x               00000000010225FA  Unknown               Unknown  Unknown
libpthread-2.17.s  00002AAB0E1DC5E0  Unknown               Unknown  Unknown
libmpi.so.12       00002AAB0D1E6EB8  PMPIDI_CH3I_Progr     Unknown  Unknown
libmpi.so.12.0     00002AAB0D38A243  Unknown               Unknown  Unknown
libmpi.so.12.0     00002AAB0D199F46  Unknown               Unknown  Unknown
libmpi.so.12       00002AAB0D19C0BF  MPI_Alltoall          Unknown  Unknown
libmpifort.so.12.  00002AAB0CD4742E  mpi_alltoall__        Unknown  Unknown
pw.x               0000000000E3EB5D  fft_scatter_2d_mp         226  fft_scatter_2d.f90
pw.x               0000000000E55C59  fft_parallel_2d_m         193  fft_parallel_2d.f90
pw.x               0000000000E40DE8  fwfft_y_                  194  fft_fwinv.f90
pw.x               0000000000A30160  fft_wave_mp_wave_          66  fft_wave.f90
pw.x               000000000082C007  vloc_psi_k_               273  vloc_psi.f90
pw.x               00000000007AC2F1  h_psi__                   221  h_psi.f90
pw.x               00000000007ABD66  h_psi_                     71  h_psi.f90
pw.x               000000000086DDE3  pcegterg_                1021  cegterg.f90
pw.x               0000000000687E53  diag_bands_IP_dia        1028  c_bands.f90
pw.x               000000000068663C  diag_bands_               322  c_bands.f90
pw.x               0000000000685075  c_bands_                  132  c_bands.f90
pw.x               000000000040DEAE  electrons_scf_            689  electrons.f90
pw.x               000000000040B14D  electrons_                192  electrons.f90
pw.x               00000000005888D2  run_pwscf_                189  run_pwscf.f90
pw.x               00000000004084B4  MAIN__                     85  pwscf.f90
pw.x               000000000040831E  Unknown               Unknown  Unknown
libc-2.17.so       00002AAB0EAB0C05  __libc_start_main     Unknown  Unknown
pw.x               0000000000408229  Unknown               Unknown  Unknown
forrtl: error (78): process killed (SIGTERM)
Image              PC                Routine            Line        Source             
pw.x               00000000010225FA  Unknown               Unknown  Unknown
libpthread-2.17.s  00002B805E2825E0  Unknown               Unknown  Unknown
libmpi.so.12       00002B805D28CEB8  PMPIDI_CH3I_Progr     Unknown  Unknown
libmpi.so.12.0     00002B805D430243  Unknown               Unknown  Unknown
libmpi.so.12.0     00002B805D23FF46  Unknown               Unknown  Unknown
libmpi.so.12       00002B805D2420BF  MPI_Alltoall          Unknown  Unknown
libmpifort.so.12.  00002B805CDED42E  mpi_alltoall__        Unknown  Unknown
pw.x               0000000000E3EB5D  fft_scatter_2d_mp         226  fft_scatter_2d.f90
pw.x               0000000000E55C59  fft_parallel_2d_m         193  fft_parallel_2d.f90
pw.x               0000000000E40DE8  fwfft_y_                  194  fft_fwinv.f90
pw.x               0000000000A30160  fft_wave_mp_wave_          66  fft_wave.f90
pw.x               000000000082C007  vloc_psi_k_               273  vloc_psi.f90
pw.x               00000000007AC2F1  h_psi__                   221  h_psi.f90
pw.x               00000000007ABD66  h_psi_                     71  h_psi.f90
pw.x               000000000086DDE3  pcegterg_                1021  cegterg.f90
pw.x               0000000000687E53  diag_bands_IP_dia        1028  c_bands.f90
pw.x               000000000068663C  diag_bands_               322  c_bands.f90
pw.x               0000000000685075  c_bands_                  132  c_bands.f90
pw.x               000000000040DEAE  electrons_scf_            689  electrons.f90
pw.x               000000000040B14D  electrons_                192  electrons.f90
pw.x               00000000005888D2  run_pwscf_                189  run_pwscf.f90
pw.x               00000000004084B4  MAIN__                     85  pwscf.f90
pw.x               000000000040831E  Unknown               Unknown  Unknown
libc-2.17.so       00002B805EB56C05  __libc_start_main     Unknown  Unknown
pw.x               0000000000408229  Unknown               Unknown  Unknown
forrtl: error (78): process killed (SIGTERM)
Image              PC                Routine            Line        Source             
pw.x               00000000010225FA  Unknown               Unknown  Unknown
libpthread-2.17.s  00002B272BCED5E0  Unknown               Unknown  Unknown
libmpi.so.12       00002B272ACF7EB8  PMPIDI_CH3I_Progr     Unknown  Unknown
libmpi.so.12.0     00002B272AE9B243  Unknown               Unknown  Unknown
libmpi.so.12.0     00002B272ACAAF46  Unknown               Unknown  Unknown
libmpi.so.12       00002B272ACAD0BF  MPI_Alltoall          Unknown  Unknown
libmpifort.so.12.  00002B272A85842E  mpi_alltoall__        Unknown  Unknown
pw.x               0000000000E3EB5D  fft_scatter_2d_mp         226  fft_scatter_2d.f90
pw.x               0000000000E55C59  fft_parallel_2d_m         193  fft_parallel_2d.f90
pw.x               0000000000E40DE8  fwfft_y_                  194  fft_fwinv.f90
pw.x               0000000000A30160  fft_wave_mp_wave_          66  fft_wave.f90
pw.x               000000000082C007  vloc_psi_k_               273  vloc_psi.f90
pw.x               00000000007AC2F1  h_psi__                   221  h_psi.f90
pw.x               00000000007ABD66  h_psi_                     71  h_psi.f90
pw.x               000000000086DDE3  pcegterg_                1021  cegterg.f90
pw.x               0000000000687E53  diag_bands_IP_dia        1028  c_bands.f90
pw.x               000000000068663C  diag_bands_               322  c_bands.f90
pw.x               0000000000685075  c_bands_                  132  c_bands.f90
pw.x               000000000040DEAE  electrons_scf_            689  electrons.f90
pw.x               000000000040B14D  electrons_                192  electrons.f90
pw.x               00000000005888D2  run_pwscf_                189  run_pwscf.f90
pw.x               00000000004084B4  MAIN__                     85  pwscf.f90
pw.x               000000000040831E  Unknown               Unknown  Unknown
libc-2.17.so       00002B272C5C1C05  __libc_start_main     Unknown  Unknown
pw.x               0000000000408229  Unknown               Unknown  Unknown
forrtl: error (78): process killed (SIGTERM)
Image              PC                Routine            Line        Source             
pw.x               00000000010225FA  Unknown               Unknown  Unknown
libpthread-2.17.s  00002AD708B165E0  Unknown               Unknown  Unknown
libmpi.so.12       00002AD707B20EBF  PMPIDI_CH3I_Progr     Unknown  Unknown
libmpi.so.12.0     00002AD707CC4243  Unknown               Unknown  Unknown
libmpi.so.12.0     00002AD707AD3F46  Unknown               Unknown  Unknown
libmpi.so.12       00002AD707AD60BF  MPI_Alltoall          Unknown  Unknown
libmpifort.so.12.  00002AD70768142E  mpi_alltoall__        Unknown  Unknown
pw.x               0000000000E3EB5D  fft_scatter_2d_mp         226  fft_scatter_2d.f90
pw.x               0000000000E55C59  fft_parallel_2d_m         193  fft_parallel_2d.f90
pw.x               0000000000E40DE8  fwfft_y_                  194  fft_fwinv.f90
pw.x               0000000000A30160  fft_wave_mp_wave_          66  fft_wave.f90
pw.x               000000000082C007  vloc_psi_k_               273  vloc_psi.f90
pw.x               00000000007AC2F1  h_psi__                   221  h_psi.f90
pw.x               00000000007ABD66  h_psi_                     71  h_psi.f90
pw.x               000000000086DDE3  pcegterg_                1021  cegterg.f90
pw.x               0000000000687E53  diag_bands_IP_dia        1028  c_bands.f90
pw.x               000000000068663C  diag_bands_               322  c_bands.f90
pw.x               0000000000685075  c_bands_                  132  c_bands.f90
pw.x               000000000040DEAE  electrons_scf_            689  electrons.f90
pw.x               000000000040B14D  electrons_                192  electrons.f90
pw.x               00000000005888D2  run_pwscf_                189  run_pwscf.f90
pw.x               00000000004084B4  MAIN__                     85  pwscf.f90
pw.x               000000000040831E  Unknown               Unknown  Unknown
libc-2.17.so       00002AD7093EAC05  __libc_start_main     Unknown  Unknown
pw.x               0000000000408229  Unknown               Unknown  Unknown
forrtl: error (78): process killed (SIGTERM)
Image              PC                Routine            Line        Source             
pw.x               00000000010225FA  Unknown               Unknown  Unknown
libpthread-2.17.s  00002AC02869D5E0  Unknown               Unknown  Unknown
libmpi.so.12       00002AC0276A7EB8  PMPIDI_CH3I_Progr     Unknown  Unknown
libmpi.so.12.0     00002AC02784B243  Unknown               Unknown  Unknown
libmpi.so.12.0     00002AC02765AF46  Unknown               Unknown  Unknown
libmpi.so.12       00002AC02765D0BF  MPI_Alltoall          Unknown  Unknown
libmpifort.so.12.  00002AC02720842E  mpi_alltoall__        Unknown  Unknown
pw.x               0000000000E3EB5D  fft_scatter_2d_mp         226  fft_scatter_2d.f90
pw.x               0000000000E55C59  fft_parallel_2d_m         193  fft_parallel_2d.f90
pw.x               0000000000E40DE8  fwfft_y_                  194  fft_fwinv.f90
pw.x               0000000000A30160  fft_wave_mp_wave_          66  fft_wave.f90
pw.x               000000000082C007  vloc_psi_k_               273  vloc_psi.f90
pw.x               00000000007AC2F1  h_psi__                   221  h_psi.f90
pw.x               00000000007ABD66  h_psi_                     71  h_psi.f90
pw.x               000000000086DDE3  pcegterg_                1021  cegterg.f90
pw.x               0000000000687E53  diag_bands_IP_dia        1028  c_bands.f90
pw.x               000000000068663C  diag_bands_               322  c_bands.f90
pw.x               0000000000685075  c_bands_                  132  c_bands.f90
pw.x               000000000040DEAE  electrons_scf_            689  electrons.f90
pw.x               000000000040B14D  electrons_                192  electrons.f90
pw.x               00000000005888D2  run_pwscf_                189  run_pwscf.f90
pw.x               00000000004084B4  MAIN__                     85  pwscf.f90
pw.x               000000000040831E  Unknown               Unknown  Unknown
libc-2.17.so       00002AC028F71C05  __libc_start_main     Unknown  Unknown
pw.x               0000000000408229  Unknown               Unknown  Unknown
forrtl: error (78): process killed (SIGTERM)
Image              PC                Routine            Line        Source             
pw.x               00000000010225FA  Unknown               Unknown  Unknown
libpthread-2.17.s  00002AF64CD475E0  Unknown               Unknown  Unknown
libmkl_avx512.so   00002AF6679D1F38  mkl_dft_avx512_ga     Unknown  Unknown
libmkl_avx512.so   00002AF667BC8257  mkl_dft_avx512_xz     Unknown  Unknown
libmkl_avx512.so   00002AF667BC72CC  mkl_dft_avx512_xz     Unknown  Unknown
libmkl_avx512.so   00002AF667C74DA1  mkl_dft_avx512_xz     Unknown  Unknown
libmkl_avx512.so   00002AF6679C24FA  mkl_dft_avx512_co     Unknown  Unknown
pw.x               0000000000E42D8C  fft_scalar_dfti_m         304  fft_scalar.DFTI.f90
pw.x               0000000000E55AC1  fft_parallel_2d_m         131  fft_parallel_2d.f90
pw.x               0000000000E40DE8  fwfft_y_                  194  fft_fwinv.f90
pw.x               0000000000A30160  fft_wave_mp_wave_          66  fft_wave.f90
pw.x               000000000082C007  vloc_psi_k_               273  vloc_psi.f90
pw.x               00000000007AC2F1  h_psi__                   221  h_psi.f90
pw.x               00000000007ABD66  h_psi_                     71  h_psi.f90
pw.x               000000000086DDE3  pcegterg_                1021  cegterg.f90
pw.x               0000000000687E53  diag_bands_IP_dia        1028  c_bands.f90
pw.x               000000000068663C  diag_bands_               322  c_bands.f90
pw.x               0000000000685075  c_bands_                  132  c_bands.f90
pw.x               000000000040DEAE  electrons_scf_            689  electrons.f90
pw.x               000000000040B14D  electrons_                192  electrons.f90
pw.x               00000000005888D2  run_pwscf_                189  run_pwscf.f90
pw.x               00000000004084B4  MAIN__                     85  pwscf.f90
pw.x               000000000040831E  Unknown               Unknown  Unknown
libc-2.17.so       00002AF64D61BC05  __libc_start_main     Unknown  Unknown
pw.x               0000000000408229  Unknown               Unknown  Unknown
forrtl: error (78): process killed (SIGTERM)
Image              PC                Routine            Line        Source             
pw.x               00000000010225FA  Unknown               Unknown  Unknown
libpthread-2.17.s  00002B04931655E0  Unknown               Unknown  Unknown
libmpi.so.12       00002B049216FEB8  PMPIDI_CH3I_Progr     Unknown  Unknown
libmpi.so.12.0     00002B0492313243  Unknown               Unknown  Unknown
libmpi.so.12.0     00002B0492122F46  Unknown               Unknown  Unknown
libmpi.so.12       00002B04921250BF  MPI_Alltoall          Unknown  Unknown
libmpifort.so.12.  00002B0491CD042E  mpi_alltoall__        Unknown  Unknown
pw.x               0000000000E3EB5D  fft_scatter_2d_mp         226  fft_scatter_2d.f90
pw.x               0000000000E55C59  fft_parallel_2d_m         193  fft_parallel_2d.f90
pw.x               0000000000E40DE8  fwfft_y_                  194  fft_fwinv.f90
pw.x               0000000000A30160  fft_wave_mp_wave_          66  fft_wave.f90
pw.x               000000000082C007  vloc_psi_k_               273  vloc_psi.f90
pw.x               00000000007AC2F1  h_psi__                   221  h_psi.f90
pw.x               00000000007ABD66  h_psi_                     71  h_psi.f90
pw.x               000000000086DDE3  pcegterg_                1021  cegterg.f90
pw.x               0000000000687E53  diag_bands_IP_dia        1028  c_bands.f90
pw.x               000000000068663C  diag_bands_               322  c_bands.f90
pw.x               0000000000685075  c_bands_                  132  c_bands.f90
pw.x               000000000040DEAE  electrons_scf_            689  electrons.f90
pw.x               000000000040B14D  electrons_                192  electrons.f90
pw.x               00000000005888D2  run_pwscf_                189  run_pwscf.f90
pw.x               00000000004084B4  MAIN__                     85  pwscf.f90
pw.x               000000000040831E  Unknown               Unknown  Unknown
libc-2.17.so       00002B0493A39C05  __libc_start_main     Unknown  Unknown
pw.x               0000000000408229  Unknown               Unknown  Unknown
forrtl: error (78): process killed (SIGTERM)
Image              PC                Routine            Line        Source             
pw.x               00000000010225FA  Unknown               Unknown  Unknown
libpthread-2.17.s  00002B20742A75E0  Unknown               Unknown  Unknown
libmpi.so.12       00002B20732B1EB8  PMPIDI_CH3I_Progr     Unknown  Unknown
libmpi.so.12.0     00002B2073455243  Unknown               Unknown  Unknown
libmpi.so.12.0     00002B2073264F46  Unknown               Unknown  Unknown
libmpi.so.12       00002B20732670BF  MPI_Alltoall          Unknown  Unknown
libmpifort.so.12.  00002B2072E1242E  mpi_alltoall__        Unknown  Unknown
pw.x               0000000000E3EB5D  fft_scatter_2d_mp         226  fft_scatter_2d.f90
pw.x               0000000000E55C59  fft_parallel_2d_m         193  fft_parallel_2d.f90
pw.x               0000000000E40DE8  fwfft_y_                  194  fft_fwinv.f90
pw.x               0000000000A30160  fft_wave_mp_wave_          66  fft_wave.f90
pw.x               000000000082C007  vloc_psi_k_               273  vloc_psi.f90
pw.x               00000000007AC2F1  h_psi__                   221  h_psi.f90
pw.x               00000000007ABD66  h_psi_                     71  h_psi.f90
pw.x               000000000086DDE3  pcegterg_                1021  cegterg.f90
pw.x               0000000000687E53  diag_bands_IP_dia        1028  c_bands.f90
pw.x               000000000068663C  diag_bands_               322  c_bands.f90
pw.x               0000000000685075  c_bands_                  132  c_bands.f90
pw.x               000000000040DEAE  electrons_scf_            689  electrons.f90
pw.x               000000000040B14D  electrons_                192  electrons.f90
pw.x               00000000005888D2  run_pwscf_                189  run_pwscf.f90
pw.x               00000000004084B4  MAIN__                     85  pwscf.f90
pw.x               000000000040831E  Unknown               Unknown  Unknown
libc-2.17.so       00002B2074B7BC05  __libc_start_main     Unknown  Unknown
pw.x               0000000000408229  Unknown               Unknown  Unknown
forrtl: error (78): process killed (SIGTERM)
Image              PC                Routine            Line        Source             
pw.x               00000000010225FA  Unknown               Unknown  Unknown
libpthread-2.17.s  00002B99F4DA55E0  Unknown               Unknown  Unknown
libmpi.so.12       00002B99F3DAFEB8  PMPIDI_CH3I_Progr     Unknown  Unknown
libmpi.so.12.0     00002B99F3F53243  Unknown               Unknown  Unknown
libmpi.so.12.0     00002B99F3D62F46  Unknown               Unknown  Unknown
libmpi.so.12       00002B99F3D650BF  MPI_Alltoall          Unknown  Unknown
libmpifort.so.12.  00002B99F391042E  mpi_alltoall__        Unknown  Unknown
pw.x               0000000000E3EB5D  fft_scatter_2d_mp         226  fft_scatter_2d.f90
pw.x               0000000000E55C59  fft_parallel_2d_m         193  fft_parallel_2d.f90
pw.x               0000000000E40DE8  fwfft_y_                  194  fft_fwinv.f90
pw.x               0000000000A30160  fft_wave_mp_wave_          66  fft_wave.f90
pw.x               000000000082C007  vloc_psi_k_               273  vloc_psi.f90
pw.x               00000000007AC2F1  h_psi__                   221  h_psi.f90
pw.x               00000000007ABD66  h_psi_                     71  h_psi.f90
pw.x               000000000086DDE3  pcegterg_                1021  cegterg.f90
pw.x               0000000000687E53  diag_bands_IP_dia        1028  c_bands.f90
pw.x               000000000068663C  diag_bands_               322  c_bands.f90
pw.x               0000000000685075  c_bands_                  132  c_bands.f90
pw.x               000000000040DEAE  electrons_scf_            689  electrons.f90
pw.x               000000000040B14D  electrons_                192  electrons.f90
pw.x               00000000005888D2  run_pwscf_                189  run_pwscf.f90
pw.x               00000000004084B4  MAIN__                     85  pwscf.f90
pw.x               000000000040831E  Unknown               Unknown  Unknown
libc-2.17.so       00002B99F5679C05  __libc_start_main     Unknown  Unknown
pw.x               0000000000408229  Unknown               Unknown  Unknown
forrtl: error (78): process killed (SIGTERM)
Image              PC                Routine            Line        Source             
pw.x               00000000010225FA  Unknown               Unknown  Unknown
libpthread-2.17.s  00002B550A1DA5E0  Unknown               Unknown  Unknown
libmpi.so.12       00002B55091E4EBF  PMPIDI_CH3I_Progr     Unknown  Unknown
libmpi.so.12.0     00002B5509388243  Unknown               Unknown  Unknown
libmpi.so.12.0     00002B5509197F46  Unknown               Unknown  Unknown
libmpi.so.12       00002B550919A0BF  MPI_Alltoall          Unknown  Unknown
libmpifort.so.12.  00002B5508D4542E  mpi_alltoall__        Unknown  Unknown
pw.x               0000000000E3EB5D  fft_scatter_2d_mp         226  fft_scatter_2d.f90
pw.x               0000000000E55C59  fft_parallel_2d_m         193  fft_parallel_2d.f90
pw.x               0000000000E40DE8  fwfft_y_                  194  fft_fwinv.f90
pw.x               0000000000A30160  fft_wave_mp_wave_          66  fft_wave.f90
pw.x               000000000082C007  vloc_psi_k_               273  vloc_psi.f90
pw.x               00000000007AC2F1  h_psi__                   221  h_psi.f90
pw.x               00000000007ABD66  h_psi_                     71  h_psi.f90
pw.x               000000000086DDE3  pcegterg_                1021  cegterg.f90
pw.x               0000000000687E53  diag_bands_IP_dia        1028  c_bands.f90
pw.x               000000000068663C  diag_bands_               322  c_bands.f90
pw.x               0000000000685075  c_bands_                  132  c_bands.f90
pw.x               000000000040DEAE  electrons_scf_            689  electrons.f90
pw.x               000000000040B14D  electrons_                192  electrons.f90
pw.x               00000000005888D2  run_pwscf_                189  run_pwscf.f90
pw.x               00000000004084B4  MAIN__                     85  pwscf.f90
pw.x               000000000040831E  Unknown               Unknown  Unknown
libc-2.17.so       00002B550AAAEC05  __libc_start_main     Unknown  Unknown
pw.x               0000000000408229  Unknown               Unknown  Unknown
forrtl: error (78): process killed (SIGTERM)
Image              PC                Routine            Line        Source             
pw.x               00000000010225FA  Unknown               Unknown  Unknown
libpthread-2.17.s  00002B7157D385E0  Unknown               Unknown  Unknown
libmpi.so.12       00002B7156D42EB8  PMPIDI_CH3I_Progr     Unknown  Unknown
libmpi.so.12.0     00002B7156EE6243  Unknown               Unknown  Unknown
libmpi.so.12.0     00002B7156CF5F46  Unknown               Unknown  Unknown
libmpi.so.12       00002B7156CF80BF  MPI_Alltoall          Unknown  Unknown
libmpifort.so.12.  00002B71568A342E  mpi_alltoall__        Unknown  Unknown
pw.x               0000000000E3EB5D  fft_scatter_2d_mp         226  fft_scatter_2d.f90
pw.x               0000000000E55C59  fft_parallel_2d_m         193  fft_parallel_2d.f90
pw.x               0000000000E40DE8  fwfft_y_                  194  fft_fwinv.f90
pw.x               0000000000A30160  fft_wave_mp_wave_          66  fft_wave.f90
pw.x               000000000082C007  vloc_psi_k_               273  vloc_psi.f90
pw.x               00000000007AC2F1  h_psi__                   221  h_psi.f90
pw.x               00000000007ABD66  h_psi_                     71  h_psi.f90
pw.x               000000000086DDE3  pcegterg_                1021  cegterg.f90
pw.x               0000000000687E53  diag_bands_IP_dia        1028  c_bands.f90
pw.x               000000000068663C  diag_bands_               322  c_bands.f90
pw.x               0000000000685075  c_bands_                  132  c_bands.f90
pw.x               000000000040DEAE  electrons_scf_            689  electrons.f90
pw.x               000000000040B14D  electrons_                192  electrons.f90
pw.x               00000000005888D2  run_pwscf_                189  run_pwscf.f90
pw.x               00000000004084B4  MAIN__                     85  pwscf.f90
pw.x               000000000040831E  Unknown               Unknown  Unknown
libc-2.17.so       00002B715860CC05  __libc_start_main     Unknown  Unknown
pw.x               0000000000408229  Unknown               Unknown  Unknown
forrtl: error (78): process killed (SIGTERM)
Image              PC                Routine            Line        Source             
pw.x               00000000010225FA  Unknown               Unknown  Unknown
libpthread-2.17.s  00002AEC334045E0  Unknown               Unknown  Unknown
libmpi.so.12       00002AEC3240FBB1  PMPIDI_CH3I_Progr     Unknown  Unknown
libmpi.so.12.0     00002AEC325B2243  Unknown               Unknown  Unknown
libmpi.so.12.0     00002AEC323C1F46  Unknown               Unknown  Unknown
libmpi.so.12       00002AEC323C40BF  MPI_Alltoall          Unknown  Unknown
libmpifort.so.12.  00002AEC31F6F42E  mpi_alltoall__        Unknown  Unknown
pw.x               0000000000E3EB5D  fft_scatter_2d_mp         226  fft_scatter_2d.f90
pw.x               0000000000E55C59  fft_parallel_2d_m         193  fft_parallel_2d.f90
pw.x               0000000000E40DE8  fwfft_y_                  194  fft_fwinv.f90
pw.x               0000000000A30160  fft_wave_mp_wave_          66  fft_wave.f90
pw.x               000000000082C007  vloc_psi_k_               273  vloc_psi.f90
pw.x               00000000007AC2F1  h_psi__                   221  h_psi.f90
pw.x               00000000007ABD66  h_psi_                     71  h_psi.f90
pw.x               000000000086DDE3  pcegterg_                1021  cegterg.f90
pw.x               0000000000687E53  diag_bands_IP_dia        1028  c_bands.f90
pw.x               000000000068663C  diag_bands_               322  c_bands.f90
pw.x               0000000000685075  c_bands_                  132  c_bands.f90
pw.x               000000000040DEAE  electrons_scf_            689  electrons.f90
pw.x               000000000040B14D  electrons_                192  electrons.f90
pw.x               00000000005888D2  run_pwscf_                189  run_pwscf.f90
pw.x               00000000004084B4  MAIN__                     85  pwscf.f90
pw.x               000000000040831E  Unknown               Unknown  Unknown
libc-2.17.so       00002AEC33CD8C05  __libc_start_main     Unknown  Unknown
pw.x               0000000000408229  Unknown               Unknown  Unknown
forrtl: error (78): process killed (SIGTERM)
Image              PC                Routine            Line        Source             
pw.x               00000000010225FA  Unknown               Unknown  Unknown
libpthread-2.17.s  00002B1FA6C435E0  Unknown               Unknown  Unknown
libmpi.so.12       00002B1FA5C4DEB8  PMPIDI_CH3I_Progr     Unknown  Unknown
libmpi.so.12.0     00002B1FA5DF1243  Unknown               Unknown  Unknown
libmpi.so.12.0     00002B1FA5C00F46  Unknown               Unknown  Unknown
libmpi.so.12       00002B1FA5C030BF  MPI_Alltoall          Unknown  Unknown
libmpifort.so.12.  00002B1FA57AE42E  mpi_alltoall__        Unknown  Unknown
pw.x               0000000000E3EB5D  fft_scatter_2d_mp         226  fft_scatter_2d.f90
pw.x               0000000000E55C59  fft_parallel_2d_m         193  fft_parallel_2d.f90
pw.x               0000000000E40DE8  fwfft_y_                  194  fft_fwinv.f90
pw.x               0000000000A30160  fft_wave_mp_wave_          66  fft_wave.f90
pw.x               000000000082C007  vloc_psi_k_               273  vloc_psi.f90
pw.x               00000000007AC2F1  h_psi__                   221  h_psi.f90
pw.x               00000000007ABD66  h_psi_                     71  h_psi.f90
pw.x               000000000086DDE3  pcegterg_                1021  cegterg.f90
pw.x               0000000000687E53  diag_bands_IP_dia        1028  c_bands.f90
pw.x               000000000068663C  diag_bands_               322  c_bands.f90
pw.x               0000000000685075  c_bands_                  132  c_bands.f90
pw.x               000000000040DEAE  electrons_scf_            689  electrons.f90
pw.x               000000000040B14D  electrons_                192  electrons.f90
pw.x               00000000005888D2  run_pwscf_                189  run_pwscf.f90
pw.x               00000000004084B4  MAIN__                     85  pwscf.f90
pw.x               000000000040831E  Unknown               Unknown  Unknown
libc-2.17.so       00002B1FA7517C05  __libc_start_main     Unknown  Unknown
pw.x               0000000000408229  Unknown               Unknown  Unknown
forrtl: error (78): process killed (SIGTERM)
Image              PC                Routine            Line        Source             
pw.x               00000000010225FA  Unknown               Unknown  Unknown
libpthread-2.17.s  00002ACD6742A5E0  Unknown               Unknown  Unknown
libmpi.so.12       00002ACD66434EB8  PMPIDI_CH3I_Progr     Unknown  Unknown
libmpi.so.12.0     00002ACD665D8243  Unknown               Unknown  Unknown
libmpi.so.12.0     00002ACD663E7F46  Unknown               Unknown  Unknown
libmpi.so.12       00002ACD663EA0BF  MPI_Alltoall          Unknown  Unknown
libmpifort.so.12.  00002ACD65F9542E  mpi_alltoall__        Unknown  Unknown
pw.x               0000000000E3EB5D  fft_scatter_2d_mp         226  fft_scatter_2d.f90
pw.x               0000000000E55C59  fft_parallel_2d_m         193  fft_parallel_2d.f90
pw.x               0000000000E40DE8  fwfft_y_                  194  fft_fwinv.f90
pw.x               0000000000A30160  fft_wave_mp_wave_          66  fft_wave.f90
pw.x               000000000082C007  vloc_psi_k_               273  vloc_psi.f90
pw.x               00000000007AC2F1  h_psi__                   221  h_psi.f90
pw.x               00000000007ABD66  h_psi_                     71  h_psi.f90
pw.x               000000000086DDE3  pcegterg_                1021  cegterg.f90
pw.x               0000000000687E53  diag_bands_IP_dia        1028  c_bands.f90
pw.x               000000000068663C  diag_bands_               322  c_bands.f90
pw.x               0000000000685075  c_bands_                  132  c_bands.f90
pw.x               000000000040DEAE  electrons_scf_            689  electrons.f90
pw.x               000000000040B14D  electrons_                192  electrons.f90
pw.x               00000000005888D2  run_pwscf_                189  run_pwscf.f90
pw.x               00000000004084B4  MAIN__                     85  pwscf.f90
pw.x               000000000040831E  Unknown               Unknown  Unknown
libc-2.17.so       00002ACD67CFEC05  __libc_start_main     Unknown  Unknown
pw.x               0000000000408229  Unknown               Unknown  Unknown
forrtl: error (78): process killed (SIGTERM)
Image              PC                Routine            Line        Source             
pw.x               00000000010225FA  Unknown               Unknown  Unknown
libpthread-2.17.s  00002B648179E5E0  Unknown               Unknown  Unknown
libmpi.so.12       00002B64807A8EB8  PMPIDI_CH3I_Progr     Unknown  Unknown
libmpi.so.12.0     00002B648094C243  Unknown               Unknown  Unknown
libmpi.so.12.0     00002B648075BF46  Unknown               Unknown  Unknown
libmpi.so.12       00002B648075E0BF  MPI_Alltoall          Unknown  Unknown
libmpifort.so.12.  00002B648030942E  mpi_alltoall__        Unknown  Unknown
pw.x               0000000000E3EB5D  fft_scatter_2d_mp         226  fft_scatter_2d.f90
pw.x               0000000000E55C59  fft_parallel_2d_m         193  fft_parallel_2d.f90
pw.x               0000000000E40DE8  fwfft_y_                  194  fft_fwinv.f90
pw.x               0000000000A30160  fft_wave_mp_wave_          66  fft_wave.f90
pw.x               000000000082C007  vloc_psi_k_               273  vloc_psi.f90
pw.x               00000000007AC2F1  h_psi__                   221  h_psi.f90
pw.x               00000000007ABD66  h_psi_                     71  h_psi.f90
pw.x               000000000086DDE3  pcegterg_                1021  cegterg.f90
pw.x               0000000000687E53  diag_bands_IP_dia        1028  c_bands.f90
pw.x               000000000068663C  diag_bands_               322  c_bands.f90
pw.x               0000000000685075  c_bands_                  132  c_bands.f90
pw.x               000000000040DEAE  electrons_scf_            689  electrons.f90
pw.x               000000000040B14D  electrons_                192  electrons.f90
pw.x               00000000005888D2  run_pwscf_                189  run_pwscf.f90
pw.x               00000000004084B4  MAIN__                     85  pwscf.f90
pw.x               000000000040831E  Unknown               Unknown  Unknown
libc-2.17.so       00002B6482072C05  __libc_start_main     Unknown  Unknown
pw.x               0000000000408229  Unknown               Unknown  Unknown
forrtl: error (78): process killed (SIGTERM)
Image              PC                Routine            Line        Source             
pw.x               00000000010225FA  Unknown               Unknown  Unknown
libpthread-2.17.s  00002B341ED905E0  Unknown               Unknown  Unknown
libmpi.so.12       00002B341DD9AEB8  PMPIDI_CH3I_Progr     Unknown  Unknown
libmpi.so.12.0     00002B341DF3E243  Unknown               Unknown  Unknown
libmpi.so.12.0     00002B341DD4DF46  Unknown               Unknown  Unknown
libmpi.so.12       00002B341DD500BF  MPI_Alltoall          Unknown  Unknown
libmpifort.so.12.  00002B341D8FB42E  mpi_alltoall__        Unknown  Unknown
pw.x               0000000000E3EB5D  fft_scatter_2d_mp         226  fft_scatter_2d.f90
pw.x               0000000000E55C59  fft_parallel_2d_m         193  fft_parallel_2d.f90
pw.x               0000000000E40DE8  fwfft_y_                  194  fft_fwinv.f90
pw.x               0000000000A30160  fft_wave_mp_wave_          66  fft_wave.f90
pw.x               000000000082C007  vloc_psi_k_               273  vloc_psi.f90
pw.x               00000000007AC2F1  h_psi__                   221  h_psi.f90
pw.x               00000000007ABD66  h_psi_                     71  h_psi.f90
pw.x               000000000086DDE3  pcegterg_                1021  cegterg.f90
pw.x               0000000000687E53  diag_bands_IP_dia        1028  c_bands.f90
pw.x               000000000068663C  diag_bands_               322  c_bands.f90
pw.x               0000000000685075  c_bands_                  132  c_bands.f90
pw.x               000000000040DEAE  electrons_scf_            689  electrons.f90
pw.x               000000000040B14D  electrons_                192  electrons.f90
pw.x               00000000005888D2  run_pwscf_                189  run_pwscf.f90
pw.x               00000000004084B4  MAIN__                     85  pwscf.f90
pw.x               000000000040831E  Unknown               Unknown  Unknown
libc-2.17.so       00002B341F664C05  __libc_start_main     Unknown  Unknown
pw.x               0000000000408229  Unknown               Unknown  Unknown
forrtl: error (78): process killed (SIGTERM)
Image              PC                Routine            Line        Source             
pw.x               00000000010225FA  Unknown               Unknown  Unknown
libpthread-2.17.s  00002AEFA0E5B5E0  Unknown               Unknown  Unknown
libmpi.so.12       00002AEF9FE66128  PMPIDI_CH3I_Progr     Unknown  Unknown
libmpi.so.12.0     00002AEFA0009243  Unknown               Unknown  Unknown
libmpi.so.12.0     00002AEF9FE18F46  Unknown               Unknown  Unknown
libmpi.so.12       00002AEF9FE1B0BF  MPI_Alltoall          Unknown  Unknown
libmpifort.so.12.  00002AEF9F9C642E  mpi_alltoall__        Unknown  Unknown
pw.x               0000000000E3EB5D  fft_scatter_2d_mp         226  fft_scatter_2d.f90
pw.x               0000000000E55C59  fft_parallel_2d_m         193  fft_parallel_2d.f90
pw.x               0000000000E40DE8  fwfft_y_                  194  fft_fwinv.f90
pw.x               0000000000A30160  fft_wave_mp_wave_          66  fft_wave.f90
pw.x               000000000082C007  vloc_psi_k_               273  vloc_psi.f90
pw.x               00000000007AC2F1  h_psi__                   221  h_psi.f90
pw.x               00000000007ABD66  h_psi_                     71  h_psi.f90
pw.x               000000000086DDE3  pcegterg_                1021  cegterg.f90
pw.x               0000000000687E53  diag_bands_IP_dia        1028  c_bands.f90
pw.x               000000000068663C  diag_bands_               322  c_bands.f90
pw.x               0000000000685075  c_bands_                  132  c_bands.f90
pw.x               000000000040DEAE  electrons_scf_            689  electrons.f90
pw.x               000000000040B14D  electrons_                192  electrons.f90
pw.x               00000000005888D2  run_pwscf_                189  run_pwscf.f90
pw.x               00000000004084B4  MAIN__                     85  pwscf.f90
pw.x               000000000040831E  Unknown               Unknown  Unknown
libc-2.17.so       00002AEFA172FC05  __libc_start_main     Unknown  Unknown
pw.x               0000000000408229  Unknown               Unknown  Unknown
forrtl: error (78): process killed (SIGTERM)
Image              PC                Routine            Line        Source             
pw.x               00000000010225FA  Unknown               Unknown  Unknown
libpthread-2.17.s  00002B7E520BF5E0  Unknown               Unknown  Unknown
libmpi.so.12       00002B7E510C9EB8  PMPIDI_CH3I_Progr     Unknown  Unknown
libmpi.so.12.0     00002B7E5126D243  Unknown               Unknown  Unknown
libmpi.so.12.0     00002B7E5107CF46  Unknown               Unknown  Unknown
libmpi.so.12       00002B7E5107F0BF  MPI_Alltoall          Unknown  Unknown
libmpifort.so.12.  00002B7E50C2A42E  mpi_alltoall__        Unknown  Unknown
pw.x               0000000000E3EB5D  fft_scatter_2d_mp         226  fft_scatter_2d.f90
pw.x               0000000000E55C59  fft_parallel_2d_m         193  fft_parallel_2d.f90
pw.x               0000000000E40DE8  fwfft_y_                  194  fft_fwinv.f90
pw.x               0000000000A30160  fft_wave_mp_wave_          66  fft_wave.f90
pw.x               000000000082C007  vloc_psi_k_               273  vloc_psi.f90
pw.x               00000000007AC2F1  h_psi__                   221  h_psi.f90
pw.x               00000000007ABD66  h_psi_                     71  h_psi.f90
pw.x               000000000086DDE3  pcegterg_                1021  cegterg.f90
pw.x               0000000000687E53  diag_bands_IP_dia        1028  c_bands.f90
pw.x               000000000068663C  diag_bands_               322  c_bands.f90
pw.x               0000000000685075  c_bands_                  132  c_bands.f90
pw.x               000000000040DEAE  electrons_scf_            689  electrons.f90
pw.x               000000000040B14D  electrons_                192  electrons.f90
pw.x               00000000005888D2  run_pwscf_                189  run_pwscf.f90
pw.x               00000000004084B4  MAIN__                     85  pwscf.f90
pw.x               000000000040831E  Unknown               Unknown  Unknown
libc-2.17.so       00002B7E52993C05  __libc_start_main     Unknown  Unknown
pw.x               0000000000408229  Unknown               Unknown  Unknown
forrtl: error (78): process killed (SIGTERM)
Image              PC                Routine            Line        Source             
pw.x               00000000010225FA  Unknown               Unknown  Unknown
libpthread-2.17.s  00002B89F85E45E0  Unknown               Unknown  Unknown
libmpi.so.12       00002B89F75EEEB8  PMPIDI_CH3I_Progr     Unknown  Unknown
libmpi.so.12.0     00002B89F7792243  Unknown               Unknown  Unknown
libmpi.so.12.0     00002B89F75A1F46  Unknown               Unknown  Unknown
libmpi.so.12       00002B89F75A40BF  MPI_Alltoall          Unknown  Unknown
libmpifort.so.12.  00002B89F714F42E  mpi_alltoall__        Unknown  Unknown
pw.x               0000000000E3EB5D  fft_scatter_2d_mp         226  fft_scatter_2d.f90
pw.x               0000000000E55C59  fft_parallel_2d_m         193  fft_parallel_2d.f90
pw.x               0000000000E40DE8  fwfft_y_                  194  fft_fwinv.f90
pw.x               0000000000A30160  fft_wave_mp_wave_          66  fft_wave.f90
pw.x               000000000082C007  vloc_psi_k_               273  vloc_psi.f90
pw.x               00000000007AC2F1  h_psi__                   221  h_psi.f90
pw.x               00000000007ABD66  h_psi_                     71  h_psi.f90
pw.x               000000000086DDE3  pcegterg_                1021  cegterg.f90
pw.x               0000000000687E53  diag_bands_IP_dia        1028  c_bands.f90
pw.x               000000000068663C  diag_bands_               322  c_bands.f90
pw.x               0000000000685075  c_bands_                  132  c_bands.f90
pw.x               000000000040DEAE  electrons_scf_            689  electrons.f90
pw.x               000000000040B14D  electrons_                192  electrons.f90
pw.x               00000000005888D2  run_pwscf_                189  run_pwscf.f90
pw.x               00000000004084B4  MAIN__                     85  pwscf.f90
pw.x               000000000040831E  Unknown               Unknown  Unknown
libc-2.17.so       00002B89F8EB8C05  __libc_start_main     Unknown  Unknown
pw.x               0000000000408229  Unknown               Unknown  Unknown
forrtl: error (78): process killed (SIGTERM)
Image              PC                Routine            Line        Source             
pw.x               00000000010225FA  Unknown               Unknown  Unknown
libpthread-2.17.s  00002AEF6A42C5E0  Unknown               Unknown  Unknown
libmpi.so.12       00002AEF69436F5E  PMPIDI_CH3I_Progr     Unknown  Unknown
libmpi.so.12.0     00002AEF695DA243  Unknown               Unknown  Unknown
libmpi.so.12.0     00002AEF693E9F46  Unknown               Unknown  Unknown
libmpi.so.12       00002AEF693EC0BF  MPI_Alltoall          Unknown  Unknown
libmpifort.so.12.  00002AEF68F9742E  mpi_alltoall__        Unknown  Unknown
pw.x               0000000000E3EB5D  fft_scatter_2d_mp         226  fft_scatter_2d.f90
pw.x               0000000000E55C59  fft_parallel_2d_m         193  fft_parallel_2d.f90
pw.x               0000000000E40DE8  fwfft_y_                  194  fft_fwinv.f90
pw.x               0000000000A30160  fft_wave_mp_wave_          66  fft_wave.f90
pw.x               000000000082C007  vloc_psi_k_               273  vloc_psi.f90
pw.x               00000000007AC2F1  h_psi__                   221  h_psi.f90
pw.x               00000000007ABD66  h_psi_                     71  h_psi.f90
pw.x               000000000086DDE3  pcegterg_                1021  cegterg.f90
pw.x               0000000000687E53  diag_bands_IP_dia        1028  c_bands.f90
pw.x               000000000068663C  diag_bands_               322  c_bands.f90
pw.x               0000000000685075  c_bands_                  132  c_bands.f90
pw.x               000000000040DEAE  electrons_scf_            689  electrons.f90
pw.x               000000000040B14D  electrons_                192  electrons.f90
pw.x               00000000005888D2  run_pwscf_                189  run_pwscf.f90
pw.x               00000000004084B4  MAIN__                     85  pwscf.f90
pw.x               000000000040831E  Unknown               Unknown  Unknown
libc-2.17.so       00002AEF6AD00C05  __libc_start_main     Unknown  Unknown
pw.x               0000000000408229  Unknown               Unknown  Unknown
forrtl: error (78): process killed (SIGTERM)
Image              PC                Routine            Line        Source             
pw.x               00000000010225FA  Unknown               Unknown  Unknown
libpthread-2.17.s  00002B89867275E0  Unknown               Unknown  Unknown
libmpi.so.12       00002B8985731EEF  PMPIDI_CH3I_Progr     Unknown  Unknown
libmpi.so.12.0     00002B89858D5243  Unknown               Unknown  Unknown
libmpi.so.12.0     00002B89856E4F46  Unknown               Unknown  Unknown
libmpi.so.12       00002B89856E70BF  MPI_Alltoall          Unknown  Unknown
libmpifort.so.12.  00002B898529242E  mpi_alltoall__        Unknown  Unknown
pw.x               0000000000E3EB5D  fft_scatter_2d_mp         226  fft_scatter_2d.f90
pw.x               0000000000E55C59  fft_parallel_2d_m         193  fft_parallel_2d.f90
pw.x               0000000000E40DE8  fwfft_y_                  194  fft_fwinv.f90
pw.x               0000000000A30160  fft_wave_mp_wave_          66  fft_wave.f90
pw.x               000000000082C007  vloc_psi_k_               273  vloc_psi.f90
pw.x               00000000007AC2F1  h_psi__                   221  h_psi.f90
pw.x               00000000007ABD66  h_psi_                     71  h_psi.f90
pw.x               000000000086DDE3  pcegterg_                1021  cegterg.f90
pw.x               0000000000687E53  diag_bands_IP_dia        1028  c_bands.f90
pw.x               000000000068663C  diag_bands_               322  c_bands.f90
pw.x               0000000000685075  c_bands_                  132  c_bands.f90
pw.x               000000000040DEAE  electrons_scf_            689  electrons.f90
pw.x               000000000040B14D  electrons_                192  electrons.f90
pw.x               00000000005888D2  run_pwscf_                189  run_pwscf.f90
pw.x               00000000004084B4  MAIN__                     85  pwscf.f90
pw.x               000000000040831E  Unknown               Unknown  Unknown
libc-2.17.so       00002B8986FFBC05  __libc_start_main     Unknown  Unknown
pw.x               0000000000408229  Unknown               Unknown  Unknown
forrtl: error (78): process killed (SIGTERM)
Image              PC                Routine            Line        Source             
pw.x               00000000010225FA  Unknown               Unknown  Unknown
libpthread-2.17.s  00002AB37C9305E0  Unknown               Unknown  Unknown
libmpi.so.12       00002AB37B93BBA8  PMPIDI_CH3I_Progr     Unknown  Unknown
libmpi.so.12.0     00002AB37BADE243  Unknown               Unknown  Unknown
libmpi.so.12.0     00002AB37B8EDF46  Unknown               Unknown  Unknown
libmpi.so.12       00002AB37B8F00BF  MPI_Alltoall          Unknown  Unknown
libmpifort.so.12.  00002AB37B49B42E  mpi_alltoall__        Unknown  Unknown
pw.x               0000000000E3EB5D  fft_scatter_2d_mp         226  fft_scatter_2d.f90
pw.x               0000000000E55C59  fft_parallel_2d_m         193  fft_parallel_2d.f90
pw.x               0000000000E40DE8  fwfft_y_                  194  fft_fwinv.f90
pw.x               0000000000A30160  fft_wave_mp_wave_          66  fft_wave.f90
pw.x               000000000082C007  vloc_psi_k_               273  vloc_psi.f90
pw.x               00000000007AC2F1  h_psi__                   221  h_psi.f90
pw.x               00000000007ABD66  h_psi_                     71  h_psi.f90
pw.x               000000000086DDE3  pcegterg_                1021  cegterg.f90
pw.x               0000000000687E53  diag_bands_IP_dia        1028  c_bands.f90
pw.x               000000000068663C  diag_bands_               322  c_bands.f90
pw.x               0000000000685075  c_bands_                  132  c_bands.f90
pw.x               000000000040DEAE  electrons_scf_            689  electrons.f90
pw.x               000000000040B14D  electrons_                192  electrons.f90
pw.x               00000000005888D2  run_pwscf_                189  run_pwscf.f90
pw.x               00000000004084B4  MAIN__                     85  pwscf.f90
pw.x               000000000040831E  Unknown               Unknown  Unknown
libc-2.17.so       00002AB37D204C05  __libc_start_main     Unknown  Unknown
pw.x               0000000000408229  Unknown               Unknown  Unknown
forrtl: error (78): process killed (SIGTERM)
Image              PC                Routine            Line        Source             
pw.x               00000000010225FA  Unknown               Unknown  Unknown
libpthread-2.17.s  00002B3853E265E0  Unknown               Unknown  Unknown
libmpi.so.12       00002B3852E30EB8  PMPIDI_CH3I_Progr     Unknown  Unknown
libmpi.so.12.0     00002B3852FD4243  Unknown               Unknown  Unknown
libmpi.so.12.0     00002B3852DE3F46  Unknown               Unknown  Unknown
libmpi.so.12       00002B3852DE60BF  MPI_Alltoall          Unknown  Unknown
libmpifort.so.12.  00002B385299142E  mpi_alltoall__        Unknown  Unknown
pw.x               0000000000E3EB5D  fft_scatter_2d_mp         226  fft_scatter_2d.f90
pw.x               0000000000E55C59  fft_parallel_2d_m         193  fft_parallel_2d.f90
pw.x               0000000000E40DE8  fwfft_y_                  194  fft_fwinv.f90
pw.x               0000000000A30160  fft_wave_mp_wave_          66  fft_wave.f90
pw.x               000000000082C007  vloc_psi_k_               273  vloc_psi.f90
pw.x               00000000007AC2F1  h_psi__                   221  h_psi.f90
pw.x               00000000007ABD66  h_psi_                     71  h_psi.f90
pw.x               000000000086DDE3  pcegterg_                1021  cegterg.f90
pw.x               0000000000687E53  diag_bands_IP_dia        1028  c_bands.f90
pw.x               000000000068663C  diag_bands_               322  c_bands.f90
pw.x               0000000000685075  c_bands_                  132  c_bands.f90
pw.x               000000000040DEAE  electrons_scf_            689  electrons.f90
pw.x               000000000040B14D  electrons_                192  electrons.f90
pw.x               00000000005888D2  run_pwscf_                189  run_pwscf.f90
pw.x               00000000004084B4  MAIN__                     85  pwscf.f90
pw.x               000000000040831E  Unknown               Unknown  Unknown
libc-2.17.so       00002B38546FAC05  __libc_start_main     Unknown  Unknown
pw.x               0000000000408229  Unknown               Unknown  Unknown
forrtl: error (78): process killed (SIGTERM)
Image              PC                Routine            Line        Source             
pw.x               00000000010225FA  Unknown               Unknown  Unknown
libpthread-2.17.s  00002B22C20775E0  Unknown               Unknown  Unknown
libmpi.so.12       00002B22C108224F  PMPIDI_CH3I_Progr     Unknown  Unknown
libmpi.so.12.0     00002B22C1225243  Unknown               Unknown  Unknown
libmpi.so.12.0     00002B22C1034F46  Unknown               Unknown  Unknown
libmpi.so.12       00002B22C10370BF  MPI_Alltoall          Unknown  Unknown
libmpifort.so.12.  00002B22C0BE242E  mpi_alltoall__        Unknown  Unknown
pw.x               0000000000E3EB5D  fft_scatter_2d_mp         226  fft_scatter_2d.f90
pw.x               0000000000E55C59  fft_parallel_2d_m         193  fft_parallel_2d.f90
pw.x               0000000000E40DE8  fwfft_y_                  194  fft_fwinv.f90
pw.x               0000000000A30160  fft_wave_mp_wave_          66  fft_wave.f90
pw.x               000000000082C007  vloc_psi_k_               273  vloc_psi.f90
pw.x               00000000007AC2F1  h_psi__                   221  h_psi.f90
pw.x               00000000007ABD66  h_psi_                     71  h_psi.f90
pw.x               000000000086DDE3  pcegterg_                1021  cegterg.f90
pw.x               0000000000687E53  diag_bands_IP_dia        1028  c_bands.f90
pw.x               000000000068663C  diag_bands_               322  c_bands.f90
pw.x               0000000000685075  c_bands_                  132  c_bands.f90
pw.x               000000000040DEAE  electrons_scf_            689  electrons.f90
pw.x               000000000040B14D  electrons_                192  electrons.f90
pw.x               00000000005888D2  run_pwscf_                189  run_pwscf.f90
pw.x               00000000004084B4  MAIN__                     85  pwscf.f90
pw.x               000000000040831E  Unknown               Unknown  Unknown
libc-2.17.so       00002B22C294BC05  __libc_start_main     Unknown  Unknown
pw.x               0000000000408229  Unknown               Unknown  Unknown
forrtl: error (78): process killed (SIGTERM)
Image              PC                Routine            Line        Source             
pw.x               00000000010225FA  Unknown               Unknown  Unknown
libpthread-2.17.s  00002B905693F5E0  Unknown               Unknown  Unknown
libmpi.so.12       00002B905594AB52  PMPIDI_CH3I_Progr     Unknown  Unknown
libmpi.so.12.0     00002B9055AED243  Unknown               Unknown  Unknown
libmpi.so.12.0     00002B90558FCF46  Unknown               Unknown  Unknown
libmpi.so.12       00002B90558FF0BF  MPI_Alltoall          Unknown  Unknown
libmpifort.so.12.  00002B90554AA42E  mpi_alltoall__        Unknown  Unknown
pw.x               0000000000E3EB5D  fft_scatter_2d_mp         226  fft_scatter_2d.f90
pw.x               0000000000E55C59  fft_parallel_2d_m         193  fft_parallel_2d.f90
pw.x               0000000000E40DE8  fwfft_y_                  194  fft_fwinv.f90
pw.x               0000000000A30160  fft_wave_mp_wave_          66  fft_wave.f90
pw.x               000000000082C007  vloc_psi_k_               273  vloc_psi.f90
pw.x               00000000007AC2F1  h_psi__                   221  h_psi.f90
pw.x               00000000007ABD66  h_psi_                     71  h_psi.f90
pw.x               000000000086DDE3  pcegterg_                1021  cegterg.f90
pw.x               0000000000687E53  diag_bands_IP_dia        1028  c_bands.f90
pw.x               000000000068663C  diag_bands_               322  c_bands.f90
pw.x               0000000000685075  c_bands_                  132  c_bands.f90
pw.x               000000000040DEAE  electrons_scf_            689  electrons.f90
pw.x               000000000040B14D  electrons_                192  electrons.f90
pw.x               00000000005888D2  run_pwscf_                189  run_pwscf.f90
pw.x               00000000004084B4  MAIN__                     85  pwscf.f90
pw.x               000000000040831E  Unknown               Unknown  Unknown
libc-2.17.so       00002B9057213C05  __libc_start_main     Unknown  Unknown
pw.x               0000000000408229  Unknown               Unknown  Unknown
forrtl: error (78): process killed (SIGTERM)
Image              PC                Routine            Line        Source             
pw.x               00000000010225FA  Unknown               Unknown  Unknown
libpthread-2.17.s  00002AF227F8F5E0  Unknown               Unknown  Unknown
libmpi.so.12       00002AF226F99EB8  PMPIDI_CH3I_Progr     Unknown  Unknown
libmpi.so.12.0     00002AF22713D243  Unknown               Unknown  Unknown
libmpi.so.12.0     00002AF226F4CF46  Unknown               Unknown  Unknown
libmpi.so.12       00002AF226F4F0BF  MPI_Alltoall          Unknown  Unknown
libmpifort.so.12.  00002AF226AFA42E  mpi_alltoall__        Unknown  Unknown
pw.x               0000000000E3EB5D  fft_scatter_2d_mp         226  fft_scatter_2d.f90
pw.x               0000000000E55C59  fft_parallel_2d_m         193  fft_parallel_2d.f90
pw.x               0000000000E40DE8  fwfft_y_                  194  fft_fwinv.f90
pw.x               0000000000A30160  fft_wave_mp_wave_          66  fft_wave.f90
pw.x               000000000082C007  vloc_psi_k_               273  vloc_psi.f90
pw.x               00000000007AC2F1  h_psi__                   221  h_psi.f90
pw.x               00000000007ABD66  h_psi_                     71  h_psi.f90
pw.x               000000000086DDE3  pcegterg_                1021  cegterg.f90
pw.x               0000000000687E53  diag_bands_IP_dia        1028  c_bands.f90
pw.x               000000000068663C  diag_bands_               322  c_bands.f90
pw.x               0000000000685075  c_bands_                  132  c_bands.f90
pw.x               000000000040DEAE  electrons_scf_            689  electrons.f90
pw.x               000000000040B14D  electrons_                192  electrons.f90
pw.x               00000000005888D2  run_pwscf_                189  run_pwscf.f90
pw.x               00000000004084B4  MAIN__                     85  pwscf.f90
pw.x               000000000040831E  Unknown               Unknown  Unknown
libc-2.17.so       00002AF228863C05  __libc_start_main     Unknown  Unknown
pw.x               0000000000408229  Unknown               Unknown  Unknown
forrtl: error (78): process killed (SIGTERM)
Image              PC                Routine            Line        Source             
pw.x               00000000010225FA  Unknown               Unknown  Unknown
libpthread-2.17.s  00002BA4E19B25E0  Unknown               Unknown  Unknown
libmpi.so.12       00002BA4E09BCEB8  PMPIDI_CH3I_Progr     Unknown  Unknown
libmpi.so.12.0     00002BA4E0B60243  Unknown               Unknown  Unknown
libmpi.so.12.0     00002BA4E096FF46  Unknown               Unknown  Unknown
libmpi.so.12       00002BA4E09720BF  MPI_Alltoall          Unknown  Unknown
libmpifort.so.12.  00002BA4E051D42E  mpi_alltoall__        Unknown  Unknown
pw.x               0000000000E3EB5D  fft_scatter_2d_mp         226  fft_scatter_2d.f90
pw.x               0000000000E55C59  fft_parallel_2d_m         193  fft_parallel_2d.f90
pw.x               0000000000E40DE8  fwfft_y_                  194  fft_fwinv.f90
pw.x               0000000000A30160  fft_wave_mp_wave_          66  fft_wave.f90
pw.x               000000000082C007  vloc_psi_k_               273  vloc_psi.f90
pw.x               00000000007AC2F1  h_psi__                   221  h_psi.f90
pw.x               00000000007ABD66  h_psi_                     71  h_psi.f90
pw.x               000000000086DDE3  pcegterg_                1021  cegterg.f90
pw.x               0000000000687E53  diag_bands_IP_dia        1028  c_bands.f90
pw.x               000000000068663C  diag_bands_               322  c_bands.f90
pw.x               0000000000685075  c_bands_                  132  c_bands.f90
pw.x               000000000040DEAE  electrons_scf_            689  electrons.f90
pw.x               000000000040B14D  electrons_                192  electrons.f90
pw.x               00000000005888D2  run_pwscf_                189  run_pwscf.f90
pw.x               00000000004084B4  MAIN__                     85  pwscf.f90
pw.x               000000000040831E  Unknown               Unknown  Unknown
libc-2.17.so       00002BA4E2286C05  __libc_start_main     Unknown  Unknown
pw.x               0000000000408229  Unknown               Unknown  Unknown
forrtl: error (78): process killed (SIGTERM)
Image              PC                Routine            Line        Source             
pw.x               00000000010225FA  Unknown               Unknown  Unknown
libpthread-2.17.s  00002B1F1A91D5E0  Unknown               Unknown  Unknown
libmpi.so.12       00002B1F19927EB8  PMPIDI_CH3I_Progr     Unknown  Unknown
libmpi.so.12.0     00002B1F19ACB243  Unknown               Unknown  Unknown
libmpi.so.12.0     00002B1F198DAF46  Unknown               Unknown  Unknown
libmpi.so.12       00002B1F198DD0BF  MPI_Alltoall          Unknown  Unknown
libmpifort.so.12.  00002B1F1948842E  mpi_alltoall__        Unknown  Unknown
pw.x               0000000000E3EB5D  fft_scatter_2d_mp         226  fft_scatter_2d.f90
pw.x               0000000000E55C59  fft_parallel_2d_m         193  fft_parallel_2d.f90
pw.x               0000000000E40DE8  fwfft_y_                  194  fft_fwinv.f90
pw.x               0000000000A30160  fft_wave_mp_wave_          66  fft_wave.f90
pw.x               000000000082C007  vloc_psi_k_               273  vloc_psi.f90
pw.x               00000000007AC2F1  h_psi__                   221  h_psi.f90
pw.x               00000000007ABD66  h_psi_                     71  h_psi.f90
pw.x               000000000086DDE3  pcegterg_                1021  cegterg.f90
pw.x               0000000000687E53  diag_bands_IP_dia        1028  c_bands.f90
pw.x               000000000068663C  diag_bands_               322  c_bands.f90
pw.x               0000000000685075  c_bands_                  132  c_bands.f90
pw.x               000000000040DEAE  electrons_scf_            689  electrons.f90
pw.x               000000000040B14D  electrons_                192  electrons.f90
pw.x               00000000005888D2  run_pwscf_                189  run_pwscf.f90
pw.x               00000000004084B4  MAIN__                     85  pwscf.f90
pw.x               000000000040831E  Unknown               Unknown  Unknown
libc-2.17.so       00002B1F1B1F1C05  __libc_start_main     Unknown  Unknown
pw.x               0000000000408229  Unknown               Unknown  Unknown
forrtl: error (78): process killed (SIGTERM)
Image              PC                Routine            Line        Source             
pw.x               00000000010225FA  Unknown               Unknown  Unknown
libpthread-2.17.s  00002AF1DAC985E0  Unknown               Unknown  Unknown
libmpi.so.12       00002AF1D9CA2EB8  PMPIDI_CH3I_Progr     Unknown  Unknown
libmpi.so.12.0     00002AF1D9E46243  Unknown               Unknown  Unknown
libmpi.so.12.0     00002AF1D9C55F46  Unknown               Unknown  Unknown
libmpi.so.12       00002AF1D9C580BF  MPI_Alltoall          Unknown  Unknown
libmpifort.so.12.  00002AF1D980342E  mpi_alltoall__        Unknown  Unknown
pw.x               0000000000E3EB5D  fft_scatter_2d_mp         226  fft_scatter_2d.f90
pw.x               0000000000E55C59  fft_parallel_2d_m         193  fft_parallel_2d.f90
pw.x               0000000000E40DE8  fwfft_y_                  194  fft_fwinv.f90
pw.x               0000000000A30160  fft_wave_mp_wave_          66  fft_wave.f90
pw.x               000000000082C007  vloc_psi_k_               273  vloc_psi.f90
pw.x               00000000007AC2F1  h_psi__                   221  h_psi.f90
pw.x               00000000007ABD66  h_psi_                     71  h_psi.f90
pw.x               000000000086DDE3  pcegterg_                1021  cegterg.f90
pw.x               0000000000687E53  diag_bands_IP_dia        1028  c_bands.f90
pw.x               000000000068663C  diag_bands_               322  c_bands.f90
pw.x               0000000000685075  c_bands_                  132  c_bands.f90
pw.x               000000000040DEAE  electrons_scf_            689  electrons.f90
pw.x               000000000040B14D  electrons_                192  electrons.f90
pw.x               00000000005888D2  run_pwscf_                189  run_pwscf.f90
pw.x               00000000004084B4  MAIN__                     85  pwscf.f90
pw.x               000000000040831E  Unknown               Unknown  Unknown
libc-2.17.so       00002AF1DB56CC05  __libc_start_main     Unknown  Unknown
pw.x               0000000000408229  Unknown               Unknown  Unknown
forrtl: error (78): process killed (SIGTERM)
Image              PC                Routine            Line        Source             
pw.x               00000000010225FA  Unknown               Unknown  Unknown
libpthread-2.17.s  00002B6DC543F5E0  Unknown               Unknown  Unknown
libmpi.so.12       00002B6DC4449EB8  PMPIDI_CH3I_Progr     Unknown  Unknown
libmpi.so.12.0     00002B6DC45ED243  Unknown               Unknown  Unknown
libmpi.so.12.0     00002B6DC43FCF46  Unknown               Unknown  Unknown
libmpi.so.12       00002B6DC43FF0BF  MPI_Alltoall          Unknown  Unknown
libmpifort.so.12.  00002B6DC3FAA42E  mpi_alltoall__        Unknown  Unknown
pw.x               0000000000E3EB5D  fft_scatter_2d_mp         226  fft_scatter_2d.f90
pw.x               0000000000E55C59  fft_parallel_2d_m         193  fft_parallel_2d.f90
pw.x               0000000000E40DE8  fwfft_y_                  194  fft_fwinv.f90
pw.x               0000000000A30160  fft_wave_mp_wave_          66  fft_wave.f90
pw.x               000000000082C007  vloc_psi_k_               273  vloc_psi.f90
pw.x               00000000007AC2F1  h_psi__                   221  h_psi.f90
pw.x               00000000007ABD66  h_psi_                     71  h_psi.f90
pw.x               000000000086DDE3  pcegterg_                1021  cegterg.f90
pw.x               0000000000687E53  diag_bands_IP_dia        1028  c_bands.f90
pw.x               000000000068663C  diag_bands_               322  c_bands.f90
pw.x               0000000000685075  c_bands_                  132  c_bands.f90
pw.x               000000000040DEAE  electrons_scf_            689  electrons.f90
pw.x               000000000040B14D  electrons_                192  electrons.f90
pw.x               00000000005888D2  run_pwscf_                189  run_pwscf.f90
pw.x               00000000004084B4  MAIN__                     85  pwscf.f90
pw.x               000000000040831E  Unknown               Unknown  Unknown
libc-2.17.so       00002B6DC5D13C05  __libc_start_main     Unknown  Unknown
pw.x               0000000000408229  Unknown               Unknown  Unknown
forrtl: error (78): process killed (SIGTERM)
Image              PC                Routine            Line        Source             
pw.x               00000000010225FA  Unknown               Unknown  Unknown
libpthread-2.17.s  00002B6115B995E0  Unknown               Unknown  Unknown
libmpi.so.12       00002B6114BA3EBF  PMPIDI_CH3I_Progr     Unknown  Unknown
libmpi.so.12.0     00002B6114D47243  Unknown               Unknown  Unknown
libmpi.so.12.0     00002B6114B56F46  Unknown               Unknown  Unknown
libmpi.so.12       00002B6114B590BF  MPI_Alltoall          Unknown  Unknown
libmpifort.so.12.  00002B611470442E  mpi_alltoall__        Unknown  Unknown
pw.x               0000000000E3EB5D  fft_scatter_2d_mp         226  fft_scatter_2d.f90
pw.x               0000000000E55C59  fft_parallel_2d_m         193  fft_parallel_2d.f90
pw.x               0000000000E40DE8  fwfft_y_                  194  fft_fwinv.f90
pw.x               0000000000A30160  fft_wave_mp_wave_          66  fft_wave.f90
pw.x               000000000082C007  vloc_psi_k_               273  vloc_psi.f90
pw.x               00000000007AC2F1  h_psi__                   221  h_psi.f90
pw.x               00000000007ABD66  h_psi_                     71  h_psi.f90
pw.x               000000000086DDE3  pcegterg_                1021  cegterg.f90
pw.x               0000000000687E53  diag_bands_IP_dia        1028  c_bands.f90
pw.x               000000000068663C  diag_bands_               322  c_bands.f90
pw.x               0000000000685075  c_bands_                  132  c_bands.f90
pw.x               000000000040DEAE  electrons_scf_            689  electrons.f90
pw.x               000000000040B14D  electrons_                192  electrons.f90
pw.x               00000000005888D2  run_pwscf_                189  run_pwscf.f90
pw.x               00000000004084B4  MAIN__                     85  pwscf.f90
pw.x               000000000040831E  Unknown               Unknown  Unknown
libc-2.17.so       00002B611646DC05  __libc_start_main     Unknown  Unknown
pw.x               0000000000408229  Unknown               Unknown  Unknown
forrtl: error (78): process killed (SIGTERM)
Image              PC                Routine            Line        Source             
pw.x               00000000010225FA  Unknown               Unknown  Unknown
libpthread-2.17.s  00002AFCDCBAC5E0  Unknown               Unknown  Unknown
libmpi.so.12       00002AFCDBBB6EB8  PMPIDI_CH3I_Progr     Unknown  Unknown
libmpi.so.12.0     00002AFCDBD5A243  Unknown               Unknown  Unknown
libmpi.so.12.0     00002AFCDBB69F46  Unknown               Unknown  Unknown
libmpi.so.12       00002AFCDBB6C0BF  MPI_Alltoall          Unknown  Unknown
libmpifort.so.12.  00002AFCDB71742E  mpi_alltoall__        Unknown  Unknown
pw.x               0000000000E3EB5D  fft_scatter_2d_mp         226  fft_scatter_2d.f90
pw.x               0000000000E55C59  fft_parallel_2d_m         193  fft_parallel_2d.f90
pw.x               0000000000E40DE8  fwfft_y_                  194  fft_fwinv.f90
pw.x               0000000000A30160  fft_wave_mp_wave_          66  fft_wave.f90
pw.x               000000000082C007  vloc_psi_k_               273  vloc_psi.f90
pw.x               00000000007AC2F1  h_psi__                   221  h_psi.f90
pw.x               00000000007ABD66  h_psi_                     71  h_psi.f90
pw.x               000000000086DDE3  pcegterg_                1021  cegterg.f90
pw.x               0000000000687E53  diag_bands_IP_dia        1028  c_bands.f90
pw.x               000000000068663C  diag_bands_               322  c_bands.f90
pw.x               0000000000685075  c_bands_                  132  c_bands.f90
pw.x               000000000040DEAE  electrons_scf_            689  electrons.f90
pw.x               000000000040B14D  electrons_                192  electrons.f90
pw.x               00000000005888D2  run_pwscf_                189  run_pwscf.f90
pw.x               00000000004084B4  MAIN__                     85  pwscf.f90
pw.x               000000000040831E  Unknown               Unknown  Unknown
libc-2.17.so       00002AFCDD480C05  __libc_start_main     Unknown  Unknown
pw.x               0000000000408229  Unknown               Unknown  Unknown
forrtl: error (78): process killed (SIGTERM)
Image              PC                Routine            Line        Source             
pw.x               00000000010225FA  Unknown               Unknown  Unknown
libpthread-2.17.s  00002ACF70FE05E0  Unknown               Unknown  Unknown
libmpi.so.12       00002ACF6FFEAEBF  PMPIDI_CH3I_Progr     Unknown  Unknown
libmpi.so.12.0     00002ACF7018E243  Unknown               Unknown  Unknown
libmpi.so.12.0     00002ACF6FF9DF46  Unknown               Unknown  Unknown
libmpi.so.12       00002ACF6FFA00BF  MPI_Alltoall          Unknown  Unknown
libmpifort.so.12.  00002ACF6FB4B42E  mpi_alltoall__        Unknown  Unknown
pw.x               0000000000E3EB5D  fft_scatter_2d_mp         226  fft_scatter_2d.f90
pw.x               0000000000E55C59  fft_parallel_2d_m         193  fft_parallel_2d.f90
pw.x               0000000000E40DE8  fwfft_y_                  194  fft_fwinv.f90
pw.x               0000000000A30160  fft_wave_mp_wave_          66  fft_wave.f90
pw.x               000000000082C007  vloc_psi_k_               273  vloc_psi.f90
pw.x               00000000007AC2F1  h_psi__                   221  h_psi.f90
pw.x               00000000007ABD66  h_psi_                     71  h_psi.f90
pw.x               000000000086DDE3  pcegterg_                1021  cegterg.f90
pw.x               0000000000687E53  diag_bands_IP_dia        1028  c_bands.f90
pw.x               000000000068663C  diag_bands_               322  c_bands.f90
pw.x               0000000000685075  c_bands_                  132  c_bands.f90
pw.x               000000000040DEAE  electrons_scf_            689  electrons.f90
pw.x               000000000040B14D  electrons_                192  electrons.f90
pw.x               00000000005888D2  run_pwscf_                189  run_pwscf.f90
pw.x               00000000004084B4  MAIN__                     85  pwscf.f90
pw.x               000000000040831E  Unknown               Unknown  Unknown
libc-2.17.so       00002ACF718B4C05  __libc_start_main     Unknown  Unknown
pw.x               0000000000408229  Unknown               Unknown  Unknown
forrtl: error (78): process killed (SIGTERM)
Image              PC                Routine            Line        Source             
pw.x               00000000010225FA  Unknown               Unknown  Unknown
libpthread-2.17.s  00002B05C7A5D5E0  Unknown               Unknown  Unknown
libmpi.so.12       00002B05C6A6859C  PMPIDI_CH3I_Progr     Unknown  Unknown
libmpi.so.12.0     00002B05C6C0B243  Unknown               Unknown  Unknown
libmpi.so.12.0     00002B05C6A1AF46  Unknown               Unknown  Unknown
libmpi.so.12       00002B05C6A1D0BF  MPI_Alltoall          Unknown  Unknown
libmpifort.so.12.  00002B05C65C842E  mpi_alltoall__        Unknown  Unknown
pw.x               0000000000E3EB5D  fft_scatter_2d_mp         226  fft_scatter_2d.f90
pw.x               0000000000E55C59  fft_parallel_2d_m         193  fft_parallel_2d.f90
pw.x               0000000000E40DE8  fwfft_y_                  194  fft_fwinv.f90
pw.x               0000000000A30160  fft_wave_mp_wave_          66  fft_wave.f90
pw.x               000000000082C007  vloc_psi_k_               273  vloc_psi.f90
pw.x               00000000007AC2F1  h_psi__                   221  h_psi.f90
pw.x               00000000007ABD66  h_psi_                     71  h_psi.f90
pw.x               000000000086DDE3  pcegterg_                1021  cegterg.f90
pw.x               0000000000687E53  diag_bands_IP_dia        1028  c_bands.f90
pw.x               000000000068663C  diag_bands_               322  c_bands.f90
pw.x               0000000000685075  c_bands_                  132  c_bands.f90
pw.x               000000000040DEAE  electrons_scf_            689  electrons.f90
pw.x               000000000040B14D  electrons_                192  electrons.f90
pw.x               00000000005888D2  run_pwscf_                189  run_pwscf.f90
pw.x               00000000004084B4  MAIN__                     85  pwscf.f90
pw.x               000000000040831E  Unknown               Unknown  Unknown
libc-2.17.so       00002B05C8331C05  __libc_start_main     Unknown  Unknown
pw.x               0000000000408229  Unknown               Unknown  Unknown
forrtl: error (78): process killed (SIGTERM)
Image              PC                Routine            Line        Source             
pw.x               00000000010225FA  Unknown               Unknown  Unknown
libpthread-2.17.s  00002AB1C2AAC5E0  Unknown               Unknown  Unknown
libmpi.so.12       00002AB1C1AB6EB8  PMPIDI_CH3I_Progr     Unknown  Unknown
libmpi.so.12.0     00002AB1C1C5A243  Unknown               Unknown  Unknown
libmpi.so.12.0     00002AB1C1A69F46  Unknown               Unknown  Unknown
libmpi.so.12       00002AB1C1A6C0BF  MPI_Alltoall          Unknown  Unknown
libmpifort.so.12.  00002AB1C161742E  mpi_alltoall__        Unknown  Unknown
pw.x               0000000000E3EB5D  fft_scatter_2d_mp         226  fft_scatter_2d.f90
pw.x               0000000000E55C59  fft_parallel_2d_m         193  fft_parallel_2d.f90
pw.x               0000000000E40DE8  fwfft_y_                  194  fft_fwinv.f90
pw.x               0000000000A30160  fft_wave_mp_wave_          66  fft_wave.f90
pw.x               000000000082C007  vloc_psi_k_               273  vloc_psi.f90
pw.x               00000000007AC2F1  h_psi__                   221  h_psi.f90
pw.x               00000000007ABD66  h_psi_                     71  h_psi.f90
pw.x               000000000086DDE3  pcegterg_                1021  cegterg.f90
pw.x               0000000000687E53  diag_bands_IP_dia        1028  c_bands.f90
pw.x               000000000068663C  diag_bands_               322  c_bands.f90
pw.x               0000000000685075  c_bands_                  132  c_bands.f90
pw.x               000000000040DEAE  electrons_scf_            689  electrons.f90
pw.x               000000000040B14D  electrons_                192  electrons.f90
pw.x               00000000005888D2  run_pwscf_                189  run_pwscf.f90
pw.x               00000000004084B4  MAIN__                     85  pwscf.f90
pw.x               000000000040831E  Unknown               Unknown  Unknown
libc-2.17.so       00002AB1C3380C05  __libc_start_main     Unknown  Unknown
pw.x               0000000000408229  Unknown               Unknown  Unknown
