forrtl: error (78): process killed (SIGTERM)
Image              PC                Routine            Line        Source             
pw.x               00000000010225FA  Unknown               Unknown  Unknown
libpthread-2.17.s  00002AE0754155E0  Unknown               Unknown  Unknown
libmkl_avx512.so   00002AE08F8E1CDA  mkl_blas_avx512_z     Unknown  Unknown
forrtl: error (78): process killed (SIGTERM)
Image              PC                Routine            Line        Source             
pw.x               00000000010225FA  Unknown               Unknown  Unknown
libpthread-2.17.s  00002AAFF7A615E0  Unknown               Unknown  Unknown
libmkl_avx512.so   00002AB011F2DD0D  mkl_blas_avx512_z     Unknown  Unknown
forrtl: error (78): process killed (SIGTERM)
Image              PC                Routine            Line        Source             
pw.x               00000000010225FA  Unknown               Unknown  Unknown
libpthread-2.17.s  00002AF170C595E0  Unknown               Unknown  Unknown
libmkl_avx512.so   00002AF18B125AE1  mkl_blas_avx512_z     Unknown  Unknown
forrtl: error (78): process killed (SIGTERM)
Image              PC                Routine            Line        Source             
pw.x               00000000010225FA  Unknown               Unknown  Unknown
libpthread-2.17.s  00002B046E7915E0  Unknown               Unknown  Unknown
libmkl_avx512.so   00002B0488C5DB3A  mkl_blas_avx512_z     Unknown  Unknown
forrtl: error (78): process killed (SIGTERM)
Image              PC                Routine            Line        Source             
pw.x               00000000010225FA  Unknown               Unknown  Unknown
libpthread-2.17.s  00002B97DA2C85E0  Unknown               Unknown  Unknown
libmkl_avx512.so   00002B97F4794FA6  mkl_blas_avx512_z     Unknown  Unknown
forrtl: error (78): process killed (SIGTERM)
Image              PC                Routine            Line        Source             
pw.x               00000000010225FA  Unknown               Unknown  Unknown
libpthread-2.17.s  00002AC45FD605E0  Unknown               Unknown  Unknown
libmkl_avx512.so   00002AC47A22D29E  mkl_blas_avx512_z     Unknown  Unknown
forrtl: error (78): process killed (SIGTERM)
Image              PC                Routine            Line        Source             
pw.x               00000000010225FA  Unknown               Unknown  Unknown
libpthread-2.17.s  00002B2A7A9D15E0  Unknown               Unknown  Unknown
libmkl_avx512.so   00002B2A94E9DBB9  mkl_blas_avx512_z     Unknown  Unknown
forrtl: error (78): process killed (SIGTERM)
Image              PC                Routine            Line        Source             
pw.x               00000000010225FA  Unknown               Unknown  Unknown
libpthread-2.17.s  00002AF5BDE7C5E0  Unknown               Unknown  Unknown
libmkl_avx512.so   00002AF5D8348C39  mkl_blas_avx512_z     Unknown  Unknown
forrtl: error (78): process killed (SIGTERM)
Image              PC                Routine            Line        Source             
pw.x               00000000010225FA  Unknown               Unknown  Unknown
libpthread-2.17.s  00002B9D90E225E0  Unknown               Unknown  Unknown
libmkl_avx512.so   00002B9DAB2EEA56  mkl_blas_avx512_z     Unknown  Unknown
forrtl: error (78): process killed (SIGTERM)
Image              PC                Routine            Line        Source             
pw.x               00000000010225FA  Unknown               Unknown  Unknown
libpthread-2.17.s  00002B9A865F45E0  Unknown               Unknown  Unknown
libmkl_avx512.so   00002B9AA0AC0A56  mkl_blas_avx512_z     Unknown  Unknown
forrtl: error (78): process killed (SIGTERM)
Image              PC                Routine            Line        Source             
pw.x               00000000010225FA  Unknown               Unknown  Unknown
libpthread-2.17.s  00002B7B984C45E0  Unknown               Unknown  Unknown
libmkl_avx512.so   00002B7BB2991259  mkl_blas_avx512_z     Unknown  Unknown
forrtl: error (78): process killed (SIGTERM)
Image              PC                Routine            Line        Source             
pw.x               00000000010225FA  Unknown               Unknown  Unknown
libpthread-2.17.s  00002AF31895B5E0  Unknown               Unknown  Unknown
libmkl_avx512.so   00002AF332E27BEB  mkl_blas_avx512_z     Unknown  Unknown
forrtl: error (78): process killed (SIGTERM)
Image              PC                Routine            Line        Source             
pw.x               00000000010225FA  Unknown               Unknown  Unknown
libpthread-2.17.s  00002B2CC7FD15E0  Unknown               Unknown  Unknown
libmkl_avx512.so   00002B2CE249DE44  mkl_blas_avx512_z     Unknown  Unknown
forrtl: error (78): process killed (SIGTERM)
Image              PC                Routine            Line        Source             
pw.x               00000000010225FA  Unknown               Unknown  Unknown
libpthread-2.17.s  00002AD5040DB5E0  Unknown               Unknown  Unknown
libmkl_avx512.so   00002AD51E5A7A76  mkl_blas_avx512_z     Unknown  Unknown
forrtl: error (78): process killed (SIGTERM)
Image              PC                Routine            Line        Source             
pw.x               00000000010225FA  Unknown               Unknown  Unknown
libpthread-2.17.s  00002B2BEA7435E0  Unknown               Unknown  Unknown
libmkl_avx512.so   00002B2C04C101F2  mkl_blas_avx512_z     Unknown  Unknown
forrtl: error (78): process killed (SIGTERM)
Image              PC                Routine            Line        Source             
pw.x               00000000010225FA  Unknown               Unknown  Unknown
libpthread-2.17.s  00002B8DC65F05E0  Unknown               Unknown  Unknown
libmkl_avx512.so   00002B8DE0ABD1C6  mkl_blas_avx512_z     Unknown  Unknown
forrtl: error (78): process killed (SIGTERM)
Image              PC                Routine            Line        Source             
pw.x               00000000010225FA  Unknown               Unknown  Unknown
libpthread-2.17.s  00002B68C75045E0  Unknown               Unknown  Unknown
libmkl_avx512.so   00002B68E19D0BB9  mkl_blas_avx512_z     Unknown  Unknown
forrtl: error (78): process killed (SIGTERM)
Image              PC                Routine            Line        Source             
pw.x               00000000010225FA  Unknown               Unknown  Unknown
libpthread-2.17.s  00002B09A97C15E0  Unknown               Unknown  Unknown
libmkl_avx512.so   00002B09C3C8DB13  mkl_blas_avx512_z     Unknown  Unknown
forrtl: error (78): process killed (SIGTERM)
Image              PC                Routine            Line        Source             
pw.x               00000000010225FA  Unknown               Unknown  Unknown
libpthread-2.17.s  00002BA046BBA5E0  Unknown               Unknown  Unknown
libmkl_avx512.so   00002BA061086FB9  mkl_blas_avx512_z     Unknown  Unknown
forrtl: error (78): process killed (SIGTERM)
Image              PC                Routine            Line        Source             
pw.x               00000000010225FA  Unknown               Unknown  Unknown
libpthread-2.17.s  00002B3722A005E0  Unknown               Unknown  Unknown
libmkl_avx512.so   00002B373CECD226  mkl_blas_avx512_z     Unknown  Unknown
forrtl: error (78): process killed (SIGTERM)
Image              PC                Routine            Line        Source             
pw.x               00000000010225FA  Unknown               Unknown  Unknown
libpthread-2.17.s  00002AF1885935E0  Unknown               Unknown  Unknown
libmkl_avx512.so   00002AF1A2A5FAFA  mkl_blas_avx512_z     Unknown  Unknown
forrtl: error (78): process killed (SIGTERM)
Image              PC                Routine            Line        Source             
pw.x               00000000010225FA  Unknown               Unknown  Unknown
libpthread-2.17.s  00002AFE264275E0  Unknown               Unknown  Unknown
libmkl_avx512.so   00002AFE408F3BB9  mkl_blas_avx512_z     Unknown  Unknown
forrtl: error (78): process killed (SIGTERM)
Image              PC                Routine            Line        Source             
pw.x               00000000010225FA  Unknown               Unknown  Unknown
libpthread-2.17.s  00002B645EA6B5E0  Unknown               Unknown  Unknown
libmkl_avx512.so   00002B6478F38076  mkl_blas_avx512_z     Unknown  Unknown
forrtl: error (78): process killed (SIGTERM)
Image              PC                Routine            Line        Source             
pw.x               00000000010225FA  Unknown               Unknown  Unknown
libpthread-2.17.s  00002B855A5355E0  Unknown               Unknown  Unknown
libmkl_avx512.so   00002B8574A01AA3  mkl_blas_avx512_z     Unknown  Unknown
forrtl: error (78): process killed (SIGTERM)
Image              PC                Routine            Line        Source             
pw.x               00000000010225FA  Unknown               Unknown  Unknown
libpthread-2.17.s  00002B22954585E0  Unknown               Unknown  Unknown
libmkl_avx512.so   00002B22AF925350  mkl_blas_avx512_z     Unknown  Unknown
forrtl: error (78): process killed (SIGTERM)
Image              PC                Routine            Line        Source             
pw.x               00000000010225FA  Unknown               Unknown  Unknown
libpthread-2.17.s  00002AC2E092D5E0  Unknown               Unknown  Unknown
libmkl_avx512.so   00002AC2FADFA817  mkl_blas_avx512_z     Unknown  Unknown
forrtl: error (78): process killed (SIGTERM)
Image              PC                Routine            Line        Source             
pw.x               00000000010225FA  Unknown               Unknown  Unknown
libpthread-2.17.s  00002B7A164C45E0  Unknown               Unknown  Unknown
libmkl_avx512.so   00002B7A30990CF3  mkl_blas_avx512_z     Unknown  Unknown
forrtl: error (78): process killed (SIGTERM)
Image              PC                Routine            Line        Source             
pw.x               00000000010225FA  Unknown               Unknown  Unknown
libpthread-2.17.s  00002B7ADF1005E0  Unknown               Unknown  Unknown
libmkl_avx512.so   00002B7AF95CCA76  mkl_blas_avx512_z     Unknown  Unknown
forrtl: error (78): process killed (SIGTERM)
Image              PC                Routine            Line        Source             
pw.x               00000000010225FA  Unknown               Unknown  Unknown
libpthread-2.17.s  00002B69443A85E0  Unknown               Unknown  Unknown
libmkl_avx512.so   00002B695E875415  mkl_blas_avx512_z     Unknown  Unknown
forrtl: error (78): process killed (SIGTERM)
Image              PC                Routine            Line        Source             
pw.x               00000000010225FA  Unknown               Unknown  Unknown
libpthread-2.17.s  00002B01356B85E0  Unknown               Unknown  Unknown
libmkl_avx512.so   00002B014FB84C7E  mkl_blas_avx512_z     Unknown  Unknown
forrtl: error (78): process killed (SIGTERM)
Image              PC                Routine            Line        Source             
pw.x               00000000010225FA  Unknown               Unknown  Unknown
libpthread-2.17.s  00002AC2B28365E0  Unknown               Unknown  Unknown
libmkl_avx512.so   00002AC2CCD032C3  mkl_blas_avx512_z     Unknown  Unknown
forrtl: error (78): process killed (SIGTERM)
Image              PC                Routine            Line        Source             
pw.x               00000000010225FA  Unknown               Unknown  Unknown
libpthread-2.17.s  00002B12A5B915E0  Unknown               Unknown  Unknown
libmkl_avx512.so   00002B12C005E24D  mkl_blas_avx512_z     Unknown  Unknown
forrtl: error (78): process killed (SIGTERM)
Image              PC                Routine            Line        Source             
pw.x               00000000010225FA  Unknown               Unknown  Unknown
libpthread-2.17.s  00002AB120B7F5E0  Unknown               Unknown  Unknown
libmkl_avx512.so   00002AB13B04C41C  mkl_blas_avx512_z     Unknown  Unknown
forrtl: error (78): process killed (SIGTERM)
Image              PC                Routine            Line        Source             
pw.x               00000000010225FA  Unknown               Unknown  Unknown
libpthread-2.17.s  00002B8BCE47D5E0  Unknown               Unknown  Unknown
libmkl_avx512.so   00002B8BE8949AD5  mkl_blas_avx512_z     Unknown  Unknown
forrtl: error (78): process killed (SIGTERM)
Image              PC                Routine            Line        Source             
pw.x               00000000010225FA  Unknown               Unknown  Unknown
libpthread-2.17.s  00002BA4115745E0  Unknown               Unknown  Unknown
libmkl_avx512.so   00002BA42BA40B2C  mkl_blas_avx512_z     Unknown  Unknown
forrtl: error (78): process killed (SIGTERM)
Image              PC                Routine            Line        Source             
pw.x               00000000010225FA  Unknown               Unknown  Unknown
libpthread-2.17.s  00002B72548305E0  Unknown               Unknown  Unknown
libmkl_avx512.so   00002B726ECFD162  mkl_blas_avx512_z     Unknown  Unknown
