forrtl: error (78): process killed (SIGTERM)
Image              PC                Routine            Line        Source             
pw.x               00000000010225FA  Unknown               Unknown  Unknown
libpthread-2.17.s  00002B50E46745E0  Unknown               Unknown  Unknown
libmkl_avx512.so   00002B50FE8C9986  mkl_blas_avx512_z     Unknown  Unknown
forrtl: error (78): process killed (SIGTERM)
Image              PC                Routine            Line        Source             
pw.x               00000000010225FA  Unknown               Unknown  Unknown
libpthread-2.17.s  00002B83F7BCA5E0  Unknown               Unknown  Unknown
libmkl_avx512.so   00002B8411E20317  mkl_blas_avx512_z     Unknown  Unknown
forrtl: error (78): process killed (SIGTERM)
Image              PC                Routine            Line        Source             
pw.x               00000000010225FA  Unknown               Unknown  Unknown
libpthread-2.17.s  00002B1F022575E0  Unknown               Unknown  Unknown
libmpi.so.12.0     00002B1F012293AA  Unknown               Unknown  Unknown
libmpi.so.12.0     00002B1F0122A0C5  Unknown               Unknown  Unknown
libmpi.so.12       00002B1F0122DC2D  MPI_Barrier           Unknown  Unknown
libmpifort.so.12.  00002B1F00DC372C  pmpi_barrier          Unknown  Unknown
pw.x               0000000000F5C1B9  reduce_base_real_          60  mp_base.f90
pw.x               0000000000F447D6  mp_mp_mp_root_sum        1640  mp.f90
pw.x               0000000000871BC0  pcegterg_IP_compu        1597  cegterg.f90
pw.x               000000000086D995  pcegterg_                 924  cegterg.f90
pw.x               0000000000687E53  diag_bands_IP_dia        1028  c_bands.f90
pw.x               000000000068663C  diag_bands_               322  c_bands.f90
pw.x               0000000000685075  c_bands_                  132  c_bands.f90
pw.x               000000000040DEAE  electrons_scf_            689  electrons.f90
pw.x               000000000040B14D  electrons_                192  electrons.f90
pw.x               00000000005888D2  run_pwscf_                189  run_pwscf.f90
pw.x               00000000004084B4  MAIN__                     85  pwscf.f90
pw.x               000000000040831E  Unknown               Unknown  Unknown
libc-2.17.so       00002B1F02B2BC05  __libc_start_main     Unknown  Unknown
pw.x               0000000000408229  Unknown               Unknown  Unknown
forrtl: error (78): process killed (SIGTERM)
Image              PC                Routine            Line        Source             
pw.x               00000000010225FA  Unknown               Unknown  Unknown
libpthread-2.17.s  00002B5B551B35E0  Unknown               Unknown  Unknown
libmpi.so.12.0     00002B5B541853AA  Unknown               Unknown  Unknown
libmpi.so.12.0     00002B5B541860C5  Unknown               Unknown  Unknown
libmpi.so.12       00002B5B54189C2D  MPI_Barrier           Unknown  Unknown
libmpifort.so.12.  00002B5B53D1F72C  pmpi_barrier          Unknown  Unknown
pw.x               0000000000F5C1B9  reduce_base_real_          60  mp_base.f90
pw.x               0000000000F447D6  mp_mp_mp_root_sum        1640  mp.f90
pw.x               0000000000871BC0  pcegterg_IP_compu        1597  cegterg.f90
pw.x               000000000086D995  pcegterg_                 924  cegterg.f90
pw.x               0000000000687E53  diag_bands_IP_dia        1028  c_bands.f90
pw.x               000000000068663C  diag_bands_               322  c_bands.f90
pw.x               0000000000685075  c_bands_                  132  c_bands.f90
pw.x               000000000040DEAE  electrons_scf_            689  electrons.f90
pw.x               000000000040B14D  electrons_                192  electrons.f90
pw.x               00000000005888D2  run_pwscf_                189  run_pwscf.f90
pw.x               00000000004084B4  MAIN__                     85  pwscf.f90
pw.x               000000000040831E  Unknown               Unknown  Unknown
libc-2.17.so       00002B5B55A87C05  __libc_start_main     Unknown  Unknown
pw.x               0000000000408229  Unknown               Unknown  Unknown
forrtl: error (78): process killed (SIGTERM)
Image              PC                Routine            Line        Source             
pw.x               00000000010225FA  Unknown               Unknown  Unknown
libpthread-2.17.s  00002ADE8355E5E0  Unknown               Unknown  Unknown
libmpi.so.12.0     00002ADE825303AA  Unknown               Unknown  Unknown
libmpi.so.12.0     00002ADE825310C5  Unknown               Unknown  Unknown
libmpi.so.12       00002ADE82534C2D  MPI_Barrier           Unknown  Unknown
libmpifort.so.12.  00002ADE820CA72C  pmpi_barrier          Unknown  Unknown
pw.x               0000000000F5C1B9  reduce_base_real_          60  mp_base.f90
pw.x               0000000000F447D6  mp_mp_mp_root_sum        1640  mp.f90
pw.x               0000000000871BC0  pcegterg_IP_compu        1597  cegterg.f90
pw.x               000000000086D995  pcegterg_                 924  cegterg.f90
pw.x               0000000000687E53  diag_bands_IP_dia        1028  c_bands.f90
pw.x               000000000068663C  diag_bands_               322  c_bands.f90
pw.x               0000000000685075  c_bands_                  132  c_bands.f90
pw.x               000000000040DEAE  electrons_scf_            689  electrons.f90
pw.x               000000000040B14D  electrons_                192  electrons.f90
pw.x               00000000005888D2  run_pwscf_                189  run_pwscf.f90
pw.x               00000000004084B4  MAIN__                     85  pwscf.f90
pw.x               000000000040831E  Unknown               Unknown  Unknown
libc-2.17.so       00002ADE83E32C05  __libc_start_main     Unknown  Unknown
pw.x               0000000000408229  Unknown               Unknown  Unknown
forrtl: error (78): process killed (SIGTERM)
Image              PC                Routine            Line        Source             
pw.x               00000000010225FA  Unknown               Unknown  Unknown
libpthread-2.17.s  00002B4445DEE5E0  Unknown               Unknown  Unknown
libmpi.so.12.0     00002B4444DC01A2  Unknown               Unknown  Unknown
libmpi.so.12.0     00002B4444DC0FAE  Unknown               Unknown  Unknown
libmpi.so.12       00002B4444DC4C2D  MPI_Barrier           Unknown  Unknown
libmpifort.so.12.  00002B444495A72C  pmpi_barrier          Unknown  Unknown
pw.x               0000000000F5C1B9  reduce_base_real_          60  mp_base.f90
pw.x               0000000000F447D6  mp_mp_mp_root_sum        1640  mp.f90
pw.x               0000000000871BC0  pcegterg_IP_compu        1597  cegterg.f90
pw.x               000000000086D995  pcegterg_                 924  cegterg.f90
pw.x               0000000000687E53  diag_bands_IP_dia        1028  c_bands.f90
pw.x               000000000068663C  diag_bands_               322  c_bands.f90
pw.x               0000000000685075  c_bands_                  132  c_bands.f90
pw.x               000000000040DEAE  electrons_scf_            689  electrons.f90
pw.x               000000000040B14D  electrons_                192  electrons.f90
pw.x               00000000005888D2  run_pwscf_                189  run_pwscf.f90
pw.x               00000000004084B4  MAIN__                     85  pwscf.f90
pw.x               000000000040831E  Unknown               Unknown  Unknown
libc-2.17.so       00002B44466C2C05  __libc_start_main     Unknown  Unknown
pw.x               0000000000408229  Unknown               Unknown  Unknown
forrtl: error (78): process killed (SIGTERM)
Image              PC                Routine            Line        Source             
pw.x               00000000010225FA  Unknown               Unknown  Unknown
libpthread-2.17.s  00002B9E923D55E0  Unknown               Unknown  Unknown
libmpi.so.12.0     00002B9E913A73AA  Unknown               Unknown  Unknown
libmpi.so.12.0     00002B9E913A80C5  Unknown               Unknown  Unknown
libmpi.so.12       00002B9E913ABC2D  MPI_Barrier           Unknown  Unknown
libmpifort.so.12.  00002B9E90F4172C  pmpi_barrier          Unknown  Unknown
pw.x               0000000000F5C1B9  reduce_base_real_          60  mp_base.f90
pw.x               0000000000F447D6  mp_mp_mp_root_sum        1640  mp.f90
pw.x               0000000000871BC0  pcegterg_IP_compu        1597  cegterg.f90
pw.x               000000000086D995  pcegterg_                 924  cegterg.f90
pw.x               0000000000687E53  diag_bands_IP_dia        1028  c_bands.f90
pw.x               000000000068663C  diag_bands_               322  c_bands.f90
pw.x               0000000000685075  c_bands_                  132  c_bands.f90
pw.x               000000000040DEAE  electrons_scf_            689  electrons.f90
pw.x               000000000040B14D  electrons_                192  electrons.f90
pw.x               00000000005888D2  run_pwscf_                189  run_pwscf.f90
pw.x               00000000004084B4  MAIN__                     85  pwscf.f90
pw.x               000000000040831E  Unknown               Unknown  Unknown
libc-2.17.so       00002B9E92CA9C05  __libc_start_main     Unknown  Unknown
pw.x               0000000000408229  Unknown               Unknown  Unknown
forrtl: error (78): process killed (SIGTERM)
Image              PC                Routine            Line        Source             
pw.x               00000000010225FA  Unknown               Unknown  Unknown
libpthread-2.17.s  00002B0A29D755E0  Unknown               Unknown  Unknown
libmpi.so.12.0     00002B0A28D473AA  Unknown               Unknown  Unknown
libmpi.so.12.0     00002B0A28D480C5  Unknown               Unknown  Unknown
libmpi.so.12       00002B0A28D4BC2D  MPI_Barrier           Unknown  Unknown
libmpifort.so.12.  00002B0A288E172C  pmpi_barrier          Unknown  Unknown
pw.x               0000000000F5C1B9  reduce_base_real_          60  mp_base.f90
pw.x               0000000000F447D6  mp_mp_mp_root_sum        1640  mp.f90
pw.x               0000000000871BC0  pcegterg_IP_compu        1597  cegterg.f90
pw.x               000000000086D995  pcegterg_                 924  cegterg.f90
pw.x               0000000000687E53  diag_bands_IP_dia        1028  c_bands.f90
pw.x               000000000068663C  diag_bands_               322  c_bands.f90
pw.x               0000000000685075  c_bands_                  132  c_bands.f90
pw.x               000000000040DEAE  electrons_scf_            689  electrons.f90
pw.x               000000000040B14D  electrons_                192  electrons.f90
pw.x               00000000005888D2  run_pwscf_                189  run_pwscf.f90
pw.x               00000000004084B4  MAIN__                     85  pwscf.f90
pw.x               000000000040831E  Unknown               Unknown  Unknown
libc-2.17.so       00002B0A2A649C05  __libc_start_main     Unknown  Unknown
pw.x               0000000000408229  Unknown               Unknown  Unknown
forrtl: error (78): process killed (SIGTERM)
Image              PC                Routine            Line        Source             
pw.x               00000000010225FA  Unknown               Unknown  Unknown
libpthread-2.17.s  00002B669D6395E0  Unknown               Unknown  Unknown
libmpi.so.12.0     00002B669C60B3AA  Unknown               Unknown  Unknown
libmpi.so.12.0     00002B669C60C0C5  Unknown               Unknown  Unknown
libmpi.so.12       00002B669C60FC2D  MPI_Barrier           Unknown  Unknown
libmpifort.so.12.  00002B669C1A572C  pmpi_barrier          Unknown  Unknown
pw.x               0000000000F5C1B9  reduce_base_real_          60  mp_base.f90
pw.x               0000000000F447D6  mp_mp_mp_root_sum        1640  mp.f90
pw.x               0000000000871BC0  pcegterg_IP_compu        1597  cegterg.f90
pw.x               000000000086D995  pcegterg_                 924  cegterg.f90
pw.x               0000000000687E53  diag_bands_IP_dia        1028  c_bands.f90
pw.x               000000000068663C  diag_bands_               322  c_bands.f90
pw.x               0000000000685075  c_bands_                  132  c_bands.f90
pw.x               000000000040DEAE  electrons_scf_            689  electrons.f90
pw.x               000000000040B14D  electrons_                192  electrons.f90
pw.x               00000000005888D2  run_pwscf_                189  run_pwscf.f90
pw.x               00000000004084B4  MAIN__                     85  pwscf.f90
pw.x               000000000040831E  Unknown               Unknown  Unknown
libc-2.17.so       00002B669DF0DC05  __libc_start_main     Unknown  Unknown
pw.x               0000000000408229  Unknown               Unknown  Unknown
forrtl: error (78): process killed (SIGTERM)
Image              PC                Routine            Line        Source             
pw.x               00000000010225FA  Unknown               Unknown  Unknown
libpthread-2.17.s  00002B2BDCBFC5E0  Unknown               Unknown  Unknown
libmpi.so.12.0     00002B2BDBBCE3AA  Unknown               Unknown  Unknown
libmpi.so.12.0     00002B2BDBBCF0C5  Unknown               Unknown  Unknown
libmpi.so.12       00002B2BDBBD2C2D  MPI_Barrier           Unknown  Unknown
libmpifort.so.12.  00002B2BDB76872C  pmpi_barrier          Unknown  Unknown
pw.x               0000000000F5C1B9  reduce_base_real_          60  mp_base.f90
pw.x               0000000000F447D6  mp_mp_mp_root_sum        1640  mp.f90
pw.x               0000000000871BC0  pcegterg_IP_compu        1597  cegterg.f90
pw.x               000000000086D995  pcegterg_                 924  cegterg.f90
pw.x               0000000000687E53  diag_bands_IP_dia        1028  c_bands.f90
pw.x               000000000068663C  diag_bands_               322  c_bands.f90
pw.x               0000000000685075  c_bands_                  132  c_bands.f90
pw.x               000000000040DEAE  electrons_scf_            689  electrons.f90
pw.x               000000000040B14D  electrons_                192  electrons.f90
pw.x               00000000005888D2  run_pwscf_                189  run_pwscf.f90
pw.x               00000000004084B4  MAIN__                     85  pwscf.f90
pw.x               000000000040831E  Unknown               Unknown  Unknown
libc-2.17.so       00002B2BDD4D0C05  __libc_start_main     Unknown  Unknown
pw.x               0000000000408229  Unknown               Unknown  Unknown
forrtl: error (78): process killed (SIGTERM)
Image              PC                Routine            Line        Source             
pw.x               00000000010225FA  Unknown               Unknown  Unknown
libpthread-2.17.s  00002B4F8D6B85E0  Unknown               Unknown  Unknown
libmpi.so.12.0     00002B4F8C68A3AA  Unknown               Unknown  Unknown
libmpi.so.12.0     00002B4F8C68B0C5  Unknown               Unknown  Unknown
libmpi.so.12       00002B4F8C68EC2D  MPI_Barrier           Unknown  Unknown
libmpifort.so.12.  00002B4F8C22472C  pmpi_barrier          Unknown  Unknown
pw.x               0000000000F5C1B9  reduce_base_real_          60  mp_base.f90
pw.x               0000000000F447D6  mp_mp_mp_root_sum        1640  mp.f90
pw.x               0000000000871BC0  pcegterg_IP_compu        1597  cegterg.f90
pw.x               000000000086D995  pcegterg_                 924  cegterg.f90
pw.x               0000000000687E53  diag_bands_IP_dia        1028  c_bands.f90
pw.x               000000000068663C  diag_bands_               322  c_bands.f90
pw.x               0000000000685075  c_bands_                  132  c_bands.f90
pw.x               000000000040DEAE  electrons_scf_            689  electrons.f90
pw.x               000000000040B14D  electrons_                192  electrons.f90
pw.x               00000000005888D2  run_pwscf_                189  run_pwscf.f90
pw.x               00000000004084B4  MAIN__                     85  pwscf.f90
pw.x               000000000040831E  Unknown               Unknown  Unknown
libc-2.17.so       00002B4F8DF8CC05  __libc_start_main     Unknown  Unknown
pw.x               0000000000408229  Unknown               Unknown  Unknown
forrtl: error (78): process killed (SIGTERM)
Image              PC                Routine            Line        Source             
pw.x               00000000010225FA  Unknown               Unknown  Unknown
libpthread-2.17.s  00002B2CF7F905E0  Unknown               Unknown  Unknown
libmpi.so.12.0     00002B2CF6F623AA  Unknown               Unknown  Unknown
libmpi.so.12.0     00002B2CF6F630C5  Unknown               Unknown  Unknown
libmpi.so.12       00002B2CF6F66C2D  MPI_Barrier           Unknown  Unknown
libmpifort.so.12.  00002B2CF6AFC72C  pmpi_barrier          Unknown  Unknown
pw.x               0000000000F5C1B9  reduce_base_real_          60  mp_base.f90
pw.x               0000000000F447D6  mp_mp_mp_root_sum        1640  mp.f90
pw.x               0000000000871BC0  pcegterg_IP_compu        1597  cegterg.f90
pw.x               000000000086D995  pcegterg_                 924  cegterg.f90
pw.x               0000000000687E53  diag_bands_IP_dia        1028  c_bands.f90
pw.x               000000000068663C  diag_bands_               322  c_bands.f90
pw.x               0000000000685075  c_bands_                  132  c_bands.f90
pw.x               000000000040DEAE  electrons_scf_            689  electrons.f90
pw.x               000000000040B14D  electrons_                192  electrons.f90
pw.x               00000000005888D2  run_pwscf_                189  run_pwscf.f90
pw.x               00000000004084B4  MAIN__                     85  pwscf.f90
pw.x               000000000040831E  Unknown               Unknown  Unknown
libc-2.17.so       00002B2CF8864C05  __libc_start_main     Unknown  Unknown
pw.x               0000000000408229  Unknown               Unknown  Unknown
forrtl: error (78): process killed (SIGTERM)
Image              PC                Routine            Line        Source             
pw.x               00000000010225FA  Unknown               Unknown  Unknown
libpthread-2.17.s  00002B8F37C7F5E0  Unknown               Unknown  Unknown
libmpi.so.12.0     00002B8F36C513AA  Unknown               Unknown  Unknown
libmpi.so.12.0     00002B8F36C520C5  Unknown               Unknown  Unknown
libmpi.so.12       00002B8F36C55C2D  MPI_Barrier           Unknown  Unknown
libmpifort.so.12.  00002B8F367EB72C  pmpi_barrier          Unknown  Unknown
pw.x               0000000000F5C1B9  reduce_base_real_          60  mp_base.f90
pw.x               0000000000F447D6  mp_mp_mp_root_sum        1640  mp.f90
pw.x               0000000000871BC0  pcegterg_IP_compu        1597  cegterg.f90
pw.x               000000000086D995  pcegterg_                 924  cegterg.f90
pw.x               0000000000687E53  diag_bands_IP_dia        1028  c_bands.f90
pw.x               000000000068663C  diag_bands_               322  c_bands.f90
pw.x               0000000000685075  c_bands_                  132  c_bands.f90
pw.x               000000000040DEAE  electrons_scf_            689  electrons.f90
pw.x               000000000040B14D  electrons_                192  electrons.f90
pw.x               00000000005888D2  run_pwscf_                189  run_pwscf.f90
pw.x               00000000004084B4  MAIN__                     85  pwscf.f90
pw.x               000000000040831E  Unknown               Unknown  Unknown
libc-2.17.so       00002B8F38553C05  __libc_start_main     Unknown  Unknown
pw.x               0000000000408229  Unknown               Unknown  Unknown
forrtl: error (78): process killed (SIGTERM)
Image              PC                Routine            Line        Source             
pw.x               00000000010225FA  Unknown               Unknown  Unknown
libpthread-2.17.s  00002AEA60ABB5E0  Unknown               Unknown  Unknown
libmpi.so.12.0     00002AEA5FA8D3AA  Unknown               Unknown  Unknown
libmpi.so.12.0     00002AEA5FA8E0C5  Unknown               Unknown  Unknown
libmpi.so.12       00002AEA5FA91C2D  MPI_Barrier           Unknown  Unknown
libmpifort.so.12.  00002AEA5F62772C  pmpi_barrier          Unknown  Unknown
pw.x               0000000000F5C1B9  reduce_base_real_          60  mp_base.f90
pw.x               0000000000F447D6  mp_mp_mp_root_sum        1640  mp.f90
pw.x               0000000000871BC0  pcegterg_IP_compu        1597  cegterg.f90
pw.x               000000000086D995  pcegterg_                 924  cegterg.f90
pw.x               0000000000687E53  diag_bands_IP_dia        1028  c_bands.f90
pw.x               000000000068663C  diag_bands_               322  c_bands.f90
pw.x               0000000000685075  c_bands_                  132  c_bands.f90
pw.x               000000000040DEAE  electrons_scf_            689  electrons.f90
pw.x               000000000040B14D  electrons_                192  electrons.f90
pw.x               00000000005888D2  run_pwscf_                189  run_pwscf.f90
pw.x               00000000004084B4  MAIN__                     85  pwscf.f90
pw.x               000000000040831E  Unknown               Unknown  Unknown
libc-2.17.so       00002AEA6138FC05  __libc_start_main     Unknown  Unknown
pw.x               0000000000408229  Unknown               Unknown  Unknown
forrtl: error (78): process killed (SIGTERM)
Image              PC                Routine            Line        Source             
pw.x               00000000010225FA  Unknown               Unknown  Unknown
libpthread-2.17.s  00002ACAF7A5A5E0  Unknown               Unknown  Unknown
libmpi.so.12.0     00002ACAF6A2C3AA  Unknown               Unknown  Unknown
libmpi.so.12.0     00002ACAF6A2D0C5  Unknown               Unknown  Unknown
libmpi.so.12       00002ACAF6A30C2D  MPI_Barrier           Unknown  Unknown
libmpifort.so.12.  00002ACAF65C672C  pmpi_barrier          Unknown  Unknown
pw.x               0000000000F5C1B9  reduce_base_real_          60  mp_base.f90
pw.x               0000000000F447D6  mp_mp_mp_root_sum        1640  mp.f90
pw.x               0000000000871BC0  pcegterg_IP_compu        1597  cegterg.f90
pw.x               000000000086D995  pcegterg_                 924  cegterg.f90
pw.x               0000000000687E53  diag_bands_IP_dia        1028  c_bands.f90
pw.x               000000000068663C  diag_bands_               322  c_bands.f90
pw.x               0000000000685075  c_bands_                  132  c_bands.f90
pw.x               000000000040DEAE  electrons_scf_            689  electrons.f90
pw.x               000000000040B14D  electrons_                192  electrons.f90
pw.x               00000000005888D2  run_pwscf_                189  run_pwscf.f90
pw.x               00000000004084B4  MAIN__                     85  pwscf.f90
pw.x               000000000040831E  Unknown               Unknown  Unknown
libc-2.17.so       00002ACAF832EC05  __libc_start_main     Unknown  Unknown
pw.x               0000000000408229  Unknown               Unknown  Unknown
forrtl: error (78): process killed (SIGTERM)
Image              PC                Routine            Line        Source             
pw.x               00000000010225FA  Unknown               Unknown  Unknown
libpthread-2.17.s  00002B88D06515E0  Unknown               Unknown  Unknown
libmpi.so.12.0     00002B88CF6233AA  Unknown               Unknown  Unknown
libmpi.so.12.0     00002B88CF6240C5  Unknown               Unknown  Unknown
libmpi.so.12       00002B88CF627C2D  MPI_Barrier           Unknown  Unknown
libmpifort.so.12.  00002B88CF1BD72C  pmpi_barrier          Unknown  Unknown
pw.x               0000000000F5C1B9  reduce_base_real_          60  mp_base.f90
pw.x               0000000000F447D6  mp_mp_mp_root_sum        1640  mp.f90
pw.x               0000000000871BC0  pcegterg_IP_compu        1597  cegterg.f90
pw.x               000000000086D995  pcegterg_                 924  cegterg.f90
pw.x               0000000000687E53  diag_bands_IP_dia        1028  c_bands.f90
pw.x               000000000068663C  diag_bands_               322  c_bands.f90
pw.x               0000000000685075  c_bands_                  132  c_bands.f90
pw.x               000000000040DEAE  electrons_scf_            689  electrons.f90
pw.x               000000000040B14D  electrons_                192  electrons.f90
pw.x               00000000005888D2  run_pwscf_                189  run_pwscf.f90
pw.x               00000000004084B4  MAIN__                     85  pwscf.f90
pw.x               000000000040831E  Unknown               Unknown  Unknown
libc-2.17.so       00002B88D0F25C05  __libc_start_main     Unknown  Unknown
pw.x               0000000000408229  Unknown               Unknown  Unknown
forrtl: error (78): process killed (SIGTERM)
Image              PC                Routine            Line        Source             
pw.x               00000000010225FA  Unknown               Unknown  Unknown
libpthread-2.17.s  00002B95414365E0  Unknown               Unknown  Unknown
libmpi.so.12.0     00002B95404083AA  Unknown               Unknown  Unknown
libmpi.so.12.0     00002B95404090C5  Unknown               Unknown  Unknown
libmpi.so.12       00002B954040CC2D  MPI_Barrier           Unknown  Unknown
libmpifort.so.12.  00002B953FFA272C  pmpi_barrier          Unknown  Unknown
pw.x               0000000000F5C1B9  reduce_base_real_          60  mp_base.f90
pw.x               0000000000F447D6  mp_mp_mp_root_sum        1640  mp.f90
pw.x               0000000000871BC0  pcegterg_IP_compu        1597  cegterg.f90
pw.x               000000000086D995  pcegterg_                 924  cegterg.f90
pw.x               0000000000687E53  diag_bands_IP_dia        1028  c_bands.f90
pw.x               000000000068663C  diag_bands_               322  c_bands.f90
pw.x               0000000000685075  c_bands_                  132  c_bands.f90
pw.x               000000000040DEAE  electrons_scf_            689  electrons.f90
pw.x               000000000040B14D  electrons_                192  electrons.f90
pw.x               00000000005888D2  run_pwscf_                189  run_pwscf.f90
pw.x               00000000004084B4  MAIN__                     85  pwscf.f90
pw.x               000000000040831E  Unknown               Unknown  Unknown
libc-2.17.so       00002B9541D0AC05  __libc_start_main     Unknown  Unknown
pw.x               0000000000408229  Unknown               Unknown  Unknown
forrtl: error (78): process killed (SIGTERM)
Image              PC                Routine            Line        Source             
pw.x               00000000010225FA  Unknown               Unknown  Unknown
libpthread-2.17.s  00002B03058125E0  Unknown               Unknown  Unknown
libmpi.so.12.0     00002B03047E43AA  Unknown               Unknown  Unknown
libmpi.so.12.0     00002B03047E50C5  Unknown               Unknown  Unknown
libmpi.so.12       00002B03047E8C2D  MPI_Barrier           Unknown  Unknown
libmpifort.so.12.  00002B030437E72C  pmpi_barrier          Unknown  Unknown
pw.x               0000000000F5C1B9  reduce_base_real_          60  mp_base.f90
pw.x               0000000000F447D6  mp_mp_mp_root_sum        1640  mp.f90
pw.x               0000000000871BC0  pcegterg_IP_compu        1597  cegterg.f90
pw.x               000000000086D995  pcegterg_                 924  cegterg.f90
pw.x               0000000000687E53  diag_bands_IP_dia        1028  c_bands.f90
pw.x               000000000068663C  diag_bands_               322  c_bands.f90
pw.x               0000000000685075  c_bands_                  132  c_bands.f90
pw.x               000000000040DEAE  electrons_scf_            689  electrons.f90
pw.x               000000000040B14D  electrons_                192  electrons.f90
pw.x               00000000005888D2  run_pwscf_                189  run_pwscf.f90
pw.x               00000000004084B4  MAIN__                     85  pwscf.f90
pw.x               000000000040831E  Unknown               Unknown  Unknown
libc-2.17.so       00002B03060E6C05  __libc_start_main     Unknown  Unknown
pw.x               0000000000408229  Unknown               Unknown  Unknown
forrtl: error (78): process killed (SIGTERM)
Image              PC                Routine            Line        Source             
pw.x               00000000010225FA  Unknown               Unknown  Unknown
libpthread-2.17.s  00002B9A6C3265E0  Unknown               Unknown  Unknown
libmpi.so.12.0     00002B9A6B2F83AF  Unknown               Unknown  Unknown
libmpi.so.12.0     00002B9A6B2F90C5  Unknown               Unknown  Unknown
libmpi.so.12       00002B9A6B2FCC2D  MPI_Barrier           Unknown  Unknown
libmpifort.so.12.  00002B9A6AE9272C  pmpi_barrier          Unknown  Unknown
pw.x               0000000000F5C1B9  reduce_base_real_          60  mp_base.f90
pw.x               0000000000F447D6  mp_mp_mp_root_sum        1640  mp.f90
pw.x               0000000000871BC0  pcegterg_IP_compu        1597  cegterg.f90
pw.x               000000000086D995  pcegterg_                 924  cegterg.f90
pw.x               0000000000687E53  diag_bands_IP_dia        1028  c_bands.f90
pw.x               000000000068663C  diag_bands_               322  c_bands.f90
pw.x               0000000000685075  c_bands_                  132  c_bands.f90
pw.x               000000000040DEAE  electrons_scf_            689  electrons.f90
pw.x               000000000040B14D  electrons_                192  electrons.f90
pw.x               00000000005888D2  run_pwscf_                189  run_pwscf.f90
pw.x               00000000004084B4  MAIN__                     85  pwscf.f90
pw.x               000000000040831E  Unknown               Unknown  Unknown
libc-2.17.so       00002B9A6CBFAC05  __libc_start_main     Unknown  Unknown
pw.x               0000000000408229  Unknown               Unknown  Unknown
forrtl: error (78): process killed (SIGTERM)
Image              PC                Routine            Line        Source             
pw.x               00000000010225FA  Unknown               Unknown  Unknown
libpthread-2.17.s  00002B4B4AD4F5E0  Unknown               Unknown  Unknown
libmpi.so.12.0     00002B4B49D213AA  Unknown               Unknown  Unknown
libmpi.so.12.0     00002B4B49D220C5  Unknown               Unknown  Unknown
libmpi.so.12       00002B4B49D25C2D  MPI_Barrier           Unknown  Unknown
libmpifort.so.12.  00002B4B498BB72C  pmpi_barrier          Unknown  Unknown
pw.x               0000000000F5C1B9  reduce_base_real_          60  mp_base.f90
pw.x               0000000000F447D6  mp_mp_mp_root_sum        1640  mp.f90
pw.x               0000000000871BC0  pcegterg_IP_compu        1597  cegterg.f90
pw.x               000000000086D995  pcegterg_                 924  cegterg.f90
pw.x               0000000000687E53  diag_bands_IP_dia        1028  c_bands.f90
pw.x               000000000068663C  diag_bands_               322  c_bands.f90
pw.x               0000000000685075  c_bands_                  132  c_bands.f90
pw.x               000000000040DEAE  electrons_scf_            689  electrons.f90
pw.x               000000000040B14D  electrons_                192  electrons.f90
pw.x               00000000005888D2  run_pwscf_                189  run_pwscf.f90
pw.x               00000000004084B4  MAIN__                     85  pwscf.f90
pw.x               000000000040831E  Unknown               Unknown  Unknown
libc-2.17.so       00002B4B4B623C05  __libc_start_main     Unknown  Unknown
pw.x               0000000000408229  Unknown               Unknown  Unknown
forrtl: error (78): process killed (SIGTERM)
Image              PC                Routine            Line        Source             
pw.x               00000000010225FA  Unknown               Unknown  Unknown
libpthread-2.17.s  00002BA66180E5E0  Unknown               Unknown  Unknown
libmpi.so.12.0     00002BA6607E03AA  Unknown               Unknown  Unknown
libmpi.so.12.0     00002BA6607E10C5  Unknown               Unknown  Unknown
libmpi.so.12       00002BA6607E4C2D  MPI_Barrier           Unknown  Unknown
libmpifort.so.12.  00002BA66037A72C  pmpi_barrier          Unknown  Unknown
pw.x               0000000000F5C1B9  reduce_base_real_          60  mp_base.f90
pw.x               0000000000F447D6  mp_mp_mp_root_sum        1640  mp.f90
pw.x               0000000000871BC0  pcegterg_IP_compu        1597  cegterg.f90
pw.x               000000000086D995  pcegterg_                 924  cegterg.f90
pw.x               0000000000687E53  diag_bands_IP_dia        1028  c_bands.f90
pw.x               000000000068663C  diag_bands_               322  c_bands.f90
pw.x               0000000000685075  c_bands_                  132  c_bands.f90
pw.x               000000000040DEAE  electrons_scf_            689  electrons.f90
pw.x               000000000040B14D  electrons_                192  electrons.f90
pw.x               00000000005888D2  run_pwscf_                189  run_pwscf.f90
pw.x               00000000004084B4  MAIN__                     85  pwscf.f90
pw.x               000000000040831E  Unknown               Unknown  Unknown
libc-2.17.so       00002BA6620E2C05  __libc_start_main     Unknown  Unknown
pw.x               0000000000408229  Unknown               Unknown  Unknown
forrtl: error (78): process killed (SIGTERM)
Image              PC                Routine            Line        Source             
pw.x               00000000010225FA  Unknown               Unknown  Unknown
libpthread-2.17.s  00002ADFAA40D5E0  Unknown               Unknown  Unknown
libmpi.so.12.0     00002ADFA93DF3AA  Unknown               Unknown  Unknown
libmpi.so.12.0     00002ADFA93E00C5  Unknown               Unknown  Unknown
libmpi.so.12       00002ADFA93E3C2D  MPI_Barrier           Unknown  Unknown
libmpifort.so.12.  00002ADFA8F7972C  pmpi_barrier          Unknown  Unknown
pw.x               0000000000F5C1B9  reduce_base_real_          60  mp_base.f90
pw.x               0000000000F447D6  mp_mp_mp_root_sum        1640  mp.f90
pw.x               0000000000871BC0  pcegterg_IP_compu        1597  cegterg.f90
pw.x               000000000086D995  pcegterg_                 924  cegterg.f90
pw.x               0000000000687E53  diag_bands_IP_dia        1028  c_bands.f90
pw.x               000000000068663C  diag_bands_               322  c_bands.f90
pw.x               0000000000685075  c_bands_                  132  c_bands.f90
pw.x               000000000040DEAE  electrons_scf_            689  electrons.f90
pw.x               000000000040B14D  electrons_                192  electrons.f90
pw.x               00000000005888D2  run_pwscf_                189  run_pwscf.f90
pw.x               00000000004084B4  MAIN__                     85  pwscf.f90
pw.x               000000000040831E  Unknown               Unknown  Unknown
libc-2.17.so       00002ADFAACE1C05  __libc_start_main     Unknown  Unknown
pw.x               0000000000408229  Unknown               Unknown  Unknown
forrtl: error (78): process killed (SIGTERM)
Image              PC                Routine            Line        Source             
pw.x               00000000010225FA  Unknown               Unknown  Unknown
libpthread-2.17.s  00002AB1750B65E0  Unknown               Unknown  Unknown
libmpi.so.12.0     00002AB1740883AA  Unknown               Unknown  Unknown
libmpi.so.12.0     00002AB1740890C5  Unknown               Unknown  Unknown
libmpi.so.12       00002AB17408CC2D  MPI_Barrier           Unknown  Unknown
libmpifort.so.12.  00002AB173C2272C  pmpi_barrier          Unknown  Unknown
pw.x               0000000000F5C1B9  reduce_base_real_          60  mp_base.f90
pw.x               0000000000F447D6  mp_mp_mp_root_sum        1640  mp.f90
pw.x               0000000000871BC0  pcegterg_IP_compu        1597  cegterg.f90
pw.x               000000000086D995  pcegterg_                 924  cegterg.f90
pw.x               0000000000687E53  diag_bands_IP_dia        1028  c_bands.f90
pw.x               000000000068663C  diag_bands_               322  c_bands.f90
pw.x               0000000000685075  c_bands_                  132  c_bands.f90
pw.x               000000000040DEAE  electrons_scf_            689  electrons.f90
pw.x               000000000040B14D  electrons_                192  electrons.f90
pw.x               00000000005888D2  run_pwscf_                189  run_pwscf.f90
pw.x               00000000004084B4  MAIN__                     85  pwscf.f90
pw.x               000000000040831E  Unknown               Unknown  Unknown
libc-2.17.so       00002AB17598AC05  __libc_start_main     Unknown  Unknown
pw.x               0000000000408229  Unknown               Unknown  Unknown
forrtl: error (78): process killed (SIGTERM)
Image              PC                Routine            Line        Source             
pw.x               00000000010225FA  Unknown               Unknown  Unknown
libpthread-2.17.s  00002AC94ECEF5E0  Unknown               Unknown  Unknown
libmpi.so.12.0     00002AC94DCC13AA  Unknown               Unknown  Unknown
libmpi.so.12.0     00002AC94DCC20C5  Unknown               Unknown  Unknown
libmpi.so.12       00002AC94DCC5C2D  MPI_Barrier           Unknown  Unknown
libmpifort.so.12.  00002AC94D85B72C  pmpi_barrier          Unknown  Unknown
pw.x               0000000000F5C1B9  reduce_base_real_          60  mp_base.f90
pw.x               0000000000F447D6  mp_mp_mp_root_sum        1640  mp.f90
pw.x               0000000000871BC0  pcegterg_IP_compu        1597  cegterg.f90
pw.x               000000000086D995  pcegterg_                 924  cegterg.f90
pw.x               0000000000687E53  diag_bands_IP_dia        1028  c_bands.f90
pw.x               000000000068663C  diag_bands_               322  c_bands.f90
pw.x               0000000000685075  c_bands_                  132  c_bands.f90
pw.x               000000000040DEAE  electrons_scf_            689  electrons.f90
pw.x               000000000040B14D  electrons_                192  electrons.f90
pw.x               00000000005888D2  run_pwscf_                189  run_pwscf.f90
pw.x               00000000004084B4  MAIN__                     85  pwscf.f90
pw.x               000000000040831E  Unknown               Unknown  Unknown
libc-2.17.so       00002AC94F5C3C05  __libc_start_main     Unknown  Unknown
pw.x               0000000000408229  Unknown               Unknown  Unknown
forrtl: error (78): process killed (SIGTERM)
Image              PC                Routine            Line        Source             
pw.x               00000000010225FA  Unknown               Unknown  Unknown
libpthread-2.17.s  00002AB37300B5E0  Unknown               Unknown  Unknown
libmpi.so.12.0     00002AB371FDD3AA  Unknown               Unknown  Unknown
libmpi.so.12.0     00002AB371FDE0C5  Unknown               Unknown  Unknown
libmpi.so.12       00002AB371FE1C2D  MPI_Barrier           Unknown  Unknown
libmpifort.so.12.  00002AB371B7772C  pmpi_barrier          Unknown  Unknown
pw.x               0000000000F5C1B9  reduce_base_real_          60  mp_base.f90
pw.x               0000000000F447D6  mp_mp_mp_root_sum        1640  mp.f90
pw.x               0000000000871BC0  pcegterg_IP_compu        1597  cegterg.f90
pw.x               000000000086D995  pcegterg_                 924  cegterg.f90
pw.x               0000000000687E53  diag_bands_IP_dia        1028  c_bands.f90
pw.x               000000000068663C  diag_bands_               322  c_bands.f90
pw.x               0000000000685075  c_bands_                  132  c_bands.f90
pw.x               000000000040DEAE  electrons_scf_            689  electrons.f90
pw.x               000000000040B14D  electrons_                192  electrons.f90
pw.x               00000000005888D2  run_pwscf_                189  run_pwscf.f90
pw.x               00000000004084B4  MAIN__                     85  pwscf.f90
pw.x               000000000040831E  Unknown               Unknown  Unknown
libc-2.17.so       00002AB3738DFC05  __libc_start_main     Unknown  Unknown
pw.x               0000000000408229  Unknown               Unknown  Unknown
forrtl: error (78): process killed (SIGTERM)
Image              PC                Routine            Line        Source             
pw.x               00000000010225FA  Unknown               Unknown  Unknown
libpthread-2.17.s  00002B70718B95E0  Unknown               Unknown  Unknown
libmpi.so.12.0     00002B707088B3AA  Unknown               Unknown  Unknown
libmpi.so.12.0     00002B707088C0C5  Unknown               Unknown  Unknown
libmpi.so.12       00002B707088FC2D  MPI_Barrier           Unknown  Unknown
libmpifort.so.12.  00002B707042572C  pmpi_barrier          Unknown  Unknown
pw.x               0000000000F5C1B9  reduce_base_real_          60  mp_base.f90
pw.x               0000000000F447D6  mp_mp_mp_root_sum        1640  mp.f90
pw.x               0000000000871BC0  pcegterg_IP_compu        1597  cegterg.f90
pw.x               000000000086D995  pcegterg_                 924  cegterg.f90
pw.x               0000000000687E53  diag_bands_IP_dia        1028  c_bands.f90
pw.x               000000000068663C  diag_bands_               322  c_bands.f90
pw.x               0000000000685075  c_bands_                  132  c_bands.f90
pw.x               000000000040DEAE  electrons_scf_            689  electrons.f90
pw.x               000000000040B14D  electrons_                192  electrons.f90
pw.x               00000000005888D2  run_pwscf_                189  run_pwscf.f90
pw.x               00000000004084B4  MAIN__                     85  pwscf.f90
pw.x               000000000040831E  Unknown               Unknown  Unknown
libc-2.17.so       00002B707218DC05  __libc_start_main     Unknown  Unknown
pw.x               0000000000408229  Unknown               Unknown  Unknown
forrtl: error (78): process killed (SIGTERM)
Image              PC                Routine            Line        Source             
pw.x               00000000010225FA  Unknown               Unknown  Unknown
libpthread-2.17.s  00002AF40318D5E0  Unknown               Unknown  Unknown
libmpi.so.12.0     00002AF40215F3AA  Unknown               Unknown  Unknown
libmpi.so.12.0     00002AF4021600C5  Unknown               Unknown  Unknown
libmpi.so.12       00002AF402163C2D  MPI_Barrier           Unknown  Unknown
libmpifort.so.12.  00002AF401CF972C  pmpi_barrier          Unknown  Unknown
pw.x               0000000000F5C1B9  reduce_base_real_          60  mp_base.f90
pw.x               0000000000F447D6  mp_mp_mp_root_sum        1640  mp.f90
pw.x               0000000000871BC0  pcegterg_IP_compu        1597  cegterg.f90
pw.x               000000000086D995  pcegterg_                 924  cegterg.f90
pw.x               0000000000687E53  diag_bands_IP_dia        1028  c_bands.f90
pw.x               000000000068663C  diag_bands_               322  c_bands.f90
pw.x               0000000000685075  c_bands_                  132  c_bands.f90
pw.x               000000000040DEAE  electrons_scf_            689  electrons.f90
pw.x               000000000040B14D  electrons_                192  electrons.f90
pw.x               00000000005888D2  run_pwscf_                189  run_pwscf.f90
pw.x               00000000004084B4  MAIN__                     85  pwscf.f90
pw.x               000000000040831E  Unknown               Unknown  Unknown
libc-2.17.so       00002AF403A61C05  __libc_start_main     Unknown  Unknown
pw.x               0000000000408229  Unknown               Unknown  Unknown
forrtl: error (78): process killed (SIGTERM)
Image              PC                Routine            Line        Source             
pw.x               00000000010225FA  Unknown               Unknown  Unknown
libpthread-2.17.s  00002AE407D575E0  Unknown               Unknown  Unknown
libmpi.so.12.0     00002AE406D293AA  Unknown               Unknown  Unknown
libmpi.so.12.0     00002AE406D2A0C5  Unknown               Unknown  Unknown
libmpi.so.12       00002AE406D2DC2D  MPI_Barrier           Unknown  Unknown
libmpifort.so.12.  00002AE4068C372C  pmpi_barrier          Unknown  Unknown
pw.x               0000000000F5C1B9  reduce_base_real_          60  mp_base.f90
pw.x               0000000000F447D6  mp_mp_mp_root_sum        1640  mp.f90
pw.x               0000000000871BC0  pcegterg_IP_compu        1597  cegterg.f90
pw.x               000000000086D995  pcegterg_                 924  cegterg.f90
pw.x               0000000000687E53  diag_bands_IP_dia        1028  c_bands.f90
pw.x               000000000068663C  diag_bands_               322  c_bands.f90
pw.x               0000000000685075  c_bands_                  132  c_bands.f90
pw.x               000000000040DEAE  electrons_scf_            689  electrons.f90
pw.x               000000000040B14D  electrons_                192  electrons.f90
pw.x               00000000005888D2  run_pwscf_                189  run_pwscf.f90
pw.x               00000000004084B4  MAIN__                     85  pwscf.f90
pw.x               000000000040831E  Unknown               Unknown  Unknown
libc-2.17.so       00002AE40862BC05  __libc_start_main     Unknown  Unknown
pw.x               0000000000408229  Unknown               Unknown  Unknown
forrtl: error (78): process killed (SIGTERM)
Image              PC                Routine            Line        Source             
pw.x               00000000010225FA  Unknown               Unknown  Unknown
libpthread-2.17.s  00002B2FF8B885E0  Unknown               Unknown  Unknown
libmpi.so.12.0     00002B2FF7B5A3AA  Unknown               Unknown  Unknown
libmpi.so.12.0     00002B2FF7B5B0C5  Unknown               Unknown  Unknown
libmpi.so.12       00002B2FF7B5EC2D  MPI_Barrier           Unknown  Unknown
libmpifort.so.12.  00002B2FF76F472C  pmpi_barrier          Unknown  Unknown
pw.x               0000000000F5C1B9  reduce_base_real_          60  mp_base.f90
pw.x               0000000000F447D6  mp_mp_mp_root_sum        1640  mp.f90
pw.x               0000000000871BC0  pcegterg_IP_compu        1597  cegterg.f90
pw.x               000000000086D995  pcegterg_                 924  cegterg.f90
pw.x               0000000000687E53  diag_bands_IP_dia        1028  c_bands.f90
pw.x               000000000068663C  diag_bands_               322  c_bands.f90
pw.x               0000000000685075  c_bands_                  132  c_bands.f90
pw.x               000000000040DEAE  electrons_scf_            689  electrons.f90
pw.x               000000000040B14D  electrons_                192  electrons.f90
pw.x               00000000005888D2  run_pwscf_                189  run_pwscf.f90
pw.x               00000000004084B4  MAIN__                     85  pwscf.f90
pw.x               000000000040831E  Unknown               Unknown  Unknown
libc-2.17.so       00002B2FF945CC05  __libc_start_main     Unknown  Unknown
pw.x               0000000000408229  Unknown               Unknown  Unknown
forrtl: error (78): process killed (SIGTERM)
Image              PC                Routine            Line        Source             
pw.x               00000000010225FA  Unknown               Unknown  Unknown
libpthread-2.17.s  00002B1AEC0375E0  Unknown               Unknown  Unknown
libmpi.so.12.0     00002B1AEB0093AA  Unknown               Unknown  Unknown
libmpi.so.12.0     00002B1AEB00A0C5  Unknown               Unknown  Unknown
libmpi.so.12       00002B1AEB00DC2D  MPI_Barrier           Unknown  Unknown
libmpifort.so.12.  00002B1AEABA372C  pmpi_barrier          Unknown  Unknown
pw.x               0000000000F5C1B9  reduce_base_real_          60  mp_base.f90
pw.x               0000000000F447D6  mp_mp_mp_root_sum        1640  mp.f90
pw.x               0000000000871BC0  pcegterg_IP_compu        1597  cegterg.f90
pw.x               000000000086D995  pcegterg_                 924  cegterg.f90
pw.x               0000000000687E53  diag_bands_IP_dia        1028  c_bands.f90
pw.x               000000000068663C  diag_bands_               322  c_bands.f90
pw.x               0000000000685075  c_bands_                  132  c_bands.f90
pw.x               000000000040DEAE  electrons_scf_            689  electrons.f90
pw.x               000000000040B14D  electrons_                192  electrons.f90
pw.x               00000000005888D2  run_pwscf_                189  run_pwscf.f90
pw.x               00000000004084B4  MAIN__                     85  pwscf.f90
pw.x               000000000040831E  Unknown               Unknown  Unknown
libc-2.17.so       00002B1AEC90BC05  __libc_start_main     Unknown  Unknown
pw.x               0000000000408229  Unknown               Unknown  Unknown
forrtl: error (78): process killed (SIGTERM)
Image              PC                Routine            Line        Source             
pw.x               00000000010225FA  Unknown               Unknown  Unknown
libpthread-2.17.s  00002B754F5745E0  Unknown               Unknown  Unknown
libmpi.so.12.0     00002B754E5463AA  Unknown               Unknown  Unknown
libmpi.so.12.0     00002B754E5470C5  Unknown               Unknown  Unknown
libmpi.so.12       00002B754E54AC2D  MPI_Barrier           Unknown  Unknown
libmpifort.so.12.  00002B754E0E072C  pmpi_barrier          Unknown  Unknown
pw.x               0000000000F5C1B9  reduce_base_real_          60  mp_base.f90
pw.x               0000000000F447D6  mp_mp_mp_root_sum        1640  mp.f90
pw.x               0000000000871BC0  pcegterg_IP_compu        1597  cegterg.f90
pw.x               000000000086D995  pcegterg_                 924  cegterg.f90
pw.x               0000000000687E53  diag_bands_IP_dia        1028  c_bands.f90
pw.x               000000000068663C  diag_bands_               322  c_bands.f90
pw.x               0000000000685075  c_bands_                  132  c_bands.f90
pw.x               000000000040DEAE  electrons_scf_            689  electrons.f90
pw.x               000000000040B14D  electrons_                192  electrons.f90
pw.x               00000000005888D2  run_pwscf_                189  run_pwscf.f90
pw.x               00000000004084B4  MAIN__                     85  pwscf.f90
pw.x               000000000040831E  Unknown               Unknown  Unknown
libc-2.17.so       00002B754FE48C05  __libc_start_main     Unknown  Unknown
pw.x               0000000000408229  Unknown               Unknown  Unknown
forrtl: error (78): process killed (SIGTERM)
Image              PC                Routine            Line        Source             
pw.x               00000000010225FA  Unknown               Unknown  Unknown
libpthread-2.17.s  00002B8E6EFAB5E0  Unknown               Unknown  Unknown
libmpi.so.12.0     00002B8E6DF7D3AA  Unknown               Unknown  Unknown
libmpi.so.12.0     00002B8E6DF7E0C5  Unknown               Unknown  Unknown
libmpi.so.12       00002B8E6DF81C2D  MPI_Barrier           Unknown  Unknown
libmpifort.so.12.  00002B8E6DB1772C  pmpi_barrier          Unknown  Unknown
pw.x               0000000000F5C1B9  reduce_base_real_          60  mp_base.f90
pw.x               0000000000F447D6  mp_mp_mp_root_sum        1640  mp.f90
pw.x               0000000000871BC0  pcegterg_IP_compu        1597  cegterg.f90
pw.x               000000000086D995  pcegterg_                 924  cegterg.f90
pw.x               0000000000687E53  diag_bands_IP_dia        1028  c_bands.f90
pw.x               000000000068663C  diag_bands_               322  c_bands.f90
pw.x               0000000000685075  c_bands_                  132  c_bands.f90
pw.x               000000000040DEAE  electrons_scf_            689  electrons.f90
pw.x               000000000040B14D  electrons_                192  electrons.f90
pw.x               00000000005888D2  run_pwscf_                189  run_pwscf.f90
pw.x               00000000004084B4  MAIN__                     85  pwscf.f90
pw.x               000000000040831E  Unknown               Unknown  Unknown
libc-2.17.so       00002B8E6F87FC05  __libc_start_main     Unknown  Unknown
pw.x               0000000000408229  Unknown               Unknown  Unknown
forrtl: error (78): process killed (SIGTERM)
Image              PC                Routine            Line        Source             
pw.x               00000000010225FA  Unknown               Unknown  Unknown
libpthread-2.17.s  00002AD50F2485E0  Unknown               Unknown  Unknown
libmpi.so.12.0     00002AD50E21A3AA  Unknown               Unknown  Unknown
libmpi.so.12.0     00002AD50E21B0C5  Unknown               Unknown  Unknown
libmpi.so.12       00002AD50E21EC2D  MPI_Barrier           Unknown  Unknown
libmpifort.so.12.  00002AD50DDB472C  pmpi_barrier          Unknown  Unknown
pw.x               0000000000F5C1B9  reduce_base_real_          60  mp_base.f90
pw.x               0000000000F447D6  mp_mp_mp_root_sum        1640  mp.f90
pw.x               0000000000871BC0  pcegterg_IP_compu        1597  cegterg.f90
pw.x               000000000086D995  pcegterg_                 924  cegterg.f90
pw.x               0000000000687E53  diag_bands_IP_dia        1028  c_bands.f90
pw.x               000000000068663C  diag_bands_               322  c_bands.f90
pw.x               0000000000685075  c_bands_                  132  c_bands.f90
pw.x               000000000040DEAE  electrons_scf_            689  electrons.f90
pw.x               000000000040B14D  electrons_                192  electrons.f90
pw.x               00000000005888D2  run_pwscf_                189  run_pwscf.f90
pw.x               00000000004084B4  MAIN__                     85  pwscf.f90
pw.x               000000000040831E  Unknown               Unknown  Unknown
libc-2.17.so       00002AD50FB1CC05  __libc_start_main     Unknown  Unknown
pw.x               0000000000408229  Unknown               Unknown  Unknown
forrtl: error (78): process killed (SIGTERM)
Image              PC                Routine            Line        Source             
pw.x               00000000010225FA  Unknown               Unknown  Unknown
libpthread-2.17.s  00002AE0E96735E0  Unknown               Unknown  Unknown
libmpi.so.12.0     00002AE0E86453AA  Unknown               Unknown  Unknown
libmpi.so.12.0     00002AE0E86460C5  Unknown               Unknown  Unknown
libmpi.so.12       00002AE0E8649C2D  MPI_Barrier           Unknown  Unknown
libmpifort.so.12.  00002AE0E81DF72C  pmpi_barrier          Unknown  Unknown
pw.x               0000000000F5C1B9  reduce_base_real_          60  mp_base.f90
pw.x               0000000000F447D6  mp_mp_mp_root_sum        1640  mp.f90
pw.x               0000000000871BC0  pcegterg_IP_compu        1597  cegterg.f90
pw.x               000000000086D995  pcegterg_                 924  cegterg.f90
pw.x               0000000000687E53  diag_bands_IP_dia        1028  c_bands.f90
pw.x               000000000068663C  diag_bands_               322  c_bands.f90
pw.x               0000000000685075  c_bands_                  132  c_bands.f90
pw.x               000000000040DEAE  electrons_scf_            689  electrons.f90
pw.x               000000000040B14D  electrons_                192  electrons.f90
pw.x               00000000005888D2  run_pwscf_                189  run_pwscf.f90
pw.x               00000000004084B4  MAIN__                     85  pwscf.f90
pw.x               000000000040831E  Unknown               Unknown  Unknown
libc-2.17.so       00002AE0E9F47C05  __libc_start_main     Unknown  Unknown
pw.x               0000000000408229  Unknown               Unknown  Unknown
forrtl: error (78): process killed (SIGTERM)
Image              PC                Routine            Line        Source             
pw.x               00000000010225FA  Unknown               Unknown  Unknown
libpthread-2.17.s  00002B69352035E0  Unknown               Unknown  Unknown
pw.x               0000000001022490  Unknown               Unknown  Unknown
libpthread-2.17.s  00002B69352035E0  Unknown               Unknown  Unknown
libmpi.so.12.0     00002B69341D53AA  Unknown               Unknown  Unknown
libmpi.so.12.0     00002B69341D60C5  Unknown               Unknown  Unknown
libmpi.so.12       00002B69341D9C2D  MPI_Barrier           Unknown  Unknown
libmpifort.so.12.  00002B6933D6F72C  pmpi_barrier          Unknown  Unknown
pw.x               0000000000F5C1B9  reduce_base_real_          60  mp_base.f90
pw.x               0000000000F447D6  mp_mp_mp_root_sum        1640  mp.f90
pw.x               0000000000871BC0  pcegterg_IP_compu        1597  cegterg.f90
pw.x               000000000086D995  pcegterg_                 924  cegterg.f90
pw.x               0000000000687E53  diag_bands_IP_dia        1028  c_bands.f90
pw.x               000000000068663C  diag_bands_               322  c_bands.f90
pw.x               0000000000685075  c_bands_                  132  c_bands.f90
pw.x               000000000040DEAE  electrons_scf_            689  electrons.f90
pw.x               000000000040B14D  electrons_                192  electrons.f90
pw.x               00000000005888D2  run_pwscf_                189  run_pwscf.f90
pw.x               00000000004084B4  MAIN__                     85  pwscf.f90
pw.x               000000000040831E  Unknown               Unknown  Unknown
libc-2.17.so       00002B6935AD7C05  __libc_start_main     Unknown  Unknown
pw.x               0000000000408229  Unknown               Unknown  Unknown
forrtl: error (78): process killed (SIGTERM)
Image              PC                Routine            Line        Source             
pw.x               00000000010225FA  Unknown               Unknown  Unknown
libpthread-2.17.s  00002B09915535E0  Unknown               Unknown  Unknown
pw.x               0000000001022490  Unknown               Unknown  Unknown
libpthread-2.17.s  00002B09915535E0  Unknown               Unknown  Unknown
libmpi.so.12.0     00002B09905253AA  Unknown               Unknown  Unknown
libmpi.so.12.0     00002B09905260C5  Unknown               Unknown  Unknown
libmpi.so.12       00002B0990529C2D  MPI_Barrier           Unknown  Unknown
libmpifort.so.12.  00002B09900BF72C  pmpi_barrier          Unknown  Unknown
pw.x               0000000000F5C1B9  reduce_base_real_          60  mp_base.f90
pw.x               0000000000F447D6  mp_mp_mp_root_sum        1640  mp.f90
pw.x               0000000000871BC0  pcegterg_IP_compu        1597  cegterg.f90
pw.x               000000000086D995  pcegterg_                 924  cegterg.f90
pw.x               0000000000687E53  diag_bands_IP_dia        1028  c_bands.f90
pw.x               000000000068663C  diag_bands_               322  c_bands.f90
pw.x               0000000000685075  c_bands_                  132  c_bands.f90
pw.x               000000000040DEAE  electrons_scf_            689  electrons.f90
pw.x               000000000040B14D  electrons_                192  electrons.f90
pw.x               00000000005888D2  run_pwscf_                189  run_pwscf.f90
pw.x               00000000004084B4  MAIN__                     85  pwscf.f90
pw.x               000000000040831E  Unknown               Unknown  Unknown
libc-2.17.so       00002B0991E27C05  __libc_start_main     Unknown  Unknown
pw.x               0000000000408229  Unknown               Unknown  Unknown
