forrtl: error (78): process killed (SIGTERM)
Image              PC                Routine            Line        Source             
pw.x               00000000010225FA  Unknown               Unknown  Unknown
libpthread-2.17.s  00002B4DB3C645E0  Unknown               Unknown  Unknown
pw.x               000000000081117E  usnldiag_                 103  usnldiag.f90
libiomp5.so        00002B4DB4227C53  __kmp_invoke_micr     Unknown  Unknown
libiomp5.so        00002B4DB41F77ED  __kmp_fork_call       Unknown  Unknown
libiomp5.so        00002B4DB41CEE2A  __kmpc_fork_call      Unknown  Unknown
pw.x               00000000008104A6  usnldiag_                  44  usnldiag.f90
pw.x               0000000000687A7D  diag_bands_IP_dia         997  c_bands.f90
pw.x               000000000068663C  diag_bands_               322  c_bands.f90
pw.x               0000000000685075  c_bands_                  132  c_bands.f90
pw.x               000000000040DEAE  electrons_scf_            689  electrons.f90
pw.x               000000000040B14D  electrons_                192  electrons.f90
pw.x               00000000005888D2  run_pwscf_                189  run_pwscf.f90
pw.x               00000000004084B4  MAIN__                     85  pwscf.f90
pw.x               000000000040831E  Unknown               Unknown  Unknown
libc-2.17.so       00002B4DB4538C05  __libc_start_main     Unknown  Unknown
pw.x               0000000000408229  Unknown               Unknown  Unknown
forrtl: error (78): process killed (SIGTERM)
Image              PC                Routine            Line        Source             
pw.x               00000000010225FA  Unknown               Unknown  Unknown
libpthread-2.17.s  00002ADAA91295E0  Unknown               Unknown  Unknown
pw.x               00000000008111CB  usnldiag_                 105  usnldiag.f90
libiomp5.so        00002ADAA96ECC53  __kmp_invoke_micr     Unknown  Unknown
libiomp5.so        00002ADAA96BC7ED  __kmp_fork_call       Unknown  Unknown
libiomp5.so        00002ADAA9693E2A  __kmpc_fork_call      Unknown  Unknown
pw.x               00000000008104A6  usnldiag_                  44  usnldiag.f90
pw.x               0000000000687A7D  diag_bands_IP_dia         997  c_bands.f90
pw.x               000000000068663C  diag_bands_               322  c_bands.f90
pw.x               0000000000685075  c_bands_                  132  c_bands.f90
pw.x               000000000040DEAE  electrons_scf_            689  electrons.f90
pw.x               000000000040B14D  electrons_                192  electrons.f90
pw.x               00000000005888D2  run_pwscf_                189  run_pwscf.f90
pw.x               00000000004084B4  MAIN__                     85  pwscf.f90
pw.x               000000000040831E  Unknown               Unknown  Unknown
libc-2.17.so       00002ADAA99FDC05  __libc_start_main     Unknown  Unknown
pw.x               0000000000408229  Unknown               Unknown  Unknown
forrtl: error (78): process killed (SIGTERM)
Image              PC                Routine            Line        Source             
pw.x               00000000010225FA  Unknown               Unknown  Unknown
libpthread-2.17.s  00002B9B6512B5E0  Unknown               Unknown  Unknown
pw.x               00000000008111A2  usnldiag_                 103  usnldiag.f90
libiomp5.so        00002B9B656EEC53  __kmp_invoke_micr     Unknown  Unknown
libiomp5.so        00002B9B656BE7ED  __kmp_fork_call       Unknown  Unknown
libiomp5.so        00002B9B65695E2A  __kmpc_fork_call      Unknown  Unknown
pw.x               00000000008104A6  usnldiag_                  44  usnldiag.f90
pw.x               0000000000687A7D  diag_bands_IP_dia         997  c_bands.f90
pw.x               000000000068663C  diag_bands_               322  c_bands.f90
pw.x               0000000000685075  c_bands_                  132  c_bands.f90
pw.x               000000000040DEAE  electrons_scf_            689  electrons.f90
pw.x               000000000040B14D  electrons_                192  electrons.f90
pw.x               00000000005888D2  run_pwscf_                189  run_pwscf.f90
pw.x               00000000004084B4  MAIN__                     85  pwscf.f90
pw.x               000000000040831E  Unknown               Unknown  Unknown
libc-2.17.so       00002B9B659FFC05  __libc_start_main     Unknown  Unknown
pw.x               0000000000408229  Unknown               Unknown  Unknown
forrtl: error (78): process killed (SIGTERM)
Image              PC                Routine            Line        Source             
pw.x               00000000010225FA  Unknown               Unknown  Unknown
libpthread-2.17.s  00002AE0C29CD5E0  Unknown               Unknown  Unknown
pw.x               00000000008111C1  usnldiag_                 105  usnldiag.f90
libiomp5.so        00002AE0C2F90C53  __kmp_invoke_micr     Unknown  Unknown
libiomp5.so        00002AE0C2F607ED  __kmp_fork_call       Unknown  Unknown
libiomp5.so        00002AE0C2F37E2A  __kmpc_fork_call      Unknown  Unknown
pw.x               00000000008104A6  usnldiag_                  44  usnldiag.f90
pw.x               0000000000687A7D  diag_bands_IP_dia         997  c_bands.f90
pw.x               000000000068663C  diag_bands_               322  c_bands.f90
pw.x               0000000000685075  c_bands_                  132  c_bands.f90
pw.x               000000000040DEAE  electrons_scf_            689  electrons.f90
pw.x               000000000040B14D  electrons_                192  electrons.f90
pw.x               00000000005888D2  run_pwscf_                189  run_pwscf.f90
pw.x               00000000004084B4  MAIN__                     85  pwscf.f90
pw.x               000000000040831E  Unknown               Unknown  Unknown
libc-2.17.so       00002AE0C32A1C05  __libc_start_main     Unknown  Unknown
pw.x               0000000000408229  Unknown               Unknown  Unknown
forrtl: error (78): process killed (SIGTERM)
Image              PC                Routine            Line        Source             
pw.x               00000000010225FA  Unknown               Unknown  Unknown
libpthread-2.17.s  00002B95194605E0  Unknown               Unknown  Unknown
pw.x               00000000008111F3  usnldiag_                 104  usnldiag.f90
libiomp5.so        00002B9519A23C53  __kmp_invoke_micr     Unknown  Unknown
libiomp5.so        00002B95199F37ED  __kmp_fork_call       Unknown  Unknown
libiomp5.so        00002B95199CAE2A  __kmpc_fork_call      Unknown  Unknown
pw.x               00000000008104A6  usnldiag_                  44  usnldiag.f90
pw.x               0000000000687A7D  diag_bands_IP_dia         997  c_bands.f90
pw.x               000000000068663C  diag_bands_               322  c_bands.f90
pw.x               0000000000685075  c_bands_                  132  c_bands.f90
pw.x               000000000040DEAE  electrons_scf_            689  electrons.f90
pw.x               000000000040B14D  electrons_                192  electrons.f90
pw.x               00000000005888D2  run_pwscf_                189  run_pwscf.f90
pw.x               00000000004084B4  MAIN__                     85  pwscf.f90
pw.x               000000000040831E  Unknown               Unknown  Unknown
libc-2.17.so       00002B9519D34C05  __libc_start_main     Unknown  Unknown
pw.x               0000000000408229  Unknown               Unknown  Unknown
forrtl: error (78): process killed (SIGTERM)
Image              PC                Routine            Line        Source             
pw.x               00000000010225FA  Unknown               Unknown  Unknown
libpthread-2.17.s  00002B42DCDD65E0  Unknown               Unknown  Unknown
pw.x               000000000081117E  usnldiag_                 103  usnldiag.f90
libiomp5.so        00002B42DD399C53  __kmp_invoke_micr     Unknown  Unknown
libiomp5.so        00002B42DD3697ED  __kmp_fork_call       Unknown  Unknown
libiomp5.so        00002B42DD340E2A  __kmpc_fork_call      Unknown  Unknown
pw.x               00000000008104A6  usnldiag_                  44  usnldiag.f90
pw.x               0000000000687A7D  diag_bands_IP_dia         997  c_bands.f90
pw.x               000000000068663C  diag_bands_               322  c_bands.f90
pw.x               0000000000685075  c_bands_                  132  c_bands.f90
pw.x               000000000040DEAE  electrons_scf_            689  electrons.f90
pw.x               000000000040B14D  electrons_                192  electrons.f90
pw.x               00000000005888D2  run_pwscf_                189  run_pwscf.f90
pw.x               00000000004084B4  MAIN__                     85  pwscf.f90
pw.x               000000000040831E  Unknown               Unknown  Unknown
libc-2.17.so       00002B42DD6AAC05  __libc_start_main     Unknown  Unknown
pw.x               0000000000408229  Unknown               Unknown  Unknown
forrtl: error (78): process killed (SIGTERM)
Image              PC                Routine            Line        Source             
pw.x               00000000010225FA  Unknown               Unknown  Unknown
libpthread-2.17.s  00002AC0D27355E0  Unknown               Unknown  Unknown
pw.x               0000000000811214  usnldiag_                 102  usnldiag.f90
libiomp5.so        00002AC0D2CF8C53  __kmp_invoke_micr     Unknown  Unknown
libiomp5.so        00002AC0D2CC87ED  __kmp_fork_call       Unknown  Unknown
libiomp5.so        00002AC0D2C9FE2A  __kmpc_fork_call      Unknown  Unknown
pw.x               00000000008104A6  usnldiag_                  44  usnldiag.f90
pw.x               0000000000687A7D  diag_bands_IP_dia         997  c_bands.f90
pw.x               000000000068663C  diag_bands_               322  c_bands.f90
pw.x               0000000000685075  c_bands_                  132  c_bands.f90
pw.x               000000000040DEAE  electrons_scf_            689  electrons.f90
pw.x               000000000040B14D  electrons_                192  electrons.f90
pw.x               00000000005888D2  run_pwscf_                189  run_pwscf.f90
pw.x               00000000004084B4  MAIN__                     85  pwscf.f90
pw.x               000000000040831E  Unknown               Unknown  Unknown
libc-2.17.so       00002AC0D3009C05  __libc_start_main     Unknown  Unknown
pw.x               0000000000408229  Unknown               Unknown  Unknown
forrtl: error (78): process killed (SIGTERM)
Image              PC                Routine            Line        Source             
pw.x               00000000010225FA  Unknown               Unknown  Unknown
libpthread-2.17.s  00002B63BE1A15E0  Unknown               Unknown  Unknown
pw.x               0000000000811194  usnldiag_                 103  usnldiag.f90
libiomp5.so        00002B63BE764C53  __kmp_invoke_micr     Unknown  Unknown
libiomp5.so        00002B63BE7347ED  __kmp_fork_call       Unknown  Unknown
libiomp5.so        00002B63BE70BE2A  __kmpc_fork_call      Unknown  Unknown
pw.x               00000000008104A6  usnldiag_                  44  usnldiag.f90
pw.x               0000000000687A7D  diag_bands_IP_dia         997  c_bands.f90
pw.x               000000000068663C  diag_bands_               322  c_bands.f90
pw.x               0000000000685075  c_bands_                  132  c_bands.f90
pw.x               000000000040DEAE  electrons_scf_            689  electrons.f90
pw.x               000000000040B14D  electrons_                192  electrons.f90
pw.x               00000000005888D2  run_pwscf_                189  run_pwscf.f90
pw.x               00000000004084B4  MAIN__                     85  pwscf.f90
pw.x               000000000040831E  Unknown               Unknown  Unknown
libc-2.17.so       00002B63BEA75C05  __libc_start_main     Unknown  Unknown
pw.x               0000000000408229  Unknown               Unknown  Unknown
forrtl: error (78): process killed (SIGTERM)
Image              PC                Routine            Line        Source             
pw.x               00000000010225FA  Unknown               Unknown  Unknown
libpthread-2.17.s  00002AC2390C75E0  Unknown               Unknown  Unknown
pw.x               0000000000811194  usnldiag_                 103  usnldiag.f90
libiomp5.so        00002AC23968AC53  __kmp_invoke_micr     Unknown  Unknown
libiomp5.so        00002AC23965A7ED  __kmp_fork_call       Unknown  Unknown
libiomp5.so        00002AC239631E2A  __kmpc_fork_call      Unknown  Unknown
pw.x               00000000008104A6  usnldiag_                  44  usnldiag.f90
pw.x               0000000000687A7D  diag_bands_IP_dia         997  c_bands.f90
pw.x               000000000068663C  diag_bands_               322  c_bands.f90
pw.x               0000000000685075  c_bands_                  132  c_bands.f90
pw.x               000000000040DEAE  electrons_scf_            689  electrons.f90
pw.x               000000000040B14D  electrons_                192  electrons.f90
pw.x               00000000005888D2  run_pwscf_                189  run_pwscf.f90
pw.x               00000000004084B4  MAIN__                     85  pwscf.f90
pw.x               000000000040831E  Unknown               Unknown  Unknown
libc-2.17.so       00002AC23999BC05  __libc_start_main     Unknown  Unknown
pw.x               0000000000408229  Unknown               Unknown  Unknown
forrtl: error (78): process killed (SIGTERM)
Image              PC                Routine            Line        Source             
pw.x               00000000010225FA  Unknown               Unknown  Unknown
libpthread-2.17.s  00002B881F8C55E0  Unknown               Unknown  Unknown
pw.x               00000000008111B3  usnldiag_                 103  usnldiag.f90
libiomp5.so        00002B881FE88C53  __kmp_invoke_micr     Unknown  Unknown
libiomp5.so        00002B881FE587ED  __kmp_fork_call       Unknown  Unknown
libiomp5.so        00002B881FE2FE2A  __kmpc_fork_call      Unknown  Unknown
pw.x               00000000008104A6  usnldiag_                  44  usnldiag.f90
pw.x               0000000000687A7D  diag_bands_IP_dia         997  c_bands.f90
pw.x               000000000068663C  diag_bands_               322  c_bands.f90
pw.x               0000000000685075  c_bands_                  132  c_bands.f90
pw.x               000000000040DEAE  electrons_scf_            689  electrons.f90
pw.x               000000000040B14D  electrons_                192  electrons.f90
pw.x               00000000005888D2  run_pwscf_                189  run_pwscf.f90
pw.x               00000000004084B4  MAIN__                     85  pwscf.f90
pw.x               000000000040831E  Unknown               Unknown  Unknown
libc-2.17.so       00002B8820199C05  __libc_start_main     Unknown  Unknown
pw.x               0000000000408229  Unknown               Unknown  Unknown
forrtl: error (78): process killed (SIGTERM)
Image              PC                Routine            Line        Source             
pw.x               00000000010225FA  Unknown               Unknown  Unknown
libpthread-2.17.s  00002B03026815E0  Unknown               Unknown  Unknown
pw.x               0000000000811211  usnldiag_                 106  usnldiag.f90
libiomp5.so        00002B0302C44C53  __kmp_invoke_micr     Unknown  Unknown
libiomp5.so        00002B0302C147ED  __kmp_fork_call       Unknown  Unknown
libiomp5.so        00002B0302BEBE2A  __kmpc_fork_call      Unknown  Unknown
pw.x               00000000008104A6  usnldiag_                  44  usnldiag.f90
pw.x               0000000000687A7D  diag_bands_IP_dia         997  c_bands.f90
pw.x               000000000068663C  diag_bands_               322  c_bands.f90
pw.x               0000000000685075  c_bands_                  132  c_bands.f90
pw.x               000000000040DEAE  electrons_scf_            689  electrons.f90
pw.x               000000000040B14D  electrons_                192  electrons.f90
pw.x               00000000005888D2  run_pwscf_                189  run_pwscf.f90
pw.x               00000000004084B4  MAIN__                     85  pwscf.f90
pw.x               000000000040831E  Unknown               Unknown  Unknown
libc-2.17.so       00002B0302F55C05  __libc_start_main     Unknown  Unknown
pw.x               0000000000408229  Unknown               Unknown  Unknown
forrtl: error (78): process killed (SIGTERM)
Image              PC                Routine            Line        Source             
pw.x               00000000010225FA  Unknown               Unknown  Unknown
libpthread-2.17.s  00002B431CA3C5E0  Unknown               Unknown  Unknown
pw.x               00000000008111B8  usnldiag_                 103  usnldiag.f90
libiomp5.so        00002B431CFFFC53  __kmp_invoke_micr     Unknown  Unknown
libiomp5.so        00002B431CFCF7ED  __kmp_fork_call       Unknown  Unknown
libiomp5.so        00002B431CFA6E2A  __kmpc_fork_call      Unknown  Unknown
pw.x               00000000008104A6  usnldiag_                  44  usnldiag.f90
pw.x               0000000000687A7D  diag_bands_IP_dia         997  c_bands.f90
pw.x               000000000068663C  diag_bands_               322  c_bands.f90
pw.x               0000000000685075  c_bands_                  132  c_bands.f90
pw.x               000000000040DEAE  electrons_scf_            689  electrons.f90
pw.x               000000000040B14D  electrons_                192  electrons.f90
pw.x               00000000005888D2  run_pwscf_                189  run_pwscf.f90
pw.x               00000000004084B4  MAIN__                     85  pwscf.f90
pw.x               000000000040831E  Unknown               Unknown  Unknown
libc-2.17.so       00002B431D310C05  __libc_start_main     Unknown  Unknown
pw.x               0000000000408229  Unknown               Unknown  Unknown
forrtl: error (78): process killed (SIGTERM)
Image              PC                Routine            Line        Source             
pw.x               00000000010225FA  Unknown               Unknown  Unknown
libpthread-2.17.s  00002AD8D83CD5E0  Unknown               Unknown  Unknown
pw.x               00000000008111E9  usnldiag_                 107  usnldiag.f90
libiomp5.so        00002AD8D8990C53  __kmp_invoke_micr     Unknown  Unknown
libiomp5.so        00002AD8D89607ED  __kmp_fork_call       Unknown  Unknown
libiomp5.so        00002AD8D8937E2A  __kmpc_fork_call      Unknown  Unknown
pw.x               00000000008104A6  usnldiag_                  44  usnldiag.f90
pw.x               0000000000687A7D  diag_bands_IP_dia         997  c_bands.f90
pw.x               000000000068663C  diag_bands_               322  c_bands.f90
pw.x               0000000000685075  c_bands_                  132  c_bands.f90
pw.x               000000000040DEAE  electrons_scf_            689  electrons.f90
pw.x               000000000040B14D  electrons_                192  electrons.f90
pw.x               00000000005888D2  run_pwscf_                189  run_pwscf.f90
pw.x               00000000004084B4  MAIN__                     85  pwscf.f90
pw.x               000000000040831E  Unknown               Unknown  Unknown
libc-2.17.so       00002AD8D8CA1C05  __libc_start_main     Unknown  Unknown
pw.x               0000000000408229  Unknown               Unknown  Unknown
forrtl: error (78): process killed (SIGTERM)
Image              PC                Routine            Line        Source             
pw.x               00000000010225FA  Unknown               Unknown  Unknown
libpthread-2.17.s  00002AC4D08B75E0  Unknown               Unknown  Unknown
pw.x               0000000000810E8D  usnldiag_                  79  usnldiag.f90
libiomp5.so        00002AC4D0E7AC53  __kmp_invoke_micr     Unknown  Unknown
libiomp5.so        00002AC4D0E4A7ED  __kmp_fork_call       Unknown  Unknown
libiomp5.so        00002AC4D0E21E2A  __kmpc_fork_call      Unknown  Unknown
pw.x               00000000008104A6  usnldiag_                  44  usnldiag.f90
pw.x               0000000000687A7D  diag_bands_IP_dia         997  c_bands.f90
pw.x               000000000068663C  diag_bands_               322  c_bands.f90
pw.x               0000000000685075  c_bands_                  132  c_bands.f90
pw.x               000000000040DEAE  electrons_scf_            689  electrons.f90
pw.x               000000000040B14D  electrons_                192  electrons.f90
pw.x               00000000005888D2  run_pwscf_                189  run_pwscf.f90
pw.x               00000000004084B4  MAIN__                     85  pwscf.f90
pw.x               000000000040831E  Unknown               Unknown  Unknown
libc-2.17.so       00002AC4D118BC05  __libc_start_main     Unknown  Unknown
pw.x               0000000000408229  Unknown               Unknown  Unknown
forrtl: error (78): process killed (SIGTERM)
Image              PC                Routine            Line        Source             
pw.x               00000000010225FA  Unknown               Unknown  Unknown
libpthread-2.17.s  00002B19F1F0F5E0  Unknown               Unknown  Unknown
pw.x               00000000008111DF  usnldiag_                 107  usnldiag.f90
libiomp5.so        00002B19F24D2C53  __kmp_invoke_micr     Unknown  Unknown
libiomp5.so        00002B19F24A27ED  __kmp_fork_call       Unknown  Unknown
libiomp5.so        00002B19F2479E2A  __kmpc_fork_call      Unknown  Unknown
pw.x               00000000008104A6  usnldiag_                  44  usnldiag.f90
pw.x               0000000000687A7D  diag_bands_IP_dia         997  c_bands.f90
pw.x               000000000068663C  diag_bands_               322  c_bands.f90
pw.x               0000000000685075  c_bands_                  132  c_bands.f90
pw.x               000000000040DEAE  electrons_scf_            689  electrons.f90
pw.x               000000000040B14D  electrons_                192  electrons.f90
pw.x               00000000005888D2  run_pwscf_                189  run_pwscf.f90
pw.x               00000000004084B4  MAIN__                     85  pwscf.f90
pw.x               000000000040831E  Unknown               Unknown  Unknown
libc-2.17.so       00002B19F27E3C05  __libc_start_main     Unknown  Unknown
pw.x               0000000000408229  Unknown               Unknown  Unknown
forrtl: error (78): process killed (SIGTERM)
Image              PC                Routine            Line        Source             
pw.x               00000000010225FA  Unknown               Unknown  Unknown
libpthread-2.17.s  00002BA03B75A5E0  Unknown               Unknown  Unknown
pw.x               00000000008111F3  usnldiag_                 104  usnldiag.f90
libiomp5.so        00002BA03BD1DC53  __kmp_invoke_micr     Unknown  Unknown
libiomp5.so        00002BA03BCED7ED  __kmp_fork_call       Unknown  Unknown
libiomp5.so        00002BA03BCC4E2A  __kmpc_fork_call      Unknown  Unknown
pw.x               00000000008104A6  usnldiag_                  44  usnldiag.f90
pw.x               0000000000687A7D  diag_bands_IP_dia         997  c_bands.f90
pw.x               000000000068663C  diag_bands_               322  c_bands.f90
pw.x               0000000000685075  c_bands_                  132  c_bands.f90
pw.x               000000000040DEAE  electrons_scf_            689  electrons.f90
pw.x               000000000040B14D  electrons_                192  electrons.f90
pw.x               00000000005888D2  run_pwscf_                189  run_pwscf.f90
pw.x               00000000004084B4  MAIN__                     85  pwscf.f90
pw.x               000000000040831E  Unknown               Unknown  Unknown
libc-2.17.so       00002BA03C02EC05  __libc_start_main     Unknown  Unknown
pw.x               0000000000408229  Unknown               Unknown  Unknown
forrtl: error (78): process killed (SIGTERM)
Image              PC                Routine            Line        Source             
pw.x               00000000010225FA  Unknown               Unknown  Unknown
libpthread-2.17.s  00002AB24D9AA5E0  Unknown               Unknown  Unknown
pw.x               00000000008111B8  usnldiag_                 103  usnldiag.f90
libiomp5.so        00002AB24DF6DC53  __kmp_invoke_micr     Unknown  Unknown
libiomp5.so        00002AB24DF3D7ED  __kmp_fork_call       Unknown  Unknown
libiomp5.so        00002AB24DF14E2A  __kmpc_fork_call      Unknown  Unknown
pw.x               00000000008104A6  usnldiag_                  44  usnldiag.f90
pw.x               0000000000687A7D  diag_bands_IP_dia         997  c_bands.f90
pw.x               000000000068663C  diag_bands_               322  c_bands.f90
pw.x               0000000000685075  c_bands_                  132  c_bands.f90
pw.x               000000000040DEAE  electrons_scf_            689  electrons.f90
pw.x               000000000040B14D  electrons_                192  electrons.f90
pw.x               00000000005888D2  run_pwscf_                189  run_pwscf.f90
pw.x               00000000004084B4  MAIN__                     85  pwscf.f90
pw.x               000000000040831E  Unknown               Unknown  Unknown
libc-2.17.so       00002AB24E27EC05  __libc_start_main     Unknown  Unknown
pw.x               0000000000408229  Unknown               Unknown  Unknown
forrtl: error (78): process killed (SIGTERM)
Image              PC                Routine            Line        Source             
pw.x               00000000010225FA  Unknown               Unknown  Unknown
libpthread-2.17.s  00002AE7352005E0  Unknown               Unknown  Unknown
pw.x               00000000008111FD  usnldiag_                 106  usnldiag.f90
libiomp5.so        00002AE7357C3C53  __kmp_invoke_micr     Unknown  Unknown
libiomp5.so        00002AE7357937ED  __kmp_fork_call       Unknown  Unknown
libiomp5.so        00002AE73576AE2A  __kmpc_fork_call      Unknown  Unknown
pw.x               00000000008104A6  usnldiag_                  44  usnldiag.f90
pw.x               0000000000687A7D  diag_bands_IP_dia         997  c_bands.f90
pw.x               000000000068663C  diag_bands_               322  c_bands.f90
pw.x               0000000000685075  c_bands_                  132  c_bands.f90
pw.x               000000000040DEAE  electrons_scf_            689  electrons.f90
pw.x               000000000040B14D  electrons_                192  electrons.f90
pw.x               00000000005888D2  run_pwscf_                189  run_pwscf.f90
pw.x               00000000004084B4  MAIN__                     85  pwscf.f90
pw.x               000000000040831E  Unknown               Unknown  Unknown
libc-2.17.so       00002AE735AD4C05  __libc_start_main     Unknown  Unknown
pw.x               0000000000408229  Unknown               Unknown  Unknown
forrtl: error (78): process killed (SIGTERM)
Image              PC                Routine            Line        Source             
pw.x               00000000010225FA  Unknown               Unknown  Unknown
libpthread-2.17.s  00002AED318BA5E0  Unknown               Unknown  Unknown
pw.x               0000000000811194  usnldiag_                 103  usnldiag.f90
libiomp5.so        00002AED31E7DC53  __kmp_invoke_micr     Unknown  Unknown
libiomp5.so        00002AED31E4D7ED  __kmp_fork_call       Unknown  Unknown
libiomp5.so        00002AED31E24E2A  __kmpc_fork_call      Unknown  Unknown
pw.x               00000000008104A6  usnldiag_                  44  usnldiag.f90
pw.x               0000000000687A7D  diag_bands_IP_dia         997  c_bands.f90
pw.x               000000000068663C  diag_bands_               322  c_bands.f90
pw.x               0000000000685075  c_bands_                  132  c_bands.f90
pw.x               000000000040DEAE  electrons_scf_            689  electrons.f90
pw.x               000000000040B14D  electrons_                192  electrons.f90
pw.x               00000000005888D2  run_pwscf_                189  run_pwscf.f90
pw.x               00000000004084B4  MAIN__                     85  pwscf.f90
pw.x               000000000040831E  Unknown               Unknown  Unknown
libc-2.17.so       00002AED3218EC05  __libc_start_main     Unknown  Unknown
pw.x               0000000000408229  Unknown               Unknown  Unknown
forrtl: error (78): process killed (SIGTERM)
Image              PC                Routine            Line        Source             
pw.x               00000000010225FA  Unknown               Unknown  Unknown
libpthread-2.17.s  00002AB9569DF5E0  Unknown               Unknown  Unknown
pw.x               00000000008111E4  usnldiag_                 105  usnldiag.f90
libiomp5.so        00002AB956FA2C53  __kmp_invoke_micr     Unknown  Unknown
libiomp5.so        00002AB956F727ED  __kmp_fork_call       Unknown  Unknown
libiomp5.so        00002AB956F49E2A  __kmpc_fork_call      Unknown  Unknown
pw.x               00000000008104A6  usnldiag_                  44  usnldiag.f90
pw.x               0000000000687A7D  diag_bands_IP_dia         997  c_bands.f90
pw.x               000000000068663C  diag_bands_               322  c_bands.f90
pw.x               0000000000685075  c_bands_                  132  c_bands.f90
pw.x               000000000040DEAE  electrons_scf_            689  electrons.f90
pw.x               000000000040B14D  electrons_                192  electrons.f90
pw.x               00000000005888D2  run_pwscf_                189  run_pwscf.f90
pw.x               00000000004084B4  MAIN__                     85  pwscf.f90
pw.x               000000000040831E  Unknown               Unknown  Unknown
libc-2.17.so       00002AB9572B3C05  __libc_start_main     Unknown  Unknown
pw.x               0000000000408229  Unknown               Unknown  Unknown
forrtl: error (78): process killed (SIGTERM)
Image              PC                Routine            Line        Source             
pw.x               00000000010225FA  Unknown               Unknown  Unknown
libpthread-2.17.s  00002AAF39F815E0  Unknown               Unknown  Unknown
pw.x               00000000008111CB  usnldiag_                 105  usnldiag.f90
libiomp5.so        00002AAF3A544C53  __kmp_invoke_micr     Unknown  Unknown
libiomp5.so        00002AAF3A5147ED  __kmp_fork_call       Unknown  Unknown
libiomp5.so        00002AAF3A4EBE2A  __kmpc_fork_call      Unknown  Unknown
pw.x               00000000008104A6  usnldiag_                  44  usnldiag.f90
pw.x               0000000000687A7D  diag_bands_IP_dia         997  c_bands.f90
pw.x               000000000068663C  diag_bands_               322  c_bands.f90
pw.x               0000000000685075  c_bands_                  132  c_bands.f90
pw.x               000000000040DEAE  electrons_scf_            689  electrons.f90
pw.x               000000000040B14D  electrons_                192  electrons.f90
pw.x               00000000005888D2  run_pwscf_                189  run_pwscf.f90
pw.x               00000000004084B4  MAIN__                     85  pwscf.f90
pw.x               000000000040831E  Unknown               Unknown  Unknown
libc-2.17.so       00002AAF3A855C05  __libc_start_main     Unknown  Unknown
pw.x               0000000000408229  Unknown               Unknown  Unknown
forrtl: error (78): process killed (SIGTERM)
Image              PC                Routine            Line        Source             
pw.x               00000000010225FA  Unknown               Unknown  Unknown
libpthread-2.17.s  00002AB76E2535E0  Unknown               Unknown  Unknown
pw.x               0000000000811189  usnldiag_                 103  usnldiag.f90
libiomp5.so        00002AB76E816C53  __kmp_invoke_micr     Unknown  Unknown
libiomp5.so        00002AB76E7E67ED  __kmp_fork_call       Unknown  Unknown
libiomp5.so        00002AB76E7BDE2A  __kmpc_fork_call      Unknown  Unknown
pw.x               00000000008104A6  usnldiag_                  44  usnldiag.f90
pw.x               0000000000687A7D  diag_bands_IP_dia         997  c_bands.f90
pw.x               000000000068663C  diag_bands_               322  c_bands.f90
pw.x               0000000000685075  c_bands_                  132  c_bands.f90
pw.x               000000000040DEAE  electrons_scf_            689  electrons.f90
pw.x               000000000040B14D  electrons_                192  electrons.f90
pw.x               00000000005888D2  run_pwscf_                189  run_pwscf.f90
pw.x               00000000004084B4  MAIN__                     85  pwscf.f90
pw.x               000000000040831E  Unknown               Unknown  Unknown
libc-2.17.so       00002AB76EB27C05  __libc_start_main     Unknown  Unknown
pw.x               0000000000408229  Unknown               Unknown  Unknown
forrtl: error (78): process killed (SIGTERM)
Image              PC                Routine            Line        Source             
pw.x               00000000010225FA  Unknown               Unknown  Unknown
libpthread-2.17.s  00002B8D3A9CA5E0  Unknown               Unknown  Unknown
pw.x               00000000008111D5  usnldiag_                 105  usnldiag.f90
libiomp5.so        00002B8D3AF8DC53  __kmp_invoke_micr     Unknown  Unknown
libiomp5.so        00002B8D3AF5D7ED  __kmp_fork_call       Unknown  Unknown
libiomp5.so        00002B8D3AF34E2A  __kmpc_fork_call      Unknown  Unknown
pw.x               00000000008104A6  usnldiag_                  44  usnldiag.f90
pw.x               0000000000687A7D  diag_bands_IP_dia         997  c_bands.f90
pw.x               000000000068663C  diag_bands_               322  c_bands.f90
pw.x               0000000000685075  c_bands_                  132  c_bands.f90
pw.x               000000000040DEAE  electrons_scf_            689  electrons.f90
pw.x               000000000040B14D  electrons_                192  electrons.f90
pw.x               00000000005888D2  run_pwscf_                189  run_pwscf.f90
pw.x               00000000004084B4  MAIN__                     85  pwscf.f90
pw.x               000000000040831E  Unknown               Unknown  Unknown
libc-2.17.so       00002B8D3B29EC05  __libc_start_main     Unknown  Unknown
pw.x               0000000000408229  Unknown               Unknown  Unknown
forrtl: error (78): process killed (SIGTERM)
Image              PC                Routine            Line        Source             
pw.x               00000000010225FA  Unknown               Unknown  Unknown
libpthread-2.17.s  00002B446752C5E0  Unknown               Unknown  Unknown
pw.x               00000000008111F3  usnldiag_                 104  usnldiag.f90
libiomp5.so        00002B4467AEFC53  __kmp_invoke_micr     Unknown  Unknown
libiomp5.so        00002B4467ABF7ED  __kmp_fork_call       Unknown  Unknown
libiomp5.so        00002B4467A96E2A  __kmpc_fork_call      Unknown  Unknown
pw.x               00000000008104A6  usnldiag_                  44  usnldiag.f90
pw.x               0000000000687A7D  diag_bands_IP_dia         997  c_bands.f90
pw.x               000000000068663C  diag_bands_               322  c_bands.f90
pw.x               0000000000685075  c_bands_                  132  c_bands.f90
pw.x               000000000040DEAE  electrons_scf_            689  electrons.f90
pw.x               000000000040B14D  electrons_                192  electrons.f90
pw.x               00000000005888D2  run_pwscf_                189  run_pwscf.f90
pw.x               00000000004084B4  MAIN__                     85  pwscf.f90
pw.x               000000000040831E  Unknown               Unknown  Unknown
libc-2.17.so       00002B4467E00C05  __libc_start_main     Unknown  Unknown
pw.x               0000000000408229  Unknown               Unknown  Unknown
forrtl: error (78): process killed (SIGTERM)
Image              PC                Routine            Line        Source             
pw.x               00000000010225FA  Unknown               Unknown  Unknown
libpthread-2.17.s  00002B676E38C5E0  Unknown               Unknown  Unknown
pw.x               0000000000810EC4  usnldiag_                  79  usnldiag.f90
libiomp5.so        00002B676E94FC53  __kmp_invoke_micr     Unknown  Unknown
libiomp5.so        00002B676E91F7ED  __kmp_fork_call       Unknown  Unknown
libiomp5.so        00002B676E8F6E2A  __kmpc_fork_call      Unknown  Unknown
pw.x               00000000008104A6  usnldiag_                  44  usnldiag.f90
pw.x               0000000000687A7D  diag_bands_IP_dia         997  c_bands.f90
pw.x               000000000068663C  diag_bands_               322  c_bands.f90
pw.x               0000000000685075  c_bands_                  132  c_bands.f90
pw.x               000000000040DEAE  electrons_scf_            689  electrons.f90
pw.x               000000000040B14D  electrons_                192  electrons.f90
pw.x               00000000005888D2  run_pwscf_                189  run_pwscf.f90
pw.x               00000000004084B4  MAIN__                     85  pwscf.f90
pw.x               000000000040831E  Unknown               Unknown  Unknown
libc-2.17.so       00002B676EC60C05  __libc_start_main     Unknown  Unknown
pw.x               0000000000408229  Unknown               Unknown  Unknown
forrtl: error (78): process killed (SIGTERM)
Image              PC                Routine            Line        Source             
pw.x               00000000010225FA  Unknown               Unknown  Unknown
libpthread-2.17.s  00002B65ABABD5E0  Unknown               Unknown  Unknown
pw.x               000000000081119D  usnldiag_                 105  usnldiag.f90
libiomp5.so        00002B65AC080C53  __kmp_invoke_micr     Unknown  Unknown
libiomp5.so        00002B65AC0507ED  __kmp_fork_call       Unknown  Unknown
libiomp5.so        00002B65AC027E2A  __kmpc_fork_call      Unknown  Unknown
pw.x               00000000008104A6  usnldiag_                  44  usnldiag.f90
pw.x               0000000000687A7D  diag_bands_IP_dia         997  c_bands.f90
pw.x               000000000068663C  diag_bands_               322  c_bands.f90
pw.x               0000000000685075  c_bands_                  132  c_bands.f90
pw.x               000000000040DEAE  electrons_scf_            689  electrons.f90
pw.x               000000000040B14D  electrons_                192  electrons.f90
pw.x               00000000005888D2  run_pwscf_                189  run_pwscf.f90
pw.x               00000000004084B4  MAIN__                     85  pwscf.f90
pw.x               000000000040831E  Unknown               Unknown  Unknown
libc-2.17.so       00002B65AC391C05  __libc_start_main     Unknown  Unknown
pw.x               0000000000408229  Unknown               Unknown  Unknown
forrtl: error (78): process killed (SIGTERM)
Image              PC                Routine            Line        Source             
pw.x               00000000010225FA  Unknown               Unknown  Unknown
libpthread-2.17.s  00002AD8E31795E0  Unknown               Unknown  Unknown
pw.x               0000000000811189  usnldiag_                 103  usnldiag.f90
libiomp5.so        00002AD8E373CC53  __kmp_invoke_micr     Unknown  Unknown
libiomp5.so        00002AD8E370C7ED  __kmp_fork_call       Unknown  Unknown
libiomp5.so        00002AD8E36E3E2A  __kmpc_fork_call      Unknown  Unknown
pw.x               00000000008104A6  usnldiag_                  44  usnldiag.f90
pw.x               0000000000687A7D  diag_bands_IP_dia         997  c_bands.f90
pw.x               000000000068663C  diag_bands_               322  c_bands.f90
pw.x               0000000000685075  c_bands_                  132  c_bands.f90
pw.x               000000000040DEAE  electrons_scf_            689  electrons.f90
pw.x               000000000040B14D  electrons_                192  electrons.f90
pw.x               00000000005888D2  run_pwscf_                189  run_pwscf.f90
pw.x               00000000004084B4  MAIN__                     85  pwscf.f90
pw.x               000000000040831E  Unknown               Unknown  Unknown
libc-2.17.so       00002AD8E3A4DC05  __libc_start_main     Unknown  Unknown
pw.x               0000000000408229  Unknown               Unknown  Unknown
forrtl: error (78): process killed (SIGTERM)
Image              PC                Routine            Line        Source             
pw.x               00000000010225FA  Unknown               Unknown  Unknown
libpthread-2.17.s  00002B14A7D535E0  Unknown               Unknown  Unknown
pw.x               00000000008111E4  usnldiag_                 105  usnldiag.f90
libiomp5.so        00002B14A8316C53  __kmp_invoke_micr     Unknown  Unknown
libiomp5.so        00002B14A82E67ED  __kmp_fork_call       Unknown  Unknown
libiomp5.so        00002B14A82BDE2A  __kmpc_fork_call      Unknown  Unknown
pw.x               00000000008104A6  usnldiag_                  44  usnldiag.f90
pw.x               0000000000687A7D  diag_bands_IP_dia         997  c_bands.f90
pw.x               000000000068663C  diag_bands_               322  c_bands.f90
pw.x               0000000000685075  c_bands_                  132  c_bands.f90
pw.x               000000000040DEAE  electrons_scf_            689  electrons.f90
pw.x               000000000040B14D  electrons_                192  electrons.f90
pw.x               00000000005888D2  run_pwscf_                189  run_pwscf.f90
pw.x               00000000004084B4  MAIN__                     85  pwscf.f90
pw.x               000000000040831E  Unknown               Unknown  Unknown
libc-2.17.so       00002B14A8627C05  __libc_start_main     Unknown  Unknown
pw.x               0000000000408229  Unknown               Unknown  Unknown
forrtl: error (78): process killed (SIGTERM)
Image              PC                Routine            Line        Source             
pw.x               00000000010225FA  Unknown               Unknown  Unknown
libpthread-2.17.s  00002B30759B65E0  Unknown               Unknown  Unknown
pw.x               000000000081116C  usnldiag_                 107  usnldiag.f90
libiomp5.so        00002B3075F79C53  __kmp_invoke_micr     Unknown  Unknown
libiomp5.so        00002B3075F497ED  __kmp_fork_call       Unknown  Unknown
libiomp5.so        00002B3075F20E2A  __kmpc_fork_call      Unknown  Unknown
pw.x               00000000008104A6  usnldiag_                  44  usnldiag.f90
pw.x               0000000000687A7D  diag_bands_IP_dia         997  c_bands.f90
pw.x               000000000068663C  diag_bands_               322  c_bands.f90
pw.x               0000000000685075  c_bands_                  132  c_bands.f90
pw.x               000000000040DEAE  electrons_scf_            689  electrons.f90
pw.x               000000000040B14D  electrons_                192  electrons.f90
pw.x               00000000005888D2  run_pwscf_                189  run_pwscf.f90
pw.x               00000000004084B4  MAIN__                     85  pwscf.f90
pw.x               000000000040831E  Unknown               Unknown  Unknown
libc-2.17.so       00002B307628AC05  __libc_start_main     Unknown  Unknown
pw.x               0000000000408229  Unknown               Unknown  Unknown
forrtl: error (78): process killed (SIGTERM)
Image              PC                Routine            Line        Source             
pw.x               00000000010225FA  Unknown               Unknown  Unknown
libpthread-2.17.s  00002B42A80D35E0  Unknown               Unknown  Unknown
pw.x               00000000008111D5  usnldiag_                 105  usnldiag.f90
libiomp5.so        00002B42A8696C53  __kmp_invoke_micr     Unknown  Unknown
libiomp5.so        00002B42A86667ED  __kmp_fork_call       Unknown  Unknown
libiomp5.so        00002B42A863DE2A  __kmpc_fork_call      Unknown  Unknown
pw.x               00000000008104A6  usnldiag_                  44  usnldiag.f90
pw.x               0000000000687A7D  diag_bands_IP_dia         997  c_bands.f90
pw.x               000000000068663C  diag_bands_               322  c_bands.f90
pw.x               0000000000685075  c_bands_                  132  c_bands.f90
pw.x               000000000040DEAE  electrons_scf_            689  electrons.f90
pw.x               000000000040B14D  electrons_                192  electrons.f90
pw.x               00000000005888D2  run_pwscf_                189  run_pwscf.f90
pw.x               00000000004084B4  MAIN__                     85  pwscf.f90
pw.x               000000000040831E  Unknown               Unknown  Unknown
libc-2.17.so       00002B42A89A7C05  __libc_start_main     Unknown  Unknown
pw.x               0000000000408229  Unknown               Unknown  Unknown
forrtl: error (78): process killed (SIGTERM)
Image              PC                Routine            Line        Source             
pw.x               00000000010225FA  Unknown               Unknown  Unknown
libpthread-2.17.s  00002B9EB418D5E0  Unknown               Unknown  Unknown
pw.x               00000000008111CB  usnldiag_                 105  usnldiag.f90
libiomp5.so        00002B9EB4750C53  __kmp_invoke_micr     Unknown  Unknown
libiomp5.so        00002B9EB47207ED  __kmp_fork_call       Unknown  Unknown
libiomp5.so        00002B9EB46F7E2A  __kmpc_fork_call      Unknown  Unknown
pw.x               00000000008104A6  usnldiag_                  44  usnldiag.f90
pw.x               0000000000687A7D  diag_bands_IP_dia         997  c_bands.f90
pw.x               000000000068663C  diag_bands_               322  c_bands.f90
pw.x               0000000000685075  c_bands_                  132  c_bands.f90
pw.x               000000000040DEAE  electrons_scf_            689  electrons.f90
pw.x               000000000040B14D  electrons_                192  electrons.f90
pw.x               00000000005888D2  run_pwscf_                189  run_pwscf.f90
pw.x               00000000004084B4  MAIN__                     85  pwscf.f90
pw.x               000000000040831E  Unknown               Unknown  Unknown
libc-2.17.so       00002B9EB4A61C05  __libc_start_main     Unknown  Unknown
pw.x               0000000000408229  Unknown               Unknown  Unknown
forrtl: error (78): process killed (SIGTERM)
Image              PC                Routine            Line        Source             
pw.x               00000000010225FA  Unknown               Unknown  Unknown
libpthread-2.17.s  00002B45216F55E0  Unknown               Unknown  Unknown
pw.x               00000000008111F3  usnldiag_                 104  usnldiag.f90
libiomp5.so        00002B4521CB8C53  __kmp_invoke_micr     Unknown  Unknown
libiomp5.so        00002B4521C887ED  __kmp_fork_call       Unknown  Unknown
libiomp5.so        00002B4521C5FE2A  __kmpc_fork_call      Unknown  Unknown
pw.x               00000000008104A6  usnldiag_                  44  usnldiag.f90
pw.x               0000000000687A7D  diag_bands_IP_dia         997  c_bands.f90
pw.x               000000000068663C  diag_bands_               322  c_bands.f90
pw.x               0000000000685075  c_bands_                  132  c_bands.f90
pw.x               000000000040DEAE  electrons_scf_            689  electrons.f90
pw.x               000000000040B14D  electrons_                192  electrons.f90
pw.x               00000000005888D2  run_pwscf_                189  run_pwscf.f90
pw.x               00000000004084B4  MAIN__                     85  pwscf.f90
pw.x               000000000040831E  Unknown               Unknown  Unknown
libc-2.17.so       00002B4521FC9C05  __libc_start_main     Unknown  Unknown
pw.x               0000000000408229  Unknown               Unknown  Unknown
forrtl: error (78): process killed (SIGTERM)
Image              PC                Routine            Line        Source             
pw.x               00000000010225FA  Unknown               Unknown  Unknown
libpthread-2.17.s  00002B86BED875E0  Unknown               Unknown  Unknown
pw.x               000000000081116C  usnldiag_                 107  usnldiag.f90
libiomp5.so        00002B86BF34AC53  __kmp_invoke_micr     Unknown  Unknown
libiomp5.so        00002B86BF31A7ED  __kmp_fork_call       Unknown  Unknown
libiomp5.so        00002B86BF2F1E2A  __kmpc_fork_call      Unknown  Unknown
pw.x               00000000008104A6  usnldiag_                  44  usnldiag.f90
pw.x               0000000000687A7D  diag_bands_IP_dia         997  c_bands.f90
pw.x               000000000068663C  diag_bands_               322  c_bands.f90
pw.x               0000000000685075  c_bands_                  132  c_bands.f90
pw.x               000000000040DEAE  electrons_scf_            689  electrons.f90
pw.x               000000000040B14D  electrons_                192  electrons.f90
pw.x               00000000005888D2  run_pwscf_                189  run_pwscf.f90
pw.x               00000000004084B4  MAIN__                     85  pwscf.f90
pw.x               000000000040831E  Unknown               Unknown  Unknown
libc-2.17.so       00002B86BF65BC05  __libc_start_main     Unknown  Unknown
pw.x               0000000000408229  Unknown               Unknown  Unknown
forrtl: error (78): process killed (SIGTERM)
Image              PC                Routine            Line        Source             
pw.x               00000000010225FA  Unknown               Unknown  Unknown
libpthread-2.17.s  00002ACF9CAF75E0  Unknown               Unknown  Unknown
pw.x               00000000008111E4  usnldiag_                 105  usnldiag.f90
libiomp5.so        00002ACF9D0BAC53  __kmp_invoke_micr     Unknown  Unknown
libiomp5.so        00002ACF9D08A7ED  __kmp_fork_call       Unknown  Unknown
libiomp5.so        00002ACF9D061E2A  __kmpc_fork_call      Unknown  Unknown
pw.x               00000000008104A6  usnldiag_                  44  usnldiag.f90
pw.x               0000000000687A7D  diag_bands_IP_dia         997  c_bands.f90
pw.x               000000000068663C  diag_bands_               322  c_bands.f90
pw.x               0000000000685075  c_bands_                  132  c_bands.f90
pw.x               000000000040DEAE  electrons_scf_            689  electrons.f90
pw.x               000000000040B14D  electrons_                192  electrons.f90
pw.x               00000000005888D2  run_pwscf_                189  run_pwscf.f90
pw.x               00000000004084B4  MAIN__                     85  pwscf.f90
pw.x               000000000040831E  Unknown               Unknown  Unknown
libc-2.17.so       00002ACF9D3CBC05  __libc_start_main     Unknown  Unknown
pw.x               0000000000408229  Unknown               Unknown  Unknown
forrtl: error (78): process killed (SIGTERM)
Image              PC                Routine            Line        Source             
pw.x               00000000010225FA  Unknown               Unknown  Unknown
libpthread-2.17.s  00002B7F2B7EC5E0  Unknown               Unknown  Unknown
pw.x               00000000008111B8  usnldiag_                 103  usnldiag.f90
libiomp5.so        00002B7F2BDAFC53  __kmp_invoke_micr     Unknown  Unknown
libiomp5.so        00002B7F2BD7F7ED  __kmp_fork_call       Unknown  Unknown
libiomp5.so        00002B7F2BD56E2A  __kmpc_fork_call      Unknown  Unknown
pw.x               00000000008104A6  usnldiag_                  44  usnldiag.f90
pw.x               0000000000687A7D  diag_bands_IP_dia         997  c_bands.f90
pw.x               000000000068663C  diag_bands_               322  c_bands.f90
pw.x               0000000000685075  c_bands_                  132  c_bands.f90
pw.x               000000000040DEAE  electrons_scf_            689  electrons.f90
pw.x               000000000040B14D  electrons_                192  electrons.f90
pw.x               00000000005888D2  run_pwscf_                189  run_pwscf.f90
pw.x               00000000004084B4  MAIN__                     85  pwscf.f90
pw.x               000000000040831E  Unknown               Unknown  Unknown
libc-2.17.so       00002B7F2C0C0C05  __libc_start_main     Unknown  Unknown
pw.x               0000000000408229  Unknown               Unknown  Unknown
forrtl: error (78): process killed (SIGTERM)
Image              PC                Routine            Line        Source             
pw.x               00000000010225FA  Unknown               Unknown  Unknown
libpthread-2.17.s  00002B93A1E005E0  Unknown               Unknown  Unknown
pw.x               00000000008111D5  usnldiag_                 105  usnldiag.f90
libiomp5.so        00002B93A23C3C53  __kmp_invoke_micr     Unknown  Unknown
libiomp5.so        00002B93A23937ED  __kmp_fork_call       Unknown  Unknown
libiomp5.so        00002B93A236AE2A  __kmpc_fork_call      Unknown  Unknown
pw.x               00000000008104A6  usnldiag_                  44  usnldiag.f90
pw.x               0000000000687A7D  diag_bands_IP_dia         997  c_bands.f90
pw.x               000000000068663C  diag_bands_               322  c_bands.f90
pw.x               0000000000685075  c_bands_                  132  c_bands.f90
pw.x               000000000040DEAE  electrons_scf_            689  electrons.f90
pw.x               000000000040B14D  electrons_                192  electrons.f90
pw.x               00000000005888D2  run_pwscf_                189  run_pwscf.f90
pw.x               00000000004084B4  MAIN__                     85  pwscf.f90
pw.x               000000000040831E  Unknown               Unknown  Unknown
libc-2.17.so       00002B93A26D4C05  __libc_start_main     Unknown  Unknown
pw.x               0000000000408229  Unknown               Unknown  Unknown
