forrtl: error (78): process killed (SIGTERM)
Image              PC                Routine            Line        Source             
pw.x               00000000010225FA  Unknown               Unknown  Unknown
libpthread-2.17.s  00002B5E48FDF5E0  Unknown               Unknown  Unknown
libmkl_avx512.so   00002B5E6323539B  mkl_blas_avx512_z     Unknown  Unknown
forrtl: error (78): process killed (SIGTERM)
Image              PC                Routine            Line        Source             
pw.x               00000000010225FA  Unknown               Unknown  Unknown
libpthread-2.17.s  00002B19DAC4E5E0  Unknown               Unknown  Unknown
libmkl_avx512.so   00002B19F4EB457C  mkl_blas_avx512_z     Unknown  Unknown
forrtl: error (78): process killed (SIGTERM)
Image              PC                Routine            Line        Source             
pw.x               00000000010225FA  Unknown               Unknown  Unknown
libpthread-2.17.s  00002B625F56E5E0  Unknown               Unknown  Unknown
libmkl_avx512.so   00002B62797D4770  mkl_blas_avx512_z     Unknown  Unknown
forrtl: error (78): process killed (SIGTERM)
Image              PC                Routine            Line        Source             
pw.x               00000000010225FA  Unknown               Unknown  Unknown
libpthread-2.17.s  00002B775DCE85E0  Unknown               Unknown  Unknown
libmkl_avx512.so   00002B7777F3DB07  mkl_blas_avx512_z     Unknown  Unknown
forrtl: error (78): process killed (SIGTERM)
Image              PC                Routine            Line        Source             
pw.x               00000000010225FA  Unknown               Unknown  Unknown
libpthread-2.17.s  00002B12028295E0  Unknown               Unknown  Unknown
libmkl_avx512.so   00002B121CA7F0B2  mkl_blas_avx512_z     Unknown  Unknown
forrtl: error (78): process killed (SIGTERM)
Image              PC                Routine            Line        Source             
pw.x               00000000010225FA  Unknown               Unknown  Unknown
libpthread-2.17.s  00002ADA6099C5E0  Unknown               Unknown  Unknown
libmkl_avx512.so   00002ADA7ABF242E  mkl_blas_avx512_z     Unknown  Unknown
forrtl: error (78): process killed (SIGTERM)
Image              PC                Routine            Line        Source             
pw.x               00000000010225FA  Unknown               Unknown  Unknown
libpthread-2.17.s  00002BA11EBB55E0  Unknown               Unknown  Unknown
libmkl_avx512.so   00002BA138E0AC8B  mkl_blas_avx512_z     Unknown  Unknown
forrtl: error (78): process killed (SIGTERM)
Image              PC                Routine            Line        Source             
pw.x               00000000010225FA  Unknown               Unknown  Unknown
libpthread-2.17.s  00002B07421805E0  Unknown               Unknown  Unknown
libmkl_avx512.so   00002B075C3D5C8B  mkl_blas_avx512_z     Unknown  Unknown
forrtl: error (78): process killed (SIGTERM)
Image              PC                Routine            Line        Source             
pw.x               00000000010225FA  Unknown               Unknown  Unknown
libpthread-2.17.s  00002B756E55E5E0  Unknown               Unknown  Unknown
libmkl_avx512.so   00002B75887C4631  mkl_blas_avx512_z     Unknown  Unknown
forrtl: error (78): process killed (SIGTERM)
Image              PC                Routine            Line        Source             
pw.x               00000000010225FA  Unknown               Unknown  Unknown
libpthread-2.17.s  00002AC0941AC5E0  Unknown               Unknown  Unknown
libmkl_avx512.so   00002AC0AE412770  mkl_blas_avx512_z     Unknown  Unknown
forrtl: error (78): process killed (SIGTERM)
Image              PC                Routine            Line        Source             
pw.x               00000000010225FA  Unknown               Unknown  Unknown
libpthread-2.17.s  00002B4074FCF5E0  Unknown               Unknown  Unknown
libmkl_avx512.so   00002B408F224C04  mkl_blas_avx512_z     Unknown  Unknown
forrtl: error (78): process killed (SIGTERM)
Image              PC                Routine            Line        Source             
pw.x               00000000010225FA  Unknown               Unknown  Unknown
libpthread-2.17.s  00002AAD4A66B5E0  Unknown               Unknown  Unknown
libmkl_avx512.so   00002AAD648C1337  mkl_blas_avx512_z     Unknown  Unknown
forrtl: error (78): process killed (SIGTERM)
Image              PC                Routine            Line        Source             
pw.x               00000000010225FA  Unknown               Unknown  Unknown
libpthread-2.17.s  00002B1840E0F5E0  Unknown               Unknown  Unknown
libmkl_avx512.so   00002B185B0755F3  mkl_blas_avx512_z     Unknown  Unknown
forrtl: error (78): process killed (SIGTERM)
Image              PC                Routine            Line        Source             
pw.x               00000000010225FA  Unknown               Unknown  Unknown
libpthread-2.17.s  00002B6B8047B5E0  Unknown               Unknown  Unknown
libmkl_avx512.so   00002B6B9A6E16AE  mkl_blas_avx512_z     Unknown  Unknown
forrtl: error (78): process killed (SIGTERM)
Image              PC                Routine            Line        Source             
pw.x               00000000010225FA  Unknown               Unknown  Unknown
libpthread-2.17.s  00002B12D3C3F5E0  Unknown               Unknown  Unknown
libmkl_avx512.so   00002B12EDEA56AE  mkl_blas_avx512_z     Unknown  Unknown
forrtl: error (78): process killed (SIGTERM)
Image              PC                Routine            Line        Source             
pw.x               00000000010225FA  Unknown               Unknown  Unknown
libpthread-2.17.s  00002B11220AB5E0  Unknown               Unknown  Unknown
libmkl_avx512.so   00002B113C3116AE  mkl_blas_avx512_z     Unknown  Unknown
forrtl: error (78): process killed (SIGTERM)
Image              PC                Routine            Line        Source             
pw.x               00000000010225FA  Unknown               Unknown  Unknown
libpthread-2.17.s  00002B3A057DE5E0  Unknown               Unknown  Unknown
libmkl_avx512.so   00002B3A1FA33AFA  mkl_blas_avx512_z     Unknown  Unknown
forrtl: error (78): process killed (SIGTERM)
Image              PC                Routine            Line        Source             
pw.x               00000000010225FA  Unknown               Unknown  Unknown
libpthread-2.17.s  00002B7EEE0105E0  Unknown               Unknown  Unknown
libmkl_avx512.so   00002B7F08265BA6  mkl_blas_avx512_z     Unknown  Unknown
forrtl: error (78): process killed (SIGTERM)
Image              PC                Routine            Line        Source             
pw.x               00000000010225FA  Unknown               Unknown  Unknown
libpthread-2.17.s  00002B90F23325E0  Unknown               Unknown  Unknown
libmkl_avx512.so   00002B910C5879C5  mkl_blas_avx512_z     Unknown  Unknown
forrtl: error (78): process killed (SIGTERM)
Image              PC                Routine            Line        Source             
pw.x               00000000010225FA  Unknown               Unknown  Unknown
libpthread-2.17.s  00002B4C0A5295E0  Unknown               Unknown  Unknown
libmkl_avx512.so   00002B4C2477EB07  mkl_blas_avx512_z     Unknown  Unknown
forrtl: error (78): process killed (SIGTERM)
Image              PC                Routine            Line        Source             
pw.x               00000000010225FA  Unknown               Unknown  Unknown
libpthread-2.17.s  00002B95AAEB25E0  Unknown               Unknown  Unknown
libmkl_avx512.so   00002B95C5107C39  mkl_blas_avx512_z     Unknown  Unknown
forrtl: error (78): process killed (SIGTERM)
Image              PC                Routine            Line        Source             
pw.x               00000000010225FA  Unknown               Unknown  Unknown
libpthread-2.17.s  00002ABC9CD9C5E0  Unknown               Unknown  Unknown
libmkl_avx512.so   00002ABCB6FF23C0  mkl_blas_avx512_z     Unknown  Unknown
forrtl: error (78): process killed (SIGTERM)
Image              PC                Routine            Line        Source             
pw.x               00000000010225FA  Unknown               Unknown  Unknown
libpthread-2.17.s  00002B37603255E0  Unknown               Unknown  Unknown
libmkl_avx512.so   00002B377A58B6ED  mkl_blas_avx512_z     Unknown  Unknown
forrtl: error (78): process killed (SIGTERM)
Image              PC                Routine            Line        Source             
pw.x               00000000010225FA  Unknown               Unknown  Unknown
libpthread-2.17.s  00002B5B23BA45E0  Unknown               Unknown  Unknown
libmkl_avx512.so   00002B5B3DDF9AD5  mkl_blas_avx512_z     Unknown  Unknown
forrtl: error (78): process killed (SIGTERM)
Image              PC                Routine            Line        Source             
pw.x               00000000010225FA  Unknown               Unknown  Unknown
libpthread-2.17.s  00002BA618AB45E0  Unknown               Unknown  Unknown
libmkl_avx512.so   00002BA632D09B4E  mkl_blas_avx512_z     Unknown  Unknown
forrtl: error (78): process killed (SIGTERM)
Image              PC                Routine            Line        Source             
pw.x               00000000010225FA  Unknown               Unknown  Unknown
libpthread-2.17.s  00002AE40D7E55E0  Unknown               Unknown  Unknown
libmkl_avx512.so   00002AE427A3B3D5  mkl_blas_avx512_z     Unknown  Unknown
forrtl: error (78): process killed (SIGTERM)
Image              PC                Routine            Line        Source             
pw.x               00000000010225FA  Unknown               Unknown  Unknown
libpthread-2.17.s  00002AD3B959A5E0  Unknown               Unknown  Unknown
libmkl_avx512.so   00002AD3D38006A8  mkl_blas_avx512_z     Unknown  Unknown
forrtl: error (78): process killed (SIGTERM)
Image              PC                Routine            Line        Source             
pw.x               00000000010225FA  Unknown               Unknown  Unknown
libpthread-2.17.s  00002B46598F65E0  Unknown               Unknown  Unknown
libmkl_avx512.so   00002B4673B4B99F  mkl_blas_avx512_z     Unknown  Unknown
forrtl: error (78): process killed (SIGTERM)
Image              PC                Routine            Line        Source             
pw.x               00000000010225FA  Unknown               Unknown  Unknown
libpthread-2.17.s  00002AC9381C85E0  Unknown               Unknown  Unknown
libmkl_avx512.so   00002AC95241DBD2  mkl_blas_avx512_z     Unknown  Unknown
forrtl: error (78): process killed (SIGTERM)
Image              PC                Routine            Line        Source             
pw.x               00000000010225FA  Unknown               Unknown  Unknown
libpthread-2.17.s  00002AF680BFB5E0  Unknown               Unknown  Unknown
libmkl_avx512.so   00002AF69AE51324  mkl_blas_avx512_z     Unknown  Unknown
forrtl: error (78): process killed (SIGTERM)
Image              PC                Routine            Line        Source             
pw.x               00000000010225FA  Unknown               Unknown  Unknown
libpthread-2.17.s  00002B2FBD7945E0  Unknown               Unknown  Unknown
libmkl_avx512.so   00002B2FD79EA38E  mkl_blas_avx512_z     Unknown  Unknown
forrtl: error (78): process killed (SIGTERM)
Image              PC                Routine            Line        Source             
pw.x               00000000010225FA  Unknown               Unknown  Unknown
libpthread-2.17.s  00002B5DD75F95E0  Unknown               Unknown  Unknown
libmkl_avx512.so   00002B5DF1850770  mkl_blas_avx512_z     Unknown  Unknown
forrtl: error (78): process killed (SIGTERM)
Image              PC                Routine            Line        Source             
pw.x               00000000010225FA  Unknown               Unknown  Unknown
libpthread-2.17.s  00002BA47A8805E0  Unknown               Unknown  Unknown
libmkl_avx512.so   00002BA494AD63DC  mkl_blas_avx512_z     Unknown  Unknown
forrtl: error (78): process killed (SIGTERM)
Image              PC                Routine            Line        Source             
pw.x               00000000010225FA  Unknown               Unknown  Unknown
libpthread-2.17.s  00002AFF9C14F5E0  Unknown               Unknown  Unknown
libmkl_avx512.so   00002AFFB63A4CA8  mkl_blas_avx512_z     Unknown  Unknown
forrtl: error (78): process killed (SIGTERM)
Image              PC                Routine            Line        Source             
pw.x               00000000010225FA  Unknown               Unknown  Unknown
libpthread-2.17.s  00002B5F668345E0  Unknown               Unknown  Unknown
libmkl_avx512.so   00002B5F80A89E6A  mkl_blas_avx512_z     Unknown  Unknown
forrtl: error (78): process killed (SIGTERM)
Image              PC                Routine            Line        Source             
pw.x               00000000010225FA  Unknown               Unknown  Unknown
libpthread-2.17.s  00002ADB1F84A5E0  Unknown               Unknown  Unknown
pw.x               0000000001022490  Unknown               Unknown  Unknown
libpthread-2.17.s  00002ADB1F84A5E0  Unknown               Unknown  Unknown
libmkl_avx512.so   00002ADB39AA0233  mkl_blas_avx512_z     Unknown  Unknown
