forrtl: error (78): process killed (SIGTERM)
Image              PC                Routine            Line        Source             
pw.x               00000000010225FA  Unknown               Unknown  Unknown
libpthread-2.17.s  00002ABF0E01C5E0  Unknown               Unknown  Unknown
pw.x               0000000000E7250F  fft_helper_subrou         499  fft_helper_subroutines.f90
pw.x               0000000000A304E0  fft_wave_mp_wave_         142  fft_wave.f90
pw.x               00000000005CA992  sum_band_IP_sum_b         709  sum_band.f90
pw.x               00000000005C7176  sum_band_                 182  sum_band.f90
pw.x               000000000040DF4F  electrons_scf_            727  electrons.f90
pw.x               000000000040B14D  electrons_                192  electrons.f90
pw.x               00000000005888D2  run_pwscf_                189  run_pwscf.f90
pw.x               00000000004084B4  MAIN__                     85  pwscf.f90
pw.x               000000000040831E  Unknown               Unknown  Unknown
libc-2.17.so       00002ABF0E8F0C05  __libc_start_main     Unknown  Unknown
pw.x               0000000000408229  Unknown               Unknown  Unknown
forrtl: error (78): process killed (SIGTERM)
Image              PC                Routine            Line        Source             
pw.x               00000000010225FA  Unknown               Unknown  Unknown
libpthread-2.17.s  00002AEA340145E0  Unknown               Unknown  Unknown
libmpi.so.12       00002AEA3301FB78  PMPIDI_CH3I_Progr     Unknown  Unknown
libmpi.so.12.0     00002AEA331C2243  Unknown               Unknown  Unknown
libmpi.so.12.0     00002AEA32FD1F46  Unknown               Unknown  Unknown
libmpi.so.12       00002AEA32FD40BF  MPI_Alltoall          Unknown  Unknown
libmpifort.so.12.  00002AEA32B7F42E  mpi_alltoall__        Unknown  Unknown
pw.x               0000000000E3E3E6  fft_scatter_2d_mp         123  fft_scatter_2d.f90
pw.x               0000000000E55397  fft_parallel_2d_m         172  fft_parallel_2d.f90
pw.x               0000000000E40685  invfft_y_                  91  fft_fwinv.f90
pw.x               0000000000A30430  fft_wave_mp_wave_         152  fft_wave.f90
pw.x               00000000005CA992  sum_band_IP_sum_b         709  sum_band.f90
pw.x               00000000005C7176  sum_band_                 182  sum_band.f90
pw.x               000000000040DF4F  electrons_scf_            727  electrons.f90
pw.x               000000000040B14D  electrons_                192  electrons.f90
pw.x               00000000005888D2  run_pwscf_                189  run_pwscf.f90
pw.x               00000000004084B4  MAIN__                     85  pwscf.f90
pw.x               000000000040831E  Unknown               Unknown  Unknown
libc-2.17.so       00002AEA348E8C05  __libc_start_main     Unknown  Unknown
pw.x               0000000000408229  Unknown               Unknown  Unknown
forrtl: error (78): process killed (SIGTERM)
Image              PC                Routine            Line        Source             
pw.x               00000000010225FA  Unknown               Unknown  Unknown
libpthread-2.17.s  00002AD5941C05E0  Unknown               Unknown  Unknown
libmpi.so.12       00002AD5931CAEB8  PMPIDI_CH3I_Progr     Unknown  Unknown
libmpi.so.12.0     00002AD59336E243  Unknown               Unknown  Unknown
libmpi.so.12.0     00002AD59317DF46  Unknown               Unknown  Unknown
libmpi.so.12       00002AD5931800BF  MPI_Alltoall          Unknown  Unknown
libmpifort.so.12.  00002AD592D2B42E  mpi_alltoall__        Unknown  Unknown
pw.x               0000000000E3E3E6  fft_scatter_2d_mp         123  fft_scatter_2d.f90
pw.x               0000000000E55397  fft_parallel_2d_m         172  fft_parallel_2d.f90
pw.x               0000000000E40685  invfft_y_                  91  fft_fwinv.f90
pw.x               0000000000A30430  fft_wave_mp_wave_         152  fft_wave.f90
pw.x               00000000005CA992  sum_band_IP_sum_b         709  sum_band.f90
pw.x               00000000005C7176  sum_band_                 182  sum_band.f90
pw.x               000000000040DF4F  electrons_scf_            727  electrons.f90
pw.x               000000000040B14D  electrons_                192  electrons.f90
pw.x               00000000005888D2  run_pwscf_                189  run_pwscf.f90
pw.x               00000000004084B4  MAIN__                     85  pwscf.f90
pw.x               000000000040831E  Unknown               Unknown  Unknown
libc-2.17.so       00002AD594A94C05  __libc_start_main     Unknown  Unknown
pw.x               0000000000408229  Unknown               Unknown  Unknown
forrtl: error (78): process killed (SIGTERM)
Image              PC                Routine            Line        Source             
pw.x               00000000010225FA  Unknown               Unknown  Unknown
libpthread-2.17.s  00002B568395C5E0  Unknown               Unknown  Unknown
libmpi.so.12       00002B5682966EB8  PMPIDI_CH3I_Progr     Unknown  Unknown
libmpi.so.12.0     00002B5682B0A243  Unknown               Unknown  Unknown
libmpi.so.12.0     00002B5682919F46  Unknown               Unknown  Unknown
libmpi.so.12       00002B568291C0BF  MPI_Alltoall          Unknown  Unknown
libmpifort.so.12.  00002B56824C742E  mpi_alltoall__        Unknown  Unknown
pw.x               0000000000E3E3E6  fft_scatter_2d_mp         123  fft_scatter_2d.f90
pw.x               0000000000E55397  fft_parallel_2d_m         172  fft_parallel_2d.f90
pw.x               0000000000E40685  invfft_y_                  91  fft_fwinv.f90
pw.x               0000000000A30430  fft_wave_mp_wave_         152  fft_wave.f90
pw.x               00000000005CA992  sum_band_IP_sum_b         709  sum_band.f90
pw.x               00000000005C7176  sum_band_                 182  sum_band.f90
pw.x               000000000040DF4F  electrons_scf_            727  electrons.f90
pw.x               000000000040B14D  electrons_                192  electrons.f90
pw.x               00000000005888D2  run_pwscf_                189  run_pwscf.f90
pw.x               00000000004084B4  MAIN__                     85  pwscf.f90
pw.x               000000000040831E  Unknown               Unknown  Unknown
libc-2.17.so       00002B5684230C05  __libc_start_main     Unknown  Unknown
pw.x               0000000000408229  Unknown               Unknown  Unknown
forrtl: error (78): process killed (SIGTERM)
Image              PC                Routine            Line        Source             
pw.x               00000000010225FA  Unknown               Unknown  Unknown
libpthread-2.17.s  00002B0F154E35E0  Unknown               Unknown  Unknown
libmpi.so.12       00002B0F144EDEB8  PMPIDI_CH3I_Progr     Unknown  Unknown
libmpi.so.12.0     00002B0F14691243  Unknown               Unknown  Unknown
libmpi.so.12.0     00002B0F144A0F46  Unknown               Unknown  Unknown
libmpi.so.12       00002B0F144A30BF  MPI_Alltoall          Unknown  Unknown
libmpifort.so.12.  00002B0F1404E42E  mpi_alltoall__        Unknown  Unknown
pw.x               0000000000E3E3E6  fft_scatter_2d_mp         123  fft_scatter_2d.f90
pw.x               0000000000E55397  fft_parallel_2d_m         172  fft_parallel_2d.f90
pw.x               0000000000E40685  invfft_y_                  91  fft_fwinv.f90
pw.x               0000000000A30430  fft_wave_mp_wave_         152  fft_wave.f90
pw.x               00000000005CA992  sum_band_IP_sum_b         709  sum_band.f90
pw.x               00000000005C7176  sum_band_                 182  sum_band.f90
pw.x               000000000040DF4F  electrons_scf_            727  electrons.f90
pw.x               000000000040B14D  electrons_                192  electrons.f90
pw.x               00000000005888D2  run_pwscf_                189  run_pwscf.f90
pw.x               00000000004084B4  MAIN__                     85  pwscf.f90
pw.x               000000000040831E  Unknown               Unknown  Unknown
libc-2.17.so       00002B0F15DB7C05  __libc_start_main     Unknown  Unknown
pw.x               0000000000408229  Unknown               Unknown  Unknown
forrtl: error (78): process killed (SIGTERM)
Image              PC                Routine            Line        Source             
pw.x               00000000010225FA  Unknown               Unknown  Unknown
libpthread-2.17.s  00002B8F683EE5E0  Unknown               Unknown  Unknown
libmpi.so.12       00002B8F673F8EB8  PMPIDI_CH3I_Progr     Unknown  Unknown
libmpi.so.12.0     00002B8F6759C243  Unknown               Unknown  Unknown
libmpi.so.12.0     00002B8F673ABF46  Unknown               Unknown  Unknown
libmpi.so.12       00002B8F673AE0BF  MPI_Alltoall          Unknown  Unknown
libmpifort.so.12.  00002B8F66F5942E  mpi_alltoall__        Unknown  Unknown
pw.x               0000000000E3E3E6  fft_scatter_2d_mp         123  fft_scatter_2d.f90
pw.x               0000000000E55397  fft_parallel_2d_m         172  fft_parallel_2d.f90
pw.x               0000000000E40685  invfft_y_                  91  fft_fwinv.f90
pw.x               0000000000A30430  fft_wave_mp_wave_         152  fft_wave.f90
pw.x               00000000005CA992  sum_band_IP_sum_b         709  sum_band.f90
pw.x               00000000005C7176  sum_band_                 182  sum_band.f90
pw.x               000000000040DF4F  electrons_scf_            727  electrons.f90
pw.x               000000000040B14D  electrons_                192  electrons.f90
pw.x               00000000005888D2  run_pwscf_                189  run_pwscf.f90
pw.x               00000000004084B4  MAIN__                     85  pwscf.f90
pw.x               000000000040831E  Unknown               Unknown  Unknown
libc-2.17.so       00002B8F68CC2C05  __libc_start_main     Unknown  Unknown
pw.x               0000000000408229  Unknown               Unknown  Unknown
forrtl: error (78): process killed (SIGTERM)
Image              PC                Routine            Line        Source             
pw.x               00000000010225FA  Unknown               Unknown  Unknown
libpthread-2.17.s  00002B6D976655E0  Unknown               Unknown  Unknown
libmpi.so.12       00002B6D9666FEB8  PMPIDI_CH3I_Progr     Unknown  Unknown
libmpi.so.12.0     00002B6D96813243  Unknown               Unknown  Unknown
libmpi.so.12.0     00002B6D96622F46  Unknown               Unknown  Unknown
libmpi.so.12       00002B6D966250BF  MPI_Alltoall          Unknown  Unknown
libmpifort.so.12.  00002B6D961D042E  mpi_alltoall__        Unknown  Unknown
pw.x               0000000000E3E3E6  fft_scatter_2d_mp         123  fft_scatter_2d.f90
pw.x               0000000000E55397  fft_parallel_2d_m         172  fft_parallel_2d.f90
pw.x               0000000000E40685  invfft_y_                  91  fft_fwinv.f90
pw.x               0000000000A30430  fft_wave_mp_wave_         152  fft_wave.f90
pw.x               00000000005CA992  sum_band_IP_sum_b         709  sum_band.f90
pw.x               00000000005C7176  sum_band_                 182  sum_band.f90
pw.x               000000000040DF4F  electrons_scf_            727  electrons.f90
pw.x               000000000040B14D  electrons_                192  electrons.f90
pw.x               00000000005888D2  run_pwscf_                189  run_pwscf.f90
pw.x               00000000004084B4  MAIN__                     85  pwscf.f90
pw.x               000000000040831E  Unknown               Unknown  Unknown
libc-2.17.so       00002B6D97F39C05  __libc_start_main     Unknown  Unknown
pw.x               0000000000408229  Unknown               Unknown  Unknown
forrtl: error (78): process killed (SIGTERM)
Image              PC                Routine            Line        Source             
pw.x               00000000010225FA  Unknown               Unknown  Unknown
libpthread-2.17.s  00002B375C3455E0  Unknown               Unknown  Unknown
libmpi.so.12       00002B375B350BB1  PMPIDI_CH3I_Progr     Unknown  Unknown
libmpi.so.12.0     00002B375B4F3243  Unknown               Unknown  Unknown
libmpi.so.12.0     00002B375B302F46  Unknown               Unknown  Unknown
libmpi.so.12       00002B375B3050BF  MPI_Alltoall          Unknown  Unknown
libmpifort.so.12.  00002B375AEB042E  mpi_alltoall__        Unknown  Unknown
pw.x               0000000000E3E3E6  fft_scatter_2d_mp         123  fft_scatter_2d.f90
pw.x               0000000000E55397  fft_parallel_2d_m         172  fft_parallel_2d.f90
pw.x               0000000000E40685  invfft_y_                  91  fft_fwinv.f90
pw.x               0000000000A30430  fft_wave_mp_wave_         152  fft_wave.f90
pw.x               00000000005CA992  sum_band_IP_sum_b         709  sum_band.f90
pw.x               00000000005C7176  sum_band_                 182  sum_band.f90
pw.x               000000000040DF4F  electrons_scf_            727  electrons.f90
pw.x               000000000040B14D  electrons_                192  electrons.f90
pw.x               00000000005888D2  run_pwscf_                189  run_pwscf.f90
pw.x               00000000004084B4  MAIN__                     85  pwscf.f90
pw.x               000000000040831E  Unknown               Unknown  Unknown
libc-2.17.so       00002B375CC19C05  __libc_start_main     Unknown  Unknown
pw.x               0000000000408229  Unknown               Unknown  Unknown
forrtl: error (78): process killed (SIGTERM)
Image              PC                Routine            Line        Source             
pw.x               00000000010225FA  Unknown               Unknown  Unknown
libpthread-2.17.s  00002B237E1285E0  Unknown               Unknown  Unknown
libmpi.so.12       00002B237D132E56  PMPIDI_CH3I_Progr     Unknown  Unknown
libmpi.so.12.0     00002B237D2D6243  Unknown               Unknown  Unknown
libmpi.so.12.0     00002B237D0E5F46  Unknown               Unknown  Unknown
libmpi.so.12       00002B237D0E80BF  MPI_Alltoall          Unknown  Unknown
libmpifort.so.12.  00002B237CC9342E  mpi_alltoall__        Unknown  Unknown
pw.x               0000000000E3E3E6  fft_scatter_2d_mp         123  fft_scatter_2d.f90
pw.x               0000000000E55397  fft_parallel_2d_m         172  fft_parallel_2d.f90
pw.x               0000000000E40685  invfft_y_                  91  fft_fwinv.f90
pw.x               0000000000A30430  fft_wave_mp_wave_         152  fft_wave.f90
pw.x               00000000005CA992  sum_band_IP_sum_b         709  sum_band.f90
pw.x               00000000005C7176  sum_band_                 182  sum_band.f90
pw.x               000000000040DF4F  electrons_scf_            727  electrons.f90
pw.x               000000000040B14D  electrons_                192  electrons.f90
pw.x               00000000005888D2  run_pwscf_                189  run_pwscf.f90
pw.x               00000000004084B4  MAIN__                     85  pwscf.f90
pw.x               000000000040831E  Unknown               Unknown  Unknown
libc-2.17.so       00002B237E9FCC05  __libc_start_main     Unknown  Unknown
pw.x               0000000000408229  Unknown               Unknown  Unknown
forrtl: error (78): process killed (SIGTERM)
Image              PC                Routine            Line        Source             
pw.x               00000000010225FA  Unknown               Unknown  Unknown
libpthread-2.17.s  00002B22919545E0  Unknown               Unknown  Unknown
libmpi.so.12       00002B229095EEB8  PMPIDI_CH3I_Progr     Unknown  Unknown
libmpi.so.12.0     00002B2290B02243  Unknown               Unknown  Unknown
libmpi.so.12.0     00002B2290911F46  Unknown               Unknown  Unknown
libmpi.so.12       00002B22909140BF  MPI_Alltoall          Unknown  Unknown
libmpifort.so.12.  00002B22904BF42E  mpi_alltoall__        Unknown  Unknown
pw.x               0000000000E3E3E6  fft_scatter_2d_mp         123  fft_scatter_2d.f90
pw.x               0000000000E55397  fft_parallel_2d_m         172  fft_parallel_2d.f90
pw.x               0000000000E40685  invfft_y_                  91  fft_fwinv.f90
pw.x               0000000000A30430  fft_wave_mp_wave_         152  fft_wave.f90
pw.x               00000000005CA992  sum_band_IP_sum_b         709  sum_band.f90
pw.x               00000000005C7176  sum_band_                 182  sum_band.f90
pw.x               000000000040DF4F  electrons_scf_            727  electrons.f90
pw.x               000000000040B14D  electrons_                192  electrons.f90
pw.x               00000000005888D2  run_pwscf_                189  run_pwscf.f90
pw.x               00000000004084B4  MAIN__                     85  pwscf.f90
pw.x               000000000040831E  Unknown               Unknown  Unknown
libc-2.17.so       00002B2292228C05  __libc_start_main     Unknown  Unknown
pw.x               0000000000408229  Unknown               Unknown  Unknown
forrtl: error (78): process killed (SIGTERM)
Image              PC                Routine            Line        Source             
pw.x               00000000010225FA  Unknown               Unknown  Unknown
libpthread-2.17.s  00002B2EAF84E5E0  Unknown               Unknown  Unknown
libmpi.so.12       00002B2EAE858EB8  PMPIDI_CH3I_Progr     Unknown  Unknown
libmpi.so.12.0     00002B2EAE9FC243  Unknown               Unknown  Unknown
libmpi.so.12.0     00002B2EAE80BF46  Unknown               Unknown  Unknown
libmpi.so.12       00002B2EAE80E0BF  MPI_Alltoall          Unknown  Unknown
libmpifort.so.12.  00002B2EAE3B942E  mpi_alltoall__        Unknown  Unknown
pw.x               0000000000E3E3E6  fft_scatter_2d_mp         123  fft_scatter_2d.f90
pw.x               0000000000E55397  fft_parallel_2d_m         172  fft_parallel_2d.f90
pw.x               0000000000E40685  invfft_y_                  91  fft_fwinv.f90
pw.x               0000000000A30430  fft_wave_mp_wave_         152  fft_wave.f90
pw.x               00000000005CA992  sum_band_IP_sum_b         709  sum_band.f90
pw.x               00000000005C7176  sum_band_                 182  sum_band.f90
pw.x               000000000040DF4F  electrons_scf_            727  electrons.f90
pw.x               000000000040B14D  electrons_                192  electrons.f90
pw.x               00000000005888D2  run_pwscf_                189  run_pwscf.f90
pw.x               00000000004084B4  MAIN__                     85  pwscf.f90
pw.x               000000000040831E  Unknown               Unknown  Unknown
libc-2.17.so       00002B2EB0122C05  __libc_start_main     Unknown  Unknown
pw.x               0000000000408229  Unknown               Unknown  Unknown
forrtl: error (78): process killed (SIGTERM)
Image              PC                Routine            Line        Source             
pw.x               00000000010225FA  Unknown               Unknown  Unknown
libpthread-2.17.s  00002B54CA3DE5E0  Unknown               Unknown  Unknown
libmpi.so.12       00002B54C93E8EB8  PMPIDI_CH3I_Progr     Unknown  Unknown
libmpi.so.12.0     00002B54C958C243  Unknown               Unknown  Unknown
libmpi.so.12.0     00002B54C939BF46  Unknown               Unknown  Unknown
libmpi.so.12       00002B54C939E0BF  MPI_Alltoall          Unknown  Unknown
libmpifort.so.12.  00002B54C8F4942E  mpi_alltoall__        Unknown  Unknown
pw.x               0000000000E3E3E6  fft_scatter_2d_mp         123  fft_scatter_2d.f90
pw.x               0000000000E55397  fft_parallel_2d_m         172  fft_parallel_2d.f90
pw.x               0000000000E40685  invfft_y_                  91  fft_fwinv.f90
pw.x               0000000000A30430  fft_wave_mp_wave_         152  fft_wave.f90
pw.x               00000000005CA992  sum_band_IP_sum_b         709  sum_band.f90
pw.x               00000000005C7176  sum_band_                 182  sum_band.f90
pw.x               000000000040DF4F  electrons_scf_            727  electrons.f90
pw.x               000000000040B14D  electrons_                192  electrons.f90
pw.x               00000000005888D2  run_pwscf_                189  run_pwscf.f90
pw.x               00000000004084B4  MAIN__                     85  pwscf.f90
pw.x               000000000040831E  Unknown               Unknown  Unknown
libc-2.17.so       00002B54CACB2C05  __libc_start_main     Unknown  Unknown
pw.x               0000000000408229  Unknown               Unknown  Unknown
forrtl: error (78): process killed (SIGTERM)
Image              PC                Routine            Line        Source             
pw.x               00000000010225FA  Unknown               Unknown  Unknown
libpthread-2.17.s  00002B1FDAA435E0  Unknown               Unknown  Unknown
libmpi.so.12       00002B1FD9A4DEB8  PMPIDI_CH3I_Progr     Unknown  Unknown
libmpi.so.12.0     00002B1FD9BF1243  Unknown               Unknown  Unknown
libmpi.so.12.0     00002B1FD9A00F46  Unknown               Unknown  Unknown
libmpi.so.12       00002B1FD9A030BF  MPI_Alltoall          Unknown  Unknown
libmpifort.so.12.  00002B1FD95AE42E  mpi_alltoall__        Unknown  Unknown
pw.x               0000000000E3E3E6  fft_scatter_2d_mp         123  fft_scatter_2d.f90
pw.x               0000000000E55397  fft_parallel_2d_m         172  fft_parallel_2d.f90
pw.x               0000000000E40685  invfft_y_                  91  fft_fwinv.f90
pw.x               0000000000A30430  fft_wave_mp_wave_         152  fft_wave.f90
pw.x               00000000005CA992  sum_band_IP_sum_b         709  sum_band.f90
pw.x               00000000005C7176  sum_band_                 182  sum_band.f90
pw.x               000000000040DF4F  electrons_scf_            727  electrons.f90
pw.x               000000000040B14D  electrons_                192  electrons.f90
pw.x               00000000005888D2  run_pwscf_                189  run_pwscf.f90
pw.x               00000000004084B4  MAIN__                     85  pwscf.f90
pw.x               000000000040831E  Unknown               Unknown  Unknown
libc-2.17.so       00002B1FDB317C05  __libc_start_main     Unknown  Unknown
pw.x               0000000000408229  Unknown               Unknown  Unknown
forrtl: error (78): process killed (SIGTERM)
Image              PC                Routine            Line        Source             
pw.x               00000000010225FA  Unknown               Unknown  Unknown
libpthread-2.17.s  00002B0BA47C25E0  Unknown               Unknown  Unknown
libmpi.so.12       00002B0BA37CCEB8  PMPIDI_CH3I_Progr     Unknown  Unknown
libmpi.so.12.0     00002B0BA3970243  Unknown               Unknown  Unknown
libmpi.so.12.0     00002B0BA377FF46  Unknown               Unknown  Unknown
libmpi.so.12       00002B0BA37820BF  MPI_Alltoall          Unknown  Unknown
libmpifort.so.12.  00002B0BA332D42E  mpi_alltoall__        Unknown  Unknown
pw.x               0000000000E3E3E6  fft_scatter_2d_mp         123  fft_scatter_2d.f90
pw.x               0000000000E55397  fft_parallel_2d_m         172  fft_parallel_2d.f90
pw.x               0000000000E40685  invfft_y_                  91  fft_fwinv.f90
pw.x               0000000000A30430  fft_wave_mp_wave_         152  fft_wave.f90
pw.x               00000000005CA992  sum_band_IP_sum_b         709  sum_band.f90
pw.x               00000000005C7176  sum_band_                 182  sum_band.f90
pw.x               000000000040DF4F  electrons_scf_            727  electrons.f90
pw.x               000000000040B14D  electrons_                192  electrons.f90
pw.x               00000000005888D2  run_pwscf_                189  run_pwscf.f90
pw.x               00000000004084B4  MAIN__                     85  pwscf.f90
pw.x               000000000040831E  Unknown               Unknown  Unknown
libc-2.17.so       00002B0BA5096C05  __libc_start_main     Unknown  Unknown
pw.x               0000000000408229  Unknown               Unknown  Unknown
forrtl: error (78): process killed (SIGTERM)
Image              PC                Routine            Line        Source             
pw.x               00000000010225FA  Unknown               Unknown  Unknown
libpthread-2.17.s  00002ACC586635E0  Unknown               Unknown  Unknown
libmpi.so.12       00002ACC5766DEB8  PMPIDI_CH3I_Progr     Unknown  Unknown
libmpi.so.12.0     00002ACC57811243  Unknown               Unknown  Unknown
libmpi.so.12.0     00002ACC57620F46  Unknown               Unknown  Unknown
libmpi.so.12       00002ACC576230BF  MPI_Alltoall          Unknown  Unknown
libmpifort.so.12.  00002ACC571CE42E  mpi_alltoall__        Unknown  Unknown
pw.x               0000000000E3E3E6  fft_scatter_2d_mp         123  fft_scatter_2d.f90
pw.x               0000000000E55397  fft_parallel_2d_m         172  fft_parallel_2d.f90
pw.x               0000000000E40685  invfft_y_                  91  fft_fwinv.f90
pw.x               0000000000A30430  fft_wave_mp_wave_         152  fft_wave.f90
pw.x               00000000005CA992  sum_band_IP_sum_b         709  sum_band.f90
pw.x               00000000005C7176  sum_band_                 182  sum_band.f90
pw.x               000000000040DF4F  electrons_scf_            727  electrons.f90
pw.x               000000000040B14D  electrons_                192  electrons.f90
pw.x               00000000005888D2  run_pwscf_                189  run_pwscf.f90
pw.x               00000000004084B4  MAIN__                     85  pwscf.f90
pw.x               000000000040831E  Unknown               Unknown  Unknown
libc-2.17.so       00002ACC58F37C05  __libc_start_main     Unknown  Unknown
pw.x               0000000000408229  Unknown               Unknown  Unknown
forrtl: error (78): process killed (SIGTERM)
Image              PC                Routine            Line        Source             
pw.x               00000000010225FA  Unknown               Unknown  Unknown
libpthread-2.17.s  00002B184C4A45E0  Unknown               Unknown  Unknown
libmpi.so.12       00002B184B4AEEB8  PMPIDI_CH3I_Progr     Unknown  Unknown
libmpi.so.12.0     00002B184B652243  Unknown               Unknown  Unknown
libmpi.so.12.0     00002B184B461F46  Unknown               Unknown  Unknown
libmpi.so.12       00002B184B4640BF  MPI_Alltoall          Unknown  Unknown
libmpifort.so.12.  00002B184B00F42E  mpi_alltoall__        Unknown  Unknown
pw.x               0000000000E3E3E6  fft_scatter_2d_mp         123  fft_scatter_2d.f90
pw.x               0000000000E55397  fft_parallel_2d_m         172  fft_parallel_2d.f90
pw.x               0000000000E40685  invfft_y_                  91  fft_fwinv.f90
pw.x               0000000000A30430  fft_wave_mp_wave_         152  fft_wave.f90
pw.x               00000000005CA992  sum_band_IP_sum_b         709  sum_band.f90
pw.x               00000000005C7176  sum_band_                 182  sum_band.f90
pw.x               000000000040DF4F  electrons_scf_            727  electrons.f90
pw.x               000000000040B14D  electrons_                192  electrons.f90
pw.x               00000000005888D2  run_pwscf_                189  run_pwscf.f90
pw.x               00000000004084B4  MAIN__                     85  pwscf.f90
pw.x               000000000040831E  Unknown               Unknown  Unknown
libc-2.17.so       00002B184CD78C05  __libc_start_main     Unknown  Unknown
pw.x               0000000000408229  Unknown               Unknown  Unknown
forrtl: error (78): process killed (SIGTERM)
Image              PC                Routine            Line        Source             
pw.x               00000000010225FA  Unknown               Unknown  Unknown
libpthread-2.17.s  00002B6BF18DC5E0  Unknown               Unknown  Unknown
libmpi.so.12       00002B6BF08E6EB8  PMPIDI_CH3I_Progr     Unknown  Unknown
libmpi.so.12.0     00002B6BF0A8A243  Unknown               Unknown  Unknown
libmpi.so.12.0     00002B6BF0899F46  Unknown               Unknown  Unknown
libmpi.so.12       00002B6BF089C0BF  MPI_Alltoall          Unknown  Unknown
libmpifort.so.12.  00002B6BF044742E  mpi_alltoall__        Unknown  Unknown
pw.x               0000000000E3E3E6  fft_scatter_2d_mp         123  fft_scatter_2d.f90
pw.x               0000000000E55397  fft_parallel_2d_m         172  fft_parallel_2d.f90
pw.x               0000000000E40685  invfft_y_                  91  fft_fwinv.f90
pw.x               0000000000A30430  fft_wave_mp_wave_         152  fft_wave.f90
pw.x               00000000005CA992  sum_band_IP_sum_b         709  sum_band.f90
pw.x               00000000005C7176  sum_band_                 182  sum_band.f90
pw.x               000000000040DF4F  electrons_scf_            727  electrons.f90
pw.x               000000000040B14D  electrons_                192  electrons.f90
pw.x               00000000005888D2  run_pwscf_                189  run_pwscf.f90
pw.x               00000000004084B4  MAIN__                     85  pwscf.f90
pw.x               000000000040831E  Unknown               Unknown  Unknown
libc-2.17.so       00002B6BF21B0C05  __libc_start_main     Unknown  Unknown
pw.x               0000000000408229  Unknown               Unknown  Unknown
forrtl: error (78): process killed (SIGTERM)
Image              PC                Routine            Line        Source             
pw.x               00000000010225FA  Unknown               Unknown  Unknown
libpthread-2.17.s  00002B03248A45E0  Unknown               Unknown  Unknown
libmpi.so.12       00002B03238AF59C  PMPIDI_CH3I_Progr     Unknown  Unknown
libmpi.so.12.0     00002B0323A52243  Unknown               Unknown  Unknown
libmpi.so.12.0     00002B0323861F46  Unknown               Unknown  Unknown
libmpi.so.12       00002B03238640BF  MPI_Alltoall          Unknown  Unknown
libmpifort.so.12.  00002B032340F42E  mpi_alltoall__        Unknown  Unknown
pw.x               0000000000E3E3E6  fft_scatter_2d_mp         123  fft_scatter_2d.f90
pw.x               0000000000E55397  fft_parallel_2d_m         172  fft_parallel_2d.f90
pw.x               0000000000E40685  invfft_y_                  91  fft_fwinv.f90
pw.x               0000000000A30430  fft_wave_mp_wave_         152  fft_wave.f90
pw.x               00000000005CA992  sum_band_IP_sum_b         709  sum_band.f90
pw.x               00000000005C7176  sum_band_                 182  sum_band.f90
pw.x               000000000040DF4F  electrons_scf_            727  electrons.f90
pw.x               000000000040B14D  electrons_                192  electrons.f90
pw.x               00000000005888D2  run_pwscf_                189  run_pwscf.f90
pw.x               00000000004084B4  MAIN__                     85  pwscf.f90
pw.x               000000000040831E  Unknown               Unknown  Unknown
libc-2.17.so       00002B0325178C05  __libc_start_main     Unknown  Unknown
pw.x               0000000000408229  Unknown               Unknown  Unknown
forrtl: error (78): process killed (SIGTERM)
Image              PC                Routine            Line        Source             
pw.x               00000000010225FA  Unknown               Unknown  Unknown
libpthread-2.17.s  00002B7E1C6DF5E0  Unknown               Unknown  Unknown
libmpi.so.12       00002B7E1B6E9EB8  PMPIDI_CH3I_Progr     Unknown  Unknown
libmpi.so.12.0     00002B7E1B88D243  Unknown               Unknown  Unknown
libmpi.so.12.0     00002B7E1B69CF46  Unknown               Unknown  Unknown
libmpi.so.12       00002B7E1B69F0BF  MPI_Alltoall          Unknown  Unknown
libmpifort.so.12.  00002B7E1B24A42E  mpi_alltoall__        Unknown  Unknown
pw.x               0000000000E3E3E6  fft_scatter_2d_mp         123  fft_scatter_2d.f90
pw.x               0000000000E55397  fft_parallel_2d_m         172  fft_parallel_2d.f90
pw.x               0000000000E40685  invfft_y_                  91  fft_fwinv.f90
pw.x               0000000000A30430  fft_wave_mp_wave_         152  fft_wave.f90
pw.x               00000000005CA992  sum_band_IP_sum_b         709  sum_band.f90
pw.x               00000000005C7176  sum_band_                 182  sum_band.f90
pw.x               000000000040DF4F  electrons_scf_            727  electrons.f90
pw.x               000000000040B14D  electrons_                192  electrons.f90
pw.x               00000000005888D2  run_pwscf_                189  run_pwscf.f90
pw.x               00000000004084B4  MAIN__                     85  pwscf.f90
pw.x               000000000040831E  Unknown               Unknown  Unknown
libc-2.17.so       00002B7E1CFB3C05  __libc_start_main     Unknown  Unknown
pw.x               0000000000408229  Unknown               Unknown  Unknown
forrtl: error (78): process killed (SIGTERM)
Image              PC                Routine            Line        Source             
pw.x               00000000010225FA  Unknown               Unknown  Unknown
libpthread-2.17.s  00002B2B3A3625E0  Unknown               Unknown  Unknown
libmpi.so.12       00002B2B3936CEB8  PMPIDI_CH3I_Progr     Unknown  Unknown
libmpi.so.12.0     00002B2B39510243  Unknown               Unknown  Unknown
libmpi.so.12.0     00002B2B3931FF46  Unknown               Unknown  Unknown
libmpi.so.12       00002B2B393220BF  MPI_Alltoall          Unknown  Unknown
libmpifort.so.12.  00002B2B38ECD42E  mpi_alltoall__        Unknown  Unknown
pw.x               0000000000E3E3E6  fft_scatter_2d_mp         123  fft_scatter_2d.f90
pw.x               0000000000E55397  fft_parallel_2d_m         172  fft_parallel_2d.f90
pw.x               0000000000E40685  invfft_y_                  91  fft_fwinv.f90
pw.x               0000000000A30430  fft_wave_mp_wave_         152  fft_wave.f90
pw.x               00000000005CA992  sum_band_IP_sum_b         709  sum_band.f90
pw.x               00000000005C7176  sum_band_                 182  sum_band.f90
pw.x               000000000040DF4F  electrons_scf_            727  electrons.f90
pw.x               000000000040B14D  electrons_                192  electrons.f90
pw.x               00000000005888D2  run_pwscf_                189  run_pwscf.f90
pw.x               00000000004084B4  MAIN__                     85  pwscf.f90
pw.x               000000000040831E  Unknown               Unknown  Unknown
libc-2.17.so       00002B2B3AC36C05  __libc_start_main     Unknown  Unknown
pw.x               0000000000408229  Unknown               Unknown  Unknown
forrtl: error (78): process killed (SIGTERM)
Image              PC                Routine            Line        Source             
pw.x               00000000010225FA  Unknown               Unknown  Unknown
libpthread-2.17.s  00002B332366D5E0  Unknown               Unknown  Unknown
libmpi.so.12       00002B3322677EE3  PMPIDI_CH3I_Progr     Unknown  Unknown
libmpi.so.12.0     00002B332281B243  Unknown               Unknown  Unknown
libmpi.so.12.0     00002B332262AF46  Unknown               Unknown  Unknown
libmpi.so.12       00002B332262D0BF  MPI_Alltoall          Unknown  Unknown
libmpifort.so.12.  00002B33221D842E  mpi_alltoall__        Unknown  Unknown
pw.x               0000000000E3E3E6  fft_scatter_2d_mp         123  fft_scatter_2d.f90
pw.x               0000000000E55397  fft_parallel_2d_m         172  fft_parallel_2d.f90
pw.x               0000000000E40685  invfft_y_                  91  fft_fwinv.f90
pw.x               0000000000A30430  fft_wave_mp_wave_         152  fft_wave.f90
pw.x               00000000005CA992  sum_band_IP_sum_b         709  sum_band.f90
pw.x               00000000005C7176  sum_band_                 182  sum_band.f90
pw.x               000000000040DF4F  electrons_scf_            727  electrons.f90
pw.x               000000000040B14D  electrons_                192  electrons.f90
pw.x               00000000005888D2  run_pwscf_                189  run_pwscf.f90
pw.x               00000000004084B4  MAIN__                     85  pwscf.f90
pw.x               000000000040831E  Unknown               Unknown  Unknown
libc-2.17.so       00002B3323F41C05  __libc_start_main     Unknown  Unknown
pw.x               0000000000408229  Unknown               Unknown  Unknown
forrtl: error (78): process killed (SIGTERM)
Image              PC                Routine            Line        Source             
pw.x               00000000010225FA  Unknown               Unknown  Unknown
libpthread-2.17.s  00002B97671D85E0  Unknown               Unknown  Unknown
libmpi.so.12       00002B97661E2EB8  PMPIDI_CH3I_Progr     Unknown  Unknown
libmpi.so.12.0     00002B9766386243  Unknown               Unknown  Unknown
libmpi.so.12.0     00002B9766195F46  Unknown               Unknown  Unknown
libmpi.so.12       00002B97661980BF  MPI_Alltoall          Unknown  Unknown
libmpifort.so.12.  00002B9765D4342E  mpi_alltoall__        Unknown  Unknown
pw.x               0000000000E3E3E6  fft_scatter_2d_mp         123  fft_scatter_2d.f90
pw.x               0000000000E55397  fft_parallel_2d_m         172  fft_parallel_2d.f90
pw.x               0000000000E40685  invfft_y_                  91  fft_fwinv.f90
pw.x               0000000000A30430  fft_wave_mp_wave_         152  fft_wave.f90
pw.x               00000000005CA992  sum_band_IP_sum_b         709  sum_band.f90
pw.x               00000000005C7176  sum_band_                 182  sum_band.f90
pw.x               000000000040DF4F  electrons_scf_            727  electrons.f90
pw.x               000000000040B14D  electrons_                192  electrons.f90
pw.x               00000000005888D2  run_pwscf_                189  run_pwscf.f90
pw.x               00000000004084B4  MAIN__                     85  pwscf.f90
pw.x               000000000040831E  Unknown               Unknown  Unknown
libc-2.17.so       00002B9767AACC05  __libc_start_main     Unknown  Unknown
pw.x               0000000000408229  Unknown               Unknown  Unknown
forrtl: error (78): process killed (SIGTERM)
Image              PC                Routine            Line        Source             
pw.x               00000000010225FA  Unknown               Unknown  Unknown
libpthread-2.17.s  00002B7A3C3D75E0  Unknown               Unknown  Unknown
libmpi.so.12       00002B7A3B3E1EB8  PMPIDI_CH3I_Progr     Unknown  Unknown
libmpi.so.12.0     00002B7A3B585243  Unknown               Unknown  Unknown
libmpi.so.12.0     00002B7A3B394F46  Unknown               Unknown  Unknown
libmpi.so.12       00002B7A3B3970BF  MPI_Alltoall          Unknown  Unknown
libmpifort.so.12.  00002B7A3AF4242E  mpi_alltoall__        Unknown  Unknown
pw.x               0000000000E3E3E6  fft_scatter_2d_mp         123  fft_scatter_2d.f90
pw.x               0000000000E55397  fft_parallel_2d_m         172  fft_parallel_2d.f90
pw.x               0000000000E40685  invfft_y_                  91  fft_fwinv.f90
pw.x               0000000000A30430  fft_wave_mp_wave_         152  fft_wave.f90
pw.x               00000000005CA992  sum_band_IP_sum_b         709  sum_band.f90
pw.x               00000000005C7176  sum_band_                 182  sum_band.f90
pw.x               000000000040DF4F  electrons_scf_            727  electrons.f90
pw.x               000000000040B14D  electrons_                192  electrons.f90
pw.x               00000000005888D2  run_pwscf_                189  run_pwscf.f90
pw.x               00000000004084B4  MAIN__                     85  pwscf.f90
pw.x               000000000040831E  Unknown               Unknown  Unknown
libc-2.17.so       00002B7A3CCABC05  __libc_start_main     Unknown  Unknown
pw.x               0000000000408229  Unknown               Unknown  Unknown
forrtl: error (78): process killed (SIGTERM)
Image              PC                Routine            Line        Source             
pw.x               00000000010225FA  Unknown               Unknown  Unknown
libpthread-2.17.s  00002B84EE6E55E0  Unknown               Unknown  Unknown
libmpi.so.12       00002B84ED6EFEB8  PMPIDI_CH3I_Progr     Unknown  Unknown
libmpi.so.12.0     00002B84ED893243  Unknown               Unknown  Unknown
libmpi.so.12.0     00002B84ED6A2F46  Unknown               Unknown  Unknown
libmpi.so.12       00002B84ED6A50BF  MPI_Alltoall          Unknown  Unknown
libmpifort.so.12.  00002B84ED25042E  mpi_alltoall__        Unknown  Unknown
pw.x               0000000000E3E3E6  fft_scatter_2d_mp         123  fft_scatter_2d.f90
pw.x               0000000000E55397  fft_parallel_2d_m         172  fft_parallel_2d.f90
pw.x               0000000000E40685  invfft_y_                  91  fft_fwinv.f90
pw.x               0000000000A30430  fft_wave_mp_wave_         152  fft_wave.f90
pw.x               00000000005CA992  sum_band_IP_sum_b         709  sum_band.f90
pw.x               00000000005C7176  sum_band_                 182  sum_band.f90
pw.x               000000000040DF4F  electrons_scf_            727  electrons.f90
pw.x               000000000040B14D  electrons_                192  electrons.f90
pw.x               00000000005888D2  run_pwscf_                189  run_pwscf.f90
pw.x               00000000004084B4  MAIN__                     85  pwscf.f90
pw.x               000000000040831E  Unknown               Unknown  Unknown
libc-2.17.so       00002B84EEFB9C05  __libc_start_main     Unknown  Unknown
pw.x               0000000000408229  Unknown               Unknown  Unknown
forrtl: error (78): process killed (SIGTERM)
Image              PC                Routine            Line        Source             
pw.x               00000000010225FA  Unknown               Unknown  Unknown
libpthread-2.17.s  00002B321BE205E0  Unknown               Unknown  Unknown
libmpi.so.12       00002B321AE2AEB8  PMPIDI_CH3I_Progr     Unknown  Unknown
libmpi.so.12.0     00002B321AFCE243  Unknown               Unknown  Unknown
libmpi.so.12.0     00002B321ADDDF46  Unknown               Unknown  Unknown
libmpi.so.12       00002B321ADE00BF  MPI_Alltoall          Unknown  Unknown
libmpifort.so.12.  00002B321A98B42E  mpi_alltoall__        Unknown  Unknown
pw.x               0000000000E3E3E6  fft_scatter_2d_mp         123  fft_scatter_2d.f90
pw.x               0000000000E55397  fft_parallel_2d_m         172  fft_parallel_2d.f90
pw.x               0000000000E40685  invfft_y_                  91  fft_fwinv.f90
pw.x               0000000000A30430  fft_wave_mp_wave_         152  fft_wave.f90
pw.x               00000000005CA992  sum_band_IP_sum_b         709  sum_band.f90
pw.x               00000000005C7176  sum_band_                 182  sum_band.f90
pw.x               000000000040DF4F  electrons_scf_            727  electrons.f90
pw.x               000000000040B14D  electrons_                192  electrons.f90
pw.x               00000000005888D2  run_pwscf_                189  run_pwscf.f90
pw.x               00000000004084B4  MAIN__                     85  pwscf.f90
pw.x               000000000040831E  Unknown               Unknown  Unknown
libc-2.17.so       00002B321C6F4C05  __libc_start_main     Unknown  Unknown
pw.x               0000000000408229  Unknown               Unknown  Unknown
forrtl: error (78): process killed (SIGTERM)
Image              PC                Routine            Line        Source             
pw.x               00000000010225FA  Unknown               Unknown  Unknown
libpthread-2.17.s  00002B29F134F5E0  Unknown               Unknown  Unknown
libmpi.so.12       00002B29F0359EB8  PMPIDI_CH3I_Progr     Unknown  Unknown
libmpi.so.12.0     00002B29F04FD243  Unknown               Unknown  Unknown
libmpi.so.12.0     00002B29F030CF46  Unknown               Unknown  Unknown
libmpi.so.12       00002B29F030F0BF  MPI_Alltoall          Unknown  Unknown
libmpifort.so.12.  00002B29EFEBA42E  mpi_alltoall__        Unknown  Unknown
pw.x               0000000000E3E3E6  fft_scatter_2d_mp         123  fft_scatter_2d.f90
pw.x               0000000000E55397  fft_parallel_2d_m         172  fft_parallel_2d.f90
pw.x               0000000000E40685  invfft_y_                  91  fft_fwinv.f90
pw.x               0000000000A30430  fft_wave_mp_wave_         152  fft_wave.f90
pw.x               00000000005CA992  sum_band_IP_sum_b         709  sum_band.f90
pw.x               00000000005C7176  sum_band_                 182  sum_band.f90
pw.x               000000000040DF4F  electrons_scf_            727  electrons.f90
pw.x               000000000040B14D  electrons_                192  electrons.f90
pw.x               00000000005888D2  run_pwscf_                189  run_pwscf.f90
pw.x               00000000004084B4  MAIN__                     85  pwscf.f90
pw.x               000000000040831E  Unknown               Unknown  Unknown
libc-2.17.so       00002B29F1C23C05  __libc_start_main     Unknown  Unknown
pw.x               0000000000408229  Unknown               Unknown  Unknown
forrtl: error (78): process killed (SIGTERM)
Image              PC                Routine            Line        Source             
pw.x               00000000010225FA  Unknown               Unknown  Unknown
libpthread-2.17.s  00002AFAC5C645E0  Unknown               Unknown  Unknown
libmpi.so.12       00002AFAC4C6EEB8  PMPIDI_CH3I_Progr     Unknown  Unknown
libmpi.so.12.0     00002AFAC4E12243  Unknown               Unknown  Unknown
libmpi.so.12.0     00002AFAC4C21F46  Unknown               Unknown  Unknown
libmpi.so.12       00002AFAC4C240BF  MPI_Alltoall          Unknown  Unknown
libmpifort.so.12.  00002AFAC47CF42E  mpi_alltoall__        Unknown  Unknown
pw.x               0000000000E3E3E6  fft_scatter_2d_mp         123  fft_scatter_2d.f90
pw.x               0000000000E55397  fft_parallel_2d_m         172  fft_parallel_2d.f90
pw.x               0000000000E40685  invfft_y_                  91  fft_fwinv.f90
pw.x               0000000000A30430  fft_wave_mp_wave_         152  fft_wave.f90
pw.x               00000000005CA992  sum_band_IP_sum_b         709  sum_band.f90
pw.x               00000000005C7176  sum_band_                 182  sum_band.f90
pw.x               000000000040DF4F  electrons_scf_            727  electrons.f90
pw.x               000000000040B14D  electrons_                192  electrons.f90
pw.x               00000000005888D2  run_pwscf_                189  run_pwscf.f90
pw.x               00000000004084B4  MAIN__                     85  pwscf.f90
pw.x               000000000040831E  Unknown               Unknown  Unknown
libc-2.17.so       00002AFAC6538C05  __libc_start_main     Unknown  Unknown
pw.x               0000000000408229  Unknown               Unknown  Unknown
forrtl: error (78): process killed (SIGTERM)
Image              PC                Routine            Line        Source             
pw.x               00000000010225FA  Unknown               Unknown  Unknown
libpthread-2.17.s  00002AB080BC35E0  Unknown               Unknown  Unknown
libmpi.so.12       00002AB07FBCDEB8  PMPIDI_CH3I_Progr     Unknown  Unknown
libmpi.so.12.0     00002AB07FD71243  Unknown               Unknown  Unknown
libmpi.so.12.0     00002AB07FB80F46  Unknown               Unknown  Unknown
libmpi.so.12       00002AB07FB830BF  MPI_Alltoall          Unknown  Unknown
libmpifort.so.12.  00002AB07F72E42E  mpi_alltoall__        Unknown  Unknown
pw.x               0000000000E3E3E6  fft_scatter_2d_mp         123  fft_scatter_2d.f90
pw.x               0000000000E55397  fft_parallel_2d_m         172  fft_parallel_2d.f90
pw.x               0000000000E40685  invfft_y_                  91  fft_fwinv.f90
pw.x               0000000000A30430  fft_wave_mp_wave_         152  fft_wave.f90
pw.x               00000000005CA992  sum_band_IP_sum_b         709  sum_band.f90
pw.x               00000000005C7176  sum_band_                 182  sum_band.f90
pw.x               000000000040DF4F  electrons_scf_            727  electrons.f90
pw.x               000000000040B14D  electrons_                192  electrons.f90
pw.x               00000000005888D2  run_pwscf_                189  run_pwscf.f90
pw.x               00000000004084B4  MAIN__                     85  pwscf.f90
pw.x               000000000040831E  Unknown               Unknown  Unknown
libc-2.17.so       00002AB081497C05  __libc_start_main     Unknown  Unknown
pw.x               0000000000408229  Unknown               Unknown  Unknown
forrtl: error (78): process killed (SIGTERM)
Image              PC                Routine            Line        Source             
pw.x               00000000010225FA  Unknown               Unknown  Unknown
libpthread-2.17.s  00002B31A682A5E0  Unknown               Unknown  Unknown
libmpi.so.12       00002B31A5834EBF  PMPIDI_CH3I_Progr     Unknown  Unknown
libmpi.so.12.0     00002B31A59D8243  Unknown               Unknown  Unknown
libmpi.so.12.0     00002B31A57E7F46  Unknown               Unknown  Unknown
libmpi.so.12       00002B31A57EA0BF  MPI_Alltoall          Unknown  Unknown
libmpifort.so.12.  00002B31A539542E  mpi_alltoall__        Unknown  Unknown
pw.x               0000000000E3E3E6  fft_scatter_2d_mp         123  fft_scatter_2d.f90
pw.x               0000000000E55397  fft_parallel_2d_m         172  fft_parallel_2d.f90
pw.x               0000000000E40685  invfft_y_                  91  fft_fwinv.f90
pw.x               0000000000A30430  fft_wave_mp_wave_         152  fft_wave.f90
pw.x               00000000005CA992  sum_band_IP_sum_b         709  sum_band.f90
pw.x               00000000005C7176  sum_band_                 182  sum_band.f90
pw.x               000000000040DF4F  electrons_scf_            727  electrons.f90
pw.x               000000000040B14D  electrons_                192  electrons.f90
pw.x               00000000005888D2  run_pwscf_                189  run_pwscf.f90
pw.x               00000000004084B4  MAIN__                     85  pwscf.f90
pw.x               000000000040831E  Unknown               Unknown  Unknown
libc-2.17.so       00002B31A70FEC05  __libc_start_main     Unknown  Unknown
pw.x               0000000000408229  Unknown               Unknown  Unknown
forrtl: error (78): process killed (SIGTERM)
Image              PC                Routine            Line        Source             
pw.x               00000000010225FA  Unknown               Unknown  Unknown
libpthread-2.17.s  00002B34F152D5E0  Unknown               Unknown  Unknown
libmpi.so.12       00002B34F0537EB8  PMPIDI_CH3I_Progr     Unknown  Unknown
libmpi.so.12.0     00002B34F06DB243  Unknown               Unknown  Unknown
libmpi.so.12.0     00002B34F04EAF46  Unknown               Unknown  Unknown
libmpi.so.12       00002B34F04ED0BF  MPI_Alltoall          Unknown  Unknown
libmpifort.so.12.  00002B34F009842E  mpi_alltoall__        Unknown  Unknown
pw.x               0000000000E3E3E6  fft_scatter_2d_mp         123  fft_scatter_2d.f90
pw.x               0000000000E55397  fft_parallel_2d_m         172  fft_parallel_2d.f90
pw.x               0000000000E40685  invfft_y_                  91  fft_fwinv.f90
pw.x               0000000000A30430  fft_wave_mp_wave_         152  fft_wave.f90
pw.x               00000000005CA992  sum_band_IP_sum_b         709  sum_band.f90
pw.x               00000000005C7176  sum_band_                 182  sum_band.f90
pw.x               000000000040DF4F  electrons_scf_            727  electrons.f90
pw.x               000000000040B14D  electrons_                192  electrons.f90
pw.x               00000000005888D2  run_pwscf_                189  run_pwscf.f90
pw.x               00000000004084B4  MAIN__                     85  pwscf.f90
pw.x               000000000040831E  Unknown               Unknown  Unknown
libc-2.17.so       00002B34F1E01C05  __libc_start_main     Unknown  Unknown
pw.x               0000000000408229  Unknown               Unknown  Unknown
forrtl: error (78): process killed (SIGTERM)
Image              PC                Routine            Line        Source             
pw.x               00000000010225FA  Unknown               Unknown  Unknown
libpthread-2.17.s  00002B3C2F6745E0  Unknown               Unknown  Unknown
libmpi.so.12       00002B3C2E67EEB8  PMPIDI_CH3I_Progr     Unknown  Unknown
libmpi.so.12.0     00002B3C2E822243  Unknown               Unknown  Unknown
libmpi.so.12.0     00002B3C2E631F46  Unknown               Unknown  Unknown
libmpi.so.12       00002B3C2E6340BF  MPI_Alltoall          Unknown  Unknown
libmpifort.so.12.  00002B3C2E1DF42E  mpi_alltoall__        Unknown  Unknown
pw.x               0000000000E3E3E6  fft_scatter_2d_mp         123  fft_scatter_2d.f90
pw.x               0000000000E55397  fft_parallel_2d_m         172  fft_parallel_2d.f90
pw.x               0000000000E40685  invfft_y_                  91  fft_fwinv.f90
pw.x               0000000000A30430  fft_wave_mp_wave_         152  fft_wave.f90
pw.x               00000000005CA992  sum_band_IP_sum_b         709  sum_band.f90
pw.x               00000000005C7176  sum_band_                 182  sum_band.f90
pw.x               000000000040DF4F  electrons_scf_            727  electrons.f90
pw.x               000000000040B14D  electrons_                192  electrons.f90
pw.x               00000000005888D2  run_pwscf_                189  run_pwscf.f90
pw.x               00000000004084B4  MAIN__                     85  pwscf.f90
pw.x               000000000040831E  Unknown               Unknown  Unknown
libc-2.17.so       00002B3C2FF48C05  __libc_start_main     Unknown  Unknown
pw.x               0000000000408229  Unknown               Unknown  Unknown
forrtl: error (78): process killed (SIGTERM)
Image              PC                Routine            Line        Source             
pw.x               00000000010225FA  Unknown               Unknown  Unknown
libpthread-2.17.s  00002B78A03D95E0  Unknown               Unknown  Unknown
libmpi.so.12       00002B789F3E3EB8  PMPIDI_CH3I_Progr     Unknown  Unknown
libmpi.so.12.0     00002B789F587243  Unknown               Unknown  Unknown
libmpi.so.12.0     00002B789F396F46  Unknown               Unknown  Unknown
libmpi.so.12       00002B789F3990BF  MPI_Alltoall          Unknown  Unknown
libmpifort.so.12.  00002B789EF4442E  mpi_alltoall__        Unknown  Unknown
pw.x               0000000000E3E3E6  fft_scatter_2d_mp         123  fft_scatter_2d.f90
pw.x               0000000000E55397  fft_parallel_2d_m         172  fft_parallel_2d.f90
pw.x               0000000000E40685  invfft_y_                  91  fft_fwinv.f90
pw.x               0000000000A30430  fft_wave_mp_wave_         152  fft_wave.f90
pw.x               00000000005CA992  sum_band_IP_sum_b         709  sum_band.f90
pw.x               00000000005C7176  sum_band_                 182  sum_band.f90
pw.x               000000000040DF4F  electrons_scf_            727  electrons.f90
pw.x               000000000040B14D  electrons_                192  electrons.f90
pw.x               00000000005888D2  run_pwscf_                189  run_pwscf.f90
pw.x               00000000004084B4  MAIN__                     85  pwscf.f90
pw.x               000000000040831E  Unknown               Unknown  Unknown
libc-2.17.so       00002B78A0CADC05  __libc_start_main     Unknown  Unknown
pw.x               0000000000408229  Unknown               Unknown  Unknown
forrtl: error (78): process killed (SIGTERM)
Image              PC                Routine            Line        Source             
pw.x               00000000010225FA  Unknown               Unknown  Unknown
libpthread-2.17.s  00002B7170CFB5E0  Unknown               Unknown  Unknown
libmpi.so.12       00002B716FD05EB8  PMPIDI_CH3I_Progr     Unknown  Unknown
libmpi.so.12.0     00002B716FEA9243  Unknown               Unknown  Unknown
libmpi.so.12.0     00002B716FCB8F46  Unknown               Unknown  Unknown
libmpi.so.12       00002B716FCBB0BF  MPI_Alltoall          Unknown  Unknown
libmpifort.so.12.  00002B716F86642E  mpi_alltoall__        Unknown  Unknown
pw.x               0000000000E3E3E6  fft_scatter_2d_mp         123  fft_scatter_2d.f90
pw.x               0000000000E55397  fft_parallel_2d_m         172  fft_parallel_2d.f90
pw.x               0000000000E40685  invfft_y_                  91  fft_fwinv.f90
pw.x               0000000000A30430  fft_wave_mp_wave_         152  fft_wave.f90
pw.x               00000000005CA992  sum_band_IP_sum_b         709  sum_band.f90
pw.x               00000000005C7176  sum_band_                 182  sum_band.f90
pw.x               000000000040DF4F  electrons_scf_            727  electrons.f90
pw.x               000000000040B14D  electrons_                192  electrons.f90
pw.x               00000000005888D2  run_pwscf_                189  run_pwscf.f90
pw.x               00000000004084B4  MAIN__                     85  pwscf.f90
pw.x               000000000040831E  Unknown               Unknown  Unknown
libc-2.17.so       00002B71715CFC05  __libc_start_main     Unknown  Unknown
pw.x               0000000000408229  Unknown               Unknown  Unknown
forrtl: error (78): process killed (SIGTERM)
Image              PC                Routine            Line        Source             
pw.x               00000000010225FA  Unknown               Unknown  Unknown
libpthread-2.17.s  00002B54B99325E0  Unknown               Unknown  Unknown
libmpi.so.12       00002B54B893CEB8  PMPIDI_CH3I_Progr     Unknown  Unknown
libmpi.so.12.0     00002B54B8AE0243  Unknown               Unknown  Unknown
libmpi.so.12.0     00002B54B88EFF46  Unknown               Unknown  Unknown
libmpi.so.12       00002B54B88F20BF  MPI_Alltoall          Unknown  Unknown
libmpifort.so.12.  00002B54B849D42E  mpi_alltoall__        Unknown  Unknown
pw.x               0000000000E3E3E6  fft_scatter_2d_mp         123  fft_scatter_2d.f90
pw.x               0000000000E55397  fft_parallel_2d_m         172  fft_parallel_2d.f90
pw.x               0000000000E40685  invfft_y_                  91  fft_fwinv.f90
pw.x               0000000000A30430  fft_wave_mp_wave_         152  fft_wave.f90
pw.x               00000000005CA992  sum_band_IP_sum_b         709  sum_band.f90
pw.x               00000000005C7176  sum_band_                 182  sum_band.f90
pw.x               000000000040DF4F  electrons_scf_            727  electrons.f90
pw.x               000000000040B14D  electrons_                192  electrons.f90
pw.x               00000000005888D2  run_pwscf_                189  run_pwscf.f90
pw.x               00000000004084B4  MAIN__                     85  pwscf.f90
pw.x               000000000040831E  Unknown               Unknown  Unknown
libc-2.17.so       00002B54BA206C05  __libc_start_main     Unknown  Unknown
pw.x               0000000000408229  Unknown               Unknown  Unknown
forrtl: error (78): process killed (SIGTERM)
Image              PC                Routine            Line        Source             
pw.x               00000000010225FA  Unknown               Unknown  Unknown
libpthread-2.17.s  00002AEE540BD5E0  Unknown               Unknown  Unknown
libmpi.so.12       00002AEE530C7EB8  PMPIDI_CH3I_Progr     Unknown  Unknown
libmpi.so.12.0     00002AEE5326B243  Unknown               Unknown  Unknown
libmpi.so.12.0     00002AEE5307AF46  Unknown               Unknown  Unknown
libmpi.so.12       00002AEE5307D0BF  MPI_Alltoall          Unknown  Unknown
libmpifort.so.12.  00002AEE52C2842E  mpi_alltoall__        Unknown  Unknown
pw.x               0000000000E3E3E6  fft_scatter_2d_mp         123  fft_scatter_2d.f90
pw.x               0000000000E55397  fft_parallel_2d_m         172  fft_parallel_2d.f90
pw.x               0000000000E40685  invfft_y_                  91  fft_fwinv.f90
pw.x               0000000000A30430  fft_wave_mp_wave_         152  fft_wave.f90
pw.x               00000000005CA992  sum_band_IP_sum_b         709  sum_band.f90
pw.x               00000000005C7176  sum_band_                 182  sum_band.f90
pw.x               000000000040DF4F  electrons_scf_            727  electrons.f90
pw.x               000000000040B14D  electrons_                192  electrons.f90
pw.x               00000000005888D2  run_pwscf_                189  run_pwscf.f90
pw.x               00000000004084B4  MAIN__                     85  pwscf.f90
pw.x               000000000040831E  Unknown               Unknown  Unknown
libc-2.17.so       00002AEE54991C05  __libc_start_main     Unknown  Unknown
pw.x               0000000000408229  Unknown               Unknown  Unknown
forrtl: error (78): process killed (SIGTERM)
Image              PC                Routine            Line        Source             
pw.x               00000000010225FA  Unknown               Unknown  Unknown
libpthread-2.17.s  00002B11113B15E0  Unknown               Unknown  Unknown
pw.x               0000000001022490  Unknown               Unknown  Unknown
libpthread-2.17.s  00002B11113B15E0  Unknown               Unknown  Unknown
libmpi.so.12       00002B11103BBEB8  PMPIDI_CH3I_Progr     Unknown  Unknown
libmpi.so.12.0     00002B111055F243  Unknown               Unknown  Unknown
libmpi.so.12.0     00002B111036EF46  Unknown               Unknown  Unknown
libmpi.so.12       00002B11103710BF  MPI_Alltoall          Unknown  Unknown
libmpifort.so.12.  00002B110FF1C42E  mpi_alltoall__        Unknown  Unknown
pw.x               0000000000E3E3E6  fft_scatter_2d_mp         123  fft_scatter_2d.f90
pw.x               0000000000E55397  fft_parallel_2d_m         172  fft_parallel_2d.f90
pw.x               0000000000E40685  invfft_y_                  91  fft_fwinv.f90
pw.x               0000000000A30430  fft_wave_mp_wave_         152  fft_wave.f90
pw.x               00000000005CA992  sum_band_IP_sum_b         709  sum_band.f90
pw.x               00000000005C7176  sum_band_                 182  sum_band.f90
pw.x               000000000040DF4F  electrons_scf_            727  electrons.f90
pw.x               000000000040B14D  electrons_                192  electrons.f90
pw.x               00000000005888D2  run_pwscf_                189  run_pwscf.f90
pw.x               00000000004084B4  MAIN__                     85  pwscf.f90
pw.x               000000000040831E  Unknown               Unknown  Unknown
libc-2.17.so       00002B1111C85C05  __libc_start_main     Unknown  Unknown
pw.x               0000000000408229  Unknown               Unknown  Unknown
